Trial 0: Found result in 20260412_185202
Trial 0 completed with validation loss: 0.35697198646248207
Trial 1: Found result in 20260412_185211
Trial 1 completed with validation loss: 0.3581191832246955
Trial 2: Found result in 20260412_185221
Trial 2 completed with validation loss: 0.32222948397963685
Trial 3: Found result in 20260412_185224
Trial 3 completed with validation loss: 0.3332471267235006
Trial 4: Found result in 20260412_185228
Trial 4 completed with validation loss: 0.34558804838895835
Trial 5: Found result in 20260412_185231
Trial 5 completed with validation loss: 0.36680597218327
Trial 6: Found result in 20260412_185237
Trial 6 completed with validation loss: 0.3509326136946273
Trial 7: Found result in 20260412_185243
Trial 7 completed with validation loss: 0.3309558599004951
Trial 8: Found result in 20260412_185247
Trial 8 completed with validation loss: 0.3592198420876535
Trial 9: Found result in 20260412_185257
Trial 9 completed with validation loss: 0.32222994169548086
Trial 10: Found result in 20260412_185300
Trial 10 completed with validation loss: 0.3123956299037814
Trial 11: Found result in 20260412_185303
Trial 11 completed with validation loss: 0.3299238469767389
Trial 12: Found result in 20260412_185306
Trial 12 completed with validation loss: 0.31151771630366293
Trial 13: Found result in 20260412_185309
Trial 13 completed with validation loss: 0.32051454676084784
Trial 14: Found result in 20260412_185312
Trial 14 completed with validation loss: 0.31445383958556455
Trial 15: Found result in 20260412_185316
Trial 15 completed with validation loss: 0.35293927149055565
Trial 16: Found result in 20260412_185319
Trial 16 completed with validation loss: 0.34831016434248024
Trial 17: Found result in 20260412_185322
Trial 17 completed with validation loss: 0.312835012979842
Trial 18: Found result in 20260412_185325
Trial 18 completed with validation loss: 0.3308184391463919
Trial 19: Found result in 20260412_185328
Trial 19 completed with validation loss: 0.34758450903991783
Trial 20: Found result in 20260412_185332
Trial 20 completed with validation loss: 0.3702173639505368
Trial 21: Found result in 20260412_185336
Trial 21 completed with validation loss: 0.32610937693468084
Trial 22: Found result in 20260412_185339
Trial 22 completed with validation loss: 0.3151267735461501
Trial 23: Found result in 20260412_185342
Trial 23 completed with validation loss: 0.3020318242689853
Trial 24: Found result in 20260412_185345
Trial 24 completed with validation loss: 0.30851158670183804
Trial 25: Found result in 20260412_185348
Trial 25 completed with validation loss: 0.3154516837513481
Trial 26: Found result in 20260412_185351
Trial 26 completed with validation loss: 0.3207967131130157
Trial 27: Found result in 20260412_185354
Trial 27 completed with validation loss: 0.32632420995846334
Trial 28: Found result in 20260412_185357
Trial 28 completed with validation loss: 0.3562832799985294
Trial 29: Found result in 20260412_185401
Trial 29 completed with validation loss: 0.40603042235151987
Trial 30: Found result in 20260412_185417
Trial 30 completed with validation loss: 0.32777423070248785
Trial 31: Found result in 20260412_185420
Trial 31 completed with validation loss: 0.3179214664786742
Trial 32: Found result in 20260412_185424
Trial 32 completed with validation loss: 0.3051230500374887
Trial 33: Found result in 20260412_185427
Trial 33 completed with validation loss: 0.3138178743229037
Trial 34: Found result in 20260412_185430
Trial 34 completed with validation loss: 0.3578288775214746
Trial 35: Found result in 20260412_185433
Trial 35 completed with validation loss: 0.32295355466079423
Trial 36: Found result in 20260412_185436
Trial 36 completed with validation loss: 0.3284675890161782
Trial 37: Found result in 20260412_185439
Trial 37 completed with validation loss: 0.30909840694198004
Trial 38: Found result in 20260412_185442
Trial 38 completed with validation loss: 0.35400757106486974
Trial 39: Found result in 20260412_185445
Trial 39 completed with validation loss: 0.30785265244433774
Trial 40: Found result in 20260412_185448
Trial 40 completed with validation loss: 0.313531824314721
Trial 41: Found result in 20260412_185451
Trial 41 completed with validation loss: 0.3346825961945978
Trial 42: Found result in 20260412_185454
Trial 42 completed with validation loss: 0.38153475195737413
Trial 43: Found result in 20260412_185457
Trial 43 completed with validation loss: 0.35406982043832347
Trial 44: Found result in 20260412_185500
Trial 44 completed with validation loss: 0.30802826034028913
Trial 45: Found result in 20260412_185503
Trial 45 completed with validation loss: 0.33064892413322855
Trial 46: Found result in 20260412_185506
Trial 46 completed with validation loss: 0.3387067107415484
Trial 47: Found result in 20260412_185509
Trial 47 completed with validation loss: 0.33964740159402146
Trial 48: Found result in 20260412_185512
Trial 48 completed with validation loss: 0.32219520119907624
Trial 49: Found result in 20260412_185515
Trial 49 completed with validation loss: 0.3536868122365653
Trial 50: Found result in 20260412_185521
Trial 50 completed with validation loss: 0.33552459840003274
Trial 51: Found result in 20260412_185525
Trial 51 completed with validation loss: 0.2985788579397545
Trial 52: Found result in 20260412_185528
Trial 52 completed with validation loss: 0.3057038527205787
Trial 53: Found result in 20260412_185531
Trial 53 completed with validation loss: 0.3201817656840725
Trial 54: Found result in 20260412_185534
Trial 54 completed with validation loss: 0.3055977906411752
Trial 55: Found result in 20260412_185537
Trial 55 completed with validation loss: 0.30723533468903913
Trial 56: Found result in 20260412_185540
Trial 56 completed with validation loss: 0.33214883779079996
Trial 57: Found result in 20260412_185543
Trial 57 completed with validation loss: 0.31256416832653516
Trial 58: Found result in 20260412_185546
Trial 58 completed with validation loss: 0.33775319106112156
Trial 59: Found result in 20260412_185549
Trial 59 completed with validation loss: 0.33999247034930313
Trial 60: Found result in 20260412_185552
Trial 60 completed with validation loss: 0.2998110939840144
Trial 61: Found result in 20260412_185556
Trial 61 completed with validation loss: 0.31453521838482607
Trial 62: Found result in 20260412_185559
Trial 62 completed with validation loss: 0.2968609564220695
Trial 63: Found result in 20260412_185602
Trial 63 completed with validation loss: 0.3077297976033916
Trial 64: Found result in 20260412_185605
Trial 64 completed with validation loss: 0.2992000856325658
Trial 65: Found result in 20260412_185609
Trial 65 completed with validation loss: 0.36191110698221207
Trial 66: Found result in 20260412_185612
Trial 66 completed with validation loss: 0.3356827051474078
Trial 67: Found result in 20260412_185615
Trial 67 completed with validation loss: 0.3157979457435613
Trial 68: Found result in 20260412_185618
Trial 68 completed with validation loss: 0.3103031325815188
Trial 69: Found result in 20260412_185621
Trial 69 completed with validation loss: 0.32965475052634113
Trial 70: Found result in 20260412_185625
Trial 70 completed with validation loss: 0.31368033785481925
Trial 71: Found result in 20260412_185628
Trial 71 completed with validation loss: 0.31418742939943073
Trial 72: Found result in 20260412_185631
Trial 72 completed with validation loss: 0.32748469112054934
Trial 73: Found result in 20260412_185635
Trial 73 completed with validation loss: 0.3053245881720479
Trial 74: Found result in 20260412_185640
Trial 74 completed with validation loss: 0.3233113523833363
Trial 75: Found result in 20260412_185644
Trial 75 completed with validation loss: 0.35910066554317804
Trial 76: Found result in 20260412_185647
Trial 76 completed with validation loss: 0.31384089145855265
Trial 77: Found result in 20260412_185650
Trial 77 completed with validation loss: 0.3831083792568637
Trial 78: Found result in 20260412_185710
Trial 78 completed with validation loss: 0.31007427169525775
Trial 79: Found result in 20260412_185713
Trial 79 completed with validation loss: 0.3251029981159476
Trial 80: Found result in 20260412_185716
Trial 80 completed with validation loss: 0.3120565855619303
Trial 81: Found result in 20260412_185719
Trial 81 completed with validation loss: 0.3359496324621856
Trial 82: Found result in 20260412_185722
Trial 82 completed with validation loss: 0.2991497403568267
Trial 83: Found result in 20260412_185725
Trial 83 completed with validation loss: 0.3161987888490866
Trial 84: Found result in 20260412_185729
Trial 84 completed with validation loss: 0.3093539654638813
Trial 85: Found result in 20260412_185732
Trial 85 completed with validation loss: 0.3128618186976626
Trial 86: Found result in 20260412_185735
Trial 86 completed with validation loss: 0.31512159290078234
Trial 87: Found result in 20260412_185738
Trial 87 completed with validation loss: 0.3912791505710718
Trial 88: Found result in 20260412_185747
Trial 88 completed with validation loss: 0.33552623552720623
Trial 89: Found result in 20260412_185751
Trial 89 completed with validation loss: 0.3246629999329732
Trial 90: Found result in 20260412_185754
Trial 90 completed with validation loss: 0.3238071995105084
Trial 91: Found result in 20260412_185757
Trial 91 completed with validation loss: 0.3092647581967304
Trial 92: Found result in 20260412_185800
Trial 92 completed with validation loss: 0.313020425013872
Trial 93: Found result in 20260412_185803
Trial 93 completed with validation loss: 0.31272562678916205
Trial 94: Found result in 20260412_185806
Trial 94 completed with validation loss: 0.32461402554283975
Trial 95: Found result in 20260412_185809
Trial 95 completed with validation loss: 0.3261263886196616
Trial 96: Found result in 20260412_185812
Trial 96 completed with validation loss: 0.3272714712029969
Trial 97: Found result in 20260412_185816
Trial 97 completed with validation loss: 0.29941511904015666
Trial 98: Found result in 20260412_185819
Trial 98 completed with validation loss: 0.30758820535722387
Trial 99: Found result in 20260412_185822
Trial 99 completed with validation loss: 0.32770947233485376
Trial 100: Found result in 20260412_185825
Trial 100 completed with validation loss: 0.33465309212068767
Trial 101: Found result in 20260412_185828
Trial 101 completed with validation loss: 0.29943710338689195
Trial 102: Found result in 20260412_185831
Trial 102 completed with validation loss: 0.30682901210229474
Trial 103: Found result in 20260412_185834
Trial 103 completed with validation loss: 0.3147533940975123
Trial 104: Found result in 20260412_185837
Trial 104 completed with validation loss: 0.31271083610982675
Trial 105: Found result in 20260412_185841
Trial 105 completed with validation loss: 0.3318264357631597
Trial 106: Found result in 20260412_185844
Trial 106 completed with validation loss: 0.3040065962006174
Trial 107: Found result in 20260412_185847
Trial 107 completed with validation loss: 0.34086472985181787
Trial 108: Found result in 20260412_185850
Trial 108 completed with validation loss: 0.30206759226640434
Trial 109: Found result in 20260412_185853
Trial 109 completed with validation loss: 0.34737415457269544
Trial 110: Found result in 20260412_185856
Trial 110 completed with validation loss: 0.31920717833357526
Trial 111: Found result in 20260412_185859
Trial 111 completed with validation loss: 0.3123675248361776
Trial 112: Found result in 20260412_185902
Trial 112 completed with validation loss: 0.3195901626568555
Trial 113: Found result in 20260412_185905
Trial 113 completed with validation loss: 0.307041503330521
Trial 114: Found result in 20260412_185908
Trial 114 completed with validation loss: 0.3107732940200341
Trial 115: Found result in 20260412_185911
Trial 115 completed with validation loss: 0.32684423728890605
Trial 116: Found result in 20260412_185915
Trial 116 completed with validation loss: 0.3065637681595315
Trial 117: Found result in 20260412_185918
Trial 117 completed with validation loss: 0.32462294586884805
Trial 118: Found result in 20260412_185921
Trial 118 completed with validation loss: 0.32073964773610236
Trial 119: Found result in 20260412_185924
Trial 119 completed with validation loss: 0.3231818255464238
Trial 120: Found result in 20260412_185927
Trial 120 completed with validation loss: 0.3486570306812908
Trial 121: Found result in 20260412_185930
Trial 121 completed with validation loss: 0.32865528905112446
Trial 122: Found result in 20260412_185933
Trial 122 completed with validation loss: 0.29731234090620956
Trial 123: Found result in 20260412_185936
Trial 123 completed with validation loss: 0.3114306584067909
Trial 124: Found result in 20260412_185939
Trial 124 completed with validation loss: 0.31913216409987855
Trial 125: Found result in 20260412_185942
Trial 125 completed with validation loss: 0.31377882335216273
Trial 126: Found result in 20260412_185945
Trial 126 completed with validation loss: 0.31406768139087027
Trial 127: Found result in 20260412_185948
Trial 127 completed with validation loss: 0.3067232576219739
Trial 128: Found result in 20260412_185951
Trial 128 completed with validation loss: 0.3065386290974608
Trial 129: Found result in 20260412_185954
Trial 129 completed with validation loss: 0.3104135674507697
Trial 130: Found result in 20260412_185957
Trial 130 completed with validation loss: 0.321977623683323
Trial 131: Found result in 20260412_190000
Trial 131 completed with validation loss: 0.30562005584748986
Trial 132: Found result in 20260412_190004
Trial 132 completed with validation loss: 0.3428214238002572
Trial 133: Found result in 20260412_190007
Trial 133 completed with validation loss: 0.32345114360013355
Trial 134: Found result in 20260412_190010
Trial 134 completed with validation loss: 0.3057372761561087
Trial 135: Found result in 20260412_190013
Trial 135 completed with validation loss: 0.32510057757897665
Trial 136: Found result in 20260412_190016
Trial 136 completed with validation loss: 0.3042630993967819
Trial 137: Found result in 20260412_190019
Trial 137 completed with validation loss: 0.30452126087148107
Trial 138: Found result in 20260412_190022
Trial 138 completed with validation loss: 0.31661732116121377
Trial 139: Found result in 20260412_190025
Trial 139 completed with validation loss: 0.33885730895352856
Trial 140: Found result in 20260412_190028
Trial 140 completed with validation loss: 0.31464259770434794
Trial 141: Found result in 20260412_190031
Trial 141 completed with validation loss: 0.321845279564061
Trial 142: Found result in 20260412_190035
Trial 142 completed with validation loss: 0.31559819266987016
Trial 143: Found result in 20260412_190038
Trial 143 completed with validation loss: 0.3150742124925589
Trial 144: Found result in 20260412_190041
Trial 144 completed with validation loss: 0.35994851553335255
Trial 145: Found result in 20260412_190044
Trial 145 completed with validation loss: 0.2999424644516388
Trial 146: Found result in 20260412_190047
Trial 146 completed with validation loss: 0.34270239922920515
Trial 147: Found result in 20260412_190050
Trial 147 completed with validation loss: 0.3171983423530354
Trial 148: Found result in 20260412_190054
Trial 148 completed with validation loss: 0.31890435369152076
Trial 149: Found result in 20260412_190057
Trial 149 completed with validation loss: 0.3068220043596396
Trial 150: Found result in 20260412_190100
Trial 150 completed with validation loss: 0.30938641288684776
Trial 151: Found result in 20260412_190103
Trial 151 completed with validation loss: 0.3482421520394727
Trial 152: Found result in 20260412_190106
Trial 152 completed with validation loss: 0.3155255223973941
Trial 153: Found result in 20260412_190109
Trial 153 completed with validation loss: 0.327511248380511
Trial 154: Found result in 20260412_190112
Trial 154 completed with validation loss: 0.34467719155812565
Trial 155: Found result in 20260412_190115
Trial 155 completed with validation loss: 0.35369357489915587
Trial 156: Found result in 20260412_190118
Trial 156 completed with validation loss: 0.3211161466059765
Trial 157: Found result in 20260412_190121
Trial 157 completed with validation loss: 0.2968162868100914
Trial 158: Found result in 20260412_190124
Trial 158 completed with validation loss: 0.30497010445504885
Trial 159: Found result in 20260412_190127
Trial 159 completed with validation loss: 0.3082635738770844
Trial 160: Found result in 20260412_190131
Trial 160 completed with validation loss: 0.3178049848255579
Trial 161: Found result in 20260412_190134
Trial 161 completed with validation loss: 0.3127242388894989
Trial 162: Found result in 20260412_190137
Trial 162 completed with validation loss: 0.3101167721962948
Trial 163: Found result in 20260412_190141
Trial 163 completed with validation loss: 0.3349245461154278
Trial 164: Found result in 20260412_190143
Trial 164 completed with validation loss: 0.36661898135401344
Trial 165: Found result in 20260412_190146
Trial 165 completed with validation loss: 0.3067680641847601
Trial 166: Found result in 20260412_190149
Trial 166 completed with validation loss: 0.31325300772201164
Trial 167: Found result in 20260412_190152
Trial 167 completed with validation loss: 0.35106872607796946
Trial 168: Found result in 20260412_190156
Trial 168 completed with validation loss: 0.33196393798432583
Trial 169: Found result in 20260412_190159
Trial 169 completed with validation loss: 0.3213846706194764
Trial 170: Found result in 20260412_190202
Trial 170 completed with validation loss: 0.3100607449214648
Trial 171: Found result in 20260412_190205
Trial 171 completed with validation loss: 0.3113192507539731
Trial 172: Found result in 20260412_190208
Trial 172 completed with validation loss: 0.34962525317585297
Trial 173: Found result in 20260412_190211
Trial 173 completed with validation loss: 0.3178009216934706
Trial 174: Found result in 20260412_190215
Trial 174 completed with validation loss: 0.33271873517339223
Trial 175: Found result in 20260412_190218
Trial 175 completed with validation loss: 0.34369402801583043
Trial 176: Found result in 20260412_190224
Trial 176 completed with validation loss: 0.32512554664240556
Trial 177: Found result in 20260412_190227
Trial 177 completed with validation loss: 0.3125794314635429
Trial 178: Found result in 20260412_190231
Trial 178 completed with validation loss: 0.31250002049728176
Trial 179: Found result in 20260412_190235
Trial 179 completed with validation loss: 0.3050739418270429
Trial 180: Found result in 20260412_190238
Trial 180 completed with validation loss: 0.3147523845880167
Trial 181: Found result in 20260412_190242
Trial 181 completed with validation loss: 0.3115401110271893
Trial 182: Found result in 20260412_190246
Trial 182 completed with validation loss: 0.29920268133802863
Trial 183: Found result in 20260412_190249
Trial 183 completed with validation loss: 0.3239120922159403
Trial 184: Found result in 20260412_190253
Trial 184 completed with validation loss: 0.31530308989699196
Trial 185: Found result in 20260412_190256
Trial 185 completed with validation loss: 0.32867818484386885
Trial 186: Found result in 20260412_190300
Trial 186 completed with validation loss: 0.30940897858529653
Trial 187: Found result in 20260412_190304
Trial 187 completed with validation loss: 0.3068593825806752
Trial 188: Found result in 20260412_190307
Trial 188 completed with validation loss: 0.34796602793600545
Trial 189: Found result in 20260412_190311
Trial 189 completed with validation loss: 0.3392521376429389
Trial 190: Found result in 20260412_190314
Trial 190 completed with validation loss: 0.3325537353663364
Trial 191: Found result in 20260412_190318
Trial 191 completed with validation loss: 0.3135712202834363
Trial 192: Found result in 20260412_190322
Trial 192 completed with validation loss: 0.3303896143746617
Trial 193: Found result in 20260412_190325
Trial 193 completed with validation loss: 0.30387837102420284
Trial 194: Found result in 20260412_190329
Trial 194 completed with validation loss: 0.3000383086953902
Trial 195: Found result in 20260412_190332
Trial 195 completed with validation loss: 0.32269909104098327
Trial 196: Found result in 20260412_190336
Trial 196 completed with validation loss: 0.3062265013124755
Trial 197: Found result in 20260412_190339
Trial 197 completed with validation loss: 0.3188938813851168
Trial 198: Found result in 20260412_190343
Trial 198 completed with validation loss: 0.31902387089956225
Trial 199: Found result in 20260412_190347
Trial 199 completed with validation loss: 0.3023174955089244

Best parameters:
  depth: 4
  learning_rate: 0.002490013082887413
  l2_leaf_reg: 9.382083734051669
  subsample: 0.6821355922889006
  random_strength: 0.13255568941635779
  bagging_temperature: 0.005233078715265604
  max_epochs: 300
Best validation loss: 0.2968162868100914

Results saved to outputs/catboost_bayes_300epochs/bayes_optimization_results.csv
[I 2026-04-12 18:52:01,080] A new study created in memory with name: catboost_300epochs_v2
[I 2026-04-12 18:52:10,044] Trial 0 finished with value: 0.35697198646248207 and parameters: {'depth': 11, 'learning_rate': 0.0020109449036775427, 'l2_leaf_reg': 1.1292658261865378, 'subsample': 0.9919247169186988, 'random_strength': 0.6560900904620964, 'bagging_temperature': 0.0508843298966772, 'max_epochs': 300}. Best is trial 0 with value: 0.35697198646248207.
[I 2026-04-12 18:52:20,275] Trial 1 finished with value: 0.3581191832246955 and parameters: {'depth': 11, 'learning_rate': 0.0025860570598199933, 'l2_leaf_reg': 3.008455163959995, 'subsample': 0.8979551807159493, 'random_strength': 0.44413147262049324, 'bagging_temperature': 0.14700170103855673, 'max_epochs': 300}. Best is trial 0 with value: 0.35697198646248207.
