[I 2026-04-12 19:02:40,664] Trial 180 finished with value: 0.3147523845880167 and parameters: {'depth': 4, 'learning_rate': 0.0029681347259781004, 'l2_leaf_reg': 5.498758119828803, 'subsample': 0.9798193907949666, 'random_strength': 0.4638017832618881, 'bagging_temperature': 0.008329443757026978, 'max_epochs': 300}. Best is trial 157 with value: 0.2968162868100914.
[I 2026-04-12 19:02:44,413] Trial 181 finished with value: 0.3115401110271893 and parameters: {'depth': 4, 'learning_rate': 0.0026978337362868355, 'l2_leaf_reg': 6.270854310265117, 'subsample': 0.9999198168146158, 'random_strength': 0.42954576848776227, 'bagging_temperature': 0.007383119489728628, 'max_epochs': 300}. Best is trial 157 with value: 0.2968162868100914.
[I 2026-04-12 19:02:47,974] Trial 182 finished with value: 0.29920268133802863 and parameters: {'depth': 4, 'learning_rate': 0.0033617407727970544, 'l2_leaf_reg': 5.006669425716175, 'subsample': 0.8334765157819796, 'random_strength': 0.4411003846961011, 'bagging_temperature': 0.005875189253028739, 'max_epochs': 300}. Best is trial 157 with value: 0.2968162868100914.
[I 2026-04-12 19:02:51,478] Trial 183 finished with value: 0.3239120922159403 and parameters: {'depth': 4, 'learning_rate': 0.0034305487811006523, 'l2_leaf_reg': 5.178617179228571, 'subsample': 0.847234189134151, 'random_strength': 0.4403274153107216, 'bagging_temperature': 0.014550631308682033, 'max_epochs': 300}. Best is trial 157 with value: 0.2968162868100914.
[I 2026-04-12 19:02:54,927] Trial 184 finished with value: 0.31530308989699196 and parameters: {'depth': 4, 'learning_rate': 0.0032581657135974293, 'l2_leaf_reg': 5.713042974294507, 'subsample': 0.7994596788600583, 'random_strength': 0.46159338206192885, 'bagging_temperature': 0.001339922544558177, 'max_epochs': 300}. Best is trial 157 with value: 0.2968162868100914.
[I 2026-04-12 19:02:58,779] Trial 185 finished with value: 0.32867818484386885 and parameters: {'depth': 4, 'learning_rate': 0.0031175735696227637, 'l2_leaf_reg': 4.959654474511159, 'subsample': 0.9655988396374139, 'random_strength': 0.41281570604983137, 'bagging_temperature': 0.005663514588906223, 'max_epochs': 300}. Best is trial 157 with value: 0.2968162868100914.
[I 2026-04-12 19:03:02,489] Trial 186 finished with value: 0.30940897858529653 and parameters: {'depth': 4, 'learning_rate': 0.003645146954428961, 'l2_leaf_reg': 5.419234794776026, 'subsample': 0.8751754896971073, 'random_strength': 0.5098274138868142, 'bagging_temperature': 0.006935269481094368, 'max_epochs': 300}. Best is trial 157 with value: 0.2968162868100914.
[I 2026-04-12 19:03:05,936] Trial 187 finished with value: 0.3068593825806752 and parameters: {'depth': 4, 'learning_rate': 0.0028999425369894078, 'l2_leaf_reg': 2.761631912050659, 'subsample': 0.9743061621475924, 'random_strength': 0.43076241733423076, 'bagging_temperature': 0.0061246708794782286, 'max_epochs': 300}. Best is trial 157 with value: 0.2968162868100914.
[I 2026-04-12 19:03:09,404] Trial 188 finished with value: 0.34796602793600545 and parameters: {'depth': 4, 'learning_rate': 0.0030309653629776363, 'l2_leaf_reg': 4.8416385710524965, 'subsample': 0.9105955180081796, 'random_strength': 0.4806332716018246, 'bagging_temperature': 0.004286989956892285, 'max_epochs': 300}. Best is trial 157 with value: 0.2968162868100914.
[I 2026-04-12 19:03:12,989] Trial 189 finished with value: 0.3392521376429389 and parameters: {'depth': 4, 'learning_rate': 0.0033218293776424066, 'l2_leaf_reg': 8.029680807621059, 'subsample': 0.8282335460422962, 'random_strength': 0.3875265337302491, 'bagging_temperature': 0.004977067881157239, 'max_epochs': 300}. Best is trial 157 with value: 0.2968162868100914.
[I 2026-04-12 19:03:17,037] Trial 190 finished with value: 0.3325537353663364 and parameters: {'depth': 6, 'learning_rate': 0.0027889863769095854, 'l2_leaf_reg': 5.238453687166095, 'subsample': 0.955988554536823, 'random_strength': 0.44820035504013667, 'bagging_temperature': 0.0053413805842675716, 'max_epochs': 300}. Best is trial 157 with value: 0.2968162868100914.
[I 2026-04-12 19:03:20,633] Trial 191 finished with value: 0.3135712202834363 and parameters: {'depth': 4, 'learning_rate': 0.0024624418053546746, 'l2_leaf_reg': 4.719339865044564, 'subsample': 0.987602040137234, 'random_strength': 0.49799458976162164, 'bagging_temperature': 0.0035023890041933872, 'max_epochs': 300}. Best is trial 157 with value: 0.2968162868100914.
[I 2026-04-12 19:03:24,097] Trial 192 finished with value: 0.3303896143746617 and parameters: {'depth': 4, 'learning_rate': 0.0026023806614809027, 'l2_leaf_reg': 4.38596955163367, 'subsample': 0.8113220830437773, 'random_strength': 0.15927903810391783, 'bagging_temperature': 0.00441852224137275, 'max_epochs': 300}. Best is trial 157 with value: 0.2968162868100914.
[I 2026-04-12 19:03:27,546] Trial 193 finished with value: 0.30387837102420284 and parameters: {'depth': 4, 'learning_rate': 0.003050658610884564, 'l2_leaf_reg': 4.554822225595503, 'subsample': 0.9662540539506512, 'random_strength': 0.5541449747157612, 'bagging_temperature': 0.003089256396719628, 'max_epochs': 300}. Best is trial 157 with value: 0.2968162868100914.
[I 2026-04-12 19:03:30,989] Trial 194 finished with value: 0.3000383086953902 and parameters: {'depth': 4, 'learning_rate': 0.0030710271115583676, 'l2_leaf_reg': 4.1567669426800276, 'subsample': 0.9642831732694624, 'random_strength': 0.5475228380493571, 'bagging_temperature': 0.0030650975664945675, 'max_epochs': 300}. Best is trial 157 with value: 0.2968162868100914.
[I 2026-04-12 19:03:34,584] Trial 195 finished with value: 0.32269909104098327 and parameters: {'depth': 4, 'learning_rate': 0.003165081345256609, 'l2_leaf_reg': 4.127044129932935, 'subsample': 0.9643219402255426, 'random_strength': 0.5603044502571773, 'bagging_temperature': 0.0028689486845057204, 'max_epochs': 300}. Best is trial 157 with value: 0.2968162868100914.
[I 2026-04-12 19:03:38,136] Trial 196 finished with value: 0.3062265013124755 and parameters: {'depth': 4, 'learning_rate': 0.0028646478189946695, 'l2_leaf_reg': 3.747285792608724, 'subsample': 0.9776036494665904, 'random_strength': 0.5343644947163287, 'bagging_temperature': 0.0030525175654452855, 'max_epochs': 300}. Best is trial 157 with value: 0.2968162868100914.
[I 2026-04-12 19:03:41,716] Trial 197 finished with value: 0.3188938813851168 and parameters: {'depth': 4, 'learning_rate': 0.005784726039585038, 'l2_leaf_reg': 4.331498455270839, 'subsample': 0.9564873549362842, 'random_strength': 0.5778071989605299, 'bagging_temperature': 0.002285149697427293, 'max_epochs': 300}. Best is trial 157 with value: 0.2968162868100914.
[I 2026-04-12 19:03:45,450] Trial 198 finished with value: 0.31902387089956225 and parameters: {'depth': 4, 'learning_rate': 0.0030024847696626575, 'l2_leaf_reg': 4.593230188017831, 'subsample': 0.9692941379165679, 'random_strength': 0.5223501136093818, 'bagging_temperature': 0.00249708774922864, 'max_epochs': 300}. Best is trial 157 with value: 0.2968162868100914.
[I 2026-04-12 19:03:49,241] Trial 199 finished with value: 0.3023174955089244 and parameters: {'depth': 4, 'learning_rate': 0.003943608459098256, 'l2_leaf_reg': 4.200827632917411, 'subsample': 0.9826172165796226, 'random_strength': 0.5943828972280177, 'bagging_temperature': 0.00388823918717149, 'max_epochs': 300}. Best is trial 157 with value: 0.2968162868100914.
