[I 2026-04-12 18:59:32,121] Trial 121 finished with value: 0.32865528905112446 and parameters: {'depth': 5, 'learning_rate': 0.0022933802611477473, 'l2_leaf_reg': 2.820404660708725, 'subsample': 0.9343046097269104, 'random_strength': 0.6213301192914159, 'bagging_temperature': 0.0014695408175069047, 'max_epochs': 300}. Best is trial 62 with value: 0.2968609564220695.
[I 2026-04-12 18:59:35,197] Trial 122 finished with value: 0.29731234090620956 and parameters: {'depth': 4, 'learning_rate': 0.00245598903928933, 'l2_leaf_reg': 9.351161528973849, 'subsample': 0.939386019314716, 'random_strength': 0.5053856769856142, 'bagging_temperature': 0.001270163119708821, 'max_epochs': 300}. Best is trial 62 with value: 0.2968609564220695.
[I 2026-04-12 18:59:38,247] Trial 123 finished with value: 0.3114306584067909 and parameters: {'depth': 4, 'learning_rate': 0.0025471856627635133, 'l2_leaf_reg': 9.306303501744004, 'subsample': 0.9479901912324915, 'random_strength': 0.5028571740656577, 'bagging_temperature': 0.0013062360712729904, 'max_epochs': 300}. Best is trial 62 with value: 0.2968609564220695.
[I 2026-04-12 18:59:41,266] Trial 124 finished with value: 0.31913216409987855 and parameters: {'depth': 4, 'learning_rate': 0.002736403049410785, 'l2_leaf_reg': 4.898656162488163, 'subsample': 0.9041272229266372, 'random_strength': 0.46078393058522427, 'bagging_temperature': 0.0021078429090883367, 'max_epochs': 300}. Best is trial 62 with value: 0.2968609564220695.
[I 2026-04-12 18:59:44,303] Trial 125 finished with value: 0.31377882335216273 and parameters: {'depth': 4, 'learning_rate': 0.002488779534953913, 'l2_leaf_reg': 9.698738029790437, 'subsample': 0.9599454341767423, 'random_strength': 0.5415659170574131, 'bagging_temperature': 0.0043238101904567484, 'max_epochs': 300}. Best is trial 62 with value: 0.2968609564220695.
[I 2026-04-12 18:59:47,328] Trial 126 finished with value: 0.31406768139087027 and parameters: {'depth': 4, 'learning_rate': 0.0030576512594115675, 'l2_leaf_reg': 8.735483305476622, 'subsample': 0.6300892358079863, 'random_strength': 0.5123644405784374, 'bagging_temperature': 0.005991451139103621, 'max_epochs': 300}. Best is trial 62 with value: 0.2968609564220695.
[I 2026-04-12 18:59:50,420] Trial 127 finished with value: 0.3067232576219739 and parameters: {'depth': 4, 'learning_rate': 0.002185277664177921, 'l2_leaf_reg': 7.334600462310504, 'subsample': 0.9829354753361804, 'random_strength': 0.4861084588390951, 'bagging_temperature': 0.001000815202629478, 'max_epochs': 300}. Best is trial 62 with value: 0.2968609564220695.
[I 2026-04-12 18:59:53,425] Trial 128 finished with value: 0.3065386290974608 and parameters: {'depth': 4, 'learning_rate': 0.0026515688174672, 'l2_leaf_reg': 5.830247465275267, 'subsample': 0.9730534596790281, 'random_strength': 0.6612774564965823, 'bagging_temperature': 0.0028709895963618943, 'max_epochs': 300}. Best is trial 62 with value: 0.2968609564220695.
[I 2026-04-12 18:59:56,442] Trial 129 finished with value: 0.3104135674507697 and parameters: {'depth': 4, 'learning_rate': 0.0028227070109710884, 'l2_leaf_reg': 4.258323779263794, 'subsample': 0.9396948062619962, 'random_strength': 0.23508105518642072, 'bagging_temperature': 0.0018678798301889528, 'max_epochs': 300}. Best is trial 62 with value: 0.2968609564220695.
[I 2026-04-12 18:59:59,460] Trial 130 finished with value: 0.321977623683323 and parameters: {'depth': 4, 'learning_rate': 0.0033422188891177582, 'l2_leaf_reg': 4.672815246948107, 'subsample': 0.990021179086652, 'random_strength': 0.4482379925161299, 'bagging_temperature': 0.0011801150075881498, 'max_epochs': 300}. Best is trial 62 with value: 0.2968609564220695.
[I 2026-04-12 19:00:02,643] Trial 131 finished with value: 0.30562005584748986 and parameters: {'depth': 5, 'learning_rate': 0.0023425047576544626, 'l2_leaf_reg': 3.37575336355868, 'subsample': 0.929634295743383, 'random_strength': 0.7032271289883042, 'bagging_temperature': 0.0015484572419769075, 'max_epochs': 300}. Best is trial 62 with value: 0.2968609564220695.
[I 2026-04-12 19:00:05,725] Trial 132 finished with value: 0.3428214238002572 and parameters: {'depth': 5, 'learning_rate': 0.002133775805981068, 'l2_leaf_reg': 3.0810206326014122, 'subsample': 0.9541817517625736, 'random_strength': 0.5999448469812049, 'bagging_temperature': 0.0014098491642260988, 'max_epochs': 300}. Best is trial 62 with value: 0.2968609564220695.
[I 2026-04-12 19:00:08,887] Trial 133 finished with value: 0.32345114360013355 and parameters: {'depth': 4, 'learning_rate': 0.0022336347952927856, 'l2_leaf_reg': 8.157906440029201, 'subsample': 0.9413687297238517, 'random_strength': 0.13602143775688508, 'bagging_temperature': 0.0024599919674992573, 'max_epochs': 300}. Best is trial 62 with value: 0.2968609564220695.
[I 2026-04-12 19:00:12,035] Trial 134 finished with value: 0.3057372761561087 and parameters: {'depth': 5, 'learning_rate': 0.009675219849009844, 'l2_leaf_reg': 3.7535014016288146, 'subsample': 0.9240111383213133, 'random_strength': 0.5713684515811601, 'bagging_temperature': 0.0016614055869035545, 'max_epochs': 300}. Best is trial 62 with value: 0.2968609564220695.
[I 2026-04-12 19:00:15,105] Trial 135 finished with value: 0.32510057757897665 and parameters: {'depth': 4, 'learning_rate': 0.002430868564821829, 'l2_leaf_reg': 2.631911436027276, 'subsample': 0.8897074044486085, 'random_strength': 0.5239065170786877, 'bagging_temperature': 0.0011537719566533872, 'max_epochs': 300}. Best is trial 62 with value: 0.2968609564220695.
[I 2026-04-12 19:00:18,290] Trial 136 finished with value: 0.3042630993967819 and parameters: {'depth': 4, 'learning_rate': 0.002596740994603661, 'l2_leaf_reg': 9.091917597111944, 'subsample': 0.9642080832614416, 'random_strength': 0.16789344786774882, 'bagging_temperature': 0.003857508508322423, 'max_epochs': 300}. Best is trial 62 with value: 0.2968609564220695.
[I 2026-04-12 19:00:21,377] Trial 137 finished with value: 0.30452126087148107 and parameters: {'depth': 4, 'learning_rate': 0.002944219649498882, 'l2_leaf_reg': 9.319361801146146, 'subsample': 0.9685423217140913, 'random_strength': 0.1688458681473405, 'bagging_temperature': 0.005330833394508144, 'max_epochs': 300}. Best is trial 62 with value: 0.2968609564220695.
[I 2026-04-12 19:00:24,422] Trial 138 finished with value: 0.31661732116121377 and parameters: {'depth': 4, 'learning_rate': 0.003010908258628214, 'l2_leaf_reg': 9.154430291800074, 'subsample': 0.964722744668799, 'random_strength': 0.1641665533834849, 'bagging_temperature': 0.005319438181106858, 'max_epochs': 300}. Best is trial 62 with value: 0.2968609564220695.
[I 2026-04-12 19:00:27,419] Trial 139 finished with value: 0.33885730895352856 and parameters: {'depth': 4, 'learning_rate': 0.003202918671693323, 'l2_leaf_reg': 9.691186398501248, 'subsample': 0.979857979295796, 'random_strength': 0.1784418211762863, 'bagging_temperature': 0.02510845491131976, 'max_epochs': 300}. Best is trial 62 with value: 0.2968609564220695.
[I 2026-04-12 19:00:30,451] Trial 140 finished with value: 0.31464259770434794 and parameters: {'depth': 4, 'learning_rate': 0.002645865119143306, 'l2_leaf_reg': 9.073662327143762, 'subsample': 0.9481932455927449, 'random_strength': 0.19842199166009783, 'bagging_temperature': 0.004056556570835046, 'max_epochs': 300}. Best is trial 62 with value: 0.2968609564220695.
[I 2026-04-12 19:00:33,589] Trial 141 finished with value: 0.321845279564061 and parameters: {'depth': 4, 'learning_rate': 0.0028904019384175853, 'l2_leaf_reg': 8.85050442022469, 'subsample': 0.9701858046736611, 'random_strength': 0.18523546672529315, 'bagging_temperature': 0.0037607786030355948, 'max_epochs': 300}. Best is trial 62 with value: 0.2968609564220695.
[I 2026-04-12 19:00:36,823] Trial 142 finished with value: 0.31559819266987016 and parameters: {'depth': 4, 'learning_rate': 0.0024959910488590678, 'l2_leaf_reg': 7.72563916663595, 'subsample': 0.985941129159433, 'random_strength': 0.1632790216194325, 'bagging_temperature': 0.004756641591596299, 'max_epochs': 300}. Best is trial 62 with value: 0.2968609564220695.
[I 2026-04-12 19:00:39,867] Trial 143 finished with value: 0.3150742124925589 and parameters: {'depth': 4, 'learning_rate': 0.008097455069040986, 'l2_leaf_reg': 9.473058310992919, 'subsample': 0.9590419784574923, 'random_strength': 0.17220513434251575, 'bagging_temperature': 0.0031589721691759813, 'max_epochs': 300}. Best is trial 62 with value: 0.2968609564220695.
[I 2026-04-12 19:00:42,830] Trial 144 finished with value: 0.35994851553335255 and parameters: {'depth': 4, 'learning_rate': 0.002696184780899948, 'l2_leaf_reg': 8.210050026855981, 'subsample': 0.6972142637968852, 'random_strength': 0.19268655209548385, 'bagging_temperature': 0.008063722311835915, 'max_epochs': 300}. Best is trial 62 with value: 0.2968609564220695.
[I 2026-04-12 19:00:45,985] Trial 145 finished with value: 0.2999424644516388 and parameters: {'depth': 4, 'learning_rate': 0.002862654508789156, 'l2_leaf_reg': 9.951876401244622, 'subsample': 0.9757801211512693, 'random_strength': 0.15491067123011956, 'bagging_temperature': 0.0055779477118632105, 'max_epochs': 300}. Best is trial 62 with value: 0.2968609564220695.
[I 2026-04-12 19:00:49,459] Trial 146 finished with value: 0.34270239922920515 and parameters: {'depth': 7, 'learning_rate': 0.003123855691559611, 'l2_leaf_reg': 9.006655438063712, 'subsample': 0.9907289817402894, 'random_strength': 0.15310617375994512, 'bagging_temperature': 0.006281836976576448, 'max_epochs': 300}. Best is trial 62 with value: 0.2968609564220695.
[I 2026-04-12 19:00:52,573] Trial 147 finished with value: 0.3171983423530354 and parameters: {'depth': 4, 'learning_rate': 0.0035202474137355578, 'l2_leaf_reg': 6.987308741477507, 'subsample': 0.9757304806809624, 'random_strength': 0.14043905726710404, 'bagging_temperature': 0.006896869912224523, 'max_epochs': 300}. Best is trial 62 with value: 0.2968609564220695.
[I 2026-04-12 19:00:55,674] Trial 148 finished with value: 0.31890435369152076 and parameters: {'depth': 4, 'learning_rate': 0.0029074363468238923, 'l2_leaf_reg': 7.792702200557482, 'subsample': 0.6118652042339211, 'random_strength': 0.21600148370971917, 'bagging_temperature': 0.004999972453603148, 'max_epochs': 300}. Best is trial 62 with value: 0.2968609564220695.
[I 2026-04-12 19:00:58,744] Trial 149 finished with value: 0.3068220043596396 and parameters: {'depth': 4, 'learning_rate': 0.003774359859623174, 'l2_leaf_reg': 9.669014226572148, 'subsample': 0.9545627171671789, 'random_strength': 0.1586986734931401, 'bagging_temperature': 0.004269678556386452, 'max_epochs': 300}. Best is trial 62 with value: 0.2968609564220695.
[I 2026-04-12 19:01:01,808] Trial 150 finished with value: 0.30938641288684776 and parameters: {'depth': 4, 'learning_rate': 0.0028055998990836367, 'l2_leaf_reg': 8.40126164096992, 'subsample': 0.9674889981516829, 'random_strength': 0.16866656542321287, 'bagging_temperature': 0.003263954037778371, 'max_epochs': 300}. Best is trial 62 with value: 0.2968609564220695.
[I 2026-04-12 19:01:04,855] Trial 151 finished with value: 0.3482421520394727 and parameters: {'depth': 4, 'learning_rate': 0.002554863017246392, 'l2_leaf_reg': 3.9311228471411064, 'subsample': 0.9818233037063961, 'random_strength': 0.15654238108489443, 'bagging_temperature': 0.003921792430233044, 'max_epochs': 300}. Best is trial 62 with value: 0.2968609564220695.
[I 2026-04-12 19:01:07,856] Trial 152 finished with value: 0.3155255223973941 and parameters: {'depth': 4, 'learning_rate': 0.0023763649754412965, 'l2_leaf_reg': 9.946440449250714, 'subsample': 0.9989117156091758, 'random_strength': 0.4204911979857503, 'bagging_temperature': 0.002786057180682576, 'max_epochs': 300}. Best is trial 62 with value: 0.2968609564220695.
[I 2026-04-12 19:01:10,874] Trial 153 finished with value: 0.327511248380511 and parameters: {'depth': 4, 'learning_rate': 0.0020082175291411784, 'l2_leaf_reg': 3.588206195786707, 'subsample': 0.7073890199133982, 'random_strength': 0.1469684958982907, 'bagging_temperature': 0.005777354276051847, 'max_epochs': 300}. Best is trial 62 with value: 0.2968609564220695.
[I 2026-04-12 19:01:13,908] Trial 154 finished with value: 0.34467719155812565 and parameters: {'depth': 4, 'learning_rate': 0.002632198276936736, 'l2_leaf_reg': 6.564658438750967, 'subsample': 0.9470946174718292, 'random_strength': 0.12600728043137296, 'bagging_temperature': 0.0034445667077721872, 'max_epochs': 300}. Best is trial 62 with value: 0.2968609564220695.
[I 2026-04-12 19:01:16,989] Trial 155 finished with value: 0.35369357489915587 and parameters: {'depth': 4, 'learning_rate': 0.0029770109758928257, 'l2_leaf_reg': 8.641740919880974, 'subsample': 0.7643007052493608, 'random_strength': 0.17831836351757135, 'bagging_temperature': 0.00758053599333537, 'max_epochs': 300}. Best is trial 62 with value: 0.2968609564220695.
[I 2026-04-12 19:01:19,982] Trial 156 finished with value: 0.3211161466059765 and parameters: {'depth': 4, 'learning_rate': 0.003384657738697759, 'l2_leaf_reg': 5.030231643463843, 'subsample': 0.9629945205482765, 'random_strength': 0.48101810752678176, 'bagging_temperature': 0.002149606206345567, 'max_epochs': 300}. Best is trial 62 with value: 0.2968609564220695.
[I 2026-04-12 19:01:23,184] Trial 157 finished with value: 0.2968162868100914 and parameters: {'depth': 4, 'learning_rate': 0.002490013082887413, 'l2_leaf_reg': 9.382083734051669, 'subsample': 0.6821355922889006, 'random_strength': 0.13255568941635779, 'bagging_temperature': 0.005233078715265604, 'max_epochs': 300}. Best is trial 157 with value: 0.2968162868100914.
[I 2026-04-12 19:01:26,305] Trial 158 finished with value: 0.30497010445504885 and parameters: {'depth': 4, 'learning_rate': 0.002785784342060977, 'l2_leaf_reg': 9.238951288709256, 'subsample': 0.9745629341185815, 'random_strength': 0.13389831377007957, 'bagging_temperature': 0.005174252630241342, 'max_epochs': 300}. Best is trial 157 with value: 0.2968162868100914.
[I 2026-04-12 19:01:29,518] Trial 159 finished with value: 0.3082635738770844 and parameters: {'depth': 4, 'learning_rate': 0.002740661998598994, 'l2_leaf_reg': 9.306175803095421, 'subsample': 0.9754951333341058, 'random_strength': 0.11946244077537611, 'bagging_temperature': 0.00486217444721535, 'max_epochs': 300}. Best is trial 157 with value: 0.2968162868100914.
[I 2026-04-12 19:01:32,796] Trial 160 finished with value: 0.3178049848255579 and parameters: {'depth': 4, 'learning_rate': 0.0024959823824080934, 'l2_leaf_reg': 9.97621444617527, 'subsample': 0.9902298469539347, 'random_strength': 0.1326136641045919, 'bagging_temperature': 0.04571668676748067, 'max_epochs': 300}. Best is trial 157 with value: 0.2968162868100914.
[I 2026-04-12 19:01:35,890] Trial 161 finished with value: 0.3127242388894989 and parameters: {'depth': 4, 'learning_rate': 0.0031834954148670155, 'l2_leaf_reg': 8.7346514182288, 'subsample': 0.9567152916703497, 'random_strength': 0.1214737455871558, 'bagging_temperature': 0.005544389247552249, 'max_epochs': 300}. Best is trial 157 with value: 0.2968162868100914.
[I 2026-04-12 19:01:39,011] Trial 162 finished with value: 0.3101167721962948 and parameters: {'depth': 4, 'learning_rate': 0.0028173333659461904, 'l2_leaf_reg': 9.398712280302837, 'subsample': 0.9338777365661662, 'random_strength': 0.14452152120809772, 'bagging_temperature': 0.009550708601045132, 'max_epochs': 300}. Best is trial 157 with value: 0.2968162868100914.
[I 2026-04-12 19:01:42,427] Trial 163 finished with value: 0.3349245461154278 and parameters: {'depth': 4, 'learning_rate': 0.0030642460768176, 'l2_leaf_reg': 8.095888582466014, 'subsample': 0.6882140791587366, 'random_strength': 0.10798100534833982, 'bagging_temperature': 0.006623188380757544, 'max_epochs': 300}. Best is trial 157 with value: 0.2968162868100914.
[I 2026-04-12 19:01:45,375] Trial 164 finished with value: 0.36661898135401344 and parameters: {'depth': 4, 'learning_rate': 0.0026223541705573637, 'l2_leaf_reg': 8.923265703905043, 'subsample': 0.9697191027319708, 'random_strength': 0.13202598519396802, 'bagging_temperature': 0.004783591449361581, 'max_epochs': 300}. Best is trial 157 with value: 0.2968162868100914.
[I 2026-04-12 19:01:48,420] Trial 165 finished with value: 0.3067680641847601 and parameters: {'depth': 4, 'learning_rate': 0.002940763979984826, 'l2_leaf_reg': 9.465854501916825, 'subsample': 0.9824449905434492, 'random_strength': 0.10631255655585461, 'bagging_temperature': 0.004426377084742615, 'max_epochs': 300}. Best is trial 157 with value: 0.2968162868100914.
[I 2026-04-12 19:01:51,441] Trial 166 finished with value: 0.31325300772201164 and parameters: {'depth': 4, 'learning_rate': 0.002476211320191104, 'l2_leaf_reg': 7.598650505234661, 'subsample': 0.600541929171703, 'random_strength': 0.26025201242092266, 'bagging_temperature': 0.0012765938740683213, 'max_epochs': 300}. Best is trial 157 with value: 0.2968162868100914.
[I 2026-04-12 19:01:54,583] Trial 167 finished with value: 0.35106872607796946 and parameters: {'depth': 5, 'learning_rate': 0.0027790637037755023, 'l2_leaf_reg': 3.2110636101144205, 'subsample': 0.9458654591945127, 'random_strength': 0.15114000715348336, 'bagging_temperature': 0.005626561956576215, 'max_epochs': 300}. Best is trial 157 with value: 0.2968162868100914.
[I 2026-04-12 19:01:57,707] Trial 168 finished with value: 0.33196393798432583 and parameters: {'depth': 4, 'learning_rate': 0.0023274296745529398, 'l2_leaf_reg': 9.124761808453224, 'subsample': 0.6688939758826818, 'random_strength': 0.4455304511640328, 'bagging_temperature': 0.0011005767594068718, 'max_epochs': 300}. Best is trial 157 with value: 0.2968162868100914.
[I 2026-04-12 19:02:00,813] Trial 169 finished with value: 0.3213846706194764 and parameters: {'depth': 4, 'learning_rate': 0.002583797741368847, 'l2_leaf_reg': 8.503437712883862, 'subsample': 0.6812630048628596, 'random_strength': 0.1397621874137741, 'bagging_temperature': 0.0030337246985165716, 'max_epochs': 300}. Best is trial 157 with value: 0.2968162868100914.
[I 2026-04-12 19:02:04,136] Trial 170 finished with value: 0.3100607449214648 and parameters: {'depth': 5, 'learning_rate': 0.0031731392290898666, 'l2_leaf_reg': 9.952443490067303, 'subsample': 0.972112627625264, 'random_strength': 0.4752855428582232, 'bagging_temperature': 0.0038922508049885627, 'max_epochs': 300}. Best is trial 157 with value: 0.2968162868100914.
[I 2026-04-12 19:02:07,304] Trial 171 finished with value: 0.3113192507539731 and parameters: {'depth': 4, 'learning_rate': 0.0022247839802179525, 'l2_leaf_reg': 4.586390733211867, 'subsample': 0.9611574039294631, 'random_strength': 0.7471810515720664, 'bagging_temperature': 0.003715751635876117, 'max_epochs': 300}. Best is trial 157 with value: 0.2968162868100914.
[I 2026-04-12 19:02:10,295] Trial 172 finished with value: 0.34962525317585297 and parameters: {'depth': 4, 'learning_rate': 0.0023957879595940005, 'l2_leaf_reg': 3.9840560124985083, 'subsample': 0.9922036759020052, 'random_strength': 0.1679140610692041, 'bagging_temperature': 0.0026184434038153295, 'max_epochs': 300}. Best is trial 157 with value: 0.2968162868100914.
[I 2026-04-12 19:02:13,432] Trial 173 finished with value: 0.3178009216934706 and parameters: {'depth': 4, 'learning_rate': 0.002697047983494752, 'l2_leaf_reg': 4.201242147609988, 'subsample': 0.9384866688413663, 'random_strength': 0.5357298172842886, 'bagging_temperature': 0.0033556508581949604, 'max_epochs': 300}. Best is trial 157 with value: 0.2968162868100914.
[I 2026-04-12 19:02:17,260] Trial 174 finished with value: 0.33271873517339223 and parameters: {'depth': 8, 'learning_rate': 0.00213072475561267, 'l2_leaf_reg': 9.462050498701586, 'subsample': 0.6628786236065183, 'random_strength': 0.49563840698122563, 'bagging_temperature': 0.00434669542846803, 'max_epochs': 300}. Best is trial 157 with value: 0.2968162868100914.
[I 2026-04-12 19:02:23,012] Trial 175 finished with value: 0.34369402801583043 and parameters: {'depth': 10, 'learning_rate': 0.0023111224726301465, 'l2_leaf_reg': 3.001357759298218, 'subsample': 0.9495702113944563, 'random_strength': 0.3613600004843632, 'bagging_temperature': 0.005170417163599842, 'max_epochs': 300}. Best is trial 157 with value: 0.2968162868100914.
[I 2026-04-12 19:02:26,135] Trial 176 finished with value: 0.32512554664240556 and parameters: {'depth': 4, 'learning_rate': 0.0028579445537035533, 'l2_leaf_reg': 4.440077113240245, 'subsample': 0.6499716802859363, 'random_strength': 0.6414564522983381, 'bagging_temperature': 0.0064525776770204555, 'max_epochs': 300}. Best is trial 157 with value: 0.2968162868100914.
[I 2026-04-12 19:02:29,959] Trial 177 finished with value: 0.3125794314635429 and parameters: {'depth': 4, 'learning_rate': 0.002523429107607409, 'l2_leaf_reg': 4.771338320533097, 'subsample': 0.8553836520440523, 'random_strength': 0.4044939049499093, 'bagging_temperature': 0.0019077522074672267, 'max_epochs': 300}. Best is trial 157 with value: 0.2968162868100914.
[I 2026-04-12 19:02:33,478] Trial 178 finished with value: 0.31250002049728176 and parameters: {'depth': 4, 'learning_rate': 0.01783253903923215, 'l2_leaf_reg': 8.74903750452859, 'subsample': 0.7811717864489304, 'random_strength': 0.29103129211929923, 'bagging_temperature': 0.0010078467785927918, 'max_epochs': 300}. Best is trial 157 with value: 0.2968162868100914.
[I 2026-04-12 19:02:36,990] Trial 179 finished with value: 0.3050739418270429 and parameters: {'depth': 4, 'learning_rate': 0.002942596701134029, 'l2_leaf_reg': 5.244310844230803, 'subsample': 0.9801479000646752, 'random_strength': 0.43327152478481823, 'bagging_temperature': 0.007408980689789131, 'max_epochs': 300}. Best is trial 157 with value: 0.2968162868100914.
