[I 2026-04-12 18:52:23,373] Trial 2 finished with value: 0.32222948397963685 and parameters: {'depth': 4, 'learning_rate': 0.0028444290618952713, 'l2_leaf_reg': 1.093295551206298, 'subsample': 0.9820123098753515, 'random_strength': 0.3954254375317053, 'bagging_temperature': 0.3119006023799005, 'max_epochs': 300}. Best is trial 2 with value: 0.32222948397963685.
[I 2026-04-12 18:52:26,700] Trial 3 finished with value: 0.3332471267235006 and parameters: {'depth': 7, 'learning_rate': 0.0025383861909251083, 'l2_leaf_reg': 8.10572354094233, 'subsample': 0.7097666025293954, 'random_strength': 0.14107707182756388, 'bagging_temperature': 0.4014989910561523, 'max_epochs': 300}. Best is trial 2 with value: 0.32222948397963685.
[I 2026-04-12 18:52:30,088] Trial 4 finished with value: 0.34558804838895835 and parameters: {'depth': 7, 'learning_rate': 0.004907922509457628, 'l2_leaf_reg': 2.3322789233420393, 'subsample': 0.6117325782505956, 'random_strength': 0.1930273035620576, 'bagging_temperature': 0.6075720477330796, 'max_epochs': 300}. Best is trial 2 with value: 0.32222948397963685.
[I 2026-04-12 18:52:36,054] Trial 5 finished with value: 0.36680597218327 and parameters: {'depth': 10, 'learning_rate': 0.009120421296591854, 'l2_leaf_reg': 2.104479966448474, 'subsample': 0.9510178123597081, 'random_strength': 0.6181762094773002, 'bagging_temperature': 0.6192333555354093, 'max_epochs': 300}. Best is trial 2 with value: 0.32222948397963685.
[I 2026-04-12 18:52:42,376] Trial 6 finished with value: 0.3509326136946273 and parameters: {'depth': 10, 'learning_rate': 0.016675221398911356, 'l2_leaf_reg': 2.575596576001711, 'subsample': 0.6426190708276897, 'random_strength': 0.6657148884302292, 'bagging_temperature': 0.6961468613256313, 'max_epochs': 300}. Best is trial 2 with value: 0.32222948397963685.
[I 2026-04-12 18:52:45,805] Trial 7 finished with value: 0.3309558599004951 and parameters: {'depth': 7, 'learning_rate': 0.004669426707923166, 'l2_leaf_reg': 9.741854441225168, 'subsample': 0.6138022543129812, 'random_strength': 0.6275317321248064, 'bagging_temperature': 0.10878974938507946, 'max_epochs': 300}. Best is trial 2 with value: 0.32222948397963685.
[I 2026-04-12 18:52:55,672] Trial 8 finished with value: 0.3592198420876535 and parameters: {'depth': 11, 'learning_rate': 0.023925698028129296, 'l2_leaf_reg': 1.1324404242789385, 'subsample': 0.8312142892379276, 'random_strength': 0.503545230095898, 'bagging_temperature': 0.055540400276418565, 'max_epochs': 300}. Best is trial 2 with value: 0.32222948397963685.
[I 2026-04-12 18:52:58,718] Trial 9 finished with value: 0.32222994169548086 and parameters: {'depth': 4, 'learning_rate': 0.026075713657878596, 'l2_leaf_reg': 2.7150370453374717, 'subsample': 0.7013932836305989, 'random_strength': 0.6743741644687403, 'bagging_temperature': 0.007610219642487434, 'max_epochs': 300}. Best is trial 2 with value: 0.32222948397963685.
[I 2026-04-12 18:53:01,921] Trial 10 finished with value: 0.3123956299037814 and parameters: {'depth': 4, 'learning_rate': 0.004734919049458074, 'l2_leaf_reg': 5.2078739665678855, 'subsample': 0.8184937870715578, 'random_strength': 0.2879312094593051, 'bagging_temperature': 0.0017181439552457782, 'max_epochs': 300}. Best is trial 10 with value: 0.3123956299037814.
[I 2026-04-12 18:53:04,940] Trial 11 finished with value: 0.3299238469767389 and parameters: {'depth': 4, 'learning_rate': 0.004316066232716032, 'l2_leaf_reg': 5.528405570157706, 'subsample': 0.8240569312623586, 'random_strength': 0.3052719100071367, 'bagging_temperature': 0.0015324534984645349, 'max_epochs': 300}. Best is trial 10 with value: 0.3123956299037814.
[I 2026-04-12 18:53:08,135] Trial 12 finished with value: 0.31151771630366293 and parameters: {'depth': 5, 'learning_rate': 0.00838572187872534, 'l2_leaf_reg': 4.956493255367426, 'subsample': 0.8846528200834622, 'random_strength': 0.29981925271923865, 'bagging_temperature': 0.012675376676065424, 'max_epochs': 300}. Best is trial 12 with value: 0.31151771630366293.
[I 2026-04-12 18:53:11,266] Trial 13 finished with value: 0.32051454676084784 and parameters: {'depth': 5, 'learning_rate': 0.008460630213437759, 'l2_leaf_reg': 5.032744584137008, 'subsample': 0.8575430065750149, 'random_strength': 0.24548986583577292, 'bagging_temperature': 0.009045279719286545, 'max_epochs': 300}. Best is trial 12 with value: 0.31151771630366293.
[I 2026-04-12 18:53:14,518] Trial 14 finished with value: 0.31445383958556455 and parameters: {'depth': 6, 'learning_rate': 0.011100993344921001, 'l2_leaf_reg': 4.654137358132003, 'subsample': 0.765067764106655, 'random_strength': 0.1010865255966466, 'bagging_temperature': 0.0010838184329513513, 'max_epochs': 300}. Best is trial 12 with value: 0.31151771630366293.
[I 2026-04-12 18:53:17,508] Trial 15 finished with value: 0.35293927149055565 and parameters: {'depth': 5, 'learning_rate': 0.006102374968702708, 'l2_leaf_reg': 3.8806120190969935, 'subsample': 0.7725001452205584, 'random_strength': 0.9682398344716905, 'bagging_temperature': 0.004357995925389705, 'max_epochs': 300}. Best is trial 12 with value: 0.31151771630366293.
[I 2026-04-12 18:53:21,071] Trial 16 finished with value: 0.34831016434248024 and parameters: {'depth': 8, 'learning_rate': 0.0132694106223775, 'l2_leaf_reg': 6.800466159254223, 'subsample': 0.895255670990913, 'random_strength': 0.22777386801343297, 'bagging_temperature': 0.019914292161931735, 'max_epochs': 300}. Best is trial 12 with value: 0.31151771630366293.
[I 2026-04-12 18:53:24,095] Trial 17 finished with value: 0.312835012979842 and parameters: {'depth': 5, 'learning_rate': 0.006335902546834586, 'l2_leaf_reg': 3.8042700531666522, 'subsample': 0.7281421953731206, 'random_strength': 0.32188740990654857, 'bagging_temperature': 0.0036521229072232994, 'max_epochs': 300}. Best is trial 12 with value: 0.31151771630366293.
[I 2026-04-12 18:53:27,240] Trial 18 finished with value: 0.3308184391463919 and parameters: {'depth': 6, 'learning_rate': 0.006777607644891568, 'l2_leaf_reg': 6.6780269065885145, 'subsample': 0.800831226556681, 'random_strength': 0.16237021499931814, 'bagging_temperature': 0.018721566407891382, 'max_epochs': 300}. Best is trial 12 with value: 0.31151771630366293.
[I 2026-04-12 18:53:31,403] Trial 19 finished with value: 0.34758450903991783 and parameters: {'depth': 9, 'learning_rate': 0.0035949559911815764, 'l2_leaf_reg': 1.7253528093564325, 'subsample': 0.9113902989075323, 'random_strength': 0.3202316082928292, 'bagging_temperature': 0.002493257212673381, 'max_epochs': 300}. Best is trial 12 with value: 0.31151771630366293.
[I 2026-04-12 18:53:34,491] Trial 20 finished with value: 0.3702173639505368 and parameters: {'depth': 6, 'learning_rate': 0.017130739756746328, 'l2_leaf_reg': 3.368617803999138, 'subsample': 0.8613706227800142, 'random_strength': 0.27128068237315756, 'bagging_temperature': 0.009174263360615881, 'max_epochs': 300}. Best is trial 12 with value: 0.31151771630366293.
[I 2026-04-12 18:53:37,592] Trial 21 finished with value: 0.32610937693468084 and parameters: {'depth': 5, 'learning_rate': 0.005946796046170718, 'l2_leaf_reg': 4.228489011789815, 'subsample': 0.7272674220044013, 'random_strength': 0.3668512991633273, 'bagging_temperature': 0.003708577003267288, 'max_epochs': 300}. Best is trial 12 with value: 0.31151771630366293.
[I 2026-04-12 18:53:40,725] Trial 22 finished with value: 0.3151267735461501 and parameters: {'depth': 5, 'learning_rate': 0.007759027161760449, 'l2_leaf_reg': 6.01483093057457, 'subsample': 0.742405839347894, 'random_strength': 0.33044104515134576, 'bagging_temperature': 0.0023235637960109597, 'max_epochs': 300}. Best is trial 12 with value: 0.31151771630366293.
[I 2026-04-12 18:53:43,841] Trial 23 finished with value: 0.3020318242689853 and parameters: {'depth': 4, 'learning_rate': 0.0036344968805990746, 'l2_leaf_reg': 3.7159170688751346, 'subsample': 0.6813652618718034, 'random_strength': 0.20321362980274316, 'bagging_temperature': 0.005112643236708679, 'max_epochs': 300}. Best is trial 23 with value: 0.3020318242689853.
[I 2026-04-12 18:53:46,869] Trial 24 finished with value: 0.30851158670183804 and parameters: {'depth': 4, 'learning_rate': 0.003482376335573699, 'l2_leaf_reg': 3.316567298869271, 'subsample': 0.6411076363980941, 'random_strength': 0.18685419162317582, 'bagging_temperature': 0.01664521486440741, 'max_epochs': 300}. Best is trial 23 with value: 0.3020318242689853.
[I 2026-04-12 18:53:49,949] Trial 25 finished with value: 0.3154516837513481 and parameters: {'depth': 4, 'learning_rate': 0.003567977249290938, 'l2_leaf_reg': 1.7680097921376257, 'subsample': 0.6824072623468411, 'random_strength': 0.19308703019438386, 'bagging_temperature': 0.01840973981962378, 'max_epochs': 300}. Best is trial 23 with value: 0.3020318242689853.
[I 2026-04-12 18:53:53,185] Trial 26 finished with value: 0.3207967131130157 and parameters: {'depth': 6, 'learning_rate': 0.003566454979781307, 'l2_leaf_reg': 3.301193928455094, 'subsample': 0.6617894625551769, 'random_strength': 0.12821789672071707, 'bagging_temperature': 0.0315226851585251, 'max_epochs': 300}. Best is trial 23 with value: 0.3020318242689853.
[I 2026-04-12 18:53:56,237] Trial 27 finished with value: 0.32632420995846334 and parameters: {'depth': 4, 'learning_rate': 0.0020710782061703604, 'l2_leaf_reg': 4.3451359664114495, 'subsample': 0.6417959655282702, 'random_strength': 0.1960604270027807, 'bagging_temperature': 0.006353285431237642, 'max_epochs': 300}. Best is trial 23 with value: 0.3020318242689853.
[I 2026-04-12 18:53:59,767] Trial 28 finished with value: 0.3562832799985294 and parameters: {'depth': 8, 'learning_rate': 0.010133175108853238, 'l2_leaf_reg': 3.595776326169092, 'subsample': 0.6688302252026264, 'random_strength': 0.15959013370019776, 'bagging_temperature': 0.012150041142746334, 'max_epochs': 300}. Best is trial 23 with value: 0.3020318242689853.
[I 2026-04-12 18:54:16,361] Trial 29 finished with value: 0.40603042235151987 and parameters: {'depth': 12, 'learning_rate': 0.002941257392857986, 'l2_leaf_reg': 2.0358901331949437, 'subsample': 0.6361775637425987, 'random_strength': 0.11453827815231064, 'bagging_temperature': 0.032357048930304416, 'max_epochs': 300}. Best is trial 23 with value: 0.3020318242689853.
[I 2026-04-12 18:54:19,442] Trial 30 finished with value: 0.32777423070248785 and parameters: {'depth': 5, 'learning_rate': 0.0038612671095732964, 'l2_leaf_reg': 1.386612831359296, 'subsample': 0.6829684465361786, 'random_strength': 0.22298652540097194, 'bagging_temperature': 0.06439087794288592, 'max_epochs': 300}. Best is trial 23 with value: 0.3020318242689853.
[I 2026-04-12 18:54:22,504] Trial 31 finished with value: 0.3179214664786742 and parameters: {'depth': 4, 'learning_rate': 0.005360118615688693, 'l2_leaf_reg': 5.0791375826363545, 'subsample': 0.8008657472903732, 'random_strength': 0.2660284010202816, 'bagging_temperature': 0.0019942083331638623, 'max_epochs': 300}. Best is trial 23 with value: 0.3020318242689853.
[I 2026-04-12 18:54:25,603] Trial 32 finished with value: 0.3051230500374887 and parameters: {'depth': 4, 'learning_rate': 0.003040645170081394, 'l2_leaf_reg': 2.8396494952476363, 'subsample': 0.869619547019985, 'random_strength': 0.17105133149832774, 'bagging_temperature': 0.005777109019683545, 'max_epochs': 300}. Best is trial 23 with value: 0.3020318242689853.
[I 2026-04-12 18:54:28,736] Trial 33 finished with value: 0.3138178743229037 and parameters: {'depth': 5, 'learning_rate': 0.0020711716297074083, 'l2_leaf_reg': 2.8976557635339413, 'subsample': 0.9333676576137703, 'random_strength': 0.16599433941774003, 'bagging_temperature': 0.0055700985884608025, 'max_epochs': 300}. Best is trial 23 with value: 0.3020318242689853.
[I 2026-04-12 18:54:31,677] Trial 34 finished with value: 0.3578288775214746 and parameters: {'depth': 4, 'learning_rate': 0.0029282252304146674, 'l2_leaf_reg': 3.2063246711728572, 'subsample': 0.9890714816232635, 'random_strength': 0.20971582452230206, 'bagging_temperature': 0.01233844123572213, 'max_epochs': 300}. Best is trial 23 with value: 0.3020318242689853.
[I 2026-04-12 18:54:34,869] Trial 35 finished with value: 0.32295355466079423 and parameters: {'depth': 6, 'learning_rate': 0.002376800119043381, 'l2_leaf_reg': 2.4982241986807416, 'subsample': 0.600305677615596, 'random_strength': 0.13877215372612875, 'bagging_temperature': 0.028211311790254778, 'max_epochs': 300}. Best is trial 23 with value: 0.3020318242689853.
[I 2026-04-12 18:54:37,918] Trial 36 finished with value: 0.3284675890161782 and parameters: {'depth': 4, 'learning_rate': 0.0029832399177051167, 'l2_leaf_reg': 4.031710143491233, 'subsample': 0.8668925755193148, 'random_strength': 0.17356376426449419, 'bagging_temperature': 0.01419708834649477, 'max_epochs': 300}. Best is trial 23 with value: 0.3020318242689853.
[I 2026-04-12 18:54:41,074] Trial 37 finished with value: 0.30909840694198004 and parameters: {'depth': 5, 'learning_rate': 0.002444833190351283, 'l2_leaf_reg': 3.0203121008512297, 'subsample': 0.9582527842049929, 'random_strength': 0.4200966753674105, 'bagging_temperature': 0.004499385815233841, 'max_epochs': 300}. Best is trial 23 with value: 0.3020318242689853.
[I 2026-04-12 18:54:44,315] Trial 38 finished with value: 0.35400757106486974 and parameters: {'depth': 7, 'learning_rate': 0.0024319214644269237, 'l2_leaf_reg': 2.3073103681446767, 'subsample': 0.9547155766655279, 'random_strength': 0.43099400222187223, 'bagging_temperature': 0.0032299981974883356, 'max_epochs': 300}. Best is trial 23 with value: 0.3020318242689853.
[I 2026-04-12 18:54:47,451] Trial 39 finished with value: 0.30785265244433774 and parameters: {'depth': 4, 'learning_rate': 0.003283395273935614, 'l2_leaf_reg': 2.8692815163934826, 'subsample': 0.9661415676397639, 'random_strength': 0.5239488532227352, 'bagging_temperature': 0.0051852767846163016, 'max_epochs': 300}. Best is trial 23 with value: 0.3020318242689853.
[I 2026-04-12 18:54:50,474] Trial 40 finished with value: 0.313531824314721 and parameters: {'depth': 4, 'learning_rate': 0.00406631006435578, 'l2_leaf_reg': 1.9881007670218318, 'subsample': 0.624765050966216, 'random_strength': 0.49253525708764023, 'bagging_temperature': 0.2113327529953212, 'max_epochs': 300}. Best is trial 23 with value: 0.3020318242689853.
[I 2026-04-12 18:54:53,446] Trial 41 finished with value: 0.3346825961945978 and parameters: {'depth': 4, 'learning_rate': 0.0026272201697743022, 'l2_leaf_reg': 2.960529220566012, 'subsample': 0.9557804394950222, 'random_strength': 0.5426100251168207, 'bagging_temperature': 0.005254270834177087, 'max_epochs': 300}. Best is trial 23 with value: 0.3020318242689853.
[I 2026-04-12 18:54:56,396] Trial 42 finished with value: 0.38153475195737413 and parameters: {'depth': 5, 'learning_rate': 0.003222972565944484, 'l2_leaf_reg': 2.763257967535666, 'subsample': 0.9963346978204922, 'random_strength': 0.39273042368546435, 'bagging_temperature': 0.007628256579706478, 'max_epochs': 300}. Best is trial 23 with value: 0.3020318242689853.
[I 2026-04-12 18:54:59,325] Trial 43 finished with value: 0.35406982043832347 and parameters: {'depth': 4, 'learning_rate': 0.0032905596942032723, 'l2_leaf_reg': 2.408202197524314, 'subsample': 0.9320734434995676, 'random_strength': 0.14474063097065296, 'bagging_temperature': 0.0027474875713467237, 'max_epochs': 300}. Best is trial 23 with value: 0.3020318242689853.
[I 2026-04-12 18:55:02,385] Trial 44 finished with value: 0.30802826034028913 and parameters: {'depth': 4, 'learning_rate': 0.002639712798518976, 'l2_leaf_reg': 3.5166459028240955, 'subsample': 0.9623358214786142, 'random_strength': 0.5544216948821631, 'bagging_temperature': 0.004762128324664014, 'max_epochs': 300}. Best is trial 23 with value: 0.3020318242689853.
[I 2026-04-12 18:55:05,307] Trial 45 finished with value: 0.33064892413322855 and parameters: {'depth': 4, 'learning_rate': 0.00443880393264044, 'l2_leaf_reg': 3.5792651628164043, 'subsample': 0.9225520405176212, 'random_strength': 0.6027537669245613, 'bagging_temperature': 0.0012111522838123378, 'max_epochs': 300}. Best is trial 23 with value: 0.3020318242689853.
[I 2026-04-12 18:55:08,297] Trial 46 finished with value: 0.3387067107415484 and parameters: {'depth': 4, 'learning_rate': 0.005342090613850436, 'l2_leaf_reg': 2.2648326231904785, 'subsample': 0.9694024385820521, 'random_strength': 0.7982671684707158, 'bagging_temperature': 0.008681142145412091, 'max_epochs': 300}. Best is trial 23 with value: 0.3020318242689853.
[I 2026-04-12 18:55:11,296] Trial 47 finished with value: 0.33964740159402146 and parameters: {'depth': 5, 'learning_rate': 0.0022322111305887685, 'l2_leaf_reg': 4.426152436457254, 'subsample': 0.8799733432857134, 'random_strength': 0.7392730702857222, 'bagging_temperature': 0.005614506170394532, 'max_epochs': 300}. Best is trial 23 with value: 0.3020318242689853.
[I 2026-04-12 18:55:14,491] Trial 48 finished with value: 0.32219520119907624 and parameters: {'depth': 6, 'learning_rate': 0.0027284005371297315, 'l2_leaf_reg': 2.6840043394325965, 'subsample': 0.9046731640829314, 'random_strength': 0.541365769701582, 'bagging_temperature': 0.043616878269257565, 'max_epochs': 300}. Best is trial 23 with value: 0.3020318242689853.
[I 2026-04-12 18:55:20,252] Trial 49 finished with value: 0.3536868122365653 and parameters: {'depth': 10, 'learning_rate': 0.0032202290491119235, 'l2_leaf_reg': 3.5174665248204424, 'subsample': 0.8402136968538795, 'random_strength': 0.872121655940089, 'bagging_temperature': 0.0801338006326063, 'max_epochs': 300}. Best is trial 23 with value: 0.3020318242689853.
[I 2026-04-12 18:55:23,637] Trial 50 finished with value: 0.33552459840003274 and parameters: {'depth': 7, 'learning_rate': 0.003975014553578878, 'l2_leaf_reg': 3.1236588710674407, 'subsample': 0.7932944687413654, 'random_strength': 0.1834998648426485, 'bagging_temperature': 0.010526894346583163, 'max_epochs': 300}. Best is trial 23 with value: 0.3020318242689853.
[I 2026-04-12 18:55:26,681] Trial 51 finished with value: 0.2985788579397545 and parameters: {'depth': 4, 'learning_rate': 0.0024947164730565476, 'l2_leaf_reg': 3.007605409291041, 'subsample': 0.9723623934912611, 'random_strength': 0.46440914928631594, 'bagging_temperature': 0.004074736530971674, 'max_epochs': 300}. Best is trial 51 with value: 0.2985788579397545.
[I 2026-04-12 18:55:29,762] Trial 52 finished with value: 0.3057038527205787 and parameters: {'depth': 4, 'learning_rate': 0.0027643866723031187, 'l2_leaf_reg': 3.8364339799788887, 'subsample': 0.9773343389322787, 'random_strength': 0.48274991032329645, 'bagging_temperature': 0.00673944723212822, 'max_epochs': 300}. Best is trial 51 with value: 0.2985788579397545.
[I 2026-04-12 18:55:32,855] Trial 53 finished with value: 0.3201817656840725 and parameters: {'depth': 4, 'learning_rate': 0.0026741237088701974, 'l2_leaf_reg': 3.8620822741364345, 'subsample': 0.9775967514125696, 'random_strength': 0.47315191657438727, 'bagging_temperature': 0.003195932045065367, 'max_epochs': 300}. Best is trial 51 with value: 0.2985788579397545.
[I 2026-04-12 18:55:35,961] Trial 54 finished with value: 0.3055977906411752 and parameters: {'depth': 5, 'learning_rate': 0.0022607336229441863, 'l2_leaf_reg': 2.601397905235062, 'subsample': 0.9355584511512015, 'random_strength': 0.5899733316781808, 'bagging_temperature': 0.001487352399305654, 'max_epochs': 300}. Best is trial 51 with value: 0.2985788579397545.
[I 2026-04-12 18:55:39,051] Trial 55 finished with value: 0.30723533468903913 and parameters: {'depth': 5, 'learning_rate': 0.0021562135266451976, 'l2_leaf_reg': 2.7556043957082332, 'subsample': 0.9368489852921312, 'random_strength': 0.6993372798154439, 'bagging_temperature': 0.0015987362540851547, 'max_epochs': 300}. Best is trial 51 with value: 0.2985788579397545.
[I 2026-04-12 18:55:42,146] Trial 56 finished with value: 0.33214883779079996 and parameters: {'depth': 5, 'learning_rate': 0.0021877931855550565, 'l2_leaf_reg': 2.577889352875874, 'subsample': 0.9387662913874968, 'random_strength': 0.7113170092465683, 'bagging_temperature': 0.0017440985161822529, 'max_epochs': 300}. Best is trial 51 with value: 0.2985788579397545.
[I 2026-04-12 18:55:45,267] Trial 57 finished with value: 0.31256416832653516 and parameters: {'depth': 5, 'learning_rate': 0.002266742254515362, 'l2_leaf_reg': 2.168425362467125, 'subsample': 0.915728765752429, 'random_strength': 0.3603271339857608, 'bagging_temperature': 0.0014246400237653786, 'max_epochs': 300}. Best is trial 51 with value: 0.2985788579397545.
[I 2026-04-12 18:55:48,360] Trial 58 finished with value: 0.33775319106112156 and parameters: {'depth': 5, 'learning_rate': 0.002014668102993814, 'l2_leaf_reg': 1.8049706431999921, 'subsample': 0.8910354153008097, 'random_strength': 0.5965755338896749, 'bagging_temperature': 0.0011393063348516844, 'max_epochs': 300}. Best is trial 51 with value: 0.2985788579397545.
[I 2026-04-12 18:55:51,460] Trial 59 finished with value: 0.33999247034930313 and parameters: {'depth': 6, 'learning_rate': 0.0029435011686697646, 'l2_leaf_reg': 1.5587782146698048, 'subsample': 0.94476855373369, 'random_strength': 0.6522042446093554, 'bagging_temperature': 0.0022262802222424594, 'max_epochs': 300}. Best is trial 51 with value: 0.2985788579397545.
[I 2026-04-12 18:55:54,685] Trial 60 finished with value: 0.2998110939840144 and parameters: {'depth': 5, 'learning_rate': 0.0024605075587753617, 'l2_leaf_reg': 4.6329729523372665, 'subsample': 0.9961654990722869, 'random_strength': 0.4627775994161941, 'bagging_temperature': 0.0016345579202411379, 'max_epochs': 300}. Best is trial 51 with value: 0.2985788579397545.
[I 2026-04-12 18:55:57,875] Trial 61 finished with value: 0.31453521838482607 and parameters: {'depth': 5, 'learning_rate': 0.0023817528654286827, 'l2_leaf_reg': 5.79076904973344, 'subsample': 0.9869783139052959, 'random_strength': 0.4799311479886733, 'bagging_temperature': 0.0015189900449000119, 'max_epochs': 300}. Best is trial 51 with value: 0.2985788579397545.
