[I 2026-04-12 18:56:01,061] Trial 62 finished with value: 0.2968609564220695 and parameters: {'depth': 5, 'learning_rate': 0.002529022063937027, 'l2_leaf_reg': 4.692882422277018, 'subsample': 0.9834341875663307, 'random_strength': 0.46055670959517947, 'bagging_temperature': 0.0010004549256123147, 'max_epochs': 300}. Best is trial 62 with value: 0.2968609564220695.
[I 2026-04-12 18:56:04,439] Trial 63 finished with value: 0.3077297976033916 and parameters: {'depth': 6, 'learning_rate': 0.0024756865451560296, 'l2_leaf_reg': 4.654262119955856, 'subsample': 0.9966069354061295, 'random_strength': 0.37793407704055754, 'bagging_temperature': 0.0010406936551676516, 'max_epochs': 300}. Best is trial 62 with value: 0.2968609564220695.
[I 2026-04-12 18:56:07,497] Trial 64 finished with value: 0.2992000856325658 and parameters: {'depth': 4, 'learning_rate': 0.002806974804196615, 'l2_leaf_reg': 6.510021215083695, 'subsample': 0.9775646171864946, 'random_strength': 0.4497452335379117, 'bagging_temperature': 0.002750649141666112, 'max_epochs': 300}. Best is trial 62 with value: 0.2968609564220695.
[I 2026-04-12 18:56:10,571] Trial 65 finished with value: 0.36191110698221207 and parameters: {'depth': 5, 'learning_rate': 0.003088516292626311, 'l2_leaf_reg': 6.779977153864383, 'subsample': 0.7585370050343402, 'random_strength': 0.445004794242587, 'bagging_temperature': 0.0020441247747903, 'max_epochs': 300}. Best is trial 62 with value: 0.2968609564220695.
[I 2026-04-12 18:56:13,862] Trial 66 finished with value: 0.3356827051474078 and parameters: {'depth': 7, 'learning_rate': 0.0037582410196011643, 'l2_leaf_reg': 9.327213877233959, 'subsample': 0.9973903631340727, 'random_strength': 0.4364536933525648, 'bagging_temperature': 0.002733735521836326, 'max_epochs': 300}. Best is trial 62 with value: 0.2968609564220695.
[I 2026-04-12 18:56:16,932] Trial 67 finished with value: 0.3157979457435613 and parameters: {'depth': 4, 'learning_rate': 0.0020069209009034162, 'l2_leaf_reg': 8.04721041775086, 'subsample': 0.9237666836561944, 'random_strength': 0.33361939389949424, 'bagging_temperature': 0.003907499965501655, 'max_epochs': 300}. Best is trial 62 with value: 0.2968609564220695.
[I 2026-04-12 18:56:20,114] Trial 68 finished with value: 0.3103031325815188 and parameters: {'depth': 5, 'learning_rate': 0.028918465519670755, 'l2_leaf_reg': 6.059695924209242, 'subsample': 0.9764525562562874, 'random_strength': 0.244902915841719, 'bagging_temperature': 0.00139198627473555, 'max_epochs': 300}. Best is trial 62 with value: 0.2968609564220695.
[I 2026-04-12 18:56:23,799] Trial 69 finished with value: 0.32965475052634113 and parameters: {'depth': 8, 'learning_rate': 0.002611223691082149, 'l2_leaf_reg': 5.515287248185815, 'subsample': 0.9036715555400237, 'random_strength': 0.34848046758542167, 'bagging_temperature': 0.0019251304620143365, 'max_epochs': 300}. Best is trial 62 with value: 0.2968609564220695.
[I 2026-04-12 18:56:26,902] Trial 70 finished with value: 0.31368033785481925 and parameters: {'depth': 4, 'learning_rate': 0.0034561108028861665, 'l2_leaf_reg': 7.3517181201541115, 'subsample': 0.9474215942780161, 'random_strength': 0.41651382277243315, 'bagging_temperature': 0.0030725119455579336, 'max_epochs': 300}. Best is trial 62 with value: 0.2968609564220695.
[I 2026-04-12 18:56:30,011] Trial 71 finished with value: 0.31418742939943073 and parameters: {'depth': 4, 'learning_rate': 0.002891711176331632, 'l2_leaf_reg': 4.071392346667037, 'subsample': 0.9760129771031061, 'random_strength': 0.5831058473737246, 'bagging_temperature': 0.006605189404683756, 'max_epochs': 300}. Best is trial 62 with value: 0.2968609564220695.
[I 2026-04-12 18:56:34,400] Trial 72 finished with value: 0.32748469112054934 and parameters: {'depth': 9, 'learning_rate': 0.002825266091741559, 'l2_leaf_reg': 4.934041330133971, 'subsample': 0.9809835895980293, 'random_strength': 0.4654670154065865, 'bagging_temperature': 0.00228748806540843, 'max_epochs': 300}. Best is trial 62 with value: 0.2968609564220695.
[I 2026-04-12 18:56:38,362] Trial 73 finished with value: 0.3053245881720479 and parameters: {'depth': 4, 'learning_rate': 0.002291961727307959, 'l2_leaf_reg': 4.53139246111546, 'subsample': 0.714947162472912, 'random_strength': 0.6432550097862874, 'bagging_temperature': 0.0035998961120331254, 'max_epochs': 300}. Best is trial 62 with value: 0.2968609564220695.
[I 2026-04-12 18:56:42,544] Trial 74 finished with value: 0.3233113523833363 and parameters: {'depth': 4, 'learning_rate': 0.002296362306524981, 'l2_leaf_reg': 4.7500067109504815, 'subsample': 0.7078212485547419, 'random_strength': 0.5086634422363612, 'bagging_temperature': 0.003694125195543296, 'max_epochs': 300}. Best is trial 62 with value: 0.2968609564220695.
[I 2026-04-12 18:56:45,700] Trial 75 finished with value: 0.35910066554317804 and parameters: {'depth': 6, 'learning_rate': 0.0024095508951575218, 'l2_leaf_reg': 5.444644660065936, 'subsample': 0.6501813612725643, 'random_strength': 0.6437035937304355, 'bagging_temperature': 0.002843110792853707, 'max_epochs': 300}. Best is trial 62 with value: 0.2968609564220695.
[I 2026-04-12 18:56:48,685] Trial 76 finished with value: 0.31384089145855265 and parameters: {'depth': 4, 'learning_rate': 0.020029556827485622, 'l2_leaf_reg': 4.511184415590666, 'subsample': 0.6930794028685748, 'random_strength': 0.5703570797898342, 'bagging_temperature': 0.00124215792672108, 'max_epochs': 300}. Best is trial 62 with value: 0.2968609564220695.
[I 2026-04-12 18:57:08,975] Trial 77 finished with value: 0.3831083792568637 and parameters: {'depth': 12, 'learning_rate': 0.00256252984391814, 'l2_leaf_reg': 6.298890926112344, 'subsample': 0.6736382295861225, 'random_strength': 0.4053869106081892, 'bagging_temperature': 0.004116351208133286, 'max_epochs': 300}. Best is trial 62 with value: 0.2968609564220695.
[I 2026-04-12 18:57:12,082] Trial 78 finished with value: 0.31007427169525775 and parameters: {'depth': 5, 'learning_rate': 0.003096037328938463, 'l2_leaf_reg': 4.103129181558356, 'subsample': 0.7221674787263376, 'random_strength': 0.7797995670083421, 'bagging_temperature': 0.0016599129590169003, 'max_epochs': 300}. Best is trial 62 with value: 0.2968609564220695.
[I 2026-04-12 18:57:15,095] Trial 79 finished with value: 0.3251029981159476 and parameters: {'depth': 4, 'learning_rate': 0.004273239748487232, 'l2_leaf_reg': 3.215181558328171, 'subsample': 0.7484479073564316, 'random_strength': 0.2840896706835814, 'bagging_temperature': 0.8510725110626808, 'max_epochs': 300}. Best is trial 62 with value: 0.2968609564220695.
[I 2026-04-12 18:57:18,336] Trial 80 finished with value: 0.3120565855619303 and parameters: {'depth': 5, 'learning_rate': 0.0023021179763913968, 'l2_leaf_reg': 4.261032083021672, 'subsample': 0.6934058333723095, 'random_strength': 0.5189569913162954, 'bagging_temperature': 0.0025691912408863935, 'max_epochs': 300}. Best is trial 62 with value: 0.2968609564220695.
[I 2026-04-12 18:57:21,326] Trial 81 finished with value: 0.3359496324621856 and parameters: {'depth': 4, 'learning_rate': 0.0027340991283807767, 'l2_leaf_reg': 3.7669499337157815, 'subsample': 0.9575706154748139, 'random_strength': 0.45506764815840517, 'bagging_temperature': 0.007232214129848203, 'max_epochs': 300}. Best is trial 62 with value: 0.2968609564220695.
[I 2026-04-12 18:57:24,416] Trial 82 finished with value: 0.2991497403568267 and parameters: {'depth': 4, 'learning_rate': 0.0021727040882842255, 'l2_leaf_reg': 3.7210137131040435, 'subsample': 0.9679139049052485, 'random_strength': 0.6155220098975337, 'bagging_temperature': 0.0010072309765717165, 'max_epochs': 300}. Best is trial 62 with value: 0.2968609564220695.
[I 2026-04-12 18:57:27,519] Trial 83 finished with value: 0.3161987888490866 and parameters: {'depth': 4, 'learning_rate': 0.0021501102490026494, 'l2_leaf_reg': 5.087695750261782, 'subsample': 0.8462927643137435, 'random_strength': 0.6092806255933073, 'bagging_temperature': 0.0013107913015688538, 'max_epochs': 300}. Best is trial 62 with value: 0.2968609564220695.
[I 2026-04-12 18:57:30,709] Trial 84 finished with value: 0.3093539654638813 and parameters: {'depth': 4, 'learning_rate': 0.0025020187316699576, 'l2_leaf_reg': 3.6502442817805236, 'subsample': 0.9693991995638797, 'random_strength': 0.14750740935612117, 'bagging_temperature': 0.0018748856865691249, 'max_epochs': 300}. Best is trial 62 with value: 0.2968609564220695.
[I 2026-04-12 18:57:33,784] Trial 85 finished with value: 0.3128618186976626 and parameters: {'depth': 4, 'learning_rate': 0.002153128185082119, 'l2_leaf_reg': 3.049377447526276, 'subsample': 0.9989502123699753, 'random_strength': 0.8835452526496258, 'bagging_temperature': 0.001003906878243337, 'max_epochs': 300}. Best is trial 62 with value: 0.2968609564220695.
[I 2026-04-12 18:57:36,950] Trial 86 finished with value: 0.31512159290078234 and parameters: {'depth': 5, 'learning_rate': 0.0025454771561621487, 'l2_leaf_reg': 2.4852829012664253, 'subsample': 0.9483128658248282, 'random_strength': 0.12622291298455876, 'bagging_temperature': 0.003343248803807365, 'max_epochs': 300}. Best is trial 62 with value: 0.2968609564220695.
[I 2026-04-12 18:57:45,637] Trial 87 finished with value: 0.3912791505710718 and parameters: {'depth': 11, 'learning_rate': 0.0034330579422482107, 'l2_leaf_reg': 3.484342069266285, 'subsample': 0.9868615516798331, 'random_strength': 0.5506038897098327, 'bagging_temperature': 0.002294000247477408, 'max_epochs': 300}. Best is trial 62 with value: 0.2968609564220695.
[I 2026-04-12 18:57:49,961] Trial 88 finished with value: 0.33552623552720623 and parameters: {'depth': 9, 'learning_rate': 0.0030116942196450167, 'l2_leaf_reg': 5.3216280201365125, 'subsample': 0.9636856351158655, 'random_strength': 0.6820527093590296, 'bagging_temperature': 0.001003090844247279, 'max_epochs': 300}. Best is trial 62 with value: 0.2968609564220695.
[I 2026-04-12 18:57:52,946] Trial 89 finished with value: 0.3246629999329732 and parameters: {'depth': 4, 'learning_rate': 0.002307597765013115, 'l2_leaf_reg': 4.8081891756927835, 'subsample': 0.928051393966785, 'random_strength': 0.7479777333593867, 'bagging_temperature': 0.0012693127993313842, 'max_epochs': 300}. Best is trial 62 with value: 0.2968609564220695.
[I 2026-04-12 18:57:56,018] Trial 90 finished with value: 0.3238071995105084 and parameters: {'depth': 5, 'learning_rate': 0.0067676074542261, 'l2_leaf_reg': 2.654612028860591, 'subsample': 0.8802925680309083, 'random_strength': 0.38107066493932784, 'bagging_temperature': 0.0017196744180922867, 'max_epochs': 300}. Best is trial 62 with value: 0.2968609564220695.
[I 2026-04-12 18:57:59,119] Trial 91 finished with value: 0.3092647581967304 and parameters: {'depth': 4, 'learning_rate': 0.0027827139447404747, 'l2_leaf_reg': 3.9080762170115992, 'subsample': 0.9801196856637318, 'random_strength': 0.49400038569349697, 'bagging_temperature': 0.005925449512966828, 'max_epochs': 300}. Best is trial 62 with value: 0.2968609564220695.
[I 2026-04-12 18:58:02,238] Trial 92 finished with value: 0.313020425013872 and parameters: {'depth': 4, 'learning_rate': 0.012611956720691795, 'l2_leaf_reg': 3.3137931966940086, 'subsample': 0.9682055996292308, 'random_strength': 0.5230524996828188, 'bagging_temperature': 0.004571062114334772, 'max_epochs': 300}. Best is trial 62 with value: 0.2968609564220695.
[I 2026-04-12 18:58:05,267] Trial 93 finished with value: 0.31272562678916205 and parameters: {'depth': 4, 'learning_rate': 0.0027147261678893155, 'l2_leaf_reg': 4.355629714774093, 'subsample': 0.7855197124903451, 'random_strength': 0.5749361581500216, 'bagging_temperature': 0.0035129595871132456, 'max_epochs': 300}. Best is trial 62 with value: 0.2968609564220695.
[I 2026-04-12 18:58:08,352] Trial 94 finished with value: 0.32461402554283975 and parameters: {'depth': 4, 'learning_rate': 0.0021176807364776435, 'l2_leaf_reg': 2.868890312708975, 'subsample': 0.8219066970702139, 'random_strength': 0.20587208687145409, 'bagging_temperature': 0.008785271592126095, 'max_epochs': 300}. Best is trial 62 with value: 0.2968609564220695.
[I 2026-04-12 18:58:11,414] Trial 95 finished with value: 0.3261263886196616 and parameters: {'depth': 5, 'learning_rate': 0.0024506236305784678, 'l2_leaf_reg': 3.438178672474596, 'subsample': 0.9394902952309594, 'random_strength': 0.17522481884233726, 'bagging_temperature': 0.005146138832604992, 'max_epochs': 300}. Best is trial 62 with value: 0.2968609564220695.
[I 2026-04-12 18:58:14,562] Trial 96 finished with value: 0.3272714712029969 and parameters: {'depth': 4, 'learning_rate': 0.0031935445921132803, 'l2_leaf_reg': 3.9943605830414506, 'subsample': 0.9130647939784089, 'random_strength': 0.4553862072965025, 'bagging_temperature': 0.010565185535044647, 'max_epochs': 300}. Best is trial 62 with value: 0.2968609564220695.
[I 2026-04-12 18:58:17,714] Trial 97 finished with value: 0.29941511904015666 and parameters: {'depth': 4, 'learning_rate': 0.0028402683438198155, 'l2_leaf_reg': 3.701694122372071, 'subsample': 0.9513647697537649, 'random_strength': 0.6249952833268766, 'bagging_temperature': 0.0014556061828534183, 'max_epochs': 300}. Best is trial 62 with value: 0.2968609564220695.
[I 2026-04-12 18:58:21,006] Trial 98 finished with value: 0.30758820535722387 and parameters: {'depth': 6, 'learning_rate': 0.0020287210584426425, 'l2_leaf_reg': 3.1756812506197565, 'subsample': 0.9499452479580112, 'random_strength': 0.6359812704164274, 'bagging_temperature': 0.0015394627386319806, 'max_epochs': 300}. Best is trial 62 with value: 0.2968609564220695.
[I 2026-04-12 18:58:24,192] Trial 99 finished with value: 0.32770947233485376 and parameters: {'depth': 5, 'learning_rate': 0.003632106843486239, 'l2_leaf_reg': 3.6976945768233724, 'subsample': 0.7174777156615202, 'random_strength': 0.6179284803010548, 'bagging_temperature': 0.0019796001839668402, 'max_epochs': 300}. Best is trial 62 with value: 0.2968609564220695.
[I 2026-04-12 18:58:27,317] Trial 100 finished with value: 0.33465309212068767 and parameters: {'depth': 4, 'learning_rate': 0.0022288111329535946, 'l2_leaf_reg': 4.15859332435168, 'subsample': 0.9908777157998596, 'random_strength': 0.15309012420407908, 'bagging_temperature': 0.0011532783580612501, 'max_epochs': 300}. Best is trial 62 with value: 0.2968609564220695.
[I 2026-04-12 18:58:30,323] Trial 101 finished with value: 0.29943710338689195 and parameters: {'depth': 4, 'learning_rate': 0.002787254719535484, 'l2_leaf_reg': 4.5479095584619635, 'subsample': 0.9599942722835054, 'random_strength': 0.4893419253742354, 'bagging_temperature': 0.002508681139369724, 'max_epochs': 300}. Best is trial 62 with value: 0.2968609564220695.
[I 2026-04-12 18:58:33,428] Trial 102 finished with value: 0.30682901210229474 and parameters: {'depth': 4, 'learning_rate': 0.0028860327727750555, 'l2_leaf_reg': 4.448789310282099, 'subsample': 0.9579236174869756, 'random_strength': 0.5312514428462946, 'bagging_temperature': 0.0013889777268116246, 'max_epochs': 300}. Best is trial 62 with value: 0.2968609564220695.
[I 2026-04-12 18:58:36,449] Trial 103 finished with value: 0.3147533940975123 and parameters: {'depth': 4, 'learning_rate': 0.002597332081721242, 'l2_leaf_reg': 5.690940240777066, 'subsample': 0.6572074214883543, 'random_strength': 0.4248141185614665, 'bagging_temperature': 0.002711388562892509, 'max_epochs': 300}. Best is trial 62 with value: 0.2968609564220695.
[I 2026-04-12 18:58:39,520] Trial 104 finished with value: 0.31271083610982675 and parameters: {'depth': 4, 'learning_rate': 0.003336534221887939, 'l2_leaf_reg': 2.951062628604816, 'subsample': 0.9280033468621565, 'random_strength': 0.5704191955393975, 'bagging_temperature': 0.004164197600158726, 'max_epochs': 300}. Best is trial 62 with value: 0.2968609564220695.
[I 2026-04-12 18:58:42,595] Trial 105 finished with value: 0.3318264357631597 and parameters: {'depth': 5, 'learning_rate': 0.002373540250697798, 'l2_leaf_reg': 1.1900612083896147, 'subsample': 0.9684611330108953, 'random_strength': 0.6800774911513658, 'bagging_temperature': 0.0022874502141846283, 'max_epochs': 300}. Best is trial 62 with value: 0.2968609564220695.
[I 2026-04-12 18:58:45,816] Trial 106 finished with value: 0.3040065962006174 and parameters: {'depth': 4, 'learning_rate': 0.0030704144006086023, 'l2_leaf_reg': 7.231361396013232, 'subsample': 0.939269071815845, 'random_strength': 0.5059755978919838, 'bagging_temperature': 0.0030219527223295005, 'max_epochs': 300}. Best is trial 62 with value: 0.2968609564220695.
[I 2026-04-12 18:58:48,851] Trial 107 finished with value: 0.34086472985181787 and parameters: {'depth': 4, 'learning_rate': 0.003757520116083281, 'l2_leaf_reg': 7.8473031741740655, 'subsample': 0.8125557007125576, 'random_strength': 0.4887179561767058, 'bagging_temperature': 0.30445197625474163, 'max_epochs': 300}. Best is trial 62 with value: 0.2968609564220695.
[I 2026-04-12 18:58:52,040] Trial 108 finished with value: 0.30206759226640434 and parameters: {'depth': 4, 'learning_rate': 0.003050316893923633, 'l2_leaf_reg': 8.664608541442298, 'subsample': 0.9178062680413993, 'random_strength': 0.38995799133760994, 'bagging_temperature': 0.0031581633945084596, 'max_epochs': 300}. Best is trial 62 with value: 0.2968609564220695.
[I 2026-04-12 18:58:55,053] Trial 109 finished with value: 0.34737415457269544 and parameters: {'depth': 4, 'learning_rate': 0.003160748361527038, 'l2_leaf_reg': 9.033300672200543, 'subsample': 0.9146086693654546, 'random_strength': 0.4399341156428419, 'bagging_temperature': 0.0031547900595972358, 'max_epochs': 300}. Best is trial 62 with value: 0.2968609564220695.
[I 2026-04-12 18:58:58,015] Trial 110 finished with value: 0.31920717833357526 and parameters: {'depth': 4, 'learning_rate': 0.00299992085233583, 'l2_leaf_reg': 7.134889285867935, 'subsample': 0.8682184563045781, 'random_strength': 0.4138894743869552, 'bagging_temperature': 0.002130850063476138, 'max_epochs': 300}. Best is trial 62 with value: 0.2968609564220695.
[I 2026-04-12 18:59:01,259] Trial 111 finished with value: 0.3123675248361776 and parameters: {'depth': 4, 'learning_rate': 0.002824975281009547, 'l2_leaf_reg': 8.54111088059383, 'subsample': 0.7371580025172306, 'random_strength': 0.3974293994375521, 'bagging_temperature': 0.0029200231567026646, 'max_epochs': 300}. Best is trial 62 with value: 0.2968609564220695.
[I 2026-04-12 18:59:04,246] Trial 112 finished with value: 0.3195901626568555 and parameters: {'depth': 4, 'learning_rate': 0.002566053714721903, 'l2_leaf_reg': 6.123491624428266, 'subsample': 0.9438467082231352, 'random_strength': 0.34757056057179875, 'bagging_temperature': 0.0037496500543261276, 'max_epochs': 300}. Best is trial 62 with value: 0.2968609564220695.
[I 2026-04-12 18:59:07,334] Trial 113 finished with value: 0.307041503330521 and parameters: {'depth': 4, 'learning_rate': 0.00495692241824531, 'l2_leaf_reg': 7.649173411029218, 'subsample': 0.9857580676960512, 'random_strength': 0.5054962545607302, 'bagging_temperature': 0.0047057018287058145, 'max_epochs': 300}. Best is trial 62 with value: 0.2968609564220695.
[I 2026-04-12 18:59:10,407] Trial 114 finished with value: 0.3107732940200341 and parameters: {'depth': 4, 'learning_rate': 0.0032953544379932132, 'l2_leaf_reg': 9.959855718226168, 'subsample': 0.8954977666553972, 'random_strength': 0.47488467805851076, 'bagging_temperature': 0.00182235115637199, 'max_epochs': 300}. Best is trial 62 with value: 0.2968609564220695.
[I 2026-04-12 18:59:13,519] Trial 115 finished with value: 0.32684423728890605 and parameters: {'depth': 4, 'learning_rate': 0.004127385240800281, 'l2_leaf_reg': 6.494149323087516, 'subsample': 0.954751669167722, 'random_strength': 0.4591073073819451, 'bagging_temperature': 0.0025550147153709786, 'max_epochs': 300}. Best is trial 62 with value: 0.2968609564220695.
[I 2026-04-12 18:59:16,615] Trial 116 finished with value: 0.3065637681595315 and parameters: {'depth': 4, 'learning_rate': 0.0030364643922001365, 'l2_leaf_reg': 8.514668135138464, 'subsample': 0.9743190869344386, 'random_strength': 0.3796982542630344, 'bagging_temperature': 0.1346263067234211, 'max_epochs': 300}. Best is trial 62 with value: 0.2968609564220695.
[I 2026-04-12 18:59:19,715] Trial 117 finished with value: 0.32462294586884805 and parameters: {'depth': 5, 'learning_rate': 0.0027002232788642293, 'l2_leaf_reg': 7.164018361623553, 'subsample': 0.9640957754890962, 'random_strength': 0.5547526558798153, 'bagging_temperature': 0.0011590822151820344, 'max_epochs': 300}. Best is trial 62 with value: 0.2968609564220695.
[I 2026-04-12 18:59:22,788] Trial 118 finished with value: 0.32073964773610236 and parameters: {'depth': 4, 'learning_rate': 0.0035539548807676214, 'l2_leaf_reg': 4.5406175888470495, 'subsample': 0.9999775834155322, 'random_strength': 0.3100058726151293, 'bagging_temperature': 0.0034533797799299313, 'max_epochs': 300}. Best is trial 62 with value: 0.2968609564220695.
[I 2026-04-12 18:59:25,858] Trial 119 finished with value: 0.3231818255464238 and parameters: {'depth': 4, 'learning_rate': 0.0023957610942570116, 'l2_leaf_reg': 5.257159137529441, 'subsample': 0.6754939067645689, 'random_strength': 0.43223838562287864, 'bagging_temperature': 0.0016804870029672296, 'max_epochs': 300}. Best is trial 62 with value: 0.2968609564220695.
[I 2026-04-12 18:59:29,003] Trial 120 finished with value: 0.3486570306812908 and parameters: {'depth': 5, 'learning_rate': 0.0028756140396501463, 'l2_leaf_reg': 8.371019070675874, 'subsample': 0.9209216819315299, 'random_strength': 0.3982558405745718, 'bagging_temperature': 0.00248435637090195, 'max_epochs': 300}. Best is trial 62 with value: 0.2968609564220695.
