[I 2026-04-12 16:24:27,245] Trial 59 finished with value: 0.3782937185471829 and parameters: {'history_length': 131, 'd_model': 245, 'n_layers': 6, 'd_state': 20, 'd_conv': 6, 'expand': 3, 'dropout': 0.4144692715836369, 'batch_size': 362, 'learning_rate': 0.0007160203083492367, 'weight_decay': 0.0002267540494712652}. Best is trial 31 with value: 0.3045169989198692.
[I 2026-04-12 16:24:54,748] Trial 60 finished with value: 0.4001904724532717 and parameters: {'history_length': 151, 'd_model': 251, 'n_layers': 4, 'd_state': 25, 'd_conv': 5, 'expand': 2, 'dropout': 0.47006681568852643, 'batch_size': 372, 'learning_rate': 0.0009392706613822771, 'weight_decay': 0.009200013498088177}. Best is trial 31 with value: 0.3045169989198692.
[I 2026-04-12 16:25:27,927] Trial 61 finished with value: 0.3256680972005692 and parameters: {'history_length': 115, 'd_model': 293, 'n_layers': 5, 'd_state': 18, 'd_conv': 4, 'expand': 2, 'dropout': 0.37003025239704596, 'batch_size': 376, 'learning_rate': 0.0012405051931678511, 'weight_decay': 0.00018364578475299676}. Best is trial 31 with value: 0.3045169989198692.
[I 2026-04-12 16:25:50,734] Trial 62 finished with value: 0.38578032565491244 and parameters: {'history_length': 121, 'd_model': 226, 'n_layers': 5, 'd_state': 17, 'd_conv': 7, 'expand': 2, 'dropout': 0.3905732221898486, 'batch_size': 355, 'learning_rate': 0.0011122318939399535, 'weight_decay': 0.0002837292052131852}. Best is trial 31 with value: 0.3045169989198692.
[I 2026-04-12 16:26:24,128] Trial 63 finished with value: 0.3672674021250765 and parameters: {'history_length': 112, 'd_model': 280, 'n_layers': 7, 'd_state': 19, 'd_conv': 8, 'expand': 2, 'dropout': 0.371135783166828, 'batch_size': 375, 'learning_rate': 0.0012256503498031806, 'weight_decay': 0.00019961493699794877}. Best is trial 31 with value: 0.3045169989198692.
[I 2026-04-12 16:27:03,166] Trial 64 finished with value: 0.32056896817194275 and parameters: {'history_length': 139, 'd_model': 210, 'n_layers': 4, 'd_state': 23, 'd_conv': 5, 'expand': 2, 'dropout': 0.35101956121309713, 'batch_size': 344, 'learning_rate': 0.0011693357885673896, 'weight_decay': 0.00011425879130469388}. Best is trial 31 with value: 0.3045169989198692.
[I 2026-04-12 16:27:32,785] Trial 65 finished with value: 0.3797831071085814 and parameters: {'history_length': 144, 'd_model': 209, 'n_layers': 3, 'd_state': 30, 'd_conv': 6, 'expand': 2, 'dropout': 0.35296832318622756, 'batch_size': 218, 'learning_rate': 0.0010113496188860218, 'weight_decay': 0.00011327139558525785}. Best is trial 31 with value: 0.3045169989198692.
[I 2026-04-12 16:27:58,181] Trial 66 finished with value: 0.41352784881989163 and parameters: {'history_length': 137, 'd_model': 183, 'n_layers': 4, 'd_state': 22, 'd_conv': 6, 'expand': 2, 'dropout': 0.4456182128933387, 'batch_size': 334, 'learning_rate': 0.0007889326716833614, 'weight_decay': 0.0001353571394216353}. Best is trial 31 with value: 0.3045169989198692.
[I 2026-04-12 16:28:28,050] Trial 67 finished with value: 0.3533372419545113 and parameters: {'history_length': 129, 'd_model': 156, 'n_layers': 2, 'd_state': 26, 'd_conv': 5, 'expand': 2, 'dropout': 0.40060038780764184, 'batch_size': 194, 'learning_rate': 0.0011658068450458368, 'weight_decay': 0.0002316288834633235}. Best is trial 31 with value: 0.3045169989198692.
[I 2026-04-12 16:29:04,438] Trial 68 finished with value: 0.3597357136391341 and parameters: {'history_length': 146, 'd_model': 462, 'n_layers': 3, 'd_state': 58, 'd_conv': 5, 'expand': 2, 'dropout': 0.29226874209043263, 'batch_size': 207, 'learning_rate': 0.000674546464363554, 'weight_decay': 0.005653964534196785}. Best is trial 31 with value: 0.3045169989198692.
[I 2026-04-12 16:29:32,366] Trial 69 finished with value: 0.3603573213726526 and parameters: {'history_length': 154, 'd_model': 195, 'n_layers': 4, 'd_state': 23, 'd_conv': 6, 'expand': 2, 'dropout': 0.16765957068750564, 'batch_size': 350, 'learning_rate': 0.0009636070731868224, 'weight_decay': 0.0016618083635351287}. Best is trial 31 with value: 0.3045169989198692.
[I 2026-04-12 16:29:56,533] Trial 70 finished with value: 0.3671728711031481 and parameters: {'history_length': 94, 'd_model': 227, 'n_layers': 5, 'd_state': 28, 'd_conv': 3, 'expand': 2, 'dropout': 0.3813416701961048, 'batch_size': 314, 'learning_rate': 0.001082060015934364, 'weight_decay': 0.0005751599234969499}. Best is trial 31 with value: 0.3045169989198692.
[I 2026-04-12 16:30:21,893] Trial 71 finished with value: 0.36463062558834547 and parameters: {'history_length': 106, 'd_model': 263, 'n_layers': 5, 'd_state': 14, 'd_conv': 4, 'expand': 2, 'dropout': 0.32064068134435864, 'batch_size': 364, 'learning_rate': 0.001405293457082621, 'weight_decay': 0.00017797017839474738}. Best is trial 31 with value: 0.3045169989198692.
[I 2026-04-12 16:30:57,959] Trial 72 finished with value: 0.3648876473169891 and parameters: {'history_length': 122, 'd_model': 238, 'n_layers': 6, 'd_state': 19, 'd_conv': 5, 'expand': 2, 'dropout': 0.3551107635670043, 'batch_size': 345, 'learning_rate': 0.0012601772106419576, 'weight_decay': 0.000145868963447168}. Best is trial 31 with value: 0.3045169989198692.
[I 2026-04-12 16:31:47,497] Trial 73 finished with value: 0.3498972976865944 and parameters: {'history_length': 115, 'd_model': 307, 'n_layers': 5, 'd_state': 18, 'd_conv': 5, 'expand': 2, 'dropout': 0.10356522522204915, 'batch_size': 377, 'learning_rate': 0.0016050109914884452, 'weight_decay': 0.00011483703257290563}. Best is trial 31 with value: 0.3045169989198692.
[I 2026-04-12 16:32:52,749] Trial 74 finished with value: 0.35458998216523063 and parameters: {'history_length': 125, 'd_model': 281, 'n_layers': 4, 'd_state': 12, 'd_conv': 4, 'expand': 3, 'dropout': 0.3057809286581281, 'batch_size': 360, 'learning_rate': 0.0011510569815614336, 'weight_decay': 0.00010007347838744092}. Best is trial 31 with value: 0.3045169989198692.
[I 2026-04-12 16:33:22,996] Trial 75 finished with value: 0.38151251540381964 and parameters: {'history_length': 131, 'd_model': 172, 'n_layers': 6, 'd_state': 21, 'd_conv': 4, 'expand': 2, 'dropout': 0.3408751894964101, 'batch_size': 334, 'learning_rate': 0.0009026446279248257, 'weight_decay': 0.00032278627931322287}. Best is trial 31 with value: 0.3045169989198692.
[I 2026-04-12 16:34:01,810] Trial 76 finished with value: 0.44186659861070887 and parameters: {'history_length': 138, 'd_model': 206, 'n_layers': 10, 'd_state': 9, 'd_conv': 8, 'expand': 2, 'dropout': 0.2823236593403814, 'batch_size': 180, 'learning_rate': 0.001761949835898656, 'weight_decay': 0.00018366144440344864}. Best is trial 31 with value: 0.3045169989198692.
[I 2026-04-12 16:34:44,215] Trial 77 finished with value: 0.3908160724318944 and parameters: {'history_length': 185, 'd_model': 251, 'n_layers': 5, 'd_state': 14, 'd_conv': 4, 'expand': 2, 'dropout': 0.33232345577286543, 'batch_size': 250, 'learning_rate': 0.0007577501943908707, 'weight_decay': 0.00025340706455633926}. Best is trial 31 with value: 0.3045169989198692.
[I 2026-04-12 16:35:06,219] Trial 78 finished with value: 0.35839591030432905 and parameters: {'history_length': 84, 'd_model': 321, 'n_layers': 3, 'd_state': 24, 'd_conv': 3, 'expand': 3, 'dropout': 0.3163469002610731, 'batch_size': 367, 'learning_rate': 0.0010378919409177222, 'weight_decay': 0.00014971091715516803}. Best is trial 31 with value: 0.3045169989198692.
[I 2026-04-12 16:35:41,290] Trial 79 finished with value: 0.30207072214805947 and parameters: {'history_length': 111, 'd_model': 426, 'n_layers': 7, 'd_state': 16, 'd_conv': 5, 'expand': 4, 'dropout': 0.36313451933794916, 'batch_size': 298, 'learning_rate': 0.001207390111048131, 'weight_decay': 0.001244021998598769}. Best is trial 79 with value: 0.30207072214805947.
Trial 0: Found result in 20260412_151652
Trial 0 completed with validation loss: 0.3518757350799261
Trial 1: Found result in 20260412_151820
Trial 1 completed with validation loss: 0.3677545056241905
Trial 2: Found result in 20260412_151847
Trial 2 completed with validation loss: 0.3704278353031281
Trial 3: Found result in 20260412_152024
Trial 3 completed with validation loss: 0.37768279227891066
Trial 4: Found result in 20260412_152038
Trial 4 completed with validation loss: 0.39378931838449094
Trial 5: Found result in 20260412_152129
Trial 5 completed with validation loss: 0.4028959273562883
Trial 6: Found result in 20260412_152214
Trial 6 completed with validation loss: 0.37257990345430836
Trial 7: Found result in 20260412_152253
Trial 7 completed with validation loss: 0.38713295322842894
Trial 8: Found result in 20260412_152426
Trial 8 completed with validation loss: 0.43211095370035413
Trial 9: Found result in 20260412_152511
Trial 9 completed with validation loss: 0.34899858236312864
Trial 10: Found result in 20260412_152700
Trial 10 completed with validation loss: 0.3194377985393372
Trial 11: Found result in 20260412_152931
Trial 11 completed with validation loss: 0.4308115462781532
Trial 12: Found result in 20260412_153102
Trial 12 completed with validation loss: 0.42876907994681357
Trial 13: Found result in 20260412_153249
Trial 13 completed with validation loss: 0.36746731075769457
Trial 14: Found result in 20260412_153411
Trial 14 completed with validation loss: 0.3787080589786441
Trial 15: Found result in 20260412_153546
Trial 15 completed with validation loss: 0.4507259320064617
Trial 16: Found result in 20260412_153614
Trial 16 completed with validation loss: 0.3862055241159378
Trial 17: Found result in 20260412_153736
Trial 17 completed with validation loss: 0.5016322751580966
Trial 18: Found result in 20260412_153819
Trial 18 completed with validation loss: 0.3449239694373652
Trial 19: Found result in 20260412_154052
Trial 19 completed with validation loss: 0.3604280576109886
Trial 20: Found result in 20260412_154259
Trial 20 completed with validation loss: 0.43195766317566164
Trial 21: Found result in 20260412_154331
Trial 21 completed with validation loss: 0.3603203985615382
Trial 22: Found result in 20260412_154527
Trial 22 completed with validation loss: 0.3530183678595864
Trial 23: Found result in 20260412_154713
Trial 23 completed with validation loss: 0.3653917355373645
Trial 24: Found result in 20260412_154842
Trial 24 completed with validation loss: 0.3504233005892188
Trial 25: Found result in 20260412_154952
Trial 25 completed with validation loss: 0.366599285134721
Trial 26: Found result in 20260412_155136
Trial 26 completed with validation loss: 0.4381408645703008
Trial 27: Found result in 20260412_155236
Trial 27 completed with validation loss: 0.3716071420094311
Trial 28: Found result in 20260412_155426
Trial 28 completed with validation loss: 0.36152205526604686
Trial 29: Found result in 20260412_155542
Trial 29 completed with validation loss: 0.3726803067732941
Trial 30: Found result in 20260412_155752
Trial 30 completed with validation loss: 0.35513432057537914
Trial 31: Found result in 20260412_155910
Trial 31 completed with validation loss: 0.3045169989198692
Trial 32: Found result in 20260412_160056
Trial 32 completed with validation loss: 0.3557427256651547
Trial 33: Found result in 20260412_160255
Trial 33 completed with validation loss: 0.3646437379677989
Trial 34: Found result in 20260412_160422
Trial 34 completed with validation loss: 0.38760714533721435
Trial 35: Found result in 20260412_160509
Trial 35 completed with validation loss: 0.3861105442328982
Trial 36: Found result in 20260412_160614
Trial 36 completed with validation loss: 0.41160275907870825
Trial 37: Found result in 20260412_160750
Trial 37 completed with validation loss: 0.3729376256069303
Trial 38: Found result in 20260412_160917
Trial 38 completed with validation loss: 0.3921915876579396
Trial 39: Found result in 20260412_160933
Trial 39 completed with validation loss: 0.3296365860058711
Trial 40: Found result in 20260412_161033
Trial 40 completed with validation loss: 0.3559598785799903
Trial 41: Found result in 20260412_161142
Trial 41 completed with validation loss: 0.33266039691191407
Trial 42: Found result in 20260412_161214
Trial 42 completed with validation loss: 0.3121891339160434
Trial 43: Found result in 20260412_161256
Trial 43 completed with validation loss: 0.3896561501572469
Trial 44: Found result in 20260412_161336
Trial 44 completed with validation loss: 0.3578835356606901
Trial 45: Found result in 20260412_161358
Trial 45 completed with validation loss: 0.3902933659875407
Trial 46: Found result in 20260412_161424
Trial 46 completed with validation loss: 0.400400000792451
Trial 47: Found result in 20260412_161508
Trial 47 completed with validation loss: 0.3980542602746383
Trial 48: Found result in 20260412_161546
Trial 48 completed with validation loss: 0.3125537448043753
Trial 49: Found result in 20260412_161646
Trial 49 completed with validation loss: 0.38939018309740686
Trial 50: Found result in 20260412_161737
Trial 50 completed with validation loss: 0.35819316763344916
Trial 51: Found result in 20260412_161818
Trial 51 completed with validation loss: 0.36784111675137043
Trial 52: Found result in 20260412_161943
Trial 52 completed with validation loss: 0.35906944368807436
Trial 53: Found result in 20260412_162021
Trial 53 completed with validation loss: 0.40678158194225006
Trial 54: Found result in 20260412_162105
Trial 54 completed with validation loss: 0.38857892785905107
Trial 55: Found result in 20260412_162145
Trial 55 completed with validation loss: 0.3874133806526109
Trial 56: Found result in 20260412_162217
Trial 56 completed with validation loss: 0.40475662261526163
Trial 57: Found result in 20260412_162244
Trial 57 completed with validation loss: 0.36630724991437064
Trial 58: Found result in 20260412_162321
Trial 58 completed with validation loss: 0.31994033198338867
Trial 59: Found result in 20260412_162358
Trial 59 completed with validation loss: 0.3782937185471829
Trial 60: Found result in 20260412_162428
Trial 60 completed with validation loss: 0.4001904724532717
Trial 61: Found result in 20260412_162456
Trial 61 completed with validation loss: 0.3256680972005692
Trial 62: Found result in 20260412_162529
Trial 62 completed with validation loss: 0.38578032565491244
Trial 63: Found result in 20260412_162552
Trial 63 completed with validation loss: 0.3672674021250765
Trial 64: Found result in 20260412_162625
Trial 64 completed with validation loss: 0.32056896817194275
Trial 65: Found result in 20260412_162704
Trial 65 completed with validation loss: 0.3797831071085814
Trial 66: Found result in 20260412_162734
Trial 66 completed with validation loss: 0.41352784881989163
Trial 67: Found result in 20260412_162759
Trial 67 completed with validation loss: 0.3533372419545113
Trial 68: Found result in 20260412_162829
Trial 68 completed with validation loss: 0.3597357136391341
Trial 69: Found result in 20260412_162906
Trial 69 completed with validation loss: 0.3603573213726526
Trial 70: Found result in 20260412_162933
Trial 70 completed with validation loss: 0.3671728711031481
Trial 71: Found result in 20260412_162958
Trial 71 completed with validation loss: 0.36463062558834547
Trial 72: Found result in 20260412_163023
Trial 72 completed with validation loss: 0.3648876473169891
Trial 73: Found result in 20260412_163059
Trial 73 completed with validation loss: 0.3498972976865944
Trial 74: Found result in 20260412_163149
Trial 74 completed with validation loss: 0.35458998216523063
Trial 75: Found result in 20260412_163254
Trial 75 completed with validation loss: 0.38151251540381964
Trial 76: Found result in 20260412_163324
Trial 76 completed with validation loss: 0.44186659861070887
Trial 77: Found result in 20260412_163403
Trial 77 completed with validation loss: 0.3908160724318944
Trial 78: Found result in 20260412_163445
Trial 78 completed with validation loss: 0.35839591030432905
Trial 79: Found result in 20260412_163507
Trial 79 completed with validation loss: 0.30207072214805947
Trial 80: Found result in 20260412_163542[I 2026-04-12 16:36:31,510] Trial 80 finished with value: 0.3870973790088032 and parameters: {'history_length': 165, 'd_model': 384, 'n_layers': 7, 'd_state': 22, 'd_conv': 5, 'expand': 4, 'dropout': 0.43243537138987487, 'batch_size': 319, 'learning_rate': 0.0008303364015331637, 'weight_decay': 0.0011148601024425667}. Best is trial 79 with value: 0.30207072214805947.
[I 2026-04-12 16:37:03,349] Trial 81 finished with value: 0.39678295275410963 and parameters: {'history_length': 104, 'd_model': 431, 'n_layers': 7, 'd_state': 16, 'd_conv': 5, 'expand': 4, 'dropout': 0.366128207610201, 'batch_size': 270, 'learning_rate': 0.0012062395913248227, 'weight_decay': 0.0008764516783210715}. Best is trial 79 with value: 0.30207072214805947.
[I 2026-04-12 16:37:50,996] Trial 82 finished with value: 0.340366487437432 and parameters: {'history_length': 110, 'd_model': 450, 'n_layers': 6, 'd_state': 12, 'd_conv': 4, 'expand': 4, 'dropout': 0.3855878292308165, 'batch_size': 378, 'learning_rate': 0.0013936413258370643, 'weight_decay': 0.0013354847538604056}. Best is trial 79 with value: 0.30207072214805947.
[I 2026-04-12 16:38:31,385] Trial 83 finished with value: 0.32189310738342064 and parameters: {'history_length': 113, 'd_model': 408, 'n_layers': 9, 'd_state': 18, 'd_conv': 6, 'expand': 4, 'dropout': 0.4072716721666418, 'batch_size': 293, 'learning_rate': 0.0012958554713532308, 'weight_decay': 0.0014855245971157273}. Best is trial 79 with value: 0.30207072214805947.
[I 2026-04-12 16:39:51,460] Trial 84 finished with value: 0.33676514837202753 and parameters: {'history_length': 175, 'd_model': 408, 'n_layers': 9, 'd_state': 18, 'd_conv': 7, 'expand': 4, 'dropout': 0.4857408503870806, 'batch_size': 297, 'learning_rate': 0.0014507507663526701, 'weight_decay': 0.0023312110849706387}. Best is trial 79 with value: 0.30207072214805947.
[I 2026-04-12 16:40:27,834] Trial 85 finished with value: 0.354304546377251 and parameters: {'history_length': 114, 'd_model': 383, 'n_layers': 9, 'd_state': 20, 'd_conv': 6, 'expand': 4, 'dropout': 0.4057878904001327, 'batch_size': 264, 'learning_rate': 0.001308078958280167, 'weight_decay': 0.001354768897974513}. Best is trial 79 with value: 0.30207072214805947.
[I 2026-04-12 16:40:55,409] Trial 86 finished with value: 0.34454595814082073 and parameters: {'history_length': 102, 'd_model': 415, 'n_layers': 8, 'd_state': 19, 'd_conv': 6, 'expand': 4, 'dropout': 0.42813565486648447, 'batch_size': 298, 'learning_rate': 0.001242510384034328, 'weight_decay': 0.001804045301028157}. Best is trial 79 with value: 0.30207072214805947.
[I 2026-04-12 16:41:24,937] Trial 87 finished with value: 0.4070507159175564 and parameters: {'history_length': 108, 'd_model': 482, 'n_layers': 8, 'd_state': 15, 'd_conv': 5, 'expand': 4, 'dropout': 0.3600231021679688, 'batch_size': 233, 'learning_rate': 0.0011107930258857771, 'weight_decay': 0.0007885991154951452}. Best is trial 79 with value: 0.30207072214805947.
[I 2026-04-12 16:41:41,439] Trial 88 finished with value: 0.428920803820632 and parameters: {'history_length': 94, 'd_model': 437, 'n_layers': 9, 'd_state': 27, 'd_conv': 5, 'expand': 4, 'dropout': 0.3407680729350376, 'batch_size': 129, 'learning_rate': 0.0004641762533773229, 'weight_decay': 0.0009243990475222957}. Best is trial 79 with value: 0.30207072214805947.
[I 2026-04-12 16:42:10,846] Trial 89 finished with value: 0.3365804184853261 and parameters: {'history_length': 118, 'd_model': 217, 'n_layers': 10, 'd_state': 17, 'd_conv': 6, 'expand': 4, 'dropout': 0.26965889690203415, 'batch_size': 304, 'learning_rate': 0.0011465035939987151, 'weight_decay': 0.002796762985548477}. Best is trial 79 with value: 0.30207072214805947.
[I 2026-04-12 16:42:49,880] Trial 90 finished with value: 0.34725010385800414 and parameters: {'history_length': 134, 'd_model': 373, 'n_layers': 12, 'd_state': 13, 'd_conv': 7, 'expand': 4, 'dropout': 0.45089768680909753, 'batch_size': 293, 'learning_rate': 0.0012894054429276466, 'weight_decay': 0.0014085801387995582}. Best is trial 79 with value: 0.30207072214805947.
[I 2026-04-12 16:43:21,817] Trial 91 finished with value: 0.33254955842779427 and parameters: {'history_length': 119, 'd_model': 340, 'n_layers': 5, 'd_state': 16, 'd_conv': 4, 'expand': 4, 'dropout': 0.29926070390157905, 'batch_size': 350, 'learning_rate': 0.0013548604275120048, 'weight_decay': 0.0002051527577444989}. Best is trial 79 with value: 0.30207072214805947.
[I 2026-04-12 16:44:15,489] Trial 92 finished with value: 0.36498969414585686 and parameters: {'history_length': 124, 'd_model': 269, 'n_layers': 4, 'd_state': 11, 'd_conv': 4, 'expand': 4, 'dropout': 0.38729692078325595, 'batch_size': 282, 'learning_rate': 0.0015544061993693907, 'weight_decay': 0.002008531533749171}. Best is trial 79 with value: 0.30207072214805947.
[I 2026-04-12 16:45:14,472] Trial 93 finished with value: 0.4575207971091218 and parameters: {'history_length': 113, 'd_model': 466, 'n_layers': 6, 'd_state': 21, 'd_conv': 3, 'expand': 2, 'dropout': 0.33205319232179936, 'batch_size': 213, 'learning_rate': 0.0016756383817756976, 'weight_decay': 0.00016367670925769687}. Best is trial 79 with value: 0.30207072214805947.
[I 2026-04-12 16:45:41,129] Trial 94 finished with value: 0.3627439110640771 and parameters: {'history_length': 130, 'd_model': 398, 'n_layers': 5, 'd_state': 15, 'd_conv': 4, 'expand': 2, 'dropout': 0.3127478135139296, 'batch_size': 373, 'learning_rate': 0.0012072954983796816, 'weight_decay': 0.00013165361137638487}. Best is trial 79 with value: 0.30207072214805947.
[I 2026-04-12 16:46:34,528] Trial 95 finished with value: 0.3289308049516654 and parameters: {'history_length': 157, 'd_model': 289, 'n_layers': 11, 'd_state': 18, 'd_conv': 5, 'expand': 3, 'dropout': 0.3534128916559271, 'batch_size': 381, 'learning_rate': 0.0014788158444525826, 'weight_decay': 0.0012096690938815412}. Best is trial 79 with value: 0.30207072214805947.
