[I 2026-04-12 15:16:50,108] A new study created in memory with name: mamba_v5_20260412_151649
[I 2026-04-12 15:18:18,359] Trial 0 finished with value: 0.3518757350799261 and parameters: {'history_length': 161, 'd_model': 500, 'n_layers': 7, 'd_state': 52, 'd_conv': 8, 'expand': 4, 'dropout': 0.18510760878954233, 'batch_size': 285, 'learning_rate': 0.0014889011773611535, 'weight_decay': 0.0016664932632375609}. Best is trial 0 with value: 0.3518757350799261.
[I 2026-04-12 15:18:44,873] Trial 1 finished with value: 0.3677545056241905 and parameters: {'history_length': 119, 'd_model': 73, 'n_layers': 12, 'd_state': 34, 'd_conv': 3, 'expand': 2, 'dropout': 0.499811225394828, 'batch_size': 378, 'learning_rate': 0.0007160216465750637, 'weight_decay': 0.0024144862411165885}. Best is trial 0 with value: 0.3518757350799261.
[I 2026-04-12 15:20:22,487] Trial 2 finished with value: 0.3704278353031281 and parameters: {'history_length': 158, 'd_model': 279, 'n_layers': 10, 'd_state': 55, 'd_conv': 6, 'expand': 2, 'dropout': 0.16579468974877065, 'batch_size': 300, 'learning_rate': 0.0010259907759202457, 'weight_decay': 0.00083463680422764}. Best is trial 0 with value: 0.3518757350799261.
[I 2026-04-12 15:20:36,510] Trial 3 finished with value: 0.37768279227891066 and parameters: {'history_length': 43, 'd_model': 492, 'n_layers': 2, 'd_state': 15, 'd_conv': 5, 'expand': 3, 'dropout': 0.2376565364370976, 'batch_size': 263, 'learning_rate': 0.0008005326179832648, 'weight_decay': 0.002168072617243983}. Best is trial 0 with value: 0.3518757350799261.
[I 2026-04-12 15:21:27,792] Trial 4 finished with value: 0.39378931838449094 and parameters: {'history_length': 111, 'd_model': 391, 'n_layers': 6, 'd_state': 13, 'd_conv': 4, 'expand': 4, 'dropout': 0.39340103357717365, 'batch_size': 141, 'learning_rate': 0.0006396161787435757, 'weight_decay': 0.0019449187084788363}. Best is trial 0 with value: 0.3518757350799261.
[I 2026-04-12 15:22:12,041] Trial 5 finished with value: 0.4028959273562883 and parameters: {'history_length': 110, 'd_model': 102, 'n_layers': 11, 'd_state': 11, 'd_conv': 4, 'expand': 4, 'dropout': 0.10312574114836467, 'batch_size': 353, 'learning_rate': 0.0005023967521797391, 'weight_decay': 0.001531771622070968}. Best is trial 0 with value: 0.3518757350799261.
[I 2026-04-12 15:22:51,210] Trial 6 finished with value: 0.37257990345430836 and parameters: {'history_length': 89, 'd_model': 392, 'n_layers': 5, 'd_state': 45, 'd_conv': 2, 'expand': 3, 'dropout': 0.14785327879496685, 'batch_size': 166, 'learning_rate': 0.000976706144493597, 'weight_decay': 0.008115762750478414}. Best is trial 0 with value: 0.3518757350799261.
[I 2026-04-12 15:24:24,638] Trial 7 finished with value: 0.38713295322842894 and parameters: {'history_length': 145, 'd_model': 286, 'n_layers': 11, 'd_state': 33, 'd_conv': 3, 'expand': 2, 'dropout': 0.15870756554091928, 'batch_size': 191, 'learning_rate': 0.0012829072443294829, 'weight_decay': 0.006071772901169998}. Best is trial 0 with value: 0.3518757350799261.
[I 2026-04-12 15:25:09,531] Trial 8 finished with value: 0.43211095370035413 and parameters: {'history_length': 99, 'd_model': 138, 'n_layers': 6, 'd_state': 56, 'd_conv': 5, 'expand': 2, 'dropout': 0.2533169946070308, 'batch_size': 350, 'learning_rate': 0.00042889021375335873, 'weight_decay': 0.002841445973818233}. Best is trial 0 with value: 0.3518757350799261.
[I 2026-04-12 15:26:58,866] Trial 9 finished with value: 0.34899858236312864 and parameters: {'history_length': 170, 'd_model': 295, 'n_layers': 8, 'd_state': 16, 'd_conv': 2, 'expand': 4, 'dropout': 0.2980253052222222, 'batch_size': 212, 'learning_rate': 0.0011933126846553192, 'weight_decay': 0.0003897206079612745}. Best is trial 9 with value: 0.34899858236312864.
[I 2026-04-12 15:29:29,892] Trial 10 finished with value: 0.3194377985393372 and parameters: {'history_length': 191, 'd_model': 196, 'n_layers': 9, 'd_state': 24, 'd_conv': 8, 'expand': 4, 'dropout': 0.33709054266005967, 'batch_size': 208, 'learning_rate': 0.0019236140907788744, 'weight_decay': 0.00020469604552665168}. Best is trial 10 with value: 0.3194377985393372.
[I 2026-04-12 15:31:00,980] Trial 11 finished with value: 0.4308115462781532 and parameters: {'history_length': 190, 'd_model': 204, 'n_layers': 9, 'd_state': 23, 'd_conv': 8, 'expand': 4, 'dropout': 0.3442227799637236, 'batch_size': 214, 'learning_rate': 0.0019881071548155074, 'weight_decay': 0.00019974905795903456}. Best is trial 10 with value: 0.3194377985393372.
[I 2026-04-12 15:32:47,847] Trial 12 finished with value: 0.42876907994681357 and parameters: {'history_length': 187, 'd_model': 201, 'n_layers': 8, 'd_state': 24, 'd_conv': 7, 'expand': 3, 'dropout': 0.3147302779260026, 'batch_size': 227, 'learning_rate': 0.0019828571216035117, 'weight_decay': 0.0001991104548373197}. Best is trial 10 with value: 0.3194377985393372.
[I 2026-04-12 15:34:09,591] Trial 13 finished with value: 0.36746731075769457 and parameters: {'history_length': 171, 'd_model': 210, 'n_layers': 4, 'd_state': 22, 'd_conv': 2, 'expand': 4, 'dropout': 0.28283682234348373, 'batch_size': 241, 'learning_rate': 0.0014150563374609583, 'weight_decay': 0.00048370013546702485}. Best is trial 10 with value: 0.3194377985393372.
[I 2026-04-12 15:35:44,365] Trial 14 finished with value: 0.3787080589786441 and parameters: {'history_length': 142, 'd_model': 355, 'n_layers': 9, 'd_state': 29, 'd_conv': 6, 'expand': 3, 'dropout': 0.42405723437201115, 'batch_size': 185, 'learning_rate': 0.0012385314578607746, 'weight_decay': 0.00012166486072109667}. Best is trial 10 with value: 0.3194377985393372.
[I 2026-04-12 15:36:13,248] Trial 15 finished with value: 0.4507259320064617 and parameters: {'history_length': 63, 'd_model': 331, 'n_layers': 8, 'd_state': 42, 'd_conv': 7, 'expand': 4, 'dropout': 0.22145556602992708, 'batch_size': 142, 'learning_rate': 0.0016123874613681091, 'weight_decay': 0.0004555398537025706}. Best is trial 10 with value: 0.3194377985393372.
[I 2026-04-12 15:37:34,910] Trial 16 finished with value: 0.3862055241159378 and parameters: {'history_length': 176, 'd_model': 243, 'n_layers': 9, 'd_state': 64, 'd_conv': 6, 'expand': 3, 'dropout': 0.348126410466586, 'batch_size': 205, 'learning_rate': 0.001062391737754885, 'weight_decay': 0.0003699472693373455}. Best is trial 10 with value: 0.3194377985393372.
[I 2026-04-12 15:38:17,633] Trial 17 finished with value: 0.5016322751580966 and parameters: {'history_length': 134, 'd_model': 146, 'n_layers': 3, 'd_state': 8, 'd_conv': 4, 'expand': 4, 'dropout': 0.4981435555375374, 'batch_size': 260, 'learning_rate': 0.0017408518205365348, 'weight_decay': 0.00010744572321899248}. Best is trial 10 with value: 0.3194377985393372.
[I 2026-04-12 15:40:50,515] Trial 18 finished with value: 0.3449239694373652 and parameters: {'history_length': 192, 'd_model': 159, 'n_layers': 7, 'd_state': 21, 'd_conv': 3, 'expand': 4, 'dropout': 0.27882705328928736, 'batch_size': 301, 'learning_rate': 0.00121245844169147, 'weight_decay': 0.00023312163560068746}. Best is trial 10 with value: 0.3194377985393372.
[I 2026-04-12 15:42:58,255] Trial 19 finished with value: 0.3604280576109886 and parameters: {'history_length': 191, 'd_model': 161, 'n_layers': 6, 'd_state': 28, 'd_conv': 3, 'expand': 4, 'dropout': 0.39918826006767416, 'batch_size': 309, 'learning_rate': 0.0008241858766657255, 'weight_decay': 0.00019530295457727815}. Best is trial 10 with value: 0.3194377985393372.
[I 2026-04-12 15:43:30,040] Trial 20 finished with value: 0.43195766317566164 and parameters: {'history_length': 74, 'd_model': 69, 'n_layers': 7, 'd_state': 40, 'd_conv': 7, 'expand': 3, 'dropout': 0.20576413472991778, 'batch_size': 327, 'learning_rate': 0.001683613851013671, 'weight_decay': 0.0007385960676292197}. Best is trial 10 with value: 0.3194377985393372.
[I 2026-04-12 15:45:26,305] Trial 21 finished with value: 0.3603203985615382 and parameters: {'history_length': 170, 'd_model': 256, 'n_layers': 8, 'd_state': 19, 'd_conv': 2, 'expand': 4, 'dropout': 0.28633442032529327, 'batch_size': 242, 'learning_rate': 0.0011744758808668117, 'weight_decay': 0.00030930792498810476}. Best is trial 10 with value: 0.3194377985393372.
[I 2026-04-12 15:47:11,568] Trial 22 finished with value: 0.3530183678595864 and parameters: {'history_length': 153, 'd_model': 327, 'n_layers': 10, 'd_state': 17, 'd_conv': 3, 'expand': 4, 'dropout': 0.27105899092356966, 'batch_size': 272, 'learning_rate': 0.0013359082756275785, 'weight_decay': 0.0002642198819617799}. Best is trial 10 with value: 0.3194377985393372.
[I 2026-04-12 15:48:40,572] Trial 23 finished with value: 0.3653917355373645 and parameters: {'history_length': 180, 'd_model': 176, 'n_layers': 8, 'd_state': 28, 'd_conv': 2, 'expand': 4, 'dropout': 0.32418691339954425, 'batch_size': 171, 'learning_rate': 0.0011212895316395737, 'weight_decay': 0.0005419379730468707}. Best is trial 10 with value: 0.3194377985393372.
[I 2026-04-12 15:49:50,909] Trial 24 finished with value: 0.3504233005892188 and parameters: {'history_length': 167, 'd_model': 235, 'n_layers': 5, 'd_state': 18, 'd_conv': 4, 'expand': 4, 'dropout': 0.3072491658180285, 'batch_size': 225, 'learning_rate': 0.0009083148473380329, 'weight_decay': 0.00016557072408423425}. Best is trial 10 with value: 0.3194377985393372.
[I 2026-04-12 15:51:34,764] Trial 25 finished with value: 0.366599285134721 and parameters: {'history_length': 127, 'd_model': 118, 'n_layers': 7, 'd_state': 8, 'd_conv': 3, 'expand': 4, 'dropout': 0.38365832624039165, 'batch_size': 286, 'learning_rate': 0.0014579236170850413, 'weight_decay': 0.00027225321876201347}. Best is trial 10 with value: 0.3194377985393372.
[I 2026-04-12 15:52:35,284] Trial 26 finished with value: 0.4381408645703008 and parameters: {'history_length': 180, 'd_model': 175, 'n_layers': 9, 'd_state': 21, 'd_conv': 2, 'expand': 3, 'dropout': 0.20693149585404663, 'batch_size': 240, 'learning_rate': 0.0017699882316879756, 'weight_decay': 0.0006549225248821709}. Best is trial 10 with value: 0.3194377985393372.
[I 2026-04-12 15:54:25,286] Trial 27 finished with value: 0.3716071420094311 and parameters: {'history_length': 192, 'd_model': 222, 'n_layers': 10, 'd_state': 27, 'd_conv': 5, 'expand': 4, 'dropout': 0.2434010002295853, 'batch_size': 199, 'learning_rate': 0.0006188051184963554, 'weight_decay': 0.0010314879674682238}. Best is trial 10 with value: 0.3194377985393372.
[I 2026-04-12 15:55:40,486] Trial 28 finished with value: 0.36152205526604686 and parameters: {'history_length': 149, 'd_model': 313, 'n_layers': 5, 'd_state': 13, 'd_conv': 8, 'expand': 3, 'dropout': 0.35183167699988493, 'batch_size': 165, 'learning_rate': 0.000946221895576499, 'weight_decay': 0.0001263667647841119}. Best is trial 10 with value: 0.3194377985393372.
[I 2026-04-12 15:57:50,495] Trial 29 finished with value: 0.3726803067732941 and parameters: {'history_length': 161, 'd_model': 481, 'n_layers': 7, 'd_state': 25, 'd_conv': 8, 'expand': 4, 'dropout': 0.4441895127356267, 'batch_size': 324, 'learning_rate': 0.0015579767488385435, 'weight_decay': 0.001157842533949284}. Best is trial 10 with value: 0.3194377985393372.
[I 2026-04-12 15:59:08,452] Trial 30 finished with value: 0.35513432057537914 and parameters: {'history_length': 162, 'd_model': 448, 'n_layers': 7, 'd_state': 33, 'd_conv': 3, 'expand': 4, 'dropout': 0.12475297911163004, 'batch_size': 278, 'learning_rate': 0.0011674457491749472, 'weight_decay': 0.0003617882316158084}. Best is trial 10 with value: 0.3194377985393372.
[I 2026-04-12 16:00:55,114] Trial 31 finished with value: 0.3045169989198692 and parameters: {'history_length': 168, 'd_model': 247, 'n_layers': 5, 'd_state': 16, 'd_conv': 4, 'expand': 4, 'dropout': 0.3002430819332494, 'batch_size': 221, 'learning_rate': 0.0008240374092544818, 'weight_decay': 0.00015876196066227558}. Best is trial 31 with value: 0.3045169989198692.
[I 2026-04-12 16:02:53,462] Trial 32 finished with value: 0.3557427256651547 and parameters: {'history_length': 181, 'd_model': 259, 'n_layers': 4, 'd_state': 18, 'd_conv': 4, 'expand': 4, 'dropout': 0.28370194093859497, 'batch_size': 222, 'learning_rate': 0.0007941036544491022, 'weight_decay': 0.00015284683330645953}. Best is trial 31 with value: 0.3045169989198692.
[I 2026-04-12 16:04:20,413] Trial 33 finished with value: 0.3646437379677989 and parameters: {'history_length': 174, 'd_model': 302, 'n_layers': 6, 'd_state': 15, 'd_conv': 3, 'expand': 4, 'dropout': 0.25586960721411794, 'batch_size': 180, 'learning_rate': 0.0007504826457203578, 'weight_decay': 0.00025271092835952213}. Best is trial 31 with value: 0.3045169989198692.
[I 2026-04-12 16:05:07,554] Trial 34 finished with value: 0.38760714533721435 and parameters: {'history_length': 135, 'd_model': 186, 'n_layers': 4, 'd_state': 37, 'd_conv': 5, 'expand': 4, 'dropout': 0.19152773849925697, 'batch_size': 205, 'learning_rate': 0.0006327728762560826, 'weight_decay': 0.0001438688841103624}. Best is trial 31 with value: 0.3045169989198692.
[I 2026-04-12 16:06:13,258] Trial 35 finished with value: 0.3861105442328982 and parameters: {'history_length': 159, 'd_model': 272, 'n_layers': 12, 'd_state': 11, 'd_conv': 4, 'expand': 4, 'dropout': 0.3092766447853628, 'batch_size': 251, 'learning_rate': 0.0008801514954484752, 'weight_decay': 0.00020954430463329834}. Best is trial 31 with value: 0.3045169989198692.
[I 2026-04-12 16:07:48,883] Trial 36 finished with value: 0.41160275907870825 and parameters: {'history_length': 184, 'd_model': 115, 'n_layers': 2, 'd_state': 31, 'd_conv': 3, 'expand': 4, 'dropout': 0.22320391960742084, 'batch_size': 290, 'learning_rate': 0.0007029927059438479, 'weight_decay': 0.00010072877301275084}. Best is trial 31 with value: 0.3045169989198692.
[I 2026-04-12 16:09:16,313] Trial 37 finished with value: 0.3729376256069303 and parameters: {'history_length': 167, 'd_model': 363, 'n_layers': 8, 'd_state': 20, 'd_conv': 2, 'expand': 4, 'dropout': 0.36559809225649936, 'batch_size': 151, 'learning_rate': 0.0005657451975666905, 'weight_decay': 0.0003790737504959566}. Best is trial 31 with value: 0.3045169989198692.
[I 2026-04-12 16:09:31,738] Trial 38 finished with value: 0.3921915876579396 and parameters: {'history_length': 36, 'd_model': 96, 'n_layers': 11, 'd_state': 13, 'd_conv': 6, 'expand': 2, 'dropout': 0.271549411030646, 'batch_size': 232, 'learning_rate': 0.0010522819487905483, 'weight_decay': 0.00024773336870042423}. Best is trial 31 with value: 0.3045169989198692.
[I 2026-04-12 16:10:31,485] Trial 39 finished with value: 0.3296365860058711 and parameters: {'history_length': 120, 'd_model': 283, 'n_layers': 6, 'd_state': 16, 'd_conv': 4, 'expand': 3, 'dropout': 0.32198867098845807, 'batch_size': 381, 'learning_rate': 0.0013807998120339822, 'weight_decay': 0.00016032224853634834}. Best is trial 31 with value: 0.3045169989198692.
[I 2026-04-12 16:11:40,961] Trial 40 finished with value: 0.3559598785799903 and parameters: {'history_length': 117, 'd_model': 141, 'n_layers': 6, 'd_state': 26, 'd_conv': 5, 'expand': 3, 'dropout': 0.462012994907615, 'batch_size': 358, 'learning_rate': 0.0014235382193476974, 'weight_decay': 0.0036096193025019012}. Best is trial 31 with value: 0.3045169989198692.
[I 2026-04-12 16:12:12,148] Trial 41 finished with value: 0.33266039691191407 and parameters: {'history_length': 98, 'd_model': 291, 'n_layers': 5, 'd_state': 16, 'd_conv': 4, 'expand': 2, 'dropout': 0.3300378527107146, 'batch_size': 382, 'learning_rate': 0.0013070794261739464, 'weight_decay': 0.00015856048648833288}. Best is trial 31 with value: 0.3045169989198692.
[I 2026-04-12 16:12:54,522] Trial 42 finished with value: 0.3121891339160434 and parameters: {'history_length': 102, 'd_model': 279, 'n_layers': 5, 'd_state': 15, 'd_conv': 4, 'expand': 2, 'dropout': 0.32162905203939374, 'batch_size': 368, 'learning_rate': 0.0013300263494806434, 'weight_decay': 0.00015538602596843788}. Best is trial 31 with value: 0.3045169989198692.
[I 2026-04-12 16:13:34,963] Trial 43 finished with value: 0.3896561501572469 and parameters: {'history_length': 91, 'd_model': 273, 'n_layers': 5, 'd_state': 12, 'd_conv': 4, 'expand': 2, 'dropout': 0.32588379862905, 'batch_size': 378, 'learning_rate': 0.0018587007190928961, 'weight_decay': 0.00017058070108887655}. Best is trial 31 with value: 0.3045169989198692.
[I 2026-04-12 16:13:56,772] Trial 44 finished with value: 0.3578835356606901 and parameters: {'history_length': 100, 'd_model': 235, 'n_layers': 5, 'd_state': 15, 'd_conv': 4, 'expand': 2, 'dropout': 0.37490766948932425, 'batch_size': 363, 'learning_rate': 0.0013215230256424938, 'weight_decay': 0.00013144276840353796}. Best is trial 31 with value: 0.3045169989198692.
[I 2026-04-12 16:14:23,055] Trial 45 finished with value: 0.3902933659875407 and parameters: {'history_length': 71, 'd_model': 353, 'n_layers': 3, 'd_state': 10, 'd_conv': 5, 'expand': 2, 'dropout': 0.3314493900295393, 'batch_size': 370, 'learning_rate': 0.001552706539897264, 'weight_decay': 0.0001675964050348667}. Best is trial 31 with value: 0.3045169989198692.
[I 2026-04-12 16:15:06,817] Trial 46 finished with value: 0.400400000792451 and parameters: {'history_length': 105, 'd_model': 291, 'n_layers': 4, 'd_state': 48, 'd_conv': 4, 'expand': 2, 'dropout': 0.4022116296606353, 'batch_size': 337, 'learning_rate': 0.001887642965845254, 'weight_decay': 0.0001044370501928016}. Best is trial 31 with value: 0.3045169989198692.
[I 2026-04-12 16:15:44,258] Trial 47 finished with value: 0.3980542602746383 and parameters: {'history_length': 89, 'd_model': 321, 'n_layers': 6, 'd_state': 16, 'd_conv': 4, 'expand': 2, 'dropout': 0.2556711912014275, 'batch_size': 384, 'learning_rate': 0.0009977774903307261, 'weight_decay': 0.00031478400781219184}. Best is trial 31 with value: 0.3045169989198692.
[I 2026-04-12 16:16:44,749] Trial 48 finished with value: 0.3125537448043753 and parameters: {'history_length': 119, 'd_model': 398, 'n_layers': 3, 'd_state': 24, 'd_conv': 5, 'expand': 2, 'dropout': 0.30164466627615677, 'batch_size': 340, 'learning_rate': 0.0013623154383962288, 'weight_decay': 0.00019006833348254743}. Best is trial 31 with value: 0.3045169989198692.
[I 2026-04-12 16:17:35,910] Trial 49 finished with value: 0.38939018309740686 and parameters: {'history_length': 122, 'd_model': 403, 'n_layers': 3, 'd_state': 31, 'd_conv': 5, 'expand': 2, 'dropout': 0.23823492723278816, 'batch_size': 340, 'learning_rate': 0.0016602500000887064, 'weight_decay': 0.00019459056958684423}. Best is trial 31 with value: 0.3045169989198692.
[I 2026-04-12 16:18:16,389] Trial 50 finished with value: 0.35819316763344916 and parameters: {'history_length': 54, 'd_model': 419, 'n_layers': 2, 'd_state': 23, 'd_conv': 6, 'expand': 3, 'dropout': 0.4230941531379336, 'batch_size': 368, 'learning_rate': 0.0014926724290403525, 'weight_decay': 0.00012530485075642832}. Best is trial 31 with value: 0.3045169989198692.
[I 2026-04-12 16:19:41,987] Trial 51 finished with value: 0.36784111675137043 and parameters: {'history_length': 110, 'd_model': 216, 'n_layers': 4, 'd_state': 20, 'd_conv': 5, 'expand': 2, 'dropout': 0.36449800149364525, 'batch_size': 349, 'learning_rate': 0.0013507640262089688, 'weight_decay': 0.00015480780745144153}. Best is trial 31 with value: 0.3045169989198692.
[I 2026-04-12 16:20:20,011] Trial 52 finished with value: 0.35906944368807436 and parameters: {'history_length': 82, 'd_model': 264, 'n_layers': 5, 'd_state': 24, 'd_conv': 7, 'expand': 2, 'dropout': 0.30278102074531843, 'batch_size': 384, 'learning_rate': 0.0010994932056662729, 'weight_decay': 0.00021371333925878283}. Best is trial 31 with value: 0.3045169989198692.
[I 2026-04-12 16:21:03,757] Trial 53 finished with value: 0.40678158194225006 and parameters: {'history_length': 99, 'd_model': 194, 'n_layers': 6, 'd_state': 10, 'd_conv': 4, 'expand': 2, 'dropout': 0.3398710244493089, 'batch_size': 370, 'learning_rate': 0.0012696059906901465, 'weight_decay': 0.00030736223514478287}. Best is trial 31 with value: 0.3045169989198692.
[I 2026-04-12 16:21:44,211] Trial 54 finished with value: 0.38857892785905107 and parameters: {'history_length': 116, 'd_model': 341, 'n_layers': 3, 'd_state': 14, 'd_conv': 4, 'expand': 2, 'dropout': 0.3167485490219538, 'batch_size': 355, 'learning_rate': 0.0008547217895137927, 'weight_decay': 0.00017938692220400358}. Best is trial 31 with value: 0.3045169989198692.
[I 2026-04-12 16:22:15,877] Trial 55 finished with value: 0.3874133806526109 and parameters: {'history_length': 126, 'd_model': 512, 'n_layers': 5, 'd_state': 17, 'd_conv': 5, 'expand': 2, 'dropout': 0.29445298140017523, 'batch_size': 343, 'learning_rate': 0.0013655763666703363, 'weight_decay': 0.0001380904211803322}. Best is trial 31 with value: 0.3045169989198692.
[I 2026-04-12 16:22:42,834] Trial 56 finished with value: 0.40475662261526163 and parameters: {'history_length': 140, 'd_model': 369, 'n_layers': 6, 'd_state': 22, 'd_conv': 7, 'expand': 3, 'dropout': 0.26333769430136905, 'batch_size': 327, 'learning_rate': 0.00040482001814712347, 'weight_decay': 0.00011927459439718488}. Best is trial 31 with value: 0.3045169989198692.
[I 2026-04-12 16:23:20,362] Trial 57 finished with value: 0.36630724991437064 and parameters: {'history_length': 106, 'd_model': 304, 'n_layers': 4, 'd_state': 36, 'd_conv': 4, 'expand': 3, 'dropout': 0.34855284098564426, 'batch_size': 314, 'learning_rate': 0.0015057841622370652, 'weight_decay': 0.0004442272089997803}. Best is trial 31 with value: 0.3045169989198692.
[I 2026-04-12 16:23:57,076] Trial 58 finished with value: 0.31994033198338867 and parameters: {'history_length': 134, 'd_model': 245, 'n_layers': 5, 'd_state': 19, 'd_conv': 6, 'expand': 2, 'dropout': 0.3854665400667508, 'batch_size': 377, 'learning_rate': 0.0009398217390048432, 'weight_decay': 0.00022947878562397796}. Best is trial 31 with value: 0.3045169989198692.
