[I 2026-04-12 16:47:08,259] Trial 96 finished with value: 0.3870716384741553 and parameters: {'history_length': 156, 'd_model': 429, 'n_layers': 11, 'd_state': 24, 'd_conv': 5, 'expand': 3, 'dropout': 0.3760277520865769, 'batch_size': 358, 'learning_rate': 0.0019168885343025816, 'weight_decay': 0.0012246156220520781}. Best is trial 79 with value: 0.30207072214805947.
[I 2026-04-12 16:47:51,304] Trial 97 finished with value: 0.3681660438689373 and parameters: {'history_length': 149, 'd_model': 295, 'n_layers': 10, 'd_state': 18, 'd_conv': 5, 'expand': 4, 'dropout': 0.41390179886964834, 'batch_size': 332, 'learning_rate': 0.0018204129548615108, 'weight_decay': 0.0015736126795166}. Best is trial 79 with value: 0.30207072214805947.
[I 2026-04-12 16:48:54,918] Trial 98 finished with value: 0.3424297343160704 and parameters: {'history_length': 157, 'd_model': 230, 'n_layers': 11, 'd_state': 33, 'd_conv': 5, 'expand': 2, 'dropout': 0.3529856068156085, 'batch_size': 342, 'learning_rate': 0.0014789382577373854, 'weight_decay': 0.0009941084275835298}. Best is trial 79 with value: 0.30207072214805947.
[I 2026-04-12 16:49:33,624] Trial 99 finished with value: 0.36560913588844585 and parameters: {'history_length': 172, 'd_model': 242, 'n_layers': 10, 'd_state': 44, 'd_conv': 6, 'expand': 4, 'dropout': 0.3727562534615353, 'batch_size': 321, 'learning_rate': 0.0010675653580543736, 'weight_decay': 0.0010774990028226497}. Best is trial 79 with value: 0.30207072214805947.

Trial 80 completed with validation loss: 0.3870973790088032
Trial 81: Found result in 20260412_163633
Trial 81 completed with validation loss: 0.39678295275410963
Trial 82: Found result in 20260412_163704
Trial 82 completed with validation loss: 0.340366487437432
Trial 83: Found result in 20260412_163752
Trial 83 completed with validation loss: 0.32189310738342064
Trial 84: Found result in 20260412_163832
Trial 84 completed with validation loss: 0.33676514837202753
Trial 85: Found result in 20260412_163953
Trial 85 completed with validation loss: 0.354304546377251
Trial 86: Found result in 20260412_164029
Trial 86 completed with validation loss: 0.34454595814082073
Trial 87: Found result in 20260412_164056
Trial 87 completed with validation loss: 0.4070507159175564
Trial 88: Found result in 20260412_164126
Trial 88 completed with validation loss: 0.428920803820632
Trial 89: Found result in 20260412_164142
Trial 89 completed with validation loss: 0.3365804184853261
Trial 90: Found result in 20260412_164212
Trial 90 completed with validation loss: 0.34725010385800414
Trial 91: Found result in 20260412_164251
Trial 91 completed with validation loss: 0.33254955842779427
Trial 92: Found result in 20260412_164323
Trial 92 completed with validation loss: 0.36498969414585686
Trial 93: Found result in 20260412_164417
Trial 93 completed with validation loss: 0.4575207971091218
Trial 94: Found result in 20260412_164516
Trial 94 completed with validation loss: 0.3627439110640771
Trial 95: Found result in 20260412_164542
Trial 95 completed with validation loss: 0.3289308049516654
Trial 96: Found result in 20260412_164636
Trial 96 completed with validation loss: 0.3870716384741553
Trial 97: Found result in 20260412_164709
Trial 97 completed with validation loss: 0.3681660438689373
Trial 98: Found result in 20260412_164752
Trial 98 completed with validation loss: 0.3424297343160704
Trial 99: Found result in 20260412_164856
Trial 99 completed with validation loss: 0.36560913588844585

Best parameters:
  history_length: 111
  d_model: 426
  n_layers: 7
  d_state: 16
  d_conv: 5
  expand: 4
  dropout: 0.36313451933794916
  batch_size: 298
  learning_rate: 0.001207390111048131
  weight_decay: 0.001244021998598769
Best validation loss: 0.30207072214805947

Results saved to outputs/mamba_bayes_v5/bayes_optimization_results.csv
