[I 2026-04-11 21:29:15,437] Trial 87 finished with value: 0.38843612003763883 and parameters: {'parameters.mid_layer_count': 3, 'parameters.mid_layer_size': 236, 'parameters.dropout': 0.14674301566088718, 'parameters.batch_size': 244, 'parameters.learning_rate': 0.0018137255794021525, 'parameters.weight_decay': 0.0005922390333002583}. Best is trial 0 with value: 0.38843612003763883.Best trial: 0. Best value: 0.388436:  44%|████▎     | 87/200 [07:04<09:03,  4.81s/it]Best trial: 0. Best value: 0.388436:  44%|████▎     | 87/200 [07:04<09:03,  4.81s/it]Best trial: 0. Best value: 0.388436:  44%|████▍     | 88/200 [07:04<08:58,  4.80s/it]                                                                                     Best trial: 0. Best value: 0.388436:  44%|████▍     | 88/200 [07:08<08:58,  4.80s/it]Best trial: 0. Best value: 0.388436:  44%|████▍     | 88/200 [07:08<08:58,  4.80s/it]Best trial: 0. Best value: 0.388436:  44%|████▍     | 89/200 [07:08<08:54,  4.82s/it]                                                                                     Best trial: 0. Best value: 0.388436:  44%|████▍     | 89/200 [07:13<08:54,  4.82s/it]Best trial: 0. Best value: 0.388436:  44%|████▍     | 89/200 [07:13<08:54,  4.82s/it]Best trial: 0. Best value: 0.388436:  45%|████▌     | 90/200 [07:13<08:47,  4.79s/it]                                                                                     Best trial: 0. Best value: 0.388436:  45%|████▌     | 90/200 [07:18<08:47,  4.79s/it]Best trial: 0. Best value: 0.388436:  45%|████▌     | 90/200 [07:18<08:47,  4.79s/it]Best trial: 0. Best value: 0.388436:  46%|████▌     | 91/200 [07:18<08:39,  4.76s/it]                                                                                     Best trial: 0. Best value: 0.388436:  46%|████▌     | 91/200 [07:23<08:39,  4.76s/it]Best trial: 0. Best value: 0.388436:  46%|████▌     | 91/200 [07:23<08:39,  4.76s/it]Best trial: 0. Best value: 0.388436:  46%|████▌     | 92/200 [07:23<08:39,  4.81s/it]                                                                                     Best trial: 0. Best value: 0.388436:  46%|████▌     | 92/200 [07:28<08:39,  4.81s/it]Best trial: 0. Best value: 0.388436:  46%|████▌     | 92/200 [07:28<08:39,  4.81s/it]Best trial: 0. Best value: 0.388436:  46%|████▋     | 93/200 [07:28<08:35,  4.82s/it]                                                                                     Best trial: 0. Best value: 0.388436:  46%|████▋     | 93/200 [07:32<08:35,  4.82s/it]Best trial: 0. Best value: 0.388436:  46%|████▋     | 93/200 [07:32<08:35,  4.82s/it]Best trial: 0. Best value: 0.388436:  47%|████▋     | 94/200 [07:32<08:31,  4.82s/it]                                                                                     Best trial: 0. Best value: 0.388436:  47%|████▋     | 94/200 [07:37<08:31,  4.82s/it]Best trial: 0. Best value: 0.388436:  47%|████▋     | 94/200 [07:37<08:31,  4.82s/it]Best trial: 0. Best value: 0.388436:  48%|████▊     | 95/200 [07:37<08:25,  4.81s/it]                                                                                     Best trial: 0. Best value: 0.388436:  48%|████▊     | 95/200 [07:42<08:25,  4.81s/it]Best trial: 0. Best value: 0.388436:  48%|████▊     | 95/200 [07:42<08:25,  4.81s/it]Best trial: 0. Best value: 0.388436:  48%|████▊     | 96/200 [07:42<08:18,  4.80s/it]                                                                                     Best trial: 0. Best value: 0.388436:  48%|████▊     | 96/200 [07:47<08:18,  4.80s/it]Best trial: 0. Best value: 0.388436:  48%|████▊     | 96/200 [07:47<08:18,  4.80s/it]Best trial: 0. Best value: 0.388436:  48%|████▊     | 97/200 [07:47<08:15,  4.81s/it]                                                                                     Best trial: 0. Best value: 0.388436:  48%|████▊     | 97/200 [07:52<08:15,  4.81s/it]Best trial: 0. Best value: 0.388436:  48%|████▊     | 97/200 [07:52<08:15,  4.81s/it]Best trial: 0. Best value: 0.388436:  49%|████▉     | 98/200 [07:52<08:13,  4.83s/it]                                                                                     Best trial: 0. Best value: 0.388436:  49%|████▉     | 98/200 [07:56<08:13,  4.83s/it]Best trial: 0. Best value: 0.388436:  49%|████▉     | 98/200 [07:56<08:13,  4.83s/it]Best trial: 0. Best value: 0.388436:  50%|████▉     | 99/200 [07:56<08:07,  4.83s/it]                                                                                     Best trial: 0. Best value: 0.388436:  50%|████▉     | 99/200 [08:01<08:07,  4.83s/it]Best trial: 0. Best value: 0.388436:  50%|████▉     | 99/200 [08:01<08:07,  4.83s/it]Best trial: 0. Best value: 0.388436:  50%|█████     | 100/200 [08:01<08:01,  4.81s/it]                                                                                      Best trial: 0. Best value: 0.388436:  50%|█████     | 100/200 [08:06<08:01,  4.81s/it]Best trial: 0. Best value: 0.388436:  50%|█████     | 100/200 [08:06<08:01,  4.81s/it]Best trial: 0. Best value: 0.388436:  50%|█████     | 101/200 [08:06<07:54,  4.79s/it]                                                                                      Best trial: 0. Best value: 0.388436:  50%|█████     | 101/200 [08:11<07:54,  4.79s/it]Best trial: 0. Best value: 0.388436:  50%|█████     | 101/200 [08:11<07:54,  4.79s/it]Best trial: 0. Best value: 0.388436:  51%|█████     | 102/200 [08:11<07:51,  4.81s/it]                                                                                      Best trial: 0. Best value: 0.388436:  51%|█████     | 102/200 [08:16<07:51,  4.81s/it]Best trial: 0. Best value: 0.388436:  51%|█████     | 102/200 [08:16<07:51,  4.81s/it]Best trial: 0. Best value: 0.388436:  52%|█████▏    | 103/200 [08:16<07:47,  4.82s/it]                                                                                      Best trial: 0. Best value: 0.388436:  52%|█████▏    | 103/200 [08:21<07:47,  4.82s/it]Best trial: 0. Best value: 0.388436:  52%|█████▏    | 103/200 [08:21<07:47,  4.82s/it]Best trial: 0. Best value: 0.388436:  52%|█████▏    | 104/200 [08:21<07:44,  4.84s/it]                                                                                      Best trial: 0. Best value: 0.388436:  52%|█████▏    | 104/200 [08:25<07:44,  4.84s/it]Best trial: 0. Best value: 0.388436:  52%|█████▏    | 104/200 [08:25<07:44,  4.84s/it]Best trial: 0. Best value: 0.388436:  52%|█████▎    | 105/200 [08:25<07:40,  4.85s/it]                                                                                      Best trial: 0. Best value: 0.388436:  52%|█████▎    | 105/200 [08:30<07:40,  4.85s/it]Best trial: 0. Best value: 0.388436:  52%|█████▎    | 105/200 [08:30<07:40,  4.85s/it]Best trial: 0. Best value: 0.388436:  53%|█████▎    | 106/200 [08:30<07:31,  4.81s/it]                                                                                      Best trial: 0. Best value: 0.388436:  53%|█████▎    | 106/200 [08:35<07:31,  4.81s/it]Best trial: 0. Best value: 0.388436:  53%|█████▎    | 106/200 [08:35<07:31,  4.81s/it]Best trial: 0. Best value: 0.388436:  54%|█████▎    | 107/200 [08:35<07:25,  4.79s/it]                                                                                      Best trial: 0. Best value: 0.388436:  54%|█████▎    | 107/200 [08:40<07:25,  4.79s/it]Best trial: 0. Best value: 0.388436:  54%|█████▎    | 107/200 [08:40<07:25,  4.79s/it]Best trial: 0. Best value: 0.388436:  54%|█████▍    | 108/200 [08:40<07:20,  4.79s/it]                                                                                      Best trial: 0. Best value: 0.388436:  54%|█████▍    | 108/200 [08:45<07:20,  4.79s/it]Best trial: 0. Best value: 0.388436:  54%|█████▍    | 108/200 [08:45<07:20,  4.79s/it]Best trial: 0. Best value: 0.388436:  55%|█████▍    | 109/200 [08:45<07:16,  4.80s/it]                                                                                      
[I 2026-04-11 21:29:20,290] Trial 88 finished with value: 0.38843612003763883 and parameters: {'parameters.mid_layer_count': 4, 'parameters.mid_layer_size': 160, 'parameters.dropout': 0.39684929614495673, 'parameters.batch_size': 114, 'parameters.learning_rate': 0.00019453674922332483, 'parameters.weight_decay': 0.006162642952781469}. Best is trial 0 with value: 0.38843612003763883.
[I 2026-04-11 21:29:25,024] Trial 89 finished with value: 0.38843612003763883 and parameters: {'parameters.mid_layer_count': 5, 'parameters.mid_layer_size': 139, 'parameters.dropout': 0.20513546347501344, 'parameters.batch_size': 127, 'parameters.learning_rate': 0.0015056136823514618, 'parameters.weight_decay': 0.0022356366287262157}. Best is trial 0 with value: 0.38843612003763883.
[I 2026-04-11 21:29:29,721] Trial 90 finished with value: 0.38843612003763883 and parameters: {'parameters.mid_layer_count': 2, 'parameters.mid_layer_size': 375, 'parameters.dropout': 0.24165971882774243, 'parameters.batch_size': 88, 'parameters.learning_rate': 0.0004658048594978615, 'parameters.weight_decay': 2.6934783452166365e-05}. Best is trial 0 with value: 0.38843612003763883.
[I 2026-04-11 21:29:34,632] Trial 91 finished with value: 0.38843612003763883 and parameters: {'parameters.mid_layer_count': 4, 'parameters.mid_layer_size': 476, 'parameters.dropout': 0.05970315668246183, 'parameters.batch_size': 103, 'parameters.learning_rate': 0.00011962688415286038, 'parameters.weight_decay': 0.000370861132475388}. Best is trial 0 with value: 0.38843612003763883.
[I 2026-04-11 21:29:39,465] Trial 92 finished with value: 0.38843612003763883 and parameters: {'parameters.mid_layer_count': 4, 'parameters.mid_layer_size': 507, 'parameters.dropout': 0.05197847310036625, 'parameters.batch_size': 109, 'parameters.learning_rate': 0.0001748663898628687, 'parameters.weight_decay': 7.137675526412132e-05}. Best is trial 0 with value: 0.38843612003763883.
[I 2026-04-11 21:29:44,298] Trial 93 finished with value: 0.38843612003763883 and parameters: {'parameters.mid_layer_count': 4, 'parameters.mid_layer_size': 447, 'parameters.dropout': 0.06414165820549093, 'parameters.batch_size': 71, 'parameters.learning_rate': 0.00012846119452695923, 'parameters.weight_decay': 3.67298878433457e-05}. Best is trial 0 with value: 0.38843612003763883.
[I 2026-04-11 21:29:49,091] Trial 94 finished with value: 0.38843612003763883 and parameters: {'parameters.mid_layer_count': 4, 'parameters.mid_layer_size': 456, 'parameters.dropout': 0.06902235758773768, 'parameters.batch_size': 164, 'parameters.learning_rate': 0.0001403131922987533, 'parameters.weight_decay': 0.008046928221687705}. Best is trial 0 with value: 0.38843612003763883.
[I 2026-04-11 21:29:53,849] Trial 95 finished with value: 0.38843612003763883 and parameters: {'parameters.mid_layer_count': 3, 'parameters.mid_layer_size': 173, 'parameters.dropout': 0.07443562151591866, 'parameters.batch_size': 121, 'parameters.learning_rate': 0.00010690022223509188, 'parameters.weight_decay': 0.0002666494379731537}. Best is trial 0 with value: 0.38843612003763883.
[I 2026-04-11 21:29:58,698] Trial 96 finished with value: 0.38843612003763883 and parameters: {'parameters.mid_layer_count': 4, 'parameters.mid_layer_size': 128, 'parameters.dropout': 0.1858095960960346, 'parameters.batch_size': 82, 'parameters.learning_rate': 0.00010975133708060438, 'parameters.weight_decay': 0.00010636753593418773}. Best is trial 0 with value: 0.38843612003763883.
[I 2026-04-11 21:30:03,586] Trial 97 finished with value: 0.38843612003763883 and parameters: {'parameters.mid_layer_count': 3, 'parameters.mid_layer_size': 219, 'parameters.dropout': 0.0801527885776582, 'parameters.batch_size': 188, 'parameters.learning_rate': 0.0026240667153864597, 'parameters.weight_decay': 1.731803476453777e-05}. Best is trial 0 with value: 0.38843612003763883.
[I 2026-04-11 21:30:08,391] Trial 98 finished with value: 0.38843612003763883 and parameters: {'parameters.mid_layer_count': 3, 'parameters.mid_layer_size': 487, 'parameters.dropout': 0.1320458312006262, 'parameters.batch_size': 150, 'parameters.learning_rate': 0.00033638017886511413, 'parameters.weight_decay': 0.00017823325789063474}. Best is trial 0 with value: 0.38843612003763883.
[I 2026-04-11 21:30:13,165] Trial 99 finished with value: 0.38843612003763883 and parameters: {'parameters.mid_layer_count': 4, 'parameters.mid_layer_size': 149, 'parameters.dropout': 0.05872038048069394, 'parameters.batch_size': 223, 'parameters.learning_rate': 0.0002633229660461758, 'parameters.weight_decay': 0.0009877113708613638}. Best is trial 0 with value: 0.38843612003763883.
[I 2026-04-11 21:30:17,914] Trial 100 finished with value: 0.38843612003763883 and parameters: {'parameters.mid_layer_count': 2, 'parameters.mid_layer_size': 186, 'parameters.dropout': 0.0549551404362839, 'parameters.batch_size': 200, 'parameters.learning_rate': 0.0001651335375698396, 'parameters.weight_decay': 0.00027507190870014236}. Best is trial 0 with value: 0.38843612003763883.
[I 2026-04-11 21:30:22,775] Trial 101 finished with value: 0.38843612003763883 and parameters: {'parameters.mid_layer_count': 5, 'parameters.mid_layer_size': 305, 'parameters.dropout': 0.3811276703397908, 'parameters.batch_size': 139, 'parameters.learning_rate': 0.000811853521779667, 'parameters.weight_decay': 1.6861037262969352e-05}. Best is trial 0 with value: 0.38843612003763883.
[I 2026-04-11 21:30:27,615] Trial 102 finished with value: 0.38843612003763883 and parameters: {'parameters.mid_layer_count': 5, 'parameters.mid_layer_size': 345, 'parameters.dropout': 0.36104216053032495, 'parameters.batch_size': 151, 'parameters.learning_rate': 0.0008866348386071259, 'parameters.weight_decay': 1.3534523233550638e-05}. Best is trial 0 with value: 0.38843612003763883.
[I 2026-04-11 21:30:32,510] Trial 103 finished with value: 0.38843612003763883 and parameters: {'parameters.mid_layer_count': 5, 'parameters.mid_layer_size': 435, 'parameters.dropout': 0.3460310215607134, 'parameters.batch_size': 183, 'parameters.learning_rate': 0.0011453254218860049, 'parameters.weight_decay': 1.2408391189810294e-05}. Best is trial 0 with value: 0.38843612003763883.
[I 2026-04-11 21:30:37,361] Trial 104 finished with value: 0.38843612003763883 and parameters: {'parameters.mid_layer_count': 5, 'parameters.mid_layer_size': 501, 'parameters.dropout': 0.26656708026289233, 'parameters.batch_size': 94, 'parameters.learning_rate': 0.0010770180722945238, 'parameters.weight_decay': 1.0940723479766639e-05}. Best is trial 0 with value: 0.38843612003763883.
[I 2026-04-11 21:30:42,075] Trial 105 finished with value: 0.38843612003763883 and parameters: {'parameters.mid_layer_count': 5, 'parameters.mid_layer_size': 461, 'parameters.dropout': 0.3189799434934861, 'parameters.batch_size': 132, 'parameters.learning_rate': 0.0005288391047179473, 'parameters.weight_decay': 3.0135696293233624e-05}. Best is trial 0 with value: 0.38843612003763883.
[I 2026-04-11 21:30:46,827] Trial 106 finished with value: 0.38843612003763883 and parameters: {'parameters.mid_layer_count': 3, 'parameters.mid_layer_size': 330, 'parameters.dropout': 0.16406191986843788, 'parameters.batch_size': 250, 'parameters.learning_rate': 0.0006515535259261863, 'parameters.weight_decay': 5.7340672963148386e-05}. Best is trial 0 with value: 0.38843612003763883.
[I 2026-04-11 21:30:51,620] Trial 107 finished with value: 0.38843612003763883 and parameters: {'parameters.mid_layer_count': 5, 'parameters.mid_layer_size': 383, 'parameters.dropout': 0.06185922461807398, 'parameters.batch_size': 88, 'parameters.learning_rate': 0.00029996494646093697, 'parameters.weight_decay': 8.849819579186847e-05}. Best is trial 0 with value: 0.38843612003763883.
[I 2026-04-11 21:30:56,428] Trial 108 finished with value: 0.38843612003763883 and parameters: {'parameters.mid_layer_count': 2, 'parameters.mid_layer_size': 195, 'parameters.dropout': 0.3348081320187391, 'parameters.batch_size': 194, 'parameters.learning_rate': 0.0001530241103616404, 'parameters.weight_decay': 0.0001276354939758642}. Best is trial 0 with value: 0.38843612003763883.
