[I 2026-04-12 07:34:18,363] Trial 62 finished with value: 0.3787205289294688 and parameters: {'parameters.history_length': 45, 'parameters.units': 350, 'parameters.num_layers': 4, 'parameters.dropout': 0.3051899710462187, 'parameters.batch_size': 194, 'parameters.learning_rate': 0.0012928534857649177, 'parameters.weight_decay': 0.0023819508583730062}. Best is trial 0 with value: 0.3787205289294688.Best trial: 0. Best value: 0.378721:  31%|███       | 62/200 [08:37<18:51,  8.20s/it]Best trial: 0. Best value: 0.378721:  31%|███       | 62/200 [08:37<18:51,  8.20s/it]Best trial: 0. Best value: 0.378721:  32%|███▏      | 63/200 [08:37<18:43,  8.20s/it]                                                                                     Best trial: 0. Best value: 0.378721:  32%|███▏      | 63/200 [08:45<18:43,  8.20s/it]Best trial: 0. Best value: 0.378721:  32%|███▏      | 63/200 [08:45<18:43,  8.20s/it]Best trial: 0. Best value: 0.378721:  32%|███▏      | 64/200 [08:45<18:36,  8.21s/it]                                                                                     Best trial: 0. Best value: 0.378721:  32%|███▏      | 64/200 [08:53<18:36,  8.21s/it]Best trial: 0. Best value: 0.378721:  32%|███▏      | 64/200 [08:53<18:36,  8.21s/it]Best trial: 0. Best value: 0.378721:  32%|███▎      | 65/200 [08:53<18:27,  8.20s/it]                                                                                     Best trial: 0. Best value: 0.378721:  32%|███▎      | 65/200 [09:01<18:27,  8.20s/it]Best trial: 0. Best value: 0.378721:  32%|███▎      | 65/200 [09:01<18:27,  8.20s/it]Best trial: 0. Best value: 0.378721:  33%|███▎      | 66/200 [09:01<18:19,  8.21s/it]                                                                                     Best trial: 0. Best value: 0.378721:  33%|███▎      | 66/200 [09:09<18:19,  8.21s/it]Best trial: 0. Best value: 0.378721:  33%|███▎      | 66/200 [09:09<18:19,  8.21s/it]Best trial: 0. Best value: 0.378721:  34%|███▎      | 67/200 [09:09<18:13,  8.22s/it]                                                                                     Best trial: 0. Best value: 0.378721:  34%|███▎      | 67/200 [09:18<18:13,  8.22s/it]Best trial: 0. Best value: 0.378721:  34%|███▎      | 67/200 [09:18<18:13,  8.22s/it]Best trial: 0. Best value: 0.378721:  34%|███▍      | 68/200 [09:18<18:06,  8.23s/it]                                                                                     Best trial: 0. Best value: 0.378721:  34%|███▍      | 68/200 [09:26<18:06,  8.23s/it]Best trial: 0. Best value: 0.378721:  34%|███▍      | 68/200 [09:26<18:06,  8.23s/it]Best trial: 0. Best value: 0.378721:  34%|███▍      | 69/200 [09:26<17:55,  8.21s/it]                                                                                     Best trial: 0. Best value: 0.378721:  34%|███▍      | 69/200 [09:34<17:55,  8.21s/it]Best trial: 0. Best value: 0.378721:  34%|███▍      | 69/200 [09:34<17:55,  8.21s/it]Best trial: 0. Best value: 0.378721:  35%|███▌      | 70/200 [09:34<17:45,  8.19s/it]                                                                                     Best trial: 0. Best value: 0.378721:  35%|███▌      | 70/200 [09:42<17:45,  8.19s/it]Best trial: 0. Best value: 0.378721:  35%|███▌      | 70/200 [09:42<17:45,  8.19s/it]Best trial: 0. Best value: 0.378721:  36%|███▌      | 71/200 [09:42<17:37,  8.20s/it]                                                                                     Best trial: 0. Best value: 0.378721:  36%|███▌      | 71/200 [09:50<17:37,  8.20s/it]Best trial: 0. Best value: 0.378721:  36%|███▌      | 71/200 [09:50<17:37,  8.20s/it]Best trial: 0. Best value: 0.378721:  36%|███▌      | 72/200 [09:50<17:29,  8.20s/it]                                                                                     Best trial: 0. Best value: 0.378721:  36%|███▌      | 72/200 [09:59<17:29,  8.20s/it]Best trial: 0. Best value: 0.378721:  36%|███▌      | 72/200 [09:59<17:29,  8.20s/it]Best trial: 0. Best value: 0.378721:  36%|███▋      | 73/200 [09:59<17:21,  8.20s/it]                                                                                     Best trial: 0. Best value: 0.378721:  36%|███▋      | 73/200 [10:07<17:21,  8.20s/it]Best trial: 0. Best value: 0.378721:  36%|███▋      | 73/200 [10:07<17:21,  8.20s/it]Best trial: 0. Best value: 0.378721:  37%|███▋      | 74/200 [10:07<17:13,  8.21s/it]                                                                                     Best trial: 0. Best value: 0.378721:  37%|███▋      | 74/200 [10:15<17:13,  8.21s/it]Best trial: 0. Best value: 0.378721:  37%|███▋      | 74/200 [10:15<17:13,  8.21s/it]Best trial: 0. Best value: 0.378721:  38%|███▊      | 75/200 [10:15<17:04,  8.20s/it]                                                                                     Best trial: 0. Best value: 0.378721:  38%|███▊      | 75/200 [10:23<17:04,  8.20s/it]Best trial: 0. Best value: 0.378721:  38%|███▊      | 75/200 [10:23<17:04,  8.20s/it]Best trial: 0. Best value: 0.378721:  38%|███▊      | 76/200 [10:23<16:55,  8.19s/it]                                                                                     Best trial: 0. Best value: 0.378721:  38%|███▊      | 76/200 [10:31<16:55,  8.19s/it]Best trial: 0. Best value: 0.378721:  38%|███▊      | 76/200 [10:31<16:55,  8.19s/it]Best trial: 0. Best value: 0.378721:  38%|███▊      | 77/200 [10:31<16:48,  8.20s/it]                                                                                     Best trial: 0. Best value: 0.378721:  38%|███▊      | 77/200 [10:40<16:48,  8.20s/it]Best trial: 0. Best value: 0.378721:  38%|███▊      | 77/200 [10:40<16:48,  8.20s/it]Best trial: 0. Best value: 0.378721:  39%|███▉      | 78/200 [10:40<16:40,  8.20s/it]                                                                                     Best trial: 0. Best value: 0.378721:  39%|███▉      | 78/200 [10:48<16:40,  8.20s/it]Best trial: 0. Best value: 0.378721:  39%|███▉      | 78/200 [10:48<16:40,  8.20s/it]Best trial: 0. Best value: 0.378721:  40%|███▉      | 79/200 [10:48<16:31,  8.20s/it]                                                                                     Best trial: 0. Best value: 0.378721:  40%|███▉      | 79/200 [10:56<16:31,  8.20s/it]Best trial: 0. Best value: 0.378721:  40%|███▉      | 79/200 [10:56<16:31,  8.20s/it]Best trial: 0. Best value: 0.378721:  40%|████      | 80/200 [10:56<16:22,  8.19s/it]                                                                                     Best trial: 0. Best value: 0.378721:  40%|████      | 80/200 [11:04<16:22,  8.19s/it]Best trial: 0. Best value: 0.378721:  40%|████      | 80/200 [11:04<16:22,  8.19s/it]Best trial: 0. Best value: 0.378721:  40%|████      | 81/200 [11:04<16:13,  8.18s/it]                                                                                     Best trial: 0. Best value: 0.378721:  40%|████      | 81/200 [11:12<16:13,  8.18s/it]Best trial: 0. Best value: 0.378721:  40%|████      | 81/200 [11:12<16:13,  8.18s/it]Best trial: 0. Best value: 0.378721:  41%|████      | 82/200 [11:12<16:07,  8.20s/it]                                                                                     Best trial: 0. Best value: 0.378721:  41%|████      | 82/200 [11:21<16:07,  8.20s/it]Best trial: 0. Best value: 0.378721:  41%|████      | 82/200 [11:21<16:07,  8.20s/it]Best trial: 0. Best value: 0.378721:  42%|████▏     | 83/200 [11:21<15:59,  8.20s/it]                                                                                     
[I 2026-04-12 07:34:26,584] Trial 63 finished with value: 0.3787205289294688 and parameters: {'parameters.history_length': 135, 'parameters.units': 323, 'parameters.num_layers': 3, 'parameters.dropout': 0.39217939204009045, 'parameters.batch_size': 223, 'parameters.learning_rate': 0.0014830483537728125, 'parameters.weight_decay': 0.0009507737627599221}. Best is trial 0 with value: 0.3787205289294688.
[I 2026-04-12 07:34:34,785] Trial 64 finished with value: 0.3787205289294688 and parameters: {'parameters.history_length': 36, 'parameters.units': 371, 'parameters.num_layers': 4, 'parameters.dropout': 0.41567328464098763, 'parameters.batch_size': 184, 'parameters.learning_rate': 0.0009982715971827635, 'parameters.weight_decay': 0.0038361076446479223}. Best is trial 0 with value: 0.3787205289294688.
[I 2026-04-12 07:34:42,998] Trial 65 finished with value: 0.3787205289294688 and parameters: {'parameters.history_length': 40, 'parameters.units': 142, 'parameters.num_layers': 5, 'parameters.dropout': 0.3761495752769686, 'parameters.batch_size': 367, 'parameters.learning_rate': 0.0005237691939575232, 'parameters.weight_decay': 0.0006153870536426127}. Best is trial 0 with value: 0.3787205289294688.
[I 2026-04-12 07:34:51,257] Trial 66 finished with value: 0.3787205289294688 and parameters: {'parameters.history_length': 48, 'parameters.units': 354, 'parameters.num_layers': 9, 'parameters.dropout': 0.4384780254655264, 'parameters.batch_size': 77, 'parameters.learning_rate': 0.00038959095403244944, 'parameters.weight_decay': 0.001586615997190812}. Best is trial 0 with value: 0.3787205289294688.
[I 2026-04-12 07:34:59,509] Trial 67 finished with value: 0.3787205289294688 and parameters: {'parameters.history_length': 44, 'parameters.units': 163, 'parameters.num_layers': 6, 'parameters.dropout': 0.3548382981149548, 'parameters.batch_size': 138, 'parameters.learning_rate': 0.0019101137235069568, 'parameters.weight_decay': 0.00011595989694708973}. Best is trial 0 with value: 0.3787205289294688.
[I 2026-04-12 07:35:07,671] Trial 68 finished with value: 0.3787205289294688 and parameters: {'parameters.history_length': 52, 'parameters.units': 243, 'parameters.num_layers': 2, 'parameters.dropout': 0.3352336759103759, 'parameters.batch_size': 101, 'parameters.learning_rate': 0.0003044763693703224, 'parameters.weight_decay': 0.002108083734039138}. Best is trial 0 with value: 0.3787205289294688.
[I 2026-04-12 07:35:15,827] Trial 69 finished with value: 0.3787205289294688 and parameters: {'parameters.history_length': 144, 'parameters.units': 294, 'parameters.num_layers': 7, 'parameters.dropout': 0.21157023477580797, 'parameters.batch_size': 158, 'parameters.learning_rate': 0.0002797888823402819, 'parameters.weight_decay': 0.0007582454228195515}. Best is trial 0 with value: 0.3787205289294688.
[I 2026-04-12 07:35:24,038] Trial 70 finished with value: 0.3787205289294688 and parameters: {'parameters.history_length': 104, 'parameters.units': 263, 'parameters.num_layers': 3, 'parameters.dropout': 0.34447377743713486, 'parameters.batch_size': 174, 'parameters.learning_rate': 0.0002292086879178557, 'parameters.weight_decay': 0.00024228040619384442}. Best is trial 0 with value: 0.3787205289294688.
[I 2026-04-12 07:35:32,241] Trial 71 finished with value: 0.3787205289294688 and parameters: {'parameters.history_length': 59, 'parameters.units': 372, 'parameters.num_layers': 8, 'parameters.dropout': 0.47076209425252286, 'parameters.batch_size': 339, 'parameters.learning_rate': 0.0006448496435800164, 'parameters.weight_decay': 0.005115548084901101}. Best is trial 0 with value: 0.3787205289294688.
[I 2026-04-12 07:35:40,446] Trial 72 finished with value: 0.3787205289294688 and parameters: {'parameters.history_length': 42, 'parameters.units': 382, 'parameters.num_layers': 8, 'parameters.dropout': 0.4476285862206769, 'parameters.batch_size': 357, 'parameters.learning_rate': 0.0007111892730157618, 'parameters.weight_decay': 0.008554153146957068}. Best is trial 0 with value: 0.3787205289294688.
[I 2026-04-12 07:35:48,660] Trial 73 finished with value: 0.3787205289294688 and parameters: {'parameters.history_length': 86, 'parameters.units': 359, 'parameters.num_layers': 10, 'parameters.dropout': 0.4993709873006536, 'parameters.batch_size': 352, 'parameters.learning_rate': 0.0008073312586886254, 'parameters.weight_decay': 0.006909353091722226}. Best is trial 0 with value: 0.3787205289294688.
[I 2026-04-12 07:35:56,841] Trial 74 finished with value: 0.3787205289294688 and parameters: {'parameters.history_length': 64, 'parameters.units': 336, 'parameters.num_layers': 7, 'parameters.dropout': 0.4901895254319878, 'parameters.batch_size': 326, 'parameters.learning_rate': 0.000920791264017729, 'parameters.weight_decay': 0.004803189900586077}. Best is trial 0 with value: 0.3787205289294688.
[I 2026-04-12 07:36:05,004] Trial 75 finished with value: 0.3787205289294688 and parameters: {'parameters.history_length': 49, 'parameters.units': 317, 'parameters.num_layers': 8, 'parameters.dropout': 0.38217688397417987, 'parameters.batch_size': 372, 'parameters.learning_rate': 0.0005820158780408314, 'parameters.weight_decay': 0.0011613780237066593}. Best is trial 0 with value: 0.3787205289294688.
[I 2026-04-12 07:36:13,242] Trial 76 finished with value: 0.3787205289294688 and parameters: {'parameters.history_length': 35, 'parameters.units': 109, 'parameters.num_layers': 9, 'parameters.dropout': 0.3651566786322678, 'parameters.batch_size': 347, 'parameters.learning_rate': 0.0007945267859227132, 'parameters.weight_decay': 0.007505871136309991}. Best is trial 0 with value: 0.3787205289294688.
[I 2026-04-12 07:36:21,439] Trial 77 finished with value: 0.3787205289294688 and parameters: {'parameters.history_length': 70, 'parameters.units': 128, 'parameters.num_layers': 7, 'parameters.dropout': 0.3953152508654699, 'parameters.batch_size': 203, 'parameters.learning_rate': 0.0003331263546833309, 'parameters.weight_decay': 0.004191761292356517}. Best is trial 0 with value: 0.3787205289294688.
[I 2026-04-12 07:36:29,630] Trial 78 finished with value: 0.3787205289294688 and parameters: {'parameters.history_length': 91, 'parameters.units': 86, 'parameters.num_layers': 8, 'parameters.dropout': 0.40325855629507024, 'parameters.batch_size': 307, 'parameters.learning_rate': 0.0016144069177671909, 'parameters.weight_decay': 0.005779275513987988}. Best is trial 0 with value: 0.3787205289294688.
[I 2026-04-12 07:36:37,803] Trial 79 finished with value: 0.3787205289294688 and parameters: {'parameters.history_length': 53, 'parameters.units': 361, 'parameters.num_layers': 4, 'parameters.dropout': 0.26387118352323785, 'parameters.batch_size': 380, 'parameters.learning_rate': 0.0012105910373092338, 'parameters.weight_decay': 0.00038188102286048584}. Best is trial 0 with value: 0.3787205289294688.
[I 2026-04-12 07:36:45,972] Trial 80 finished with value: 0.3787205289294688 and parameters: {'parameters.history_length': 96, 'parameters.units': 328, 'parameters.num_layers': 5, 'parameters.dropout': 0.28260176935951437, 'parameters.batch_size': 94, 'parameters.learning_rate': 0.0010176997051323828, 'parameters.weight_decay': 0.000863063472579218}. Best is trial 0 with value: 0.3787205289294688.
[I 2026-04-12 07:36:54,206] Trial 81 finished with value: 0.3787205289294688 and parameters: {'parameters.history_length': 40, 'parameters.units': 117, 'parameters.num_layers': 2, 'parameters.dropout': 0.296940873807948, 'parameters.batch_size': 201, 'parameters.learning_rate': 0.0004282204554024554, 'parameters.weight_decay': 0.008627281708362416}. Best is trial 0 with value: 0.3787205289294688.
[I 2026-04-12 07:37:02,414] Trial 82 finished with value: 0.3787205289294688 and parameters: {'parameters.history_length': 57, 'parameters.units': 96, 'parameters.num_layers': 2, 'parameters.dropout': 0.3524712606288888, 'parameters.batch_size': 220, 'parameters.learning_rate': 0.00036236081554383325, 'parameters.weight_decay': 0.00017723984209400018}. Best is trial 0 with value: 0.3787205289294688.
