[I 2026-04-11 21:32:47,396] Trial 131 finished with value: 0.38843612003763883 and parameters: {'parameters.mid_layer_count': 2, 'parameters.mid_layer_size': 161, 'parameters.dropout': 0.10979941627253688, 'parameters.batch_size': 165, 'parameters.learning_rate': 0.00018831857403436405, 'parameters.weight_decay': 0.0001514052029370935}. Best is trial 0 with value: 0.38843612003763883.Best trial: 0. Best value: 0.388436:  66%|██████▌   | 131/200 [10:35<05:32,  4.82s/it]Best trial: 0. Best value: 0.388436:  66%|██████▌   | 131/200 [10:35<05:32,  4.82s/it]Best trial: 0. Best value: 0.388436:  66%|██████▌   | 132/200 [10:35<05:28,  4.83s/it]                                                                                      Best trial: 0. Best value: 0.388436:  66%|██████▌   | 132/200 [10:40<05:28,  4.83s/it]Best trial: 0. Best value: 0.388436:  66%|██████▌   | 132/200 [10:40<05:28,  4.83s/it]Best trial: 0. Best value: 0.388436:  66%|██████▋   | 133/200 [10:40<05:22,  4.81s/it]                                                                                      Best trial: 0. Best value: 0.388436:  66%|██████▋   | 133/200 [10:45<05:22,  4.81s/it]Best trial: 0. Best value: 0.388436:  66%|██████▋   | 133/200 [10:45<05:22,  4.81s/it]Best trial: 0. Best value: 0.388436:  67%|██████▋   | 134/200 [10:45<05:17,  4.81s/it]                                                                                      Best trial: 0. Best value: 0.388436:  67%|██████▋   | 134/200 [10:50<05:17,  4.81s/it]Best trial: 0. Best value: 0.388436:  67%|██████▋   | 134/200 [10:50<05:17,  4.81s/it]Best trial: 0. Best value: 0.388436:  68%|██████▊   | 135/200 [10:50<05:13,  4.82s/it]                                                                                      Best trial: 0. Best value: 0.388436:  68%|██████▊   | 135/200 [10:55<05:13,  4.82s/it]Best trial: 0. Best value: 0.388436:  68%|██████▊   | 135/200 [10:55<05:13,  4.82s/it]Best trial: 0. Best value: 0.388436:  68%|██████▊   | 136/200 [10:55<05:10,  4.85s/it]                                                                                      Best trial: 0. Best value: 0.388436:  68%|██████▊   | 136/200 [11:00<05:10,  4.85s/it]Best trial: 0. Best value: 0.388436:  68%|██████▊   | 136/200 [11:00<05:10,  4.85s/it]Best trial: 0. Best value: 0.388436:  68%|██████▊   | 137/200 [11:00<05:04,  4.84s/it]                                                                                      Best trial: 0. Best value: 0.388436:  68%|██████▊   | 137/200 [11:04<05:04,  4.84s/it]Best trial: 0. Best value: 0.388436:  68%|██████▊   | 137/200 [11:04<05:04,  4.84s/it]Best trial: 0. Best value: 0.388436:  69%|██████▉   | 138/200 [11:04<04:59,  4.83s/it]                                                                                      Best trial: 0. Best value: 0.388436:  69%|██████▉   | 138/200 [11:09<04:59,  4.83s/it]Best trial: 0. Best value: 0.388436:  69%|██████▉   | 138/200 [11:09<04:59,  4.83s/it]Best trial: 0. Best value: 0.388436:  70%|██████▉   | 139/200 [11:09<04:52,  4.80s/it]                                                                                      Best trial: 0. Best value: 0.388436:  70%|██████▉   | 139/200 [11:14<04:52,  4.80s/it]Best trial: 0. Best value: 0.388436:  70%|██████▉   | 139/200 [11:14<04:52,  4.80s/it]Best trial: 0. Best value: 0.388436:  70%|███████   | 140/200 [11:14<04:49,  4.82s/it]                                                                                      Best trial: 0. Best value: 0.388436:  70%|███████   | 140/200 [11:19<04:49,  4.82s/it]Best trial: 0. Best value: 0.388436:  70%|███████   | 140/200 [11:19<04:49,  4.82s/it]Best trial: 0. Best value: 0.388436:  70%|███████   | 141/200 [11:19<04:44,  4.83s/it]                                                                                      Best trial: 0. Best value: 0.388436:  70%|███████   | 141/200 [11:24<04:44,  4.83s/it]Best trial: 0. Best value: 0.388436:  70%|███████   | 141/200 [11:24<04:44,  4.83s/it]Best trial: 0. Best value: 0.388436:  71%|███████   | 142/200 [11:24<04:41,  4.85s/it]                                                                                      Best trial: 0. Best value: 0.388436:  71%|███████   | 142/200 [11:29<04:41,  4.85s/it]Best trial: 0. Best value: 0.388436:  71%|███████   | 142/200 [11:29<04:41,  4.85s/it]Best trial: 0. Best value: 0.388436:  72%|███████▏  | 143/200 [11:29<04:37,  4.87s/it]                                                                                      Best trial: 0. Best value: 0.388436:  72%|███████▏  | 143/200 [11:33<04:37,  4.87s/it]Best trial: 0. Best value: 0.388436:  72%|███████▏  | 143/200 [11:33<04:37,  4.87s/it]Best trial: 0. Best value: 0.388436:  72%|███████▏  | 144/200 [11:33<04:31,  4.84s/it]                                                                                      Best trial: 0. Best value: 0.388436:  72%|███████▏  | 144/200 [11:38<04:31,  4.84s/it]Best trial: 0. Best value: 0.388436:  72%|███████▏  | 144/200 [11:38<04:31,  4.84s/it]Best trial: 0. Best value: 0.388436:  72%|███████▎  | 145/200 [11:38<04:24,  4.81s/it]                                                                                      Best trial: 0. Best value: 0.388436:  72%|███████▎  | 145/200 [11:43<04:24,  4.81s/it]Best trial: 0. Best value: 0.388436:  72%|███████▎  | 145/200 [11:43<04:24,  4.81s/it]Best trial: 0. Best value: 0.388436:  73%|███████▎  | 146/200 [11:43<04:21,  4.84s/it]                                                                                      Best trial: 0. Best value: 0.388436:  73%|███████▎  | 146/200 [11:48<04:21,  4.84s/it]Best trial: 0. Best value: 0.388436:  73%|███████▎  | 146/200 [11:48<04:21,  4.84s/it]Best trial: 0. Best value: 0.388436:  74%|███████▎  | 147/200 [11:48<04:15,  4.82s/it]                                                                                      Best trial: 0. Best value: 0.388436:  74%|███████▎  | 147/200 [11:53<04:15,  4.82s/it]Best trial: 0. Best value: 0.388436:  74%|███████▎  | 147/200 [11:53<04:15,  4.82s/it]Best trial: 0. Best value: 0.388436:  74%|███████▍  | 148/200 [11:53<04:10,  4.82s/it]                                                                                      Best trial: 0. Best value: 0.388436:  74%|███████▍  | 148/200 [11:57<04:10,  4.82s/it]Best trial: 0. Best value: 0.388436:  74%|███████▍  | 148/200 [11:57<04:10,  4.82s/it]Best trial: 0. Best value: 0.388436:  74%|███████▍  | 149/200 [11:57<04:04,  4.80s/it]                                                                                      Best trial: 0. Best value: 0.388436:  74%|███████▍  | 149/200 [12:02<04:04,  4.80s/it]Best trial: 0. Best value: 0.388436:  74%|███████▍  | 149/200 [12:02<04:04,  4.80s/it]Best trial: 0. Best value: 0.388436:  75%|███████▌  | 150/200 [12:02<04:00,  4.81s/it]                                                                                      Best trial: 0. Best value: 0.388436:  75%|███████▌  | 150/200 [12:07<04:00,  4.81s/it]Best trial: 0. Best value: 0.388436:  75%|███████▌  | 150/200 [12:07<04:00,  4.81s/it]Best trial: 0. Best value: 0.388436:  76%|███████▌  | 151/200 [12:07<03:54,  4.79s/it]                                                                                      Best trial: 0. Best value: 0.388436:  76%|███████▌  | 151/200 [12:12<03:54,  4.79s/it]Best trial: 0. Best value: 0.388436:  76%|███████▌  | 151/200 [12:12<03:54,  4.79s/it]Best trial: 0. Best value: 0.388436:  76%|███████▌  | 152/200 [12:12<03:51,  4.82s/it]                                                                                      Best trial: 0. Best value: 0.388436:  76%|███████▌  | 152/200 [12:17<03:51,  4.82s/it]Best trial: 0. Best value: 0.388436:  76%|███████▌  | 152/200 [12:17<03:51,  4.82s/it]Best trial: 0. Best value: 0.388436:  76%|███████▋  | 153/200 [12:17<03:46,  4.82s/it]                                                                                      
[I 2026-04-11 21:32:52,176] Trial 132 finished with value: 0.38843612003763883 and parameters: {'parameters.mid_layer_count': 2, 'parameters.mid_layer_size': 245, 'parameters.dropout': 0.07918512674232778, 'parameters.batch_size': 177, 'parameters.learning_rate': 0.00022235964717033023, 'parameters.weight_decay': 6.613408435000407e-05}. Best is trial 0 with value: 0.38843612003763883.
[I 2026-04-11 21:32:56,962] Trial 133 finished with value: 0.38843612003763883 and parameters: {'parameters.mid_layer_count': 2, 'parameters.mid_layer_size': 377, 'parameters.dropout': 0.12527198478766477, 'parameters.batch_size': 182, 'parameters.learning_rate': 0.0006171181576430981, 'parameters.weight_decay': 4.21856255768496e-05}. Best is trial 0 with value: 0.38843612003763883.
[I 2026-04-11 21:33:01,828] Trial 134 finished with value: 0.38843612003763883 and parameters: {'parameters.mid_layer_count': 2, 'parameters.mid_layer_size': 435, 'parameters.dropout': 0.08907177857813946, 'parameters.batch_size': 90, 'parameters.learning_rate': 0.0027178762532242087, 'parameters.weight_decay': 3.421834451181257e-05}. Best is trial 0 with value: 0.38843612003763883.
[I 2026-04-11 21:33:06,754] Trial 135 finished with value: 0.38843612003763883 and parameters: {'parameters.mid_layer_count': 3, 'parameters.mid_layer_size': 463, 'parameters.dropout': 0.053817589292824, 'parameters.batch_size': 192, 'parameters.learning_rate': 0.00032160167844257607, 'parameters.weight_decay': 1.93165358178537e-05}. Best is trial 0 with value: 0.38843612003763883.
[I 2026-04-11 21:33:11,544] Trial 136 finished with value: 0.38843612003763883 and parameters: {'parameters.mid_layer_count': 2, 'parameters.mid_layer_size': 422, 'parameters.dropout': 0.13198198483633405, 'parameters.batch_size': 205, 'parameters.learning_rate': 0.00017327145431630627, 'parameters.weight_decay': 0.00032824335148166277}. Best is trial 0 with value: 0.38843612003763883.
[I 2026-04-11 21:33:16,348] Trial 137 finished with value: 0.38843612003763883 and parameters: {'parameters.mid_layer_count': 5, 'parameters.mid_layer_size': 413, 'parameters.dropout': 0.23418383810901475, 'parameters.batch_size': 228, 'parameters.learning_rate': 0.00013412115473363678, 'parameters.weight_decay': 5.25088904867045e-05}. Best is trial 0 with value: 0.38843612003763883.
[I 2026-04-11 21:33:21,095] Trial 138 finished with value: 0.38843612003763883 and parameters: {'parameters.mid_layer_count': 3, 'parameters.mid_layer_size': 229, 'parameters.dropout': 0.06158515885290337, 'parameters.batch_size': 232, 'parameters.learning_rate': 0.00038899293282373997, 'parameters.weight_decay': 2.4225936125006366e-05}. Best is trial 0 with value: 0.38843612003763883.
[I 2026-04-11 21:33:25,953] Trial 139 finished with value: 0.38843612003763883 and parameters: {'parameters.mid_layer_count': 2, 'parameters.mid_layer_size': 317, 'parameters.dropout': 0.08421906176728747, 'parameters.batch_size': 150, 'parameters.learning_rate': 0.002180163027420285, 'parameters.weight_decay': 0.0004085686907003797}. Best is trial 0 with value: 0.38843612003763883.
[I 2026-04-11 21:33:30,806] Trial 140 finished with value: 0.38843612003763883 and parameters: {'parameters.mid_layer_count': 4, 'parameters.mid_layer_size': 210, 'parameters.dropout': 0.20161019758420917, 'parameters.batch_size': 96, 'parameters.learning_rate': 0.0029608893616135464, 'parameters.weight_decay': 0.0006190517732670534}. Best is trial 0 with value: 0.38843612003763883.
[I 2026-04-11 21:33:35,691] Trial 141 finished with value: 0.38843612003763883 and parameters: {'parameters.mid_layer_count': 3, 'parameters.mid_layer_size': 277, 'parameters.dropout': 0.23234297192867046, 'parameters.batch_size': 140, 'parameters.learning_rate': 0.00015513198102759952, 'parameters.weight_decay': 0.00023528349743572263}. Best is trial 0 with value: 0.38843612003763883.
[I 2026-04-11 21:33:40,619] Trial 142 finished with value: 0.38843612003763883 and parameters: {'parameters.mid_layer_count': 3, 'parameters.mid_layer_size': 259, 'parameters.dropout': 0.2509349124978739, 'parameters.batch_size': 135, 'parameters.learning_rate': 0.0009324127807512833, 'parameters.weight_decay': 0.0015299580991856695}. Best is trial 0 with value: 0.38843612003763883.
[I 2026-04-11 21:33:45,402] Trial 143 finished with value: 0.38843612003763883 and parameters: {'parameters.mid_layer_count': 3, 'parameters.mid_layer_size': 199, 'parameters.dropout': 0.31011176310090094, 'parameters.batch_size': 127, 'parameters.learning_rate': 0.00020145872979918922, 'parameters.weight_decay': 0.002736680157894521}. Best is trial 0 with value: 0.38843612003763883.
[I 2026-04-11 21:33:50,130] Trial 144 finished with value: 0.38843612003763883 and parameters: {'parameters.mid_layer_count': 3, 'parameters.mid_layer_size': 398, 'parameters.dropout': 0.3326840258784117, 'parameters.batch_size': 145, 'parameters.learning_rate': 0.00010014094555498692, 'parameters.weight_decay': 0.0007818609832358268}. Best is trial 0 with value: 0.38843612003763883.
[I 2026-04-11 21:33:55,033] Trial 145 finished with value: 0.38843612003763883 and parameters: {'parameters.mid_layer_count': 3, 'parameters.mid_layer_size': 345, 'parameters.dropout': 0.28366846840878296, 'parameters.batch_size': 120, 'parameters.learning_rate': 0.0005499128026792366, 'parameters.weight_decay': 0.001983294158171066}. Best is trial 0 with value: 0.38843612003763883.
[I 2026-04-11 21:33:59,808] Trial 146 finished with value: 0.38843612003763883 and parameters: {'parameters.mid_layer_count': 3, 'parameters.mid_layer_size': 296, 'parameters.dropout': 0.22015693126459732, 'parameters.batch_size': 154, 'parameters.learning_rate': 0.00017811039313244604, 'parameters.weight_decay': 1.3205807055706993e-05}. Best is trial 0 with value: 0.38843612003763883.
[I 2026-04-11 21:34:04,622] Trial 147 finished with value: 0.38843612003763883 and parameters: {'parameters.mid_layer_count': 5, 'parameters.mid_layer_size': 496, 'parameters.dropout': 0.16577026001727854, 'parameters.batch_size': 200, 'parameters.learning_rate': 0.00026798169154367365, 'parameters.weight_decay': 0.0011010993163124093}. Best is trial 0 with value: 0.38843612003763883.
[I 2026-04-11 21:34:09,385] Trial 148 finished with value: 0.38843612003763883 and parameters: {'parameters.mid_layer_count': 2, 'parameters.mid_layer_size': 321, 'parameters.dropout': 0.2657285206921791, 'parameters.batch_size': 186, 'parameters.learning_rate': 0.00023625104947422746, 'parameters.weight_decay': 9.61802798570661e-05}. Best is trial 0 with value: 0.38843612003763883.
[I 2026-04-11 21:34:14,220] Trial 149 finished with value: 0.38843612003763883 and parameters: {'parameters.mid_layer_count': 4, 'parameters.mid_layer_size': 219, 'parameters.dropout': 0.06434662377758522, 'parameters.batch_size': 112, 'parameters.learning_rate': 0.0015476466969978342, 'parameters.weight_decay': 2.8790477243302935e-05}. Best is trial 0 with value: 0.38843612003763883.
[I 2026-04-11 21:34:18,967] Trial 150 finished with value: 0.38843612003763883 and parameters: {'parameters.mid_layer_count': 2, 'parameters.mid_layer_size': 481, 'parameters.dropout': 0.056420973061998385, 'parameters.batch_size': 132, 'parameters.learning_rate': 0.00012435333772279383, 'parameters.weight_decay': 0.008457716189822218}. Best is trial 0 with value: 0.38843612003763883.
[I 2026-04-11 21:34:23,840] Trial 151 finished with value: 0.38843612003763883 and parameters: {'parameters.mid_layer_count': 2, 'parameters.mid_layer_size': 445, 'parameters.dropout': 0.14580607730073933, 'parameters.batch_size': 211, 'parameters.learning_rate': 0.0004478512596272621, 'parameters.weight_decay': 6.156581753592211e-05}. Best is trial 0 with value: 0.38843612003763883.
[I 2026-04-11 21:34:28,682] Trial 152 finished with value: 0.38843612003763883 and parameters: {'parameters.mid_layer_count': 2, 'parameters.mid_layer_size': 454, 'parameters.dropout': 0.1541841490463137, 'parameters.batch_size': 220, 'parameters.learning_rate': 0.000677796427442345, 'parameters.weight_decay': 0.002307883536947075}. Best is trial 0 with value: 0.38843612003763883.
