[I 2026-04-12 06:59:27,607] Trial 191 finished with value: 0.333257518512638 and parameters: {'parameters.history_length': 65, 'parameters.num_layers': 9, 'parameters.units': 211, 'parameters.dropout': 0.4343303467203637, 'parameters.batch_size': 106, 'parameters.learning_rate': 0.0019603896236676634, 'parameters.weight_decay': 0.00048639551540694773}. Best is trial 0 with value: 0.333257518512638.
[I 2026-04-12 07:02:22,415] Trial 192 finished with value: 0.333257518512638 and parameters: {'parameters.history_length': 79, 'parameters.num_layers': 9, 'parameters.units': 178, 'parameters.dropout': 0.44053269168159426, 'parameters.batch_size': 114, 'parameters.learning_rate': 0.0015451544677206443, 'parameters.weight_decay': 0.00044238736402375854}. Best is trial 0 with value: 0.333257518512638.
[I 2026-04-12 07:05:17,299] Trial 193 finished with value: 0.333257518512638 and parameters: {'parameters.history_length': 68, 'parameters.num_layers': 9, 'parameters.units': 191, 'parameters.dropout': 0.4214149976880277, 'parameters.batch_size': 130, 'parameters.learning_rate': 0.0018672078078331568, 'parameters.weight_decay': 0.00036363068074342494}. Best is trial 0 with value: 0.333257518512638.
[I 2026-04-12 07:08:12,179] Trial 194 finished with value: 0.333257518512638 and parameters: {'parameters.history_length': 52, 'parameters.num_layers': 10, 'parameters.units': 223, 'parameters.dropout': 0.3796205191777206, 'parameters.batch_size': 100, 'parameters.learning_rate': 0.001668821828831274, 'parameters.weight_decay': 0.0003125421938486629}. Best is trial 0 with value: 0.333257518512638.
[I 2026-04-12 07:11:07,106] Trial 195 finished with value: 0.333257518512638 and parameters: {'parameters.history_length': 77, 'parameters.num_layers': 4, 'parameters.units': 298, 'parameters.dropout': 0.4621793820409341, 'parameters.batch_size': 310, 'parameters.learning_rate': 0.0017727559794396249, 'parameters.weight_decay': 0.0005855049940222326}. Best is trial 0 with value: 0.333257518512638.
[I 2026-04-12 07:14:02,008] Trial 196 finished with value: 0.333257518512638 and parameters: {'parameters.history_length': 73, 'parameters.num_layers': 9, 'parameters.units': 92, 'parameters.dropout': 0.2549668565815504, 'parameters.batch_size': 85, 'parameters.learning_rate': 0.00036055208041024556, 'parameters.weight_decay': 0.0007124385015445949}. Best is trial 0 with value: 0.333257518512638.
[I 2026-04-12 07:16:56,801] Trial 197 finished with value: 0.333257518512638 and parameters: {'parameters.history_length': 94, 'parameters.num_layers': 10, 'parameters.units': 220, 'parameters.dropout': 0.400829098341341, 'parameters.batch_size': 267, 'parameters.learning_rate': 0.0005154005595937126, 'parameters.weight_decay': 0.004589135476724734}. Best is trial 0 with value: 0.333257518512638.
[I 2026-04-12 07:19:51,597] Trial 198 finished with value: 0.333257518512638 and parameters: {'parameters.history_length': 49, 'parameters.num_layers': 8, 'parameters.units': 267, 'parameters.dropout': 0.20904702619261717, 'parameters.batch_size': 253, 'parameters.learning_rate': 0.00026278155106886254, 'parameters.weight_decay': 0.0017427625075205689}. Best is trial 0 with value: 0.333257518512638.
[I 2026-04-12 07:22:46,496] Trial 199 finished with value: 0.333257518512638 and parameters: {'parameters.history_length': 132, 'parameters.num_layers': 7, 'parameters.units': 285, 'parameters.dropout': 0.35233377273021743, 'parameters.batch_size': 122, 'parameters.learning_rate': 0.0002821514109505775, 'parameters.weight_decay': 0.00011948626786800564}. Best is trial 0 with value: 0.333257518512638.

Best trial: 0
Best validation loss: 0.333258
Best parameters:
  parameters.history_length: 80
  parameters.num_layers: 10
  parameters.units: 298
  parameters.dropout: 0.379597545259111
  parameters.batch_size: 114
  parameters.learning_rate: 0.0002864339657822303
  parameters.weight_decay: 0.00013066739238053285

Results saved to outputs/temporal_experiment/models/rnn/bayes_opt
Best config saved to outputs/temporal_experiment/models/rnn/best_config.toml

[2/3] Training best model...
Final training failed for rnn

================================================================================
Running experiment for: GRU
================================================================================

[1/3] Running Bayesian Optimization (200 trials)...

============================================================
Running Bayesian Optimization for GRU
============================================================
Running 200 trials...
  0%|          | 0/200 [00:00<?, ?it/s]                                         0%|          | 0/200 [00:08<?, ?it/s]Best trial: 0. Best value: 0.378721:   0%|          | 0/200 [00:08<?, ?it/s]Best trial: 0. Best value: 0.378721:   0%|          | 1/200 [00:08<27:05,  8.17s/it]                                                                                    Best trial: 0. Best value: 0.378721:   0%|          | 1/200 [00:16<27:05,  8.17s/it]Best trial: 0. Best value: 0.378721:   0%|          | 1/200 [00:16<27:05,  8.17s/it]Best trial: 0. Best value: 0.378721:   1%|          | 2/200 [00:16<27:03,  8.20s/it]                                                                                    Best trial: 0. Best value: 0.378721:   1%|          | 2/200 [00:24<27:03,  8.20s/it]Best trial: 0. Best value: 0.378721:   1%|          | 2/200 [00:24<27:03,  8.20s/it]Best trial: 0. Best value: 0.378721:   2%|▏         | 3/200 [00:24<27:06,  8.26s/it]                                                                                    Best trial: 0. Best value: 0.378721:   2%|▏         | 3/200 [00:32<27:06,  8.26s/it]Best trial: 0. Best value: 0.378721:   2%|▏         | 3/200 [00:32<27:06,  8.26s/it]Best trial: 0. Best value: 0.378721:   2%|▏         | 4/200 [00:32<26:54,  8.24s/it]                                                                                    Best trial: 0. Best value: 0.378721:   2%|▏         | 4/200 [00:41<26:54,  8.24s/it]Best trial: 0. Best value: 0.378721:   2%|▏         | 4/200 [00:41<26:54,  8.24s/it]Best trial: 0. Best value: 0.378721:   2%|▎         | 5/200 [00:41<26:41,  8.21s/it]                                                                                    Best trial: 0. Best value: 0.378721:   2%|▎         | 5/200 [00:49<26:41,  8.21s/it]Best trial: 0. Best value: 0.378721:   2%|▎         | 5/200 [00:49<26:41,  8.21s/it]Best trial: 0. Best value: 0.378721:   3%|▎         | 6/200 [00:49<26:29,  8.19s/it]                                                                                    Best trial: 0. Best value: 0.378721:   3%|▎         | 6/200 [00:57<26:29,  8.19s/it]Best trial: 0. Best value: 0.378721:   3%|▎         | 6/200 [00:57<26:29,  8.19s/it]Best trial: 0. Best value: 0.378721:   4%|▎         | 7/200 [00:57<26:22,  8.20s/it]                                                                                    Best trial: 0. Best value: 0.378721:   4%|▎         | 7/200 [01:05<26:22,  8.20s/it]Best trial: 0. Best value: 0.378721:   4%|▎         | 7/200 [01:05<26:22,  8.20s/it]Best trial: 0. Best value: 0.378721:   4%|▍         | 8/200 [01:05<26:15,  8.20s/it]                                                                                    Best trial: 0. Best value: 0.378721:   4%|▍         | 8/200 [01:13<26:15,  8.20s/it]Best trial: 0. Best value: 0.378721:   4%|▍         | 8/200 [01:13<26:15,  8.20s/it]Best trial: 0. Best value: 0.378721:   4%|▍         | 9/200 [01:13<26:08,  8.21s/it]                                                                                    Best trial: 0. Best value: 0.378721:   4%|▍         | 9/200 [01:22<26:08,  8.21s/it]Best trial: 0. Best value: 0.378721:   4%|▍         | 9/200 [01:22<26:08,  8.21s/it]Best trial: 0. Best value: 0.378721:   5%|▌         | 10/200 [01:22<25:57,  8.20s/it]                                                                                     Best trial: 0. Best value: 0.378721:   5%|▌         | 10/200 [01:30<25:57,  8.20s/it]Best trial: 0. Best value: 0.378721:   5%|▌         | 10/200 [01:30<25:57,  8.20s/it]Best trial: 0. Best value: 0.378721:   6%|▌         | 11/200 [01:30<25:50,  8.20s/it]                                                                                     Best trial: 0. Best value: 0.378721:   6%|▌         | 11/200 [01:38<25:50,  8.20s/it]Best trial: 0. Best value: 0.378721:   6%|▌         | 11/200 [01:38<25:50,  8.20s/it]Best trial: 0. Best value: 0.378721:   6%|▌         | 12/200 [01:38<25:44,  8.22s/it]                                                                                     Best trial: 0. Best value: 0.378721:   6%|▌         | 12/200 [01:46<25:44,  8.22s/it]Best trial: 0. Best value: 0.378721:   6%|▌         | 12/200 [01:46<25:44,  8.22s/it]Best trial: 0. Best value: 0.378721:   6%|▋         | 13/200 [01:46<25:36,  8.22s/it]                                                                                     Best trial: 0. Best value: 0.378721:   6%|▋         | 13/200 [01:54<25:36,  8.22s/it]Best trial: 0. Best value: 0.378721:   6%|▋         | 13/200 [01:54<25:36,  8.22s/it]Best trial: 0. Best value: 0.378721:   7%|▋         | 14/200 [01:54<25:30,  8.23s/it]                                                                                     Best trial: 0. Best value: 0.378721:   7%|▋         | 14/200 [02:03<25:30,  8.23s/it]Best trial: 0. Best value: 0.378721:   7%|▋         | 14/200 [02:03<25:30,  8.23s/it]Best trial: 0. Best value: 0.378721:   8%|▊         | 15/200 [02:03<25:20,  8.22s/it]                                                                                     Best trial: 0. Best value: 0.378721:   8%|▊         | 15/200 [02:11<25:20,  8.22s/it]Best trial: 0. Best value: 0.378721:   8%|▊         | 15/200 [02:11<25:20,  8.22s/it]Best trial: 0. Best value: 0.378721:   8%|▊         | 16/200 [02:11<25:09,  8.21s/it]                                                                                     Best trial: 0. Best value: 0.378721:   8%|▊         | 16/200 [02:19<25:09,  8.21s/it]Best trial: 0. Best value: 0.378721:   8%|▊         | 16/200 [02:19<25:09,  8.21s/it]Best trial: 0. Best value: 0.378721:   8%|▊         | 17/200 [02:19<25:04,  8.22s/it]                                                                                     Best trial: 0. Best value: 0.378721:   8%|▊         | 17/200 [02:27<25:04,  8.22s/it]Best trial: 0. Best value: 0.378721:   8%|▊         | 17/200 [02:27<25:04,  8.22s/it]Best trial: 0. Best value: 0.378721:   9%|▉         | 18/200 [02:27<24:57,  8.23s/it]                                                                                     Best trial: 0. Best value: 0.378721:   9%|▉         | 18/200 [02:36<24:57,  8.23s/it]Best trial: 0. Best value: 0.378721:   9%|▉         | 18/200 [02:36<24:57,  8.23s/it]Best trial: 0. Best value: 0.378721:  10%|▉         | 19/200 [02:36<24:46,  8.21s/it]                                                                                     Best trial: 0. Best value: 0.378721:  10%|▉         | 19/200 [02:44<24:46,  8.21s/it]Best trial: 0. Best value: 0.378721:  10%|▉         | 19/200 [02:44<24:46,  8.21s/it]Best trial: 0. Best value: 0.378721:  10%|█         | 20/200 [02:44<24:36,  8.20s/it]                                                                                     [I 2026-04-12 07:25:49,523] Trial 0 finished with value: 0.3787205289294688 and parameters: {'parameters.history_length': 74, 'parameters.units': 369, 'parameters.num_layers': 8, 'parameters.dropout': 0.379597545259111, 'parameters.batch_size': 114, 'parameters.learning_rate': 0.0002864339657822303, 'parameters.weight_decay': 0.00013066739238053285}. Best is trial 0 with value: 0.3787205289294688.
[I 2026-04-12 07:25:57,741] Trial 1 finished with value: 0.3787205289294688 and parameters: {'parameters.history_length': 129, 'parameters.units': 256, 'parameters.num_layers': 8, 'parameters.dropout': 0.20617534828874073, 'parameters.batch_size': 375, 'parameters.learning_rate': 0.001359792484318226, 'parameters.weight_decay': 0.00026587543983272726}. Best is trial 0 with value: 0.3787205289294688.
[I 2026-04-12 07:26:06,070] Trial 2 finished with value: 0.3787205289294688 and parameters: {'parameters.history_length': 52, 'parameters.units': 122, 'parameters.num_layers': 4, 'parameters.dropout': 0.35742692948967136, 'parameters.batch_size': 202, 'parameters.learning_rate': 0.0003910741732549046, 'parameters.weight_decay': 0.0016738085788752138}. Best is trial 0 with value: 0.3787205289294688.
[I 2026-04-12 07:26:14,280] Trial 3 finished with value: 0.3787205289294688 and parameters: {'parameters.history_length': 47, 'parameters.units': 157, 'parameters.num_layers': 5, 'parameters.dropout': 0.3368209952651108, 'parameters.batch_size': 316, 'parameters.learning_rate': 0.0003167406311823747, 'parameters.weight_decay': 0.0010677482709481358}. Best is trial 0 with value: 0.3787205289294688.
[I 2026-04-12 07:26:22,449] Trial 4 finished with value: 0.3787205289294688 and parameters: {'parameters.history_length': 98, 'parameters.units': 78, 'parameters.num_layers': 7, 'parameters.dropout': 0.2511572371061875, 'parameters.batch_size': 84, 'parameters.learning_rate': 0.0017779335814037862, 'parameters.weight_decay': 0.00853618986286683}. Best is trial 0 with value: 0.3787205289294688.
[I 2026-04-12 07:26:30,606] Trial 5 finished with value: 0.3787205289294688 and parameters: {'parameters.history_length': 123, 'parameters.units': 161, 'parameters.num_layers': 2, 'parameters.dropout': 0.40526990795364704, 'parameters.batch_size': 205, 'parameters.learning_rate': 0.0002648916268019866, 'parameters.weight_decay': 0.0009780337016659412}. Best is trial 0 with value: 0.3787205289294688.
[I 2026-04-12 07:26:38,817] Trial 6 finished with value: 0.3787205289294688 and parameters: {'parameters.history_length': 35, 'parameters.units': 355, 'parameters.num_layers': 4, 'parameters.dropout': 0.39875668530619457, 'parameters.batch_size': 164, 'parameters.learning_rate': 0.000662365977614476, 'parameters.weight_decay': 0.0012399967836846098}. Best is trial 0 with value: 0.3787205289294688.
[I 2026-04-12 07:26:47,029] Trial 7 finished with value: 0.3787205289294688 and parameters: {'parameters.history_length': 52, 'parameters.units': 375, 'parameters.num_layers': 8, 'parameters.dropout': 0.48184968246925675, 'parameters.batch_size': 351, 'parameters.learning_rate': 0.0007923735580813167, 'parameters.weight_decay': 0.0069782812651260325}. Best is trial 0 with value: 0.3787205289294688.
[I 2026-04-12 07:26:55,257] Trial 8 finished with value: 0.3787205289294688 and parameters: {'parameters.history_length': 41, 'parameters.units': 126, 'parameters.num_layers': 2, 'parameters.dropout': 0.2975990992289793, 'parameters.batch_size': 188, 'parameters.learning_rate': 0.0003735760514214134, 'parameters.weight_decay': 0.004544383960336014}. Best is trial 0 with value: 0.3787205289294688.
[I 2026-04-12 07:27:03,422] Trial 9 finished with value: 0.3787205289294688 and parameters: {'parameters.history_length': 72, 'parameters.units': 154, 'parameters.num_layers': 6, 'parameters.dropout': 0.2422772674924288, 'parameters.batch_size': 321, 'parameters.learning_rate': 0.0002374546285067177, 'parameters.weight_decay': 0.009413993046829943}. Best is trial 0 with value: 0.3787205289294688.
[I 2026-04-12 07:27:11,644] Trial 10 finished with value: 0.3787205289294688 and parameters: {'parameters.history_length': 90, 'parameters.units': 290, 'parameters.num_layers': 10, 'parameters.dropout': 0.47968710257353625, 'parameters.batch_size': 68, 'parameters.learning_rate': 0.0005001189812980793, 'parameters.weight_decay': 0.00010722312838040235}. Best is trial 0 with value: 0.3787205289294688.
[I 2026-04-12 07:27:19,884] Trial 11 finished with value: 0.3787205289294688 and parameters: {'parameters.history_length': 140, 'parameters.units': 247, 'parameters.num_layers': 10, 'parameters.dropout': 0.2047223458760423, 'parameters.batch_size': 262, 'parameters.learning_rate': 0.001256902823130098, 'parameters.weight_decay': 0.0001301397360657581}. Best is trial 0 with value: 0.3787205289294688.
[I 2026-04-12 07:27:28,110] Trial 12 finished with value: 0.3787205289294688 and parameters: {'parameters.history_length': 116, 'parameters.units': 306, 'parameters.num_layers': 8, 'parameters.dropout': 0.41720099252845877, 'parameters.batch_size': 128, 'parameters.learning_rate': 0.00095494434347689, 'parameters.weight_decay': 0.00027209976155848575}. Best is trial 0 with value: 0.3787205289294688.
[I 2026-04-12 07:27:36,353] Trial 13 finished with value: 0.3787205289294688 and parameters: {'parameters.history_length': 73, 'parameters.units': 225, 'parameters.num_layers': 8, 'parameters.dropout': 0.3133792510211184, 'parameters.batch_size': 258, 'parameters.learning_rate': 0.001566296737002324, 'parameters.weight_decay': 0.0002846282635669909}. Best is trial 0 with value: 0.3787205289294688.
[I 2026-04-12 07:27:44,552] Trial 14 finished with value: 0.3787205289294688 and parameters: {'parameters.history_length': 107, 'parameters.units': 304, 'parameters.num_layers': 9, 'parameters.dropout': 0.3763626960568941, 'parameters.batch_size': 131, 'parameters.learning_rate': 0.0010635660276295932, 'parameters.weight_decay': 0.00030287539859849907}. Best is trial 0 with value: 0.3787205289294688.
[I 2026-04-12 07:27:52,732] Trial 15 finished with value: 0.3787205289294688 and parameters: {'parameters.history_length': 144, 'parameters.units': 264, 'parameters.num_layers': 7, 'parameters.dropout': 0.44241981033414934, 'parameters.batch_size': 383, 'parameters.learning_rate': 0.0005261228039335526, 'parameters.weight_decay': 0.0005286741166545425}. Best is trial 0 with value: 0.3787205289294688.
[I 2026-04-12 07:28:00,986] Trial 16 finished with value: 0.3787205289294688 and parameters: {'parameters.history_length': 73, 'parameters.units': 334, 'parameters.num_layers': 9, 'parameters.dropout': 0.2471485326949496, 'parameters.batch_size': 253, 'parameters.learning_rate': 0.00020162102536002064, 'parameters.weight_decay': 0.00018015596595059326}. Best is trial 0 with value: 0.3787205289294688.
[I 2026-04-12 07:28:09,236] Trial 17 finished with value: 0.3787205289294688 and parameters: {'parameters.history_length': 125, 'parameters.units': 191, 'parameters.num_layers': 6, 'parameters.dropout': 0.29047124888468323, 'parameters.batch_size': 131, 'parameters.learning_rate': 0.0012743946236752595, 'parameters.weight_decay': 0.0005983206987374906}. Best is trial 0 with value: 0.3787205289294688.
[I 2026-04-12 07:28:17,409] Trial 18 finished with value: 0.3787205289294688 and parameters: {'parameters.history_length': 83, 'parameters.units': 378, 'parameters.num_layers': 7, 'parameters.dropout': 0.20645033824503572, 'parameters.batch_size': 295, 'parameters.learning_rate': 0.0007255141528082508, 'parameters.weight_decay': 0.0001635280109508478}. Best is trial 0 with value: 0.3787205289294688.
[I 2026-04-12 07:28:25,585] Trial 19 finished with value: 0.3787205289294688 and parameters: {'parameters.history_length': 63, 'parameters.units': 204, 'parameters.num_layers': 9, 'parameters.dropout': 0.44638145666567913, 'parameters.batch_size': 103, 'parameters.learning_rate': 0.001991598087660158, 'parameters.weight_decay': 0.00044660663318794386}. Best is trial 0 with value: 0.3787205289294688.
