[I 2026-04-11 21:31:01,260] Trial 109 finished with value: 0.38843612003763883 and parameters: {'parameters.mid_layer_count': 3, 'parameters.mid_layer_size': 282, 'parameters.dropout': 0.07102318157372146, 'parameters.batch_size': 77, 'parameters.learning_rate': 0.00012644359749121133, 'parameters.weight_decay': 0.001443041450168542}. Best is trial 0 with value: 0.38843612003763883.Best trial: 0. Best value: 0.388436:  55%|█████▍    | 109/200 [08:49<07:16,  4.80s/it]Best trial: 0. Best value: 0.388436:  55%|█████▍    | 109/200 [08:49<07:16,  4.80s/it]Best trial: 0. Best value: 0.388436:  55%|█████▌    | 110/200 [08:49<07:12,  4.81s/it]                                                                                      Best trial: 0. Best value: 0.388436:  55%|█████▌    | 110/200 [08:54<07:12,  4.81s/it]Best trial: 0. Best value: 0.388436:  55%|█████▌    | 110/200 [08:54<07:12,  4.81s/it]Best trial: 0. Best value: 0.388436:  56%|█████▌    | 111/200 [08:54<07:08,  4.81s/it]                                                                                      Best trial: 0. Best value: 0.388436:  56%|█████▌    | 111/200 [08:59<07:08,  4.81s/it]Best trial: 0. Best value: 0.388436:  56%|█████▌    | 111/200 [08:59<07:08,  4.81s/it]Best trial: 0. Best value: 0.388436:  56%|█████▌    | 112/200 [08:59<07:01,  4.79s/it]                                                                                      Best trial: 0. Best value: 0.388436:  56%|█████▌    | 112/200 [09:04<07:01,  4.79s/it]Best trial: 0. Best value: 0.388436:  56%|█████▌    | 112/200 [09:04<07:01,  4.79s/it]Best trial: 0. Best value: 0.388436:  56%|█████▋    | 113/200 [09:04<06:59,  4.82s/it]                                                                                      Best trial: 0. Best value: 0.388436:  56%|█████▋    | 113/200 [09:09<06:59,  4.82s/it]Best trial: 0. Best value: 0.388436:  56%|█████▋    | 113/200 [09:09<06:59,  4.82s/it]Best trial: 0. Best value: 0.388436:  57%|█████▋    | 114/200 [09:09<06:54,  4.82s/it]                                                                                      Best trial: 0. Best value: 0.388436:  57%|█████▋    | 114/200 [09:13<06:54,  4.82s/it]Best trial: 0. Best value: 0.388436:  57%|█████▋    | 114/200 [09:13<06:54,  4.82s/it]Best trial: 0. Best value: 0.388436:  57%|█████▊    | 115/200 [09:13<06:50,  4.83s/it]                                                                                      Best trial: 0. Best value: 0.388436:  57%|█████▊    | 115/200 [09:18<06:50,  4.83s/it]Best trial: 0. Best value: 0.388436:  57%|█████▊    | 115/200 [09:18<06:50,  4.83s/it]Best trial: 0. Best value: 0.388436:  58%|█████▊    | 116/200 [09:18<06:42,  4.79s/it]                                                                                      Best trial: 0. Best value: 0.388436:  58%|█████▊    | 116/200 [09:23<06:42,  4.79s/it]Best trial: 0. Best value: 0.388436:  58%|█████▊    | 116/200 [09:23<06:42,  4.79s/it]Best trial: 0. Best value: 0.388436:  58%|█████▊    | 117/200 [09:23<06:40,  4.83s/it]                                                                                      Best trial: 0. Best value: 0.388436:  58%|█████▊    | 117/200 [09:28<06:40,  4.83s/it]Best trial: 0. Best value: 0.388436:  58%|█████▊    | 117/200 [09:28<06:40,  4.83s/it]Best trial: 0. Best value: 0.388436:  59%|█████▉    | 118/200 [09:28<06:36,  4.84s/it]                                                                                      Best trial: 0. Best value: 0.388436:  59%|█████▉    | 118/200 [09:33<06:36,  4.84s/it]Best trial: 0. Best value: 0.388436:  59%|█████▉    | 118/200 [09:33<06:36,  4.84s/it]Best trial: 0. Best value: 0.388436:  60%|█████▉    | 119/200 [09:33<06:31,  4.84s/it]                                                                                      Best trial: 0. Best value: 0.388436:  60%|█████▉    | 119/200 [09:38<06:31,  4.84s/it]Best trial: 0. Best value: 0.388436:  60%|█████▉    | 119/200 [09:38<06:31,  4.84s/it]Best trial: 0. Best value: 0.388436:  60%|██████    | 120/200 [09:38<06:26,  4.83s/it]                                                                                      Best trial: 0. Best value: 0.388436:  60%|██████    | 120/200 [09:42<06:26,  4.83s/it]Best trial: 0. Best value: 0.388436:  60%|██████    | 120/200 [09:42<06:26,  4.83s/it]Best trial: 0. Best value: 0.388436:  60%|██████    | 121/200 [09:42<06:21,  4.83s/it]                                                                                      Best trial: 0. Best value: 0.388436:  60%|██████    | 121/200 [09:47<06:21,  4.83s/it]Best trial: 0. Best value: 0.388436:  60%|██████    | 121/200 [09:47<06:21,  4.83s/it]Best trial: 0. Best value: 0.388436:  61%|██████    | 122/200 [09:47<06:15,  4.82s/it]                                                                                      Best trial: 0. Best value: 0.388436:  61%|██████    | 122/200 [09:52<06:15,  4.82s/it]Best trial: 0. Best value: 0.388436:  61%|██████    | 122/200 [09:52<06:15,  4.82s/it]Best trial: 0. Best value: 0.388436:  62%|██████▏   | 123/200 [09:52<06:10,  4.81s/it]                                                                                      Best trial: 0. Best value: 0.388436:  62%|██████▏   | 123/200 [09:57<06:10,  4.81s/it]Best trial: 0. Best value: 0.388436:  62%|██████▏   | 123/200 [09:57<06:10,  4.81s/it]Best trial: 0. Best value: 0.388436:  62%|██████▏   | 124/200 [09:57<06:06,  4.82s/it]                                                                                      Best trial: 0. Best value: 0.388436:  62%|██████▏   | 124/200 [10:02<06:06,  4.82s/it]Best trial: 0. Best value: 0.388436:  62%|██████▏   | 124/200 [10:02<06:06,  4.82s/it]Best trial: 0. Best value: 0.388436:  62%|██████▎   | 125/200 [10:02<06:02,  4.83s/it]                                                                                      Best trial: 0. Best value: 0.388436:  62%|██████▎   | 125/200 [10:07<06:02,  4.83s/it]Best trial: 0. Best value: 0.388436:  62%|██████▎   | 125/200 [10:07<06:02,  4.83s/it]Best trial: 0. Best value: 0.388436:  63%|██████▎   | 126/200 [10:07<05:57,  4.84s/it]                                                                                      Best trial: 0. Best value: 0.388436:  63%|██████▎   | 126/200 [10:11<05:57,  4.84s/it]Best trial: 0. Best value: 0.388436:  63%|██████▎   | 126/200 [10:11<05:57,  4.84s/it]Best trial: 0. Best value: 0.388436:  64%|██████▎   | 127/200 [10:11<05:52,  4.83s/it]                                                                                      Best trial: 0. Best value: 0.388436:  64%|██████▎   | 127/200 [10:16<05:52,  4.83s/it]Best trial: 0. Best value: 0.388436:  64%|██████▎   | 127/200 [10:16<05:52,  4.83s/it]Best trial: 0. Best value: 0.388436:  64%|██████▍   | 128/200 [10:16<05:47,  4.83s/it]                                                                                      Best trial: 0. Best value: 0.388436:  64%|██████▍   | 128/200 [10:21<05:47,  4.83s/it]Best trial: 0. Best value: 0.388436:  64%|██████▍   | 128/200 [10:21<05:47,  4.83s/it]Best trial: 0. Best value: 0.388436:  64%|██████▍   | 129/200 [10:21<05:42,  4.82s/it]                                                                                      Best trial: 0. Best value: 0.388436:  64%|██████▍   | 129/200 [10:26<05:42,  4.82s/it]Best trial: 0. Best value: 0.388436:  64%|██████▍   | 129/200 [10:26<05:42,  4.82s/it]Best trial: 0. Best value: 0.388436:  65%|██████▌   | 130/200 [10:26<05:36,  4.81s/it]                                                                                      Best trial: 0. Best value: 0.388436:  65%|██████▌   | 130/200 [10:31<05:36,  4.81s/it]Best trial: 0. Best value: 0.388436:  65%|██████▌   | 130/200 [10:31<05:36,  4.81s/it]Best trial: 0. Best value: 0.388436:  66%|██████▌   | 131/200 [10:31<05:32,  4.82s/it]                                                                                      
[I 2026-04-11 21:31:06,087] Trial 110 finished with value: 0.38843612003763883 and parameters: {'parameters.mid_layer_count': 4, 'parameters.mid_layer_size': 412, 'parameters.dropout': 0.07639825602846707, 'parameters.batch_size': 115, 'parameters.learning_rate': 0.001997486468737105, 'parameters.weight_decay': 0.00036174649621905584}. Best is trial 0 with value: 0.38843612003763883.
[I 2026-04-11 21:31:10,832] Trial 111 finished with value: 0.38843612003763883 and parameters: {'parameters.mid_layer_count': 2, 'parameters.mid_layer_size': 361, 'parameters.dropout': 0.29584589205579787, 'parameters.batch_size': 208, 'parameters.learning_rate': 0.00010835461582716647, 'parameters.weight_decay': 0.0017099972956662185}. Best is trial 0 with value: 0.38843612003763883.
[I 2026-04-11 21:31:15,732] Trial 112 finished with value: 0.38843612003763883 and parameters: {'parameters.mid_layer_count': 2, 'parameters.mid_layer_size': 388, 'parameters.dropout': 0.21212399138116622, 'parameters.batch_size': 205, 'parameters.learning_rate': 0.0001140078173503546, 'parameters.weight_decay': 0.000509087168819628}. Best is trial 0 with value: 0.38843612003763883.
[I 2026-04-11 21:31:20,530] Trial 113 finished with value: 0.38843612003763883 and parameters: {'parameters.mid_layer_count': 2, 'parameters.mid_layer_size': 427, 'parameters.dropout': 0.1717269124817272, 'parameters.batch_size': 161, 'parameters.learning_rate': 0.00012221320743295902, 'parameters.weight_decay': 1.4856133051033215e-05}. Best is trial 0 with value: 0.38843612003763883.
[I 2026-04-11 21:31:25,379] Trial 114 finished with value: 0.38843612003763883 and parameters: {'parameters.mid_layer_count': 2, 'parameters.mid_layer_size': 358, 'parameters.dropout': 0.37376527845855356, 'parameters.batch_size': 215, 'parameters.learning_rate': 0.00014485477212483584, 'parameters.weight_decay': 0.0044894248471474794}. Best is trial 0 with value: 0.38843612003763883.
[I 2026-04-11 21:31:30,083] Trial 115 finished with value: 0.38843612003763883 and parameters: {'parameters.mid_layer_count': 2, 'parameters.mid_layer_size': 205, 'parameters.dropout': 0.11565477623406258, 'parameters.batch_size': 156, 'parameters.learning_rate': 0.0013283703434395899, 'parameters.weight_decay': 0.0031342354754153204}. Best is trial 0 with value: 0.38843612003763883.
[I 2026-04-11 21:31:35,006] Trial 116 finished with value: 0.38843612003763883 and parameters: {'parameters.mid_layer_count': 3, 'parameters.mid_layer_size': 469, 'parameters.dropout': 0.06695135056187071, 'parameters.batch_size': 100, 'parameters.learning_rate': 0.00045602189516340936, 'parameters.weight_decay': 0.0024292518784474336}. Best is trial 0 with value: 0.38843612003763883.
[I 2026-04-11 21:31:39,860] Trial 117 finished with value: 0.38843612003763883 and parameters: {'parameters.mid_layer_count': 2, 'parameters.mid_layer_size': 396, 'parameters.dropout': 0.05015955941571056, 'parameters.batch_size': 191, 'parameters.learning_rate': 0.0002305536441237188, 'parameters.weight_decay': 0.0058879172289815025}. Best is trial 0 with value: 0.38843612003763883.
[I 2026-04-11 21:31:44,692] Trial 118 finished with value: 0.38843612003763883 and parameters: {'parameters.mid_layer_count': 4, 'parameters.mid_layer_size': 490, 'parameters.dropout': 0.10344209876044203, 'parameters.batch_size': 222, 'parameters.learning_rate': 0.00010296799215701858, 'parameters.weight_decay': 2.1103062664657457e-05}. Best is trial 0 with value: 0.38843612003763883.
[I 2026-04-11 21:31:49,520] Trial 119 finished with value: 0.38843612003763883 and parameters: {'parameters.mid_layer_count': 3, 'parameters.mid_layer_size': 445, 'parameters.dropout': 0.18830946584130134, 'parameters.batch_size': 198, 'parameters.learning_rate': 0.0002069967804098532, 'parameters.weight_decay': 0.0011595687521149174}. Best is trial 0 with value: 0.38843612003763883.
[I 2026-04-11 21:31:54,357] Trial 120 finished with value: 0.38843612003763883 and parameters: {'parameters.mid_layer_count': 5, 'parameters.mid_layer_size': 413, 'parameters.dropout': 0.19694123609283706, 'parameters.batch_size': 212, 'parameters.learning_rate': 0.0001370960202608712, 'parameters.weight_decay': 0.0036201213138961864}. Best is trial 0 with value: 0.38843612003763883.
[I 2026-04-11 21:31:59,132] Trial 121 finished with value: 0.38843612003763883 and parameters: {'parameters.mid_layer_count': 2, 'parameters.mid_layer_size': 497, 'parameters.dropout': 0.27740001735407593, 'parameters.batch_size': 235, 'parameters.learning_rate': 0.0003596132653019195, 'parameters.weight_decay': 0.008516920009200304}. Best is trial 0 with value: 0.38843612003763883.
[I 2026-04-11 21:32:03,929] Trial 122 finished with value: 0.38843612003763883 and parameters: {'parameters.mid_layer_count': 2, 'parameters.mid_layer_size': 480, 'parameters.dropout': 0.22292244924229432, 'parameters.batch_size': 246, 'parameters.learning_rate': 0.0009909637787996052, 'parameters.weight_decay': 0.007316525613088268}. Best is trial 0 with value: 0.38843612003763883.
[I 2026-04-11 21:32:08,786] Trial 123 finished with value: 0.38843612003763883 and parameters: {'parameters.mid_layer_count': 2, 'parameters.mid_layer_size': 510, 'parameters.dropout': 0.23907881026899688, 'parameters.batch_size': 179, 'parameters.learning_rate': 0.00018500238393885703, 'parameters.weight_decay': 0.009234966162280077}. Best is trial 0 with value: 0.38843612003763883.
[I 2026-04-11 21:32:13,635] Trial 124 finished with value: 0.38843612003763883 and parameters: {'parameters.mid_layer_count': 2, 'parameters.mid_layer_size': 475, 'parameters.dropout': 0.20841014802509644, 'parameters.batch_size': 174, 'parameters.learning_rate': 0.0002877166873528921, 'parameters.weight_decay': 0.0019393091153208978}. Best is trial 0 with value: 0.38843612003763883.
[I 2026-04-11 21:32:18,482] Trial 125 finished with value: 0.38843612003763883 and parameters: {'parameters.mid_layer_count': 2, 'parameters.mid_layer_size': 452, 'parameters.dropout': 0.2575930420001985, 'parameters.batch_size': 239, 'parameters.learning_rate': 0.00016296580793922412, 'parameters.weight_decay': 0.006619789718418711}. Best is trial 0 with value: 0.38843612003763883.
[I 2026-04-11 21:32:23,302] Trial 126 finished with value: 0.38843612003763883 and parameters: {'parameters.mid_layer_count': 3, 'parameters.mid_layer_size': 180, 'parameters.dropout': 0.15481484364986187, 'parameters.batch_size': 186, 'parameters.learning_rate': 0.00011844417254075235, 'parameters.weight_decay': 0.005489690601522096}. Best is trial 0 with value: 0.38843612003763883.
[I 2026-04-11 21:32:28,112] Trial 127 finished with value: 0.38843612003763883 and parameters: {'parameters.mid_layer_count': 4, 'parameters.mid_layer_size': 306, 'parameters.dropout': 0.12764415538360085, 'parameters.batch_size': 169, 'parameters.learning_rate': 0.0007669299290511419, 'parameters.weight_decay': 4.6046370154922385e-05}. Best is trial 0 with value: 0.38843612003763883.
[I 2026-04-11 21:32:32,911] Trial 128 finished with value: 0.38843612003763883 and parameters: {'parameters.mid_layer_count': 3, 'parameters.mid_layer_size': 503, 'parameters.dropout': 0.177323230173001, 'parameters.batch_size': 250, 'parameters.learning_rate': 0.0002517726968968144, 'parameters.weight_decay': 0.00020592313384455908}. Best is trial 0 with value: 0.38843612003763883.
[I 2026-04-11 21:32:37,698] Trial 129 finished with value: 0.38843612003763883 and parameters: {'parameters.mid_layer_count': 2, 'parameters.mid_layer_size': 487, 'parameters.dropout': 0.2212656340341993, 'parameters.batch_size': 143, 'parameters.learning_rate': 0.0005852522535270095, 'parameters.weight_decay': 1.0296450031875022e-05}. Best is trial 0 with value: 0.38843612003763883.
[I 2026-04-11 21:32:42,547] Trial 130 finished with value: 0.38843612003763883 and parameters: {'parameters.mid_layer_count': 4, 'parameters.mid_layer_size': 512, 'parameters.dropout': 0.1430805686452491, 'parameters.batch_size': 104, 'parameters.learning_rate': 0.002443098093382973, 'parameters.weight_decay': 0.004522794045121431}. Best is trial 0 with value: 0.38843612003763883.
