[I 2026-04-12 00:43:00,496] Trial 62 finished with value: 0.333257518512638 and parameters: {'parameters.history_length': 39, 'parameters.num_layers': 10, 'parameters.units': 134, 'parameters.dropout': 0.3051899710462187, 'parameters.batch_size': 194, 'parameters.learning_rate': 0.0012928534857649177, 'parameters.weight_decay': 0.0023819508583730062}. Best is trial 0 with value: 0.333257518512638.Best trial: 0. Best value: 0.333258:  31%|███       | 62/200 [3:04:41<6:44:28, 175.86s/it]Best trial: 0. Best value: 0.333258:  31%|███       | 62/200 [3:04:41<6:44:28, 175.86s/it]Best trial: 0. Best value: 0.333258:  32%|███▏      | 63/200 [3:04:41<6:41:31, 175.85s/it]                                                                                          Best trial: 0. Best value: 0.333258:  32%|███▏      | 63/200 [3:07:36<6:41:31, 175.85s/it]Best trial: 0. Best value: 0.333258:  32%|███▏      | 63/200 [3:07:36<6:41:31, 175.85s/it]Best trial: 0. Best value: 0.333258:  32%|███▏      | 64/200 [3:07:36<6:38:05, 175.63s/it]                                                                                          Best trial: 0. Best value: 0.333258:  32%|███▏      | 64/200 [3:10:31<6:38:05, 175.63s/it]Best trial: 0. Best value: 0.333258:  32%|███▏      | 64/200 [3:10:31<6:38:05, 175.63s/it]Best trial: 0. Best value: 0.333258:  32%|███▎      | 65/200 [3:10:31<6:34:45, 175.45s/it]                                                                                          Best trial: 0. Best value: 0.333258:  32%|███▎      | 65/200 [3:13:26<6:34:45, 175.45s/it]Best trial: 0. Best value: 0.333258:  32%|███▎      | 65/200 [3:13:26<6:34:45, 175.45s/it]Best trial: 0. Best value: 0.333258:  33%|███▎      | 66/200 [3:13:26<6:31:29, 175.29s/it]                                                                                          Best trial: 0. Best value: 0.333258:  33%|███▎      | 66/200 [3:16:21<6:31:29, 175.29s/it]Best trial: 0. Best value: 0.333258:  33%|███▎      | 66/200 [3:16:21<6:31:29, 175.29s/it]Best trial: 0. Best value: 0.333258:  34%|███▎      | 67/200 [3:16:21<6:28:23, 175.21s/it]                                                                                          Best trial: 0. Best value: 0.333258:  34%|███▎      | 67/200 [3:19:17<6:28:23, 175.21s/it]Best trial: 0. Best value: 0.333258:  34%|███▎      | 67/200 [3:19:17<6:28:23, 175.21s/it]Best trial: 0. Best value: 0.333258:  34%|███▍      | 68/200 [3:19:17<6:25:54, 175.41s/it]                                                                                          Best trial: 0. Best value: 0.333258:  34%|███▍      | 68/200 [3:22:12<6:25:54, 175.41s/it]Best trial: 0. Best value: 0.333258:  34%|███▍      | 68/200 [3:22:12<6:25:54, 175.41s/it]Best trial: 0. Best value: 0.333258:  34%|███▍      | 69/200 [3:22:12<6:23:09, 175.49s/it]                                                                                          Best trial: 0. Best value: 0.333258:  34%|███▍      | 69/200 [3:25:09<6:23:09, 175.49s/it]Best trial: 0. Best value: 0.333258:  34%|███▍      | 69/200 [3:25:09<6:23:09, 175.49s/it]Best trial: 0. Best value: 0.333258:  35%|███▌      | 70/200 [3:25:09<6:20:57, 175.82s/it]                                                                                          Best trial: 0. Best value: 0.333258:  35%|███▌      | 70/200 [3:28:06<6:20:57, 175.82s/it]Best trial: 0. Best value: 0.333258:  35%|███▌      | 70/200 [3:28:06<6:20:57, 175.82s/it]Best trial: 0. Best value: 0.333258:  36%|███▌      | 71/200 [3:28:06<6:18:46, 176.17s/it]                                                                                          Best trial: 0. Best value: 0.333258:  36%|███▌      | 71/200 [3:31:02<6:18:46, 176.17s/it]Best trial: 0. Best value: 0.333258:  36%|███▌      | 71/200 [3:31:02<6:18:46, 176.17s/it]Best trial: 0. Best value: 0.333258:  36%|███▌      | 72/200 [3:31:02<6:16:08, 176.32s/it]                                                                                          Best trial: 0. Best value: 0.333258:  36%|███▌      | 72/200 [3:33:59<6:16:08, 176.32s/it]Best trial: 0. Best value: 0.333258:  36%|███▌      | 72/200 [3:33:59<6:16:08, 176.32s/it]Best trial: 0. Best value: 0.333258:  36%|███▋      | 73/200 [3:33:59<6:13:18, 176.36s/it]                                                                                          Best trial: 0. Best value: 0.333258:  36%|███▋      | 73/200 [3:36:55<6:13:18, 176.36s/it]Best trial: 0. Best value: 0.333258:  36%|███▋      | 73/200 [3:36:55<6:13:18, 176.36s/it]Best trial: 0. Best value: 0.333258:  37%|███▋      | 74/200 [3:36:55<6:10:12, 176.29s/it]                                                                                          Best trial: 0. Best value: 0.333258:  37%|███▋      | 74/200 [3:39:51<6:10:12, 176.29s/it]Best trial: 0. Best value: 0.333258:  37%|███▋      | 74/200 [3:39:51<6:10:12, 176.29s/it]Best trial: 0. Best value: 0.333258:  38%|███▊      | 75/200 [3:39:51<6:07:15, 176.29s/it]                                                                                          Best trial: 0. Best value: 0.333258:  38%|███▊      | 75/200 [3:42:48<6:07:15, 176.29s/it]Best trial: 0. Best value: 0.333258:  38%|███▊      | 75/200 [3:42:48<6:07:15, 176.29s/it]Best trial: 0. Best value: 0.333258:  38%|███▊      | 76/200 [3:42:48<6:04:19, 176.29s/it]                                                                                          Best trial: 0. Best value: 0.333258:  38%|███▊      | 76/200 [3:45:44<6:04:19, 176.29s/it]Best trial: 0. Best value: 0.333258:  38%|███▊      | 76/200 [3:45:44<6:04:19, 176.29s/it]Best trial: 0. Best value: 0.333258:  38%|███▊      | 77/200 [3:45:44<6:01:23, 176.29s/it]                                                                                          Best trial: 0. Best value: 0.333258:  38%|███▊      | 77/200 [3:48:40<6:01:23, 176.29s/it]Best trial: 0. Best value: 0.333258:  38%|███▊      | 77/200 [3:48:40<6:01:23, 176.29s/it]Best trial: 0. Best value: 0.333258:  39%|███▉      | 78/200 [3:48:40<5:58:21, 176.24s/it]                                                                                          Best trial: 0. Best value: 0.333258:  39%|███▉      | 78/200 [3:51:37<5:58:21, 176.24s/it]Best trial: 0. Best value: 0.333258:  39%|███▉      | 78/200 [3:51:37<5:58:21, 176.24s/it]Best trial: 0. Best value: 0.333258:  40%|███▉      | 79/200 [3:51:37<5:55:49, 176.44s/it]                                                                                          Best trial: 0. Best value: 0.333258:  40%|███▉      | 79/200 [3:54:34<5:55:49, 176.44s/it]Best trial: 0. Best value: 0.333258:  40%|███▉      | 79/200 [3:54:34<5:55:49, 176.44s/it]Best trial: 0. Best value: 0.333258:  40%|████      | 80/200 [3:54:34<5:53:23, 176.69s/it]                                                                                          Best trial: 0. Best value: 0.333258:  40%|████      | 80/200 [3:57:30<5:53:23, 176.69s/it]Best trial: 0. Best value: 0.333258:  40%|████      | 80/200 [3:57:30<5:53:23, 176.69s/it]Best trial: 0. Best value: 0.333258:  40%|████      | 81/200 [3:57:30<5:50:11, 176.57s/it]                                                                                          Best trial: 0. Best value: 0.333258:  40%|████      | 81/200 [4:00:26<5:50:11, 176.57s/it]Best trial: 0. Best value: 0.333258:  40%|████      | 81/200 [4:00:26<5:50:11, 176.57s/it]Best trial: 0. Best value: 0.333258:  41%|████      | 82/200 [4:00:26<5:46:29, 176.18s/it]                                                                                          Best trial: 0. Best value: 0.333258:  41%|████      | 82/200 [4:03:21<5:46:29, 176.18s/it]Best trial: 0. Best value: 0.333258:  41%|████      | 82/200 [4:03:21<5:46:29, 176.18s/it]Best trial: 0. Best value: 0.333258:  42%|████▏     | 83/200 [4:03:21<5:42:59, 175.89s/it]                                                                                          
[I 2026-04-12 00:45:55,611] Trial 63 finished with value: 0.333257518512638 and parameters: {'parameters.history_length': 45, 'parameters.num_layers': 10, 'parameters.units': 120, 'parameters.dropout': 0.39217939204009045, 'parameters.batch_size': 223, 'parameters.learning_rate': 0.0014830483537728125, 'parameters.weight_decay': 0.0009507737627599221}. Best is trial 0 with value: 0.333257518512638.
[I 2026-04-12 00:48:50,642] Trial 64 finished with value: 0.333257518512638 and parameters: {'parameters.history_length': 51, 'parameters.num_layers': 9, 'parameters.units': 164, 'parameters.dropout': 0.41567328464098763, 'parameters.batch_size': 184, 'parameters.learning_rate': 0.0009982715971827635, 'parameters.weight_decay': 0.0038361076446479223}. Best is trial 0 with value: 0.333257518512638.
[I 2026-04-12 00:51:45,573] Trial 65 finished with value: 0.333257518512638 and parameters: {'parameters.history_length': 58, 'parameters.num_layers': 10, 'parameters.units': 85, 'parameters.dropout': 0.3761495752769686, 'parameters.batch_size': 367, 'parameters.learning_rate': 0.0005237691939575232, 'parameters.weight_decay': 0.0006153870536426127}. Best is trial 0 with value: 0.333257518512638.
[I 2026-04-12 00:54:40,597] Trial 66 finished with value: 0.333257518512638 and parameters: {'parameters.history_length': 66, 'parameters.num_layers': 6, 'parameters.units': 342, 'parameters.dropout': 0.4384780254655264, 'parameters.batch_size': 77, 'parameters.learning_rate': 0.00038959095403244944, 'parameters.weight_decay': 0.001586615997190812}. Best is trial 0 with value: 0.333257518512638.
[I 2026-04-12 00:57:36,479] Trial 67 finished with value: 0.333257518512638 and parameters: {'parameters.history_length': 35, 'parameters.num_layers': 9, 'parameters.units': 205, 'parameters.dropout': 0.3548382981149548, 'parameters.batch_size': 138, 'parameters.learning_rate': 0.0019101137235069568, 'parameters.weight_decay': 0.00011595989694708973}. Best is trial 0 with value: 0.333257518512638.
[I 2026-04-12 01:00:32,144] Trial 68 finished with value: 0.333257518512638 and parameters: {'parameters.history_length': 42, 'parameters.num_layers': 2, 'parameters.units': 184, 'parameters.dropout': 0.3352336759103759, 'parameters.batch_size': 101, 'parameters.learning_rate': 0.0003044763693703224, 'parameters.weight_decay': 0.002108083734039138}. Best is trial 0 with value: 0.333257518512638.
[I 2026-04-12 01:03:28,747] Trial 69 finished with value: 0.333257518512638 and parameters: {'parameters.history_length': 71, 'parameters.num_layers': 3, 'parameters.units': 121, 'parameters.dropout': 0.21157023477580797, 'parameters.batch_size': 158, 'parameters.learning_rate': 0.0002797888823402819, 'parameters.weight_decay': 0.0007582454228195515}. Best is trial 0 with value: 0.333257518512638.
[I 2026-04-12 01:06:25,733] Trial 70 finished with value: 0.333257518512638 and parameters: {'parameters.history_length': 102, 'parameters.num_layers': 5, 'parameters.units': 142, 'parameters.dropout': 0.34447377743713486, 'parameters.batch_size': 174, 'parameters.learning_rate': 0.0002292086879178557, 'parameters.weight_decay': 0.00024228040619384442}. Best is trial 0 with value: 0.333257518512638.
[I 2026-04-12 01:09:22,393] Trial 71 finished with value: 0.333257518512638 and parameters: {'parameters.history_length': 130, 'parameters.num_layers': 10, 'parameters.units': 326, 'parameters.dropout': 0.47076209425252286, 'parameters.batch_size': 339, 'parameters.learning_rate': 0.0006448496435800164, 'parameters.weight_decay': 0.005115548084901101}. Best is trial 0 with value: 0.333257518512638.
[I 2026-04-12 01:12:18,859] Trial 72 finished with value: 0.333257518512638 and parameters: {'parameters.history_length': 49, 'parameters.num_layers': 9, 'parameters.units': 283, 'parameters.dropout': 0.4476285862206769, 'parameters.batch_size': 357, 'parameters.learning_rate': 0.0007111892730157618, 'parameters.weight_decay': 0.008554153146957068}. Best is trial 0 with value: 0.333257518512638.
[I 2026-04-12 01:15:14,977] Trial 73 finished with value: 0.333257518512638 and parameters: {'parameters.history_length': 55, 'parameters.num_layers': 10, 'parameters.units': 318, 'parameters.dropout': 0.4993709873006536, 'parameters.batch_size': 352, 'parameters.learning_rate': 0.0008073312586886254, 'parameters.weight_decay': 0.006909353091722226}. Best is trial 0 with value: 0.333257518512638.
[I 2026-04-12 01:18:11,255] Trial 74 finished with value: 0.333257518512638 and parameters: {'parameters.history_length': 141, 'parameters.num_layers': 7, 'parameters.units': 66, 'parameters.dropout': 0.4901895254319878, 'parameters.batch_size': 326, 'parameters.learning_rate': 0.000920791264017729, 'parameters.weight_decay': 0.004803189900586077}. Best is trial 0 with value: 0.333257518512638.
[I 2026-04-12 01:21:07,547] Trial 75 finished with value: 0.333257518512638 and parameters: {'parameters.history_length': 62, 'parameters.num_layers': 10, 'parameters.units': 366, 'parameters.dropout': 0.38217688397417987, 'parameters.batch_size': 372, 'parameters.learning_rate': 0.0005820158780408314, 'parameters.weight_decay': 0.0011613780237066593}. Best is trial 0 with value: 0.333257518512638.
[I 2026-04-12 01:24:03,827] Trial 76 finished with value: 0.333257518512638 and parameters: {'parameters.history_length': 75, 'parameters.num_layers': 3, 'parameters.units': 303, 'parameters.dropout': 0.3651566786322678, 'parameters.batch_size': 347, 'parameters.learning_rate': 0.0007945267859227132, 'parameters.weight_decay': 0.007505871136309991}. Best is trial 0 with value: 0.333257518512638.
[I 2026-04-12 01:26:59,972] Trial 77 finished with value: 0.333257518512638 and parameters: {'parameters.history_length': 151, 'parameters.num_layers': 4, 'parameters.units': 253, 'parameters.dropout': 0.3953152508654699, 'parameters.batch_size': 203, 'parameters.learning_rate': 0.0003331263546833309, 'parameters.weight_decay': 0.004191761292356517}. Best is trial 0 with value: 0.333257518512638.
[I 2026-04-12 01:29:56,869] Trial 78 finished with value: 0.333257518512638 and parameters: {'parameters.history_length': 135, 'parameters.num_layers': 9, 'parameters.units': 290, 'parameters.dropout': 0.40325855629507024, 'parameters.batch_size': 307, 'parameters.learning_rate': 0.0016144069177671909, 'parameters.weight_decay': 0.005779275513987988}. Best is trial 0 with value: 0.333257518512638.
[I 2026-04-12 01:32:54,157] Trial 79 finished with value: 0.333257518512638 and parameters: {'parameters.history_length': 43, 'parameters.num_layers': 10, 'parameters.units': 217, 'parameters.dropout': 0.26387118352323785, 'parameters.batch_size': 380, 'parameters.learning_rate': 0.0012105910373092338, 'parameters.weight_decay': 0.00038188102286048584}. Best is trial 0 with value: 0.333257518512638.
[I 2026-04-12 01:35:50,425] Trial 80 finished with value: 0.333257518512638 and parameters: {'parameters.history_length': 53, 'parameters.num_layers': 3, 'parameters.units': 172, 'parameters.dropout': 0.28260176935951437, 'parameters.batch_size': 94, 'parameters.learning_rate': 0.0010176997051323828, 'parameters.weight_decay': 0.000863063472579218}. Best is trial 0 with value: 0.333257518512638.
[I 2026-04-12 01:38:45,719] Trial 81 finished with value: 0.333257518512638 and parameters: {'parameters.history_length': 34, 'parameters.num_layers': 2, 'parameters.units': 81, 'parameters.dropout': 0.296940873807948, 'parameters.batch_size': 201, 'parameters.learning_rate': 0.0004282204554024554, 'parameters.weight_decay': 0.008627281708362416}. Best is trial 0 with value: 0.333257518512638.
[I 2026-04-12 01:41:40,922] Trial 82 finished with value: 0.333257518512638 and parameters: {'parameters.history_length': 92, 'parameters.num_layers': 4, 'parameters.units': 102, 'parameters.dropout': 0.3524712606288888, 'parameters.batch_size': 220, 'parameters.learning_rate': 0.00036236081554383325, 'parameters.weight_decay': 0.00017723984209400018}. Best is trial 0 with value: 0.333257518512638.
