[I 2026-04-11 21:18:23,883] Trial 139 finished with value: 0.34265128860961136 and parameters: {'parameters.depth': 8, 'parameters.learning_rate': 0.014352441138199083, 'parameters.l2_leaf_reg': 1.7813102606073774, 'parameters.subsample': 0.7385142792383937, 'parameters.random_strength': 0.8056510626170565, 'parameters.bagging_temperature': 0.04085686907003795}. Best is trial 0 with value: 0.34265128860961136.Best trial: 0. Best value: 0.342651:  70%|██████▉   | 139/200 [08:42<03:47,  3.73s/it]Best trial: 0. Best value: 0.342651:  70%|██████▉   | 139/200 [08:42<03:47,  3.73s/it]Best trial: 0. Best value: 0.342651:  70%|███████   | 140/200 [08:42<03:43,  3.73s/it]                                                                                      Best trial: 0. Best value: 0.342651:  70%|███████   | 140/200 [08:45<03:43,  3.73s/it]Best trial: 0. Best value: 0.342651:  70%|███████   | 140/200 [08:45<03:43,  3.73s/it]Best trial: 0. Best value: 0.342651:  70%|███████   | 141/200 [08:45<03:40,  3.73s/it]                                                                                      Best trial: 0. Best value: 0.342651:  70%|███████   | 141/200 [08:49<03:40,  3.73s/it]Best trial: 0. Best value: 0.342651:  70%|███████   | 141/200 [08:49<03:40,  3.73s/it]Best trial: 0. Best value: 0.342651:  71%|███████   | 142/200 [08:49<03:36,  3.74s/it]                                                                                      Best trial: 0. Best value: 0.342651:  71%|███████   | 142/200 [08:53<03:36,  3.74s/it]Best trial: 0. Best value: 0.342651:  71%|███████   | 142/200 [08:53<03:36,  3.74s/it]Best trial: 0. Best value: 0.342651:  72%|███████▏  | 143/200 [08:53<03:33,  3.75s/it]                                                                                      Best trial: 0. Best value: 0.342651:  72%|███████▏  | 143/200 [08:57<03:33,  3.75s/it]Best trial: 0. Best value: 0.342651:  72%|███████▏  | 143/200 [08:57<03:33,  3.75s/it]Best trial: 0. Best value: 0.342651:  72%|███████▏  | 144/200 [08:57<03:29,  3.74s/it]                                                                                      Best trial: 0. Best value: 0.342651:  72%|███████▏  | 144/200 [09:00<03:29,  3.74s/it]Best trial: 0. Best value: 0.342651:  72%|███████▏  | 144/200 [09:00<03:29,  3.74s/it]Best trial: 0. Best value: 0.342651:  72%|███████▎  | 145/200 [09:00<03:25,  3.74s/it]                                                                                      Best trial: 0. Best value: 0.342651:  72%|███████▎  | 145/200 [09:04<03:25,  3.74s/it]Best trial: 0. Best value: 0.342651:  72%|███████▎  | 145/200 [09:04<03:25,  3.74s/it]Best trial: 0. Best value: 0.342651:  73%|███████▎  | 146/200 [09:04<03:22,  3.74s/it]                                                                                      Best trial: 0. Best value: 0.342651:  73%|███████▎  | 146/200 [09:08<03:22,  3.74s/it]Best trial: 0. Best value: 0.342651:  73%|███████▎  | 146/200 [09:08<03:22,  3.74s/it]Best trial: 0. Best value: 0.342651:  74%|███████▎  | 147/200 [09:08<03:18,  3.74s/it]                                                                                      Best trial: 0. Best value: 0.342651:  74%|███████▎  | 147/200 [09:12<03:18,  3.74s/it]Best trial: 0. Best value: 0.342651:  74%|███████▎  | 147/200 [09:12<03:18,  3.74s/it]Best trial: 0. Best value: 0.342651:  74%|███████▍  | 148/200 [09:12<03:14,  3.75s/it]                                                                                      Best trial: 0. Best value: 0.342651:  74%|███████▍  | 148/200 [09:15<03:14,  3.75s/it]Best trial: 0. Best value: 0.342651:  74%|███████▍  | 148/200 [09:15<03:14,  3.75s/it]Best trial: 0. Best value: 0.342651:  74%|███████▍  | 149/200 [09:15<03:11,  3.75s/it]                                                                                      Best trial: 0. Best value: 0.342651:  74%|███████▍  | 149/200 [09:19<03:11,  3.75s/it]Best trial: 0. Best value: 0.342651:  74%|███████▍  | 149/200 [09:19<03:11,  3.75s/it]Best trial: 0. Best value: 0.342651:  75%|███████▌  | 150/200 [09:19<03:07,  3.75s/it]                                                                                      Best trial: 0. Best value: 0.342651:  75%|███████▌  | 150/200 [09:23<03:07,  3.75s/it]Best trial: 0. Best value: 0.342651:  75%|███████▌  | 150/200 [09:23<03:07,  3.75s/it]Best trial: 0. Best value: 0.342651:  76%|███████▌  | 151/200 [09:23<03:02,  3.73s/it]                                                                                      Best trial: 0. Best value: 0.342651:  76%|███████▌  | 151/200 [09:27<03:02,  3.73s/it]Best trial: 0. Best value: 0.342651:  76%|███████▌  | 151/200 [09:27<03:02,  3.73s/it]Best trial: 0. Best value: 0.342651:  76%|███████▌  | 152/200 [09:27<02:57,  3.70s/it]                                                                                      Best trial: 0. Best value: 0.342651:  76%|███████▌  | 152/200 [09:30<02:57,  3.70s/it]Best trial: 0. Best value: 0.342651:  76%|███████▌  | 152/200 [09:30<02:57,  3.70s/it]Best trial: 0. Best value: 0.342651:  76%|███████▋  | 153/200 [09:30<02:54,  3.70s/it]                                                                                      Best trial: 0. Best value: 0.342651:  76%|███████▋  | 153/200 [09:34<02:54,  3.70s/it]Best trial: 0. Best value: 0.342651:  76%|███████▋  | 153/200 [09:34<02:54,  3.70s/it]Best trial: 0. Best value: 0.342651:  77%|███████▋  | 154/200 [09:34<02:50,  3.71s/it]                                                                                      Best trial: 0. Best value: 0.342651:  77%|███████▋  | 154/200 [09:38<02:50,  3.71s/it]Best trial: 0. Best value: 0.342651:  77%|███████▋  | 154/200 [09:38<02:50,  3.71s/it]Best trial: 0. Best value: 0.342651:  78%|███████▊  | 155/200 [09:38<02:47,  3.71s/it]                                                                                      Best trial: 0. Best value: 0.342651:  78%|███████▊  | 155/200 [09:41<02:47,  3.71s/it]Best trial: 0. Best value: 0.342651:  78%|███████▊  | 155/200 [09:41<02:47,  3.71s/it]Best trial: 0. Best value: 0.342651:  78%|███████▊  | 156/200 [09:41<02:44,  3.73s/it]                                                                                      Best trial: 0. Best value: 0.342651:  78%|███████▊  | 156/200 [09:45<02:44,  3.73s/it]Best trial: 0. Best value: 0.342651:  78%|███████▊  | 156/200 [09:45<02:44,  3.73s/it]Best trial: 0. Best value: 0.342651:  78%|███████▊  | 157/200 [09:45<02:41,  3.75s/it]                                                                                      Best trial: 0. Best value: 0.342651:  78%|███████▊  | 157/200 [09:49<02:41,  3.75s/it]Best trial: 0. Best value: 0.342651:  78%|███████▊  | 157/200 [09:49<02:41,  3.75s/it]Best trial: 0. Best value: 0.342651:  79%|███████▉  | 158/200 [09:49<02:36,  3.73s/it]                                                                                      Best trial: 0. Best value: 0.342651:  79%|███████▉  | 158/200 [09:53<02:36,  3.73s/it]Best trial: 0. Best value: 0.342651:  79%|███████▉  | 158/200 [09:53<02:36,  3.73s/it]Best trial: 0. Best value: 0.342651:  80%|███████▉  | 159/200 [09:53<02:33,  3.74s/it]                                                                                      
[I 2026-04-11 21:18:27,616] Trial 140 finished with value: 0.34265128860961136 and parameters: {'parameters.depth': 12, 'parameters.learning_rate': 0.02366244852769121, 'parameters.l2_leaf_reg': 4.682986125372597, 'parameters.subsample': 0.8397997565397969, 'parameters.random_strength': 0.9911554399113339, 'parameters.bagging_temperature': 0.06190517732670534}. Best is trial 0 with value: 0.34265128860961136.
[I 2026-04-11 21:18:31,376] Trial 141 finished with value: 0.34265128860961136 and parameters: {'parameters.depth': 6, 'parameters.learning_rate': 0.0033301183421262062, 'parameters.l2_leaf_reg': 5.4796396808247945, 'parameters.subsample': 0.9614423836300076, 'parameters.random_strength': 0.134618074524161, 'parameters.bagging_temperature': 0.023528349743572253}. Best is trial 0 with value: 0.34265128860961136.
[I 2026-04-11 21:18:35,137] Trial 142 finished with value: 0.34265128860961136 and parameters: {'parameters.depth': 6, 'parameters.learning_rate': 0.005039792827481927, 'parameters.l2_leaf_reg': 5.967206521922053, 'parameters.subsample': 0.9145032979538822, 'parameters.random_strength': 0.45333315642694266, 'parameters.bagging_temperature': 0.15299580991856698}. Best is trial 0 with value: 0.34265128860961136.
[I 2026-04-11 21:18:38,866] Trial 143 finished with value: 0.34265128860961136 and parameters: {'parameters.depth': 7, 'parameters.learning_rate': 0.02716701586469429, 'parameters.l2_leaf_reg': 7.543902793233182, 'parameters.subsample': 0.9360561617959154, 'parameters.random_strength': 0.16066885555058616, 'parameters.bagging_temperature': 0.2736680157894519}. Best is trial 0 with value: 0.34265128860961136.
[I 2026-04-11 21:18:42,594] Trial 144 finished with value: 0.34265128860961136 and parameters: {'parameters.depth': 4, 'parameters.learning_rate': 0.00614930885126743, 'parameters.l2_leaf_reg': 8.154253308984106, 'parameters.subsample': 0.7246959514879084, 'parameters.random_strength': 0.10009539737560011, 'parameters.bagging_temperature': 0.07818609832358257}. Best is trial 0 with value: 0.34265128860961136.
[I 2026-04-11 21:18:46,352] Trial 145 finished with value: 0.34265128860961136 and parameters: {'parameters.depth': 6, 'parameters.learning_rate': 0.004330381566526557, 'parameters.l2_leaf_reg': 6.834948787645468, 'parameters.subsample': 0.8974297990663409, 'parameters.random_strength': 0.31708329727619056, 'parameters.bagging_temperature': 0.19832941581710634}. Best is trial 0 with value: 0.34265128860961136.
[I 2026-04-11 21:18:50,099] Trial 146 finished with value: 0.34265128860961136 and parameters: {'parameters.depth': 5, 'parameters.learning_rate': 0.02245987309581767, 'parameters.l2_leaf_reg': 5.1623100943961715, 'parameters.subsample': 0.94363260593213, 'parameters.random_strength': 0.1478137205289326, 'parameters.bagging_temperature': 0.0013205807055706987}. Best is trial 0 with value: 0.34265128860961136.
[I 2026-04-11 21:18:53,856] Trial 147 finished with value: 0.34265128860961136 and parameters: {'parameters.depth': 7, 'parameters.learning_rate': 0.00919884679665347, 'parameters.l2_leaf_reg': 3.7704663382345602, 'parameters.subsample': 0.8810318823793527, 'parameters.random_strength': 0.19490543738856697, 'parameters.bagging_temperature': 0.11010993163124097}. Best is trial 0 with value: 0.34265128860961136.
[I 2026-04-11 21:18:57,601] Trial 148 finished with value: 0.34265128860961136 and parameters: {'parameters.depth': 8, 'parameters.learning_rate': 0.007804076260085962, 'parameters.l2_leaf_reg': 6.357958570048061, 'parameters.subsample': 0.750517549209766, 'parameters.random_strength': 0.17896628506809767, 'parameters.bagging_temperature': 0.009618027985706623}. Best is trial 0 with value: 0.34265128860961136.
[I 2026-04-11 21:19:01,361] Trial 149 finished with value: 0.34265128860961136 and parameters: {'parameters.depth': 4, 'parameters.learning_rate': 0.003806192411577856, 'parameters.l2_leaf_reg': 1.3222455663390154, 'parameters.subsample': 0.6319485152165734, 'parameters.random_strength': 0.6388499927714977, 'parameters.bagging_temperature': 0.0028790477243302946}. Best is trial 0 with value: 0.34265128860961136.
[I 2026-04-11 21:19:05,045] Trial 150 finished with value: 0.34265128860961136 and parameters: {'parameters.depth': 6, 'parameters.learning_rate': 0.007216655228488504, 'parameters.l2_leaf_reg': 1.143144551871539, 'parameters.subsample': 0.8039711686097, 'parameters.random_strength': 0.11589971836772515, 'parameters.bagging_temperature': 0.8457716189822216}. Best is trial 0 with value: 0.34265128860961136.
[I 2026-04-11 21:19:08,656] Trial 151 finished with value: 0.34265128860961136 and parameters: {'parameters.depth': 10, 'parameters.learning_rate': 0.018633936407116712, 'parameters.l2_leaf_reg': 3.271023150429558, 'parameters.subsample': 0.7013749688612544, 'parameters.random_strength': 0.27593875105043464, 'parameters.bagging_temperature': 0.006156581753592214}. Best is trial 0 with value: 0.34265128860961136.
[I 2026-04-11 21:19:12,379] Trial 152 finished with value: 0.34265128860961136 and parameters: {'parameters.depth': 9, 'parameters.learning_rate': 0.002493660982967264, 'parameters.l2_leaf_reg': 3.4797775777785684, 'parameters.subsample': 0.7176348041458568, 'parameters.random_strength': 0.3652985682128179, 'parameters.bagging_temperature': 0.23078835369470704}. Best is trial 0 with value: 0.34265128860961136.
[I 2026-04-11 21:19:16,094] Trial 153 finished with value: 0.34265128860961136 and parameters: {'parameters.depth': 10, 'parameters.learning_rate': 0.019434520684998367, 'parameters.l2_leaf_reg': 3.608334236649479, 'parameters.subsample': 0.6911191278197371, 'parameters.random_strength': 0.10663399319353417, 'parameters.bagging_temperature': 0.011128099661521538}. Best is trial 0 with value: 0.34265128860961136.
[I 2026-04-11 21:19:19,821] Trial 154 finished with value: 0.34265128860961136 and parameters: {'parameters.depth': 10, 'parameters.learning_rate': 0.0031572245996508907, 'parameters.l2_leaf_reg': 4.160129914297796, 'parameters.subsample': 0.7603202889717564, 'parameters.random_strength': 0.2951956170159413, 'parameters.bagging_temperature': 0.007648575717095393}. Best is trial 0 with value: 0.34265128860961136.
[I 2026-04-11 21:19:23,592] Trial 155 finished with value: 0.34265128860961136 and parameters: {'parameters.depth': 11, 'parameters.learning_rate': 0.01740540446145803, 'parameters.l2_leaf_reg': 4.491939201858088, 'parameters.subsample': 0.6430344730303831, 'parameters.random_strength': 0.25970155084673274, 'parameters.bagging_temperature': 0.003715711082355386}. Best is trial 0 with value: 0.34265128860961136.
[I 2026-04-11 21:19:27,380] Trial 156 finished with value: 0.34265128860961136 and parameters: {'parameters.depth': 11, 'parameters.learning_rate': 0.016302772816085456, 'parameters.l2_leaf_reg': 3.8794949402186067, 'parameters.subsample': 0.8574987985088657, 'parameters.random_strength': 0.23733908914017393, 'parameters.bagging_temperature': 0.0016934777491769582}. Best is trial 0 with value: 0.34265128860961136.
[I 2026-04-11 21:19:31,074] Trial 157 finished with value: 0.34265128860961136 and parameters: {'parameters.depth': 9, 'parameters.learning_rate': 0.002793839337274104, 'parameters.l2_leaf_reg': 3.109520648004893, 'parameters.subsample': 0.7072338124750969, 'parameters.random_strength': 0.31543718164536066, 'parameters.bagging_temperature': 0.052232121666268734}. Best is trial 0 with value: 0.34265128860961136.
[I 2026-04-11 21:19:34,825] Trial 158 finished with value: 0.34265128860961136 and parameters: {'parameters.depth': 8, 'parameters.learning_rate': 0.01101257782465801, 'parameters.l2_leaf_reg': 1.5171798412573427, 'parameters.subsample': 0.6579932950778287, 'parameters.random_strength': 0.1682659575626585, 'parameters.bagging_temperature': 0.7588589151778596}. Best is trial 0 with value: 0.34265128860961136.
