[I 2026-04-12 09:52:42,489] Trial 17 finished with value: 0.3666548976144547 and parameters: {'parameters.history_length': 107, 'parameters.d_model': 458, 'parameters.n_layers': 9, 'parameters.d_state': 46, 'parameters.d_conv': 3, 'parameters.expand': 3, 'parameters.dropout': 0.1831238580647072, 'parameters.batch_size': 358, 'parameters.learning_rate': 0.0005322413455031413, 'parameters.weight_decay': 0.0015215616875758609}. Best is trial 0 with value: 0.3666548976144547.Best trial: 0. Best value: 0.366655:   8%|▊         | 17/200 [04:06<41:26, 13.59s/it]Best trial: 0. Best value: 0.366655:   8%|▊         | 17/200 [04:06<41:26, 13.59s/it]Best trial: 0. Best value: 0.366655:   9%|▉         | 18/200 [04:06<41:11, 13.58s/it]                                                                                     Best trial: 0. Best value: 0.366655:   9%|▉         | 18/200 [04:20<41:11, 13.58s/it]Best trial: 0. Best value: 0.366655:   9%|▉         | 18/200 [04:20<41:11, 13.58s/it]Best trial: 0. Best value: 0.366655:  10%|▉         | 19/200 [04:20<41:01, 13.60s/it]                                                                                     Best trial: 0. Best value: 0.366655:  10%|▉         | 19/200 [04:33<41:01, 13.60s/it]Best trial: 0. Best value: 0.366655:  10%|▉         | 19/200 [04:33<41:01, 13.60s/it]Best trial: 0. Best value: 0.366655:  10%|█         | 20/200 [04:33<40:52, 13.62s/it]                                                                                     Best trial: 0. Best value: 0.366655:  10%|█         | 20/200 [04:47<40:52, 13.62s/it]Best trial: 0. Best value: 0.366655:  10%|█         | 20/200 [04:47<40:52, 13.62s/it]Best trial: 0. Best value: 0.366655:  10%|█         | 21/200 [04:47<40:33, 13.59s/it]                                                                                     Best trial: 0. Best value: 0.366655:  10%|█         | 21/200 [05:00<40:33, 13.59s/it]Best trial: 0. Best value: 0.366655:  10%|█         | 21/200 [05:00<40:33, 13.59s/it]Best trial: 0. Best value: 0.366655:  11%|█         | 22/200 [05:00<40:17, 13.58s/it]                                                                                     Best trial: 0. Best value: 0.366655:  11%|█         | 22/200 [05:14<40:17, 13.58s/it]Best trial: 0. Best value: 0.366655:  11%|█         | 22/200 [05:14<40:17, 13.58s/it]Best trial: 0. Best value: 0.366655:  12%|█▏        | 23/200 [05:14<40:02, 13.58s/it]                                                                                     Best trial: 0. Best value: 0.366655:  12%|█▏        | 23/200 [05:27<40:02, 13.58s/it]Best trial: 0. Best value: 0.366655:  12%|█▏        | 23/200 [05:27<40:02, 13.58s/it]Best trial: 0. Best value: 0.366655:  12%|█▏        | 24/200 [05:27<39:46, 13.56s/it]                                                                                     Best trial: 0. Best value: 0.366655:  12%|█▏        | 24/200 [05:41<39:46, 13.56s/it]Best trial: 0. Best value: 0.366655:  12%|█▏        | 24/200 [05:41<39:46, 13.56s/it]Best trial: 0. Best value: 0.366655:  12%|█▎        | 25/200 [05:41<39:31, 13.55s/it]                                                                                     Best trial: 0. Best value: 0.366655:  12%|█▎        | 25/200 [05:55<39:31, 13.55s/it]Best trial: 0. Best value: 0.366655:  12%|█▎        | 25/200 [05:55<39:31, 13.55s/it]Best trial: 0. Best value: 0.366655:  13%|█▎        | 26/200 [05:55<39:21, 13.57s/it]                                                                                     Best trial: 0. Best value: 0.366655:  13%|█▎        | 26/200 [06:08<39:21, 13.57s/it]Best trial: 0. Best value: 0.366655:  13%|█▎        | 26/200 [06:08<39:21, 13.57s/it]Best trial: 0. Best value: 0.366655:  14%|█▎        | 27/200 [06:08<39:08, 13.58s/it]                                                                                     Best trial: 0. Best value: 0.366655:  14%|█▎        | 27/200 [06:22<39:08, 13.58s/it]Best trial: 0. Best value: 0.366655:  14%|█▎        | 27/200 [06:22<39:08, 13.58s/it]Best trial: 0. Best value: 0.366655:  14%|█▍        | 28/200 [06:22<38:54, 13.57s/it]                                                                                     Best trial: 0. Best value: 0.366655:  14%|█▍        | 28/200 [06:35<38:54, 13.57s/it]Best trial: 0. Best value: 0.366655:  14%|█▍        | 28/200 [06:35<38:54, 13.57s/it]Best trial: 0. Best value: 0.366655:  14%|█▍        | 29/200 [06:35<38:42, 13.58s/it]                                                                                     Best trial: 0. Best value: 0.366655:  14%|█▍        | 29/200 [06:49<38:42, 13.58s/it]Best trial: 0. Best value: 0.366655:  14%|█▍        | 29/200 [06:49<38:42, 13.58s/it]Best trial: 0. Best value: 0.366655:  15%|█▌        | 30/200 [06:49<38:29, 13.58s/it]                                                                                     Best trial: 0. Best value: 0.366655:  15%|█▌        | 30/200 [07:03<38:29, 13.58s/it]Best trial: 0. Best value: 0.366655:  15%|█▌        | 30/200 [07:03<38:29, 13.58s/it]Best trial: 0. Best value: 0.366655:  16%|█▌        | 31/200 [07:03<38:16, 13.59s/it]                                                                                     Best trial: 0. Best value: 0.366655:  16%|█▌        | 31/200 [07:16<38:16, 13.59s/it]Best trial: 0. Best value: 0.366655:  16%|█▌        | 31/200 [07:16<38:16, 13.59s/it]Best trial: 0. Best value: 0.366655:  16%|█▌        | 32/200 [07:16<38:01, 13.58s/it]                                                                                     Best trial: 0. Best value: 0.366655:  16%|█▌        | 32/200 [07:30<38:01, 13.58s/it]Best trial: 0. Best value: 0.366655:  16%|█▌        | 32/200 [07:30<38:01, 13.58s/it]Best trial: 0. Best value: 0.366655:  16%|█▋        | 33/200 [07:30<37:46, 13.57s/it]                                                                                     Best trial: 0. Best value: 0.366655:  16%|█▋        | 33/200 [07:43<37:46, 13.57s/it]Best trial: 0. Best value: 0.366655:  16%|█▋        | 33/200 [07:43<37:46, 13.57s/it]Best trial: 0. Best value: 0.366655:  17%|█▋        | 34/200 [07:43<37:30, 13.56s/it]                                                                                     Best trial: 0. Best value: 0.366655:  17%|█▋        | 34/200 [07:57<37:30, 13.56s/it]Best trial: 0. Best value: 0.366655:  17%|█▋        | 34/200 [07:57<37:30, 13.56s/it]Best trial: 0. Best value: 0.366655:  18%|█▊        | 35/200 [07:57<37:20, 13.58s/it]                                                                                     
[I 2026-04-12 09:52:56,132] Trial 18 finished with value: 0.3666548976144547 and parameters: {'parameters.history_length': 144, 'parameters.d_model': 245, 'parameters.n_layers': 11, 'parameters.d_state': 19, 'parameters.d_conv': 4, 'parameters.expand': 2, 'parameters.dropout': 0.25457289644281816, 'parameters.batch_size': 190, 'parameters.learning_rate': 0.0008832913068395195, 'parameters.weight_decay': 0.005246278183119338}. Best is trial 0 with value: 0.3666548976144547.
[I 2026-04-12 09:53:09,809] Trial 19 finished with value: 0.3666548976144547 and parameters: {'parameters.history_length': 49, 'parameters.d_model': 73, 'parameters.n_layers': 6, 'parameters.d_state': 52, 'parameters.d_conv': 5, 'parameters.expand': 3, 'parameters.dropout': 0.14781970829977192, 'parameters.batch_size': 278, 'parameters.learning_rate': 0.0010443883822218653, 'parameters.weight_decay': 0.0005795197175939845}. Best is trial 0 with value: 0.3666548976144547.
[I 2026-04-12 09:53:23,332] Trial 20 finished with value: 0.3666548976144547 and parameters: {'parameters.history_length': 71, 'parameters.d_model': 393, 'parameters.n_layers': 8, 'parameters.d_state': 40, 'parameters.d_conv': 2, 'parameters.expand': 2, 'parameters.dropout': 0.11853889869221484, 'parameters.batch_size': 353, 'parameters.learning_rate': 0.0016029067920909342, 'parameters.weight_decay': 0.0002763933039189845}. Best is trial 0 with value: 0.3666548976144547.
[I 2026-04-12 09:53:36,887] Trial 21 finished with value: 0.3666548976144547 and parameters: {'parameters.history_length': 123, 'parameters.d_model': 209, 'parameters.n_layers': 4, 'parameters.d_state': 27, 'parameters.d_conv': 5, 'parameters.expand': 4, 'parameters.dropout': 0.12755523244179298, 'parameters.batch_size': 274, 'parameters.learning_rate': 0.0010838106649100213, 'parameters.weight_decay': 0.00010663430883096109}. Best is trial 0 with value: 0.3666548976144547.
[I 2026-04-12 09:53:50,449] Trial 22 finished with value: 0.3666548976144547 and parameters: {'parameters.history_length': 142, 'parameters.d_model': 103, 'parameters.n_layers': 5, 'parameters.d_state': 31, 'parameters.d_conv': 7, 'parameters.expand': 3, 'parameters.dropout': 0.14768180833577785, 'parameters.batch_size': 239, 'parameters.learning_rate': 0.0008921516164598604, 'parameters.weight_decay': 0.00011891421910659843}. Best is trial 0 with value: 0.3666548976144547.
[I 2026-04-12 09:54:03,979] Trial 23 finished with value: 0.3666548976144547 and parameters: {'parameters.history_length': 100, 'parameters.d_model': 352, 'parameters.n_layers': 4, 'parameters.d_state': 21, 'parameters.d_conv': 6, 'parameters.expand': 4, 'parameters.dropout': 0.18177239459021924, 'parameters.batch_size': 305, 'parameters.learning_rate': 0.00144336181327639, 'parameters.weight_decay': 0.0002680531848842777}. Best is trial 0 with value: 0.3666548976144547.
[I 2026-04-12 09:54:17,503] Trial 24 finished with value: 0.3666548976144547 and parameters: {'parameters.history_length': 138, 'parameters.d_model': 244, 'parameters.n_layers': 11, 'parameters.d_state': 15, 'parameters.d_conv': 3, 'parameters.expand': 4, 'parameters.dropout': 0.13935994981176647, 'parameters.batch_size': 252, 'parameters.learning_rate': 0.0011466766362616333, 'parameters.weight_decay': 0.0013032727152265016}. Best is trial 0 with value: 0.3666548976144547.
[I 2026-04-12 09:54:31,116] Trial 25 finished with value: 0.3666548976144547 and parameters: {'parameters.history_length': 119, 'parameters.d_model': 470, 'parameters.n_layers': 6, 'parameters.d_state': 25, 'parameters.d_conv': 4, 'parameters.expand': 2, 'parameters.dropout': 0.11579589301316967, 'parameters.batch_size': 190, 'parameters.learning_rate': 0.0007988153727102071, 'parameters.weight_decay': 0.0001756246054244904}. Best is trial 0 with value: 0.3666548976144547.
[I 2026-04-12 09:54:44,708] Trial 26 finished with value: 0.3666548976144547 and parameters: {'parameters.history_length': 166, 'parameters.d_model': 315, 'parameters.n_layers': 9, 'parameters.d_state': 32, 'parameters.d_conv': 5, 'parameters.expand': 3, 'parameters.dropout': 0.19554060366787684, 'parameters.batch_size': 262, 'parameters.learning_rate': 0.0010390707360527155, 'parameters.weight_decay': 0.0006316777394321944}. Best is trial 0 with value: 0.3666548976144547.
[I 2026-04-12 09:54:58,268] Trial 27 finished with value: 0.3666548976144547 and parameters: {'parameters.history_length': 85, 'parameters.d_model': 66, 'parameters.n_layers': 12, 'parameters.d_state': 36, 'parameters.d_conv': 3, 'parameters.expand': 3, 'parameters.dropout': 0.2665058217310509, 'parameters.batch_size': 204, 'parameters.learning_rate': 0.0008142984174201731, 'parameters.weight_decay': 0.004000535918630264}. Best is trial 0 with value: 0.3666548976144547.
[I 2026-04-12 09:55:11,880] Trial 28 finished with value: 0.3666548976144547 and parameters: {'parameters.history_length': 60, 'parameters.d_model': 431, 'parameters.n_layers': 3, 'parameters.d_state': 14, 'parameters.d_conv': 8, 'parameters.expand': 2, 'parameters.dropout': 0.1082532111977163, 'parameters.batch_size': 281, 'parameters.learning_rate': 0.0009575494343984428, 'parameters.weight_decay': 0.0018613767628339448}. Best is trial 0 with value: 0.3666548976144547.
[I 2026-04-12 09:55:25,460] Trial 29 finished with value: 0.3666548976144547 and parameters: {'parameters.history_length': 129, 'parameters.d_model': 108, 'parameters.n_layers': 8, 'parameters.d_state': 41, 'parameters.d_conv': 7, 'parameters.expand': 4, 'parameters.dropout': 0.16105378011432328, 'parameters.batch_size': 322, 'parameters.learning_rate': 0.0011613548519168247, 'parameters.weight_decay': 0.0010458161549200603}. Best is trial 0 with value: 0.3666548976144547.
[I 2026-04-12 09:55:39,064] Trial 30 finished with value: 0.3666548976144547 and parameters: {'parameters.history_length': 103, 'parameters.d_model': 165, 'parameters.n_layers': 6, 'parameters.d_state': 50, 'parameters.d_conv': 4, 'parameters.expand': 4, 'parameters.dropout': 0.13151377007154, 'parameters.batch_size': 159, 'parameters.learning_rate': 0.0005857632150506085, 'parameters.weight_decay': 0.0003400055531163058}. Best is trial 0 with value: 0.3666548976144547.
[I 2026-04-12 09:55:52,619] Trial 31 finished with value: 0.3666548976144547 and parameters: {'parameters.history_length': 130, 'parameters.d_model': 129, 'parameters.n_layers': 2, 'parameters.d_state': 63, 'parameters.d_conv': 8, 'parameters.expand': 4, 'parameters.dropout': 0.15732435018947868, 'parameters.batch_size': 133, 'parameters.learning_rate': 0.0012271096365153087, 'parameters.weight_decay': 0.0007544158775025705}. Best is trial 0 with value: 0.3666548976144547.
[I 2026-04-12 09:56:06,175] Trial 32 finished with value: 0.3666548976144547 and parameters: {'parameters.history_length': 155, 'parameters.d_model': 207, 'parameters.n_layers': 3, 'parameters.d_state': 57, 'parameters.d_conv': 6, 'parameters.expand': 4, 'parameters.dropout': 0.17269628767257342, 'parameters.batch_size': 167, 'parameters.learning_rate': 0.0009748493955432981, 'parameters.weight_decay': 0.0006362714546432985}. Best is trial 0 with value: 0.3666548976144547.
[I 2026-04-12 09:56:19,701] Trial 33 finished with value: 0.3666548976144547 and parameters: {'parameters.history_length': 189, 'parameters.d_model': 250, 'parameters.n_layers': 3, 'parameters.d_state': 63, 'parameters.d_conv': 3, 'parameters.expand': 4, 'parameters.dropout': 0.15150781241171699, 'parameters.batch_size': 258, 'parameters.learning_rate': 0.0013919215347479458, 'parameters.weight_decay': 0.0004936402238072783}. Best is trial 0 with value: 0.3666548976144547.
[I 2026-04-12 09:56:33,332] Trial 34 finished with value: 0.3666548976144547 and parameters: {'parameters.history_length': 153, 'parameters.d_model': 142, 'parameters.n_layers': 11, 'parameters.d_state': 29, 'parameters.d_conv': 8, 'parameters.expand': 4, 'parameters.dropout': 0.12263380599096235, 'parameters.batch_size': 220, 'parameters.learning_rate': 0.0009414180704449191, 'parameters.weight_decay': 0.0010209094362059999}. Best is trial 0 with value: 0.3666548976144547.
[I 2026-04-12 09:56:46,862] Trial 35 finished with value: 0.3666548976144547 and parameters: {'parameters.history_length': 172, 'parameters.d_model': 177, 'parameters.n_layers': 2, 'parameters.d_state': 57, 'parameters.d_conv': 7, 'parameters.expand': 4, 'parameters.dropout': 0.19748189766565039, 'parameters.batch_size': 352, 'parameters.learning_rate': 0.0008552465359480491, 'parameters.weight_decay': 0.00021958338779027654}. Best is trial 0 with value: 0.3666548976144547.Best trial: 0. Best value: 0.366655:  18%|█▊        | 35/200 [08:10<37:20, 13.58s/it]Best trial: 0. Best value: 0.366655:  18%|█▊        | 35/200 [08:10<37:20, 13.58s/it]Best trial: 0. Best value: 0.366655:  18%|█▊        | 36/200 [08:10<37:04, 13.57s/it]                                                                                     Best trial: 0. Best value: 0.366655:  18%|█▊        | 36/200 [08:24<37:04, 13.57s/it]Best trial: 0. Best value: 0.366655:  18%|█▊        | 36/200 [08:24<37:04, 13.57s/it]Best trial: 0. Best value: 0.366655:  18%|█▊        | 37/200 [08:24<36:52, 13.57s/it]                                                                                     Best trial: 0. Best value: 0.366655:  18%|█▊        | 37/200 [08:38<36:52, 13.57s/it]Best trial: 0. Best value: 0.366655:  18%|█▊        | 37/200 [08:38<36:52, 13.57s/it]Best trial: 0. Best value: 0.366655:  19%|█▉        | 38/200 [08:38<36:38, 13.57s/it]                                                                                     Best trial: 0. Best value: 0.366655:  19%|█▉        | 38/200 [08:51<36:38, 13.57s/it]Best trial: 0. Best value: 0.366655:  19%|█▉        | 38/200 [08:51<36:38, 13.57s/it]Best trial: 0. Best value: 0.366655:  20%|█▉        | 39/200 [08:51<36:22, 13.56s/it]                                                                                     Best trial: 0. Best value: 0.366655:  20%|█▉        | 39/200 [09:05<36:22, 13.56s/it]Best trial: 0. Best value: 0.366655:  20%|█▉        | 39/200 [09:05<36:22, 13.56s/it]Best trial: 0. Best value: 0.366655:  20%|██        | 40/200 [09:05<36:12, 13.58s/it]                                                                                     Best trial: 0. Best value: 0.366655:  20%|██        | 40/200 [09:18<36:12, 13.58s/it]Best trial: 0. Best value: 0.366655:  20%|██        | 40/200 [09:18<36:12, 13.58s/it]Best trial: 0. Best value: 0.366655:  20%|██        | 41/200 [09:18<35:57, 13.57s/it]                                                                                     Best trial: 0. Best value: 0.366655:  20%|██        | 41/200 [09:32<35:57, 13.57s/it]Best trial: 0. Best value: 0.366655:  20%|██        | 41/200 [09:32<35:57, 13.57s/it]Best trial: 0. Best value: 0.366655:  21%|██        | 42/200 [09:32<35:42, 13.56s/it]                                                                                     Best trial: 0. Best value: 0.366655:  21%|██        | 42/200 [09:45<35:42, 13.56s/it]Best trial: 0. Best value: 0.366655:  21%|██        | 42/200 [09:45<35:42, 13.56s/it]Best trial: 0. Best value: 0.366655:  22%|██▏       | 43/200 [09:45<35:30, 13.57s/it]                                                                                     Best trial: 0. Best value: 0.366655:  22%|██▏       | 43/200 [09:59<35:30, 13.57s/it]Best trial: 0. Best value: 0.366655:  22%|██▏       | 43/200 [09:59<35:30, 13.57s/it]Best trial: 0. Best value: 0.366655:  22%|██▏       | 44/200 [09:59<35:16, 13.57s/it]                                                                                     Best trial: 0. Best value: 0.366655:  22%|██▏       | 44/200 [10:13<35:16, 13.57s/it]Best trial: 0. Best value: 0.366655:  22%|██▏       | 44/200 [10:13<35:16, 13.57s/it]Best trial: 0. Best value: 0.366655:  22%|██▎       | 45/200 [10:13<35:05, 13.58s/it]                                                                                     Best trial: 0. Best value: 0.366655:  22%|██▎       | 45/200 [10:26<35:05, 13.58s/it]Best trial: 0. Best value: 0.366655:  22%|██▎       | 45/200 [10:26<35:05, 13.58s/it]Best trial: 0. Best value: 0.366655:  23%|██▎       | 46/200 [10:26<34:46, 13.55s/it]                                                                                     Best trial: 0. Best value: 0.366655:  23%|██▎       | 46/200 [10:40<34:46, 13.55s/it]Best trial: 0. Best value: 0.366655:  23%|██▎       | 46/200 [10:40<34:46, 13.55s/it]Best trial: 0. Best value: 0.366655:  24%|██▎       | 47/200 [10:40<34:33, 13.55s/it]                                                                                     Best trial: 0. Best value: 0.366655:  24%|██▎       | 47/200 [10:53<34:33, 13.55s/it]Best trial: 0. Best value: 0.366655:  24%|██▎       | 47/200 [10:53<34:33, 13.55s/it]Best trial: 0. Best value: 0.366655:  24%|██▍       | 48/200 [10:53<34:18, 13.54s/it]                                                                                     Best trial: 0. Best value: 0.366655:  24%|██▍       | 48/200 [11:07<34:18, 13.54s/it]Best trial: 0. Best value: 0.366655:  24%|██▍       | 48/200 [11:07<34:18, 13.54s/it]Best trial: 0. Best value: 0.366655:  24%|██▍       | 49/200 [11:07<34:08, 13.56s/it]                                                                                     Best trial: 0. Best value: 0.366655:  24%|██▍       | 49/200 [11:20<34:08, 13.56s/it]Best trial: 0. Best value: 0.366655:  24%|██▍       | 49/200 [11:20<34:08, 13.56s/it]Best trial: 0. Best value: 0.366655:  25%|██▌       | 50/200 [11:20<33:58, 13.59s/it]                                                                                     Best trial: 0. Best value: 0.366655:  25%|██▌       | 50/200 [11:34<33:58, 13.59s/it]Best trial: 0. Best value: 0.366655:  25%|██▌       | 50/200 [11:34<33:58, 13.59s/it]Best trial: 0. Best value: 0.366655:  26%|██▌       | 51/200 [11:34<33:45, 13.60s/it]                                                                                     Best trial: 0. Best value: 0.366655:  26%|██▌       | 51/200 [11:47<33:45, 13.60s/it]Best trial: 0. Best value: 0.366655:  26%|██▌       | 51/200 [11:47<33:45, 13.60s/it]Best trial: 0. Best value: 0.366655:  26%|██▌       | 52/200 [11:47<33:29, 13.58s/it]                                                                                     Best trial: 0. Best value: 0.366655:  26%|██▌       | 52/200 [12:01<33:29, 13.58s/it]Best trial: 0. Best value: 0.366655:  26%|██▌       | 52/200 [12:01<33:29, 13.58s/it]Best trial: 0. Best value: 0.366655:  26%|██▋       | 53/200 [12:01<33:16, 13.58s/it]                                                                                     
[I 2026-04-12 09:57:00,458] Trial 36 finished with value: 0.3666548976144547 and parameters: {'parameters.history_length': 118, 'parameters.d_model': 205, 'parameters.n_layers': 5, 'parameters.d_state': 23, 'parameters.d_conv': 6, 'parameters.expand': 3, 'parameters.dropout': 0.11088074212067366, 'parameters.batch_size': 241, 'parameters.learning_rate': 0.001568819506969273, 'parameters.weight_decay': 0.00014347636847853636}. Best is trial 0 with value: 0.3666548976144547.
