[I 2026-04-11 21:34:33,480] Trial 153 finished with value: 0.38843612003763883 and parameters: {'parameters.mid_layer_count': 2, 'parameters.mid_layer_size': 470, 'parameters.dropout': 0.1593192150794383, 'parameters.batch_size': 203, 'parameters.learning_rate': 0.00010995254629068124, 'parameters.weight_decay': 0.00011128099661521544}. Best is trial 0 with value: 0.38843612003763883.Best trial: 0. Best value: 0.388436:  76%|███████▋  | 153/200 [12:22<03:46,  4.82s/it]Best trial: 0. Best value: 0.388436:  76%|███████▋  | 153/200 [12:22<03:46,  4.82s/it]Best trial: 0. Best value: 0.388436:  77%|███████▋  | 154/200 [12:22<03:41,  4.82s/it]                                                                                      Best trial: 0. Best value: 0.388436:  77%|███████▋  | 154/200 [12:26<03:41,  4.82s/it]Best trial: 0. Best value: 0.388436:  77%|███████▋  | 154/200 [12:26<03:41,  4.82s/it]Best trial: 0. Best value: 0.388436:  78%|███████▊  | 155/200 [12:26<03:36,  4.81s/it]                                                                                      Best trial: 0. Best value: 0.388436:  78%|███████▊  | 155/200 [12:31<03:36,  4.81s/it]Best trial: 0. Best value: 0.388436:  78%|███████▊  | 155/200 [12:31<03:36,  4.81s/it]Best trial: 0. Best value: 0.388436:  78%|███████▊  | 156/200 [12:31<03:30,  4.79s/it]                                                                                      Best trial: 0. Best value: 0.388436:  78%|███████▊  | 156/200 [12:36<03:30,  4.79s/it]Best trial: 0. Best value: 0.388436:  78%|███████▊  | 156/200 [12:36<03:30,  4.79s/it]Best trial: 0. Best value: 0.388436:  78%|███████▊  | 157/200 [12:36<03:27,  4.82s/it]                                                                                      Best trial: 0. Best value: 0.388436:  78%|███████▊  | 157/200 [12:41<03:27,  4.82s/it]Best trial: 0. Best value: 0.388436:  78%|███████▊  | 157/200 [12:41<03:27,  4.82s/it]Best trial: 0. Best value: 0.388436:  79%|███████▉  | 158/200 [12:41<03:22,  4.82s/it]                                                                                      Best trial: 0. Best value: 0.388436:  79%|███████▉  | 158/200 [12:46<03:22,  4.82s/it]Best trial: 0. Best value: 0.388436:  79%|███████▉  | 158/200 [12:46<03:22,  4.82s/it]Best trial: 0. Best value: 0.388436:  80%|███████▉  | 159/200 [12:46<03:17,  4.81s/it]                                                                                      Best trial: 0. Best value: 0.388436:  80%|███████▉  | 159/200 [12:50<03:17,  4.81s/it]Best trial: 0. Best value: 0.388436:  80%|███████▉  | 159/200 [12:50<03:17,  4.81s/it]Best trial: 0. Best value: 0.388436:  80%|████████  | 160/200 [12:50<03:11,  4.80s/it]                                                                                      Best trial: 0. Best value: 0.388436:  80%|████████  | 160/200 [12:55<03:11,  4.80s/it]Best trial: 0. Best value: 0.388436:  80%|████████  | 160/200 [12:55<03:11,  4.80s/it]Best trial: 0. Best value: 0.388436:  80%|████████  | 161/200 [12:55<03:06,  4.79s/it]                                                                                      Best trial: 0. Best value: 0.388436:  80%|████████  | 161/200 [13:00<03:06,  4.79s/it]Best trial: 0. Best value: 0.388436:  80%|████████  | 161/200 [13:00<03:06,  4.79s/it]Best trial: 0. Best value: 0.388436:  81%|████████  | 162/200 [13:00<03:03,  4.83s/it]                                                                                      Best trial: 0. Best value: 0.388436:  81%|████████  | 162/200 [13:05<03:03,  4.83s/it]Best trial: 0. Best value: 0.388436:  81%|████████  | 162/200 [13:05<03:03,  4.83s/it]Best trial: 0. Best value: 0.388436:  82%|████████▏ | 163/200 [13:05<02:59,  4.84s/it]                                                                                      Best trial: 0. Best value: 0.388436:  82%|████████▏ | 163/200 [13:10<02:59,  4.84s/it]Best trial: 0. Best value: 0.388436:  82%|████████▏ | 163/200 [13:10<02:59,  4.84s/it]Best trial: 0. Best value: 0.388436:  82%|████████▏ | 164/200 [13:10<02:53,  4.82s/it]                                                                                      Best trial: 0. Best value: 0.388436:  82%|████████▏ | 164/200 [13:15<02:53,  4.82s/it]Best trial: 0. Best value: 0.388436:  82%|████████▏ | 164/200 [13:15<02:53,  4.82s/it]Best trial: 0. Best value: 0.388436:  82%|████████▎ | 165/200 [13:15<02:48,  4.81s/it]                                                                                      Best trial: 0. Best value: 0.388436:  82%|████████▎ | 165/200 [13:19<02:48,  4.81s/it]Best trial: 0. Best value: 0.388436:  82%|████████▎ | 165/200 [13:19<02:48,  4.81s/it]Best trial: 0. Best value: 0.388436:  83%|████████▎ | 166/200 [13:19<02:43,  4.80s/it]                                                                                      Best trial: 0. Best value: 0.388436:  83%|████████▎ | 166/200 [13:24<02:43,  4.80s/it]Best trial: 0. Best value: 0.388436:  83%|████████▎ | 166/200 [13:24<02:43,  4.80s/it]Best trial: 0. Best value: 0.388436:  84%|████████▎ | 167/200 [13:24<02:38,  4.81s/it]                                                                                      Best trial: 0. Best value: 0.388436:  84%|████████▎ | 167/200 [13:29<02:38,  4.81s/it]Best trial: 0. Best value: 0.388436:  84%|████████▎ | 167/200 [13:29<02:38,  4.81s/it]Best trial: 0. Best value: 0.388436:  84%|████████▍ | 168/200 [13:29<02:34,  4.84s/it]                                                                                      Best trial: 0. Best value: 0.388436:  84%|████████▍ | 168/200 [13:34<02:34,  4.84s/it]Best trial: 0. Best value: 0.388436:  84%|████████▍ | 168/200 [13:34<02:34,  4.84s/it]Best trial: 0. Best value: 0.388436:  84%|████████▍ | 169/200 [13:34<02:29,  4.82s/it]                                                                                      Best trial: 0. Best value: 0.388436:  84%|████████▍ | 169/200 [13:39<02:29,  4.82s/it]Best trial: 0. Best value: 0.388436:  84%|████████▍ | 169/200 [13:39<02:29,  4.82s/it]Best trial: 0. Best value: 0.388436:  85%|████████▌ | 170/200 [13:39<02:23,  4.80s/it]                                                                                      Best trial: 0. Best value: 0.388436:  85%|████████▌ | 170/200 [13:43<02:23,  4.80s/it]Best trial: 0. Best value: 0.388436:  85%|████████▌ | 170/200 [13:43<02:23,  4.80s/it]Best trial: 0. Best value: 0.388436:  86%|████████▌ | 171/200 [13:43<02:18,  4.78s/it]                                                                                      Best trial: 0. Best value: 0.388436:  86%|████████▌ | 171/200 [13:48<02:18,  4.78s/it]Best trial: 0. Best value: 0.388436:  86%|████████▌ | 171/200 [13:48<02:18,  4.78s/it]Best trial: 0. Best value: 0.388436:  86%|████████▌ | 172/200 [13:48<02:14,  4.81s/it]                                                                                      Best trial: 0. Best value: 0.388436:  86%|████████▌ | 172/200 [13:53<02:14,  4.81s/it]Best trial: 0. Best value: 0.388436:  86%|████████▌ | 172/200 [13:53<02:14,  4.81s/it]Best trial: 0. Best value: 0.388436:  86%|████████▋ | 173/200 [13:53<02:09,  4.81s/it]                                                                                      Best trial: 0. Best value: 0.388436:  86%|████████▋ | 173/200 [13:58<02:09,  4.81s/it]Best trial: 0. Best value: 0.388436:  86%|████████▋ | 173/200 [13:58<02:09,  4.81s/it]Best trial: 0. Best value: 0.388436:  87%|████████▋ | 174/200 [13:58<02:05,  4.82s/it]                                                                                      Best trial: 0. Best value: 0.388436:  87%|████████▋ | 174/200 [14:03<02:05,  4.82s/it]Best trial: 0. Best value: 0.388436:  87%|████████▋ | 174/200 [14:03<02:05,  4.82s/it]Best trial: 0. Best value: 0.388436:  88%|████████▊ | 175/200 [14:03<02:00,  4.81s/it]                                                                                      
[I 2026-04-11 21:34:38,277] Trial 154 finished with value: 0.38843612003763883 and parameters: {'parameters.mid_layer_count': 2, 'parameters.mid_layer_size': 430, 'parameters.dropout': 0.18116706159845375, 'parameters.batch_size': 106, 'parameters.learning_rate': 0.0004947768058795284, 'parameters.weight_decay': 7.648575717095389e-05}. Best is trial 0 with value: 0.38843612003763883.
[I 2026-04-11 21:34:43,027] Trial 155 finished with value: 0.38843612003763883 and parameters: {'parameters.mid_layer_count': 2, 'parameters.mid_layer_size': 440, 'parameters.dropout': 0.19416748217769866, 'parameters.batch_size': 243, 'parameters.learning_rate': 0.00040947666466197317, 'parameters.weight_decay': 3.715711082355385e-05}. Best is trial 0 with value: 0.38843612003763883.
[I 2026-04-11 21:34:47,910] Trial 156 finished with value: 0.38843612003763883 and parameters: {'parameters.mid_layer_count': 3, 'parameters.mid_layer_size': 190, 'parameters.dropout': 0.17009321218749635, 'parameters.batch_size': 216, 'parameters.learning_rate': 0.00035848082386055876, 'parameters.weight_decay': 1.693477749176959e-05}. Best is trial 0 with value: 0.38843612003763883.
[I 2026-04-11 21:34:52,726] Trial 157 finished with value: 0.38843612003763883 and parameters: {'parameters.mid_layer_count': 5, 'parameters.mid_layer_size': 174, 'parameters.dropout': 0.13928890400684343, 'parameters.batch_size': 255, 'parameters.learning_rate': 0.000545701094533882, 'parameters.weight_decay': 0.0005223212166626878}. Best is trial 0 with value: 0.38843612003763883.
[I 2026-04-11 21:34:57,518] Trial 158 finished with value: 0.38843612003763883 and parameters: {'parameters.mid_layer_count': 2, 'parameters.mid_layer_size': 458, 'parameters.dropout': 0.07285557057402028, 'parameters.batch_size': 98, 'parameters.learning_rate': 0.00021568695590866102, 'parameters.weight_decay': 0.007588589151778598}. Best is trial 0 with value: 0.38843612003763883.
[I 2026-04-11 21:35:02,289] Trial 159 finished with value: 0.38843612003763883 and parameters: {'parameters.mid_layer_count': 4, 'parameters.mid_layer_size': 494, 'parameters.dropout': 0.05897054108298329, 'parameters.batch_size': 173, 'parameters.learning_rate': 0.00014090510398190756, 'parameters.weight_decay': 2.626957512906486e-05}. Best is trial 0 with value: 0.38843612003763883.
[I 2026-04-11 21:35:07,045] Trial 160 finished with value: 0.38843612003763883 and parameters: {'parameters.mid_layer_count': 3, 'parameters.mid_layer_size': 232, 'parameters.dropout': 0.24671560865591818, 'parameters.batch_size': 161, 'parameters.learning_rate': 0.0002884906470949011, 'parameters.weight_decay': 0.00017167746559831553}. Best is trial 0 with value: 0.38843612003763883.
[I 2026-04-11 21:35:11,990] Trial 161 finished with value: 0.38843612003763883 and parameters: {'parameters.mid_layer_count': 3, 'parameters.mid_layer_size': 365, 'parameters.dropout': 0.10020991681074615, 'parameters.batch_size': 196, 'parameters.learning_rate': 0.0013397502445582274, 'parameters.weight_decay': 0.0009759640052789071}. Best is trial 0 with value: 0.38843612003763883.
[I 2026-04-11 21:35:16,856] Trial 162 finished with value: 0.38843612003763883 and parameters: {'parameters.mid_layer_count': 3, 'parameters.mid_layer_size': 332, 'parameters.dropout': 0.11507081709246443, 'parameters.batch_size': 180, 'parameters.learning_rate': 0.0019011372817498199, 'parameters.weight_decay': 0.0015958947768590652}. Best is trial 0 with value: 0.38843612003763883.
[I 2026-04-11 21:35:21,630] Trial 163 finished with value: 0.38843612003763883 and parameters: {'parameters.mid_layer_count': 3, 'parameters.mid_layer_size': 353, 'parameters.dropout': 0.09199287627484502, 'parameters.batch_size': 207, 'parameters.learning_rate': 0.0007488571322474909, 'parameters.weight_decay': 0.0008542704641331236}. Best is trial 0 with value: 0.38843612003763883.
[I 2026-04-11 21:35:26,426] Trial 164 finished with value: 0.38843612003763883 and parameters: {'parameters.mid_layer_count': 3, 'parameters.mid_layer_size': 406, 'parameters.dropout': 0.11009040731636618, 'parameters.batch_size': 168, 'parameters.learning_rate': 0.002458225946741563, 'parameters.weight_decay': 0.0012583255583809992}. Best is trial 0 with value: 0.38843612003763883.
[I 2026-04-11 21:35:31,180] Trial 165 finished with value: 0.38843612003763883 and parameters: {'parameters.mid_layer_count': 3, 'parameters.mid_layer_size': 339, 'parameters.dropout': 0.12443534741959135, 'parameters.batch_size': 86, 'parameters.learning_rate': 0.0016386068089482458, 'parameters.weight_decay': 0.0007048015553843934}. Best is trial 0 with value: 0.38843612003763883.
[I 2026-04-11 21:35:36,037] Trial 166 finished with value: 0.38843612003763883 and parameters: {'parameters.mid_layer_count': 2, 'parameters.mid_layer_size': 249, 'parameters.dropout': 0.06813709784559333, 'parameters.batch_size': 190, 'parameters.learning_rate': 0.00019420221498314805, 'parameters.weight_decay': 3.261997121023035e-05}. Best is trial 0 with value: 0.38843612003763883.
[I 2026-04-11 21:35:40,927] Trial 167 finished with value: 0.38843612003763883 and parameters: {'parameters.mid_layer_count': 4, 'parameters.mid_layer_size': 384, 'parameters.dropout': 0.11901299054089187, 'parameters.batch_size': 240, 'parameters.learning_rate': 0.0011634880685087935, 'parameters.weight_decay': 0.0002839542742668709}. Best is trial 0 with value: 0.38843612003763883.
[I 2026-04-11 21:35:45,714] Trial 168 finished with value: 0.38843612003763883 and parameters: {'parameters.mid_layer_count': 3, 'parameters.mid_layer_size': 351, 'parameters.dropout': 0.08094575347112393, 'parameters.batch_size': 79, 'parameters.learning_rate': 0.0008522005139190667, 'parameters.weight_decay': 0.000449658187904002}. Best is trial 0 with value: 0.38843612003763883.
[I 2026-04-11 21:35:50,455] Trial 169 finished with value: 0.38843612003763883 and parameters: {'parameters.mid_layer_count': 5, 'parameters.mid_layer_size': 369, 'parameters.dropout': 0.1051412075157735, 'parameters.batch_size': 225, 'parameters.learning_rate': 0.00011470605981706269, 'parameters.weight_decay': 0.00012798450380097282}. Best is trial 0 with value: 0.38843612003763883.
[I 2026-04-11 21:35:55,199] Trial 170 finished with value: 0.38843612003763883 and parameters: {'parameters.mid_layer_count': 2, 'parameters.mid_layer_size': 465, 'parameters.dropout': 0.3851517630180574, 'parameters.batch_size': 247, 'parameters.learning_rate': 0.00015429686276730354, 'parameters.weight_decay': 4.874979702010882e-05}. Best is trial 0 with value: 0.38843612003763883.
[I 2026-04-11 21:36:00,065] Trial 171 finished with value: 0.38843612003763883 and parameters: {'parameters.mid_layer_count': 2, 'parameters.mid_layer_size': 503, 'parameters.dropout': 0.303979454254294, 'parameters.batch_size': 228, 'parameters.learning_rate': 0.00018455366949404246, 'parameters.weight_decay': 7.742106866999141e-05}. Best is trial 0 with value: 0.38843612003763883.
[I 2026-04-11 21:36:04,888] Trial 172 finished with value: 0.38843612003763883 and parameters: {'parameters.mid_layer_count': 2, 'parameters.mid_layer_size': 489, 'parameters.dropout': 0.1509402090026653, 'parameters.batch_size': 220, 'parameters.learning_rate': 0.00016061564020657923, 'parameters.weight_decay': 8.240255118682035e-05}. Best is trial 0 with value: 0.38843612003763883.
[I 2026-04-11 21:36:09,717] Trial 173 finished with value: 0.38843612003763883 and parameters: {'parameters.mid_layer_count': 2, 'parameters.mid_layer_size': 476, 'parameters.dropout': 0.2547041285797386, 'parameters.batch_size': 93, 'parameters.learning_rate': 0.0001706309384898014, 'parameters.weight_decay': 6.327409984373813e-05}. Best is trial 0 with value: 0.38843612003763883.
[I 2026-04-11 21:36:14,512] Trial 174 finished with value: 0.38843612003763883 and parameters: {'parameters.mid_layer_count': 2, 'parameters.mid_layer_size': 512, 'parameters.dropout': 0.26943467977183433, 'parameters.batch_size': 212, 'parameters.learning_rate': 0.0006322062233176367, 'parameters.weight_decay': 9.712679187246225e-05}. Best is trial 0 with value: 0.38843612003763883.
