[I 2026-04-12 07:40:02,801] Trial 104 finished with value: 0.3787205289294688 and parameters: {'parameters.history_length': 93, 'parameters.units': 313, 'parameters.num_layers': 5, 'parameters.dropout': 0.48300781851315844, 'parameters.batch_size': 203, 'parameters.learning_rate': 0.0004950996063091024, 'parameters.weight_decay': 0.0001874623105363931}. Best is trial 0 with value: 0.3787205289294688.Best trial: 0. Best value: 0.378721:  52%|█████▏    | 104/200 [14:21<13:08,  8.22s/it]Best trial: 0. Best value: 0.378721:  52%|█████▏    | 104/200 [14:21<13:08,  8.22s/it]Best trial: 0. Best value: 0.378721:  52%|█████▎    | 105/200 [14:21<12:59,  8.21s/it]                                                                                      Best trial: 0. Best value: 0.378721:  52%|█████▎    | 105/200 [14:29<12:59,  8.21s/it]Best trial: 0. Best value: 0.378721:  52%|█████▎    | 105/200 [14:29<12:59,  8.21s/it]Best trial: 0. Best value: 0.378721:  53%|█████▎    | 106/200 [14:29<12:50,  8.19s/it]                                                                                      Best trial: 0. Best value: 0.378721:  53%|█████▎    | 106/200 [14:37<12:50,  8.19s/it]Best trial: 0. Best value: 0.378721:  53%|█████▎    | 106/200 [14:37<12:50,  8.19s/it]Best trial: 0. Best value: 0.378721:  54%|█████▎    | 107/200 [14:37<12:42,  8.20s/it]                                                                                      Best trial: 0. Best value: 0.378721:  54%|█████▎    | 107/200 [14:46<12:42,  8.20s/it]Best trial: 0. Best value: 0.378721:  54%|█████▎    | 107/200 [14:46<12:42,  8.20s/it]Best trial: 0. Best value: 0.378721:  54%|█████▍    | 108/200 [14:46<12:34,  8.20s/it]                                                                                      Best trial: 0. Best value: 0.378721:  54%|█████▍    | 108/200 [14:54<12:34,  8.20s/it]Best trial: 0. Best value: 0.378721:  54%|█████▍    | 108/200 [14:54<12:34,  8.20s/it]Best trial: 0. Best value: 0.378721:  55%|█████▍    | 109/200 [14:54<12:26,  8.20s/it]                                                                                      Best trial: 0. Best value: 0.378721:  55%|█████▍    | 109/200 [15:02<12:26,  8.20s/it]Best trial: 0. Best value: 0.378721:  55%|█████▍    | 109/200 [15:02<12:26,  8.20s/it]Best trial: 0. Best value: 0.378721:  55%|█████▌    | 110/200 [15:02<12:17,  8.20s/it]                                                                                      Best trial: 0. Best value: 0.378721:  55%|█████▌    | 110/200 [15:10<12:17,  8.20s/it]Best trial: 0. Best value: 0.378721:  55%|█████▌    | 110/200 [15:10<12:17,  8.20s/it]Best trial: 0. Best value: 0.378721:  56%|█████▌    | 111/200 [15:10<12:08,  8.18s/it]                                                                                      Best trial: 0. Best value: 0.378721:  56%|█████▌    | 111/200 [15:18<12:08,  8.18s/it]Best trial: 0. Best value: 0.378721:  56%|█████▌    | 111/200 [15:18<12:08,  8.18s/it]Best trial: 0. Best value: 0.378721:  56%|█████▌    | 112/200 [15:18<12:00,  8.18s/it]                                                                                      Best trial: 0. Best value: 0.378721:  56%|█████▌    | 112/200 [15:26<12:00,  8.18s/it]Best trial: 0. Best value: 0.378721:  56%|█████▌    | 112/200 [15:26<12:00,  8.18s/it]Best trial: 0. Best value: 0.378721:  56%|█████▋    | 113/200 [15:26<11:51,  8.18s/it]                                                                                      Best trial: 0. Best value: 0.378721:  56%|█████▋    | 113/200 [15:35<11:51,  8.18s/it]Best trial: 0. Best value: 0.378721:  56%|█████▋    | 113/200 [15:35<11:51,  8.18s/it]Best trial: 0. Best value: 0.378721:  57%|█████▋    | 114/200 [15:35<11:44,  8.20s/it]                                                                                      Best trial: 0. Best value: 0.378721:  57%|█████▋    | 114/200 [15:43<11:44,  8.20s/it]Best trial: 0. Best value: 0.378721:  57%|█████▋    | 114/200 [15:43<11:44,  8.20s/it]Best trial: 0. Best value: 0.378721:  57%|█████▊    | 115/200 [15:43<11:37,  8.20s/it]                                                                                      Best trial: 0. Best value: 0.378721:  57%|█████▊    | 115/200 [15:51<11:37,  8.20s/it]Best trial: 0. Best value: 0.378721:  57%|█████▊    | 115/200 [15:51<11:37,  8.20s/it]Best trial: 0. Best value: 0.378721:  58%|█████▊    | 116/200 [15:51<11:28,  8.19s/it]                                                                                      Best trial: 0. Best value: 0.378721:  58%|█████▊    | 116/200 [15:59<11:28,  8.19s/it]Best trial: 0. Best value: 0.378721:  58%|█████▊    | 116/200 [15:59<11:28,  8.19s/it]Best trial: 0. Best value: 0.378721:  58%|█████▊    | 117/200 [15:59<11:19,  8.19s/it]                                                                                      Best trial: 0. Best value: 0.378721:  58%|█████▊    | 117/200 [16:07<11:19,  8.19s/it]Best trial: 0. Best value: 0.378721:  58%|█████▊    | 117/200 [16:07<11:19,  8.19s/it]Best trial: 0. Best value: 0.378721:  59%|█████▉    | 118/200 [16:07<11:10,  8.18s/it]                                                                                      Best trial: 0. Best value: 0.378721:  59%|█████▉    | 118/200 [16:16<11:10,  8.18s/it]Best trial: 0. Best value: 0.378721:  59%|█████▉    | 118/200 [16:16<11:10,  8.18s/it]Best trial: 0. Best value: 0.378721:  60%|█████▉    | 119/200 [16:16<11:04,  8.20s/it]                                                                                      Best trial: 0. Best value: 0.378721:  60%|█████▉    | 119/200 [16:24<11:04,  8.20s/it]Best trial: 0. Best value: 0.378721:  60%|█████▉    | 119/200 [16:24<11:04,  8.20s/it]Best trial: 0. Best value: 0.378721:  60%|██████    | 120/200 [16:24<10:57,  8.22s/it]                                                                                      Best trial: 0. Best value: 0.378721:  60%|██████    | 120/200 [16:32<10:57,  8.22s/it]Best trial: 0. Best value: 0.378721:  60%|██████    | 120/200 [16:32<10:57,  8.22s/it]Best trial: 0. Best value: 0.378721:  60%|██████    | 121/200 [16:32<10:48,  8.21s/it]                                                                                      Best trial: 0. Best value: 0.378721:  60%|██████    | 121/200 [16:40<10:48,  8.21s/it]Best trial: 0. Best value: 0.378721:  60%|██████    | 121/200 [16:40<10:48,  8.21s/it]Best trial: 0. Best value: 0.378721:  61%|██████    | 122/200 [16:40<10:40,  8.21s/it]                                                                                      Best trial: 0. Best value: 0.378721:  61%|██████    | 122/200 [16:48<10:40,  8.21s/it]Best trial: 0. Best value: 0.378721:  61%|██████    | 122/200 [16:48<10:40,  8.21s/it]Best trial: 0. Best value: 0.378721:  62%|██████▏   | 123/200 [16:48<10:31,  8.20s/it]                                                                                      Best trial: 0. Best value: 0.378721:  62%|██████▏   | 123/200 [16:57<10:31,  8.20s/it]Best trial: 0. Best value: 0.378721:  62%|██████▏   | 123/200 [16:57<10:31,  8.20s/it]Best trial: 0. Best value: 0.378721:  62%|██████▏   | 124/200 [16:57<10:23,  8.20s/it]                                                                                      Best trial: 0. Best value: 0.378721:  62%|██████▏   | 124/200 [17:05<10:23,  8.20s/it]Best trial: 0. Best value: 0.378721:  62%|██████▏   | 124/200 [17:05<10:23,  8.20s/it]Best trial: 0. Best value: 0.378721:  62%|██████▎   | 125/200 [17:05<10:15,  8.20s/it]                                                                                      
[I 2026-04-12 07:40:10,961] Trial 105 finished with value: 0.3787205289294688 and parameters: {'parameters.history_length': 86, 'parameters.units': 273, 'parameters.num_layers': 9, 'parameters.dropout': 0.4593529096424144, 'parameters.batch_size': 252, 'parameters.learning_rate': 0.0007072001788908685, 'parameters.weight_decay': 0.00010905950709164827}. Best is trial 0 with value: 0.3787205289294688.
[I 2026-04-12 07:40:19,174] Trial 106 finished with value: 0.3787205289294688 and parameters: {'parameters.history_length': 84, 'parameters.units': 201, 'parameters.num_layers': 6, 'parameters.dropout': 0.49132486159784294, 'parameters.batch_size': 169, 'parameters.learning_rate': 0.0011346861843394365, 'parameters.weight_decay': 0.00016097499018856497}. Best is trial 0 with value: 0.3787205289294688.
[I 2026-04-12 07:40:27,385] Trial 107 finished with value: 0.3787205289294688 and parameters: {'parameters.history_length': 106, 'parameters.units': 260, 'parameters.num_layers': 4, 'parameters.dropout': 0.2119896881285501, 'parameters.batch_size': 88, 'parameters.learning_rate': 0.0003492348157679986, 'parameters.weight_decay': 0.0012049482437941489}. Best is trial 0 with value: 0.3787205289294688.
[I 2026-04-12 07:40:35,595] Trial 108 finished with value: 0.3787205289294688 and parameters: {'parameters.history_length': 117, 'parameters.units': 376, 'parameters.num_layers': 8, 'parameters.dropout': 0.34650915400904697, 'parameters.batch_size': 351, 'parameters.learning_rate': 0.0006761279229088319, 'parameters.weight_decay': 0.00045191640687342256}. Best is trial 0 with value: 0.3787205289294688.
[I 2026-04-12 07:40:43,779] Trial 109 finished with value: 0.3787205289294688 and parameters: {'parameters.history_length': 39, 'parameters.units': 365, 'parameters.num_layers': 7, 'parameters.dropout': 0.36537140800402484, 'parameters.batch_size': 371, 'parameters.learning_rate': 0.0007658555902170015, 'parameters.weight_decay': 0.0001016127841266331}. Best is trial 0 with value: 0.3787205289294688.
[I 2026-04-12 07:40:51,922] Trial 110 finished with value: 0.3787205289294688 and parameters: {'parameters.history_length': 34, 'parameters.units': 218, 'parameters.num_layers': 2, 'parameters.dropout': 0.2747832054597797, 'parameters.batch_size': 80, 'parameters.learning_rate': 0.0003719098128798873, 'parameters.weight_decay': 0.009011248038116024}. Best is trial 0 with value: 0.3787205289294688.
[I 2026-04-12 07:41:00,108] Trial 111 finished with value: 0.3787205289294688 and parameters: {'parameters.history_length': 138, 'parameters.units': 247, 'parameters.num_layers': 10, 'parameters.dropout': 0.20653759200551025, 'parameters.batch_size': 238, 'parameters.learning_rate': 0.0017692025122394751, 'parameters.weight_decay': 0.00012283566799448816}. Best is trial 0 with value: 0.3787205289294688.
[I 2026-04-12 07:41:08,290] Trial 112 finished with value: 0.3787205289294688 and parameters: {'parameters.history_length': 130, 'parameters.units': 237, 'parameters.num_layers': 10, 'parameters.dropout': 0.22941915414446826, 'parameters.batch_size': 317, 'parameters.learning_rate': 0.001251316275023388, 'parameters.weight_decay': 0.00014531596029245745}. Best is trial 0 with value: 0.3787205289294688.
[I 2026-04-12 07:41:16,521] Trial 113 finished with value: 0.3787205289294688 and parameters: {'parameters.history_length': 144, 'parameters.units': 290, 'parameters.num_layers': 10, 'parameters.dropout': 0.28968262884215884, 'parameters.batch_size': 332, 'parameters.learning_rate': 0.0016642804008516413, 'parameters.weight_decay': 0.0010692653632246273}. Best is trial 0 with value: 0.3787205289294688.
[I 2026-04-12 07:41:24,744] Trial 114 finished with value: 0.3787205289294688 and parameters: {'parameters.history_length': 141, 'parameters.units': 383, 'parameters.num_layers': 9, 'parameters.dropout': 0.21982517027858717, 'parameters.batch_size': 287, 'parameters.learning_rate': 0.0014303017769409087, 'parameters.weight_decay': 0.00011328339019499051}. Best is trial 0 with value: 0.3787205289294688.
[I 2026-04-12 07:41:32,908] Trial 115 finished with value: 0.3787205289294688 and parameters: {'parameters.history_length': 124, 'parameters.units': 355, 'parameters.num_layers': 9, 'parameters.dropout': 0.2513460493445234, 'parameters.batch_size': 129, 'parameters.learning_rate': 0.0008652734640464711, 'parameters.weight_decay': 0.00013227719163270632}. Best is trial 0 with value: 0.3787205289294688.
[I 2026-04-12 07:41:41,099] Trial 116 finished with value: 0.3787205289294688 and parameters: {'parameters.history_length': 90, 'parameters.units': 267, 'parameters.num_layers': 10, 'parameters.dropout': 0.35841211051712557, 'parameters.batch_size': 157, 'parameters.learning_rate': 0.0003167544624123518, 'parameters.weight_decay': 0.0009005372283421135}. Best is trial 0 with value: 0.3787205289294688.
[I 2026-04-12 07:41:49,254] Trial 117 finished with value: 0.3787205289294688 and parameters: {'parameters.history_length': 114, 'parameters.units': 256, 'parameters.num_layers': 3, 'parameters.dropout': 0.3758875677508934, 'parameters.batch_size': 361, 'parameters.learning_rate': 0.0015710858011395636, 'parameters.weight_decay': 0.0001724498140566395}. Best is trial 0 with value: 0.3787205289294688.
[I 2026-04-12 07:41:57,509] Trial 118 finished with value: 0.3787205289294688 and parameters: {'parameters.history_length': 51, 'parameters.units': 224, 'parameters.num_layers': 8, 'parameters.dropout': 0.3878344026014484, 'parameters.batch_size': 193, 'parameters.learning_rate': 0.00041397544700870633, 'parameters.weight_decay': 0.0007695153128739063}. Best is trial 0 with value: 0.3787205289294688.
[I 2026-04-12 07:42:05,769] Trial 119 finished with value: 0.3787205289294688 and parameters: {'parameters.history_length': 43, 'parameters.units': 121, 'parameters.num_layers': 5, 'parameters.dropout': 0.4504116357152365, 'parameters.batch_size': 208, 'parameters.learning_rate': 0.001071872961722094, 'parameters.weight_decay': 0.0023758617101684813}. Best is trial 0 with value: 0.3787205289294688.
[I 2026-04-12 07:42:13,947] Trial 120 finished with value: 0.3787205289294688 and parameters: {'parameters.history_length': 133, 'parameters.units': 86, 'parameters.num_layers': 8, 'parameters.dropout': 0.41949503876485544, 'parameters.batch_size': 345, 'parameters.learning_rate': 0.0006044978424167564, 'parameters.weight_decay': 0.0014292389892474806}. Best is trial 0 with value: 0.3787205289294688.
[I 2026-04-12 07:42:22,151] Trial 121 finished with value: 0.3787205289294688 and parameters: {'parameters.history_length': 124, 'parameters.units': 301, 'parameters.num_layers': 8, 'parameters.dropout': 0.3986466041808294, 'parameters.batch_size': 116, 'parameters.learning_rate': 0.00026675294515109485, 'parameters.weight_decay': 0.00026403331872973997}. Best is trial 0 with value: 0.3787205289294688.
[I 2026-04-12 07:42:30,334] Trial 122 finished with value: 0.3787205289294688 and parameters: {'parameters.history_length': 101, 'parameters.units': 311, 'parameters.num_layers': 8, 'parameters.dropout': 0.4397999175496276, 'parameters.batch_size': 181, 'parameters.learning_rate': 0.001361560914108302, 'parameters.weight_decay': 0.0003778799143593952}. Best is trial 0 with value: 0.3787205289294688.
[I 2026-04-12 07:42:38,542] Trial 123 finished with value: 0.3787205289294688 and parameters: {'parameters.history_length': 127, 'parameters.units': 285, 'parameters.num_layers': 6, 'parameters.dropout': 0.432015893992904, 'parameters.batch_size': 69, 'parameters.learning_rate': 0.0011704271082314955, 'parameters.weight_decay': 0.0017046599928016192}. Best is trial 0 with value: 0.3787205289294688.
[I 2026-04-12 07:42:46,750] Trial 124 finished with value: 0.3787205289294688 and parameters: {'parameters.history_length': 119, 'parameters.units': 166, 'parameters.num_layers': 7, 'parameters.dropout': 0.40920950877335704, 'parameters.batch_size': 104, 'parameters.learning_rate': 0.0009230397917747075, 'parameters.weight_decay': 0.00010016296754643403}. Best is trial 0 with value: 0.3787205289294688.
