[I 2026-04-12 08:53:26,249] Trial 104 finished with value: 0.3809907807167186 and parameters: {'parameters.history_length': 122, 'parameters.num_layers': 3, 'parameters.units': 249, 'parameters.dropout': 0.4564360312057733, 'parameters.batch_size': 137, 'parameters.learning_rate': 0.0004950996063091024, 'parameters.weight_decay': 0.0001874623105363931}. Best is trial 0 with value: 0.3809907807167186.Best trial: 0. Best value: 0.380991:  52%|█████▏    | 104/200 [1:00:15<55:08, 34.46s/it]Best trial: 0. Best value: 0.380991:  52%|█████▏    | 104/200 [1:00:15<55:08, 34.46s/it]Best trial: 0. Best value: 0.380991:  52%|█████▎    | 105/200 [1:00:15<54:34, 34.47s/it]                                                                                        Best trial: 0. Best value: 0.380991:  52%|█████▎    | 105/200 [1:00:49<54:34, 34.47s/it]Best trial: 0. Best value: 0.380991:  52%|█████▎    | 105/200 [1:00:49<54:34, 34.47s/it]Best trial: 0. Best value: 0.380991:  53%|█████▎    | 106/200 [1:00:49<54:01, 34.48s/it]                                                                                        Best trial: 0. Best value: 0.380991:  53%|█████▎    | 106/200 [1:01:24<54:01, 34.48s/it]Best trial: 0. Best value: 0.380991:  53%|█████▎    | 106/200 [1:01:24<54:01, 34.48s/it]Best trial: 0. Best value: 0.380991:  54%|█████▎    | 107/200 [1:01:24<53:23, 34.45s/it]                                                                                        Best trial: 0. Best value: 0.380991:  54%|█████▎    | 107/200 [1:01:58<53:23, 34.45s/it]Best trial: 0. Best value: 0.380991:  54%|█████▎    | 107/200 [1:01:58<53:23, 34.45s/it]Best trial: 0. Best value: 0.380991:  54%|█████▍    | 108/200 [1:01:58<52:48, 34.45s/it]                                                                                        Best trial: 0. Best value: 0.380991:  54%|█████▍    | 108/200 [1:02:33<52:48, 34.45s/it]Best trial: 0. Best value: 0.380991:  54%|█████▍    | 108/200 [1:02:33<52:48, 34.45s/it]Best trial: 0. Best value: 0.380991:  55%|█████▍    | 109/200 [1:02:33<52:14, 34.45s/it]                                                                                        Best trial: 0. Best value: 0.380991:  55%|█████▍    | 109/200 [1:03:07<52:14, 34.45s/it]Best trial: 0. Best value: 0.380991:  55%|█████▍    | 109/200 [1:03:07<52:14, 34.45s/it]Best trial: 0. Best value: 0.380991:  55%|█████▌    | 110/200 [1:03:07<51:40, 34.45s/it]                                                                                        Best trial: 0. Best value: 0.380991:  55%|█████▌    | 110/200 [1:03:42<51:40, 34.45s/it]Best trial: 0. Best value: 0.380991:  55%|█████▌    | 110/200 [1:03:42<51:40, 34.45s/it]Best trial: 0. Best value: 0.380991:  56%|█████▌    | 111/200 [1:03:42<51:06, 34.46s/it]                                                                                        Best trial: 0. Best value: 0.380991:  56%|█████▌    | 111/200 [1:04:16<51:06, 34.46s/it]Best trial: 0. Best value: 0.380991:  56%|█████▌    | 111/200 [1:04:16<51:06, 34.46s/it]Best trial: 0. Best value: 0.380991:  56%|█████▌    | 112/200 [1:04:16<50:31, 34.44s/it]                                                                                        Best trial: 0. Best value: 0.380991:  56%|█████▌    | 112/200 [1:04:51<50:31, 34.44s/it]Best trial: 0. Best value: 0.380991:  56%|█████▌    | 112/200 [1:04:51<50:31, 34.44s/it]Best trial: 0. Best value: 0.380991:  56%|█████▋    | 113/200 [1:04:51<49:57, 34.45s/it]                                                                                        Best trial: 0. Best value: 0.380991:  56%|█████▋    | 113/200 [1:05:25<49:57, 34.45s/it]Best trial: 0. Best value: 0.380991:  56%|█████▋    | 113/200 [1:05:25<49:57, 34.45s/it]Best trial: 0. Best value: 0.380991:  57%|█████▋    | 114/200 [1:05:25<49:22, 34.45s/it]                                                                                        Best trial: 0. Best value: 0.380991:  57%|█████▋    | 114/200 [1:05:59<49:22, 34.45s/it]Best trial: 0. Best value: 0.380991:  57%|█████▋    | 114/200 [1:05:59<49:22, 34.45s/it]Best trial: 0. Best value: 0.380991:  57%|█████▊    | 115/200 [1:05:59<48:48, 34.45s/it]                                                                                        Best trial: 0. Best value: 0.380991:  57%|█████▊    | 115/200 [1:06:34<48:48, 34.45s/it]Best trial: 0. Best value: 0.380991:  57%|█████▊    | 115/200 [1:06:34<48:48, 34.45s/it]Best trial: 0. Best value: 0.380991:  58%|█████▊    | 116/200 [1:06:34<48:13, 34.45s/it]                                                                                        Best trial: 0. Best value: 0.380991:  58%|█████▊    | 116/200 [1:07:08<48:13, 34.45s/it]Best trial: 0. Best value: 0.380991:  58%|█████▊    | 116/200 [1:07:08<48:13, 34.45s/it]Best trial: 0. Best value: 0.380991:  58%|█████▊    | 117/200 [1:07:08<47:39, 34.45s/it]                                                                                        Best trial: 0. Best value: 0.380991:  58%|█████▊    | 117/200 [1:07:43<47:39, 34.45s/it]Best trial: 0. Best value: 0.380991:  58%|█████▊    | 117/200 [1:07:43<47:39, 34.45s/it]Best trial: 0. Best value: 0.380991:  59%|█████▉    | 118/200 [1:07:43<47:06, 34.47s/it]                                                                                        Best trial: 0. Best value: 0.380991:  59%|█████▉    | 118/200 [1:08:17<47:06, 34.47s/it]Best trial: 0. Best value: 0.380991:  59%|█████▉    | 118/200 [1:08:17<47:06, 34.47s/it]Best trial: 0. Best value: 0.380991:  60%|█████▉    | 119/200 [1:08:17<46:31, 34.46s/it]                                                                                        Best trial: 0. Best value: 0.380991:  60%|█████▉    | 119/200 [1:08:52<46:31, 34.46s/it]Best trial: 0. Best value: 0.380991:  60%|█████▉    | 119/200 [1:08:52<46:31, 34.46s/it]Best trial: 0. Best value: 0.380991:  60%|██████    | 120/200 [1:08:52<45:56, 34.46s/it]                                                                                        Best trial: 0. Best value: 0.380991:  60%|██████    | 120/200 [1:09:26<45:56, 34.46s/it]Best trial: 0. Best value: 0.380991:  60%|██████    | 120/200 [1:09:26<45:56, 34.46s/it]Best trial: 0. Best value: 0.380991:  60%|██████    | 121/200 [1:09:26<45:21, 34.45s/it]                                                                                        Best trial: 0. Best value: 0.380991:  60%|██████    | 121/200 [1:10:01<45:21, 34.45s/it]Best trial: 0. Best value: 0.380991:  60%|██████    | 121/200 [1:10:01<45:21, 34.45s/it]Best trial: 0. Best value: 0.380991:  61%|██████    | 122/200 [1:10:01<44:45, 34.43s/it]                                                                                        Best trial: 0. Best value: 0.380991:  61%|██████    | 122/200 [1:10:35<44:45, 34.43s/it]Best trial: 0. Best value: 0.380991:  61%|██████    | 122/200 [1:10:35<44:45, 34.43s/it]Best trial: 0. Best value: 0.380991:  62%|██████▏   | 123/200 [1:10:35<44:09, 34.40s/it]                                                                                        Best trial: 0. Best value: 0.380991:  62%|██████▏   | 123/200 [1:11:09<44:09, 34.40s/it]Best trial: 0. Best value: 0.380991:  62%|██████▏   | 123/200 [1:11:09<44:09, 34.40s/it]Best trial: 0. Best value: 0.380991:  62%|██████▏   | 124/200 [1:11:09<43:34, 34.40s/it]                                                                                        Best trial: 0. Best value: 0.380991:  62%|██████▏   | 124/200 [1:11:44<43:34, 34.40s/it]Best trial: 0. Best value: 0.380991:  62%|██████▏   | 124/200 [1:11:44<43:34, 34.40s/it]Best trial: 0. Best value: 0.380991:  62%|██████▎   | 125/200 [1:11:44<43:01, 34.43s/it]                                                                                        
[I 2026-04-12 08:54:00,748] Trial 105 finished with value: 0.3809907807167186 and parameters: {'parameters.history_length': 127, 'parameters.num_layers': 4, 'parameters.units': 278, 'parameters.dropout': 0.4020373002140597, 'parameters.batch_size': 311, 'parameters.learning_rate': 0.0007072001788908685, 'parameters.weight_decay': 0.00010905950709164827}. Best is trial 0 with value: 0.3809907807167186.
[I 2026-04-12 08:54:35,115] Trial 106 finished with value: 0.3809907807167186 and parameters: {'parameters.history_length': 108, 'parameters.num_layers': 2, 'parameters.units': 325, 'parameters.dropout': 0.47726303563316635, 'parameters.batch_size': 369, 'parameters.learning_rate': 0.0011346861843394365, 'parameters.weight_decay': 0.00016097499018856497}. Best is trial 0 with value: 0.3809907807167186.
[I 2026-04-12 08:55:09,561] Trial 107 finished with value: 0.3809907807167186 and parameters: {'parameters.history_length': 153, 'parameters.num_layers': 3, 'parameters.units': 91, 'parameters.dropout': 0.10664359442136646, 'parameters.batch_size': 355, 'parameters.learning_rate': 0.0003492348157679986, 'parameters.weight_decay': 0.0012049482437941489}. Best is trial 0 with value: 0.3809907807167186.
[I 2026-04-12 08:55:44,008] Trial 108 finished with value: 0.3809907807167186 and parameters: {'parameters.history_length': 102, 'parameters.num_layers': 4, 'parameters.units': 293, 'parameters.dropout': 0.2194581329215883, 'parameters.batch_size': 161, 'parameters.learning_rate': 0.0006761279229088319, 'parameters.weight_decay': 0.00045191640687342256}. Best is trial 0 with value: 0.3809907807167186.
[I 2026-04-12 08:56:18,465] Trial 109 finished with value: 0.3809907807167186 and parameters: {'parameters.history_length': 133, 'parameters.num_layers': 1, 'parameters.units': 260, 'parameters.dropout': 0.24282804640782488, 'parameters.batch_size': 141, 'parameters.learning_rate': 0.0007658555902170015, 'parameters.weight_decay': 0.0001016127841266331}. Best is trial 0 with value: 0.3809907807167186.
[I 2026-04-12 08:56:52,948] Trial 110 finished with value: 0.3809907807167186 and parameters: {'parameters.history_length': 144, 'parameters.num_layers': 2, 'parameters.units': 64, 'parameters.dropout': 0.14936106150863052, 'parameters.batch_size': 216, 'parameters.learning_rate': 0.0003719098128798873, 'parameters.weight_decay': 0.009011248038116024}. Best is trial 0 with value: 0.3809907807167186.
[I 2026-04-12 08:57:27,356] Trial 111 finished with value: 0.3809907807167186 and parameters: {'parameters.history_length': 159, 'parameters.num_layers': 3, 'parameters.units': 191, 'parameters.dropout': 0.10356951337607775, 'parameters.batch_size': 238, 'parameters.learning_rate': 0.0017692025122394751, 'parameters.weight_decay': 0.00012283566799448816}. Best is trial 0 with value: 0.3809907807167186.
[I 2026-04-12 08:58:01,835] Trial 112 finished with value: 0.3809907807167186 and parameters: {'parameters.history_length': 75, 'parameters.num_layers': 3, 'parameters.units': 298, 'parameters.dropout': 0.11709643890542983, 'parameters.batch_size': 250, 'parameters.learning_rate': 0.001251316275023388, 'parameters.weight_decay': 0.00014531596029245745}. Best is trial 0 with value: 0.3809907807167186.
[I 2026-04-12 08:58:36,262] Trial 113 finished with value: 0.3809907807167186 and parameters: {'parameters.history_length': 139, 'parameters.num_layers': 3, 'parameters.units': 310, 'parameters.dropout': 0.16178995649822384, 'parameters.batch_size': 335, 'parameters.learning_rate': 0.0016642804008516413, 'parameters.weight_decay': 0.0010692653632246273}. Best is trial 0 with value: 0.3809907807167186.
[I 2026-04-12 08:59:10,733] Trial 114 finished with value: 0.3809907807167186 and parameters: {'parameters.history_length': 150, 'parameters.num_layers': 3, 'parameters.units': 170, 'parameters.dropout': 0.11122199083187648, 'parameters.batch_size': 187, 'parameters.learning_rate': 0.0014303017769409087, 'parameters.weight_decay': 0.00011328339019499051}. Best is trial 0 with value: 0.3809907807167186.
[I 2026-04-12 08:59:45,181] Trial 115 finished with value: 0.3809907807167186 and parameters: {'parameters.history_length': 157, 'parameters.num_layers': 4, 'parameters.units': 110, 'parameters.dropout': 0.13171376408935412, 'parameters.batch_size': 299, 'parameters.learning_rate': 0.0008652734640464711, 'parameters.weight_decay': 0.00013227719163270632}. Best is trial 0 with value: 0.3809907807167186.
[I 2026-04-12 09:00:19,620] Trial 116 finished with value: 0.3809907807167186 and parameters: {'parameters.history_length': 131, 'parameters.num_layers': 3, 'parameters.units': 233, 'parameters.dropout': 0.23392916928461063, 'parameters.batch_size': 377, 'parameters.learning_rate': 0.0003167544624123518, 'parameters.weight_decay': 0.0009005372283421135}. Best is trial 0 with value: 0.3809907807167186.
[I 2026-04-12 09:00:54,128] Trial 117 finished with value: 0.3809907807167186 and parameters: {'parameters.history_length': 154, 'parameters.num_layers': 1, 'parameters.units': 137, 'parameters.dropout': 0.25692149865612074, 'parameters.batch_size': 244, 'parameters.learning_rate': 0.0015710858011395636, 'parameters.weight_decay': 0.0001724498140566395}. Best is trial 0 with value: 0.3809907807167186.
[I 2026-04-12 09:01:28,564] Trial 118 finished with value: 0.3809907807167186 and parameters: {'parameters.history_length': 111, 'parameters.num_layers': 2, 'parameters.units': 128, 'parameters.dropout': 0.27392733815632375, 'parameters.batch_size': 345, 'parameters.learning_rate': 0.00041397544700870633, 'parameters.weight_decay': 0.0007695153128739063}. Best is trial 0 with value: 0.3809907807167186.
[I 2026-04-12 09:02:03,019] Trial 119 finished with value: 0.3809907807167186 and parameters: {'parameters.history_length': 157, 'parameters.num_layers': 4, 'parameters.units': 78, 'parameters.dropout': 0.3832075647008845, 'parameters.batch_size': 208, 'parameters.learning_rate': 0.001071872961722094, 'parameters.weight_decay': 0.0023758617101684813}. Best is trial 0 with value: 0.3809907807167186.
[I 2026-04-12 09:02:37,459] Trial 120 finished with value: 0.3809907807167186 and parameters: {'parameters.history_length': 135, 'parameters.num_layers': 1, 'parameters.units': 287, 'parameters.dropout': 0.32463959955954147, 'parameters.batch_size': 232, 'parameters.learning_rate': 0.0006044978424167564, 'parameters.weight_decay': 0.0014292389892474806}. Best is trial 0 with value: 0.3809907807167186.
[I 2026-04-12 09:03:11,844] Trial 121 finished with value: 0.3809907807167186 and parameters: {'parameters.history_length': 143, 'parameters.num_layers': 4, 'parameters.units': 351, 'parameters.dropout': 0.29028642437229846, 'parameters.batch_size': 171, 'parameters.learning_rate': 0.00026675294515109485, 'parameters.weight_decay': 0.00026403331872973997}. Best is trial 0 with value: 0.3809907807167186.
[I 2026-04-12 09:03:46,180] Trial 122 finished with value: 0.3809907807167186 and parameters: {'parameters.history_length': 145, 'parameters.num_layers': 4, 'parameters.units': 341, 'parameters.dropout': 0.3620010509498356, 'parameters.batch_size': 192, 'parameters.learning_rate': 0.001361560914108302, 'parameters.weight_decay': 0.0003778799143593952}. Best is trial 0 with value: 0.3809907807167186.
[I 2026-04-12 09:04:20,585] Trial 123 finished with value: 0.3809907807167186 and parameters: {'parameters.history_length': 71, 'parameters.num_layers': 4, 'parameters.units': 367, 'parameters.dropout': 0.3471952978328475, 'parameters.batch_size': 267, 'parameters.learning_rate': 0.0011704271082314955, 'parameters.weight_decay': 0.0017046599928016192}. Best is trial 0 with value: 0.3809907807167186.
[I 2026-04-12 09:04:55,065] Trial 124 finished with value: 0.3809907807167186 and parameters: {'parameters.history_length': 138, 'parameters.num_layers': 4, 'parameters.units': 357, 'parameters.dropout': 0.30721133637651377, 'parameters.batch_size': 183, 'parameters.learning_rate': 0.0009230397917747075, 'parameters.weight_decay': 0.00010016296754643403}. Best is trial 0 with value: 0.3809907807167186.
