[I 2026-04-11 21:25:43,218] Trial 43 finished with value: 0.38843612003763883 and parameters: {'parameters.mid_layer_count': 4, 'parameters.mid_layer_size': 495, 'parameters.dropout': 0.061625288103363186, 'parameters.batch_size': 196, 'parameters.learning_rate': 0.0007154600737997427, 'parameters.weight_decay': 2.294203344194437e-05}. Best is trial 0 with value: 0.38843612003763883.Best trial: 0. Best value: 0.388436:  22%|██▏       | 43/200 [03:31<12:32,  4.79s/it]Best trial: 0. Best value: 0.388436:  22%|██▏       | 43/200 [03:31<12:32,  4.79s/it]Best trial: 0. Best value: 0.388436:  22%|██▏       | 44/200 [03:31<12:30,  4.81s/it]                                                                                     Best trial: 0. Best value: 0.388436:  22%|██▏       | 44/200 [03:36<12:30,  4.81s/it]Best trial: 0. Best value: 0.388436:  22%|██▏       | 44/200 [03:36<12:30,  4.81s/it]Best trial: 0. Best value: 0.388436:  22%|██▎       | 45/200 [03:36<12:25,  4.81s/it]                                                                                     Best trial: 0. Best value: 0.388436:  22%|██▎       | 45/200 [03:41<12:25,  4.81s/it]Best trial: 0. Best value: 0.388436:  22%|██▎       | 45/200 [03:41<12:25,  4.81s/it]Best trial: 0. Best value: 0.388436:  23%|██▎       | 46/200 [03:41<12:18,  4.80s/it]                                                                                     Best trial: 0. Best value: 0.388436:  23%|██▎       | 46/200 [03:46<12:18,  4.80s/it]Best trial: 0. Best value: 0.388436:  23%|██▎       | 46/200 [03:46<12:18,  4.80s/it]Best trial: 0. Best value: 0.388436:  24%|██▎       | 47/200 [03:46<12:13,  4.79s/it]                                                                                     Best trial: 0. Best value: 0.388436:  24%|██▎       | 47/200 [03:51<12:13,  4.79s/it]Best trial: 0. Best value: 0.388436:  24%|██▎       | 47/200 [03:51<12:13,  4.79s/it]Best trial: 0. Best value: 0.388436:  24%|██▍       | 48/200 [03:51<12:13,  4.83s/it]                                                                                     Best trial: 0. Best value: 0.388436:  24%|██▍       | 48/200 [03:55<12:13,  4.83s/it]Best trial: 0. Best value: 0.388436:  24%|██▍       | 48/200 [03:55<12:13,  4.83s/it]Best trial: 0. Best value: 0.388436:  24%|██▍       | 49/200 [03:55<12:11,  4.85s/it]                                                                                     Best trial: 0. Best value: 0.388436:  24%|██▍       | 49/200 [04:00<12:11,  4.85s/it]Best trial: 0. Best value: 0.388436:  24%|██▍       | 49/200 [04:00<12:11,  4.85s/it]Best trial: 0. Best value: 0.388436:  25%|██▌       | 50/200 [04:00<12:07,  4.85s/it]                                                                                     Best trial: 0. Best value: 0.388436:  25%|██▌       | 50/200 [04:05<12:07,  4.85s/it]Best trial: 0. Best value: 0.388436:  25%|██▌       | 50/200 [04:05<12:07,  4.85s/it]Best trial: 0. Best value: 0.388436:  26%|██▌       | 51/200 [04:05<12:02,  4.85s/it]                                                                                     Best trial: 0. Best value: 0.388436:  26%|██▌       | 51/200 [04:10<12:02,  4.85s/it]Best trial: 0. Best value: 0.388436:  26%|██▌       | 51/200 [04:10<12:02,  4.85s/it]Best trial: 0. Best value: 0.388436:  26%|██▌       | 52/200 [04:10<11:52,  4.81s/it]                                                                                     Best trial: 0. Best value: 0.388436:  26%|██▌       | 52/200 [04:15<11:52,  4.81s/it]Best trial: 0. Best value: 0.388436:  26%|██▌       | 52/200 [04:15<11:52,  4.81s/it]Best trial: 0. Best value: 0.388436:  26%|██▋       | 53/200 [04:15<11:51,  4.84s/it]                                                                                     Best trial: 0. Best value: 0.388436:  26%|██▋       | 53/200 [04:20<11:51,  4.84s/it]Best trial: 0. Best value: 0.388436:  26%|██▋       | 53/200 [04:20<11:51,  4.84s/it]Best trial: 0. Best value: 0.388436:  27%|██▋       | 54/200 [04:20<11:46,  4.84s/it]                                                                                     Best trial: 0. Best value: 0.388436:  27%|██▋       | 54/200 [04:24<11:46,  4.84s/it]Best trial: 0. Best value: 0.388436:  27%|██▋       | 54/200 [04:24<11:46,  4.84s/it]Best trial: 0. Best value: 0.388436:  28%|██▊       | 55/200 [04:24<11:39,  4.82s/it]                                                                                     Best trial: 0. Best value: 0.388436:  28%|██▊       | 55/200 [04:29<11:39,  4.82s/it]Best trial: 0. Best value: 0.388436:  28%|██▊       | 55/200 [04:29<11:39,  4.82s/it]Best trial: 0. Best value: 0.388436:  28%|██▊       | 56/200 [04:29<11:33,  4.82s/it]                                                                                     Best trial: 0. Best value: 0.388436:  28%|██▊       | 56/200 [04:34<11:33,  4.82s/it]Best trial: 0. Best value: 0.388436:  28%|██▊       | 56/200 [04:34<11:33,  4.82s/it]Best trial: 0. Best value: 0.388436:  28%|██▊       | 57/200 [04:34<11:28,  4.81s/it]                                                                                     Best trial: 0. Best value: 0.388436:  28%|██▊       | 57/200 [04:39<11:28,  4.81s/it]Best trial: 0. Best value: 0.388436:  28%|██▊       | 57/200 [04:39<11:28,  4.81s/it]Best trial: 0. Best value: 0.388436:  29%|██▉       | 58/200 [04:39<11:22,  4.81s/it]                                                                                     Best trial: 0. Best value: 0.388436:  29%|██▉       | 58/200 [04:44<11:22,  4.81s/it]Best trial: 0. Best value: 0.388436:  29%|██▉       | 58/200 [04:44<11:22,  4.81s/it]Best trial: 0. Best value: 0.388436:  30%|██▉       | 59/200 [04:44<11:20,  4.82s/it]                                                                                     Best trial: 0. Best value: 0.388436:  30%|██▉       | 59/200 [04:49<11:20,  4.82s/it]Best trial: 0. Best value: 0.388436:  30%|██▉       | 59/200 [04:49<11:20,  4.82s/it]Best trial: 0. Best value: 0.388436:  30%|███       | 60/200 [04:49<11:16,  4.83s/it]                                                                                     Best trial: 0. Best value: 0.388436:  30%|███       | 60/200 [04:53<11:16,  4.83s/it]Best trial: 0. Best value: 0.388436:  30%|███       | 60/200 [04:53<11:16,  4.83s/it]Best trial: 0. Best value: 0.388436:  30%|███       | 61/200 [04:53<11:14,  4.85s/it]                                                                                     Best trial: 0. Best value: 0.388436:  30%|███       | 61/200 [04:58<11:14,  4.85s/it]Best trial: 0. Best value: 0.388436:  30%|███       | 61/200 [04:58<11:14,  4.85s/it]Best trial: 0. Best value: 0.388436:  31%|███       | 62/200 [04:58<11:08,  4.84s/it]                                                                                     Best trial: 0. Best value: 0.388436:  31%|███       | 62/200 [05:03<11:08,  4.84s/it]Best trial: 0. Best value: 0.388436:  31%|███       | 62/200 [05:03<11:08,  4.84s/it]Best trial: 0. Best value: 0.388436:  32%|███▏      | 63/200 [05:03<11:00,  4.82s/it]                                                                                     Best trial: 0. Best value: 0.388436:  32%|███▏      | 63/200 [05:08<11:00,  4.82s/it]Best trial: 0. Best value: 0.388436:  32%|███▏      | 63/200 [05:08<11:00,  4.82s/it]Best trial: 0. Best value: 0.388436:  32%|███▏      | 64/200 [05:08<10:54,  4.81s/it]                                                                                     Best trial: 0. Best value: 0.388436:  32%|███▏      | 64/200 [05:13<10:54,  4.81s/it]Best trial: 0. Best value: 0.388436:  32%|███▏      | 64/200 [05:13<10:54,  4.81s/it]Best trial: 0. Best value: 0.388436:  32%|███▎      | 65/200 [05:13<10:51,  4.83s/it]                                                                                     
[I 2026-04-11 21:25:48,023] Trial 44 finished with value: 0.38843612003763883 and parameters: {'parameters.mid_layer_count': 2, 'parameters.mid_layer_size': 440, 'parameters.dropout': 0.05214189134756564, 'parameters.batch_size': 217, 'parameters.learning_rate': 0.0004966383037042665, 'parameters.weight_decay': 2.969423254179339e-05}. Best is trial 0 with value: 0.38843612003763883.
[I 2026-04-11 21:25:52,802] Trial 45 finished with value: 0.38843612003763883 and parameters: {'parameters.mid_layer_count': 3, 'parameters.mid_layer_size': 473, 'parameters.dropout': 0.26264754367298615, 'parameters.batch_size': 171, 'parameters.learning_rate': 0.0021513922233021144, 'parameters.weight_decay': 1.4088302106541616e-05}. Best is trial 0 with value: 0.38843612003763883.
[I 2026-04-11 21:25:57,581] Trial 46 finished with value: 0.38843612003763883 and parameters: {'parameters.mid_layer_count': 2, 'parameters.mid_layer_size': 419, 'parameters.dropout': 0.0956738585591686, 'parameters.batch_size': 208, 'parameters.learning_rate': 0.00011335529263255583, 'parameters.weight_decay': 0.006262360207875597}. Best is trial 0 with value: 0.38843612003763883.
[I 2026-04-11 21:26:02,486] Trial 47 finished with value: 0.38843612003763883 and parameters: {'parameters.mid_layer_count': 3, 'parameters.mid_layer_size': 217, 'parameters.dropout': 0.112012462232883, 'parameters.batch_size': 184, 'parameters.learning_rate': 0.0001699600239808687, 'parameters.weight_decay': 6.864592249200424e-05}. Best is trial 0 with value: 0.38843612003763883.
[I 2026-04-11 21:26:07,381] Trial 48 finished with value: 0.38843612003763883 and parameters: {'parameters.mid_layer_count': 4, 'parameters.mid_layer_size': 481, 'parameters.dropout': 0.07594952579533529, 'parameters.batch_size': 155, 'parameters.learning_rate': 0.00042739328710525253, 'parameters.weight_decay': 0.000932469696600174}. Best is trial 0 with value: 0.38843612003763883.
[I 2026-04-11 21:26:12,237] Trial 49 finished with value: 0.38843612003763883 and parameters: {'parameters.mid_layer_count': 2, 'parameters.mid_layer_size': 371, 'parameters.dropout': 0.06954333241148548, 'parameters.batch_size': 239, 'parameters.learning_rate': 0.0001922298141732225, 'parameters.weight_decay': 3.5916222625077945e-05}. Best is trial 0 with value: 0.38843612003763883.
[I 2026-04-11 21:26:17,080] Trial 50 finished with value: 0.38843612003763883 and parameters: {'parameters.mid_layer_count': 5, 'parameters.mid_layer_size': 450, 'parameters.dropout': 0.3988711553483253, 'parameters.batch_size': 255, 'parameters.learning_rate': 0.00010288094253772673, 'parameters.weight_decay': 0.009796857528563706}. Best is trial 0 with value: 0.38843612003763883.
[I 2026-04-11 21:26:21,813] Trial 51 finished with value: 0.38843612003763883 and parameters: {'parameters.mid_layer_count': 5, 'parameters.mid_layer_size': 189, 'parameters.dropout': 0.056065721519632794, 'parameters.batch_size': 64, 'parameters.learning_rate': 0.0028204441590411475, 'parameters.weight_decay': 0.0025968442242245487}. Best is trial 0 with value: 0.38843612003763883.
[I 2026-04-11 21:26:26,724] Trial 52 finished with value: 0.38843612003763883 and parameters: {'parameters.mid_layer_count': 4, 'parameters.mid_layer_size': 151, 'parameters.dropout': 0.06146229030229512, 'parameters.batch_size': 244, 'parameters.learning_rate': 0.0021823250658633527, 'parameters.weight_decay': 0.005134244406034066}. Best is trial 0 with value: 0.38843612003763883.
[I 2026-04-11 21:26:31,553] Trial 53 finished with value: 0.38843612003763883 and parameters: {'parameters.mid_layer_count': 5, 'parameters.mid_layer_size': 511, 'parameters.dropout': 0.05511653049432669, 'parameters.batch_size': 202, 'parameters.learning_rate': 0.0015050650730680276, 'parameters.weight_decay': 0.001353379727620079}. Best is trial 0 with value: 0.38843612003763883.
[I 2026-04-11 21:26:36,343] Trial 54 finished with value: 0.38843612003763883 and parameters: {'parameters.mid_layer_count': 3, 'parameters.mid_layer_size': 273, 'parameters.dropout': 0.14879157480788696, 'parameters.batch_size': 115, 'parameters.learning_rate': 0.0019232909270169708, 'parameters.weight_decay': 0.0027809817146940714}. Best is trial 0 with value: 0.38843612003763883.
[I 2026-04-11 21:26:41,144] Trial 55 finished with value: 0.38843612003763883 and parameters: {'parameters.mid_layer_count': 4, 'parameters.mid_layer_size': 202, 'parameters.dropout': 0.1353351697784401, 'parameters.batch_size': 209, 'parameters.learning_rate': 0.0017035326653034844, 'parameters.weight_decay': 0.0007259502038756956}. Best is trial 0 with value: 0.38843612003763883.
[I 2026-04-11 21:26:45,947] Trial 56 finished with value: 0.38843612003763883 and parameters: {'parameters.mid_layer_count': 3, 'parameters.mid_layer_size': 228, 'parameters.dropout': 0.24876306698953488, 'parameters.batch_size': 227, 'parameters.learning_rate': 0.0011586541964012291, 'parameters.weight_decay': 0.004072575175640785}. Best is trial 0 with value: 0.38843612003763883.
[I 2026-04-11 21:26:50,737] Trial 57 finished with value: 0.38843612003763883 and parameters: {'parameters.mid_layer_count': 4, 'parameters.mid_layer_size': 403, 'parameters.dropout': 0.08630320554322275, 'parameters.batch_size': 146, 'parameters.learning_rate': 0.00033327553275579067, 'parameters.weight_decay': 0.008221211659025226}. Best is trial 0 with value: 0.38843612003763883.
[I 2026-04-11 21:26:55,600] Trial 58 finished with value: 0.38843612003763883 and parameters: {'parameters.mid_layer_count': 2, 'parameters.mid_layer_size': 177, 'parameters.dropout': 0.2144794537818631, 'parameters.batch_size': 128, 'parameters.learning_rate': 0.00016263822805993338, 'parameters.weight_decay': 0.0004156501096397348}. Best is trial 0 with value: 0.38843612003763883.
[I 2026-04-11 21:27:00,459] Trial 59 finished with value: 0.38843612003763883 and parameters: {'parameters.mid_layer_count': 3, 'parameters.mid_layer_size': 304, 'parameters.dropout': 0.19375039681333947, 'parameters.batch_size': 189, 'parameters.learning_rate': 0.00013082002300342973, 'parameters.weight_decay': 0.00025021832090335166}. Best is trial 0 with value: 0.38843612003763883.
[I 2026-04-11 21:27:05,347] Trial 60 finished with value: 0.38843612003763883 and parameters: {'parameters.mid_layer_count': 5, 'parameters.mid_layer_size': 211, 'parameters.dropout': 0.17291401546486243, 'parameters.batch_size': 174, 'parameters.learning_rate': 0.00011976228167193925, 'parameters.weight_decay': 1.5661892422826868e-05}. Best is trial 0 with value: 0.38843612003763883.
[I 2026-04-11 21:27:10,173] Trial 61 finished with value: 0.38843612003763883 and parameters: {'parameters.mid_layer_count': 3, 'parameters.mid_layer_size': 154, 'parameters.dropout': 0.1589155114202696, 'parameters.batch_size': 159, 'parameters.learning_rate': 0.00020320954785819928, 'parameters.weight_decay': 9.967885410720788e-05}. Best is trial 0 with value: 0.38843612003763883.
[I 2026-04-11 21:27:14,940] Trial 62 finished with value: 0.38843612003763883 and parameters: {'parameters.mid_layer_count': 3, 'parameters.mid_layer_size': 135, 'parameters.dropout': 0.20307840583040526, 'parameters.batch_size': 78, 'parameters.learning_rate': 0.00015074148415543346, 'parameters.weight_decay': 0.0001751641812989976}. Best is trial 0 with value: 0.38843612003763883.
[I 2026-04-11 21:27:19,723] Trial 63 finished with value: 0.38843612003763883 and parameters: {'parameters.mid_layer_count': 3, 'parameters.mid_layer_size': 236, 'parameters.dropout': 0.22280490410315554, 'parameters.batch_size': 94, 'parameters.learning_rate': 0.00022061486026198936, 'parameters.weight_decay': 0.0002998850533444768}. Best is trial 0 with value: 0.38843612003763883.
[I 2026-04-11 21:27:24,586] Trial 64 finished with value: 0.38843612003763883 and parameters: {'parameters.mid_layer_count': 3, 'parameters.mid_layer_size': 169, 'parameters.dropout': 0.18430909125688855, 'parameters.batch_size': 165, 'parameters.learning_rate': 0.0007226316820099312, 'parameters.weight_decay': 0.0020717894828819207}. Best is trial 0 with value: 0.38843612003763883.
