[I 2026-04-12 09:17:31,995] Trial 146 finished with value: 0.3809907807167186 and parameters: {'parameters.history_length': 156, 'parameters.num_layers': 4, 'parameters.units': 362, 'parameters.dropout': 0.11692145787163251, 'parameters.batch_size': 288, 'parameters.learning_rate': 0.0014316210421200474, 'parameters.weight_decay': 0.00043360495120764296}. Best is trial 0 with value: 0.3809907807167186.Best trial: 0. Best value: 0.380991:  73%|███████▎  | 146/200 [1:24:21<30:59, 34.44s/it]Best trial: 0. Best value: 0.380991:  73%|███████▎  | 146/200 [1:24:21<30:59, 34.44s/it]Best trial: 0. Best value: 0.380991:  74%|███████▎  | 147/200 [1:24:21<30:24, 34.43s/it]                                                                                        Best trial: 0. Best value: 0.380991:  74%|███████▎  | 147/200 [1:24:55<30:24, 34.43s/it]Best trial: 0. Best value: 0.380991:  74%|███████▎  | 147/200 [1:24:55<30:24, 34.43s/it]Best trial: 0. Best value: 0.380991:  74%|███████▍  | 148/200 [1:24:55<29:49, 34.42s/it]                                                                                        Best trial: 0. Best value: 0.380991:  74%|███████▍  | 148/200 [1:25:29<29:49, 34.42s/it]Best trial: 0. Best value: 0.380991:  74%|███████▍  | 148/200 [1:25:29<29:49, 34.42s/it]Best trial: 0. Best value: 0.380991:  74%|███████▍  | 149/200 [1:25:29<29:13, 34.39s/it]                                                                                        Best trial: 0. Best value: 0.380991:  74%|███████▍  | 149/200 [1:26:04<29:13, 34.39s/it]Best trial: 0. Best value: 0.380991:  74%|███████▍  | 149/200 [1:26:04<29:13, 34.39s/it]Best trial: 0. Best value: 0.380991:  75%|███████▌  | 150/200 [1:26:04<28:40, 34.40s/it]                                                                                        Best trial: 0. Best value: 0.380991:  75%|███████▌  | 150/200 [1:26:38<28:40, 34.40s/it]Best trial: 0. Best value: 0.380991:  75%|███████▌  | 150/200 [1:26:38<28:40, 34.40s/it]Best trial: 0. Best value: 0.380991:  76%|███████▌  | 151/200 [1:26:38<28:07, 34.43s/it]                                                                                        Best trial: 0. Best value: 0.380991:  76%|███████▌  | 151/200 [1:27:13<28:07, 34.43s/it]Best trial: 0. Best value: 0.380991:  76%|███████▌  | 151/200 [1:27:13<28:07, 34.43s/it]Best trial: 0. Best value: 0.380991:  76%|███████▌  | 152/200 [1:27:13<27:32, 34.43s/it]                                                                                        Best trial: 0. Best value: 0.380991:  76%|███████▌  | 152/200 [1:27:47<27:32, 34.43s/it]Best trial: 0. Best value: 0.380991:  76%|███████▌  | 152/200 [1:27:47<27:32, 34.43s/it]Best trial: 0. Best value: 0.380991:  76%|███████▋  | 153/200 [1:27:47<26:57, 34.41s/it]                                                                                        Best trial: 0. Best value: 0.380991:  76%|███████▋  | 153/200 [1:28:22<26:57, 34.41s/it]Best trial: 0. Best value: 0.380991:  76%|███████▋  | 153/200 [1:28:22<26:57, 34.41s/it]Best trial: 0. Best value: 0.380991:  77%|███████▋  | 154/200 [1:28:22<26:23, 34.42s/it]                                                                                        Best trial: 0. Best value: 0.380991:  77%|███████▋  | 154/200 [1:28:56<26:23, 34.42s/it]Best trial: 0. Best value: 0.380991:  77%|███████▋  | 154/200 [1:28:56<26:23, 34.42s/it]Best trial: 0. Best value: 0.380991:  78%|███████▊  | 155/200 [1:28:56<25:48, 34.41s/it]                                                                                        Best trial: 0. Best value: 0.380991:  78%|███████▊  | 155/200 [1:29:30<25:48, 34.41s/it]Best trial: 0. Best value: 0.380991:  78%|███████▊  | 155/200 [1:29:30<25:48, 34.41s/it]Best trial: 0. Best value: 0.380991:  78%|███████▊  | 156/200 [1:29:30<25:15, 34.44s/it]                                                                                        Best trial: 0. Best value: 0.380991:  78%|███████▊  | 156/200 [1:30:05<25:15, 34.44s/it]Best trial: 0. Best value: 0.380991:  78%|███████▊  | 156/200 [1:30:05<25:15, 34.44s/it]Best trial: 0. Best value: 0.380991:  78%|███████▊  | 157/200 [1:30:05<24:40, 34.44s/it]                                                                                        Best trial: 0. Best value: 0.380991:  78%|███████▊  | 157/200 [1:30:39<24:40, 34.44s/it]Best trial: 0. Best value: 0.380991:  78%|███████▊  | 157/200 [1:30:39<24:40, 34.44s/it]Best trial: 0. Best value: 0.380991:  79%|███████▉  | 158/200 [1:30:39<24:06, 34.44s/it]                                                                                        Best trial: 0. Best value: 0.380991:  79%|███████▉  | 158/200 [1:31:14<24:06, 34.44s/it]Best trial: 0. Best value: 0.380991:  79%|███████▉  | 158/200 [1:31:14<24:06, 34.44s/it]Best trial: 0. Best value: 0.380991:  80%|███████▉  | 159/200 [1:31:14<23:31, 34.43s/it]                                                                                        Best trial: 0. Best value: 0.380991:  80%|███████▉  | 159/200 [1:31:48<23:31, 34.43s/it]Best trial: 0. Best value: 0.380991:  80%|███████▉  | 159/200 [1:31:48<23:31, 34.43s/it]Best trial: 0. Best value: 0.380991:  80%|████████  | 160/200 [1:31:48<22:58, 34.45s/it]                                                                                        Best trial: 0. Best value: 0.380991:  80%|████████  | 160/200 [1:32:23<22:58, 34.45s/it]Best trial: 0. Best value: 0.380991:  80%|████████  | 160/200 [1:32:23<22:58, 34.45s/it]Best trial: 0. Best value: 0.380991:  80%|████████  | 161/200 [1:32:23<22:23, 34.45s/it]                                                                                        Best trial: 0. Best value: 0.380991:  80%|████████  | 161/200 [1:32:57<22:23, 34.45s/it]Best trial: 0. Best value: 0.380991:  80%|████████  | 161/200 [1:32:57<22:23, 34.45s/it]Best trial: 0. Best value: 0.380991:  81%|████████  | 162/200 [1:32:57<21:48, 34.44s/it]                                                                                        Best trial: 0. Best value: 0.380991:  81%|████████  | 162/200 [1:33:32<21:48, 34.44s/it]Best trial: 0. Best value: 0.380991:  81%|████████  | 162/200 [1:33:32<21:48, 34.44s/it]Best trial: 0. Best value: 0.380991:  82%|████████▏ | 163/200 [1:33:32<21:13, 34.42s/it]                                                                                        Best trial: 0. Best value: 0.380991:  82%|████████▏ | 163/200 [1:34:06<21:13, 34.42s/it]Best trial: 0. Best value: 0.380991:  82%|████████▏ | 163/200 [1:34:06<21:13, 34.42s/it]Best trial: 0. Best value: 0.380991:  82%|████████▏ | 164/200 [1:34:06<20:39, 34.43s/it]                                                                                        Best trial: 0. Best value: 0.380991:  82%|████████▏ | 164/200 [1:34:40<20:39, 34.43s/it]Best trial: 0. Best value: 0.380991:  82%|████████▏ | 164/200 [1:34:40<20:39, 34.43s/it]Best trial: 0. Best value: 0.380991:  82%|████████▎ | 165/200 [1:34:40<20:05, 34.44s/it]                                                                                        Best trial: 0. Best value: 0.380991:  82%|████████▎ | 165/200 [1:35:15<20:05, 34.44s/it]Best trial: 0. Best value: 0.380991:  82%|████████▎ | 165/200 [1:35:15<20:05, 34.44s/it]Best trial: 0. Best value: 0.380991:  83%|████████▎ | 166/200 [1:35:15<19:31, 34.44s/it]                                                                                        Best trial: 0. Best value: 0.380991:  83%|████████▎ | 166/200 [1:35:49<19:31, 34.44s/it]Best trial: 0. Best value: 0.380991:  83%|████████▎ | 166/200 [1:35:49<19:31, 34.44s/it]Best trial: 0. Best value: 0.380991:  84%|████████▎ | 167/200 [1:35:49<18:57, 34.46s/it]                                                                                        
[I 2026-04-12 09:18:06,392] Trial 147 finished with value: 0.3809907807167186 and parameters: {'parameters.history_length': 109, 'parameters.num_layers': 3, 'parameters.units': 312, 'parameters.dropout': 0.14238217073662282, 'parameters.batch_size': 341, 'parameters.learning_rate': 0.0006704625442382878, 'parameters.weight_decay': 0.0019532450927039645}. Best is trial 0 with value: 0.3809907807167186.
[I 2026-04-12 09:18:40,713] Trial 148 finished with value: 0.3809907807167186 and parameters: {'parameters.history_length': 158, 'parameters.num_layers': 2, 'parameters.units': 213, 'parameters.dropout': 0.2874896201519251, 'parameters.batch_size': 355, 'parameters.learning_rate': 0.001234868908969475, 'parameters.weight_decay': 0.0002759414293135593}. Best is trial 0 with value: 0.3809907807167186.
[I 2026-04-12 09:19:15,144] Trial 149 finished with value: 0.3809907807167186 and parameters: {'parameters.history_length': 153, 'parameters.num_layers': 4, 'parameters.units': 72, 'parameters.dropout': 0.1230488991447763, 'parameters.batch_size': 300, 'parameters.learning_rate': 0.0008337144320613153, 'parameters.weight_decay': 0.00024403062207633416}. Best is trial 0 with value: 0.3809907807167186.
[I 2026-04-12 09:19:49,632] Trial 150 finished with value: 0.3809907807167186 and parameters: {'parameters.history_length': 149, 'parameters.num_layers': 1, 'parameters.units': 297, 'parameters.dropout': 0.10003558367151888, 'parameters.batch_size': 129, 'parameters.learning_rate': 0.0002581566882007914, 'parameters.weight_decay': 0.0037907385000420005}. Best is trial 0 with value: 0.3809907807167186.
[I 2026-04-12 09:20:24,067] Trial 151 finished with value: 0.3809907807167186 and parameters: {'parameters.history_length': 129, 'parameters.num_layers': 3, 'parameters.units': 280, 'parameters.dropout': 0.32707015269052225, 'parameters.batch_size': 166, 'parameters.learning_rate': 0.0005176624881835734, 'parameters.weight_decay': 0.0005309836659435477}. Best is trial 0 with value: 0.3809907807167186.
[I 2026-04-12 09:20:58,441] Trial 152 finished with value: 0.3809907807167186 and parameters: {'parameters.history_length': 129, 'parameters.num_layers': 3, 'parameters.units': 290, 'parameters.dropout': 0.2962108722631687, 'parameters.batch_size': 187, 'parameters.learning_rate': 0.0004211136674555893, 'parameters.weight_decay': 0.0003443835209867483}. Best is trial 0 with value: 0.3809907807167186.
[I 2026-04-12 09:21:32,870] Trial 153 finished with value: 0.3809907807167186 and parameters: {'parameters.history_length': 118, 'parameters.num_layers': 3, 'parameters.units': 244, 'parameters.dropout': 0.3974652073732462, 'parameters.batch_size': 315, 'parameters.learning_rate': 0.0006069094696794582, 'parameters.weight_decay': 0.0006322767440160578}. Best is trial 0 with value: 0.3809907807167186.
[I 2026-04-12 09:22:07,248] Trial 154 finished with value: 0.3809907807167186 and parameters: {'parameters.history_length': 123, 'parameters.num_layers': 3, 'parameters.units': 175, 'parameters.dropout': 0.1371294960105376, 'parameters.batch_size': 197, 'parameters.learning_rate': 0.0007330834401073071, 'parameters.weight_decay': 0.0011376358383012911}. Best is trial 0 with value: 0.3809907807167186.
[I 2026-04-12 09:22:41,762] Trial 155 finished with value: 0.3809907807167186 and parameters: {'parameters.history_length': 72, 'parameters.num_layers': 3, 'parameters.units': 86, 'parameters.dropout': 0.41234793055727864, 'parameters.batch_size': 181, 'parameters.learning_rate': 0.00136227727449467, 'parameters.weight_decay': 0.007190683037862655}. Best is trial 0 with value: 0.3809907807167186.
[I 2026-04-12 09:23:16,206] Trial 156 finished with value: 0.3809907807167186 and parameters: {'parameters.history_length': 101, 'parameters.num_layers': 3, 'parameters.units': 267, 'parameters.dropout': 0.3383539361731157, 'parameters.batch_size': 174, 'parameters.learning_rate': 0.0003849726038556496, 'parameters.weight_decay': 0.0007920513215783655}. Best is trial 0 with value: 0.3809907807167186.
[I 2026-04-12 09:23:50,640] Trial 157 finished with value: 0.3809907807167186 and parameters: {'parameters.history_length': 131, 'parameters.num_layers': 4, 'parameters.units': 307, 'parameters.dropout': 0.46782777388314384, 'parameters.batch_size': 211, 'parameters.learning_rate': 0.0015872084904863149, 'parameters.weight_decay': 0.0015434587406415237}. Best is trial 0 with value: 0.3809907807167186.
[I 2026-04-12 09:24:25,063] Trial 158 finished with value: 0.3809907807167186 and parameters: {'parameters.history_length': 125, 'parameters.num_layers': 2, 'parameters.units': 335, 'parameters.dropout': 0.4485952576151672, 'parameters.batch_size': 229, 'parameters.learning_rate': 0.00043846814087600115, 'parameters.weight_decay': 0.0027077776721907694}. Best is trial 0 with value: 0.3809907807167186.
[I 2026-04-12 09:24:59,566] Trial 159 finished with value: 0.3809907807167186 and parameters: {'parameters.history_length': 76, 'parameters.num_layers': 1, 'parameters.units': 124, 'parameters.dropout': 0.3585966961996582, 'parameters.batch_size': 155, 'parameters.learning_rate': 0.00047798987396108455, 'parameters.weight_decay': 0.0008639487492033932}. Best is trial 0 with value: 0.3809907807167186.
[I 2026-04-12 09:25:34,009] Trial 160 finished with value: 0.3809907807167186 and parameters: {'parameters.history_length': 134, 'parameters.num_layers': 3, 'parameters.units': 256, 'parameters.dropout': 0.4859587782241086, 'parameters.batch_size': 328, 'parameters.learning_rate': 0.0017402643178043022, 'parameters.weight_decay': 0.00020132562958676353}. Best is trial 0 with value: 0.3809907807167186.
[I 2026-04-12 09:26:08,411] Trial 161 finished with value: 0.3809907807167186 and parameters: {'parameters.history_length': 91, 'parameters.num_layers': 4, 'parameters.units': 201, 'parameters.dropout': 0.12825182872022942, 'parameters.batch_size': 366, 'parameters.learning_rate': 0.0002262866705221794, 'parameters.weight_decay': 0.00017614360781943934}. Best is trial 0 with value: 0.3809907807167186.
[I 2026-04-12 09:26:42,805] Trial 162 finished with value: 0.3809907807167186 and parameters: {'parameters.history_length': 67, 'parameters.num_layers': 4, 'parameters.units': 235, 'parameters.dropout': 0.10451385304791924, 'parameters.batch_size': 291, 'parameters.learning_rate': 0.0002111418926900083, 'parameters.weight_decay': 0.00013934977795906567}. Best is trial 0 with value: 0.3809907807167186.
[I 2026-04-12 09:27:17,237] Trial 163 finished with value: 0.3809907807167186 and parameters: {'parameters.history_length': 97, 'parameters.num_layers': 4, 'parameters.units': 163, 'parameters.dropout': 0.24958585354544383, 'parameters.batch_size': 280, 'parameters.learning_rate': 0.00020476362394466542, 'parameters.weight_decay': 0.00010935235308724406}. Best is trial 0 with value: 0.3809907807167186.
[I 2026-04-12 09:27:51,719] Trial 164 finished with value: 0.3809907807167186 and parameters: {'parameters.history_length': 95, 'parameters.num_layers': 4, 'parameters.units': 230, 'parameters.dropout': 0.11371747234030449, 'parameters.batch_size': 294, 'parameters.learning_rate': 0.0002504765353590736, 'parameters.weight_decay': 0.00022282723136820965}. Best is trial 0 with value: 0.3809907807167186.
[I 2026-04-12 09:28:26,167] Trial 165 finished with value: 0.3809907807167186 and parameters: {'parameters.history_length': 100, 'parameters.num_layers': 4, 'parameters.units': 187, 'parameters.dropout': 0.13587906432497524, 'parameters.batch_size': 286, 'parameters.learning_rate': 0.00032777899654079257, 'parameters.weight_decay': 0.0001524036410438679}. Best is trial 0 with value: 0.3809907807167186.
[I 2026-04-12 09:29:00,672] Trial 166 finished with value: 0.3809907807167186 and parameters: {'parameters.history_length': 139, 'parameters.num_layers': 4, 'parameters.units': 304, 'parameters.dropout': 0.18198553862901845, 'parameters.batch_size': 377, 'parameters.learning_rate': 0.00023440742319132644, 'parameters.weight_decay': 0.006418656206054363}. Best is trial 0 with value: 0.3809907807167186.
