[I 2026-04-12 08:17:16,261] Trial 41 finished with value: 0.3809907807167186 and parameters: {'parameters.history_length': 137, 'parameters.num_layers': 1, 'parameters.units': 306, 'parameters.dropout': 0.11380337601792123, 'parameters.batch_size': 142, 'parameters.learning_rate': 0.0019507480887394828, 'parameters.weight_decay': 0.0052638201109843396}. Best is trial 0 with value: 0.3809907807167186.Best trial: 0. Best value: 0.380991:  20%|██        | 41/200 [24:05<1:31:15, 34.44s/it]Best trial: 0. Best value: 0.380991:  20%|██        | 41/200 [24:05<1:31:15, 34.44s/it]Best trial: 0. Best value: 0.380991:  21%|██        | 42/200 [24:05<1:30:42, 34.44s/it]                                                                                       Best trial: 0. Best value: 0.380991:  21%|██        | 42/200 [24:39<1:30:42, 34.44s/it]Best trial: 0. Best value: 0.380991:  21%|██        | 42/200 [24:39<1:30:42, 34.44s/it]Best trial: 0. Best value: 0.380991:  22%|██▏       | 43/200 [24:39<1:30:03, 34.42s/it]                                                                                       Best trial: 0. Best value: 0.380991:  22%|██▏       | 43/200 [25:14<1:30:03, 34.42s/it]Best trial: 0. Best value: 0.380991:  22%|██▏       | 43/200 [25:14<1:30:03, 34.42s/it]Best trial: 0. Best value: 0.380991:  22%|██▏       | 44/200 [25:14<1:29:30, 34.43s/it]                                                                                       Best trial: 0. Best value: 0.380991:  22%|██▏       | 44/200 [25:48<1:29:30, 34.43s/it]Best trial: 0. Best value: 0.380991:  22%|██▏       | 44/200 [25:48<1:29:30, 34.43s/it]Best trial: 0. Best value: 0.380991:  22%|██▎       | 45/200 [25:48<1:28:59, 34.45s/it]                                                                                       Best trial: 0. Best value: 0.380991:  22%|██▎       | 45/200 [26:23<1:28:59, 34.45s/it]Best trial: 0. Best value: 0.380991:  22%|██▎       | 45/200 [26:23<1:28:59, 34.45s/it]Best trial: 0. Best value: 0.380991:  23%|██▎       | 46/200 [26:23<1:28:25, 34.45s/it]                                                                                       Best trial: 0. Best value: 0.380991:  23%|██▎       | 46/200 [26:57<1:28:25, 34.45s/it]Best trial: 0. Best value: 0.380991:  23%|██▎       | 46/200 [26:57<1:28:25, 34.45s/it]Best trial: 0. Best value: 0.380991:  24%|██▎       | 47/200 [26:57<1:27:50, 34.45s/it]                                                                                       Best trial: 0. Best value: 0.380991:  24%|██▎       | 47/200 [27:32<1:27:50, 34.45s/it]Best trial: 0. Best value: 0.380991:  24%|██▎       | 47/200 [27:32<1:27:50, 34.45s/it]Best trial: 0. Best value: 0.380991:  24%|██▍       | 48/200 [27:32<1:27:13, 34.43s/it]                                                                                       Best trial: 0. Best value: 0.380991:  24%|██▍       | 48/200 [28:06<1:27:13, 34.43s/it]Best trial: 0. Best value: 0.380991:  24%|██▍       | 48/200 [28:06<1:27:13, 34.43s/it]Best trial: 0. Best value: 0.380991:  24%|██▍       | 49/200 [28:06<1:26:42, 34.45s/it]                                                                                       Best trial: 0. Best value: 0.380991:  24%|██▍       | 49/200 [28:40<1:26:42, 34.45s/it]Best trial: 0. Best value: 0.380991:  24%|██▍       | 49/200 [28:40<1:26:42, 34.45s/it]Best trial: 0. Best value: 0.380991:  25%|██▌       | 50/200 [28:40<1:26:06, 34.44s/it]                                                                                       Best trial: 0. Best value: 0.380991:  25%|██▌       | 50/200 [29:15<1:26:06, 34.44s/it]Best trial: 0. Best value: 0.380991:  25%|██▌       | 50/200 [29:15<1:26:06, 34.44s/it]Best trial: 0. Best value: 0.380991:  26%|██▌       | 51/200 [29:15<1:25:33, 34.45s/it]                                                                                       Best trial: 0. Best value: 0.380991:  26%|██▌       | 51/200 [29:49<1:25:33, 34.45s/it]Best trial: 0. Best value: 0.380991:  26%|██▌       | 51/200 [29:49<1:25:33, 34.45s/it]Best trial: 0. Best value: 0.380991:  26%|██▌       | 52/200 [29:49<1:25:02, 34.47s/it]                                                                                       Best trial: 0. Best value: 0.380991:  26%|██▌       | 52/200 [30:24<1:25:02, 34.47s/it]Best trial: 0. Best value: 0.380991:  26%|██▌       | 52/200 [30:24<1:25:02, 34.47s/it]Best trial: 0. Best value: 0.380991:  26%|██▋       | 53/200 [30:24<1:24:25, 34.46s/it]                                                                                       Best trial: 0. Best value: 0.380991:  26%|██▋       | 53/200 [30:58<1:24:25, 34.46s/it]Best trial: 0. Best value: 0.380991:  26%|██▋       | 53/200 [30:58<1:24:25, 34.46s/it]Best trial: 0. Best value: 0.380991:  27%|██▋       | 54/200 [30:58<1:23:51, 34.47s/it]                                                                                       Best trial: 0. Best value: 0.380991:  27%|██▋       | 54/200 [31:33<1:23:51, 34.47s/it]Best trial: 0. Best value: 0.380991:  27%|██▋       | 54/200 [31:33<1:23:51, 34.47s/it]Best trial: 0. Best value: 0.380991:  28%|██▊       | 55/200 [31:33<1:23:15, 34.45s/it]                                                                                       Best trial: 0. Best value: 0.380991:  28%|██▊       | 55/200 [32:07<1:23:15, 34.45s/it]Best trial: 0. Best value: 0.380991:  28%|██▊       | 55/200 [32:07<1:23:15, 34.45s/it]Best trial: 0. Best value: 0.380991:  28%|██▊       | 56/200 [32:07<1:22:44, 34.47s/it]                                                                                       Best trial: 0. Best value: 0.380991:  28%|██▊       | 56/200 [32:42<1:22:44, 34.47s/it]Best trial: 0. Best value: 0.380991:  28%|██▊       | 56/200 [32:42<1:22:44, 34.47s/it]Best trial: 0. Best value: 0.380991:  28%|██▊       | 57/200 [32:42<1:22:06, 34.45s/it]                                                                                       Best trial: 0. Best value: 0.380991:  28%|██▊       | 57/200 [33:16<1:22:06, 34.45s/it]Best trial: 0. Best value: 0.380991:  28%|██▊       | 57/200 [33:16<1:22:06, 34.45s/it]Best trial: 0. Best value: 0.380991:  29%|██▉       | 58/200 [33:16<1:21:30, 34.44s/it]                                                                                       Best trial: 0. Best value: 0.380991:  29%|██▉       | 58/200 [33:51<1:21:30, 34.44s/it]Best trial: 0. Best value: 0.380991:  29%|██▉       | 58/200 [33:51<1:21:30, 34.44s/it]Best trial: 0. Best value: 0.380991:  30%|██▉       | 59/200 [33:51<1:20:56, 34.44s/it]                                                                                       Best trial: 0. Best value: 0.380991:  30%|██▉       | 59/200 [34:25<1:20:56, 34.44s/it]Best trial: 0. Best value: 0.380991:  30%|██▉       | 59/200 [34:25<1:20:56, 34.44s/it]Best trial: 0. Best value: 0.380991:  30%|███       | 60/200 [34:25<1:20:23, 34.45s/it]                                                                                       Best trial: 0. Best value: 0.380991:  30%|███       | 60/200 [35:00<1:20:23, 34.45s/it]Best trial: 0. Best value: 0.380991:  30%|███       | 60/200 [35:00<1:20:23, 34.45s/it]Best trial: 0. Best value: 0.380991:  30%|███       | 61/200 [35:00<1:19:48, 34.45s/it]                                                                                       Best trial: 0. Best value: 0.380991:  30%|███       | 61/200 [35:34<1:19:48, 34.45s/it]Best trial: 0. Best value: 0.380991:  30%|███       | 61/200 [35:34<1:19:48, 34.45s/it]Best trial: 0. Best value: 0.380991:  31%|███       | 62/200 [35:34<1:19:11, 34.43s/it]                                                                                       
[I 2026-04-12 08:17:50,610] Trial 42 finished with value: 0.3809907807167186 and parameters: {'parameters.history_length': 101, 'parameters.num_layers': 1, 'parameters.units': 264, 'parameters.dropout': 0.10086097752839936, 'parameters.batch_size': 156, 'parameters.learning_rate': 0.0016599618304959426, 'parameters.weight_decay': 0.0062809138006692045}. Best is trial 0 with value: 0.3809907807167186.
[I 2026-04-12 08:18:25,059] Trial 43 finished with value: 0.3809907807167186 and parameters: {'parameters.history_length': 137, 'parameters.num_layers': 1, 'parameters.units': 288, 'parameters.dropout': 0.13253003316459674, 'parameters.batch_size': 144, 'parameters.learning_rate': 0.0011264444025080632, 'parameters.weight_decay': 0.0011219248769313048}. Best is trial 0 with value: 0.3809907807167186.
[I 2026-04-12 08:18:59,565] Trial 44 finished with value: 0.3809907807167186 and parameters: {'parameters.history_length': 127, 'parameters.num_layers': 2, 'parameters.units': 304, 'parameters.dropout': 0.11112712854447264, 'parameters.batch_size': 174, 'parameters.learning_rate': 0.0017691411450346784, 'parameters.weight_decay': 0.0003448927082959153}. Best is trial 0 with value: 0.3809907807167186.
[I 2026-04-12 08:19:34,026] Trial 45 finished with value: 0.3809907807167186 and parameters: {'parameters.history_length': 152, 'parameters.num_layers': 3, 'parameters.units': 316, 'parameters.dropout': 0.19638798685248815, 'parameters.batch_size': 200, 'parameters.learning_rate': 0.0013953107165875066, 'parameters.weight_decay': 0.0002594372836984771}. Best is trial 0 with value: 0.3809907807167186.
[I 2026-04-12 08:20:08,454] Trial 46 finished with value: 0.3809907807167186 and parameters: {'parameters.history_length': 120, 'parameters.num_layers': 1, 'parameters.units': 203, 'parameters.dropout': 0.27470511763390887, 'parameters.batch_size': 294, 'parameters.learning_rate': 0.000320745055684123, 'parameters.weight_decay': 0.008455892276653101}. Best is trial 0 with value: 0.3809907807167186.
[I 2026-04-12 08:20:42,856] Trial 47 finished with value: 0.3809907807167186 and parameters: {'parameters.history_length': 103, 'parameters.num_layers': 3, 'parameters.units': 351, 'parameters.dropout': 0.39400256568764197, 'parameters.batch_size': 167, 'parameters.learning_rate': 0.00023823716616203045, 'parameters.weight_decay': 0.00013396547525280748}. Best is trial 0 with value: 0.3809907807167186.
[I 2026-04-12 08:21:17,352] Trial 48 finished with value: 0.3809907807167186 and parameters: {'parameters.history_length': 114, 'parameters.num_layers': 4, 'parameters.units': 274, 'parameters.dropout': 0.17864427287927367, 'parameters.batch_size': 275, 'parameters.learning_rate': 0.0011287828403235827, 'parameters.weight_decay': 0.00010137537825952201}. Best is trial 0 with value: 0.3809907807167186.
[I 2026-04-12 08:21:51,774] Trial 49 finished with value: 0.3809907807167186 and parameters: {'parameters.history_length': 132, 'parameters.num_layers': 2, 'parameters.units': 257, 'parameters.dropout': 0.23803878362327283, 'parameters.batch_size': 252, 'parameters.learning_rate': 0.00020983433826287298, 'parameters.weight_decay': 0.00048299397007082925}. Best is trial 0 with value: 0.3809907807167186.
[I 2026-04-12 08:22:26,254] Trial 50 finished with value: 0.3809907807167186 and parameters: {'parameters.history_length': 83, 'parameters.num_layers': 4, 'parameters.units': 237, 'parameters.dropout': 0.3303601264106754, 'parameters.batch_size': 146, 'parameters.learning_rate': 0.00026152353943765714, 'parameters.weight_decay': 0.00020419959154564663}. Best is trial 0 with value: 0.3809907807167186.
[I 2026-04-12 08:23:00,776] Trial 51 finished with value: 0.3809907807167186 and parameters: {'parameters.history_length': 140, 'parameters.num_layers': 2, 'parameters.units': 105, 'parameters.dropout': 0.3123018351002771, 'parameters.batch_size': 241, 'parameters.learning_rate': 0.00027619419476203143, 'parameters.weight_decay': 0.0006601066213400216}. Best is trial 0 with value: 0.3809907807167186.
[I 2026-04-12 08:23:35,202] Trial 52 finished with value: 0.3809907807167186 and parameters: {'parameters.history_length': 151, 'parameters.num_layers': 2, 'parameters.units': 97, 'parameters.dropout': 0.34976277268605177, 'parameters.batch_size': 222, 'parameters.learning_rate': 0.000225711437433023, 'parameters.weight_decay': 0.00015625794493429897}. Best is trial 0 with value: 0.3809907807167186.
[I 2026-04-12 08:24:09,680] Trial 53 finished with value: 0.3809907807167186 and parameters: {'parameters.history_length': 146, 'parameters.num_layers': 3, 'parameters.units': 85, 'parameters.dropout': 0.262713057144373, 'parameters.batch_size': 188, 'parameters.learning_rate': 0.0003448739146931159, 'parameters.weight_decay': 0.0010368916265259221}. Best is trial 0 with value: 0.3809907807167186.
[I 2026-04-12 08:24:44,107] Trial 54 finished with value: 0.3809907807167186 and parameters: {'parameters.history_length': 159, 'parameters.num_layers': 1, 'parameters.units': 131, 'parameters.dropout': 0.13657600281675567, 'parameters.batch_size': 218, 'parameters.learning_rate': 0.00030757051543288665, 'parameters.weight_decay': 0.0013766659394963778}. Best is trial 0 with value: 0.3809907807167186.
[I 2026-04-12 08:25:18,629] Trial 55 finished with value: 0.3809907807167186 and parameters: {'parameters.history_length': 156, 'parameters.num_layers': 2, 'parameters.units': 294, 'parameters.dropout': 0.41083187727572934, 'parameters.batch_size': 272, 'parameters.learning_rate': 0.0004091512172946412, 'parameters.weight_decay': 0.0029685567693811215}. Best is trial 0 with value: 0.3809907807167186.
[I 2026-04-12 08:25:53,032] Trial 56 finished with value: 0.3809907807167186 and parameters: {'parameters.history_length': 133, 'parameters.num_layers': 3, 'parameters.units': 225, 'parameters.dropout': 0.12247906361885239, 'parameters.batch_size': 289, 'parameters.learning_rate': 0.0008628637479922773, 'parameters.weight_decay': 0.00954593976521742}. Best is trial 0 with value: 0.3809907807167186.
[I 2026-04-12 08:26:27,453] Trial 57 finished with value: 0.3809907807167186 and parameters: {'parameters.history_length': 74, 'parameters.num_layers': 1, 'parameters.units': 273, 'parameters.dropout': 0.15512134047625506, 'parameters.batch_size': 383, 'parameters.learning_rate': 0.0002539765089578451, 'parameters.weight_decay': 0.0018496399639958223}. Best is trial 0 with value: 0.3809907807167186.
[I 2026-04-12 08:27:01,891] Trial 58 finished with value: 0.3809907807167186 and parameters: {'parameters.history_length': 141, 'parameters.num_layers': 2, 'parameters.units': 148, 'parameters.dropout': 0.28988799874890575, 'parameters.batch_size': 342, 'parameters.learning_rate': 0.0017332831867369254, 'parameters.weight_decay': 0.0005404283477297394}. Best is trial 0 with value: 0.3809907807167186.
[I 2026-04-12 08:27:36,374] Trial 59 finished with value: 0.3809907807167186 and parameters: {'parameters.history_length': 65, 'parameters.num_layers': 4, 'parameters.units': 178, 'parameters.dropout': 0.19951410368763148, 'parameters.batch_size': 301, 'parameters.learning_rate': 0.0004693475166177189, 'parameters.weight_decay': 0.00031891765516837636}. Best is trial 0 with value: 0.3809907807167186.
[I 2026-04-12 08:28:10,821] Trial 60 finished with value: 0.3809907807167186 and parameters: {'parameters.history_length': 91, 'parameters.num_layers': 3, 'parameters.units': 316, 'parameters.dropout': 0.2507189129778835, 'parameters.batch_size': 233, 'parameters.learning_rate': 0.00035579644536340514, 'parameters.weight_decay': 0.0007414496365923834}. Best is trial 0 with value: 0.3809907807167186.
[I 2026-04-12 08:28:45,192] Trial 61 finished with value: 0.3809907807167186 and parameters: {'parameters.history_length': 69, 'parameters.num_layers': 4, 'parameters.units': 153, 'parameters.dropout': 0.23483137221208317, 'parameters.batch_size': 208, 'parameters.learning_rate': 0.0006747351387586437, 'parameters.weight_decay': 0.0013240406137460872}. Best is trial 0 with value: 0.3809907807167186.
