[I 2026-04-12 12:19:59,369] Trial 93 finished with value: 0.5291221424081894 and parameters: {'parameters.history_length': 37, 'parameters.d_model': 90, 'parameters.nhead': 4, 'parameters.num_encoder_layers': 6, 'parameters.dim_feedforward': 256, 'parameters.dropout': 0.10581952406704188, 'parameters.batch_size': 196, 'parameters.learning_rate': 0.00016011157662997714, 'parameters.weight_decay': 0.002907739147472595}. Best is trial 0 with value: 0.5291221424081894.
[I 2026-04-12 12:20:56,126] Trial 94 finished with value: 0.5291221424081894 and parameters: {'parameters.history_length': 56, 'parameters.d_model': 73, 'parameters.nhead': 4, 'parameters.num_encoder_layers': 5, 'parameters.dim_feedforward': 549, 'parameters.dropout': 0.10275872704253146, 'parameters.batch_size': 237, 'parameters.learning_rate': 0.00014025873333423298, 'parameters.weight_decay': 2.1784371830010013e-05}. Best is trial 0 with value: 0.5291221424081894.
[I 2026-04-12 12:21:52,869] Trial 95 finished with value: 0.5291221424081894 and parameters: {'parameters.history_length': 74, 'parameters.d_model': 84, 'parameters.nhead': 16, 'parameters.num_encoder_layers': 4, 'parameters.dim_feedforward': 875, 'parameters.dropout': 0.08441429041013081, 'parameters.batch_size': 249, 'parameters.learning_rate': 0.00018319099900606566, 'parameters.weight_decay': 1.0947030562307978e-05}. Best is trial 0 with value: 0.5291221424081894.
[I 2026-04-12 12:22:49,614] Trial 96 finished with value: 0.5291221424081894 and parameters: {'parameters.history_length': 69, 'parameters.d_model': 243, 'parameters.nhead': 4, 'parameters.num_encoder_layers': 6, 'parameters.dim_feedforward': 640, 'parameters.dropout': 0.11394454397675866, 'parameters.batch_size': 206, 'parameters.learning_rate': 0.00012765357132356702, 'parameters.weight_decay': 0.001638423748752541}. Best is trial 0 with value: 0.5291221424081894.
[I 2026-04-12 12:23:46,389] Trial 97 finished with value: 0.5291221424081894 and parameters: {'parameters.history_length': 78, 'parameters.d_model': 70, 'parameters.nhead': 8, 'parameters.num_encoder_layers': 2, 'parameters.dim_feedforward': 310, 'parameters.dropout': 0.1207029069646905, 'parameters.batch_size': 128, 'parameters.learning_rate': 0.000420875244853818, 'parameters.weight_decay': 0.0005112509562277843}. Best is trial 0 with value: 0.5291221424081894.
[I 2026-04-12 12:24:43,115] Trial 98 finished with value: 0.5291221424081894 and parameters: {'parameters.history_length': 63, 'parameters.d_model': 219, 'parameters.nhead': 4, 'parameters.num_encoder_layers': 3, 'parameters.dim_feedforward': 599, 'parameters.dropout': 0.26932880364332157, 'parameters.batch_size': 184, 'parameters.learning_rate': 0.00030087842842262103, 'parameters.weight_decay': 3.059450204551815e-05}. Best is trial 0 with value: 0.5291221424081894.
[I 2026-04-12 12:25:39,853] Trial 99 finished with value: 0.5291221424081894 and parameters: {'parameters.history_length': 153, 'parameters.d_model': 187, 'parameters.nhead': 16, 'parameters.num_encoder_layers': 3, 'parameters.dim_feedforward': 1024, 'parameters.dropout': 0.06260619211776104, 'parameters.batch_size': 145, 'parameters.learning_rate': 0.0012223401071441002, 'parameters.weight_decay': 0.0006616276026144674}. Best is trial 0 with value: 0.5291221424081894.

Best trial: 0
Best validation loss: 0.529122
Best parameters:
  parameters.history_length: 80
  parameters.d_model: 247
  parameters.nhead: 4
  parameters.num_encoder_layers: 2
  parameters.dim_feedforward: 300
  parameters.dropout: 0.23604024417191158
  parameters.batch_size: 180
  parameters.learning_rate: 0.0011114989443094978
  parameters.weight_decay: 1.1527987128232396e-05

Results saved to outputs/temporal_experiment/models/transformer/bayes_opt
Best config saved to outputs/temporal_experiment/models/transformer/best_config.toml

[2/3] Training best model...
Final training failed for transformer

================================================================================
STEP 2: Summary Report
================================================================================

Experiment Summary:
  Total models: 2
  Successful: 0
  Failed: 2
  Failed models: mamba, transformer

Results saved to: outputs/temporal_experiment
Summary saved to: outputs/temporal_experiment/experiment_summary.json

================================================================================
COMPREHENSIVE TEMPORAL EXPERIMENT COMPLETE
================================================================================
