  0%|          | 0/200 [00:00<?, ?it/s]                                         0%|          | 0/200 [00:05<?, ?it/s]Best trial: 0. Best value: 0.388436:   0%|          | 0/200 [00:05<?, ?it/s]Best trial: 0. Best value: 0.388436:   0%|          | 1/200 [00:05<16:44,  5.05s/it]                                                                                    Best trial: 0. Best value: 0.388436:   0%|          | 1/200 [00:09<16:44,  5.05s/it]Best trial: 0. Best value: 0.388436:   0%|          | 1/200 [00:09<16:44,  5.05s/it]Best trial: 0. Best value: 0.388436:   1%|          | 2/200 [00:09<16:18,  4.94s/it]                                                                                    Best trial: 0. Best value: 0.388436:   1%|          | 2/200 [00:14<16:18,  4.94s/it]Best trial: 0. Best value: 0.388436:   1%|          | 2/200 [00:14<16:18,  4.94s/it]Best trial: 0. Best value: 0.388436:   2%|▏         | 3/200 [00:14<16:05,  4.90s/it]                                                                                    Best trial: 0. Best value: 0.388436:   2%|▏         | 3/200 [00:19<16:05,  4.90s/it]Best trial: 0. Best value: 0.388436:   2%|▏         | 3/200 [00:19<16:05,  4.90s/it]Best trial: 0. Best value: 0.388436:   2%|▏         | 4/200 [00:19<16:01,  4.90s/it]                                                                                    Best trial: 0. Best value: 0.388436:   2%|▏         | 4/200 [00:24<16:01,  4.90s/it]Best trial: 0. Best value: 0.388436:   2%|▏         | 4/200 [00:24<16:01,  4.90s/it]Best trial: 0. Best value: 0.388436:   2%|▎         | 5/200 [00:24<15:49,  4.87s/it]                                                                                    Best trial: 0. Best value: 0.388436:   2%|▎         | 5/200 [00:29<15:49,  4.87s/it]Best trial: 0. Best value: 0.388436:   2%|▎         | 5/200 [00:29<15:49,  4.87s/it]Best trial: 0. Best value: 0.388436:   3%|▎         | 6/200 [00:29<15:33,  4.81s/it]                                                                                    Best trial: 0. Best value: 0.388436:   3%|▎         | 6/200 [00:34<15:33,  4.81s/it]Best trial: 0. Best value: 0.388436:   3%|▎         | 6/200 [00:34<15:33,  4.81s/it]Best trial: 0. Best value: 0.388436:   4%|▎         | 7/200 [00:34<15:29,  4.82s/it]                                                                                    Best trial: 0. Best value: 0.388436:   4%|▎         | 7/200 [00:38<15:29,  4.82s/it]Best trial: 0. Best value: 0.388436:   4%|▎         | 7/200 [00:38<15:29,  4.82s/it]Best trial: 0. Best value: 0.388436:   4%|▍         | 8/200 [00:38<15:21,  4.80s/it]                                                                                    Best trial: 0. Best value: 0.388436:   4%|▍         | 8/200 [00:43<15:21,  4.80s/it]Best trial: 0. Best value: 0.388436:   4%|▍         | 8/200 [00:43<15:21,  4.80s/it]Best trial: 0. Best value: 0.388436:   4%|▍         | 9/200 [00:43<15:15,  4.79s/it]                                                                                    Best trial: 0. Best value: 0.388436:   4%|▍         | 9/200 [00:48<15:15,  4.79s/it]Best trial: 0. Best value: 0.388436:   4%|▍         | 9/200 [00:48<15:15,  4.79s/it]Best trial: 0. Best value: 0.388436:   5%|▌         | 10/200 [00:48<15:11,  4.80s/it]                                                                                     Best trial: 0. Best value: 0.388436:   5%|▌         | 10/200 [00:53<15:11,  4.80s/it]Best trial: 0. Best value: 0.388436:   5%|▌         | 10/200 [00:53<15:11,  4.80s/it]Best trial: 0. Best value: 0.388436:   6%|▌         | 11/200 [00:53<15:03,  4.78s/it]                                                                                     Best trial: 0. Best value: 0.388436:   6%|▌         | 11/200 [00:57<15:03,  4.78s/it]Best trial: 0. Best value: 0.388436:   6%|▌         | 11/200 [00:57<15:03,  4.78s/it]Best trial: 0. Best value: 0.388436:   6%|▌         | 12/200 [00:57<15:04,  4.81s/it]                                                                                     Best trial: 0. Best value: 0.388436:   6%|▌         | 12/200 [01:02<15:04,  4.81s/it]Best trial: 0. Best value: 0.388436:   6%|▌         | 12/200 [01:02<15:04,  4.81s/it]Best trial: 0. Best value: 0.388436:   6%|▋         | 13/200 [01:02<14:59,  4.81s/it]                                                                                     Best trial: 0. Best value: 0.388436:   6%|▋         | 13/200 [01:07<14:59,  4.81s/it]Best trial: 0. Best value: 0.388436:   6%|▋         | 13/200 [01:07<14:59,  4.81s/it]Best trial: 0. Best value: 0.388436:   7%|▋         | 14/200 [01:07<14:55,  4.82s/it]                                                                                     Best trial: 0. Best value: 0.388436:   7%|▋         | 14/200 [01:12<14:55,  4.82s/it]Best trial: 0. Best value: 0.388436:   7%|▋         | 14/200 [01:12<14:55,  4.82s/it]Best trial: 0. Best value: 0.388436:   8%|▊         | 15/200 [01:12<14:49,  4.81s/it]                                                                                     Best trial: 0. Best value: 0.388436:   8%|▊         | 15/200 [01:17<14:49,  4.81s/it]Best trial: 0. Best value: 0.388436:   8%|▊         | 15/200 [01:17<14:49,  4.81s/it]Best trial: 0. Best value: 0.388436:   8%|▊         | 16/200 [01:17<14:40,  4.78s/it]                                                                                     Best trial: 0. Best value: 0.388436:   8%|▊         | 16/200 [01:22<14:40,  4.78s/it]Best trial: 0. Best value: 0.388436:   8%|▊         | 16/200 [01:22<14:40,  4.78s/it]Best trial: 0. Best value: 0.388436:   8%|▊         | 17/200 [01:22<14:40,  4.81s/it]                                                                                     Best trial: 0. Best value: 0.388436:   8%|▊         | 17/200 [01:26<14:40,  4.81s/it]Best trial: 0. Best value: 0.388436:   8%|▊         | 17/200 [01:26<14:40,  4.81s/it]Best trial: 0. Best value: 0.388436:   9%|▉         | 18/200 [01:26<14:39,  4.83s/it]                                                                                     Best trial: 0. Best value: 0.388436:   9%|▉         | 18/200 [01:31<14:39,  4.83s/it]Best trial: 0. Best value: 0.388436:   9%|▉         | 18/200 [01:31<14:39,  4.83s/it]Best trial: 0. Best value: 0.388436:  10%|▉         | 19/200 [01:31<14:37,  4.85s/it]                                                                                     Best trial: 0. Best value: 0.388436:  10%|▉         | 19/200 [01:36<14:37,  4.85s/it]Best trial: 0. Best value: 0.388436:  10%|▉         | 19/200 [01:36<14:37,  4.85s/it]Best trial: 0. Best value: 0.388436:  10%|█         | 20/200 [01:36<14:30,  4.84s/it]                                                                                     Best trial: 0. Best value: 0.388436:  10%|█         | 20/200 [01:41<14:30,  4.84s/it]Best trial: 0. Best value: 0.388436:  10%|█         | 20/200 [01:41<14:30,  4.84s/it]Best trial: 0. Best value: 0.388436:  10%|█         | 21/200 [01:41<14:20,  4.81s/it]                                                                                     [I 2026-04-11 21:22:16,461] Trial 0 finished with value: 0.38843612003763883 and parameters: {'parameters.mid_layer_count': 3, 'parameters.mid_layer_size': 494, 'parameters.dropout': 0.2291006934476431, 'parameters.batch_size': 179, 'parameters.learning_rate': 0.0001700037298921101, 'parameters.weight_decay': 2.9375384576328295e-05}. Best is trial 0 with value: 0.38843612003763883.
[I 2026-04-11 21:22:21,326] Trial 1 finished with value: 0.38843612003763883 and parameters: {'parameters.mid_layer_count': 2, 'parameters.mid_layer_size': 461, 'parameters.dropout': 0.17451427303150016, 'parameters.batch_size': 200, 'parameters.learning_rate': 0.00010725209743172001, 'parameters.weight_decay': 0.008123245085588688}. Best is trial 0 with value: 0.38843612003763883.
[I 2026-04-11 21:22:26,178] Trial 2 finished with value: 0.38843612003763883 and parameters: {'parameters.mid_layer_count': 5, 'parameters.mid_layer_size': 209, 'parameters.dropout': 0.07297503494138606, 'parameters.batch_size': 99, 'parameters.learning_rate': 0.0002814509271606064, 'parameters.weight_decay': 0.00037520558551242813}. Best is trial 0 with value: 0.38843612003763883.
[I 2026-04-11 21:22:31,090] Trial 3 finished with value: 0.38843612003763883 and parameters: {'parameters.mid_layer_count': 3, 'parameters.mid_layer_size': 240, 'parameters.dropout': 0.1784547971885636, 'parameters.batch_size': 90, 'parameters.learning_rate': 0.00027010527749605503, 'parameters.weight_decay': 0.00012562773503807024}. Best is trial 0 with value: 0.38843612003763883.
[I 2026-04-11 21:22:35,891] Trial 4 finished with value: 0.38843612003763883 and parameters: {'parameters.mid_layer_count': 3, 'parameters.mid_layer_size': 430, 'parameters.dropout': 0.07573443637113825, 'parameters.batch_size': 163, 'parameters.learning_rate': 0.000750011895041699, 'parameters.weight_decay': 1.3783237455007187e-05}. Best is trial 0 with value: 0.38843612003763883.
[I 2026-04-11 21:22:40,597] Trial 5 finished with value: 0.38843612003763883 and parameters: {'parameters.mid_layer_count': 4, 'parameters.mid_layer_size': 193, 'parameters.dropout': 0.05724234892284364, 'parameters.batch_size': 247, 'parameters.learning_rate': 0.0026690431824362526, 'parameters.weight_decay': 0.002661901888489057}. Best is trial 0 with value: 0.38843612003763883.
[I 2026-04-11 21:22:45,426] Trial 6 finished with value: 0.38843612003763883 and parameters: {'parameters.mid_layer_count': 3, 'parameters.mid_layer_size': 165, 'parameters.dropout': 0.20744071436576766, 'parameters.batch_size': 148, 'parameters.learning_rate': 0.00015144860262751404, 'parameters.weight_decay': 0.0003058656666978527}. Best is trial 0 with value: 0.38843612003763883.
[I 2026-04-11 21:22:50,186] Trial 7 finished with value: 0.38843612003763883 and parameters: {'parameters.mid_layer_count': 2, 'parameters.mid_layer_size': 478, 'parameters.dropout': 0.08563900534863575, 'parameters.batch_size': 191, 'parameters.learning_rate': 0.00028869220380495745, 'parameters.weight_decay': 0.00036324869566766035}. Best is trial 0 with value: 0.38843612003763883.
[I 2026-04-11 21:22:54,961] Trial 8 finished with value: 0.38843612003763883 and parameters: {'parameters.mid_layer_count': 4, 'parameters.mid_layer_size': 199, 'parameters.dropout': 0.3754846376223556, 'parameters.batch_size': 213, 'parameters.learning_rate': 0.002442046084491142, 'parameters.weight_decay': 0.004835952776465951}. Best is trial 0 with value: 0.38843612003763883.
[I 2026-04-11 21:22:59,774] Trial 9 finished with value: 0.38843612003763883 and parameters: {'parameters.mid_layer_count': 4, 'parameters.mid_layer_size': 482, 'parameters.dropout': 0.06010169176554457, 'parameters.batch_size': 101, 'parameters.learning_rate': 0.00011662890273931399, 'parameters.weight_decay': 9.46217535646148e-05}. Best is trial 0 with value: 0.38843612003763883.
[I 2026-04-11 21:23:04,520] Trial 10 finished with value: 0.38843612003763883 and parameters: {'parameters.mid_layer_count': 5, 'parameters.mid_layer_size': 343, 'parameters.dropout': 0.3353621610385411, 'parameters.batch_size': 137, 'parameters.learning_rate': 0.000882040104222229, 'parameters.weight_decay': 1.3066991237906973e-05}. Best is trial 0 with value: 0.38843612003763883.
[I 2026-04-11 21:23:09,396] Trial 11 finished with value: 0.38843612003763883 and parameters: {'parameters.mid_layer_count': 2, 'parameters.mid_layer_size': 387, 'parameters.dropout': 0.12943811657811746, 'parameters.batch_size': 206, 'parameters.learning_rate': 0.0001030459435816021, 'parameters.weight_decay': 0.0017465561885775275}. Best is trial 0 with value: 0.38843612003763883.
[I 2026-04-11 21:23:14,206] Trial 12 finished with value: 0.38843612003763883 and parameters: {'parameters.mid_layer_count': 2, 'parameters.mid_layer_size': 511, 'parameters.dropout': 0.23632474991038332, 'parameters.batch_size': 244, 'parameters.learning_rate': 0.00018711281076585077, 'parameters.weight_decay': 0.009871884000666352}. Best is trial 0 with value: 0.38843612003763883.
[I 2026-04-11 21:23:19,034] Trial 13 finished with value: 0.38843612003763883 and parameters: {'parameters.mid_layer_count': 2, 'parameters.mid_layer_size': 416, 'parameters.dropout': 0.125503829560735, 'parameters.batch_size': 176, 'parameters.learning_rate': 0.0004924185908787295, 'parameters.weight_decay': 2.912715862065568e-05}. Best is trial 0 with value: 0.38843612003763883.
[I 2026-04-11 21:23:23,830] Trial 14 finished with value: 0.38843612003763883 and parameters: {'parameters.mid_layer_count': 3, 'parameters.mid_layer_size': 290, 'parameters.dropout': 0.2598945408078813, 'parameters.batch_size': 127, 'parameters.learning_rate': 0.000189238037635378, 'parameters.weight_decay': 0.001077610635379037}. Best is trial 0 with value: 0.38843612003763883.
[I 2026-04-11 21:23:28,556] Trial 15 finished with value: 0.38843612003763883 and parameters: {'parameters.mid_layer_count': 2, 'parameters.mid_layer_size': 448, 'parameters.dropout': 0.15948334252308335, 'parameters.batch_size': 218, 'parameters.learning_rate': 0.0004898577459393725, 'parameters.weight_decay': 4.698088329030802e-05}. Best is trial 0 with value: 0.38843612003763883.
[I 2026-04-11 21:23:33,438] Trial 16 finished with value: 0.38843612003763883 and parameters: {'parameters.mid_layer_count': 3, 'parameters.mid_layer_size': 352, 'parameters.dropout': 0.10461293263500909, 'parameters.batch_size': 181, 'parameters.learning_rate': 0.001422796536465539, 'parameters.weight_decay': 0.0008828968259855263}. Best is trial 0 with value: 0.38843612003763883.
[I 2026-04-11 21:23:38,309] Trial 17 finished with value: 0.38843612003763883 and parameters: {'parameters.mid_layer_count': 2, 'parameters.mid_layer_size': 509, 'parameters.dropout': 0.27537865903594416, 'parameters.batch_size': 229, 'parameters.learning_rate': 0.00016269955763154167, 'parameters.weight_decay': 7.306811411969755e-05}. Best is trial 0 with value: 0.38843612003763883.
[I 2026-04-11 21:23:43,197] Trial 18 finished with value: 0.38843612003763883 and parameters: {'parameters.mid_layer_count': 3, 'parameters.mid_layer_size': 292, 'parameters.dropout': 0.19198720445151646, 'parameters.batch_size': 191, 'parameters.learning_rate': 0.00010193544727966024, 'parameters.weight_decay': 0.00018547695270324256}. Best is trial 0 with value: 0.38843612003763883.
[I 2026-04-11 21:23:48,007] Trial 19 finished with value: 0.38843612003763883 and parameters: {'parameters.mid_layer_count': 4, 'parameters.mid_layer_size': 401, 'parameters.dropout': 0.14906609667864693, 'parameters.batch_size': 119, 'parameters.learning_rate': 0.00037829904949668113, 'parameters.weight_decay': 3.18833605800249e-05}. Best is trial 0 with value: 0.38843612003763883.
[I 2026-04-11 21:23:52,739] Trial 20 finished with value: 0.38843612003763883 and parameters: {'parameters.mid_layer_count': 2, 'parameters.mid_layer_size': 464, 'parameters.dropout': 0.30779390654264605, 'parameters.batch_size': 164, 'parameters.learning_rate': 0.00022409668726532981, 'parameters.weight_decay': 0.007406255152089567}. Best is trial 0 with value: 0.38843612003763883.
