[I 2026-04-11 20:21:46,551] Trial 94 finished with value: 0.34193117700588643 and parameters: {'parameters.max_depth': 12, 'parameters.learning_rate': 0.008832330871115316, 'parameters.subsample': 0.9614613910249744, 'parameters.colsample_bytree': 0.8107119285638144, 'parameters.reg_alpha': 0.10708862692353081, 'parameters.reg_lambda': 3.4186237237776527, 'parameters.min_child_samples': 32}. Best is trial 0 with value: 0.3419311770058864.Best trial: 0. Best value: 0.341931:  47%|████▋     | 94/200 [05:02<05:35,  3.17s/it]Best trial: 0. Best value: 0.341931:  47%|████▋     | 94/200 [05:02<05:35,  3.17s/it]Best trial: 0. Best value: 0.341931:  48%|████▊     | 95/200 [05:02<05:33,  3.17s/it]                                                                                     Best trial: 0. Best value: 0.341931:  48%|████▊     | 95/200 [05:06<05:33,  3.17s/it]Best trial: 0. Best value: 0.341931:  48%|████▊     | 95/200 [05:06<05:33,  3.17s/it]Best trial: 0. Best value: 0.341931:  48%|████▊     | 96/200 [05:06<05:30,  3.18s/it]                                                                                     Best trial: 0. Best value: 0.341931:  48%|████▊     | 96/200 [05:09<05:30,  3.18s/it]Best trial: 0. Best value: 0.341931:  48%|████▊     | 96/200 [05:09<05:30,  3.18s/it]Best trial: 0. Best value: 0.341931:  48%|████▊     | 97/200 [05:09<05:28,  3.19s/it]                                                                                     Best trial: 0. Best value: 0.341931:  48%|████▊     | 97/200 [05:12<05:28,  3.19s/it]Best trial: 97. Best value: 0.341931:  48%|████▊     | 97/200 [05:12<05:28,  3.19s/it]Best trial: 97. Best value: 0.341931:  49%|████▉     | 98/200 [05:12<05:24,  3.18s/it]                                                                                      Best trial: 97. Best value: 0.341931:  49%|████▉     | 98/200 [05:15<05:24,  3.18s/it]Best trial: 97. Best value: 0.341931:  49%|████▉     | 98/200 [05:15<05:24,  3.18s/it]Best trial: 97. Best value: 0.341931:  50%|████▉     | 99/200 [05:15<05:23,  3.20s/it]                                                                                      Best trial: 97. Best value: 0.341931:  50%|████▉     | 99/200 [05:18<05:23,  3.20s/it]Best trial: 97. Best value: 0.341931:  50%|████▉     | 99/200 [05:18<05:23,  3.20s/it]Best trial: 97. Best value: 0.341931:  50%|█████     | 100/200 [05:18<05:21,  3.21s/it]                                                                                       Best trial: 97. Best value: 0.341931:  50%|█████     | 100/200 [05:22<05:21,  3.21s/it]Best trial: 97. Best value: 0.341931:  50%|█████     | 100/200 [05:22<05:21,  3.21s/it]Best trial: 97. Best value: 0.341931:  50%|█████     | 101/200 [05:22<05:16,  3.20s/it]                                                                                       Best trial: 97. Best value: 0.341931:  50%|█████     | 101/200 [05:25<05:16,  3.20s/it]Best trial: 97. Best value: 0.341931:  50%|█████     | 101/200 [05:25<05:16,  3.20s/it]Best trial: 97. Best value: 0.341931:  51%|█████     | 102/200 [05:25<05:12,  3.19s/it]                                                                                       Best trial: 97. Best value: 0.341931:  51%|█████     | 102/200 [05:28<05:12,  3.19s/it]Best trial: 97. Best value: 0.341931:  51%|█████     | 102/200 [05:28<05:12,  3.19s/it]Best trial: 97. Best value: 0.341931:  52%|█████▏    | 103/200 [05:28<05:07,  3.17s/it]                                                                                       Best trial: 97. Best value: 0.341931:  52%|█████▏    | 103/200 [05:31<05:07,  3.17s/it]Best trial: 97. Best value: 0.341931:  52%|█████▏    | 103/200 [05:31<05:07,  3.17s/it]Best trial: 97. Best value: 0.341931:  52%|█████▏    | 104/200 [05:31<05:04,  3.18s/it]                                                                                       Best trial: 97. Best value: 0.341931:  52%|█████▏    | 104/200 [05:34<05:04,  3.18s/it]Best trial: 97. Best value: 0.341931:  52%|█████▏    | 104/200 [05:34<05:04,  3.18s/it]Best trial: 97. Best value: 0.341931:  52%|█████▎    | 105/200 [05:34<05:01,  3.18s/it]                                                                                       Best trial: 97. Best value: 0.341931:  52%|█████▎    | 105/200 [05:37<05:01,  3.18s/it]Best trial: 97. Best value: 0.341931:  52%|█████▎    | 105/200 [05:37<05:01,  3.18s/it]Best trial: 97. Best value: 0.341931:  53%|█████▎    | 106/200 [05:37<04:58,  3.17s/it]                                                                                       Best trial: 97. Best value: 0.341931:  53%|█████▎    | 106/200 [05:41<04:58,  3.17s/it]Best trial: 97. Best value: 0.341931:  53%|█████▎    | 106/200 [05:41<04:58,  3.17s/it]Best trial: 97. Best value: 0.341931:  54%|█████▎    | 107/200 [05:41<04:58,  3.20s/it]                                                                                       Best trial: 97. Best value: 0.341931:  54%|█████▎    | 107/200 [05:44<04:58,  3.20s/it]Best trial: 97. Best value: 0.341931:  54%|█████▎    | 107/200 [05:44<04:58,  3.20s/it]Best trial: 97. Best value: 0.341931:  54%|█████▍    | 108/200 [05:44<04:55,  3.21s/it]                                                                                       Best trial: 97. Best value: 0.341931:  54%|█████▍    | 108/200 [05:47<04:55,  3.21s/it]Best trial: 97. Best value: 0.341931:  54%|█████▍    | 108/200 [05:47<04:55,  3.21s/it]Best trial: 97. Best value: 0.341931:  55%|█████▍    | 109/200 [05:47<04:52,  3.21s/it]                                                                                       Best trial: 97. Best value: 0.341931:  55%|█████▍    | 109/200 [05:50<04:52,  3.21s/it]Best trial: 97. Best value: 0.341931:  55%|█████▍    | 109/200 [05:50<04:52,  3.21s/it]Best trial: 97. Best value: 0.341931:  55%|█████▌    | 110/200 [05:50<04:49,  3.21s/it]                                                                                       Best trial: 97. Best value: 0.341931:  55%|█████▌    | 110/200 [05:54<04:49,  3.21s/it]Best trial: 97. Best value: 0.341931:  55%|█████▌    | 110/200 [05:54<04:49,  3.21s/it]Best trial: 97. Best value: 0.341931:  56%|█████▌    | 111/200 [05:54<04:44,  3.20s/it]                                                                                       Best trial: 97. Best value: 0.341931:  56%|█████▌    | 111/200 [05:57<04:44,  3.20s/it]Best trial: 97. Best value: 0.341931:  56%|█████▌    | 111/200 [05:57<04:44,  3.20s/it]Best trial: 97. Best value: 0.341931:  56%|█████▌    | 112/200 [05:57<04:41,  3.19s/it]                                                                                       Best trial: 97. Best value: 0.341931:  56%|█████▌    | 112/200 [06:00<04:41,  3.19s/it]Best trial: 97. Best value: 0.341931:  56%|█████▌    | 112/200 [06:00<04:41,  3.19s/it]Best trial: 97. Best value: 0.341931:  56%|█████▋    | 113/200 [06:00<04:37,  3.19s/it]                                                                                       
[I 2026-04-11 20:21:49,736] Trial 95 finished with value: 0.3419311770058864 and parameters: {'parameters.max_depth': 15, 'parameters.learning_rate': 0.006168990031545955, 'parameters.subsample': 0.9376623101437757, 'parameters.colsample_bytree': 0.8687624699624923, 'parameters.reg_alpha': 0.04344826962383537, 'parameters.reg_lambda': 3.5927687727697206, 'parameters.min_child_samples': 42}. Best is trial 0 with value: 0.3419311770058864.
[I 2026-04-11 20:21:52,960] Trial 96 finished with value: 0.3419311770058864 and parameters: {'parameters.max_depth': 19, 'parameters.learning_rate': 0.006800413211747138, 'parameters.subsample': 0.8713209845467283, 'parameters.colsample_bytree': 0.8184644891132704, 'parameters.reg_alpha': 1.9651854456818192, 'parameters.reg_lambda': 2.2946585013001326, 'parameters.min_child_samples': 37}. Best is trial 0 with value: 0.3419311770058864.
[I 2026-04-11 20:21:56,112] Trial 97 finished with value: 0.3419311770058863 and parameters: {'parameters.max_depth': 4, 'parameters.learning_rate': 0.004912593947341458, 'parameters.subsample': 0.8450993828758774, 'parameters.colsample_bytree': 0.6563055640147927, 'parameters.reg_alpha': 0.16730600603569723, 'parameters.reg_lambda': 1.262383440552691, 'parameters.min_child_samples': 13}. Best is trial 97 with value: 0.3419311770058863.
[I 2026-04-11 20:21:59,370] Trial 98 finished with value: 0.34193117700588643 and parameters: {'parameters.max_depth': 6, 'parameters.learning_rate': 0.004841364830950039, 'parameters.subsample': 0.8443177931384794, 'parameters.colsample_bytree': 0.6550605984828624, 'parameters.reg_alpha': 0.18935356107585033, 'parameters.reg_lambda': 1.2605298993443992, 'parameters.min_child_samples': 13}. Best is trial 97 with value: 0.3419311770058863.
[I 2026-04-11 20:22:02,602] Trial 99 finished with value: 0.34193117700588643 and parameters: {'parameters.max_depth': 4, 'parameters.learning_rate': 0.0044547962398945136, 'parameters.subsample': 0.7885035493825253, 'parameters.colsample_bytree': 0.6326482925819045, 'parameters.reg_alpha': 0.22950697691436192, 'parameters.reg_lambda': 1.166465961999097, 'parameters.min_child_samples': 17}. Best is trial 97 with value: 0.3419311770058863.
[I 2026-04-11 20:22:05,767] Trial 100 finished with value: 0.3419311770058864 and parameters: {'parameters.max_depth': 4, 'parameters.learning_rate': 0.0035070999689011573, 'parameters.subsample': 0.8307652985365006, 'parameters.colsample_bytree': 0.6525491758509468, 'parameters.reg_alpha': 0.445522574186968, 'parameters.reg_lambda': 1.5633980695882743, 'parameters.min_child_samples': 15}. Best is trial 97 with value: 0.3419311770058863.
[I 2026-04-11 20:22:08,947] Trial 101 finished with value: 0.3419311770058864 and parameters: {'parameters.max_depth': 21, 'parameters.learning_rate': 0.0041823560819370525, 'parameters.subsample': 0.6261697031824828, 'parameters.colsample_bytree': 0.6113195219738476, 'parameters.reg_alpha': 0.08721517279618243, 'parameters.reg_lambda': 3.098606705815708, 'parameters.min_child_samples': 12}. Best is trial 97 with value: 0.3419311770058863.
[I 2026-04-11 20:22:12,052] Trial 102 finished with value: 0.3419311770058864 and parameters: {'parameters.max_depth': 5, 'parameters.learning_rate': 0.005376907437256828, 'parameters.subsample': 0.9250143096508724, 'parameters.colsample_bytree': 0.7333090335575625, 'parameters.reg_alpha': 0.1456528110239965, 'parameters.reg_lambda': 0.9445167088153794, 'parameters.min_child_samples': 20}. Best is trial 97 with value: 0.3419311770058863.
[I 2026-04-11 20:22:15,253] Trial 103 finished with value: 0.3419311770058864 and parameters: {'parameters.max_depth': 14, 'parameters.learning_rate': 0.0038681183488994087, 'parameters.subsample': 0.8627685056913134, 'parameters.colsample_bytree': 0.6815969398451864, 'parameters.reg_alpha': 0.019011977006499002, 'parameters.reg_lambda': 3.2573975558196713, 'parameters.min_child_samples': 96}. Best is trial 97 with value: 0.3419311770058863.
[I 2026-04-11 20:22:18,436] Trial 104 finished with value: 0.3419311770058864 and parameters: {'parameters.max_depth': 8, 'parameters.learning_rate': 0.0044911950673428985, 'parameters.subsample': 0.8966477968420307, 'parameters.colsample_bytree': 0.8405473228714021, 'parameters.reg_alpha': 0.27586808011891095, 'parameters.reg_lambda': 1.413138651867695, 'parameters.min_child_samples': 47}. Best is trial 97 with value: 0.3419311770058863.
[I 2026-04-11 20:22:21,591] Trial 105 finished with value: 0.34193117700588643 and parameters: {'parameters.max_depth': 16, 'parameters.learning_rate': 0.0029859897846548802, 'parameters.subsample': 0.9068794474770842, 'parameters.colsample_bytree': 0.6413617188937616, 'parameters.reg_alpha': 0.12496857790982485, 'parameters.reg_lambda': 0.6599770094536914, 'parameters.min_child_samples': 68}. Best is trial 97 with value: 0.3419311770058863.
[I 2026-04-11 20:22:24,873] Trial 106 finished with value: 0.34193117700588643 and parameters: {'parameters.max_depth': 7, 'parameters.learning_rate': 0.006386684249529169, 'parameters.subsample': 0.8167732003988348, 'parameters.colsample_bytree': 0.6938635588122086, 'parameters.reg_alpha': 0.15598462374107397, 'parameters.reg_lambda': 1.2821702962151302, 'parameters.min_child_samples': 21}. Best is trial 97 with value: 0.3419311770058863.
[I 2026-04-11 20:22:28,101] Trial 107 finished with value: 0.3419311770058864 and parameters: {'parameters.max_depth': 28, 'parameters.learning_rate': 0.007731469164283295, 'parameters.subsample': 0.6369993124367354, 'parameters.colsample_bytree': 0.7960169419689943, 'parameters.reg_alpha': 0.002539713913744788, 'parameters.reg_lambda': 3.8811118944553447, 'parameters.min_child_samples': 25}. Best is trial 97 with value: 0.3419311770058863.
[I 2026-04-11 20:22:31,316] Trial 108 finished with value: 0.34193117700588643 and parameters: {'parameters.max_depth': 29, 'parameters.learning_rate': 0.008249258922082895, 'parameters.subsample': 0.8445857920960668, 'parameters.colsample_bytree': 0.7681013138981293, 'parameters.reg_alpha': 1.3527647389597504, 'parameters.reg_lambda': 2.007737982623098, 'parameters.min_child_samples': 100}. Best is trial 97 with value: 0.3419311770058863.
[I 2026-04-11 20:22:34,525] Trial 109 finished with value: 0.3419311770058864 and parameters: {'parameters.max_depth': 30, 'parameters.learning_rate': 0.010940599722625326, 'parameters.subsample': 0.8924288265775303, 'parameters.colsample_bytree': 0.629764693235575, 'parameters.reg_alpha': 0.6923940972037778, 'parameters.reg_lambda': 0.6135843603731347, 'parameters.min_child_samples': 17}. Best is trial 97 with value: 0.3419311770058863.
[I 2026-04-11 20:22:37,689] Trial 110 finished with value: 0.3419311770058864 and parameters: {'parameters.max_depth': 11, 'parameters.learning_rate': 0.004909943357785333, 'parameters.subsample': 0.8763740258089697, 'parameters.colsample_bytree': 0.710070706719454, 'parameters.reg_alpha': 0.5483804178315514, 'parameters.reg_lambda': 0.5511812444592498, 'parameters.min_child_samples': 54}. Best is trial 97 with value: 0.3419311770058863.
[I 2026-04-11 20:22:40,878] Trial 111 finished with value: 0.34193117700588643 and parameters: {'parameters.max_depth': 23, 'parameters.learning_rate': 0.01669271080380673, 'parameters.subsample': 0.824602762851793, 'parameters.colsample_bytree': 0.9177667923702132, 'parameters.reg_alpha': 0.003648968448172071, 'parameters.reg_lambda': 1.0498278067018219, 'parameters.min_child_samples': 59}. Best is trial 97 with value: 0.3419311770058863.
[I 2026-04-11 20:22:44,052] Trial 112 finished with value: 0.3419311770058864 and parameters: {'parameters.max_depth': 27, 'parameters.learning_rate': 0.012971571434171358, 'parameters.subsample': 0.8037018175906223, 'parameters.colsample_bytree': 0.9436185957781168, 'parameters.reg_alpha': 0.005482889320225004, 'parameters.reg_lambda': 1.1355257711302933, 'parameters.min_child_samples': 57}. Best is trial 97 with value: 0.3419311770058863.
