[I 2026-04-12 10:09:13,611] Trial 90 finished with value: 0.3666548976144547 and parameters: {'parameters.history_length': 47, 'parameters.d_model': 224, 'parameters.n_layers': 4, 'parameters.d_state': 25, 'parameters.d_conv': 6, 'parameters.expand': 4, 'parameters.dropout': 0.1465596300262812, 'parameters.batch_size': 236, 'parameters.learning_rate': 0.00040028739613588563, 'parameters.weight_decay': 0.00017415892417428093}. Best is trial 0 with value: 0.3666548976144547.
[I 2026-04-12 10:09:27,058] Trial 91 finished with value: 0.3666548976144547 and parameters: {'parameters.history_length': 62, 'parameters.d_model': 375, 'parameters.n_layers': 9, 'parameters.d_state': 38, 'parameters.d_conv': 7, 'parameters.expand': 3, 'parameters.dropout': 0.18849911113279916, 'parameters.batch_size': 246, 'parameters.learning_rate': 0.0004366312983374016, 'parameters.weight_decay': 0.0001573378690812723}. Best is trial 0 with value: 0.3666548976144547.
[I 2026-04-12 10:09:40,539] Trial 92 finished with value: 0.3666548976144547 and parameters: {'parameters.history_length': 57, 'parameters.d_model': 363, 'parameters.n_layers': 10, 'parameters.d_state': 35, 'parameters.d_conv': 8, 'parameters.expand': 3, 'parameters.dropout': 0.10237395591054288, 'parameters.batch_size': 269, 'parameters.learning_rate': 0.0005001996302571239, 'parameters.weight_decay': 0.00011129879498841286}. Best is trial 0 with value: 0.3666548976144547.
[I 2026-04-12 10:09:53,961] Trial 93 finished with value: 0.3666548976144547 and parameters: {'parameters.history_length': 173, 'parameters.d_model': 393, 'parameters.n_layers': 10, 'parameters.d_state': 56, 'parameters.d_conv': 7, 'parameters.expand': 3, 'parameters.dropout': 0.23316505182813307, 'parameters.batch_size': 255, 'parameters.learning_rate': 0.00045736696405744364, 'parameters.weight_decay': 0.00013370203636988554}. Best is trial 0 with value: 0.3666548976144547.
[I 2026-04-12 10:10:07,463] Trial 94 finished with value: 0.3666548976144547 and parameters: {'parameters.history_length': 108, 'parameters.d_model': 422, 'parameters.n_layers': 12, 'parameters.d_state': 40, 'parameters.d_conv': 6, 'parameters.expand': 3, 'parameters.dropout': 0.2764737423279194, 'parameters.batch_size': 368, 'parameters.learning_rate': 0.0008668492265252767, 'parameters.weight_decay': 0.00022805205182610143}. Best is trial 0 with value: 0.3666548976144547.
[I 2026-04-12 10:10:20,950] Trial 95 finished with value: 0.3666548976144547 and parameters: {'parameters.history_length': 47, 'parameters.d_model': 399, 'parameters.n_layers': 7, 'parameters.d_state': 32, 'parameters.d_conv': 7, 'parameters.expand': 2, 'parameters.dropout': 0.11949300142191302, 'parameters.batch_size': 304, 'parameters.learning_rate': 0.0004288059714328916, 'parameters.weight_decay': 0.0008014122891837059}. Best is trial 0 with value: 0.3666548976144547.
[I 2026-04-12 10:10:34,488] Trial 96 finished with value: 0.3666548976144547 and parameters: {'parameters.history_length': 67, 'parameters.d_model': 385, 'parameters.n_layers': 11, 'parameters.d_state': 51, 'parameters.d_conv': 8, 'parameters.expand': 4, 'parameters.dropout': 0.17631383461092145, 'parameters.batch_size': 340, 'parameters.learning_rate': 0.0007397928059142295, 'parameters.weight_decay': 0.0009950607444295988}. Best is trial 0 with value: 0.3666548976144547.
[I 2026-04-12 10:10:48,023] Trial 97 finished with value: 0.3666548976144547 and parameters: {'parameters.history_length': 35, 'parameters.d_model': 284, 'parameters.n_layers': 9, 'parameters.d_state': 37, 'parameters.d_conv': 5, 'parameters.expand': 3, 'parameters.dropout': 0.2080136435172785, 'parameters.batch_size': 357, 'parameters.learning_rate': 0.0010440905266520663, 'parameters.weight_decay': 0.0002611689747420586}. Best is trial 0 with value: 0.3666548976144547.
[I 2026-04-12 10:11:01,531] Trial 98 finished with value: 0.3666548976144547 and parameters: {'parameters.history_length': 100, 'parameters.d_model': 340, 'parameters.n_layers': 2, 'parameters.d_state': 63, 'parameters.d_conv': 2, 'parameters.expand': 2, 'parameters.dropout': 0.4241709884539604, 'parameters.batch_size': 163, 'parameters.learning_rate': 0.0004179904425971471, 'parameters.weight_decay': 0.00048024828191400295}. Best is trial 0 with value: 0.3666548976144547.
[I 2026-04-12 10:11:15,001] Trial 99 finished with value: 0.3666548976144547 and parameters: {'parameters.history_length': 192, 'parameters.d_model': 448, 'parameters.n_layers': 10, 'parameters.d_state': 27, 'parameters.d_conv': 3, 'parameters.expand': 4, 'parameters.dropout': 0.12952866715117184, 'parameters.batch_size': 275, 'parameters.learning_rate': 0.0004643823562954442, 'parameters.weight_decay': 0.0006517677019381252}. Best is trial 0 with value: 0.3666548976144547.
[I 2026-04-12 10:11:28,585] Trial 100 finished with value: 0.3666548976144547 and parameters: {'parameters.history_length': 52, 'parameters.d_model': 501, 'parameters.n_layers': 12, 'parameters.d_state': 46, 'parameters.d_conv': 5, 'parameters.expand': 2, 'parameters.dropout': 0.2533971885026881, 'parameters.batch_size': 139, 'parameters.learning_rate': 0.0017132031245802092, 'parameters.weight_decay': 0.00031922937165007674}. Best is trial 0 with value: 0.3666548976144547.
[I 2026-04-12 10:11:42,292] Trial 101 finished with value: 0.3666548976144547 and parameters: {'parameters.history_length': 92, 'parameters.d_model': 464, 'parameters.n_layers': 9, 'parameters.d_state': 42, 'parameters.d_conv': 2, 'parameters.expand': 2, 'parameters.dropout': 0.15744139239344246, 'parameters.batch_size': 382, 'parameters.learning_rate': 0.0019361711812748812, 'parameters.weight_decay': 0.00291390330959729}. Best is trial 0 with value: 0.3666548976144547.
[I 2026-04-12 10:11:55,900] Trial 102 finished with value: 0.3666548976144547 and parameters: {'parameters.history_length': 86, 'parameters.d_model': 134, 'parameters.n_layers': 8, 'parameters.d_state': 44, 'parameters.d_conv': 2, 'parameters.expand': 3, 'parameters.dropout': 0.4024048098667841, 'parameters.batch_size': 265, 'parameters.learning_rate': 0.0018336930654013564, 'parameters.weight_decay': 0.00014554733427672264}. Best is trial 0 with value: 0.3666548976144547.
[I 2026-04-12 10:12:09,587] Trial 103 finished with value: 0.3666548976144547 and parameters: {'parameters.history_length': 94, 'parameters.d_model': 489, 'parameters.n_layers': 11, 'parameters.d_state': 39, 'parameters.d_conv': 4, 'parameters.expand': 3, 'parameters.dropout': 0.11078836056583485, 'parameters.batch_size': 314, 'parameters.learning_rate': 0.0009212246553759082, 'parameters.weight_decay': 0.005250040697362507}. Best is trial 0 with value: 0.3666548976144547.
[I 2026-04-12 10:12:23,181] Trial 104 finished with value: 0.3666548976144547 and parameters: {'parameters.history_length': 82, 'parameters.d_model': 484, 'parameters.n_layers': 10, 'parameters.d_state': 58, 'parameters.d_conv': 3, 'parameters.expand': 2, 'parameters.dropout': 0.48667918261567006, 'parameters.batch_size': 358, 'parameters.learning_rate': 0.001096265592188175, 'parameters.weight_decay': 0.00020182283968287062}. Best is trial 0 with value: 0.3666548976144547.
[I 2026-04-12 10:12:36,771] Trial 105 finished with value: 0.3666548976144547 and parameters: {'parameters.history_length': 76, 'parameters.d_model': 434, 'parameters.n_layers': 3, 'parameters.d_state': 61, 'parameters.d_conv': 2, 'parameters.expand': 2, 'parameters.dropout': 0.4601406370707006, 'parameters.batch_size': 258, 'parameters.learning_rate': 0.000486285368100273, 'parameters.weight_decay': 0.0016559489871607032}. Best is trial 0 with value: 0.3666548976144547.
[I 2026-04-12 10:12:50,322] Trial 106 finished with value: 0.3666548976144547 and parameters: {'parameters.history_length': 40, 'parameters.d_model': 474, 'parameters.n_layers': 8, 'parameters.d_state': 48, 'parameters.d_conv': 3, 'parameters.expand': 3, 'parameters.dropout': 0.20091189560467165, 'parameters.batch_size': 174, 'parameters.learning_rate': 0.001472292983377567, 'parameters.weight_decay': 0.007429494834019634}. Best is trial 0 with value: 0.3666548976144547.
[I 2026-04-12 10:13:03,907] Trial 107 finished with value: 0.3666548976144547 and parameters: {'parameters.history_length': 168, 'parameters.d_model': 502, 'parameters.n_layers': 2, 'parameters.d_state': 10, 'parameters.d_conv': 6, 'parameters.expand': 2, 'parameters.dropout': 0.3007855404427281, 'parameters.batch_size': 224, 'parameters.learning_rate': 0.0011706898190986374, 'parameters.weight_decay': 0.0011485936814128559}. Best is trial 0 with value: 0.3666548976144547.Best trial: 0. Best value: 0.366655:  54%|█████▎    | 107/200 [24:27<21:03, 13.59s/it]Best trial: 0. Best value: 0.366655:  54%|█████▎    | 107/200 [24:27<21:03, 13.59s/it]Best trial: 0. Best value: 0.366655:  54%|█████▍    | 108/200 [24:27<20:50, 13.59s/it]                                                                                      Best trial: 0. Best value: 0.366655:  54%|█████▍    | 108/200 [24:41<20:50, 13.59s/it]Best trial: 0. Best value: 0.366655:  54%|█████▍    | 108/200 [24:41<20:50, 13.59s/it]Best trial: 0. Best value: 0.366655:  55%|█████▍    | 109/200 [24:41<20:32, 13.55s/it]                                                                                      Best trial: 0. Best value: 0.366655:  55%|█████▍    | 109/200 [24:54<20:32, 13.55s/it]Best trial: 0. Best value: 0.366655:  55%|█████▍    | 109/200 [24:54<20:32, 13.55s/it]Best trial: 0. Best value: 0.366655:  55%|█████▌    | 110/200 [24:54<20:19, 13.55s/it]                                                                                      Best trial: 0. Best value: 0.366655:  55%|█████▌    | 110/200 [25:08<20:19, 13.55s/it]Best trial: 0. Best value: 0.366655:  55%|█████▌    | 110/200 [25:08<20:19, 13.55s/it]Best trial: 0. Best value: 0.366655:  56%|█████▌    | 111/200 [25:08<20:04, 13.53s/it]                                                                                      Best trial: 0. Best value: 0.366655:  56%|█████▌    | 111/200 [25:21<20:04, 13.53s/it]Best trial: 0. Best value: 0.366655:  56%|█████▌    | 111/200 [25:21<20:04, 13.53s/it]Best trial: 0. Best value: 0.366655:  56%|█████▌    | 112/200 [25:21<19:49, 13.52s/it]                                                                                      Best trial: 0. Best value: 0.366655:  56%|█████▌    | 112/200 [25:35<19:49, 13.52s/it]Best trial: 0. Best value: 0.366655:  56%|█████▌    | 112/200 [25:35<19:49, 13.52s/it]Best trial: 0. Best value: 0.366655:  56%|█████▋    | 113/200 [25:35<19:38, 13.54s/it]                                                                                      Best trial: 0. Best value: 0.366655:  56%|█████▋    | 113/200 [25:49<19:38, 13.54s/it]Best trial: 0. Best value: 0.366655:  56%|█████▋    | 113/200 [25:49<19:38, 13.54s/it]Best trial: 0. Best value: 0.366655:  57%|█████▋    | 114/200 [25:49<19:25, 13.56s/it]                                                                                      Best trial: 0. Best value: 0.366655:  57%|█████▋    | 114/200 [26:02<19:25, 13.56s/it]Best trial: 0. Best value: 0.366655:  57%|█████▋    | 114/200 [26:02<19:25, 13.56s/it]Best trial: 0. Best value: 0.366655:  57%|█████▊    | 115/200 [26:02<19:13, 13.57s/it]                                                                                      Best trial: 0. Best value: 0.366655:  57%|█████▊    | 115/200 [26:16<19:13, 13.57s/it]Best trial: 0. Best value: 0.366655:  57%|█████▊    | 115/200 [26:16<19:13, 13.57s/it]Best trial: 0. Best value: 0.366655:  58%|█████▊    | 116/200 [26:16<18:58, 13.55s/it]                                                                                      Best trial: 0. Best value: 0.366655:  58%|█████▊    | 116/200 [26:29<18:58, 13.55s/it]Best trial: 0. Best value: 0.366655:  58%|█████▊    | 116/200 [26:29<18:58, 13.55s/it]Best trial: 0. Best value: 0.366655:  58%|█████▊    | 117/200 [26:29<18:44, 13.55s/it]                                                                                      Best trial: 0. Best value: 0.366655:  58%|█████▊    | 117/200 [26:43<18:44, 13.55s/it]Best trial: 0. Best value: 0.366655:  58%|█████▊    | 117/200 [26:43<18:44, 13.55s/it]Best trial: 0. Best value: 0.366655:  59%|█████▉    | 118/200 [26:43<18:33, 13.57s/it]                                                                                      Best trial: 0. Best value: 0.366655:  59%|█████▉    | 118/200 [26:56<18:33, 13.57s/it]Best trial: 0. Best value: 0.366655:  59%|█████▉    | 118/200 [26:56<18:33, 13.57s/it]Best trial: 0. Best value: 0.366655:  60%|█████▉    | 119/200 [26:56<18:19, 13.57s/it]                                                                                      Best trial: 0. Best value: 0.366655:  60%|█████▉    | 119/200 [27:10<18:19, 13.57s/it]Best trial: 0. Best value: 0.366655:  60%|█████▉    | 119/200 [27:10<18:19, 13.57s/it]Best trial: 0. Best value: 0.366655:  60%|██████    | 120/200 [27:10<18:04, 13.55s/it]