[I 2026-04-11 20:51:22,543] Trial 56 finished with value: 0.3258046106584057 and parameters: {'parameters.max_depth': 30, 'parameters.learning_rate': 0.0027916883135277962, 'parameters.subsample': 0.8975194961868573, 'parameters.colsample_bytree': 0.639884423534458, 'parameters.gamma': 0.001502747380947493, 'parameters.reg_lambda': 2.1571593699806946, 'parameters.min_child_weight': 2}. Best is trial 0 with value: 0.3258046106584057.Best trial: 0. Best value: 0.325805:  28%|██▊       | 56/200 [03:00<07:40,  3.20s/it]Best trial: 0. Best value: 0.325805:  28%|██▊       | 56/200 [03:00<07:40,  3.20s/it]Best trial: 0. Best value: 0.325805:  28%|██▊       | 57/200 [03:00<07:34,  3.18s/it]                                                                                     Best trial: 0. Best value: 0.325805:  28%|██▊       | 57/200 [03:03<07:34,  3.18s/it]Best trial: 0. Best value: 0.325805:  28%|██▊       | 57/200 [03:03<07:34,  3.18s/it]Best trial: 0. Best value: 0.325805:  29%|██▉       | 58/200 [03:03<07:28,  3.16s/it]                                                                                     Best trial: 0. Best value: 0.325805:  29%|██▉       | 58/200 [03:07<07:28,  3.16s/it]Best trial: 0. Best value: 0.325805:  29%|██▉       | 58/200 [03:07<07:28,  3.16s/it]Best trial: 0. Best value: 0.325805:  30%|██▉       | 59/200 [03:07<07:27,  3.17s/it]                                                                                     Best trial: 0. Best value: 0.325805:  30%|██▉       | 59/200 [03:10<07:27,  3.17s/it]Best trial: 0. Best value: 0.325805:  30%|██▉       | 59/200 [03:10<07:27,  3.17s/it]Best trial: 0. Best value: 0.325805:  30%|███       | 60/200 [03:10<07:23,  3.17s/it]                                                                                     Best trial: 0. Best value: 0.325805:  30%|███       | 60/200 [03:13<07:23,  3.17s/it]Best trial: 0. Best value: 0.325805:  30%|███       | 60/200 [03:13<07:23,  3.17s/it]Best trial: 0. Best value: 0.325805:  30%|███       | 61/200 [03:13<07:19,  3.16s/it]                                                                                     Best trial: 0. Best value: 0.325805:  30%|███       | 61/200 [03:16<07:19,  3.16s/it]Best trial: 0. Best value: 0.325805:  30%|███       | 61/200 [03:16<07:19,  3.16s/it]Best trial: 0. Best value: 0.325805:  31%|███       | 62/200 [03:16<07:17,  3.17s/it]                                                                                     Best trial: 0. Best value: 0.325805:  31%|███       | 62/200 [03:19<07:17,  3.17s/it]Best trial: 0. Best value: 0.325805:  31%|███       | 62/200 [03:19<07:17,  3.17s/it]Best trial: 0. Best value: 0.325805:  32%|███▏      | 63/200 [03:19<07:12,  3.16s/it]                                                                                     Best trial: 0. Best value: 0.325805:  32%|███▏      | 63/200 [03:22<07:12,  3.16s/it]Best trial: 0. Best value: 0.325805:  32%|███▏      | 63/200 [03:22<07:12,  3.16s/it]Best trial: 0. Best value: 0.325805:  32%|███▏      | 64/200 [03:22<07:07,  3.14s/it]                                                                                     Best trial: 0. Best value: 0.325805:  32%|███▏      | 64/200 [03:26<07:07,  3.14s/it]Best trial: 0. Best value: 0.325805:  32%|███▏      | 64/200 [03:26<07:07,  3.14s/it]Best trial: 0. Best value: 0.325805:  32%|███▎      | 65/200 [03:26<07:04,  3.14s/it]                                                                                     Best trial: 0. Best value: 0.325805:  32%|███▎      | 65/200 [03:29<07:04,  3.14s/it]Best trial: 0. Best value: 0.325805:  32%|███▎      | 65/200 [03:29<07:04,  3.14s/it]Best trial: 0. Best value: 0.325805:  33%|███▎      | 66/200 [03:29<07:02,  3.15s/it]                                                                                     Best trial: 0. Best value: 0.325805:  33%|███▎      | 66/200 [03:32<07:02,  3.15s/it]Best trial: 0. Best value: 0.325805:  33%|███▎      | 66/200 [03:32<07:02,  3.15s/it]Best trial: 0. Best value: 0.325805:  34%|███▎      | 67/200 [03:32<06:58,  3.15s/it]                                                                                     Best trial: 0. Best value: 0.325805:  34%|███▎      | 67/200 [03:35<06:58,  3.15s/it]Best trial: 0. Best value: 0.325805:  34%|███▎      | 67/200 [03:35<06:58,  3.15s/it]Best trial: 0. Best value: 0.325805:  34%|███▍      | 68/200 [03:35<06:57,  3.16s/it]                                                                                     Best trial: 0. Best value: 0.325805:  34%|███▍      | 68/200 [03:38<06:57,  3.16s/it]Best trial: 0. Best value: 0.325805:  34%|███▍      | 68/200 [03:38<06:57,  3.16s/it]Best trial: 0. Best value: 0.325805:  34%|███▍      | 69/200 [03:38<06:55,  3.17s/it]                                                                                     Best trial: 0. Best value: 0.325805:  34%|███▍      | 69/200 [03:41<06:55,  3.17s/it]Best trial: 0. Best value: 0.325805:  34%|███▍      | 69/200 [03:41<06:55,  3.17s/it]Best trial: 0. Best value: 0.325805:  35%|███▌      | 70/200 [03:41<06:53,  3.18s/it]                                                                                     Best trial: 0. Best value: 0.325805:  35%|███▌      | 70/200 [03:45<06:53,  3.18s/it]Best trial: 0. Best value: 0.325805:  35%|███▌      | 70/200 [03:45<06:53,  3.18s/it]Best trial: 0. Best value: 0.325805:  36%|███▌      | 71/200 [03:45<06:50,  3.18s/it]                                                                                     Best trial: 0. Best value: 0.325805:  36%|███▌      | 71/200 [03:48<06:50,  3.18s/it]Best trial: 0. Best value: 0.325805:  36%|███▌      | 71/200 [03:48<06:50,  3.18s/it]Best trial: 0. Best value: 0.325805:  36%|███▌      | 72/200 [03:48<06:45,  3.17s/it]                                                                                     Best trial: 0. Best value: 0.325805:  36%|███▌      | 72/200 [03:51<06:45,  3.17s/it]Best trial: 0. Best value: 0.325805:  36%|███▌      | 72/200 [03:51<06:45,  3.17s/it]Best trial: 0. Best value: 0.325805:  36%|███▋      | 73/200 [03:51<06:45,  3.19s/it]                                                                                     Best trial: 0. Best value: 0.325805:  36%|███▋      | 73/200 [03:54<06:45,  3.19s/it]Best trial: 0. Best value: 0.325805:  36%|███▋      | 73/200 [03:54<06:45,  3.19s/it]Best trial: 0. Best value: 0.325805:  37%|███▋      | 74/200 [03:54<06:38,  3.16s/it]                                                                                     Best trial: 0. Best value: 0.325805:  37%|███▋      | 74/200 [03:57<06:38,  3.16s/it]Best trial: 0. Best value: 0.325805:  37%|███▋      | 74/200 [03:57<06:38,  3.16s/it]Best trial: 0. Best value: 0.325805:  38%|███▊      | 75/200 [03:57<06:32,  3.14s/it]                                                                                     
[I 2026-04-11 20:51:25,673] Trial 57 finished with value: 0.3258046106584057 and parameters: {'parameters.max_depth': 16, 'parameters.learning_rate': 0.0032712479341730576, 'parameters.subsample': 0.8370341929323168, 'parameters.colsample_bytree': 0.6897142817792405, 'parameters.gamma': 0.036737921073321, 'parameters.reg_lambda': 0.6349412723946133, 'parameters.min_child_weight': 7}. Best is trial 0 with value: 0.3258046106584057.
[I 2026-04-11 20:51:28,863] Trial 58 finished with value: 0.3258046106584057 and parameters: {'parameters.max_depth': 12, 'parameters.learning_rate': 0.011916502530477827, 'parameters.subsample': 0.8718668087987219, 'parameters.colsample_bytree': 0.8411244630009498, 'parameters.gamma': 0.014056814358312918, 'parameters.reg_lambda': 4.333207966842311, 'parameters.min_child_weight': 3}. Best is trial 0 with value: 0.3258046106584057.
[I 2026-04-11 20:51:32,032] Trial 59 finished with value: 0.3258046106584057 and parameters: {'parameters.max_depth': 29, 'parameters.learning_rate': 0.009851477682499481, 'parameters.subsample': 0.676244040193894, 'parameters.colsample_bytree': 0.7470695122524601, 'parameters.gamma': 0.027163376734625776, 'parameters.reg_lambda': 1.1733687915442979, 'parameters.min_child_weight': 1}. Best is trial 0 with value: 0.3258046106584057.
[I 2026-04-11 20:51:35,173] Trial 60 finished with value: 0.3258046106584057 and parameters: {'parameters.max_depth': 9, 'parameters.learning_rate': 0.008180615677153244, 'parameters.subsample': 0.9347512063772119, 'parameters.colsample_bytree': 0.8032500512930485, 'parameters.gamma': 0.09959185075025562, 'parameters.reg_lambda': 0.889491113408513, 'parameters.min_child_weight': 8}. Best is trial 0 with value: 0.3258046106584057.
[I 2026-04-11 20:51:38,369] Trial 61 finished with value: 0.3258046106584057 and parameters: {'parameters.max_depth': 5, 'parameters.learning_rate': 0.028774097296994178, 'parameters.subsample': 0.6917696205441946, 'parameters.colsample_bytree': 0.7867322348419368, 'parameters.gamma': 0.01055144400879309, 'parameters.reg_lambda': 1.6868378468966096, 'parameters.min_child_weight': 6}. Best is trial 0 with value: 0.3258046106584057.
[I 2026-04-11 20:51:41,487] Trial 62 finished with value: 0.3258046106584057 and parameters: {'parameters.max_depth': 5, 'parameters.learning_rate': 0.022432602944287193, 'parameters.subsample': 0.6512810617420611, 'parameters.colsample_bytree': 0.7176931407529393, 'parameters.gamma': 0.02197683010876257, 'parameters.reg_lambda': 3.232133714412294, 'parameters.min_child_weight': 5}. Best is trial 0 with value: 0.3258046106584057.
[I 2026-04-11 20:51:44,595] Trial 63 finished with value: 0.3258046106584057 and parameters: {'parameters.max_depth': 6, 'parameters.learning_rate': 0.017840735691824094, 'parameters.subsample': 0.7158932006138842, 'parameters.colsample_bytree': 0.8322754989830544, 'parameters.gamma': 0.05320440612510748, 'parameters.reg_lambda': 3.7076208844320306, 'parameters.min_child_weight': 6}. Best is trial 0 with value: 0.3258046106584057.
[I 2026-04-11 20:51:47,741] Trial 64 finished with value: 0.3258046106584057 and parameters: {'parameters.max_depth': 7, 'parameters.learning_rate': 0.019570120441466644, 'parameters.subsample': 0.7927076290763451, 'parameters.colsample_bytree': 0.8662450091727596, 'parameters.gamma': 0.006428826686128698, 'parameters.reg_lambda': 2.4956789929569085, 'parameters.min_child_weight': 7}. Best is trial 0 with value: 0.3258046106584057.
[I 2026-04-11 20:51:50,907] Trial 65 finished with value: 0.3258046106584057 and parameters: {'parameters.max_depth': 9, 'parameters.learning_rate': 0.00602715656403574, 'parameters.subsample': 0.767771089329374, 'parameters.colsample_bytree': 0.8098659262134353, 'parameters.gamma': 0.0034953668178010744, 'parameters.reg_lambda': 1.3094229848938088, 'parameters.min_child_weight': 5}. Best is trial 0 with value: 0.3258046106584057.
[I 2026-04-11 20:51:54,042] Trial 66 finished with value: 0.3258046106584057 and parameters: {'parameters.max_depth': 4, 'parameters.learning_rate': 0.024095851224614308, 'parameters.subsample': 0.748191207411281, 'parameters.colsample_bytree': 0.9005436251576917, 'parameters.gamma': 0.00491678089089634, 'parameters.reg_lambda': 0.9739773850811246, 'parameters.min_child_weight': 6}. Best is trial 0 with value: 0.3258046106584057.
[I 2026-04-11 20:51:57,239] Trial 67 finished with value: 0.3258046106584057 and parameters: {'parameters.max_depth': 18, 'parameters.learning_rate': 0.003880378863520766, 'parameters.subsample': 0.8103003014023391, 'parameters.colsample_bytree': 0.7810044825112713, 'parameters.gamma': 0.009356691878886245, 'parameters.reg_lambda': 4.775284308767392, 'parameters.min_child_weight': 9}. Best is trial 0 with value: 0.3258046106584057.
[I 2026-04-11 20:52:00,441] Trial 68 finished with value: 0.3258046106584057 and parameters: {'parameters.max_depth': 10, 'parameters.learning_rate': 0.004946011233220089, 'parameters.subsample': 0.6597025891004393, 'parameters.colsample_bytree': 0.7553634907193344, 'parameters.gamma': 0.0020038218692056617, 'parameters.reg_lambda': 0.7611909234258072, 'parameters.min_child_weight': 4}. Best is trial 0 with value: 0.3258046106584057.
[I 2026-04-11 20:52:03,629] Trial 69 finished with value: 0.3258046106584057 and parameters: {'parameters.max_depth': 21, 'parameters.learning_rate': 0.01559632038006242, 'parameters.subsample': 0.7044957476189492, 'parameters.colsample_bytree': 0.6119379549288421, 'parameters.gamma': 0.013761092237081532, 'parameters.reg_lambda': 0.6994722058507056, 'parameters.min_child_weight': 7}. Best is trial 0 with value: 0.3258046106584057.
[I 2026-04-11 20:52:06,826] Trial 70 finished with value: 0.3258046106584057 and parameters: {'parameters.max_depth': 15, 'parameters.learning_rate': 0.0044048104759712575, 'parameters.subsample': 0.8442546890918611, 'parameters.colsample_bytree': 0.7673420652728423, 'parameters.gamma': 1.0013856731237263, 'parameters.reg_lambda': 0.5730217197946393, 'parameters.min_child_weight': 8}. Best is trial 0 with value: 0.3258046106584057.
[I 2026-04-11 20:52:09,968] Trial 71 finished with value: 0.3258046106584057 and parameters: {'parameters.max_depth': 7, 'parameters.learning_rate': 0.026964199996897115, 'parameters.subsample': 0.8828263463618733, 'parameters.colsample_bytree': 0.9514340513869832, 'parameters.gamma': 1.414497819938344, 'parameters.reg_lambda': 1.6121241089500415, 'parameters.min_child_weight': 10}. Best is trial 0 with value: 0.3258046106584057.
[I 2026-04-11 20:52:13,209] Trial 72 finished with value: 0.3258046106584057 and parameters: {'parameters.max_depth': 11, 'parameters.learning_rate': 0.029255348644022877, 'parameters.subsample': 0.9090451852142831, 'parameters.colsample_bytree': 0.9146850014352631, 'parameters.gamma': 0.8340550500092072, 'parameters.reg_lambda': 1.7779731825394034, 'parameters.min_child_weight': 10}. Best is trial 0 with value: 0.3258046106584057.
[I 2026-04-11 20:52:16,291] Trial 73 finished with value: 0.3258046106584057 and parameters: {'parameters.max_depth': 8, 'parameters.learning_rate': 0.022379325227641706, 'parameters.subsample': 0.8582128932358949, 'parameters.colsample_bytree': 0.9989295206905333, 'parameters.gamma': 1.1350488650119415, 'parameters.reg_lambda': 2.0183281467215632, 'parameters.min_child_weight': 10}. Best is trial 0 with value: 0.3258046106584057.
[I 2026-04-11 20:52:19,373] Trial 74 finished with value: 0.3258046106584057 and parameters: {'parameters.max_depth': 11, 'parameters.learning_rate': 0.007402511257951853, 'parameters.subsample': 0.6028001988569271, 'parameters.colsample_bytree': 0.9834339456219563, 'parameters.gamma': 0.5470276910588762, 'parameters.reg_lambda': 2.3019781600443223, 'parameters.min_child_weight': 6}. Best is trial 0 with value: 0.3258046106584057.
[I 2026-04-11 20:52:22,473] Trial 75 finished with value: 0.3258046106584057 and parameters: {'parameters.max_depth': 26, 'parameters.learning_rate': 0.002016143017333629, 'parameters.subsample': 0.6200405434535586, 'parameters.colsample_bytree': 0.8182203879109925, 'parameters.gamma': 1.6909863209264662, 'parameters.reg_lambda': 1.4550396951020783, 'parameters.min_child_weight': 9}. Best is trial 0 with value: 0.3258046106584057.Best trial: 0. Best value: 0.325805:  38%|███▊      | 75/200 [04:00<06:32,  3.14s/it]Best trial: 0. Best value: 0.325805:  38%|███▊      | 75/200 [04:00<06:32,  3.14s/it]Best trial: 0. Best value: 0.325805:  38%|███▊      | 76/200 [04:00<06:27,  3.13s/it]                                                                                     Best trial: 0. Best value: 0.325805:  38%|███▊      | 76/200 [04:03<06:27,  3.13s/it]Best trial: 0. Best value: 0.325805:  38%|███▊      | 76/200 [04:03<06:27,  3.13s/it]Best trial: 0. Best value: 0.325805:  38%|███▊      | 77/200 [04:03<06:24,  3.12s/it]                                                                                     Best trial: 0. Best value: 0.325805:  38%|███▊      | 77/200 [04:07<06:24,  3.12s/it]Best trial: 0. Best value: 0.325805:  38%|███▊      | 77/200 [04:07<06:24,  3.12s/it]Best trial: 0. Best value: 0.325805:  39%|███▉      | 78/200 [04:07<06:25,  3.16s/it]                                                                                     Best trial: 0. Best value: 0.325805:  39%|███▉      | 78/200 [04:10<06:25,  3.16s/it]Best trial: 0. Best value: 0.325805:  39%|███▉      | 78/200 [04:10<06:25,  3.16s/it]Best trial: 0. Best value: 0.325805:  40%|███▉      | 79/200 [04:10<06:24,  3.18s/it]                                                                                     Best trial: 0. Best value: 0.325805:  40%|███▉      | 79/200 [04:13<06:24,  3.18s/it]Best trial: 0. Best value: 0.325805:  40%|███▉      | 79/200 [04:13<06:24,  3.18s/it]Best trial: 0. Best value: 0.325805:  40%|████      | 80/200 [04:13<06:20,  3.17s/it]                                                                                     Best trial: 0. Best value: 0.325805:  40%|████      | 80/200 [04:16<06:20,  3.17s/it]Best trial: 0. Best value: 0.325805:  40%|████      | 80/200 [04:16<06:20,  3.17s/it]Best trial: 0. Best value: 0.325805:  40%|████      | 81/200 [04:16<06:15,  3.16s/it]                                                                                     Best trial: 0. Best value: 0.325805:  40%|████      | 81/200 [04:19<06:15,  3.16s/it]Best trial: 0. Best value: 0.325805:  40%|████      | 81/200 [04:19<06:15,  3.16s/it]Best trial: 0. Best value: 0.325805:  41%|████      | 82/200 [04:19<06:10,  3.14s/it]                                                                                     Best trial: 0. Best value: 0.325805:  41%|████      | 82/200 [04:22<06:10,  3.14s/it]Best trial: 0. Best value: 0.325805:  41%|████      | 82/200 [04:22<06:10,  3.14s/it]Best trial: 0. Best value: 0.325805:  42%|████▏     | 83/200 [04:22<06:05,  3.13s/it]                                                                                     Best trial: 0. Best value: 0.325805:  42%|████▏     | 83/200 [04:25<06:05,  3.13s/it]Best trial: 0. Best value: 0.325805:  42%|████▏     | 83/200 [04:25<06:05,  3.13s/it]Best trial: 0. Best value: 0.325805:  42%|████▏     | 84/200 [04:25<06:02,  3.12s/it]                                                                                     Best trial: 0. Best value: 0.325805:  42%|████▏     | 84/200 [04:29<06:02,  3.12s/it]Best trial: 0. Best value: 0.325805:  42%|████▏     | 84/200 [04:29<06:02,  3.12s/it]Best trial: 0. Best value: 0.325805:  42%|████▎     | 85/200 [04:29<06:00,  3.14s/it]                                                                                     Best trial: 0. Best value: 0.325805:  42%|████▎     | 85/200 [04:32<06:00,  3.14s/it]Best trial: 0. Best value: 0.325805:  42%|████▎     | 85/200 [04:32<06:00,  3.14s/it]Best trial: 0. Best value: 0.325805:  43%|████▎     | 86/200 [04:32<05:58,  3.15s/it]                                                                                     Best trial: 0. Best value: 0.325805:  43%|████▎     | 86/200 [04:35<05:58,  3.15s/it]Best trial: 0. Best value: 0.325805:  43%|████▎     | 86/200 [04:35<05:58,  3.15s/it]Best trial: 0. Best value: 0.325805:  44%|████▎     | 87/200 [04:35<05:56,  3.16s/it]                                                                                     Best trial: 0. Best value: 0.325805:  44%|████▎     | 87/200 [04:38<05:56,  3.16s/it]Best trial: 0. Best value: 0.325805:  44%|████▎     | 87/200 [04:38<05:56,  3.16s/it]Best trial: 0. Best value: 0.325805:  44%|████▍     | 88/200 [04:38<05:54,  3.17s/it]                                                                                     Best trial: 0. Best value: 0.325805:  44%|████▍     | 88/200 [04:41<05:54,  3.17s/it]Best trial: 0. Best value: 0.325805:  44%|████▍     | 88/200 [04:41<05:54,  3.17s/it]Best trial: 0. Best value: 0.325805:  44%|████▍     | 89/200 [04:41<05:50,  3.16s/it]                                                                                     Best trial: 0. Best value: 0.325805:  44%|████▍     | 89/200 [04:44<05:50,  3.16s/it]Best trial: 0. Best value: 0.325805:  44%|████▍     | 89/200 [04:44<05:50,  3.16s/it]Best trial: 0. Best value: 0.325805:  45%|████▌     | 90/200 [04:44<05:47,  3.16s/it]                                                                                     Best trial: 0. Best value: 0.325805:  45%|████▌     | 90/200 [04:48<05:47,  3.16s/it]Best trial: 0. Best value: 0.325805:  45%|████▌     | 90/200 [04:48<05:47,  3.16s/it]Best trial: 0. Best value: 0.325805:  46%|████▌     | 91/200 [04:48<05:43,  3.15s/it]                                                                                     Best trial: 0. Best value: 0.325805:  46%|████▌     | 91/200 [04:51<05:43,  3.15s/it]Best trial: 0. Best value: 0.325805:  46%|████▌     | 91/200 [04:51<05:43,  3.15s/it]Best trial: 0. Best value: 0.325805:  46%|████▌     | 92/200 [04:51<05:41,  3.16s/it]                                                                                     Best trial: 0. Best value: 0.325805:  46%|████▌     | 92/200 [04:54<05:41,  3.16s/it]Best trial: 0. Best value: 0.325805:  46%|████▌     | 92/200 [04:54<05:41,  3.16s/it]Best trial: 0. Best value: 0.325805:  46%|████▋     | 93/200 [04:54<05:37,  3.15s/it]                                                                                     Best trial: 0. Best value: 0.325805:  46%|████▋     | 93/200 [04:57<05:37,  3.15s/it]Best trial: 0. Best value: 0.325805:  46%|████▋     | 93/200 [04:57<05:37,  3.15s/it]Best trial: 0. Best value: 0.325805:  47%|████▋     | 94/200 [04:57<05:34,  3.16s/it]                                                                                     
