[I 2026-04-12 07:31:26,037] Trial 41 finished with value: 0.3787205289294688 and parameters: {'parameters.history_length': 127, 'parameters.units': 85, 'parameters.num_layers': 8, 'parameters.dropout': 0.22410195519258147, 'parameters.batch_size': 81, 'parameters.learning_rate': 0.0019507480887394828, 'parameters.weight_decay': 0.0052638201109843396}. Best is trial 0 with value: 0.3787205289294688.Best trial: 0. Best value: 0.378721:  20%|██        | 41/200 [05:44<21:39,  8.17s/it]Best trial: 0. Best value: 0.378721:  20%|██        | 41/200 [05:44<21:39,  8.17s/it]Best trial: 0. Best value: 0.378721:  21%|██        | 42/200 [05:44<21:33,  8.19s/it]                                                                                     Best trial: 0. Best value: 0.378721:  21%|██        | 42/200 [05:52<21:33,  8.19s/it]Best trial: 0. Best value: 0.378721:  21%|██        | 42/200 [05:52<21:33,  8.19s/it]Best trial: 0. Best value: 0.378721:  22%|██▏       | 43/200 [05:52<21:27,  8.20s/it]                                                                                     Best trial: 0. Best value: 0.378721:  22%|██▏       | 43/200 [06:01<21:27,  8.20s/it]Best trial: 0. Best value: 0.378721:  22%|██▏       | 43/200 [06:01<21:27,  8.20s/it]Best trial: 0. Best value: 0.378721:  22%|██▏       | 44/200 [06:01<21:22,  8.22s/it]                                                                                     Best trial: 0. Best value: 0.378721:  22%|██▏       | 44/200 [06:09<21:22,  8.22s/it]Best trial: 0. Best value: 0.378721:  22%|██▏       | 44/200 [06:09<21:22,  8.22s/it]Best trial: 0. Best value: 0.378721:  22%|██▎       | 45/200 [06:09<21:12,  8.21s/it]                                                                                     Best trial: 0. Best value: 0.378721:  22%|██▎       | 45/200 [06:17<21:12,  8.21s/it]Best trial: 0. Best value: 0.378721:  22%|██▎       | 45/200 [06:17<21:12,  8.21s/it]Best trial: 0. Best value: 0.378721:  23%|██▎       | 46/200 [06:17<21:03,  8.20s/it]                                                                                     Best trial: 0. Best value: 0.378721:  23%|██▎       | 46/200 [06:25<21:03,  8.20s/it]Best trial: 0. Best value: 0.378721:  23%|██▎       | 46/200 [06:25<21:03,  8.20s/it]Best trial: 0. Best value: 0.378721:  24%|██▎       | 47/200 [06:25<20:57,  8.22s/it]                                                                                     Best trial: 0. Best value: 0.378721:  24%|██▎       | 47/200 [06:34<20:57,  8.22s/it]Best trial: 0. Best value: 0.378721:  24%|██▎       | 47/200 [06:34<20:57,  8.22s/it]Best trial: 0. Best value: 0.378721:  24%|██▍       | 48/200 [06:34<20:48,  8.21s/it]                                                                                     Best trial: 0. Best value: 0.378721:  24%|██▍       | 48/200 [06:42<20:48,  8.21s/it]Best trial: 0. Best value: 0.378721:  24%|██▍       | 48/200 [06:42<20:48,  8.21s/it]Best trial: 0. Best value: 0.378721:  24%|██▍       | 49/200 [06:42<20:38,  8.20s/it]                                                                                     Best trial: 0. Best value: 0.378721:  24%|██▍       | 49/200 [06:50<20:38,  8.20s/it]Best trial: 0. Best value: 0.378721:  24%|██▍       | 49/200 [06:50<20:38,  8.20s/it]Best trial: 0. Best value: 0.378721:  25%|██▌       | 50/200 [06:50<20:28,  8.19s/it]                                                                                     Best trial: 0. Best value: 0.378721:  25%|██▌       | 50/200 [06:58<20:28,  8.19s/it]Best trial: 0. Best value: 0.378721:  25%|██▌       | 50/200 [06:58<20:28,  8.19s/it]Best trial: 0. Best value: 0.378721:  26%|██▌       | 51/200 [06:58<20:19,  8.19s/it]                                                                                     Best trial: 0. Best value: 0.378721:  26%|██▌       | 51/200 [07:06<20:19,  8.19s/it]Best trial: 0. Best value: 0.378721:  26%|██▌       | 51/200 [07:06<20:19,  8.19s/it]Best trial: 0. Best value: 0.378721:  26%|██▌       | 52/200 [07:06<20:14,  8.21s/it]                                                                                     Best trial: 0. Best value: 0.378721:  26%|██▌       | 52/200 [07:14<20:14,  8.21s/it]Best trial: 0. Best value: 0.378721:  26%|██▌       | 52/200 [07:14<20:14,  8.21s/it]Best trial: 0. Best value: 0.378721:  26%|██▋       | 53/200 [07:14<20:06,  8.21s/it]                                                                                     Best trial: 0. Best value: 0.378721:  26%|██▋       | 53/200 [07:23<20:06,  8.21s/it]Best trial: 0. Best value: 0.378721:  26%|██▋       | 53/200 [07:23<20:06,  8.21s/it]Best trial: 0. Best value: 0.378721:  27%|██▋       | 54/200 [07:23<19:59,  8.21s/it]                                                                                     Best trial: 0. Best value: 0.378721:  27%|██▋       | 54/200 [07:31<19:59,  8.21s/it]Best trial: 0. Best value: 0.378721:  27%|██▋       | 54/200 [07:31<19:59,  8.21s/it]Best trial: 0. Best value: 0.378721:  28%|██▊       | 55/200 [07:31<19:51,  8.22s/it]                                                                                     Best trial: 0. Best value: 0.378721:  28%|██▊       | 55/200 [07:39<19:51,  8.22s/it]Best trial: 0. Best value: 0.378721:  28%|██▊       | 55/200 [07:39<19:51,  8.22s/it]Best trial: 0. Best value: 0.378721:  28%|██▊       | 56/200 [07:39<19:40,  8.20s/it]                                                                                     Best trial: 0. Best value: 0.378721:  28%|██▊       | 56/200 [07:47<19:40,  8.20s/it]Best trial: 0. Best value: 0.378721:  28%|██▊       | 56/200 [07:47<19:40,  8.20s/it]Best trial: 0. Best value: 0.378721:  28%|██▊       | 57/200 [07:47<19:33,  8.21s/it]                                                                                     Best trial: 0. Best value: 0.378721:  28%|██▊       | 57/200 [07:56<19:33,  8.21s/it]Best trial: 0. Best value: 0.378721:  28%|██▊       | 57/200 [07:56<19:33,  8.21s/it]Best trial: 0. Best value: 0.378721:  29%|██▉       | 58/200 [07:56<19:25,  8.21s/it]                                                                                     Best trial: 0. Best value: 0.378721:  29%|██▉       | 58/200 [08:04<19:25,  8.21s/it]Best trial: 0. Best value: 0.378721:  29%|██▉       | 58/200 [08:04<19:25,  8.21s/it]Best trial: 0. Best value: 0.378721:  30%|██▉       | 59/200 [08:04<19:17,  8.21s/it]                                                                                     Best trial: 0. Best value: 0.378721:  30%|██▉       | 59/200 [08:12<19:17,  8.21s/it]Best trial: 0. Best value: 0.378721:  30%|██▉       | 59/200 [08:12<19:17,  8.21s/it]Best trial: 0. Best value: 0.378721:  30%|███       | 60/200 [08:12<19:07,  8.20s/it]                                                                                     Best trial: 0. Best value: 0.378721:  30%|███       | 60/200 [08:20<19:07,  8.20s/it]Best trial: 0. Best value: 0.378721:  30%|███       | 60/200 [08:20<19:07,  8.20s/it]Best trial: 0. Best value: 0.378721:  30%|███       | 61/200 [08:20<18:59,  8.20s/it]                                                                                     Best trial: 0. Best value: 0.378721:  30%|███       | 61/200 [08:28<18:59,  8.20s/it]Best trial: 0. Best value: 0.378721:  30%|███       | 61/200 [08:28<18:59,  8.20s/it]Best trial: 0. Best value: 0.378721:  31%|███       | 62/200 [08:28<18:51,  8.20s/it]                                                                                     
[I 2026-04-12 07:31:34,267] Trial 42 finished with value: 0.3787205289294688 and parameters: {'parameters.history_length': 96, 'parameters.units': 146, 'parameters.num_layers': 8, 'parameters.dropout': 0.20159799688089655, 'parameters.batch_size': 112, 'parameters.learning_rate': 0.0016599618304959426, 'parameters.weight_decay': 0.0062809138006692045}. Best is trial 0 with value: 0.3787205289294688.
[I 2026-04-12 07:31:42,532] Trial 43 finished with value: 0.3787205289294688 and parameters: {'parameters.history_length': 118, 'parameters.units': 79, 'parameters.num_layers': 7, 'parameters.dropout': 0.2524976633713134, 'parameters.batch_size': 84, 'parameters.learning_rate': 0.0011264444025080632, 'parameters.weight_decay': 0.0011219248769313048}. Best is trial 0 with value: 0.3787205289294688.
[I 2026-04-12 07:31:50,718] Trial 44 finished with value: 0.3787205289294688 and parameters: {'parameters.history_length': 130, 'parameters.units': 240, 'parameters.num_layers': 8, 'parameters.dropout': 0.21966611970925448, 'parameters.batch_size': 67, 'parameters.learning_rate': 0.0017691411450346784, 'parameters.weight_decay': 0.0003448927082959153}. Best is trial 0 with value: 0.3787205289294688.
[I 2026-04-12 07:31:58,904] Trial 45 finished with value: 0.3787205289294688 and parameters: {'parameters.history_length': 74, 'parameters.units': 110, 'parameters.num_layers': 9, 'parameters.dropout': 0.32580579271341525, 'parameters.batch_size': 210, 'parameters.learning_rate': 0.0013953107165875066, 'parameters.weight_decay': 0.0002594372836984771}. Best is trial 0 with value: 0.3787205289294688.
[I 2026-04-12 07:32:07,161] Trial 46 finished with value: 0.3787205289294688 and parameters: {'parameters.history_length': 108, 'parameters.units': 276, 'parameters.num_layers': 8, 'parameters.dropout': 0.3883629114923733, 'parameters.batch_size': 145, 'parameters.learning_rate': 0.000320745055684123, 'parameters.weight_decay': 0.008455892276653101}. Best is trial 0 with value: 0.3787205289294688.
[I 2026-04-12 07:32:15,357] Trial 47 finished with value: 0.3787205289294688 and parameters: {'parameters.history_length': 85, 'parameters.units': 130, 'parameters.num_layers': 7, 'parameters.dropout': 0.4555899593130194, 'parameters.batch_size': 118, 'parameters.learning_rate': 0.00023823716616203045, 'parameters.weight_decay': 0.00013396547525280748}. Best is trial 0 with value: 0.3787205289294688.
[I 2026-04-12 07:32:23,536] Trial 48 finished with value: 0.3787205289294688 and parameters: {'parameters.history_length': 120, 'parameters.units': 92, 'parameters.num_layers': 4, 'parameters.dropout': 0.30815446853478584, 'parameters.batch_size': 313, 'parameters.learning_rate': 0.0011287828403235827, 'parameters.weight_decay': 0.00010137537825952201}. Best is trial 0 with value: 0.3787205289294688.
[I 2026-04-12 07:32:31,688] Trial 49 finished with value: 0.3787205289294688 and parameters: {'parameters.history_length': 37, 'parameters.units': 366, 'parameters.num_layers': 6, 'parameters.dropout': 0.361658320108061, 'parameters.batch_size': 269, 'parameters.learning_rate': 0.00020983433826287298, 'parameters.weight_decay': 0.00048299397007082925}. Best is trial 0 with value: 0.3787205289294688.
[I 2026-04-12 07:32:39,871] Trial 50 finished with value: 0.3787205289294688 and parameters: {'parameters.history_length': 77, 'parameters.units': 304, 'parameters.num_layers': 9, 'parameters.dropout': 0.42275102811370563, 'parameters.batch_size': 153, 'parameters.learning_rate': 0.00026152353943765714, 'parameters.weight_decay': 0.00020419959154564663}. Best is trial 0 with value: 0.3787205289294688.
[I 2026-04-12 07:32:48,124] Trial 51 finished with value: 0.3787205289294688 and parameters: {'parameters.history_length': 141, 'parameters.units': 165, 'parameters.num_layers': 3, 'parameters.dropout': 0.4122728585366076, 'parameters.batch_size': 195, 'parameters.learning_rate': 0.00027619419476203143, 'parameters.weight_decay': 0.0006601066213400216}. Best is trial 0 with value: 0.3787205289294688.
[I 2026-04-12 07:32:56,329] Trial 52 finished with value: 0.3787205289294688 and parameters: {'parameters.history_length': 114, 'parameters.units': 209, 'parameters.num_layers': 2, 'parameters.dropout': 0.4333892354637827, 'parameters.batch_size': 95, 'parameters.learning_rate': 0.000225711437433023, 'parameters.weight_decay': 0.00015625794493429897}. Best is trial 0 with value: 0.3787205289294688.
[I 2026-04-12 07:33:04,562] Trial 53 finished with value: 0.3787205289294688 and parameters: {'parameters.history_length': 103, 'parameters.units': 153, 'parameters.num_layers': 2, 'parameters.dropout': 0.38004277250565377, 'parameters.batch_size': 209, 'parameters.learning_rate': 0.0003448739146931159, 'parameters.weight_decay': 0.0010368916265259221}. Best is trial 0 with value: 0.3787205289294688.
[I 2026-04-12 07:33:12,780] Trial 54 finished with value: 0.3787205289294688 and parameters: {'parameters.history_length': 55, 'parameters.units': 182, 'parameters.num_layers': 4, 'parameters.dropout': 0.25810309334713055, 'parameters.batch_size': 176, 'parameters.learning_rate': 0.00030757051543288665, 'parameters.weight_decay': 0.0013766659394963778}. Best is trial 0 with value: 0.3787205289294688.
[I 2026-04-12 07:33:20,944] Trial 55 finished with value: 0.3787205289294688 and parameters: {'parameters.history_length': 125, 'parameters.units': 334, 'parameters.num_layers': 8, 'parameters.dropout': 0.46338646732154304, 'parameters.batch_size': 244, 'parameters.learning_rate': 0.0004091512172946412, 'parameters.weight_decay': 0.0029685567693811215}. Best is trial 0 with value: 0.3787205289294688.
[I 2026-04-12 07:33:29,173] Trial 56 finished with value: 0.3787205289294688 and parameters: {'parameters.history_length': 133, 'parameters.units': 122, 'parameters.num_layers': 6, 'parameters.dropout': 0.23779641052127026, 'parameters.batch_size': 216, 'parameters.learning_rate': 0.0008628637479922773, 'parameters.weight_decay': 0.00954593976521742}. Best is trial 0 with value: 0.3787205289294688.
[I 2026-04-12 07:33:37,379] Trial 57 finished with value: 0.3787205289294688 and parameters: {'parameters.history_length': 112, 'parameters.units': 345, 'parameters.num_layers': 5, 'parameters.dropout': 0.28183679464627126, 'parameters.batch_size': 382, 'parameters.learning_rate': 0.0002539765089578451, 'parameters.weight_decay': 0.0018496399639958223}. Best is trial 0 with value: 0.3787205289294688.
[I 2026-04-12 07:33:45,586] Trial 58 finished with value: 0.3787205289294688 and parameters: {'parameters.history_length': 69, 'parameters.units': 218, 'parameters.num_layers': 3, 'parameters.dropout': 0.3983905889677954, 'parameters.batch_size': 119, 'parameters.learning_rate': 0.0017332831867369254, 'parameters.weight_decay': 0.0005404283477297394}. Best is trial 0 with value: 0.3787205289294688.
[I 2026-04-12 07:33:53,759] Trial 59 finished with value: 0.3787205289294688 and parameters: {'parameters.history_length': 62, 'parameters.units': 193, 'parameters.num_layers': 7, 'parameters.dropout': 0.32874955989594656, 'parameters.batch_size': 135, 'parameters.learning_rate': 0.0004693475166177189, 'parameters.weight_decay': 0.00031891765516837636}. Best is trial 0 with value: 0.3787205289294688.
[I 2026-04-12 07:34:01,960] Trial 60 finished with value: 0.3787205289294688 and parameters: {'parameters.history_length': 121, 'parameters.units': 67, 'parameters.num_layers': 5, 'parameters.dropout': 0.3713322862423729, 'parameters.batch_size': 237, 'parameters.learning_rate': 0.00035579644536340514, 'parameters.weight_decay': 0.0007414496365923834}. Best is trial 0 with value: 0.3787205289294688.
[I 2026-04-12 07:34:10,160] Trial 61 finished with value: 0.3787205289294688 and parameters: {'parameters.history_length': 32, 'parameters.units': 380, 'parameters.num_layers': 4, 'parameters.dropout': 0.3591296251192969, 'parameters.batch_size': 163, 'parameters.learning_rate': 0.0006747351387586437, 'parameters.weight_decay': 0.0013240406137460872}. Best is trial 0 with value: 0.3787205289294688.
