[I 2026-04-11 20:58:17,879] Trial 187 finished with value: 0.3258046106584057 and parameters: {'parameters.max_depth': 30, 'parameters.learning_rate': 0.0073624824078547205, 'parameters.subsample': 0.9568489132124743, 'parameters.colsample_bytree': 0.6307757841560003, 'parameters.gamma': 0.0017801352716084202, 'parameters.reg_lambda': 3.488526040287286, 'parameters.min_child_weight': 1}. Best is trial 0 with value: 0.3258046106584057.
[I 2026-04-11 20:58:21,106] Trial 188 finished with value: 0.3258046106584057 and parameters: {'parameters.max_depth': 12, 'parameters.learning_rate': 0.01612765092572131, 'parameters.subsample': 0.9216108857158031, 'parameters.colsample_bytree': 0.6215362437137136, 'parameters.gamma': 0.2848639210871162, 'parameters.reg_lambda': 2.1623925651283895, 'parameters.min_child_weight': 6}. Best is trial 0 with value: 0.3258046106584057.
[I 2026-04-11 20:58:24,368] Trial 189 finished with value: 0.3258046106584057 and parameters: {'parameters.max_depth': 26, 'parameters.learning_rate': 0.02029050110106398, 'parameters.subsample': 0.8545840987376974, 'parameters.colsample_bytree': 0.7301645645292465, 'parameters.gamma': 0.019145367426986058, 'parameters.reg_lambda': 1.898040747868307, 'parameters.min_child_weight': 10}. Best is trial 0 with value: 0.3258046106584057.Best trial: 0. Best value: 0.325805:  94%|█████████▍| 189/200 [10:02<00:35,  3.20s/it]Best trial: 0. Best value: 0.325805:  94%|█████████▍| 189/200 [10:02<00:35,  3.20s/it]Best trial: 0. Best value: 0.325805:  95%|█████████▌| 190/200 [10:02<00:32,  3.22s/it]                                                                                      Best trial: 0. Best value: 0.325805:  95%|█████████▌| 190/200 [10:05<00:32,  3.22s/it]Best trial: 0. Best value: 0.325805:  95%|█████████▌| 190/200 [10:05<00:32,  3.22s/it]Best trial: 0. Best value: 0.325805:  96%|█████████▌| 191/200 [10:05<00:28,  3.20s/it]                                                                                      Best trial: 0. Best value: 0.325805:  96%|█████████▌| 191/200 [10:08<00:28,  3.20s/it]Best trial: 0. Best value: 0.325805:  96%|█████████▌| 191/200 [10:08<00:28,  3.20s/it]Best trial: 0. Best value: 0.325805:  96%|█████████▌| 192/200 [10:08<00:25,  3.19s/it]                                                                                      Best trial: 0. Best value: 0.325805:  96%|█████████▌| 192/200 [10:12<00:25,  3.19s/it]Best trial: 0. Best value: 0.325805:  96%|█████████▌| 192/200 [10:12<00:25,  3.19s/it]Best trial: 0. Best value: 0.325805:  96%|█████████▋| 193/200 [10:12<00:22,  3.19s/it]                                                                                      Best trial: 0. Best value: 0.325805:  96%|█████████▋| 193/200 [10:15<00:22,  3.19s/it]Best trial: 0. Best value: 0.325805:  96%|█████████▋| 193/200 [10:15<00:22,  3.19s/it]Best trial: 0. Best value: 0.325805:  97%|█████████▋| 194/200 [10:15<00:19,  3.17s/it]                                                                                      Best trial: 0. Best value: 0.325805:  97%|█████████▋| 194/200 [10:18<00:19,  3.17s/it]Best trial: 0. Best value: 0.325805:  97%|█████████▋| 194/200 [10:18<00:19,  3.17s/it]Best trial: 0. Best value: 0.325805:  98%|█████████▊| 195/200 [10:18<00:15,  3.18s/it]                                                                                      Best trial: 0. Best value: 0.325805:  98%|█████████▊| 195/200 [10:21<00:15,  3.18s/it]Best trial: 0. Best value: 0.325805:  98%|█████████▊| 195/200 [10:21<00:15,  3.18s/it]Best trial: 0. Best value: 0.325805:  98%|█████████▊| 196/200 [10:21<00:12,  3.19s/it]                                                                                      Best trial: 0. Best value: 0.325805:  98%|█████████▊| 196/200 [10:25<00:12,  3.19s/it]Best trial: 0. Best value: 0.325805:  98%|█████████▊| 196/200 [10:25<00:12,  3.19s/it]Best trial: 0. Best value: 0.325805:  98%|█████████▊| 197/200 [10:25<00:09,  3.23s/it]                                                                                      Best trial: 0. Best value: 0.325805:  98%|█████████▊| 197/200 [10:28<00:09,  3.23s/it]Best trial: 0. Best value: 0.325805:  98%|█████████▊| 197/200 [10:28<00:09,  3.23s/it]Best trial: 0. Best value: 0.325805:  99%|█████████▉| 198/200 [10:28<00:06,  3.25s/it]                                                                                      Best trial: 0. Best value: 0.325805:  99%|█████████▉| 198/200 [10:31<00:06,  3.25s/it]Best trial: 0. Best value: 0.325805:  99%|█████████▉| 198/200 [10:31<00:06,  3.25s/it]Best trial: 0. Best value: 0.325805: 100%|█████████▉| 199/200 [10:31<00:03,  3.24s/it]                                                                                      Best trial: 0. Best value: 0.325805: 100%|█████████▉| 199/200 [10:34<00:03,  3.24s/it]Best trial: 0. Best value: 0.325805: 100%|█████████▉| 199/200 [10:34<00:03,  3.24s/it]Best trial: 0. Best value: 0.325805: 100%|██████████| 200/200 [10:34<00:00,  3.23s/it]Best trial: 0. Best value: 0.325805: 100%|██████████| 200/200 [10:34<00:00,  3.17s/it]
[I 2026-04-11 20:58:59,648] A new study created in memory with name: lightgbm_temporal_optimization

[I 2026-04-11 20:58:27,530] Trial 190 finished with value: 0.3258046106584057 and parameters: {'parameters.max_depth': 14, 'parameters.learning_rate': 0.007890111718630181, 'parameters.subsample': 0.9379240244518728, 'parameters.colsample_bytree': 0.7160220189811741, 'parameters.gamma': 0.7751660032174393, 'parameters.reg_lambda': 1.6093852579006684, 'parameters.min_child_weight': 3}. Best is trial 0 with value: 0.3258046106584057.
[I 2026-04-11 20:58:30,676] Trial 191 finished with value: 0.3258046106584057 and parameters: {'parameters.max_depth': 20, 'parameters.learning_rate': 0.02997641338089717, 'parameters.subsample': 0.7590567708644518, 'parameters.colsample_bytree': 0.8942059701629528, 'parameters.gamma': 0.06363429270951353, 'parameters.reg_lambda': 4.900974059169156, 'parameters.min_child_weight': 1}. Best is trial 0 with value: 0.3258046106584057.
[I 2026-04-11 20:58:33,883] Trial 192 finished with value: 0.3258046106584057 and parameters: {'parameters.max_depth': 19, 'parameters.learning_rate': 0.027358301839428757, 'parameters.subsample': 0.7995401918632943, 'parameters.colsample_bytree': 0.9036997733425313, 'parameters.gamma': 0.09412004881586436, 'parameters.reg_lambda': 3.8628861693016083, 'parameters.min_child_weight': 1}. Best is trial 0 with value: 0.3258046106584057.
[I 2026-04-11 20:58:37,013] Trial 193 finished with value: 0.3258046106584057 and parameters: {'parameters.max_depth': 18, 'parameters.learning_rate': 0.024500000598327583, 'parameters.subsample': 0.734747466909389, 'parameters.colsample_bytree': 0.874755573620451, 'parameters.gamma': 0.10356243548601367, 'parameters.reg_lambda': 4.6680195195828915, 'parameters.min_child_weight': 1}. Best is trial 0 with value: 0.3258046106584057.
[I 2026-04-11 20:58:40,211] Trial 194 finished with value: 0.3258046106584057 and parameters: {'parameters.max_depth': 21, 'parameters.learning_rate': 0.02874694833035575, 'parameters.subsample': 0.7465003977976793, 'parameters.colsample_bytree': 0.8146665331372747, 'parameters.gamma': 0.055953182705567525, 'parameters.reg_lambda': 4.172054572078183, 'parameters.min_child_weight': 1}. Best is trial 0 with value: 0.3258046106584057.
[I 2026-04-11 20:58:43,439] Trial 195 finished with value: 0.3258046106584057 and parameters: {'parameters.max_depth': 19, 'parameters.learning_rate': 0.0021062342699649673, 'parameters.subsample': 0.9489408517167147, 'parameters.colsample_bytree': 0.9376306827984052, 'parameters.gamma': 0.04544325056960238, 'parameters.reg_lambda': 4.431889948599061, 'parameters.min_child_weight': 4}. Best is trial 0 with value: 0.3258046106584057.
[I 2026-04-11 20:58:46,735] Trial 196 finished with value: 0.3258046106584057 and parameters: {'parameters.max_depth': 7, 'parameters.learning_rate': 0.025892677508839522, 'parameters.subsample': 0.885657875207693, 'parameters.colsample_bytree': 0.6588689050214559, 'parameters.gamma': 0.07909370572990077, 'parameters.reg_lambda': 0.9013802010256142, 'parameters.min_child_weight': 2}. Best is trial 0 with value: 0.3258046106584057.
[I 2026-04-11 20:58:50,051] Trial 197 finished with value: 0.3258046106584057 and parameters: {'parameters.max_depth': 8, 'parameters.learning_rate': 0.014616280520562549, 'parameters.subsample': 0.7698518569783741, 'parameters.colsample_bytree': 0.8446242213510429, 'parameters.gamma': 0.033330476320892796, 'parameters.reg_lambda': 1.2885013989842808, 'parameters.min_child_weight': 1}. Best is trial 0 with value: 0.3258046106584057.
[I 2026-04-11 20:58:53,278] Trial 198 finished with value: 0.3258046106584057 and parameters: {'parameters.max_depth': 22, 'parameters.learning_rate': 0.003760223502679651, 'parameters.subsample': 0.7617337645380486, 'parameters.colsample_bytree': 0.6093144653326518, 'parameters.gamma': 0.1317181028336493, 'parameters.reg_lambda': 0.6569538776721575, 'parameters.min_child_weight': 3}. Best is trial 0 with value: 0.3258046106584057.
[I 2026-04-11 20:58:56,473] Trial 199 finished with value: 0.3258046106584057 and parameters: {'parameters.max_depth': 27, 'parameters.learning_rate': 0.0043176637593429455, 'parameters.subsample': 0.7792393857536601, 'parameters.colsample_bytree': 0.7776809137396444, 'parameters.gamma': 0.006365625322281435, 'parameters.reg_lambda': 0.7053785273764454, 'parameters.min_child_weight': 7}. Best is trial 0 with value: 0.3258046106584057.

Best trial: 0
Best validation loss: 0.325805
Best parameters:
  parameters.max_depth: 14
  parameters.learning_rate: 0.026251660632419304
  parameters.subsample: 0.8720536237417198
  parameters.colsample_bytree: 0.8146346649119967
  parameters.gamma: 0.0032735743714072487
  parameters.reg_lambda: 0.7160849144555758
  parameters.min_child_weight: 1

Results saved to outputs/temporal_experiment/models/xgboost/bayes_opt
Best config saved to outputs/temporal_experiment/models/xgboost/best_config.toml

[2/3] Training best model...
Final training failed for xgboost

================================================================================
Running experiment for: LIGHTGBM
================================================================================

[1/3] Running Bayesian Optimization (200 trials)...

============================================================
Running Bayesian Optimization for LIGHTGBM
============================================================
Running 200 trials...
  0%|          | 0/200 [00:00<?, ?it/s]                                         0%|          | 0/200 [00:03<?, ?it/s]Best trial: 0. Best value: 0.341931:   0%|          | 0/200 [00:03<?, ?it/s]Best trial: 0. Best value: 0.341931:   0%|          | 1/200 [00:03<10:45,  3.24s/it]                                                                                    Best trial: 0. Best value: 0.341931:   0%|          | 1/200 [00:06<10:45,  3.24s/it]Best trial: 0. Best value: 0.341931:   0%|          | 1/200 [00:06<10:45,  3.24s/it]Best trial: 0. Best value: 0.341931:   1%|          | 2/200 [00:06<10:35,  3.21s/it]                                                                                    Best trial: 0. Best value: 0.341931:   1%|          | 2/200 [00:09<10:35,  3.21s/it]Best trial: 0. Best value: 0.341931:   1%|          | 2/200 [00:09<10:35,  3.21s/it]Best trial: 0. Best value: 0.341931:   2%|▏         | 3/200 [00:09<10:35,  3.23s/it]                                                                                    Best trial: 0. Best value: 0.341931:   2%|▏         | 3/200 [00:12<10:35,  3.23s/it]Best trial: 0. Best value: 0.341931:   2%|▏         | 3/200 [00:12<10:35,  3.23s/it]Best trial: 0. Best value: 0.341931:   2%|▏         | 4/200 [00:12<10:32,  3.23s/it]                                                                                    Best trial: 0. Best value: 0.341931:   2%|▏         | 4/200 [00:16<10:32,  3.23s/it]Best trial: 0. Best value: 0.341931:   2%|▏         | 4/200 [00:16<10:32,  3.23s/it]Best trial: 0. Best value: 0.341931:   2%|▎         | 5/200 [00:16<10:33,  3.25s/it]                                                                                    Best trial: 0. Best value: 0.341931:   2%|▎         | 5/200 [00:19<10:33,  3.25s/it]Best trial: 0. Best value: 0.341931:   2%|▎         | 5/200 [00:19<10:33,  3.25s/it]Best trial: 0. Best value: 0.341931:   3%|▎         | 6/200 [00:19<10:25,  3.22s/it]                                                                                    Best trial: 0. Best value: 0.341931:   3%|▎         | 6/200 [00:22<10:25,  3.22s/it]Best trial: 0. Best value: 0.341931:   3%|▎         | 6/200 [00:22<10:25,  3.22s/it]Best trial: 0. Best value: 0.341931:   4%|▎         | 7/200 [00:22<10:19,  3.21s/it]                                                                                    Best trial: 0. Best value: 0.341931:   4%|▎         | 7/200 [00:25<10:19,  3.21s/it]Best trial: 0. Best value: 0.341931:   4%|▎         | 7/200 [00:25<10:19,  3.21s/it]Best trial: 0. Best value: 0.341931:   4%|▍         | 8/200 [00:25<10:14,  3.20s/it]                                                                                    Best trial: 0. Best value: 0.341931:   4%|▍         | 8/200 [00:28<10:14,  3.20s/it]Best trial: 0. Best value: 0.341931:   4%|▍         | 8/200 [00:28<10:14,  3.20s/it]Best trial: 0. Best value: 0.341931:   4%|▍         | 9/200 [00:28<10:10,  3.20s/it]                                                                                    Best trial: 0. Best value: 0.341931:   4%|▍         | 9/200 [00:32<10:10,  3.20s/it]Best trial: 0. Best value: 0.341931:   4%|▍         | 9/200 [00:32<10:10,  3.20s/it]Best trial: 0. Best value: 0.341931:   5%|▌         | 10/200 [00:32<10:08,  3.20s/it]                                                                                     Best trial: 0. Best value: 0.341931:   5%|▌         | 10/200 [00:35<10:08,  3.20s/it]Best trial: 0. Best value: 0.341931:   5%|▌         | 10/200 [00:35<10:08,  3.20s/it]Best trial: 0. Best value: 0.341931:   6%|▌         | 11/200 [00:35<10:07,  3.22s/it]                                                                                     Best trial: 0. Best value: 0.341931:   6%|▌         | 11/200 [00:38<10:07,  3.22s/it]Best trial: 0. Best value: 0.341931:   6%|▌         | 11/200 [00:38<10:07,  3.22s/it]Best trial: 0. Best value: 0.341931:   6%|▌         | 12/200 [00:38<10:04,  3.22s/it]                                                                                     Best trial: 0. Best value: 0.341931:   6%|▌         | 12/200 [00:41<10:04,  3.22s/it]Best trial: 0. Best value: 0.341931:   6%|▌         | 12/200 [00:41<10:04,  3.22s/it]Best trial: 0. Best value: 0.341931:   6%|▋         | 13/200 [00:41<10:02,  3.22s/it]                                                                                     Best trial: 0. Best value: 0.341931:   6%|▋         | 13/200 [00:45<10:02,  3.22s/it]Best trial: 0. Best value: 0.341931:   6%|▋         | 13/200 [00:45<10:02,  3.22s/it]Best trial: 0. Best value: 0.341931:   7%|▋         | 14/200 [00:45<09:57,  3.21s/it]                                                                                     Best trial: 0. Best value: 0.341931:   7%|▋         | 14/200 [00:48<09:57,  3.21s/it]Best trial: 0. Best value: 0.341931:   7%|▋         | 14/200 [00:48<09:57,  3.21s/it]Best trial: 0. Best value: 0.341931:   8%|▊         | 15/200 [00:48<09:53,  3.21s/it]                                                                                     Best trial: 0. Best value: 0.341931:   8%|▊         | 15/200 [00:51<09:53,  3.21s/it]Best trial: 0. Best value: 0.341931:   8%|▊         | 15/200 [00:51<09:53,  3.21s/it]Best trial: 0. Best value: 0.341931:   8%|▊         | 16/200 [00:51<09:47,  3.19s/it]                                                                                     Best trial: 0. Best value: 0.341931:   8%|▊         | 16/200 [00:54<09:47,  3.19s/it]Best trial: 0. Best value: 0.341931:   8%|▊         | 16/200 [00:54<09:47,  3.19s/it]Best trial: 0. Best value: 0.341931:   8%|▊         | 17/200 [00:54<09:46,  3.21s/it]                                                                                     Best trial: 0. Best value: 0.341931:   8%|▊         | 17/200 [00:57<09:46,  3.21s/it]Best trial: 0. Best value: 0.341931:   8%|▊         | 17/200 [00:57<09:46,  3.21s/it]Best trial: 0. Best value: 0.341931:   9%|▉         | 18/200 [00:57<09:44,  3.21s/it]                                                                                     [I 2026-04-11 20:59:02,890] Trial 0 finished with value: 0.3419311770058864 and parameters: {'parameters.max_depth': 14, 'parameters.learning_rate': 0.01785436060870726, 'parameters.subsample': 0.8720536237417198, 'parameters.colsample_bytree': 0.8146346649119967, 'parameters.reg_alpha': 0.0032735743714072487, 'parameters.reg_lambda': 0.7160849144555758, 'parameters.min_child_samples': 15}. Best is trial 0 with value: 0.3419311770058864.
[I 2026-04-11 20:59:06,078] Trial 1 finished with value: 0.3419311770058864 and parameters: {'parameters.max_depth': 27, 'parameters.learning_rate': 0.007982611757123358, 'parameters.subsample': 0.8614622804552621, 'parameters.colsample_bytree': 0.6063423389688911, 'parameters.reg_alpha': 1.5911147987600698, 'parameters.reg_lambda': 3.3994812107955625, 'parameters.min_child_samples': 29}. Best is trial 0 with value: 0.3419311770058864.
[I 2026-04-11 20:59:09,323] Trial 2 finished with value: 0.34193117700588643 and parameters: {'parameters.max_depth': 8, 'parameters.learning_rate': 0.0030509458916105213, 'parameters.subsample': 0.7008853970727918, 'parameters.colsample_bytree': 0.7844545901841157, 'parameters.reg_alpha': 0.02666020367873237, 'parameters.reg_lambda': 0.9776854331372623, 'parameters.min_child_samples': 65}. Best is trial 0 with value: 0.3419311770058864.
[I 2026-04-11 20:59:12,556] Trial 3 finished with value: 0.3419311770058864 and parameters: {'parameters.max_depth': 7, 'parameters.learning_rate': 0.003918994411735833, 'parameters.subsample': 0.7234827275619211, 'parameters.colsample_bytree': 0.75740785724554, 'parameters.reg_alpha': 0.39074137500162603, 'parameters.reg_lambda': 0.7918515779559374, 'parameters.min_child_samples': 56}. Best is trial 0 with value: 0.3419311770058864.
[I 2026-04-11 20:59:15,834] Trial 4 finished with value: 0.34193117700588643 and parameters: {'parameters.max_depth': 19, 'parameters.learning_rate': 0.002225770634981146, 'parameters.subsample': 0.8183410106404391, 'parameters.colsample_bytree': 0.6546087618788374, 'parameters.reg_alpha': 0.0016395975462927177, 'parameters.reg_lambda': 4.4448339535094625, 'parameters.min_child_samples': 97}. Best is trial 0 with value: 0.3419311770058864.
[I 2026-04-11 20:59:19,014] Trial 5 finished with value: 0.34193117700588643 and parameters: {'parameters.max_depth': 25, 'parameters.learning_rate': 0.004033144338361717, 'parameters.subsample': 0.630695433816894, 'parameters.colsample_bytree': 0.8510351378449301, 'parameters.reg_alpha': 0.02837635341868618, 'parameters.reg_lambda': 0.6622290670049675, 'parameters.min_child_samples': 55}. Best is trial 0 with value: 0.3419311770058864.
[I 2026-04-11 20:59:22,202] Trial 6 finished with value: 0.3419311770058864 and parameters: {'parameters.max_depth': 4, 'parameters.learning_rate': 0.016231191351940996, 'parameters.subsample': 0.6847960801527393, 'parameters.colsample_bytree': 0.8416489593130831, 'parameters.reg_alpha': 0.010689751565977946, 'parameters.reg_lambda': 1.6559149440361902, 'parameters.min_child_samples': 59}. Best is trial 0 with value: 0.3419311770058864.
[I 2026-04-11 20:59:25,385] Trial 7 finished with value: 0.34193117700588643 and parameters: {'parameters.max_depth': 8, 'parameters.learning_rate': 0.018647242703562956, 'parameters.subsample': 0.8914838870924939, 'parameters.colsample_bytree': 0.9695672016561586, 'parameters.reg_alpha': 0.8991909447343751, 'parameters.reg_lambda': 1.9809338952032913, 'parameters.min_child_samples': 93}. Best is trial 0 with value: 0.3419311770058864.
[I 2026-04-11 20:59:28,567] Trial 8 finished with value: 0.3419311770058864 and parameters: {'parameters.max_depth': 6, 'parameters.learning_rate': 0.003140601675761343, 'parameters.subsample': 0.6140233233176831, 'parameters.colsample_bytree': 0.7084763827073611, 'parameters.reg_alpha': 0.019188251048398993, 'parameters.reg_lambda': 0.9339401285535338, 'parameters.min_child_samples': 85}. Best is trial 0 with value: 0.3419311770058864.
[I 2026-04-11 20:59:31,788] Trial 9 finished with value: 0.3419311770058864 and parameters: {'parameters.max_depth': 13, 'parameters.learning_rate': 0.0038191305602090758, 'parameters.subsample': 0.7916763983762117, 'parameters.colsample_bytree': 0.6447852788360978, 'parameters.reg_alpha': 0.44470938617470757, 'parameters.reg_lambda': 0.5936365712667949, 'parameters.min_child_samples': 99}. Best is trial 0 with value: 0.3419311770058864.
[I 2026-04-11 20:59:35,030] Trial 10 finished with value: 0.3419311770058864 and parameters: {'parameters.max_depth': 18, 'parameters.learning_rate': 0.010166317003085372, 'parameters.subsample': 0.9845592258747959, 'parameters.colsample_bytree': 0.966003493489024, 'parameters.reg_alpha': 0.0011239043752531007, 'parameters.reg_lambda': 1.2502974532451985, 'parameters.min_child_samples': 11}. Best is trial 0 with value: 0.3419311770058864.
