[I 2026-04-11 20:54:16,392] Trial 111 finished with value: 0.3258046106584057 and parameters: {'parameters.max_depth': 30, 'parameters.learning_rate': 0.010092274578610023, 'parameters.subsample': 0.8746418090345134, 'parameters.colsample_bytree': 0.6067164531070572, 'parameters.gamma': 0.019763930454782374, 'parameters.reg_lambda': 4.423006280598684, 'parameters.min_child_weight': 1}. Best is trial 0 with value: 0.3258046106584057.
[I 2026-04-11 20:54:19,546] Trial 112 finished with value: 0.3258046106584057 and parameters: {'parameters.max_depth': 27, 'parameters.learning_rate': 0.010805859724785868, 'parameters.subsample': 0.7242263109567674, 'parameters.colsample_bytree': 0.6308216532223038, 'parameters.gamma': 0.21615843320772155, 'parameters.reg_lambda': 3.128290687558469, 'parameters.min_child_weight': 2}. Best is trial 0 with value: 0.3258046106584057.
[I 2026-04-11 20:54:22,701] Trial 113 finished with value: 0.3258046106584057 and parameters: {'parameters.max_depth': 25, 'parameters.learning_rate': 0.013088032395172393, 'parameters.subsample': 0.7108628657714862, 'parameters.colsample_bytree': 0.6989903508701515, 'parameters.gamma': 0.11913837154343114, 'parameters.reg_lambda': 4.160701002129103, 'parameters.min_child_weight': 1}. Best is trial 0 with value: 0.3258046106584057.Best trial: 0. Best value: 0.325805:  56%|█████▋    | 113/200 [06:01<04:34,  3.15s/it]Best trial: 0. Best value: 0.325805:  56%|█████▋    | 113/200 [06:01<04:34,  3.15s/it]Best trial: 0. Best value: 0.325805:  57%|█████▋    | 114/200 [06:01<04:31,  3.15s/it]                                                                                      Best trial: 0. Best value: 0.325805:  57%|█████▋    | 114/200 [06:04<04:31,  3.15s/it]Best trial: 0. Best value: 0.325805:  57%|█████▋    | 114/200 [06:04<04:31,  3.15s/it]Best trial: 0. Best value: 0.325805:  57%|█████▊    | 115/200 [06:04<04:28,  3.15s/it]                                                                                      Best trial: 0. Best value: 0.325805:  57%|█████▊    | 115/200 [06:07<04:28,  3.15s/it]Best trial: 0. Best value: 0.325805:  57%|█████▊    | 115/200 [06:07<04:28,  3.15s/it]Best trial: 0. Best value: 0.325805:  58%|█████▊    | 116/200 [06:07<04:27,  3.18s/it]                                                                                      Best trial: 0. Best value: 0.325805:  58%|█████▊    | 116/200 [06:10<04:27,  3.18s/it]Best trial: 0. Best value: 0.325805:  58%|█████▊    | 116/200 [06:10<04:27,  3.18s/it]Best trial: 0. Best value: 0.325805:  58%|█████▊    | 117/200 [06:10<04:24,  3.18s/it]                                                                                      Best trial: 0. Best value: 0.325805:  58%|█████▊    | 117/200 [06:13<04:24,  3.18s/it]Best trial: 0. Best value: 0.325805:  58%|█████▊    | 117/200 [06:13<04:24,  3.18s/it]Best trial: 0. Best value: 0.325805:  59%|█████▉    | 118/200 [06:13<04:21,  3.19s/it]                                                                                      Best trial: 0. Best value: 0.325805:  59%|█████▉    | 118/200 [06:16<04:21,  3.19s/it]Best trial: 0. Best value: 0.325805:  59%|█████▉    | 118/200 [06:16<04:21,  3.19s/it]Best trial: 0. Best value: 0.325805:  60%|█████▉    | 119/200 [06:16<04:18,  3.19s/it]                                                                                      Best trial: 0. Best value: 0.325805:  60%|█████▉    | 119/200 [06:20<04:18,  3.19s/it]Best trial: 0. Best value: 0.325805:  60%|█████▉    | 119/200 [06:20<04:18,  3.19s/it]Best trial: 0. Best value: 0.325805:  60%|██████    | 120/200 [06:20<04:13,  3.17s/it]                                                                                      Best trial: 0. Best value: 0.325805:  60%|██████    | 120/200 [06:23<04:13,  3.17s/it]Best trial: 0. Best value: 0.325805:  60%|██████    | 120/200 [06:23<04:13,  3.17s/it]Best trial: 0. Best value: 0.325805:  60%|██████    | 121/200 [06:23<04:13,  3.21s/it]                                                                                      Best trial: 0. Best value: 0.325805:  60%|██████    | 121/200 [06:26<04:13,  3.21s/it]Best trial: 0. Best value: 0.325805:  60%|██████    | 121/200 [06:26<04:13,  3.21s/it]Best trial: 0. Best value: 0.325805:  61%|██████    | 122/200 [06:26<04:10,  3.21s/it]                                                                                      Best trial: 0. Best value: 0.325805:  61%|██████    | 122/200 [06:29<04:10,  3.21s/it]Best trial: 0. Best value: 0.325805:  61%|██████    | 122/200 [06:29<04:10,  3.21s/it]Best trial: 0. Best value: 0.325805:  62%|██████▏   | 123/200 [06:29<04:05,  3.18s/it]                                                                                      Best trial: 0. Best value: 0.325805:  62%|██████▏   | 123/200 [06:32<04:05,  3.18s/it]Best trial: 0. Best value: 0.325805:  62%|██████▏   | 123/200 [06:32<04:05,  3.18s/it]Best trial: 0. Best value: 0.325805:  62%|██████▏   | 124/200 [06:32<04:00,  3.16s/it]                                                                                      Best trial: 0. Best value: 0.325805:  62%|██████▏   | 124/200 [06:35<04:00,  3.16s/it]Best trial: 0. Best value: 0.325805:  62%|██████▏   | 124/200 [06:35<04:00,  3.16s/it]Best trial: 0. Best value: 0.325805:  62%|██████▎   | 125/200 [06:35<03:56,  3.15s/it]                                                                                      Best trial: 0. Best value: 0.325805:  62%|██████▎   | 125/200 [06:39<03:56,  3.15s/it]Best trial: 0. Best value: 0.325805:  62%|██████▎   | 125/200 [06:39<03:56,  3.15s/it]Best trial: 0. Best value: 0.325805:  63%|██████▎   | 126/200 [06:39<03:53,  3.15s/it]                                                                                      Best trial: 0. Best value: 0.325805:  63%|██████▎   | 126/200 [06:42<03:53,  3.15s/it]Best trial: 0. Best value: 0.325805:  63%|██████▎   | 126/200 [06:42<03:53,  3.15s/it]Best trial: 0. Best value: 0.325805:  64%|██████▎   | 127/200 [06:42<03:51,  3.17s/it]                                                                                      Best trial: 0. Best value: 0.325805:  64%|██████▎   | 127/200 [06:45<03:51,  3.17s/it]Best trial: 0. Best value: 0.325805:  64%|██████▎   | 127/200 [06:45<03:51,  3.17s/it]Best trial: 0. Best value: 0.325805:  64%|██████▍   | 128/200 [06:45<03:49,  3.18s/it]                                                                                      Best trial: 0. Best value: 0.325805:  64%|██████▍   | 128/200 [06:48<03:49,  3.18s/it]Best trial: 0. Best value: 0.325805:  64%|██████▍   | 128/200 [06:48<03:49,  3.18s/it]Best trial: 0. Best value: 0.325805:  64%|██████▍   | 129/200 [06:48<03:45,  3.17s/it]                                                                                      Best trial: 0. Best value: 0.325805:  64%|██████▍   | 129/200 [06:51<03:45,  3.17s/it]Best trial: 0. Best value: 0.325805:  64%|██████▍   | 129/200 [06:51<03:45,  3.17s/it]Best trial: 0. Best value: 0.325805:  65%|██████▌   | 130/200 [06:51<03:40,  3.15s/it]                                                                                      Best trial: 0. Best value: 0.325805:  65%|██████▌   | 130/200 [06:54<03:40,  3.15s/it]Best trial: 0. Best value: 0.325805:  65%|██████▌   | 130/200 [06:54<03:40,  3.15s/it]Best trial: 0. Best value: 0.325805:  66%|██████▌   | 131/200 [06:54<03:36,  3.14s/it]                                                                                      Best trial: 0. Best value: 0.325805:  66%|██████▌   | 131/200 [06:58<03:36,  3.14s/it]Best trial: 0. Best value: 0.325805:  66%|██████▌   | 131/200 [06:58<03:36,  3.14s/it]Best trial: 0. Best value: 0.325805:  66%|██████▌   | 132/200 [06:58<03:34,  3.15s/it]                                                                                      
[I 2026-04-11 20:54:25,856] Trial 114 finished with value: 0.3258046106584057 and parameters: {'parameters.max_depth': 9, 'parameters.learning_rate': 0.0027842022334173223, 'parameters.subsample': 0.8311783974330456, 'parameters.colsample_bytree': 0.6206001570829536, 'parameters.gamma': 0.4439107652439445, 'parameters.reg_lambda': 3.5757544423522694, 'parameters.min_child_weight': 2}. Best is trial 0 with value: 0.3258046106584057.
[I 2026-04-11 20:54:29,115] Trial 115 finished with value: 0.3258046106584057 and parameters: {'parameters.max_depth': 23, 'parameters.learning_rate': 0.023362533953078805, 'parameters.subsample': 0.6145533938098, 'parameters.colsample_bytree': 0.6548192527128194, 'parameters.gamma': 0.08524538169053628, 'parameters.reg_lambda': 2.1631836601161765, 'parameters.min_child_weight': 1}. Best is trial 0 with value: 0.3258046106584057.
[I 2026-04-11 20:54:32,290] Trial 116 finished with value: 0.3258046106584057 and parameters: {'parameters.max_depth': 29, 'parameters.learning_rate': 0.015899981434769478, 'parameters.subsample': 0.8824279886269191, 'parameters.colsample_bytree': 0.7857716320700125, 'parameters.gamma': 1.9508109230662725, 'parameters.reg_lambda': 0.7918861560308795, 'parameters.min_child_weight': 1}. Best is trial 0 with value: 0.3258046106584057.
[I 2026-04-11 20:54:35,511] Trial 117 finished with value: 0.3258046106584057 and parameters: {'parameters.max_depth': 5, 'parameters.learning_rate': 0.003629892405614429, 'parameters.subsample': 0.8394349885054508, 'parameters.colsample_bytree': 0.8095046981858752, 'parameters.gamma': 0.015328375697740301, 'parameters.reg_lambda': 3.9277145028489056, 'parameters.min_child_weight': 4}. Best is trial 0 with value: 0.3258046106584057.
[I 2026-04-11 20:54:38,678] Trial 118 finished with value: 0.3258046106584057 and parameters: {'parameters.max_depth': 6, 'parameters.learning_rate': 0.011552646497935382, 'parameters.subsample': 0.7832563582836197, 'parameters.colsample_bytree': 0.8261406808309021, 'parameters.gamma': 0.024605788884248015, 'parameters.reg_lambda': 1.0349386175217659, 'parameters.min_child_weight': 7}. Best is trial 0 with value: 0.3258046106584057.
[I 2026-04-11 20:54:41,826] Trial 119 finished with value: 0.3258046106584057 and parameters: {'parameters.max_depth': 7, 'parameters.learning_rate': 0.007060291350334018, 'parameters.subsample': 0.8668673472650545, 'parameters.colsample_bytree': 0.9190298369547243, 'parameters.gamma': 0.011329394944166545, 'parameters.reg_lambda': 2.6796824043052334, 'parameters.min_child_weight': 6}. Best is trial 0 with value: 0.3258046106584057.
[I 2026-04-11 20:54:45,117] Trial 120 finished with value: 0.3258046106584057 and parameters: {'parameters.max_depth': 12, 'parameters.learning_rate': 0.0021130503503734273, 'parameters.subsample': 0.8552684991131256, 'parameters.colsample_bytree': 0.8719004799093266, 'parameters.gamma': 0.14362388421311154, 'parameters.reg_lambda': 1.5112446060418911, 'parameters.min_child_weight': 10}. Best is trial 0 with value: 0.3258046106584057.
[I 2026-04-11 20:54:48,316] Trial 121 finished with value: 0.3258046106584057 and parameters: {'parameters.max_depth': 24, 'parameters.learning_rate': 0.014308066517735044, 'parameters.subsample': 0.9481855825637435, 'parameters.colsample_bytree': 0.8414912146883966, 'parameters.gamma': 0.8666611711089054, 'parameters.reg_lambda': 0.6668823628777373, 'parameters.min_child_weight': 3}. Best is trial 0 with value: 0.3258046106584057.
[I 2026-04-11 20:54:51,444] Trial 122 finished with value: 0.3258046106584057 and parameters: {'parameters.max_depth': 25, 'parameters.learning_rate': 0.012367727734008195, 'parameters.subsample': 0.9231653348263321, 'parameters.colsample_bytree': 0.9025729007693732, 'parameters.gamma': 0.03422084868381245, 'parameters.reg_lambda': 3.4039022852707537, 'parameters.min_child_weight': 3}. Best is trial 0 with value: 0.3258046106584057.
[I 2026-04-11 20:54:54,550] Trial 123 finished with value: 0.3258046106584057 and parameters: {'parameters.max_depth': 26, 'parameters.learning_rate': 0.004792256573046432, 'parameters.subsample': 0.9734703851080188, 'parameters.colsample_bytree': 0.8906888936519947, 'parameters.gamma': 0.003967520097114451, 'parameters.reg_lambda': 2.9260677705787366, 'parameters.min_child_weight': 3}. Best is trial 0 with value: 0.3258046106584057.
[I 2026-04-11 20:54:57,684] Trial 124 finished with value: 0.3258046106584057 and parameters: {'parameters.max_depth': 22, 'parameters.learning_rate': 0.004268372172076303, 'parameters.subsample': 0.9568719251016008, 'parameters.colsample_bytree': 0.8567632116305329, 'parameters.gamma': 0.005082985339315257, 'parameters.reg_lambda': 2.307599479436768, 'parameters.min_child_weight': 5}. Best is trial 0 with value: 0.3258046106584057.
[I 2026-04-11 20:55:00,833] Trial 125 finished with value: 0.3258046106584057 and parameters: {'parameters.max_depth': 10, 'parameters.learning_rate': 0.01691587963379221, 'parameters.subsample': 0.7005012266410666, 'parameters.colsample_bytree': 0.8478071712429388, 'parameters.gamma': 0.00907091441312446, 'parameters.reg_lambda': 2.428846431398563, 'parameters.min_child_weight': 1}. Best is trial 0 with value: 0.3258046106584057.
[I 2026-04-11 20:55:04,061] Trial 126 finished with value: 0.3258046106584057 and parameters: {'parameters.max_depth': 21, 'parameters.learning_rate': 0.018380558642235395, 'parameters.subsample': 0.9799363409131366, 'parameters.colsample_bytree': 0.8335143889801221, 'parameters.gamma': 0.007168505653767541, 'parameters.reg_lambda': 1.9703208770411125, 'parameters.min_child_weight': 10}. Best is trial 0 with value: 0.3258046106584057.
[I 2026-04-11 20:55:07,266] Trial 127 finished with value: 0.3258046106584057 and parameters: {'parameters.max_depth': 27, 'parameters.learning_rate': 0.003217138331489403, 'parameters.subsample': 0.9956182094430873, 'parameters.colsample_bytree': 0.6070924534216411, 'parameters.gamma': 0.0013298552973733228, 'parameters.reg_lambda': 2.056155680949112, 'parameters.min_child_weight': 2}. Best is trial 0 with value: 0.3258046106584057.
[I 2026-04-11 20:55:10,416] Trial 128 finished with value: 0.3258046106584057 and parameters: {'parameters.max_depth': 23, 'parameters.learning_rate': 0.009554209014960673, 'parameters.subsample': 0.8801257811115335, 'parameters.colsample_bytree': 0.6167381137959284, 'parameters.gamma': 1.0482054151582842, 'parameters.reg_lambda': 0.5519608647506599, 'parameters.min_child_weight': 6}. Best is trial 0 with value: 0.3258046106584057.
[I 2026-04-11 20:55:13,512] Trial 129 finished with value: 0.3258046106584057 and parameters: {'parameters.max_depth': 28, 'parameters.learning_rate': 0.020003049975950066, 'parameters.subsample': 0.7975287140418488, 'parameters.colsample_bytree': 0.9479544238307601, 'parameters.gamma': 1.4636752695484891, 'parameters.reg_lambda': 2.649506538815327, 'parameters.min_child_weight': 10}. Best is trial 0 with value: 0.3258046106584057.
[I 2026-04-11 20:55:16,636] Trial 130 finished with value: 0.3258046106584057 and parameters: {'parameters.max_depth': 4, 'parameters.learning_rate': 0.003956545836027796, 'parameters.subsample': 0.9122408362711592, 'parameters.colsample_bytree': 0.9738293715917117, 'parameters.gamma': 0.04602293333599159, 'parameters.reg_lambda': 0.6044401831531664, 'parameters.min_child_weight': 9}. Best is trial 0 with value: 0.3258046106584057.
[I 2026-04-11 20:55:19,810] Trial 131 finished with value: 0.3258046106584057 and parameters: {'parameters.max_depth': 13, 'parameters.learning_rate': 0.008904146103770383, 'parameters.subsample': 0.89277774062952, 'parameters.colsample_bytree': 0.74040404373764, 'parameters.gamma': 1.572563061710458, 'parameters.reg_lambda': 3.809215557544144, 'parameters.min_child_weight': 3}. Best is trial 0 with value: 0.3258046106584057.
