[I 2026-04-11 21:06:04,829] Trial 132 finished with value: 0.3419311770058864 and parameters: {'parameters.max_depth': 27, 'parameters.learning_rate': 0.006050222621433666, 'parameters.subsample': 0.9381686785888084, 'parameters.colsample_bytree': 0.6144783180233846, 'parameters.reg_alpha': 0.34180776205331265, 'parameters.reg_lambda': 1.7622402904742784, 'parameters.min_child_samples': 29}. Best is trial 0 with value: 0.3419311770058864.Best trial: 0. Best value: 0.341931:  66%|██████▌   | 132/200 [07:05<03:37,  3.21s/it]Best trial: 0. Best value: 0.341931:  66%|██████▌   | 132/200 [07:05<03:37,  3.21s/it]Best trial: 0. Best value: 0.341931:  66%|██████▋   | 133/200 [07:05<03:35,  3.21s/it]                                                                                      Best trial: 0. Best value: 0.341931:  66%|██████▋   | 133/200 [07:08<03:35,  3.21s/it]Best trial: 0. Best value: 0.341931:  66%|██████▋   | 133/200 [07:08<03:35,  3.21s/it]Best trial: 0. Best value: 0.341931:  67%|██████▋   | 134/200 [07:08<03:32,  3.23s/it]                                                                                      Best trial: 0. Best value: 0.341931:  67%|██████▋   | 134/200 [07:11<03:32,  3.23s/it]Best trial: 0. Best value: 0.341931:  67%|██████▋   | 134/200 [07:11<03:32,  3.23s/it]Best trial: 0. Best value: 0.341931:  68%|██████▊   | 135/200 [07:11<03:29,  3.23s/it]                                                                                      Best trial: 0. Best value: 0.341931:  68%|██████▊   | 135/200 [07:14<03:29,  3.23s/it]Best trial: 0. Best value: 0.341931:  68%|██████▊   | 135/200 [07:14<03:29,  3.23s/it]Best trial: 0. Best value: 0.341931:  68%|██████▊   | 136/200 [07:14<03:24,  3.20s/it]                                                                                      Best trial: 0. Best value: 0.341931:  68%|██████▊   | 136/200 [07:17<03:24,  3.20s/it]Best trial: 0. Best value: 0.341931:  68%|██████▊   | 136/200 [07:17<03:24,  3.20s/it]Best trial: 0. Best value: 0.341931:  68%|██████▊   | 137/200 [07:17<03:21,  3.20s/it]                                                                                      Best trial: 0. Best value: 0.341931:  68%|██████▊   | 137/200 [07:21<03:21,  3.20s/it]Best trial: 0. Best value: 0.341931:  68%|██████▊   | 137/200 [07:21<03:21,  3.20s/it]Best trial: 0. Best value: 0.341931:  69%|██████▉   | 138/200 [07:21<03:18,  3.20s/it]                                                                                      Best trial: 0. Best value: 0.341931:  69%|██████▉   | 138/200 [07:24<03:18,  3.20s/it]Best trial: 0. Best value: 0.341931:  69%|██████▉   | 138/200 [07:24<03:18,  3.20s/it]Best trial: 0. Best value: 0.341931:  70%|██████▉   | 139/200 [07:24<03:15,  3.21s/it]                                                                                      Best trial: 0. Best value: 0.341931:  70%|██████▉   | 139/200 [07:27<03:15,  3.21s/it]Best trial: 0. Best value: 0.341931:  70%|██████▉   | 139/200 [07:27<03:15,  3.21s/it]Best trial: 0. Best value: 0.341931:  70%|███████   | 140/200 [07:27<03:11,  3.19s/it]                                                                                      Best trial: 0. Best value: 0.341931:  70%|███████   | 140/200 [07:30<03:11,  3.19s/it]Best trial: 0. Best value: 0.341931:  70%|███████   | 140/200 [07:30<03:11,  3.19s/it]Best trial: 0. Best value: 0.341931:  70%|███████   | 141/200 [07:30<03:07,  3.18s/it]                                                                                      Best trial: 0. Best value: 0.341931:  70%|███████   | 141/200 [07:33<03:07,  3.18s/it]Best trial: 141. Best value: 0.341931:  70%|███████   | 141/200 [07:33<03:07,  3.18s/it]Best trial: 141. Best value: 0.341931:  71%|███████   | 142/200 [07:33<03:04,  3.18s/it]                                                                                        Best trial: 141. Best value: 0.341931:  71%|███████   | 142/200 [07:37<03:04,  3.18s/it]Best trial: 141. Best value: 0.341931:  71%|███████   | 142/200 [07:37<03:04,  3.18s/it]Best trial: 141. Best value: 0.341931:  72%|███████▏  | 143/200 [07:37<03:01,  3.19s/it]                                                                                        Best trial: 141. Best value: 0.341931:  72%|███████▏  | 143/200 [07:40<03:01,  3.19s/it]Best trial: 141. Best value: 0.341931:  72%|███████▏  | 143/200 [07:40<03:01,  3.19s/it]Best trial: 141. Best value: 0.341931:  72%|███████▏  | 144/200 [07:40<02:58,  3.19s/it]                                                                                        Best trial: 141. Best value: 0.341931:  72%|███████▏  | 144/200 [07:43<02:58,  3.19s/it]Best trial: 141. Best value: 0.341931:  72%|███████▏  | 144/200 [07:43<02:58,  3.19s/it]Best trial: 141. Best value: 0.341931:  72%|███████▎  | 145/200 [07:43<02:55,  3.18s/it]                                                                                        Best trial: 141. Best value: 0.341931:  72%|███████▎  | 145/200 [07:46<02:55,  3.18s/it]Best trial: 141. Best value: 0.341931:  72%|███████▎  | 145/200 [07:46<02:55,  3.18s/it]Best trial: 141. Best value: 0.341931:  73%|███████▎  | 146/200 [07:46<02:51,  3.18s/it]                                                                                        Best trial: 141. Best value: 0.341931:  73%|███████▎  | 146/200 [07:49<02:51,  3.18s/it]Best trial: 141. Best value: 0.341931:  73%|███████▎  | 146/200 [07:49<02:51,  3.18s/it]Best trial: 141. Best value: 0.341931:  74%|███████▎  | 147/200 [07:49<02:47,  3.16s/it]                                                                                        Best trial: 141. Best value: 0.341931:  74%|███████▎  | 147/200 [07:52<02:47,  3.16s/it]Best trial: 141. Best value: 0.341931:  74%|███████▎  | 147/200 [07:52<02:47,  3.16s/it]Best trial: 141. Best value: 0.341931:  74%|███████▍  | 148/200 [07:52<02:45,  3.18s/it]                                                                                        Best trial: 141. Best value: 0.341931:  74%|███████▍  | 148/200 [07:56<02:45,  3.18s/it]Best trial: 141. Best value: 0.341931:  74%|███████▍  | 148/200 [07:56<02:45,  3.18s/it]Best trial: 141. Best value: 0.341931:  74%|███████▍  | 149/200 [07:56<02:41,  3.17s/it]                                                                                        Best trial: 141. Best value: 0.341931:  74%|███████▍  | 149/200 [07:59<02:41,  3.17s/it]Best trial: 141. Best value: 0.341931:  74%|███████▍  | 149/200 [07:59<02:41,  3.17s/it]Best trial: 141. Best value: 0.341931:  75%|███████▌  | 150/200 [07:59<02:39,  3.19s/it]                                                                                        Best trial: 141. Best value: 0.341931:  75%|███████▌  | 150/200 [08:02<02:39,  3.19s/it]Best trial: 141. Best value: 0.341931:  75%|███████▌  | 150/200 [08:02<02:39,  3.19s/it]Best trial: 141. Best value: 0.341931:  76%|███████▌  | 151/200 [08:02<02:36,  3.19s/it]                                                                                        
[I 2026-04-11 21:06:08,090] Trial 133 finished with value: 0.3419311770058864 and parameters: {'parameters.max_depth': 30, 'parameters.learning_rate': 0.0054312867655206985, 'parameters.subsample': 0.7641398582150719, 'parameters.colsample_bytree': 0.6318895678233457, 'parameters.reg_alpha': 0.021755085372207873, 'parameters.reg_lambda': 1.5753293437496727, 'parameters.min_child_samples': 39}. Best is trial 0 with value: 0.3419311770058864.
[I 2026-04-11 21:06:11,323] Trial 134 finished with value: 0.3419311770058864 and parameters: {'parameters.max_depth': 20, 'parameters.learning_rate': 0.002745326655906965, 'parameters.subsample': 0.6010272373988805, 'parameters.colsample_bytree': 0.620642837710414, 'parameters.reg_alpha': 0.001328989333667806, 'parameters.reg_lambda': 4.000019276280741, 'parameters.min_child_samples': 37}. Best is trial 0 with value: 0.3419311770058864.
[I 2026-04-11 21:06:14,467] Trial 135 finished with value: 0.3419311770058864 and parameters: {'parameters.max_depth': 17, 'parameters.learning_rate': 0.003642928363238483, 'parameters.subsample': 0.9106114535706883, 'parameters.colsample_bytree': 0.6006373584996151, 'parameters.reg_alpha': 0.24715192391830051, 'parameters.reg_lambda': 1.8562660414812115, 'parameters.min_child_samples': 53}. Best is trial 0 with value: 0.3419311770058864.
[I 2026-04-11 21:06:17,644] Trial 136 finished with value: 0.3419311770058864 and parameters: {'parameters.max_depth': 22, 'parameters.learning_rate': 0.002456341515737557, 'parameters.subsample': 0.8921377153446567, 'parameters.colsample_bytree': 0.6446291804151087, 'parameters.reg_alpha': 1.666064719977829, 'parameters.reg_lambda': 1.4903906252204713, 'parameters.min_child_samples': 26}. Best is trial 0 with value: 0.3419311770058864.
[I 2026-04-11 21:06:20,846] Trial 137 finished with value: 0.3419311770058864 and parameters: {'parameters.max_depth': 27, 'parameters.learning_rate': 0.008158498171128679, 'parameters.subsample': 0.9510805277835984, 'parameters.colsample_bytree': 0.962887981315954, 'parameters.reg_alpha': 0.10587735315945428, 'parameters.reg_lambda': 3.688327422123512, 'parameters.min_child_samples': 88}. Best is trial 0 with value: 0.3419311770058864.
[I 2026-04-11 21:06:24,070] Trial 138 finished with value: 0.3419311770058864 and parameters: {'parameters.max_depth': 13, 'parameters.learning_rate': 0.0033572357924450047, 'parameters.subsample': 0.9160423255378405, 'parameters.colsample_bytree': 0.7220343635007617, 'parameters.reg_alpha': 0.3999354746582281, 'parameters.reg_lambda': 0.9241430986295008, 'parameters.min_child_samples': 34}. Best is trial 0 with value: 0.3419311770058864.
[I 2026-04-11 21:06:27,225] Trial 139 finished with value: 0.3419311770058864 and parameters: {'parameters.max_depth': 29, 'parameters.learning_rate': 0.018175378313362984, 'parameters.subsample': 0.8648671226417791, 'parameters.colsample_bytree': 0.9091686706315806, 'parameters.reg_alpha': 0.16587796488365786, 'parameters.reg_lambda': 3.455130616516418, 'parameters.min_child_samples': 15}. Best is trial 0 with value: 0.3419311770058864.
[I 2026-04-11 21:06:30,396] Trial 140 finished with value: 0.3419311770058864 and parameters: {'parameters.max_depth': 5, 'parameters.learning_rate': 0.007635351463900101, 'parameters.subsample': 0.6403918860215926, 'parameters.colsample_bytree': 0.7859709230179652, 'parameters.reg_alpha': 1.3749726184586353, 'parameters.reg_lambda': 0.7770326716215017, 'parameters.min_child_samples': 18}. Best is trial 0 with value: 0.3419311770058864.
[I 2026-04-11 21:06:33,571] Trial 141 finished with value: 0.3419311770058863 and parameters: {'parameters.max_depth': 15, 'parameters.learning_rate': 0.01978439996817336, 'parameters.subsample': 0.7504521112141714, 'parameters.colsample_bytree': 0.8866445595379726, 'parameters.reg_alpha': 0.059510051308167534, 'parameters.reg_lambda': 0.6329508665653295, 'parameters.min_child_samples': 31}. Best is trial 141 with value: 0.3419311770058863.
[I 2026-04-11 21:06:36,771] Trial 142 finished with value: 0.3419311770058864 and parameters: {'parameters.max_depth': 14, 'parameters.learning_rate': 0.011136934726707058, 'parameters.subsample': 0.7479836482534261, 'parameters.colsample_bytree': 0.8889828107999656, 'parameters.reg_alpha': 0.0712375641325418, 'parameters.reg_lambda': 0.6733016437411589, 'parameters.min_child_samples': 31}. Best is trial 141 with value: 0.3419311770058863.
[I 2026-04-11 21:06:39,962] Trial 143 finished with value: 0.34193117700588643 and parameters: {'parameters.max_depth': 15, 'parameters.learning_rate': 0.00887931622244606, 'parameters.subsample': 0.7868833047652242, 'parameters.colsample_bytree': 0.8647673168207154, 'parameters.reg_alpha': 0.04674192418182864, 'parameters.reg_lambda': 0.5815579164882216, 'parameters.min_child_samples': 33}. Best is trial 141 with value: 0.3419311770058863.
[I 2026-04-11 21:06:43,138] Trial 144 finished with value: 0.3419311770058864 and parameters: {'parameters.max_depth': 16, 'parameters.learning_rate': 0.019560098274828096, 'parameters.subsample': 0.736025565764841, 'parameters.colsample_bytree': 0.9240561070236547, 'parameters.reg_alpha': 0.5000279655932723, 'parameters.reg_lambda': 0.6165295444631702, 'parameters.min_child_samples': 41}. Best is trial 141 with value: 0.3419311770058863.
[I 2026-04-11 21:06:46,301] Trial 145 finished with value: 0.3419311770058864 and parameters: {'parameters.max_depth': 12, 'parameters.learning_rate': 0.01924208445093707, 'parameters.subsample': 0.7689612611708453, 'parameters.colsample_bytree': 0.8516600267453063, 'parameters.reg_alpha': 0.003115971469332834, 'parameters.reg_lambda': 1.1744310042391766, 'parameters.min_child_samples': 29}. Best is trial 141 with value: 0.3419311770058863.
[I 2026-04-11 21:06:49,405] Trial 146 finished with value: 0.34193117700588643 and parameters: {'parameters.max_depth': 18, 'parameters.learning_rate': 0.016805937337731367, 'parameters.subsample': 0.9906081828111006, 'parameters.colsample_bytree': 0.8700189992100178, 'parameters.reg_alpha': 0.08108419033330416, 'parameters.reg_lambda': 0.6567207354270538, 'parameters.min_child_samples': 25}. Best is trial 141 with value: 0.3419311770058863.
[I 2026-04-11 21:06:52,627] Trial 147 finished with value: 0.3419311770058864 and parameters: {'parameters.max_depth': 13, 'parameters.learning_rate': 0.01577752974555694, 'parameters.subsample': 0.7544113729732661, 'parameters.colsample_bytree': 0.8814428490370888, 'parameters.reg_alpha': 0.002385295346376284, 'parameters.reg_lambda': 4.47758856608611, 'parameters.min_child_samples': 64}. Best is trial 141 with value: 0.3419311770058863.
[I 2026-04-11 21:06:55,787] Trial 148 finished with value: 0.3419311770058864 and parameters: {'parameters.max_depth': 25, 'parameters.learning_rate': 0.004789083672694378, 'parameters.subsample': 0.8514744261880113, 'parameters.colsample_bytree': 0.6102839878280971, 'parameters.reg_alpha': 0.005089355030651197, 'parameters.reg_lambda': 2.877144704133559, 'parameters.min_child_samples': 13}. Best is trial 141 with value: 0.3419311770058863.
[I 2026-04-11 21:06:59,008] Trial 149 finished with value: 0.3419311770058864 and parameters: {'parameters.max_depth': 14, 'parameters.learning_rate': 0.01806834921189626, 'parameters.subsample': 0.6797081985469825, 'parameters.colsample_bytree': 0.7094855820470102, 'parameters.reg_alpha': 1.964678288904108, 'parameters.reg_lambda': 1.6728722760742893, 'parameters.min_child_samples': 50}. Best is trial 141 with value: 0.3419311770058863.
[I 2026-04-11 21:07:02,202] Trial 150 finished with value: 0.3419311770058864 and parameters: {'parameters.max_depth': 15, 'parameters.learning_rate': 0.00731350981756358, 'parameters.subsample': 0.7052271498354312, 'parameters.colsample_bytree': 0.8350557529687836, 'parameters.reg_alpha': 0.030303915382054392, 'parameters.reg_lambda': 1.04410023185552, 'parameters.min_child_samples': 28}. Best is trial 141 with value: 0.3419311770058863.
