[I 2026-04-11 20:24:48,016] Trial 151 finished with value: 0.34193117700588643 and parameters: {'parameters.max_depth': 19, 'parameters.learning_rate': 0.017826675733782965, 'parameters.subsample': 0.7707393584817618, 'parameters.colsample_bytree': 0.9676755489989725, 'parameters.reg_alpha': 0.115101533107701, 'parameters.reg_lambda': 4.935242298307942, 'parameters.min_child_samples': 25}. Best is trial 97 with value: 0.3419311770058863.Best trial: 97. Best value: 0.341931:  76%|███████▌  | 151/200 [08:04<02:36,  3.19s/it]Best trial: 97. Best value: 0.341931:  76%|███████▌  | 151/200 [08:04<02:36,  3.19s/it]Best trial: 97. Best value: 0.341931:  76%|███████▌  | 152/200 [08:04<02:32,  3.18s/it]                                                                                       Best trial: 97. Best value: 0.341931:  76%|███████▌  | 152/200 [08:07<02:32,  3.18s/it]Best trial: 97. Best value: 0.341931:  76%|███████▌  | 152/200 [08:07<02:32,  3.18s/it]Best trial: 97. Best value: 0.341931:  76%|███████▋  | 153/200 [08:07<02:29,  3.18s/it]                                                                                       Best trial: 97. Best value: 0.341931:  76%|███████▋  | 153/200 [08:10<02:29,  3.18s/it]Best trial: 97. Best value: 0.341931:  76%|███████▋  | 153/200 [08:10<02:29,  3.18s/it]Best trial: 97. Best value: 0.341931:  77%|███████▋  | 154/200 [08:10<02:26,  3.19s/it]                                                                                       Best trial: 97. Best value: 0.341931:  77%|███████▋  | 154/200 [08:13<02:26,  3.19s/it]Best trial: 97. Best value: 0.341931:  77%|███████▋  | 154/200 [08:13<02:26,  3.19s/it]Best trial: 97. Best value: 0.341931:  78%|███████▊  | 155/200 [08:13<02:23,  3.19s/it]                                                                                       Best trial: 97. Best value: 0.341931:  78%|███████▊  | 155/200 [08:17<02:23,  3.19s/it]Best trial: 97. Best value: 0.341931:  78%|███████▊  | 155/200 [08:17<02:23,  3.19s/it]Best trial: 97. Best value: 0.341931:  78%|███████▊  | 156/200 [08:17<02:20,  3.19s/it]                                                                                       Best trial: 97. Best value: 0.341931:  78%|███████▊  | 156/200 [08:20<02:20,  3.19s/it]Best trial: 97. Best value: 0.341931:  78%|███████▊  | 156/200 [08:20<02:20,  3.19s/it]Best trial: 97. Best value: 0.341931:  78%|███████▊  | 157/200 [08:20<02:17,  3.19s/it]                                                                                       Best trial: 97. Best value: 0.341931:  78%|███████▊  | 157/200 [08:23<02:17,  3.19s/it]Best trial: 97. Best value: 0.341931:  78%|███████▊  | 157/200 [08:23<02:17,  3.19s/it]Best trial: 97. Best value: 0.341931:  79%|███████▉  | 158/200 [08:23<02:14,  3.19s/it]                                                                                       Best trial: 97. Best value: 0.341931:  79%|███████▉  | 158/200 [08:26<02:14,  3.19s/it]Best trial: 97. Best value: 0.341931:  79%|███████▉  | 158/200 [08:26<02:14,  3.19s/it]Best trial: 97. Best value: 0.341931:  80%|███████▉  | 159/200 [08:26<02:10,  3.19s/it]                                                                                       Best trial: 97. Best value: 0.341931:  80%|███████▉  | 159/200 [08:29<02:10,  3.19s/it]Best trial: 97. Best value: 0.341931:  80%|███████▉  | 159/200 [08:29<02:10,  3.19s/it]Best trial: 97. Best value: 0.341931:  80%|████████  | 160/200 [08:29<02:07,  3.19s/it]                                                                                       Best trial: 97. Best value: 0.341931:  80%|████████  | 160/200 [08:32<02:07,  3.19s/it]Best trial: 97. Best value: 0.341931:  80%|████████  | 160/200 [08:32<02:07,  3.19s/it]Best trial: 97. Best value: 0.341931:  80%|████████  | 161/200 [08:32<02:03,  3.17s/it]                                                                                       Best trial: 97. Best value: 0.341931:  80%|████████  | 161/200 [08:36<02:03,  3.17s/it]Best trial: 97. Best value: 0.341931:  80%|████████  | 161/200 [08:36<02:03,  3.17s/it]Best trial: 97. Best value: 0.341931:  81%|████████  | 162/200 [08:36<02:00,  3.16s/it]                                                                                       Best trial: 97. Best value: 0.341931:  81%|████████  | 162/200 [08:39<02:00,  3.16s/it]Best trial: 97. Best value: 0.341931:  81%|████████  | 162/200 [08:39<02:00,  3.16s/it]Best trial: 97. Best value: 0.341931:  82%|████████▏ | 163/200 [08:39<01:57,  3.18s/it]                                                                                       Best trial: 97. Best value: 0.341931:  82%|████████▏ | 163/200 [08:42<01:57,  3.18s/it]Best trial: 97. Best value: 0.341931:  82%|████████▏ | 163/200 [08:42<01:57,  3.18s/it]Best trial: 97. Best value: 0.341931:  82%|████████▏ | 164/200 [08:42<01:54,  3.18s/it]                                                                                       Best trial: 97. Best value: 0.341931:  82%|████████▏ | 164/200 [08:45<01:54,  3.18s/it]Best trial: 97. Best value: 0.341931:  82%|████████▏ | 164/200 [08:45<01:54,  3.18s/it]Best trial: 97. Best value: 0.341931:  82%|████████▎ | 165/200 [08:45<01:50,  3.15s/it]                                                                                       Best trial: 97. Best value: 0.341931:  82%|████████▎ | 165/200 [08:48<01:50,  3.15s/it]Best trial: 97. Best value: 0.341931:  82%|████████▎ | 165/200 [08:48<01:50,  3.15s/it]Best trial: 97. Best value: 0.341931:  83%|████████▎ | 166/200 [08:48<01:47,  3.17s/it]                                                                                       Best trial: 97. Best value: 0.341931:  83%|████████▎ | 166/200 [08:51<01:47,  3.17s/it]Best trial: 97. Best value: 0.341931:  83%|████████▎ | 166/200 [08:51<01:47,  3.17s/it]Best trial: 97. Best value: 0.341931:  84%|████████▎ | 167/200 [08:51<01:44,  3.17s/it]                                                                                       Best trial: 97. Best value: 0.341931:  84%|████████▎ | 167/200 [08:55<01:44,  3.17s/it]Best trial: 97. Best value: 0.341931:  84%|████████▎ | 167/200 [08:55<01:44,  3.17s/it]Best trial: 97. Best value: 0.341931:  84%|████████▍ | 168/200 [08:55<01:41,  3.17s/it]                                                                                       Best trial: 97. Best value: 0.341931:  84%|████████▍ | 168/200 [08:58<01:41,  3.17s/it]Best trial: 97. Best value: 0.341931:  84%|████████▍ | 168/200 [08:58<01:41,  3.17s/it]Best trial: 97. Best value: 0.341931:  84%|████████▍ | 169/200 [08:58<01:38,  3.18s/it]                                                                                       Best trial: 97. Best value: 0.341931:  84%|████████▍ | 169/200 [09:01<01:38,  3.18s/it]Best trial: 97. Best value: 0.341931:  84%|████████▍ | 169/200 [09:01<01:38,  3.18s/it]Best trial: 97. Best value: 0.341931:  85%|████████▌ | 170/200 [09:01<01:34,  3.16s/it]                                                                                       
[I 2026-04-11 20:24:51,194] Trial 152 finished with value: 0.3419311770058864 and parameters: {'parameters.max_depth': 17, 'parameters.learning_rate': 0.019251998286477518, 'parameters.subsample': 0.9390976083425384, 'parameters.colsample_bytree': 0.9549617399849271, 'parameters.reg_alpha': 0.08715680695650696, 'parameters.reg_lambda': 4.607173287650621, 'parameters.min_child_samples': 20}. Best is trial 97 with value: 0.3419311770058863.
[I 2026-04-11 20:24:54,400] Trial 153 finished with value: 0.34193117700588643 and parameters: {'parameters.max_depth': 15, 'parameters.learning_rate': 0.011334345634800572, 'parameters.subsample': 0.9173119521239572, 'parameters.colsample_bytree': 0.8749010164305779, 'parameters.reg_alpha': 0.05386924560847144, 'parameters.reg_lambda': 3.738395380837886, 'parameters.min_child_samples': 14}. Best is trial 97 with value: 0.3419311770058863.
[I 2026-04-11 20:24:57,587] Trial 154 finished with value: 0.3419311770058864 and parameters: {'parameters.max_depth': 7, 'parameters.learning_rate': 0.019810700679216576, 'parameters.subsample': 0.7657866619547447, 'parameters.colsample_bytree': 0.8331963980977427, 'parameters.reg_alpha': 0.06382045416201639, 'parameters.reg_lambda': 3.176271654502359, 'parameters.min_child_samples': 73}. Best is trial 97 with value: 0.3419311770058863.
[I 2026-04-11 20:25:00,769] Trial 155 finished with value: 0.3419311770058864 and parameters: {'parameters.max_depth': 22, 'parameters.learning_rate': 0.007331341389849346, 'parameters.subsample': 0.7791337010798016, 'parameters.colsample_bytree': 0.8881052305960758, 'parameters.reg_alpha': 0.0010180268565917788, 'parameters.reg_lambda': 4.7740533847596485, 'parameters.min_child_samples': 16}. Best is trial 97 with value: 0.3419311770058863.
[I 2026-04-11 20:25:03,966] Trial 156 finished with value: 0.34193117700588643 and parameters: {'parameters.max_depth': 20, 'parameters.learning_rate': 0.01317777825829117, 'parameters.subsample': 0.7595300222628508, 'parameters.colsample_bytree': 0.6323309976045353, 'parameters.reg_alpha': 0.003900101660932151, 'parameters.reg_lambda': 4.089289145615827, 'parameters.min_child_samples': 27}. Best is trial 97 with value: 0.3419311770058863.
[I 2026-04-11 20:25:07,165] Trial 157 finished with value: 0.3419311770058864 and parameters: {'parameters.max_depth': 30, 'parameters.learning_rate': 0.004200384730905985, 'parameters.subsample': 0.7498503193177228, 'parameters.colsample_bytree': 0.90990234110149, 'parameters.reg_alpha': 0.0622069091546937, 'parameters.reg_lambda': 0.7917324271792439, 'parameters.min_child_samples': 22}. Best is trial 97 with value: 0.3419311770058863.
[I 2026-04-11 20:25:10,360] Trial 158 finished with value: 0.3419311770058864 and parameters: {'parameters.max_depth': 25, 'parameters.learning_rate': 0.004756087931240066, 'parameters.subsample': 0.6505710916285076, 'parameters.colsample_bytree': 0.7565425706995625, 'parameters.reg_alpha': 0.10198242110241497, 'parameters.reg_lambda': 0.6028876934838209, 'parameters.min_child_samples': 17}. Best is trial 97 with value: 0.3419311770058863.
[I 2026-04-11 20:25:13,533] Trial 159 finished with value: 0.3419311770058864 and parameters: {'parameters.max_depth': 18, 'parameters.learning_rate': 0.017152668661924237, 'parameters.subsample': 0.7108400907651043, 'parameters.colsample_bytree': 0.8538445568912864, 'parameters.reg_alpha': 0.02553230739598292, 'parameters.reg_lambda': 1.2438166794016905, 'parameters.min_child_samples': 13}. Best is trial 97 with value: 0.3419311770058863.
[I 2026-04-11 20:25:16,656] Trial 160 finished with value: 0.3419311770058864 and parameters: {'parameters.max_depth': 11, 'parameters.learning_rate': 0.00344075303434676, 'parameters.subsample': 0.6763053706037128, 'parameters.colsample_bytree': 0.659897100798176, 'parameters.reg_alpha': 0.03950590406342818, 'parameters.reg_lambda': 1.0247253503282105, 'parameters.min_child_samples': 33}. Best is trial 97 with value: 0.3419311770058863.
[I 2026-04-11 20:25:19,809] Trial 161 finished with value: 0.3419311770058864 and parameters: {'parameters.max_depth': 16, 'parameters.learning_rate': 0.004600587200444232, 'parameters.subsample': 0.7353846409394807, 'parameters.colsample_bytree': 0.7937153681181783, 'parameters.reg_alpha': 0.3350089980979462, 'parameters.reg_lambda': 0.7535695197492612, 'parameters.min_child_samples': 47}. Best is trial 97 with value: 0.3419311770058863.
[I 2026-04-11 20:25:23,034] Trial 162 finished with value: 0.34193117700588643 and parameters: {'parameters.max_depth': 16, 'parameters.learning_rate': 0.005252693094003269, 'parameters.subsample': 0.7250328761957848, 'parameters.colsample_bytree': 0.8107957798565385, 'parameters.reg_alpha': 0.25007457795782523, 'parameters.reg_lambda': 0.6372082299868793, 'parameters.min_child_samples': 54}. Best is trial 97 with value: 0.3419311770058863.
[I 2026-04-11 20:25:26,197] Trial 163 finished with value: 0.34193117700588643 and parameters: {'parameters.max_depth': 18, 'parameters.learning_rate': 0.004336992599748481, 'parameters.subsample': 0.7437230781564653, 'parameters.colsample_bytree': 0.7770180975822721, 'parameters.reg_alpha': 0.18773732950837937, 'parameters.reg_lambda': 0.7769516671677876, 'parameters.min_child_samples': 59}. Best is trial 97 with value: 0.3419311770058863.
[I 2026-04-11 20:25:29,288] Trial 164 finished with value: 0.34193117700588643 and parameters: {'parameters.max_depth': 20, 'parameters.learning_rate': 0.0036373608130643555, 'parameters.subsample': 0.6053209262895015, 'parameters.colsample_bytree': 0.9164811177592431, 'parameters.reg_alpha': 0.3679940914732978, 'parameters.reg_lambda': 2.664174656957688, 'parameters.min_child_samples': 52}. Best is trial 97 with value: 0.3419311770058863.
[I 2026-04-11 20:25:32,514] Trial 165 finished with value: 0.3419311770058864 and parameters: {'parameters.max_depth': 6, 'parameters.learning_rate': 0.008707279913885802, 'parameters.subsample': 0.9270766031204161, 'parameters.colsample_bytree': 0.8190589287594938, 'parameters.reg_alpha': 0.016089678060708646, 'parameters.reg_lambda': 1.140710687695268, 'parameters.min_child_samples': 56}. Best is trial 97 with value: 0.3419311770058863.
[I 2026-04-11 20:25:35,662] Trial 166 finished with value: 0.34193117700588643 and parameters: {'parameters.max_depth': 17, 'parameters.learning_rate': 0.014489576651331692, 'parameters.subsample': 0.6188291992833147, 'parameters.colsample_bytree': 0.8032844314782933, 'parameters.reg_alpha': 0.004838311909264802, 'parameters.reg_lambda': 0.6879433975135119, 'parameters.min_child_samples': 49}. Best is trial 97 with value: 0.3419311770058863.
[I 2026-04-11 20:25:38,841] Trial 167 finished with value: 0.34193117700588643 and parameters: {'parameters.max_depth': 14, 'parameters.learning_rate': 0.008077139158331435, 'parameters.subsample': 0.8588543255813541, 'parameters.colsample_bytree': 0.7715697500933687, 'parameters.reg_alpha': 0.1280645993454441, 'parameters.reg_lambda': 0.7225280968854461, 'parameters.min_child_samples': 51}. Best is trial 97 with value: 0.3419311770058863.
[I 2026-04-11 20:25:42,044] Trial 168 finished with value: 0.3419311770058864 and parameters: {'parameters.max_depth': 8, 'parameters.learning_rate': 0.003824652499724026, 'parameters.subsample': 0.8483532065668955, 'parameters.colsample_bytree': 0.685399688592379, 'parameters.reg_alpha': 0.5020353174762067, 'parameters.reg_lambda': 0.5645178959020347, 'parameters.min_child_samples': 24}. Best is trial 97 with value: 0.3419311770058863.
[I 2026-04-11 20:25:45,174] Trial 169 finished with value: 0.34193117700588643 and parameters: {'parameters.max_depth': 19, 'parameters.learning_rate': 0.0046043449225660876, 'parameters.subsample': 0.880933156513147, 'parameters.colsample_bytree': 0.6710063133737691, 'parameters.reg_alpha': 0.28477492979772373, 'parameters.reg_lambda': 3.3692867092855434, 'parameters.min_child_samples': 41}. Best is trial 97 with value: 0.3419311770058863.
