[I 2026-04-11 20:23:47,538] Trial 132 finished with value: 0.34193117700588643 and parameters: {'parameters.max_depth': 14, 'parameters.learning_rate': 0.013736957366050455, 'parameters.subsample': 0.8183427459142362, 'parameters.colsample_bytree': 0.7887765365657635, 'parameters.reg_alpha': 0.0043099565365643765, 'parameters.reg_lambda': 3.556818092298149, 'parameters.min_child_samples': 38}. Best is trial 97 with value: 0.3419311770058863.Best trial: 97. Best value: 0.341931:  66%|██████▌   | 132/200 [07:03<03:35,  3.17s/it]Best trial: 97. Best value: 0.341931:  66%|██████▌   | 132/200 [07:03<03:35,  3.17s/it]Best trial: 97. Best value: 0.341931:  66%|██████▋   | 133/200 [07:03<03:32,  3.18s/it]                                                                                       Best trial: 97. Best value: 0.341931:  66%|██████▋   | 133/200 [07:07<03:32,  3.18s/it]Best trial: 97. Best value: 0.341931:  66%|██████▋   | 133/200 [07:07<03:32,  3.18s/it]Best trial: 97. Best value: 0.341931:  67%|██████▋   | 134/200 [07:07<03:29,  3.18s/it]                                                                                       Best trial: 97. Best value: 0.341931:  67%|██████▋   | 134/200 [07:10<03:29,  3.18s/it]Best trial: 97. Best value: 0.341931:  67%|██████▋   | 134/200 [07:10<03:29,  3.18s/it]Best trial: 97. Best value: 0.341931:  68%|██████▊   | 135/200 [07:10<03:26,  3.17s/it]                                                                                       Best trial: 97. Best value: 0.341931:  68%|██████▊   | 135/200 [07:13<03:26,  3.17s/it]Best trial: 97. Best value: 0.341931:  68%|██████▊   | 135/200 [07:13<03:26,  3.17s/it]Best trial: 97. Best value: 0.341931:  68%|██████▊   | 136/200 [07:13<03:23,  3.18s/it]                                                                                       Best trial: 97. Best value: 0.341931:  68%|██████▊   | 136/200 [07:16<03:23,  3.18s/it]Best trial: 97. Best value: 0.341931:  68%|██████▊   | 136/200 [07:16<03:23,  3.18s/it]Best trial: 97. Best value: 0.341931:  68%|██████▊   | 137/200 [07:16<03:21,  3.19s/it]                                                                                       Best trial: 97. Best value: 0.341931:  68%|██████▊   | 137/200 [07:19<03:21,  3.19s/it]Best trial: 97. Best value: 0.341931:  68%|██████▊   | 137/200 [07:19<03:21,  3.19s/it]Best trial: 97. Best value: 0.341931:  69%|██████▉   | 138/200 [07:19<03:17,  3.19s/it]                                                                                       Best trial: 97. Best value: 0.341931:  69%|██████▉   | 138/200 [07:22<03:17,  3.19s/it]Best trial: 97. Best value: 0.341931:  69%|██████▉   | 138/200 [07:22<03:17,  3.19s/it]Best trial: 97. Best value: 0.341931:  70%|██████▉   | 139/200 [07:22<03:13,  3.18s/it]                                                                                       Best trial: 97. Best value: 0.341931:  70%|██████▉   | 139/200 [07:26<03:13,  3.18s/it]Best trial: 97. Best value: 0.341931:  70%|██████▉   | 139/200 [07:26<03:13,  3.18s/it]Best trial: 97. Best value: 0.341931:  70%|███████   | 140/200 [07:26<03:10,  3.17s/it]                                                                                       Best trial: 97. Best value: 0.341931:  70%|███████   | 140/200 [07:29<03:10,  3.17s/it]Best trial: 97. Best value: 0.341931:  70%|███████   | 140/200 [07:29<03:10,  3.17s/it]Best trial: 97. Best value: 0.341931:  70%|███████   | 141/200 [07:29<03:07,  3.18s/it]                                                                                       Best trial: 97. Best value: 0.341931:  70%|███████   | 141/200 [07:32<03:07,  3.18s/it]Best trial: 97. Best value: 0.341931:  70%|███████   | 141/200 [07:32<03:07,  3.18s/it]Best trial: 97. Best value: 0.341931:  71%|███████   | 142/200 [07:32<03:04,  3.19s/it]                                                                                       Best trial: 97. Best value: 0.341931:  71%|███████   | 142/200 [07:35<03:04,  3.19s/it]Best trial: 97. Best value: 0.341931:  71%|███████   | 142/200 [07:35<03:04,  3.19s/it]Best trial: 97. Best value: 0.341931:  72%|███████▏  | 143/200 [07:35<03:01,  3.18s/it]                                                                                       Best trial: 97. Best value: 0.341931:  72%|███████▏  | 143/200 [07:38<03:01,  3.18s/it]Best trial: 97. Best value: 0.341931:  72%|███████▏  | 143/200 [07:38<03:01,  3.18s/it]Best trial: 97. Best value: 0.341931:  72%|███████▏  | 144/200 [07:38<02:58,  3.19s/it]                                                                                       Best trial: 97. Best value: 0.341931:  72%|███████▏  | 144/200 [07:42<02:58,  3.19s/it]Best trial: 97. Best value: 0.341931:  72%|███████▏  | 144/200 [07:42<02:58,  3.19s/it]Best trial: 97. Best value: 0.341931:  72%|███████▎  | 145/200 [07:42<02:54,  3.18s/it]                                                                                       Best trial: 97. Best value: 0.341931:  72%|███████▎  | 145/200 [07:45<02:54,  3.18s/it]Best trial: 97. Best value: 0.341931:  72%|███████▎  | 145/200 [07:45<02:54,  3.18s/it]Best trial: 97. Best value: 0.341931:  73%|███████▎  | 146/200 [07:45<02:52,  3.19s/it]                                                                                       Best trial: 97. Best value: 0.341931:  73%|███████▎  | 146/200 [07:48<02:52,  3.19s/it]Best trial: 97. Best value: 0.341931:  73%|███████▎  | 146/200 [07:48<02:52,  3.19s/it]Best trial: 97. Best value: 0.341931:  74%|███████▎  | 147/200 [07:48<02:48,  3.19s/it]                                                                                       Best trial: 97. Best value: 0.341931:  74%|███████▎  | 147/200 [07:51<02:48,  3.19s/it]Best trial: 97. Best value: 0.341931:  74%|███████▎  | 147/200 [07:51<02:48,  3.19s/it]Best trial: 97. Best value: 0.341931:  74%|███████▍  | 148/200 [07:51<02:45,  3.18s/it]                                                                                       Best trial: 97. Best value: 0.341931:  74%|███████▍  | 148/200 [07:54<02:45,  3.18s/it]Best trial: 97. Best value: 0.341931:  74%|███████▍  | 148/200 [07:54<02:45,  3.18s/it]Best trial: 97. Best value: 0.341931:  74%|███████▍  | 149/200 [07:54<02:42,  3.18s/it]                                                                                       Best trial: 97. Best value: 0.341931:  74%|███████▍  | 149/200 [07:57<02:42,  3.18s/it]Best trial: 97. Best value: 0.341931:  74%|███████▍  | 149/200 [07:57<02:42,  3.18s/it]Best trial: 97. Best value: 0.341931:  75%|███████▌  | 150/200 [07:57<02:39,  3.19s/it]                                                                                       Best trial: 97. Best value: 0.341931:  75%|███████▌  | 150/200 [08:01<02:39,  3.19s/it]Best trial: 97. Best value: 0.341931:  75%|███████▌  | 150/200 [08:01<02:39,  3.19s/it]Best trial: 97. Best value: 0.341931:  76%|███████▌  | 151/200 [08:01<02:36,  3.19s/it]                                                                                       
[I 2026-04-11 20:23:50,719] Trial 133 finished with value: 0.34193117700588643 and parameters: {'parameters.max_depth': 17, 'parameters.learning_rate': 0.016059971850303976, 'parameters.subsample': 0.8281257376602305, 'parameters.colsample_bytree': 0.7158290957534155, 'parameters.reg_alpha': 0.0054046484894275035, 'parameters.reg_lambda': 3.8259895363610954, 'parameters.min_child_samples': 86}. Best is trial 97 with value: 0.3419311770058863.
[I 2026-04-11 20:23:53,881] Trial 134 finished with value: 0.3419311770058864 and parameters: {'parameters.max_depth': 14, 'parameters.learning_rate': 0.016851476641252278, 'parameters.subsample': 0.838746124361532, 'parameters.colsample_bytree': 0.6948261431765518, 'parameters.reg_alpha': 0.009041325818852676, 'parameters.reg_lambda': 3.3100362117536335, 'parameters.min_child_samples': 44}. Best is trial 97 with value: 0.3419311770058863.
[I 2026-04-11 20:23:57,063] Trial 135 finished with value: 0.3419311770058864 and parameters: {'parameters.max_depth': 15, 'parameters.learning_rate': 0.015084445450371669, 'parameters.subsample': 0.8535063988982518, 'parameters.colsample_bytree': 0.6791326738804991, 'parameters.reg_alpha': 0.0026486951424593125, 'parameters.reg_lambda': 1.4173584240007706, 'parameters.min_child_samples': 15}. Best is trial 97 with value: 0.3419311770058863.
[I 2026-04-11 20:24:00,296] Trial 136 finished with value: 0.34193117700588643 and parameters: {'parameters.max_depth': 27, 'parameters.learning_rate': 0.004049951040283604, 'parameters.subsample': 0.8011771058184878, 'parameters.colsample_bytree': 0.7407577724443934, 'parameters.reg_alpha': 0.0911055115943531, 'parameters.reg_lambda': 0.5325211586364242, 'parameters.min_child_samples': 49}. Best is trial 97 with value: 0.3419311770058863.
[I 2026-04-11 20:24:03,465] Trial 137 finished with value: 0.3419311770058864 and parameters: {'parameters.max_depth': 4, 'parameters.learning_rate': 0.0065656347598563964, 'parameters.subsample': 0.9982190401714903, 'parameters.colsample_bytree': 0.748586694031187, 'parameters.reg_alpha': 0.007859954000680515, 'parameters.reg_lambda': 2.745200149384548, 'parameters.min_child_samples': 47}. Best is trial 97 with value: 0.3419311770058863.
[I 2026-04-11 20:24:06,630] Trial 138 finished with value: 0.34193117700588643 and parameters: {'parameters.max_depth': 20, 'parameters.learning_rate': 0.007780064421945616, 'parameters.subsample': 0.6874714208362468, 'parameters.colsample_bytree': 0.6221099527940029, 'parameters.reg_alpha': 1.610615212251177, 'parameters.reg_lambda': 1.0831965885577077, 'parameters.min_child_samples': 12}. Best is trial 97 with value: 0.3419311770058863.
[I 2026-04-11 20:24:09,768] Trial 139 finished with value: 0.3419311770058864 and parameters: {'parameters.max_depth': 16, 'parameters.learning_rate': 0.017786638987543686, 'parameters.subsample': 0.8828681517884615, 'parameters.colsample_bytree': 0.6369453834187808, 'parameters.reg_alpha': 1.1691926381863282, 'parameters.reg_lambda': 3.06272256229893, 'parameters.min_child_samples': 98}. Best is trial 97 with value: 0.3419311770058863.
[I 2026-04-11 20:24:12,988] Trial 140 finished with value: 0.34193117700588643 and parameters: {'parameters.max_depth': 14, 'parameters.learning_rate': 0.018960043793167715, 'parameters.subsample': 0.8582307383012062, 'parameters.colsample_bytree': 0.6502434387320641, 'parameters.reg_alpha': 0.012437878446445325, 'parameters.reg_lambda': 4.169574150288289, 'parameters.min_child_samples': 41}. Best is trial 97 with value: 0.3419311770058863.
[I 2026-04-11 20:24:16,182] Trial 141 finished with value: 0.34193117700588643 and parameters: {'parameters.max_depth': 28, 'parameters.learning_rate': 0.005504343211872933, 'parameters.subsample': 0.8670635979381028, 'parameters.colsample_bytree': 0.6107171889453746, 'parameters.reg_alpha': 0.24992133987515974, 'parameters.reg_lambda': 2.455509149111954, 'parameters.min_child_samples': 35}. Best is trial 97 with value: 0.3419311770058863.
[I 2026-04-11 20:24:19,355] Trial 142 finished with value: 0.3419311770058864 and parameters: {'parameters.max_depth': 26, 'parameters.learning_rate': 0.005970586643332627, 'parameters.subsample': 0.9739161734733113, 'parameters.colsample_bytree': 0.9432772768427755, 'parameters.reg_alpha': 0.16572229091624666, 'parameters.reg_lambda': 1.8597443757509995, 'parameters.min_child_samples': 45}. Best is trial 97 with value: 0.3419311770058863.
[I 2026-04-11 20:24:22,553] Trial 143 finished with value: 0.3419311770058864 and parameters: {'parameters.max_depth': 29, 'parameters.learning_rate': 0.004450524333200833, 'parameters.subsample': 0.6628674052710277, 'parameters.colsample_bytree': 0.6140759772337282, 'parameters.reg_alpha': 0.1303854647932035, 'parameters.reg_lambda': 2.1681750129700106, 'parameters.min_child_samples': 38}. Best is trial 97 with value: 0.3419311770058863.
[I 2026-04-11 20:24:25,705] Trial 144 finished with value: 0.3419311770058864 and parameters: {'parameters.max_depth': 21, 'parameters.learning_rate': 0.005130598025316296, 'parameters.subsample': 0.8104689934298471, 'parameters.colsample_bytree': 0.6267603775292049, 'parameters.reg_alpha': 0.4762897843654678, 'parameters.reg_lambda': 2.9124295155593916, 'parameters.min_child_samples': 32}. Best is trial 97 with value: 0.3419311770058863.
[I 2026-04-11 20:24:28,927] Trial 145 finished with value: 0.34193117700588643 and parameters: {'parameters.max_depth': 13, 'parameters.learning_rate': 0.0038841495093248153, 'parameters.subsample': 0.9092646321402421, 'parameters.colsample_bytree': 0.7804736907338791, 'parameters.reg_alpha': 0.21945082392175494, 'parameters.reg_lambda': 0.6670138830073459, 'parameters.min_child_samples': 43}. Best is trial 97 with value: 0.3419311770058863.
[I 2026-04-11 20:24:32,102] Trial 146 finished with value: 0.3419311770058864 and parameters: {'parameters.max_depth': 24, 'parameters.learning_rate': 0.005709769982071962, 'parameters.subsample': 0.8499679435613153, 'parameters.colsample_bytree': 0.6029541782953707, 'parameters.reg_alpha': 0.0018803820826912793, 'parameters.reg_lambda': 0.9083013481014175, 'parameters.min_child_samples': 10}. Best is trial 97 with value: 0.3419311770058863.
[I 2026-04-11 20:24:35,279] Trial 147 finished with value: 0.34193117700588643 and parameters: {'parameters.max_depth': 12, 'parameters.learning_rate': 0.0028106231166825416, 'parameters.subsample': 0.9565678822107411, 'parameters.colsample_bytree': 0.8456086369171384, 'parameters.reg_alpha': 0.07632298075640516, 'parameters.reg_lambda': 3.459060995335304, 'parameters.min_child_samples': 83}. Best is trial 97 with value: 0.3419311770058863.
[I 2026-04-11 20:24:38,466] Trial 148 finished with value: 0.3419311770058864 and parameters: {'parameters.max_depth': 23, 'parameters.learning_rate': 0.004974009915942559, 'parameters.subsample': 0.8387809747452782, 'parameters.colsample_bytree': 0.6187961488268278, 'parameters.reg_alpha': 0.2987221811224196, 'parameters.reg_lambda': 0.7117314020559927, 'parameters.min_child_samples': 46}. Best is trial 97 with value: 0.3419311770058863.
[I 2026-04-11 20:24:41,685] Trial 149 finished with value: 0.34193117700588643 and parameters: {'parameters.max_depth': 27, 'parameters.learning_rate': 0.0021151236171990536, 'parameters.subsample': 0.8732525988602153, 'parameters.colsample_bytree': 0.7270189412809748, 'parameters.reg_alpha': 0.1507530176183072, 'parameters.reg_lambda': 0.963620609881321, 'parameters.min_child_samples': 39}. Best is trial 97 with value: 0.3419311770058863.
[I 2026-04-11 20:24:44,868] Trial 150 finished with value: 0.34193117700588643 and parameters: {'parameters.max_depth': 29, 'parameters.learning_rate': 0.006241385290068094, 'parameters.subsample': 0.630769742870617, 'parameters.colsample_bytree': 0.7038146481185218, 'parameters.reg_alpha': 0.39757146010762767, 'parameters.reg_lambda': 1.7316637083065485, 'parameters.min_child_samples': 29}. Best is trial 97 with value: 0.3419311770058863.
