[I 2026-04-11 20:12:11,932] Trial 114 finished with value: 0.3258046106584057 and parameters: {'parameters.max_depth': 9, 'parameters.learning_rate': 0.0027842022334173223, 'parameters.subsample': 0.8311783974330456, 'parameters.colsample_bytree': 0.6206001570829536, 'parameters.gamma': 0.4439107652439445, 'parameters.reg_lambda': 3.5757544423522694, 'parameters.min_child_weight': 2}. Best is trial 0 with value: 0.3258046106584057.
[I 2026-04-11 20:12:15,107] Trial 115 finished with value: 0.3258046106584057 and parameters: {'parameters.max_depth': 23, 'parameters.learning_rate': 0.023362533953078805, 'parameters.subsample': 0.6145533938098, 'parameters.colsample_bytree': 0.6548192527128194, 'parameters.gamma': 0.08524538169053628, 'parameters.reg_lambda': 2.1631836601161765, 'parameters.min_child_weight': 1}. Best is trial 0 with value: 0.3258046106584057.
[I 2026-04-11 20:12:18,270] Trial 116 finished with value: 0.3258046106584057 and parameters: {'parameters.max_depth': 29, 'parameters.learning_rate': 0.015899981434769478, 'parameters.subsample': 0.8824279886269191, 'parameters.colsample_bytree': 0.7857716320700125, 'parameters.gamma': 1.9508109230662725, 'parameters.reg_lambda': 0.7918861560308795, 'parameters.min_child_weight': 1}. Best is trial 0 with value: 0.3258046106584057.
[I 2026-04-11 20:12:21,426] Trial 117 finished with value: 0.3258046106584057 and parameters: {'parameters.max_depth': 5, 'parameters.learning_rate': 0.003629892405614429, 'parameters.subsample': 0.8394349885054508, 'parameters.colsample_bytree': 0.8095046981858752, 'parameters.gamma': 0.015328375697740301, 'parameters.reg_lambda': 3.9277145028489056, 'parameters.min_child_weight': 4}. Best is trial 0 with value: 0.3258046106584057.
[I 2026-04-11 20:12:24,661] Trial 118 finished with value: 0.3258046106584057 and parameters: {'parameters.max_depth': 6, 'parameters.learning_rate': 0.011552646497935382, 'parameters.subsample': 0.7832563582836197, 'parameters.colsample_bytree': 0.8261406808309021, 'parameters.gamma': 0.024605788884248015, 'parameters.reg_lambda': 1.0349386175217659, 'parameters.min_child_weight': 7}. Best is trial 0 with value: 0.3258046106584057.
[I 2026-04-11 20:12:27,859] Trial 119 finished with value: 0.3258046106584057 and parameters: {'parameters.max_depth': 7, 'parameters.learning_rate': 0.007060291350334018, 'parameters.subsample': 0.8668673472650545, 'parameters.colsample_bytree': 0.9190298369547243, 'parameters.gamma': 0.011329394944166545, 'parameters.reg_lambda': 2.6796824043052334, 'parameters.min_child_weight': 6}. Best is trial 0 with value: 0.3258046106584057.
[I 2026-04-11 20:12:30,974] Trial 120 finished with value: 0.3258046106584057 and parameters: {'parameters.max_depth': 12, 'parameters.learning_rate': 0.0021130503503734273, 'parameters.subsample': 0.8552684991131256, 'parameters.colsample_bytree': 0.8719004799093266, 'parameters.gamma': 0.14362388421311154, 'parameters.reg_lambda': 1.5112446060418911, 'parameters.min_child_weight': 10}. Best is trial 0 with value: 0.3258046106584057.
[I 2026-04-11 20:12:34,134] Trial 121 finished with value: 0.3258046106584057 and parameters: {'parameters.max_depth': 24, 'parameters.learning_rate': 0.014308066517735044, 'parameters.subsample': 0.9481855825637435, 'parameters.colsample_bytree': 0.8414912146883966, 'parameters.gamma': 0.8666611711089054, 'parameters.reg_lambda': 0.6668823628777373, 'parameters.min_child_weight': 3}. Best is trial 0 with value: 0.3258046106584057.
[I 2026-04-11 20:12:37,340] Trial 122 finished with value: 0.3258046106584057 and parameters: {'parameters.max_depth': 25, 'parameters.learning_rate': 0.012367727734008195, 'parameters.subsample': 0.9231653348263321, 'parameters.colsample_bytree': 0.9025729007693732, 'parameters.gamma': 0.03422084868381245, 'parameters.reg_lambda': 3.4039022852707537, 'parameters.min_child_weight': 3}. Best is trial 0 with value: 0.3258046106584057.
[I 2026-04-11 20:12:40,530] Trial 123 finished with value: 0.3258046106584057 and parameters: {'parameters.max_depth': 26, 'parameters.learning_rate': 0.004792256573046432, 'parameters.subsample': 0.9734703851080188, 'parameters.colsample_bytree': 0.8906888936519947, 'parameters.gamma': 0.003967520097114451, 'parameters.reg_lambda': 2.9260677705787366, 'parameters.min_child_weight': 3}. Best is trial 0 with value: 0.3258046106584057.
[I 2026-04-11 20:12:43,680] Trial 124 finished with value: 0.3258046106584057 and parameters: {'parameters.max_depth': 22, 'parameters.learning_rate': 0.004268372172076303, 'parameters.subsample': 0.9568719251016008, 'parameters.colsample_bytree': 0.8567632116305329, 'parameters.gamma': 0.005082985339315257, 'parameters.reg_lambda': 2.307599479436768, 'parameters.min_child_weight': 5}. Best is trial 0 with value: 0.3258046106584057.
[I 2026-04-11 20:12:46,737] Trial 125 finished with value: 0.3258046106584057 and parameters: {'parameters.max_depth': 10, 'parameters.learning_rate': 0.01691587963379221, 'parameters.subsample': 0.7005012266410666, 'parameters.colsample_bytree': 0.8478071712429388, 'parameters.gamma': 0.00907091441312446, 'parameters.reg_lambda': 2.428846431398563, 'parameters.min_child_weight': 1}. Best is trial 0 with value: 0.3258046106584057.
[I 2026-04-11 20:12:49,844] Trial 126 finished with value: 0.3258046106584057 and parameters: {'parameters.max_depth': 21, 'parameters.learning_rate': 0.018380558642235395, 'parameters.subsample': 0.9799363409131366, 'parameters.colsample_bytree': 0.8335143889801221, 'parameters.gamma': 0.007168505653767541, 'parameters.reg_lambda': 1.9703208770411125, 'parameters.min_child_weight': 10}. Best is trial 0 with value: 0.3258046106584057.
[I 2026-04-11 20:12:52,982] Trial 127 finished with value: 0.3258046106584057 and parameters: {'parameters.max_depth': 27, 'parameters.learning_rate': 0.003217138331489403, 'parameters.subsample': 0.9956182094430873, 'parameters.colsample_bytree': 0.6070924534216411, 'parameters.gamma': 0.0013298552973733228, 'parameters.reg_lambda': 2.056155680949112, 'parameters.min_child_weight': 2}. Best is trial 0 with value: 0.3258046106584057.
[I 2026-04-11 20:12:56,083] Trial 128 finished with value: 0.3258046106584057 and parameters: {'parameters.max_depth': 23, 'parameters.learning_rate': 0.009554209014960673, 'parameters.subsample': 0.8801257811115335, 'parameters.colsample_bytree': 0.6167381137959284, 'parameters.gamma': 1.0482054151582842, 'parameters.reg_lambda': 0.5519608647506599, 'parameters.min_child_weight': 6}. Best is trial 0 with value: 0.3258046106584057.
[I 2026-04-11 20:12:59,230] Trial 129 finished with value: 0.3258046106584057 and parameters: {'parameters.max_depth': 28, 'parameters.learning_rate': 0.020003049975950066, 'parameters.subsample': 0.7975287140418488, 'parameters.colsample_bytree': 0.9479544238307601, 'parameters.gamma': 1.4636752695484891, 'parameters.reg_lambda': 2.649506538815327, 'parameters.min_child_weight': 10}. Best is trial 0 with value: 0.3258046106584057.
[I 2026-04-11 20:13:02,452] Trial 130 finished with value: 0.3258046106584057 and parameters: {'parameters.max_depth': 4, 'parameters.learning_rate': 0.003956545836027796, 'parameters.subsample': 0.9122408362711592, 'parameters.colsample_bytree': 0.9738293715917117, 'parameters.gamma': 0.04602293333599159, 'parameters.reg_lambda': 0.6044401831531664, 'parameters.min_child_weight': 9}. Best is trial 0 with value: 0.3258046106584057.
[I 2026-04-11 20:13:05,644] Trial 131 finished with value: 0.3258046106584057 and parameters: {'parameters.max_depth': 13, 'parameters.learning_rate': 0.008904146103770383, 'parameters.subsample': 0.89277774062952, 'parameters.colsample_bytree': 0.74040404373764, 'parameters.gamma': 1.572563061710458, 'parameters.reg_lambda': 3.809215557544144, 'parameters.min_child_weight': 3}. Best is trial 0 with value: 0.3258046106584057.
[I 2026-04-11 20:13:08,708] Trial 132 finished with value: 0.3258046106584057 and parameters: {'parameters.max_depth': 12, 'parameters.learning_rate': 0.008478605937427827, 'parameters.subsample': 0.8684252367492515, 'parameters.colsample_bytree': 0.7603751354948953, 'parameters.gamma': 1.2782363010258293, 'parameters.reg_lambda': 3.1995647896182855, 'parameters.min_child_weight': 3}. Best is trial 0 with value: 0.3258046106584057.Best trial: 0. Best value: 0.325805:  66%|██████▌   | 132/200 [06:58<03:35,  3.17s/it]Best trial: 0. Best value: 0.325805:  66%|██████▌   | 132/200 [06:58<03:35,  3.17s/it]Best trial: 0. Best value: 0.325805:  66%|██████▋   | 133/200 [06:58<03:30,  3.14s/it]                                                                                      Best trial: 0. Best value: 0.325805:  66%|██████▋   | 133/200 [07:01<03:30,  3.14s/it]Best trial: 0. Best value: 0.325805:  66%|██████▋   | 133/200 [07:01<03:30,  3.14s/it]Best trial: 0. Best value: 0.325805:  67%|██████▋   | 134/200 [07:01<03:26,  3.14s/it]                                                                                      Best trial: 0. Best value: 0.325805:  67%|██████▋   | 134/200 [07:04<03:26,  3.14s/it]Best trial: 0. Best value: 0.325805:  67%|██████▋   | 134/200 [07:04<03:26,  3.14s/it]Best trial: 0. Best value: 0.325805:  68%|██████▊   | 135/200 [07:04<03:24,  3.14s/it]                                                                                      Best trial: 0. Best value: 0.325805:  68%|██████▊   | 135/200 [07:07<03:24,  3.14s/it]Best trial: 0. Best value: 0.325805:  68%|██████▊   | 135/200 [07:07<03:24,  3.14s/it]Best trial: 0. Best value: 0.325805:  68%|██████▊   | 136/200 [07:07<03:21,  3.15s/it]                                                                                      Best trial: 0. Best value: 0.325805:  68%|██████▊   | 136/200 [07:10<03:21,  3.15s/it]Best trial: 0. Best value: 0.325805:  68%|██████▊   | 136/200 [07:10<03:21,  3.15s/it]Best trial: 0. Best value: 0.325805:  68%|██████▊   | 137/200 [07:10<03:18,  3.14s/it]                                                                                      Best trial: 0. Best value: 0.325805:  68%|██████▊   | 137/200 [07:13<03:18,  3.14s/it]Best trial: 0. Best value: 0.325805:  68%|██████▊   | 137/200 [07:13<03:18,  3.14s/it]Best trial: 0. Best value: 0.325805:  69%|██████▉   | 138/200 [07:13<03:13,  3.12s/it]                                                                                      Best trial: 0. Best value: 0.325805:  69%|██████▉   | 138/200 [07:17<03:13,  3.12s/it]Best trial: 0. Best value: 0.325805:  69%|██████▉   | 138/200 [07:17<03:13,  3.12s/it]Best trial: 0. Best value: 0.325805:  70%|██████▉   | 139/200 [07:17<03:11,  3.14s/it]                                                                                      Best trial: 0. Best value: 0.325805:  70%|██████▉   | 139/200 [07:20<03:11,  3.14s/it]Best trial: 0. Best value: 0.325805:  70%|██████▉   | 139/200 [07:20<03:11,  3.14s/it]Best trial: 0. Best value: 0.325805:  70%|███████   | 140/200 [07:20<03:08,  3.14s/it]                                                                                      Best trial: 0. Best value: 0.325805:  70%|███████   | 140/200 [07:23<03:08,  3.14s/it]Best trial: 0. Best value: 0.325805:  70%|███████   | 140/200 [07:23<03:08,  3.14s/it]Best trial: 0. Best value: 0.325805:  70%|███████   | 141/200 [07:23<03:04,  3.13s/it]                                                                                      Best trial: 0. Best value: 0.325805:  70%|███████   | 141/200 [07:26<03:04,  3.13s/it]Best trial: 0. Best value: 0.325805:  70%|███████   | 141/200 [07:26<03:04,  3.13s/it]Best trial: 0. Best value: 0.325805:  71%|███████   | 142/200 [07:26<03:01,  3.14s/it]                                                                                      Best trial: 0. Best value: 0.325805:  71%|███████   | 142/200 [07:29<03:01,  3.14s/it]Best trial: 0. Best value: 0.325805:  71%|███████   | 142/200 [07:29<03:01,  3.14s/it]Best trial: 0. Best value: 0.325805:  72%|███████▏  | 143/200 [07:29<03:00,  3.16s/it]                                                                                      Best trial: 0. Best value: 0.325805:  72%|███████▏  | 143/200 [07:32<03:00,  3.16s/it]Best trial: 0. Best value: 0.325805:  72%|███████▏  | 143/200 [07:32<03:00,  3.16s/it]Best trial: 0. Best value: 0.325805:  72%|███████▏  | 144/200 [07:32<02:57,  3.17s/it]                                                                                      Best trial: 0. Best value: 0.325805:  72%|███████▏  | 144/200 [07:36<02:57,  3.17s/it]Best trial: 0. Best value: 0.325805:  72%|███████▏  | 144/200 [07:36<02:57,  3.17s/it]Best trial: 0. Best value: 0.325805:  72%|███████▎  | 145/200 [07:36<02:54,  3.17s/it]                                                                                      Best trial: 0. Best value: 0.325805:  72%|███████▎  | 145/200 [07:39<02:54,  3.17s/it]Best trial: 0. Best value: 0.325805:  72%|███████▎  | 145/200 [07:39<02:54,  3.17s/it]Best trial: 0. Best value: 0.325805:  73%|███████▎  | 146/200 [07:39<02:50,  3.16s/it]                                                                                      Best trial: 0. Best value: 0.325805:  73%|███████▎  | 146/200 [07:42<02:50,  3.16s/it]Best trial: 0. Best value: 0.325805:  73%|███████▎  | 146/200 [07:42<02:50,  3.16s/it]Best trial: 0. Best value: 0.325805:  74%|███████▎  | 147/200 [07:42<02:46,  3.14s/it]                                                                                      Best trial: 0. Best value: 0.325805:  74%|███████▎  | 147/200 [07:45<02:46,  3.14s/it]Best trial: 0. Best value: 0.325805:  74%|███████▎  | 147/200 [07:45<02:46,  3.14s/it]Best trial: 0. Best value: 0.325805:  74%|███████▍  | 148/200 [07:45<02:43,  3.15s/it]                                                                                      Best trial: 0. Best value: 0.325805:  74%|███████▍  | 148/200 [07:48<02:43,  3.15s/it]Best trial: 0. Best value: 0.325805:  74%|███████▍  | 148/200 [07:48<02:43,  3.15s/it]Best trial: 0. Best value: 0.325805:  74%|███████▍  | 149/200 [07:48<02:40,  3.16s/it]                                                                                      Best trial: 0. Best value: 0.325805:  74%|███████▍  | 149/200 [07:51<02:40,  3.16s/it]Best trial: 0. Best value: 0.325805:  74%|███████▍  | 149/200 [07:51<02:40,  3.16s/it]Best trial: 0. Best value: 0.325805:  75%|███████▌  | 150/200 [07:51<02:39,  3.18s/it]                                                                                      Best trial: 0. Best value: 0.325805:  75%|███████▌  | 150/200 [07:55<02:39,  3.18s/it]Best trial: 0. Best value: 0.325805:  75%|███████▌  | 150/200 [07:55<02:39,  3.18s/it]Best trial: 0. Best value: 0.325805:  76%|███████▌  | 151/200 [07:55<02:36,  3.19s/it]                                                                                      
[I 2026-04-11 20:13:11,840] Trial 133 finished with value: 0.3258046106584057 and parameters: {'parameters.max_depth': 17, 'parameters.learning_rate': 0.01364220992307548, 'parameters.subsample': 0.9620144606227591, 'parameters.colsample_bytree': 0.732122112966468, 'parameters.gamma': 0.3213575248408672, 'parameters.reg_lambda': 4.556540292015704, 'parameters.min_child_weight': 3}. Best is trial 0 with value: 0.3258046106584057.
[I 2026-04-11 20:13:14,995] Trial 134 finished with value: 0.3258046106584057 and parameters: {'parameters.max_depth': 14, 'parameters.learning_rate': 0.010658496013629387, 'parameters.subsample': 0.9049001187169374, 'parameters.colsample_bytree': 0.7505388321163625, 'parameters.gamma': 0.0033827963639266575, 'parameters.reg_lambda': 4.184427748722939, 'parameters.min_child_weight': 4}. Best is trial 0 with value: 0.3258046106584057.
[I 2026-04-11 20:13:18,160] Trial 135 finished with value: 0.3258046106584057 and parameters: {'parameters.max_depth': 13, 'parameters.learning_rate': 0.005271238498727411, 'parameters.subsample': 0.6699089616797325, 'parameters.colsample_bytree': 0.7204886565234188, 'parameters.gamma': 0.7954873337047937, 'parameters.reg_lambda': 1.1331367177855725, 'parameters.min_child_weight': 8}. Best is trial 0 with value: 0.3258046106584057.
[I 2026-04-11 20:13:21,295] Trial 136 finished with value: 0.3258046106584057 and parameters: {'parameters.max_depth': 9, 'parameters.learning_rate': 0.028100997666116696, 'parameters.subsample': 0.8441274953239876, 'parameters.colsample_bytree': 0.7985250922323589, 'parameters.gamma': 1.6835089757222579, 'parameters.reg_lambda': 4.910640744522403, 'parameters.min_child_weight': 2}. Best is trial 0 with value: 0.3258046106584057.
[I 2026-04-11 20:13:24,374] Trial 137 finished with value: 0.3258046106584057 and parameters: {'parameters.max_depth': 20, 'parameters.learning_rate': 0.02555768129953132, 'parameters.subsample': 0.8140997672397307, 'parameters.colsample_bytree': 0.775811095345866, 'parameters.gamma': 1.8576173132536264, 'parameters.reg_lambda': 0.8459318680875477, 'parameters.min_child_weight': 1}. Best is trial 0 with value: 0.3258046106584057.
[I 2026-04-11 20:13:27,561] Trial 138 finished with value: 0.3258046106584057 and parameters: {'parameters.max_depth': 19, 'parameters.learning_rate': 0.002484036265062305, 'parameters.subsample': 0.9871386343428924, 'parameters.colsample_bytree': 0.8648569508695924, 'parameters.gamma': 0.016880650591607864, 'parameters.reg_lambda': 0.7449534245025707, 'parameters.min_child_weight': 5}. Best is trial 0 with value: 0.3258046106584057.
[I 2026-04-11 20:13:30,679] Trial 139 finished with value: 0.3258046106584057 and parameters: {'parameters.max_depth': 8, 'parameters.learning_rate': 0.003041322986731848, 'parameters.subsample': 0.9340430752449155, 'parameters.colsample_bytree': 0.8166025717706746, 'parameters.gamma': 1.2532520406259848, 'parameters.reg_lambda': 0.701336147491088, 'parameters.min_child_weight': 7}. Best is trial 0 with value: 0.3258046106584057.
[I 2026-04-11 20:13:33,806] Trial 140 finished with value: 0.3258046106584057 and parameters: {'parameters.max_depth': 30, 'parameters.learning_rate': 0.02098360641241459, 'parameters.subsample': 0.7708966084777849, 'parameters.colsample_bytree': 0.6993232136058948, 'parameters.gamma': 0.030080590344938946, 'parameters.reg_lambda': 1.4039748991299714, 'parameters.min_child_weight': 2}. Best is trial 0 with value: 0.3258046106584057.
[I 2026-04-11 20:13:36,946] Trial 141 finished with value: 0.3258046106584057 and parameters: {'parameters.max_depth': 14, 'parameters.learning_rate': 0.00789051849184028, 'parameters.subsample': 0.9159882040351747, 'parameters.colsample_bytree': 0.8261094466126531, 'parameters.gamma': 0.22942932496493376, 'parameters.reg_lambda': 2.322213989722723, 'parameters.min_child_weight': 3}. Best is trial 0 with value: 0.3258046106584057.
[I 2026-04-11 20:13:40,161] Trial 142 finished with value: 0.3258046106584057 and parameters: {'parameters.max_depth': 16, 'parameters.learning_rate': 0.0071433382409083245, 'parameters.subsample': 0.9309578425829512, 'parameters.colsample_bytree': 0.809848431266207, 'parameters.gamma': 0.17938866509898577, 'parameters.reg_lambda': 2.969639883512432, 'parameters.min_child_weight': 4}. Best is trial 0 with value: 0.3258046106584057.
[I 2026-04-11 20:13:43,372] Trial 143 finished with value: 0.3258046106584057 and parameters: {'parameters.max_depth': 13, 'parameters.learning_rate': 0.006651580481773288, 'parameters.subsample': 0.9465112379323353, 'parameters.colsample_bytree': 0.7920763368948159, 'parameters.gamma': 0.0612232599688672, 'parameters.reg_lambda': 3.2762787779719975, 'parameters.min_child_weight': 4}. Best is trial 0 with value: 0.3258046106584057.
[I 2026-04-11 20:13:46,541] Trial 144 finished with value: 0.3258046106584057 and parameters: {'parameters.max_depth': 15, 'parameters.learning_rate': 0.00959129483626272, 'parameters.subsample': 0.6076185831770677, 'parameters.colsample_bytree': 0.7848823362478186, 'parameters.gamma': 0.3811889376420065, 'parameters.reg_lambda': 2.7070830817233675, 'parameters.min_child_weight': 3}. Best is trial 0 with value: 0.3258046106584057.
[I 2026-04-11 20:13:49,685] Trial 145 finished with value: 0.3258046106584057 and parameters: {'parameters.max_depth': 12, 'parameters.learning_rate': 0.0045560045158342605, 'parameters.subsample': 0.646030308251127, 'parameters.colsample_bytree': 0.6833886956554749, 'parameters.gamma': 0.021748913425519628, 'parameters.reg_lambda': 2.4249682550476757, 'parameters.min_child_weight': 6}. Best is trial 0 with value: 0.3258046106584057.
[I 2026-04-11 20:13:52,778] Trial 146 finished with value: 0.3258046106584057 and parameters: {'parameters.max_depth': 14, 'parameters.learning_rate': 0.023282358392751452, 'parameters.subsample': 0.6340769600158668, 'parameters.colsample_bytree': 0.6305223068789441, 'parameters.gamma': 0.5225310995966276, 'parameters.reg_lambda': 3.579052605300116, 'parameters.min_child_weight': 10}. Best is trial 0 with value: 0.3258046106584057.
[I 2026-04-11 20:13:55,936] Trial 147 finished with value: 0.3258046106584057 and parameters: {'parameters.max_depth': 6, 'parameters.learning_rate': 0.014853772958091229, 'parameters.subsample': 0.8904861720064252, 'parameters.colsample_bytree': 0.6712079787386043, 'parameters.gamma': 0.11437473065712432, 'parameters.reg_lambda': 1.6761563605957193, 'parameters.min_child_weight': 1}. Best is trial 0 with value: 0.3258046106584057.
[I 2026-04-11 20:13:59,112] Trial 148 finished with value: 0.3258046106584057 and parameters: {'parameters.max_depth': 18, 'parameters.learning_rate': 0.0026456181689482198, 'parameters.subsample': 0.875709723111162, 'parameters.colsample_bytree': 0.8389094486943479, 'parameters.gamma': 0.27176357417330416, 'parameters.reg_lambda': 3.0871722724236865, 'parameters.min_child_weight': 3}. Best is trial 0 with value: 0.3258046106584057.
