[I 2026-04-12 07:45:47,244] Trial 146 finished with value: 0.3787205289294688 and parameters: {'parameters.history_length': 38, 'parameters.units': 355, 'parameters.num_layers': 10, 'parameters.dropout': 0.22914040149107845, 'parameters.batch_size': 249, 'parameters.learning_rate': 0.0014316210421200474, 'parameters.weight_decay': 0.00043360495120764296}. Best is trial 0 with value: 0.3787205289294688.Best trial: 0. Best value: 0.378721:  73%|███████▎  | 146/200 [20:05<07:23,  8.20s/it]Best trial: 0. Best value: 0.378721:  73%|███████▎  | 146/200 [20:05<07:23,  8.20s/it]Best trial: 0. Best value: 0.378721:  74%|███████▎  | 147/200 [20:05<07:14,  8.19s/it]                                                                                      Best trial: 0. Best value: 0.378721:  74%|███████▎  | 147/200 [20:14<07:14,  8.19s/it]Best trial: 0. Best value: 0.378721:  74%|███████▎  | 147/200 [20:14<07:14,  8.19s/it]Best trial: 0. Best value: 0.378721:  74%|███████▍  | 148/200 [20:14<07:05,  8.19s/it]                                                                                      Best trial: 0. Best value: 0.378721:  74%|███████▍  | 148/200 [20:22<07:05,  8.19s/it]Best trial: 0. Best value: 0.378721:  74%|███████▍  | 148/200 [20:22<07:05,  8.19s/it]Best trial: 0. Best value: 0.378721:  74%|███████▍  | 149/200 [20:22<06:57,  8.19s/it]                                                                                      Best trial: 0. Best value: 0.378721:  74%|███████▍  | 149/200 [20:30<06:57,  8.19s/it]Best trial: 0. Best value: 0.378721:  74%|███████▍  | 149/200 [20:30<06:57,  8.19s/it]Best trial: 0. Best value: 0.378721:  75%|███████▌  | 150/200 [20:30<06:49,  8.19s/it]                                                                                      Best trial: 0. Best value: 0.378721:  75%|███████▌  | 150/200 [20:38<06:49,  8.19s/it]Best trial: 0. Best value: 0.378721:  75%|███████▌  | 150/200 [20:38<06:49,  8.19s/it]Best trial: 0. Best value: 0.378721:  76%|███████▌  | 151/200 [20:38<06:42,  8.21s/it]                                                                                      Best trial: 0. Best value: 0.378721:  76%|███████▌  | 151/200 [20:46<06:42,  8.21s/it]Best trial: 0. Best value: 0.378721:  76%|███████▌  | 151/200 [20:46<06:42,  8.21s/it]Best trial: 0. Best value: 0.378721:  76%|███████▌  | 152/200 [20:46<06:33,  8.19s/it]                                                                                      Best trial: 0. Best value: 0.378721:  76%|███████▌  | 152/200 [20:55<06:33,  8.19s/it]Best trial: 0. Best value: 0.378721:  76%|███████▌  | 152/200 [20:55<06:33,  8.19s/it]Best trial: 0. Best value: 0.378721:  76%|███████▋  | 153/200 [20:55<06:25,  8.21s/it]                                                                                      Best trial: 0. Best value: 0.378721:  76%|███████▋  | 153/200 [21:03<06:25,  8.21s/it]Best trial: 0. Best value: 0.378721:  76%|███████▋  | 153/200 [21:03<06:25,  8.21s/it]Best trial: 0. Best value: 0.378721:  77%|███████▋  | 154/200 [21:03<06:18,  8.22s/it]                                                                                      Best trial: 0. Best value: 0.378721:  77%|███████▋  | 154/200 [21:11<06:18,  8.22s/it]Best trial: 0. Best value: 0.378721:  77%|███████▋  | 154/200 [21:11<06:18,  8.22s/it]Best trial: 0. Best value: 0.378721:  78%|███████▊  | 155/200 [21:11<06:10,  8.24s/it]                                                                                      Best trial: 0. Best value: 0.378721:  78%|███████▊  | 155/200 [21:19<06:10,  8.24s/it]Best trial: 0. Best value: 0.378721:  78%|███████▊  | 155/200 [21:19<06:10,  8.24s/it]Best trial: 0. Best value: 0.378721:  78%|███████▊  | 156/200 [21:19<06:02,  8.23s/it]                                                                                      Best trial: 0. Best value: 0.378721:  78%|███████▊  | 156/200 [21:28<06:02,  8.23s/it]Best trial: 0. Best value: 0.378721:  78%|███████▊  | 156/200 [21:28<06:02,  8.23s/it]Best trial: 0. Best value: 0.378721:  78%|███████▊  | 157/200 [21:28<05:53,  8.22s/it]                                                                                      Best trial: 0. Best value: 0.378721:  78%|███████▊  | 157/200 [21:36<05:53,  8.22s/it]Best trial: 0. Best value: 0.378721:  78%|███████▊  | 157/200 [21:36<05:53,  8.22s/it]Best trial: 0. Best value: 0.378721:  79%|███████▉  | 158/200 [21:36<05:45,  8.23s/it]                                                                                      Best trial: 0. Best value: 0.378721:  79%|███████▉  | 158/200 [21:44<05:45,  8.23s/it]Best trial: 0. Best value: 0.378721:  79%|███████▉  | 158/200 [21:44<05:45,  8.23s/it]Best trial: 0. Best value: 0.378721:  80%|███████▉  | 159/200 [21:44<05:37,  8.22s/it]                                                                                      Best trial: 0. Best value: 0.378721:  80%|███████▉  | 159/200 [21:52<05:37,  8.22s/it]Best trial: 0. Best value: 0.378721:  80%|███████▉  | 159/200 [21:52<05:37,  8.22s/it]Best trial: 0. Best value: 0.378721:  80%|████████  | 160/200 [21:52<05:29,  8.23s/it]                                                                                      Best trial: 0. Best value: 0.378721:  80%|████████  | 160/200 [22:00<05:29,  8.23s/it]Best trial: 0. Best value: 0.378721:  80%|████████  | 160/200 [22:00<05:29,  8.23s/it]Best trial: 0. Best value: 0.378721:  80%|████████  | 161/200 [22:00<05:20,  8.21s/it]                                                                                      Best trial: 0. Best value: 0.378721:  80%|████████  | 161/200 [22:09<05:20,  8.21s/it]Best trial: 0. Best value: 0.378721:  80%|████████  | 161/200 [22:09<05:20,  8.21s/it]Best trial: 0. Best value: 0.378721:  81%|████████  | 162/200 [22:09<05:11,  8.19s/it]                                                                                      Best trial: 0. Best value: 0.378721:  81%|████████  | 162/200 [22:17<05:11,  8.19s/it]Best trial: 0. Best value: 0.378721:  81%|████████  | 162/200 [22:17<05:11,  8.19s/it]Best trial: 0. Best value: 0.378721:  82%|████████▏ | 163/200 [22:17<05:03,  8.20s/it]                                                                                      Best trial: 0. Best value: 0.378721:  82%|████████▏ | 163/200 [22:25<05:03,  8.20s/it]Best trial: 0. Best value: 0.378721:  82%|████████▏ | 163/200 [22:25<05:03,  8.20s/it]Best trial: 0. Best value: 0.378721:  82%|████████▏ | 164/200 [22:25<04:55,  8.20s/it]                                                                                      Best trial: 0. Best value: 0.378721:  82%|████████▏ | 164/200 [22:33<04:55,  8.20s/it]Best trial: 0. Best value: 0.378721:  82%|████████▏ | 164/200 [22:33<04:55,  8.20s/it]Best trial: 0. Best value: 0.378721:  82%|████████▎ | 165/200 [22:33<04:47,  8.21s/it]                                                                                      Best trial: 0. Best value: 0.378721:  82%|████████▎ | 165/200 [22:41<04:47,  8.21s/it]Best trial: 0. Best value: 0.378721:  82%|████████▎ | 165/200 [22:41<04:47,  8.21s/it]Best trial: 0. Best value: 0.378721:  83%|████████▎ | 166/200 [22:41<04:38,  8.20s/it]                                                                                      Best trial: 0. Best value: 0.378721:  83%|████████▎ | 166/200 [22:50<04:38,  8.20s/it]Best trial: 0. Best value: 0.378721:  83%|████████▎ | 166/200 [22:50<04:38,  8.20s/it]Best trial: 0. Best value: 0.378721:  84%|████████▎ | 167/200 [22:50<04:30,  8.19s/it]                                                                                      
[I 2026-04-12 07:45:55,434] Trial 147 finished with value: 0.3787205289294688 and parameters: {'parameters.history_length': 109, 'parameters.units': 325, 'parameters.num_layers': 8, 'parameters.dropout': 0.2658636031100968, 'parameters.batch_size': 139, 'parameters.learning_rate': 0.0006704625442382878, 'parameters.weight_decay': 0.0019532450927039645}. Best is trial 0 with value: 0.3787205289294688.
[I 2026-04-12 07:46:03,636] Trial 148 finished with value: 0.3787205289294688 and parameters: {'parameters.history_length': 122, 'parameters.units': 198, 'parameters.num_layers': 7, 'parameters.dropout': 0.39684199588309443, 'parameters.batch_size': 259, 'parameters.learning_rate': 0.001234868908969475, 'parameters.weight_decay': 0.0002759414293135593}. Best is trial 0 with value: 0.3787205289294688.
[I 2026-04-12 07:46:11,828] Trial 149 finished with value: 0.3787205289294688 and parameters: {'parameters.history_length': 68, 'parameters.units': 160, 'parameters.num_layers': 8, 'parameters.dropout': 0.23866163015065575, 'parameters.batch_size': 235, 'parameters.learning_rate': 0.0008337144320613153, 'parameters.weight_decay': 0.00024403062207633416}. Best is trial 0 with value: 0.3787205289294688.
[I 2026-04-12 07:46:20,061] Trial 150 finished with value: 0.3787205289294688 and parameters: {'parameters.history_length': 129, 'parameters.units': 133, 'parameters.num_layers': 10, 'parameters.dropout': 0.20006631633644964, 'parameters.batch_size': 119, 'parameters.learning_rate': 0.0002581566882007914, 'parameters.weight_decay': 0.0037907385000420005}. Best is trial 0 with value: 0.3787205289294688.
[I 2026-04-12 07:46:28,227] Trial 151 finished with value: 0.3787205289294688 and parameters: {'parameters.history_length': 141, 'parameters.units': 260, 'parameters.num_layers': 7, 'parameters.dropout': 0.4208854073151992, 'parameters.batch_size': 367, 'parameters.learning_rate': 0.0005176624881835734, 'parameters.weight_decay': 0.0005309836659435477}. Best is trial 0 with value: 0.3787205289294688.
[I 2026-04-12 07:46:36,476] Trial 152 finished with value: 0.3787205289294688 and parameters: {'parameters.history_length': 138, 'parameters.units': 237, 'parameters.num_layers': 6, 'parameters.dropout': 0.40241254650461944, 'parameters.batch_size': 378, 'parameters.learning_rate': 0.0004211136674555893, 'parameters.weight_decay': 0.0003443835209867483}. Best is trial 0 with value: 0.3787205289294688.
[I 2026-04-12 07:46:44,726] Trial 153 finished with value: 0.3787205289294688 and parameters: {'parameters.history_length': 54, 'parameters.units': 248, 'parameters.num_layers': 6, 'parameters.dropout': 0.45722095987555167, 'parameters.batch_size': 312, 'parameters.learning_rate': 0.0006069094696794582, 'parameters.weight_decay': 0.0006322767440160578}. Best is trial 0 with value: 0.3787205289294688.
[I 2026-04-12 07:46:53,009] Trial 154 finished with value: 0.3787205289294688 and parameters: {'parameters.history_length': 58, 'parameters.units': 287, 'parameters.num_layers': 8, 'parameters.dropout': 0.2588569805600612, 'parameters.batch_size': 340, 'parameters.learning_rate': 0.0007330834401073071, 'parameters.weight_decay': 0.0011376358383012911}. Best is trial 0 with value: 0.3787205289294688.
[I 2026-04-12 07:47:01,220] Trial 155 finished with value: 0.3787205289294688 and parameters: {'parameters.history_length': 41, 'parameters.units': 93, 'parameters.num_layers': 2, 'parameters.dropout': 0.4640730569991868, 'parameters.batch_size': 373, 'parameters.learning_rate': 0.00136227727449467, 'parameters.weight_decay': 0.007190683037862655}. Best is trial 0 with value: 0.3787205289294688.
[I 2026-04-12 07:47:09,403] Trial 156 finished with value: 0.3787205289294688 and parameters: {'parameters.history_length': 50, 'parameters.units': 100, 'parameters.num_layers': 5, 'parameters.dropout': 0.4272077041260549, 'parameters.batch_size': 359, 'parameters.learning_rate': 0.0003849726038556496, 'parameters.weight_decay': 0.0007920513215783655}. Best is trial 0 with value: 0.3787205289294688.
[I 2026-04-12 07:47:17,669] Trial 157 finished with value: 0.3787205289294688 and parameters: {'parameters.history_length': 142, 'parameters.units': 267, 'parameters.num_layers': 7, 'parameters.dropout': 0.48760290019685737, 'parameters.batch_size': 206, 'parameters.learning_rate': 0.0015872084904863149, 'parameters.weight_decay': 0.0015434587406415237}. Best is trial 0 with value: 0.3787205289294688.
[I 2026-04-12 07:47:25,876] Trial 158 finished with value: 0.3787205289294688 and parameters: {'parameters.history_length': 136, 'parameters.units': 276, 'parameters.num_layers': 8, 'parameters.dropout': 0.47977796215511737, 'parameters.batch_size': 190, 'parameters.learning_rate': 0.00043846814087600115, 'parameters.weight_decay': 0.0027077776721907694}. Best is trial 0 with value: 0.3787205289294688.
[I 2026-04-12 07:47:34,118] Trial 159 finished with value: 0.3787205289294688 and parameters: {'parameters.history_length': 144, 'parameters.units': 230, 'parameters.num_layers': 9, 'parameters.dropout': 0.4380386628566668, 'parameters.batch_size': 148, 'parameters.learning_rate': 0.00047798987396108455, 'parameters.weight_decay': 0.0008639487492033932}. Best is trial 0 with value: 0.3787205289294688.
[I 2026-04-12 07:47:42,273] Trial 160 finished with value: 0.3787205289294688 and parameters: {'parameters.history_length': 36, 'parameters.units': 319, 'parameters.num_layers': 5, 'parameters.dropout': 0.4946905134330742, 'parameters.batch_size': 65, 'parameters.learning_rate': 0.0017402643178043022, 'parameters.weight_decay': 0.00020132562958676353}. Best is trial 0 with value: 0.3787205289294688.
[I 2026-04-12 07:47:50,423] Trial 161 finished with value: 0.3787205289294688 and parameters: {'parameters.history_length': 73, 'parameters.units': 350, 'parameters.num_layers': 9, 'parameters.dropout': 0.2463812033504175, 'parameters.batch_size': 177, 'parameters.learning_rate': 0.0002262866705221794, 'parameters.weight_decay': 0.00017614360781943934}. Best is trial 0 with value: 0.3787205289294688.
[I 2026-04-12 07:47:58,633] Trial 162 finished with value: 0.3787205289294688 and parameters: {'parameters.history_length': 32, 'parameters.units': 368, 'parameters.num_layers': 10, 'parameters.dropout': 0.20822947713762222, 'parameters.batch_size': 256, 'parameters.learning_rate': 0.0002111418926900083, 'parameters.weight_decay': 0.00013934977795906567}. Best is trial 0 with value: 0.3787205289294688.
[I 2026-04-12 07:48:06,839] Trial 163 finished with value: 0.3787205289294688 and parameters: {'parameters.history_length': 71, 'parameters.units': 186, 'parameters.num_layers': 8, 'parameters.dropout': 0.3704879881356403, 'parameters.batch_size': 265, 'parameters.learning_rate': 0.00020476362394466542, 'parameters.weight_decay': 0.00010935235308724406}. Best is trial 0 with value: 0.3787205289294688.
[I 2026-04-12 07:48:15,080] Trial 164 finished with value: 0.3787205289294688 and parameters: {'parameters.history_length': 66, 'parameters.units': 308, 'parameters.num_layers': 8, 'parameters.dropout': 0.2239611989704633, 'parameters.batch_size': 243, 'parameters.learning_rate': 0.0002504765353590736, 'parameters.weight_decay': 0.00022282723136820965}. Best is trial 0 with value: 0.3787205289294688.
[I 2026-04-12 07:48:23,238] Trial 165 finished with value: 0.3787205289294688 and parameters: {'parameters.history_length': 76, 'parameters.units': 380, 'parameters.num_layers': 9, 'parameters.dropout': 0.2571494685577942, 'parameters.batch_size': 332, 'parameters.learning_rate': 0.00032777899654079257, 'parameters.weight_decay': 0.0001524036410438679}. Best is trial 0 with value: 0.3787205289294688.
[I 2026-04-12 07:48:31,400] Trial 166 finished with value: 0.3787205289294688 and parameters: {'parameters.history_length': 91, 'parameters.units': 299, 'parameters.num_layers': 2, 'parameters.dropout': 0.3116085998515852, 'parameters.batch_size': 78, 'parameters.learning_rate': 0.00023440742319132644, 'parameters.weight_decay': 0.006418656206054363}. Best is trial 0 with value: 0.3787205289294688.
