[I 2026-04-11 20:15:08,796] Trial 170 finished with value: 0.3258046106584057 and parameters: {'parameters.max_depth': 8, 'parameters.learning_rate': 0.022347638138084665, 'parameters.subsample': 0.8719098920028949, 'parameters.colsample_bytree': 0.6375587113788969, 'parameters.gamma': 0.05347838849844418, 'parameters.reg_lambda': 0.7612955567217529, 'parameters.min_child_weight': 10}. Best is trial 0 with value: 0.3258046106584057.Best trial: 0. Best value: 0.325805:  85%|████████▌ | 170/200 [08:58<01:36,  3.21s/it]Best trial: 0. Best value: 0.325805:  85%|████████▌ | 170/200 [08:58<01:36,  3.21s/it]Best trial: 0. Best value: 0.325805:  86%|████████▌ | 171/200 [08:58<01:32,  3.18s/it]                                                                                      Best trial: 0. Best value: 0.325805:  86%|████████▌ | 171/200 [09:01<01:32,  3.18s/it]Best trial: 0. Best value: 0.325805:  86%|████████▌ | 171/200 [09:01<01:32,  3.18s/it]Best trial: 0. Best value: 0.325805:  86%|████████▌ | 172/200 [09:01<01:28,  3.17s/it]                                                                                      Best trial: 0. Best value: 0.325805:  86%|████████▌ | 172/200 [09:04<01:28,  3.17s/it]Best trial: 0. Best value: 0.325805:  86%|████████▌ | 172/200 [09:04<01:28,  3.17s/it]Best trial: 0. Best value: 0.325805:  86%|████████▋ | 173/200 [09:04<01:25,  3.18s/it]                                                                                      Best trial: 0. Best value: 0.325805:  86%|████████▋ | 173/200 [09:07<01:25,  3.18s/it]Best trial: 0. Best value: 0.325805:  86%|████████▋ | 173/200 [09:07<01:25,  3.18s/it]Best trial: 0. Best value: 0.325805:  87%|████████▋ | 174/200 [09:07<01:22,  3.17s/it]                                                                                      Best trial: 0. Best value: 0.325805:  87%|████████▋ | 174/200 [09:11<01:22,  3.17s/it]Best trial: 0. Best value: 0.325805:  87%|████████▋ | 174/200 [09:11<01:22,  3.17s/it]Best trial: 0. Best value: 0.325805:  88%|████████▊ | 175/200 [09:11<01:19,  3.17s/it]                                                                                      Best trial: 0. Best value: 0.325805:  88%|████████▊ | 175/200 [09:14<01:19,  3.17s/it]Best trial: 0. Best value: 0.325805:  88%|████████▊ | 175/200 [09:14<01:19,  3.17s/it]Best trial: 0. Best value: 0.325805:  88%|████████▊ | 176/200 [09:14<01:16,  3.19s/it]                                                                                      Best trial: 0. Best value: 0.325805:  88%|████████▊ | 176/200 [09:17<01:16,  3.19s/it]Best trial: 0. Best value: 0.325805:  88%|████████▊ | 176/200 [09:17<01:16,  3.19s/it]Best trial: 0. Best value: 0.325805:  88%|████████▊ | 177/200 [09:17<01:13,  3.18s/it]                                                                                      Best trial: 0. Best value: 0.325805:  88%|████████▊ | 177/200 [09:20<01:13,  3.18s/it]Best trial: 0. Best value: 0.325805:  88%|████████▊ | 177/200 [09:20<01:13,  3.18s/it]Best trial: 0. Best value: 0.325805:  89%|████████▉ | 178/200 [09:20<01:10,  3.20s/it]                                                                                      Best trial: 0. Best value: 0.325805:  89%|████████▉ | 178/200 [09:23<01:10,  3.20s/it]Best trial: 0. Best value: 0.325805:  89%|████████▉ | 178/200 [09:23<01:10,  3.20s/it]Best trial: 0. Best value: 0.325805:  90%|████████▉ | 179/200 [09:23<01:06,  3.17s/it]                                                                                      Best trial: 0. Best value: 0.325805:  90%|████████▉ | 179/200 [09:26<01:06,  3.17s/it]Best trial: 0. Best value: 0.325805:  90%|████████▉ | 179/200 [09:26<01:06,  3.17s/it]Best trial: 0. Best value: 0.325805:  90%|█████████ | 180/200 [09:26<01:03,  3.18s/it]                                                                                      Best trial: 0. Best value: 0.325805:  90%|█████████ | 180/200 [09:30<01:03,  3.18s/it]Best trial: 0. Best value: 0.325805:  90%|█████████ | 180/200 [09:30<01:03,  3.18s/it]Best trial: 0. Best value: 0.325805:  90%|█████████ | 181/200 [09:30<01:01,  3.21s/it]                                                                                      Best trial: 0. Best value: 0.325805:  90%|█████████ | 181/200 [09:33<01:01,  3.21s/it]Best trial: 0. Best value: 0.325805:  90%|█████████ | 181/200 [09:33<01:01,  3.21s/it]Best trial: 0. Best value: 0.325805:  91%|█████████ | 182/200 [09:33<00:57,  3.19s/it]                                                                                      Best trial: 0. Best value: 0.325805:  91%|█████████ | 182/200 [09:36<00:57,  3.19s/it]Best trial: 0. Best value: 0.325805:  91%|█████████ | 182/200 [09:36<00:57,  3.19s/it]Best trial: 0. Best value: 0.325805:  92%|█████████▏| 183/200 [09:36<00:53,  3.16s/it]                                                                                      Best trial: 0. Best value: 0.325805:  92%|█████████▏| 183/200 [09:39<00:53,  3.16s/it]Best trial: 0. Best value: 0.325805:  92%|█████████▏| 183/200 [09:39<00:53,  3.16s/it]Best trial: 0. Best value: 0.325805:  92%|█████████▏| 184/200 [09:39<00:50,  3.16s/it]                                                                                      Best trial: 0. Best value: 0.325805:  92%|█████████▏| 184/200 [09:42<00:50,  3.16s/it]Best trial: 0. Best value: 0.325805:  92%|█████████▏| 184/200 [09:42<00:50,  3.16s/it]Best trial: 0. Best value: 0.325805:  92%|█████████▎| 185/200 [09:42<00:47,  3.15s/it]                                                                                      Best trial: 0. Best value: 0.325805:  92%|█████████▎| 185/200 [09:45<00:47,  3.15s/it]Best trial: 0. Best value: 0.325805:  92%|█████████▎| 185/200 [09:45<00:47,  3.15s/it]Best trial: 0. Best value: 0.325805:  93%|█████████▎| 186/200 [09:45<00:44,  3.16s/it]                                                                                      Best trial: 0. Best value: 0.325805:  93%|█████████▎| 186/200 [09:49<00:44,  3.16s/it]Best trial: 0. Best value: 0.325805:  93%|█████████▎| 186/200 [09:49<00:44,  3.16s/it]Best trial: 0. Best value: 0.325805:  94%|█████████▎| 187/200 [09:49<00:41,  3.17s/it]                                                                                      Best trial: 0. Best value: 0.325805:  94%|█████████▎| 187/200 [09:52<00:41,  3.17s/it]Best trial: 0. Best value: 0.325805:  94%|█████████▎| 187/200 [09:52<00:41,  3.17s/it]Best trial: 0. Best value: 0.325805:  94%|█████████▍| 188/200 [09:52<00:37,  3.15s/it]                                                                                      Best trial: 0. Best value: 0.325805:  94%|█████████▍| 188/200 [09:55<00:37,  3.15s/it]Best trial: 0. Best value: 0.325805:  94%|█████████▍| 188/200 [09:55<00:37,  3.15s/it]Best trial: 0. Best value: 0.325805:  94%|█████████▍| 189/200 [09:55<00:34,  3.10s/it]                                                                                      
[I 2026-04-11 20:15:11,938] Trial 171 finished with value: 0.3258046106584057 and parameters: {'parameters.max_depth': 15, 'parameters.learning_rate': 0.01913299406715758, 'parameters.subsample': 0.8487763360574058, 'parameters.colsample_bytree': 0.7400172426949937, 'parameters.gamma': 0.00537886652293625, 'parameters.reg_lambda': 3.7065426068750207, 'parameters.min_child_weight': 2}. Best is trial 0 with value: 0.3258046106584057.
[I 2026-04-11 20:15:15,128] Trial 172 finished with value: 0.3258046106584057 and parameters: {'parameters.max_depth': 13, 'parameters.learning_rate': 0.021673884911238544, 'parameters.subsample': 0.7059086967674307, 'parameters.colsample_bytree': 0.7003450871908182, 'parameters.gamma': 0.0032969740791417824, 'parameters.reg_lambda': 2.8134407720581316, 'parameters.min_child_weight': 1}. Best is trial 0 with value: 0.3258046106584057.
[I 2026-04-11 20:15:18,295] Trial 173 finished with value: 0.3258046106584057 and parameters: {'parameters.max_depth': 16, 'parameters.learning_rate': 0.01738972902271184, 'parameters.subsample': 0.8346356845951814, 'parameters.colsample_bytree': 0.7089118455808001, 'parameters.gamma': 1.3788788515364485, 'parameters.reg_lambda': 3.2549359219491216, 'parameters.min_child_weight': 4}. Best is trial 0 with value: 0.3258046106584057.
[I 2026-04-11 20:15:21,451] Trial 174 finished with value: 0.3258046106584057 and parameters: {'parameters.max_depth': 18, 'parameters.learning_rate': 0.02353251737678366, 'parameters.subsample': 0.862291041952535, 'parameters.colsample_bytree': 0.7169164788341936, 'parameters.gamma': 0.004355143422420135, 'parameters.reg_lambda': 0.8718023623738947, 'parameters.min_child_weight': 2}. Best is trial 0 with value: 0.3258046106584057.
[I 2026-04-11 20:15:24,708] Trial 175 finished with value: 0.3258046106584057 and parameters: {'parameters.max_depth': 14, 'parameters.learning_rate': 0.025912239536680075, 'parameters.subsample': 0.8137534203432522, 'parameters.colsample_bytree': 0.7681906538754834, 'parameters.gamma': 0.12392144016575161, 'parameters.reg_lambda': 2.954829903477918, 'parameters.min_child_weight': 3}. Best is trial 0 with value: 0.3258046106584057.
[I 2026-04-11 20:15:27,860] Trial 176 finished with value: 0.3258046106584057 and parameters: {'parameters.max_depth': 9, 'parameters.learning_rate': 0.005882733854261913, 'parameters.subsample': 0.7124343012564562, 'parameters.colsample_bytree': 0.6908594984295241, 'parameters.gamma': 0.0036960107526034097, 'parameters.reg_lambda': 2.606814414896744, 'parameters.min_child_weight': 9}. Best is trial 0 with value: 0.3258046106584057.
[I 2026-04-11 20:15:31,099] Trial 177 finished with value: 0.3258046106584057 and parameters: {'parameters.max_depth': 4, 'parameters.learning_rate': 0.02845158823627366, 'parameters.subsample': 0.676066544804054, 'parameters.colsample_bytree': 0.6780538667761624, 'parameters.gamma': 0.16476330996226685, 'parameters.reg_lambda': 0.9872094413653566, 'parameters.min_child_weight': 4}. Best is trial 0 with value: 0.3258046106584057.
[I 2026-04-11 20:15:34,207] Trial 178 finished with value: 0.3258046106584057 and parameters: {'parameters.max_depth': 15, 'parameters.learning_rate': 0.002856633347008201, 'parameters.subsample': 0.8242521186558631, 'parameters.colsample_bytree': 0.6443211271578169, 'parameters.gamma': 0.0735394712050177, 'parameters.reg_lambda': 1.3794936366534867, 'parameters.min_child_weight': 1}. Best is trial 0 with value: 0.3258046106584057.
[I 2026-04-11 20:15:37,402] Trial 179 finished with value: 0.3258046106584057 and parameters: {'parameters.max_depth': 16, 'parameters.learning_rate': 0.0044640616687257155, 'parameters.subsample': 0.6140431433939052, 'parameters.colsample_bytree': 0.8363673909952745, 'parameters.gamma': 0.002495654062984629, 'parameters.reg_lambda': 2.752184252143403, 'parameters.min_child_weight': 5}. Best is trial 0 with value: 0.3258046106584057.
[I 2026-04-11 20:15:40,695] Trial 180 finished with value: 0.3258046106584057 and parameters: {'parameters.max_depth': 6, 'parameters.learning_rate': 0.013126866572682808, 'parameters.subsample': 0.8776943899147752, 'parameters.colsample_bytree': 0.7539595128816077, 'parameters.gamma': 0.001196953150759453, 'parameters.reg_lambda': 1.4651926345208175, 'parameters.min_child_weight': 9}. Best is trial 0 with value: 0.3258046106584057.
[I 2026-04-11 20:15:43,846] Trial 181 finished with value: 0.3258046106584057 and parameters: {'parameters.max_depth': 29, 'parameters.learning_rate': 0.006612982653710717, 'parameters.subsample': 0.867818118177371, 'parameters.colsample_bytree': 0.6045025843757297, 'parameters.gamma': 0.472714186849247, 'parameters.reg_lambda': 1.7240309795593614, 'parameters.min_child_weight': 4}. Best is trial 0 with value: 0.3258046106584057.
[I 2026-04-11 20:15:46,929] Trial 182 finished with value: 0.3258046106584057 and parameters: {'parameters.max_depth': 26, 'parameters.learning_rate': 0.0063483189410999665, 'parameters.subsample': 0.8977481105024846, 'parameters.colsample_bytree': 0.6118906767993524, 'parameters.gamma': 0.42466073786992764, 'parameters.reg_lambda': 1.8106780217409844, 'parameters.min_child_weight': 8}. Best is trial 0 with value: 0.3258046106584057.
[I 2026-04-11 20:15:50,076] Trial 183 finished with value: 0.3258046106584057 and parameters: {'parameters.max_depth': 17, 'parameters.learning_rate': 0.003958616162938779, 'parameters.subsample': 0.9849357461877598, 'parameters.colsample_bytree': 0.6174772908575499, 'parameters.gamma': 0.3706021244378809, 'parameters.reg_lambda': 1.6417078684146311, 'parameters.min_child_weight': 3}. Best is trial 0 with value: 0.3258046106584057.
[I 2026-04-11 20:15:53,221] Trial 184 finished with value: 0.3258046106584057 and parameters: {'parameters.max_depth': 28, 'parameters.learning_rate': 0.0047297369287324816, 'parameters.subsample': 0.9271163515050713, 'parameters.colsample_bytree': 0.9528429769255606, 'parameters.gamma': 1.9922318418016125, 'parameters.reg_lambda': 1.9204543705539467, 'parameters.min_child_weight': 5}. Best is trial 0 with value: 0.3258046106584057.
[I 2026-04-11 20:15:56,411] Trial 185 finished with value: 0.3258046106584057 and parameters: {'parameters.max_depth': 27, 'parameters.learning_rate': 0.0054045666289739315, 'parameters.subsample': 0.774663237415995, 'parameters.colsample_bytree': 0.9210028885771592, 'parameters.gamma': 0.24962983341184294, 'parameters.reg_lambda': 1.5568713640885368, 'parameters.min_child_weight': 3}. Best is trial 0 with value: 0.3258046106584057.
[I 2026-04-11 20:15:59,603] Trial 186 finished with value: 0.3258046106584057 and parameters: {'parameters.max_depth': 23, 'parameters.learning_rate': 0.010984322888008071, 'parameters.subsample': 0.8407785994165473, 'parameters.colsample_bytree': 0.8253210311373506, 'parameters.gamma': 0.1939974781529417, 'parameters.reg_lambda': 1.7539247559231408, 'parameters.min_child_weight': 2}. Best is trial 0 with value: 0.3258046106584057.
[I 2026-04-11 20:16:02,689] Trial 187 finished with value: 0.3258046106584057 and parameters: {'parameters.max_depth': 30, 'parameters.learning_rate': 0.0073624824078547205, 'parameters.subsample': 0.9568489132124743, 'parameters.colsample_bytree': 0.6307757841560003, 'parameters.gamma': 0.0017801352716084202, 'parameters.reg_lambda': 3.488526040287286, 'parameters.min_child_weight': 1}. Best is trial 0 with value: 0.3258046106584057.
[I 2026-04-11 20:16:05,695] Trial 188 finished with value: 0.3258046106584057 and parameters: {'parameters.max_depth': 12, 'parameters.learning_rate': 0.01612765092572131, 'parameters.subsample': 0.9216108857158031, 'parameters.colsample_bytree': 0.6215362437137136, 'parameters.gamma': 0.2848639210871162, 'parameters.reg_lambda': 2.1623925651283895, 'parameters.min_child_weight': 6}. Best is trial 0 with value: 0.3258046106584057.
[I 2026-04-11 20:16:08,810] Trial 189 finished with value: 0.3258046106584057 and parameters: {'parameters.max_depth': 26, 'parameters.learning_rate': 0.02029050110106398, 'parameters.subsample': 0.8545840987376974, 'parameters.colsample_bytree': 0.7301645645292465, 'parameters.gamma': 0.019145367426986058, 'parameters.reg_lambda': 1.898040747868307, 'parameters.min_child_weight': 10}. Best is trial 0 with value: 0.3258046106584057.Best trial: 0. Best value: 0.325805:  94%|█████████▍| 189/200 [09:58<00:34,  3.10s/it]Best trial: 0. Best value: 0.325805:  94%|█████████▍| 189/200 [09:58<00:34,  3.10s/it]Best trial: 0. Best value: 0.325805:  95%|█████████▌| 190/200 [09:58<00:31,  3.11s/it]                                                                                      Best trial: 0. Best value: 0.325805:  95%|█████████▌| 190/200 [10:01<00:31,  3.11s/it]Best trial: 0. Best value: 0.325805:  95%|█████████▌| 190/200 [10:01<00:31,  3.11s/it]Best trial: 0. Best value: 0.325805:  96%|█████████▌| 191/200 [10:01<00:28,  3.11s/it]                                                                                      Best trial: 0. Best value: 0.325805:  96%|█████████▌| 191/200 [10:04<00:28,  3.11s/it]Best trial: 0. Best value: 0.325805:  96%|█████████▌| 191/200 [10:04<00:28,  3.11s/it]Best trial: 0. Best value: 0.325805:  96%|█████████▌| 192/200 [10:04<00:25,  3.15s/it]                                                                                      Best trial: 0. Best value: 0.325805:  96%|█████████▌| 192/200 [10:07<00:25,  3.15s/it]Best trial: 0. Best value: 0.325805:  96%|█████████▌| 192/200 [10:07<00:25,  3.15s/it]Best trial: 0. Best value: 0.325805:  96%|█████████▋| 193/200 [10:07<00:22,  3.17s/it]                                                                                      Best trial: 0. Best value: 0.325805:  96%|█████████▋| 193/200 [10:11<00:22,  3.17s/it]Best trial: 0. Best value: 0.325805:  96%|█████████▋| 193/200 [10:11<00:22,  3.17s/it]Best trial: 0. Best value: 0.325805:  97%|█████████▋| 194/200 [10:11<00:19,  3.18s/it]                                                                                      Best trial: 0. Best value: 0.325805:  97%|█████████▋| 194/200 [10:14<00:19,  3.18s/it]Best trial: 0. Best value: 0.325805:  97%|█████████▋| 194/200 [10:14<00:19,  3.18s/it]Best trial: 0. Best value: 0.325805:  98%|█████████▊| 195/200 [10:14<00:15,  3.16s/it]                                                                                      Best trial: 0. Best value: 0.325805:  98%|█████████▊| 195/200 [10:17<00:15,  3.16s/it]Best trial: 0. Best value: 0.325805:  98%|█████████▊| 195/200 [10:17<00:15,  3.16s/it]Best trial: 0. Best value: 0.325805:  98%|█████████▊| 196/200 [10:17<00:12,  3.15s/it]                                                                                      Best trial: 0. Best value: 0.325805:  98%|█████████▊| 196/200 [10:20<00:12,  3.15s/it]Best trial: 0. Best value: 0.325805:  98%|█████████▊| 196/200 [10:20<00:12,  3.15s/it]Best trial: 0. Best value: 0.325805:  98%|█████████▊| 197/200 [10:20<00:09,  3.16s/it]                                                                                      Best trial: 0. Best value: 0.325805:  98%|█████████▊| 197/200 [10:23<00:09,  3.16s/it]Best trial: 0. Best value: 0.325805:  98%|█████████▊| 197/200 [10:23<00:09,  3.16s/it]Best trial: 0. Best value: 0.325805:  99%|█████████▉| 198/200 [10:23<00:06,  3.17s/it]                                                                                      Best trial: 0. Best value: 0.325805:  99%|█████████▉| 198/200 [10:26<00:06,  3.17s/it]Best trial: 0. Best value: 0.325805:  99%|█████████▉| 198/200 [10:26<00:06,  3.17s/it]Best trial: 0. Best value: 0.325805: 100%|█████████▉| 199/200 [10:26<00:03,  3.18s/it]                                                                                      Best trial: 0. Best value: 0.325805: 100%|█████████▉| 199/200 [10:30<00:03,  3.18s/it]Best trial: 0. Best value: 0.325805: 100%|█████████▉| 199/200 [10:30<00:03,  3.18s/it]Best trial: 0. Best value: 0.325805: 100%|██████████| 200/200 [10:30<00:00,  3.18s/it]Best trial: 0. Best value: 0.325805: 100%|██████████| 200/200 [10:30<00:00,  3.15s/it]
[I 2026-04-11 20:16:43,686] A new study created in memory with name: lightgbm_temporal_optimization

[I 2026-04-11 20:16:11,937] Trial 190 finished with value: 0.3258046106584057 and parameters: {'parameters.max_depth': 14, 'parameters.learning_rate': 0.007890111718630181, 'parameters.subsample': 0.9379240244518728, 'parameters.colsample_bytree': 0.7160220189811741, 'parameters.gamma': 0.7751660032174393, 'parameters.reg_lambda': 1.6093852579006684, 'parameters.min_child_weight': 3}. Best is trial 0 with value: 0.3258046106584057.
[I 2026-04-11 20:16:15,156] Trial 191 finished with value: 0.3258046106584057 and parameters: {'parameters.max_depth': 20, 'parameters.learning_rate': 0.02997641338089717, 'parameters.subsample': 0.7590567708644518, 'parameters.colsample_bytree': 0.8942059701629528, 'parameters.gamma': 0.06363429270951353, 'parameters.reg_lambda': 4.900974059169156, 'parameters.min_child_weight': 1}. Best is trial 0 with value: 0.3258046106584057.
[I 2026-04-11 20:16:18,368] Trial 192 finished with value: 0.3258046106584057 and parameters: {'parameters.max_depth': 19, 'parameters.learning_rate': 0.027358301839428757, 'parameters.subsample': 0.7995401918632943, 'parameters.colsample_bytree': 0.9036997733425313, 'parameters.gamma': 0.09412004881586436, 'parameters.reg_lambda': 3.8628861693016083, 'parameters.min_child_weight': 1}. Best is trial 0 with value: 0.3258046106584057.
[I 2026-04-11 20:16:21,573] Trial 193 finished with value: 0.3258046106584057 and parameters: {'parameters.max_depth': 18, 'parameters.learning_rate': 0.024500000598327583, 'parameters.subsample': 0.734747466909389, 'parameters.colsample_bytree': 0.874755573620451, 'parameters.gamma': 0.10356243548601367, 'parameters.reg_lambda': 4.6680195195828915, 'parameters.min_child_weight': 1}. Best is trial 0 with value: 0.3258046106584057.
[I 2026-04-11 20:16:24,700] Trial 194 finished with value: 0.3258046106584057 and parameters: {'parameters.max_depth': 21, 'parameters.learning_rate': 0.02874694833035575, 'parameters.subsample': 0.7465003977976793, 'parameters.colsample_bytree': 0.8146665331372747, 'parameters.gamma': 0.055953182705567525, 'parameters.reg_lambda': 4.172054572078183, 'parameters.min_child_weight': 1}. Best is trial 0 with value: 0.3258046106584057.
[I 2026-04-11 20:16:27,829] Trial 195 finished with value: 0.3258046106584057 and parameters: {'parameters.max_depth': 19, 'parameters.learning_rate': 0.0021062342699649673, 'parameters.subsample': 0.9489408517167147, 'parameters.colsample_bytree': 0.9376306827984052, 'parameters.gamma': 0.04544325056960238, 'parameters.reg_lambda': 4.431889948599061, 'parameters.min_child_weight': 4}. Best is trial 0 with value: 0.3258046106584057.
