[I 2026-04-12 03:47:06,594] Trial 125 finished with value: 0.333257518512638 and parameters: {'parameters.history_length': 147, 'parameters.num_layers': 10, 'parameters.units': 319, 'parameters.dropout': 0.40303810903250537, 'parameters.batch_size': 377, 'parameters.learning_rate': 0.0009715385725594253, 'parameters.weight_decay': 0.00033900058297333264}. Best is trial 0 with value: 0.333257518512638.Best trial: 0. Best value: 0.333258:  62%|██████▎   | 125/200 [6:08:47<3:38:34, 174.86s/it]Best trial: 0. Best value: 0.333258:  62%|██████▎   | 125/200 [6:08:47<3:38:34, 174.86s/it]Best trial: 0. Best value: 0.333258:  63%|██████▎   | 126/200 [6:08:47<3:35:39, 174.86s/it]                                                                                           Best trial: 0. Best value: 0.333258:  63%|██████▎   | 126/200 [6:11:41<3:35:39, 174.86s/it]Best trial: 0. Best value: 0.333258:  63%|██████▎   | 126/200 [6:11:41<3:35:39, 174.86s/it]Best trial: 0. Best value: 0.333258:  64%|██████▎   | 127/200 [6:11:41<3:32:43, 174.84s/it]                                                                                           Best trial: 0. Best value: 0.333258:  64%|██████▎   | 127/200 [6:14:36<3:32:43, 174.84s/it]Best trial: 0. Best value: 0.333258:  64%|██████▎   | 127/200 [6:14:36<3:32:43, 174.84s/it]Best trial: 0. Best value: 0.333258:  64%|██████▍   | 128/200 [6:14:36<3:29:49, 174.86s/it]                                                                                           Best trial: 0. Best value: 0.333258:  64%|██████▍   | 128/200 [6:17:31<3:29:49, 174.86s/it]Best trial: 0. Best value: 0.333258:  64%|██████▍   | 128/200 [6:17:31<3:29:49, 174.86s/it]Best trial: 0. Best value: 0.333258:  64%|██████▍   | 129/200 [6:17:31<3:26:54, 174.85s/it]                                                                                           Best trial: 0. Best value: 0.333258:  64%|██████▍   | 129/200 [6:20:26<3:26:54, 174.85s/it]Best trial: 0. Best value: 0.333258:  64%|██████▍   | 129/200 [6:20:26<3:26:54, 174.85s/it]Best trial: 0. Best value: 0.333258:  65%|██████▌   | 130/200 [6:20:26<3:24:02, 174.89s/it]                                                                                           Best trial: 0. Best value: 0.333258:  65%|██████▌   | 130/200 [6:23:21<3:24:02, 174.89s/it]Best trial: 0. Best value: 0.333258:  65%|██████▌   | 130/200 [6:23:21<3:24:02, 174.89s/it]Best trial: 0. Best value: 0.333258:  66%|██████▌   | 131/200 [6:23:21<3:21:05, 174.87s/it]                                                                                           Best trial: 0. Best value: 0.333258:  66%|██████▌   | 131/200 [6:26:16<3:21:05, 174.87s/it]Best trial: 0. Best value: 0.333258:  66%|██████▌   | 131/200 [6:26:16<3:21:05, 174.87s/it]Best trial: 0. Best value: 0.333258:  66%|██████▌   | 132/200 [6:26:16<3:18:10, 174.86s/it]                                                                                           Best trial: 0. Best value: 0.333258:  66%|██████▌   | 132/200 [6:29:11<3:18:10, 174.86s/it]Best trial: 0. Best value: 0.333258:  66%|██████▌   | 132/200 [6:29:11<3:18:10, 174.86s/it]Best trial: 0. Best value: 0.333258:  66%|██████▋   | 133/200 [6:29:11<3:15:14, 174.84s/it]                                                                                           Best trial: 0. Best value: 0.333258:  66%|██████▋   | 133/200 [6:32:06<3:15:14, 174.84s/it]Best trial: 0. Best value: 0.333258:  66%|██████▋   | 133/200 [6:32:06<3:15:14, 174.84s/it]Best trial: 0. Best value: 0.333258:  67%|██████▋   | 134/200 [6:32:06<3:12:21, 174.87s/it]                                                                                           Best trial: 0. Best value: 0.333258:  67%|██████▋   | 134/200 [6:35:00<3:12:21, 174.87s/it]Best trial: 0. Best value: 0.333258:  67%|██████▋   | 134/200 [6:35:00<3:12:21, 174.87s/it]Best trial: 0. Best value: 0.333258:  68%|██████▊   | 135/200 [6:35:00<3:09:26, 174.87s/it]                                                                                           Best trial: 0. Best value: 0.333258:  68%|██████▊   | 135/200 [6:37:55<3:09:26, 174.87s/it]Best trial: 0. Best value: 0.333258:  68%|██████▊   | 135/200 [6:37:55<3:09:26, 174.87s/it]Best trial: 0. Best value: 0.333258:  68%|██████▊   | 136/200 [6:37:55<3:06:31, 174.87s/it]                                                                                           Best trial: 0. Best value: 0.333258:  68%|██████▊   | 136/200 [6:40:50<3:06:31, 174.87s/it]Best trial: 0. Best value: 0.333258:  68%|██████▊   | 136/200 [6:40:50<3:06:31, 174.87s/it]Best trial: 0. Best value: 0.333258:  68%|██████▊   | 137/200 [6:40:50<3:03:37, 174.88s/it]                                                                                           Best trial: 0. Best value: 0.333258:  68%|██████▊   | 137/200 [6:43:45<3:03:37, 174.88s/it]Best trial: 0. Best value: 0.333258:  68%|██████▊   | 137/200 [6:43:45<3:03:37, 174.88s/it]Best trial: 0. Best value: 0.333258:  69%|██████▉   | 138/200 [6:43:45<3:00:42, 174.88s/it]                                                                                           Best trial: 0. Best value: 0.333258:  69%|██████▉   | 138/200 [6:46:40<3:00:42, 174.88s/it]Best trial: 0. Best value: 0.333258:  69%|██████▉   | 138/200 [6:46:40<3:00:42, 174.88s/it]Best trial: 0. Best value: 0.333258:  70%|██████▉   | 139/200 [6:46:40<2:57:46, 174.87s/it]                                                                                           Best trial: 0. Best value: 0.333258:  70%|██████▉   | 139/200 [6:49:35<2:57:46, 174.87s/it]Best trial: 0. Best value: 0.333258:  70%|██████▉   | 139/200 [6:49:35<2:57:46, 174.87s/it]Best trial: 0. Best value: 0.333258:  70%|███████   | 140/200 [6:49:35<2:54:51, 174.87s/it]                                                                                           Best trial: 0. Best value: 0.333258:  70%|███████   | 140/200 [6:52:30<2:54:51, 174.87s/it]Best trial: 0. Best value: 0.333258:  70%|███████   | 140/200 [6:52:30<2:54:51, 174.87s/it]Best trial: 0. Best value: 0.333258:  70%|███████   | 141/200 [6:52:30<2:51:55, 174.84s/it]                                                                                           Best trial: 0. Best value: 0.333258:  70%|███████   | 141/200 [6:55:24<2:51:55, 174.84s/it]Best trial: 0. Best value: 0.333258:  70%|███████   | 141/200 [6:55:24<2:51:55, 174.84s/it]Best trial: 0. Best value: 0.333258:  71%|███████   | 142/200 [6:55:24<2:49:02, 174.87s/it]                                                                                           Best trial: 0. Best value: 0.333258:  71%|███████   | 142/200 [6:58:19<2:49:02, 174.87s/it]Best trial: 0. Best value: 0.333258:  71%|███████   | 142/200 [6:58:19<2:49:02, 174.87s/it]Best trial: 0. Best value: 0.333258:  72%|███████▏  | 143/200 [6:58:19<2:46:07, 174.87s/it]                                                                                           Best trial: 0. Best value: 0.333258:  72%|███████▏  | 143/200 [7:01:14<2:46:07, 174.87s/it]Best trial: 0. Best value: 0.333258:  72%|███████▏  | 143/200 [7:01:14<2:46:07, 174.87s/it]Best trial: 0. Best value: 0.333258:  72%|███████▏  | 144/200 [7:01:14<2:43:12, 174.87s/it]                                                                                           Best trial: 0. Best value: 0.333258:  72%|███████▏  | 144/200 [7:04:09<2:43:12, 174.87s/it]Best trial: 0. Best value: 0.333258:  72%|███████▏  | 144/200 [7:04:09<2:43:12, 174.87s/it]Best trial: 0. Best value: 0.333258:  72%|███████▎  | 145/200 [7:04:09<2:40:18, 174.89s/it]                                                                                           Best trial: 0. Best value: 0.333258:  72%|███████▎  | 145/200 [7:07:04<2:40:18, 174.89s/it]Best trial: 0. Best value: 0.333258:  72%|███████▎  | 145/200 [7:07:04<2:40:18, 174.89s/it]Best trial: 0. Best value: 0.333258:  73%|███████▎  | 146/200 [7:07:04<2:37:23, 174.88s/it]                                                                                           
[I 2026-04-12 03:50:01,406] Trial 126 finished with value: 0.333257518512638 and parameters: {'parameters.history_length': 94, 'parameters.num_layers': 2, 'parameters.units': 372, 'parameters.dropout': 0.3930529489059628, 'parameters.batch_size': 147, 'parameters.learning_rate': 0.0007881283508164454, 'parameters.weight_decay': 0.00015474633434879215}. Best is trial 0 with value: 0.333257518512638.
[I 2026-04-12 03:52:56,287] Trial 127 finished with value: 0.333257518512638 and parameters: {'parameters.history_length': 33, 'parameters.num_layers': 4, 'parameters.units': 382, 'parameters.dropout': 0.20690143706207814, 'parameters.batch_size': 384, 'parameters.learning_rate': 0.0008224622723796454, 'parameters.weight_decay': 0.007002747780851184}. Best is trial 0 with value: 0.333257518512638.
[I 2026-04-12 03:55:51,118] Trial 128 finished with value: 0.333257518512638 and parameters: {'parameters.history_length': 106, 'parameters.num_layers': 7, 'parameters.units': 159, 'parameters.dropout': 0.21615903338027748, 'parameters.batch_size': 91, 'parameters.learning_rate': 0.00022078434590026394, 'parameters.weight_decay': 0.000685478635258364}. Best is trial 0 with value: 0.333257518512638.
[I 2026-04-12 03:58:46,097] Trial 129 finished with value: 0.333257518512638 and parameters: {'parameters.history_length': 41, 'parameters.num_layers': 10, 'parameters.units': 223, 'parameters.dropout': 0.4686103134666649, 'parameters.batch_size': 223, 'parameters.learning_rate': 0.001059802615526129, 'parameters.weight_decay': 0.00023663532131299882}. Best is trial 0 with value: 0.333257518512638.
[I 2026-04-12 04:01:40,922] Trial 130 finished with value: 0.333257518512638 and parameters: {'parameters.history_length': 51, 'parameters.num_layers': 3, 'parameters.units': 358, 'parameters.dropout': 0.48442569873775077, 'parameters.batch_size': 165, 'parameters.learning_rate': 0.0002417760732612661, 'parameters.weight_decay': 0.000489790628760366}. Best is trial 0 with value: 0.333257518512638.
[I 2026-04-12 04:04:35,774] Trial 131 finished with value: 0.333257518512638 and parameters: {'parameters.history_length': 85, 'parameters.num_layers': 5, 'parameters.units': 301, 'parameters.dropout': 0.3234862018919017, 'parameters.batch_size': 271, 'parameters.learning_rate': 0.0015236862230176582, 'parameters.weight_decay': 0.00028195379965849983}. Best is trial 0 with value: 0.333257518512638.
[I 2026-04-12 04:07:30,575] Trial 132 finished with value: 0.333257518512638 and parameters: {'parameters.history_length': 82, 'parameters.num_layers': 6, 'parameters.units': 275, 'parameters.dropout': 0.3391172904795717, 'parameters.batch_size': 264, 'parameters.learning_rate': 0.0012798259158473147, 'parameters.weight_decay': 0.0033815647113306165}. Best is trial 0 with value: 0.333257518512638.
[I 2026-04-12 04:10:25,493] Trial 133 finished with value: 0.333257518512638 and parameters: {'parameters.history_length': 69, 'parameters.num_layers': 8, 'parameters.units': 306, 'parameters.dropout': 0.3168800016475113, 'parameters.batch_size': 280, 'parameters.learning_rate': 0.0018226161168062819, 'parameters.weight_decay': 0.000314389237897654}. Best is trial 0 with value: 0.333257518512638.
[I 2026-04-12 04:13:20,362] Trial 134 finished with value: 0.333257518512638 and parameters: {'parameters.history_length': 144, 'parameters.num_layers': 4, 'parameters.units': 285, 'parameters.dropout': 0.3314705404923524, 'parameters.batch_size': 303, 'parameters.learning_rate': 0.0016737710994891763, 'parameters.weight_decay': 0.00021769537070084137}. Best is trial 0 with value: 0.333257518512638.
[I 2026-04-12 04:16:15,238] Trial 135 finished with value: 0.333257518512638 and parameters: {'parameters.history_length': 120, 'parameters.num_layers': 9, 'parameters.units': 150, 'parameters.dropout': 0.3074730833909785, 'parameters.batch_size': 130, 'parameters.learning_rate': 0.000453254687114229, 'parameters.weight_decay': 0.0009862315859738371}. Best is trial 0 with value: 0.333257518512638.
[I 2026-04-12 04:19:10,143] Trial 136 finished with value: 0.333257518512638 and parameters: {'parameters.history_length': 73, 'parameters.num_layers': 2, 'parameters.units': 329, 'parameters.dropout': 0.3678675008795036, 'parameters.batch_size': 216, 'parameters.learning_rate': 0.0019642562978089617, 'parameters.weight_decay': 0.00019596062882246536}. Best is trial 0 with value: 0.333257518512638.
[I 2026-04-12 04:22:05,030] Trial 137 finished with value: 0.333257518512638 and parameters: {'parameters.history_length': 77, 'parameters.num_layers': 6, 'parameters.units': 294, 'parameters.dropout': 0.35092003388850534, 'parameters.batch_size': 197, 'parameters.learning_rate': 0.0003383727472350186, 'parameters.weight_decay': 0.008980982153931352}. Best is trial 0 with value: 0.333257518512638.
[I 2026-04-12 04:24:59,857] Trial 138 finished with value: 0.333257518512638 and parameters: {'parameters.history_length': 129, 'parameters.num_layers': 10, 'parameters.units': 376, 'parameters.dropout': 0.4147314737034938, 'parameters.batch_size': 354, 'parameters.learning_rate': 0.0002979813698010279, 'parameters.weight_decay': 0.0002585259547944027}. Best is trial 0 with value: 0.333257518512638.
[I 2026-04-12 04:27:54,720] Trial 139 finished with value: 0.333257518512638 and parameters: {'parameters.history_length': 138, 'parameters.num_layers': 3, 'parameters.units': 249, 'parameters.dropout': 0.38101453334862834, 'parameters.batch_size': 323, 'parameters.learning_rate': 0.00028053445899643513, 'parameters.weight_decay': 0.0012720629369836513}. Best is trial 0 with value: 0.333257518512638.
[I 2026-04-12 04:30:49,498] Trial 140 finished with value: 0.333257518512638 and parameters: {'parameters.history_length': 45, 'parameters.num_layers': 7, 'parameters.units': 263, 'parameters.dropout': 0.28996223014598466, 'parameters.batch_size': 82, 'parameters.learning_rate': 0.0005615899596519883, 'parameters.weight_decay': 0.007967495267649278}. Best is trial 0 with value: 0.333257518512638.
[I 2026-04-12 04:33:44,448] Trial 141 finished with value: 0.333257518512638 and parameters: {'parameters.history_length': 109, 'parameters.num_layers': 9, 'parameters.units': 311, 'parameters.dropout': 0.3878121984887472, 'parameters.batch_size': 125, 'parameters.learning_rate': 0.0009288855958890874, 'parameters.weight_decay': 0.00036468385198427017}. Best is trial 0 with value: 0.333257518512638.
[I 2026-04-12 04:36:39,328] Trial 142 finished with value: 0.333257518512638 and parameters: {'parameters.history_length': 115, 'parameters.num_layers': 8, 'parameters.units': 336, 'parameters.dropout': 0.37613688845687565, 'parameters.batch_size': 155, 'parameters.learning_rate': 0.0011878559534049733, 'parameters.weight_decay': 0.00040097999672737743}. Best is trial 0 with value: 0.333257518512638.
[I 2026-04-12 04:39:34,186] Trial 143 finished with value: 0.333257518512638 and parameters: {'parameters.history_length': 122, 'parameters.num_layers': 9, 'parameters.units': 318, 'parameters.dropout': 0.3631054340271169, 'parameters.batch_size': 109, 'parameters.learning_rate': 0.0013105115111887995, 'parameters.weight_decay': 0.00013245068922448496}. Best is trial 0 with value: 0.333257518512638.
[I 2026-04-12 04:42:29,116] Trial 144 finished with value: 0.333257518512638 and parameters: {'parameters.history_length': 101, 'parameters.num_layers': 10, 'parameters.units': 322, 'parameters.dropout': 0.3577470757366475, 'parameters.batch_size': 99, 'parameters.learning_rate': 0.0010828332326893472, 'parameters.weight_decay': 0.00030904078640828903}. Best is trial 0 with value: 0.333257518512638.
[I 2026-04-12 04:45:23,976] Trial 145 finished with value: 0.333257518512638 and parameters: {'parameters.history_length': 131, 'parameters.num_layers': 10, 'parameters.units': 349, 'parameters.dropout': 0.27642577248147054, 'parameters.batch_size': 134, 'parameters.learning_rate': 0.0009699873020190675, 'parameters.weight_decay': 0.00011940010580456447}. Best is trial 0 with value: 0.333257518512638.
