[I 2026-04-11 20:14:02,359] Trial 149 finished with value: 0.3258046106584057 and parameters: {'parameters.max_depth': 27, 'parameters.learning_rate': 0.011981272827160333, 'parameters.subsample': 0.7427630052757705, 'parameters.colsample_bytree': 0.64082783092454, 'parameters.gamma': 0.6291669578494298, 'parameters.reg_lambda': 2.0842860801532894, 'parameters.min_child_weight': 2}. Best is trial 0 with value: 0.3258046106584057.
[I 2026-04-11 20:14:05,567] Trial 150 finished with value: 0.3258046106584057 and parameters: {'parameters.max_depth': 11, 'parameters.learning_rate': 0.007558319947092994, 'parameters.subsample': 0.6852022754224709, 'parameters.colsample_bytree': 0.6000677559933063, 'parameters.gamma': 0.001032726400792089, 'parameters.reg_lambda': 0.6453917205019799, 'parameters.min_child_weight': 7}. Best is trial 0 with value: 0.3258046106584057.
[I 2026-04-11 20:14:08,651] Trial 151 finished with value: 0.3258046106584057 and parameters: {'parameters.max_depth': 22, 'parameters.learning_rate': 0.016412074587548706, 'parameters.subsample': 0.8569011682627193, 'parameters.colsample_bytree': 0.8739671086217091, 'parameters.gamma': 0.002644923851376655, 'parameters.reg_lambda': 1.294156220458934, 'parameters.min_child_weight': 2}. Best is trial 0 with value: 0.3258046106584057.Best trial: 0. Best value: 0.325805:  76%|███████▌  | 151/200 [07:58<02:36,  3.19s/it]Best trial: 0. Best value: 0.325805:  76%|███████▌  | 151/200 [07:58<02:36,  3.19s/it]Best trial: 0. Best value: 0.325805:  76%|███████▌  | 152/200 [07:58<02:31,  3.16s/it]                                                                                      Best trial: 0. Best value: 0.325805:  76%|███████▌  | 152/200 [08:01<02:31,  3.16s/it]Best trial: 0. Best value: 0.325805:  76%|███████▌  | 152/200 [08:01<02:31,  3.16s/it]Best trial: 0. Best value: 0.325805:  76%|███████▋  | 153/200 [08:01<02:27,  3.14s/it]                                                                                      Best trial: 0. Best value: 0.325805:  76%|███████▋  | 153/200 [08:04<02:27,  3.14s/it]Best trial: 0. Best value: 0.325805:  76%|███████▋  | 153/200 [08:04<02:27,  3.14s/it]Best trial: 0. Best value: 0.325805:  77%|███████▋  | 154/200 [08:04<02:25,  3.17s/it]                                                                                      Best trial: 0. Best value: 0.325805:  77%|███████▋  | 154/200 [08:07<02:25,  3.17s/it]Best trial: 0. Best value: 0.325805:  77%|███████▋  | 154/200 [08:07<02:25,  3.17s/it]Best trial: 0. Best value: 0.325805:  78%|███████▊  | 155/200 [08:07<02:21,  3.15s/it]                                                                                      Best trial: 0. Best value: 0.325805:  78%|███████▊  | 155/200 [08:10<02:21,  3.15s/it]Best trial: 0. Best value: 0.325805:  78%|███████▊  | 155/200 [08:10<02:21,  3.15s/it]Best trial: 0. Best value: 0.325805:  78%|███████▊  | 156/200 [08:10<02:19,  3.16s/it]                                                                                      Best trial: 0. Best value: 0.325805:  78%|███████▊  | 156/200 [08:14<02:19,  3.16s/it]Best trial: 0. Best value: 0.325805:  78%|███████▊  | 156/200 [08:14<02:19,  3.16s/it]Best trial: 0. Best value: 0.325805:  78%|███████▊  | 157/200 [08:14<02:16,  3.18s/it]                                                                                      Best trial: 0. Best value: 0.325805:  78%|███████▊  | 157/200 [08:17<02:16,  3.18s/it]Best trial: 0. Best value: 0.325805:  78%|███████▊  | 157/200 [08:17<02:16,  3.18s/it]Best trial: 0. Best value: 0.325805:  79%|███████▉  | 158/200 [08:17<02:12,  3.16s/it]                                                                                      Best trial: 0. Best value: 0.325805:  79%|███████▉  | 158/200 [08:20<02:12,  3.16s/it]Best trial: 0. Best value: 0.325805:  79%|███████▉  | 158/200 [08:20<02:12,  3.16s/it]Best trial: 0. Best value: 0.325805:  80%|███████▉  | 159/200 [08:20<02:08,  3.13s/it]                                                                                      Best trial: 0. Best value: 0.325805:  80%|███████▉  | 159/200 [08:23<02:08,  3.13s/it]Best trial: 0. Best value: 0.325805:  80%|███████▉  | 159/200 [08:23<02:08,  3.13s/it]Best trial: 0. Best value: 0.325805:  80%|████████  | 160/200 [08:23<02:05,  3.15s/it]                                                                                      Best trial: 0. Best value: 0.325805:  80%|████████  | 160/200 [08:26<02:05,  3.15s/it]Best trial: 0. Best value: 0.325805:  80%|████████  | 160/200 [08:26<02:05,  3.15s/it]Best trial: 0. Best value: 0.325805:  80%|████████  | 161/200 [08:26<02:02,  3.14s/it]                                                                                      Best trial: 0. Best value: 0.325805:  80%|████████  | 161/200 [08:29<02:02,  3.14s/it]Best trial: 0. Best value: 0.325805:  80%|████████  | 161/200 [08:29<02:02,  3.14s/it]Best trial: 0. Best value: 0.325805:  81%|████████  | 162/200 [08:29<01:59,  3.15s/it]                                                                                      Best trial: 0. Best value: 0.325805:  81%|████████  | 162/200 [08:32<01:59,  3.15s/it]Best trial: 0. Best value: 0.325805:  81%|████████  | 162/200 [08:32<01:59,  3.15s/it]Best trial: 0. Best value: 0.325805:  82%|████████▏ | 163/200 [08:32<01:57,  3.17s/it]                                                                                      Best trial: 0. Best value: 0.325805:  82%|████████▏ | 163/200 [08:36<01:57,  3.17s/it]Best trial: 0. Best value: 0.325805:  82%|████████▏ | 163/200 [08:36<01:57,  3.17s/it]Best trial: 0. Best value: 0.325805:  82%|████████▏ | 164/200 [08:36<01:54,  3.17s/it]                                                                                      Best trial: 0. Best value: 0.325805:  82%|████████▏ | 164/200 [08:39<01:54,  3.17s/it]Best trial: 0. Best value: 0.325805:  82%|████████▏ | 164/200 [08:39<01:54,  3.17s/it]Best trial: 0. Best value: 0.325805:  82%|████████▎ | 165/200 [08:39<01:50,  3.15s/it]                                                                                      Best trial: 0. Best value: 0.325805:  82%|████████▎ | 165/200 [08:42<01:50,  3.15s/it]Best trial: 0. Best value: 0.325805:  82%|████████▎ | 165/200 [08:42<01:50,  3.15s/it]Best trial: 0. Best value: 0.325805:  83%|████████▎ | 166/200 [08:42<01:46,  3.13s/it]                                                                                      Best trial: 0. Best value: 0.325805:  83%|████████▎ | 166/200 [08:45<01:46,  3.13s/it]Best trial: 0. Best value: 0.325805:  83%|████████▎ | 166/200 [08:45<01:46,  3.13s/it]Best trial: 0. Best value: 0.325805:  84%|████████▎ | 167/200 [08:45<01:44,  3.16s/it]                                                                                      Best trial: 0. Best value: 0.325805:  84%|████████▎ | 167/200 [08:48<01:44,  3.16s/it]Best trial: 0. Best value: 0.325805:  84%|████████▎ | 167/200 [08:48<01:44,  3.16s/it]Best trial: 0. Best value: 0.325805:  84%|████████▍ | 168/200 [08:48<01:41,  3.17s/it]                                                                                      Best trial: 0. Best value: 0.325805:  84%|████████▍ | 168/200 [08:52<01:41,  3.17s/it]Best trial: 0. Best value: 0.325805:  84%|████████▍ | 168/200 [08:52<01:41,  3.17s/it]Best trial: 0. Best value: 0.325805:  84%|████████▍ | 169/200 [08:52<01:39,  3.21s/it]                                                                                      Best trial: 0. Best value: 0.325805:  84%|████████▍ | 169/200 [08:55<01:39,  3.21s/it]Best trial: 0. Best value: 0.325805:  84%|████████▍ | 169/200 [08:55<01:39,  3.21s/it]Best trial: 0. Best value: 0.325805:  85%|████████▌ | 170/200 [08:55<01:36,  3.21s/it]                                                                                      
[I 2026-04-11 20:14:11,739] Trial 152 finished with value: 0.3258046106584057 and parameters: {'parameters.max_depth': 24, 'parameters.learning_rate': 0.008144450520579712, 'parameters.subsample': 0.8851450250422005, 'parameters.colsample_bytree': 0.8469045865768313, 'parameters.gamma': 0.0057225919822947125, 'parameters.reg_lambda': 1.052784168638974, 'parameters.min_child_weight': 1}. Best is trial 0 with value: 0.3258046106584057.
[I 2026-04-11 20:14:14,969] Trial 153 finished with value: 0.3258046106584057 and parameters: {'parameters.max_depth': 25, 'parameters.learning_rate': 0.01794897828469492, 'parameters.subsample': 0.8285607389460193, 'parameters.colsample_bytree': 0.9297476260333236, 'parameters.gamma': 0.001984567505570478, 'parameters.reg_lambda': 1.517273674198646, 'parameters.min_child_weight': 3}. Best is trial 0 with value: 0.3258046106584057.
[I 2026-04-11 20:14:18,095] Trial 154 finished with value: 0.3258046106584057 and parameters: {'parameters.max_depth': 26, 'parameters.learning_rate': 0.02684813368348508, 'parameters.subsample': 0.8220720752448691, 'parameters.colsample_bytree': 0.6632476840833134, 'parameters.gamma': 0.007840719434325691, 'parameters.reg_lambda': 1.8327086002682675, 'parameters.min_child_weight': 1}. Best is trial 0 with value: 0.3258046106584057.
[I 2026-04-11 20:14:21,268] Trial 155 finished with value: 0.3258046106584057 and parameters: {'parameters.max_depth': 7, 'parameters.learning_rate': 0.0036918967729165295, 'parameters.subsample': 0.7573346637074282, 'parameters.colsample_bytree': 0.940658914046441, 'parameters.gamma': 0.0049288091004068115, 'parameters.reg_lambda': 3.4056931862366713, 'parameters.min_child_weight': 2}. Best is trial 0 with value: 0.3258046106584057.
[I 2026-04-11 20:14:24,506] Trial 156 finished with value: 0.3258046106584057 and parameters: {'parameters.max_depth': 17, 'parameters.learning_rate': 0.0023308486766413328, 'parameters.subsample': 0.9043149808187435, 'parameters.colsample_bytree': 0.8834264552836542, 'parameters.gamma': 0.012766142101320667, 'parameters.reg_lambda': 0.9624315096391239, 'parameters.min_child_weight': 10}. Best is trial 0 with value: 0.3258046106584057.
[I 2026-04-11 20:14:27,617] Trial 157 finished with value: 0.3258046106584057 and parameters: {'parameters.max_depth': 23, 'parameters.learning_rate': 0.00344044371394019, 'parameters.subsample': 0.7927189218690597, 'parameters.colsample_bytree': 0.9791120519688268, 'parameters.gamma': 0.004123231286903244, 'parameters.reg_lambda': 3.9680212262157846, 'parameters.min_child_weight': 3}. Best is trial 0 with value: 0.3258046106584057.
[I 2026-04-11 20:14:30,676] Trial 158 finished with value: 0.3258046106584057 and parameters: {'parameters.max_depth': 5, 'parameters.learning_rate': 0.013217974525463022, 'parameters.subsample': 0.8387756406622056, 'parameters.colsample_bytree': 0.9661529567468838, 'parameters.gamma': 0.9821537292327527, 'parameters.reg_lambda': 1.0961703521900032, 'parameters.min_child_weight': 6}. Best is trial 0 with value: 0.3258046106584057.
[I 2026-04-11 20:14:33,869] Trial 159 finished with value: 0.3258046106584057 and parameters: {'parameters.max_depth': 7, 'parameters.learning_rate': 0.005046585074482667, 'parameters.subsample': 0.6941080309608408, 'parameters.colsample_bytree': 0.8998701573722616, 'parameters.gamma': 0.08434051662292279, 'parameters.reg_lambda': 1.1949746849027119, 'parameters.min_child_weight': 1}. Best is trial 0 with value: 0.3258046106584057.
[I 2026-04-11 20:14:36,991] Trial 160 finished with value: 0.3258046106584057 and parameters: {'parameters.max_depth': 20, 'parameters.learning_rate': 0.010425438945956208, 'parameters.subsample': 0.8066356377880233, 'parameters.colsample_bytree': 0.991000005312479, 'parameters.gamma': 0.0030502936290519485, 'parameters.reg_lambda': 4.350660794510754, 'parameters.min_child_weight': 2}. Best is trial 0 with value: 0.3258046106584057.
[I 2026-04-11 20:14:40,151] Trial 161 finished with value: 0.3258046106584057 and parameters: {'parameters.max_depth': 29, 'parameters.learning_rate': 0.011135543624882102, 'parameters.subsample': 0.7185299544993615, 'parameters.colsample_bytree': 0.6493068086885774, 'parameters.gamma': 0.026096400162394284, 'parameters.reg_lambda': 0.5657166763054492, 'parameters.min_child_weight': 5}. Best is trial 0 with value: 0.3258046106584057.
[I 2026-04-11 20:14:43,374] Trial 162 finished with value: 0.3258046106584057 and parameters: {'parameters.max_depth': 29, 'parameters.learning_rate': 0.012321101651184283, 'parameters.subsample': 0.8482746850897694, 'parameters.colsample_bytree': 0.6084668389287511, 'parameters.gamma': 0.15018162676463195, 'parameters.reg_lambda': 0.5278547317250217, 'parameters.min_child_weight': 4}. Best is trial 0 with value: 0.3258046106584057.
[I 2026-04-11 20:14:46,556] Trial 163 finished with value: 0.3258046106584057 and parameters: {'parameters.max_depth': 30, 'parameters.learning_rate': 0.015125376382734425, 'parameters.subsample': 0.9648564603201458, 'parameters.colsample_bytree': 0.802096104308626, 'parameters.gamma': 0.09128927969201849, 'parameters.reg_lambda': 0.5119090598616639, 'parameters.min_child_weight': 4}. Best is trial 0 with value: 0.3258046106584057.
[I 2026-04-11 20:14:49,659] Trial 164 finished with value: 0.3258046106584057 and parameters: {'parameters.max_depth': 22, 'parameters.learning_rate': 0.00869902833886976, 'parameters.subsample': 0.6236849136214763, 'parameters.colsample_bytree': 0.6249862419309952, 'parameters.gamma': 0.01030055298043826, 'parameters.reg_lambda': 0.6261913383976846, 'parameters.min_child_weight': 3}. Best is trial 0 with value: 0.3258046106584057.
[I 2026-04-11 20:14:52,737] Trial 165 finished with value: 0.3258046106584057 and parameters: {'parameters.max_depth': 30, 'parameters.learning_rate': 0.009846314036364023, 'parameters.subsample': 0.7293721639627572, 'parameters.colsample_bytree': 0.6613221122238095, 'parameters.gamma': 0.10821404043080086, 'parameters.reg_lambda': 0.8194474913519819, 'parameters.min_child_weight': 5}. Best is trial 0 with value: 0.3258046106584057.
[I 2026-04-11 20:14:55,975] Trial 166 finished with value: 0.3258046106584057 and parameters: {'parameters.max_depth': 25, 'parameters.learning_rate': 0.009187995270958274, 'parameters.subsample': 0.8613156776337222, 'parameters.colsample_bytree': 0.7255800693995705, 'parameters.gamma': 0.001464060448724895, 'parameters.reg_lambda': 0.5860185579783175, 'parameters.min_child_weight': 10}. Best is trial 0 with value: 0.3258046106584057.
[I 2026-04-11 20:14:59,174] Trial 167 finished with value: 0.3258046106584057 and parameters: {'parameters.max_depth': 19, 'parameters.learning_rate': 0.024687980664876995, 'parameters.subsample': 0.6593222661847238, 'parameters.colsample_bytree': 0.8534404068327602, 'parameters.gamma': 0.004459643379214055, 'parameters.reg_lambda': 0.7225280968854461, 'parameters.min_child_weight': 3}. Best is trial 0 with value: 0.3258046106584057.
[I 2026-04-11 20:15:02,472] Trial 168 finished with value: 0.3258046106584057 and parameters: {'parameters.max_depth': 28, 'parameters.learning_rate': 0.004161458974799607, 'parameters.subsample': 0.9992930676325877, 'parameters.colsample_bytree': 0.6514340214911224, 'parameters.gamma': 0.03675081284777357, 'parameters.reg_lambda': 0.545964310240421, 'parameters.min_child_weight': 3}. Best is trial 0 with value: 0.3258046106584057.
[I 2026-04-11 20:15:05,679] Trial 169 finished with value: 0.3258046106584057 and parameters: {'parameters.max_depth': 24, 'parameters.learning_rate': 0.01162694510815312, 'parameters.subsample': 0.7845445286658195, 'parameters.colsample_bytree': 0.8641512046346768, 'parameters.gamma': 0.006489134554941886, 'parameters.reg_lambda': 0.6772794320761237, 'parameters.min_child_weight': 6}. Best is trial 0 with value: 0.3258046106584057.
