  0%|          | 0/200 [00:00<?, ?it/s]                                         0%|          | 0/200 [02:55<?, ?it/s]Best trial: 0. Best value: 0.333258:   0%|          | 0/200 [02:55<?, ?it/s]Best trial: 0. Best value: 0.333258:   0%|          | 1/200 [02:55<9:42:21, 175.59s/it]                                                                                       Best trial: 0. Best value: 0.333258:   0%|          | 1/200 [05:51<9:42:21, 175.59s/it]Best trial: 0. Best value: 0.333258:   0%|          | 1/200 [05:51<9:42:21, 175.59s/it]Best trial: 0. Best value: 0.333258:   1%|          | 2/200 [05:51<9:39:36, 175.64s/it]                                                                                       Best trial: 0. Best value: 0.333258:   1%|          | 2/200 [08:46<9:39:36, 175.64s/it]Best trial: 0. Best value: 0.333258:   1%|          | 2/200 [08:46<9:39:36, 175.64s/it]Best trial: 0. Best value: 0.333258:   2%|▏         | 3/200 [08:46<9:36:35, 175.61s/it]                                                                                       Best trial: 0. Best value: 0.333258:   2%|▏         | 3/200 [11:42<9:36:35, 175.61s/it]Best trial: 0. Best value: 0.333258:   2%|▏         | 3/200 [11:42<9:36:35, 175.61s/it]Best trial: 0. Best value: 0.333258:   2%|▏         | 4/200 [11:42<9:33:47, 175.65s/it]                                                                                       Best trial: 0. Best value: 0.333258:   2%|▏         | 4/200 [14:38<9:33:47, 175.65s/it]Best trial: 0. Best value: 0.333258:   2%|▏         | 4/200 [14:38<9:33:47, 175.65s/it]Best trial: 0. Best value: 0.333258:   2%|▎         | 5/200 [14:38<9:30:47, 175.63s/it]                                                                                       Best trial: 0. Best value: 0.333258:   2%|▎         | 5/200 [17:33<9:30:47, 175.63s/it]Best trial: 0. Best value: 0.333258:   2%|▎         | 5/200 [17:33<9:30:47, 175.63s/it]Best trial: 0. Best value: 0.333258:   3%|▎         | 6/200 [17:33<9:27:56, 175.65s/it]                                                                                       Best trial: 0. Best value: 0.333258:   3%|▎         | 6/200 [20:29<9:27:56, 175.65s/it]Best trial: 0. Best value: 0.333258:   3%|▎         | 6/200 [20:29<9:27:56, 175.65s/it]Best trial: 0. Best value: 0.333258:   4%|▎         | 7/200 [20:29<9:25:01, 175.66s/it]                                                                                       Best trial: 0. Best value: 0.333258:   4%|▎         | 7/200 [23:25<9:25:01, 175.66s/it]Best trial: 0. Best value: 0.333258:   4%|▎         | 7/200 [23:25<9:25:01, 175.66s/it]Best trial: 0. Best value: 0.333258:   4%|▍         | 8/200 [23:25<9:22:06, 175.66s/it]                                                                                       Best trial: 0. Best value: 0.333258:   4%|▍         | 8/200 [26:20<9:22:06, 175.66s/it]Best trial: 0. Best value: 0.333258:   4%|▍         | 8/200 [26:20<9:22:06, 175.66s/it]Best trial: 0. Best value: 0.333258:   4%|▍         | 9/200 [26:20<9:19:18, 175.70s/it]                                                                                       Best trial: 0. Best value: 0.333258:   4%|▍         | 9/200 [29:16<9:19:18, 175.70s/it]Best trial: 0. Best value: 0.333258:   4%|▍         | 9/200 [29:16<9:19:18, 175.70s/it]Best trial: 0. Best value: 0.333258:   5%|▌         | 10/200 [29:16<9:16:25, 175.71s/it]                                                                                        Best trial: 0. Best value: 0.333258:   5%|▌         | 10/200 [32:12<9:16:25, 175.71s/it]Best trial: 0. Best value: 0.333258:   5%|▌         | 10/200 [32:12<9:16:25, 175.71s/it]Best trial: 0. Best value: 0.333258:   6%|▌         | 11/200 [32:12<9:13:29, 175.71s/it]                                                                                        Best trial: 0. Best value: 0.333258:   6%|▌         | 11/200 [35:08<9:13:29, 175.71s/it]Best trial: 0. Best value: 0.333258:   6%|▌         | 11/200 [35:08<9:13:29, 175.71s/it]Best trial: 0. Best value: 0.333258:   6%|▌         | 12/200 [35:08<9:10:31, 175.70s/it]                                                                                        Best trial: 0. Best value: 0.333258:   6%|▌         | 12/200 [38:03<9:10:31, 175.70s/it]Best trial: 0. Best value: 0.333258:   6%|▌         | 12/200 [38:03<9:10:31, 175.70s/it]Best trial: 0. Best value: 0.333258:   6%|▋         | 13/200 [38:03<9:07:35, 175.70s/it]                                                                                        Best trial: 0. Best value: 0.333258:   6%|▋         | 13/200 [40:59<9:07:35, 175.70s/it]Best trial: 0. Best value: 0.333258:   6%|▋         | 13/200 [40:59<9:07:35, 175.70s/it]Best trial: 0. Best value: 0.333258:   7%|▋         | 14/200 [40:59<9:04:39, 175.69s/it]                                                                                        Best trial: 0. Best value: 0.333258:   7%|▋         | 14/200 [43:55<9:04:39, 175.69s/it]Best trial: 0. Best value: 0.333258:   7%|▋         | 14/200 [43:55<9:04:39, 175.69s/it]Best trial: 0. Best value: 0.333258:   8%|▊         | 15/200 [43:55<9:01:47, 175.72s/it]                                                                                        Best trial: 0. Best value: 0.333258:   8%|▊         | 15/200 [46:50<9:01:47, 175.72s/it]Best trial: 0. Best value: 0.333258:   8%|▊         | 15/200 [46:50<9:01:47, 175.72s/it]Best trial: 0. Best value: 0.333258:   8%|▊         | 16/200 [46:50<8:58:53, 175.73s/it]                                                                                        Best trial: 0. Best value: 0.333258:   8%|▊         | 16/200 [49:46<8:58:53, 175.73s/it]Best trial: 0. Best value: 0.333258:   8%|▊         | 16/200 [49:46<8:58:53, 175.73s/it]Best trial: 0. Best value: 0.333258:   8%|▊         | 17/200 [49:46<8:55:55, 175.71s/it]                                                                                        Best trial: 0. Best value: 0.333258:   8%|▊         | 17/200 [52:42<8:55:55, 175.71s/it]Best trial: 0. Best value: 0.333258:   8%|▊         | 17/200 [52:42<8:55:55, 175.71s/it]Best trial: 0. Best value: 0.333258:   9%|▉         | 18/200 [52:42<8:53:06, 175.75s/it]                                                                                        Best trial: 0. Best value: 0.333258:   9%|▉         | 18/200 [55:38<8:53:06, 175.75s/it]Best trial: 0. Best value: 0.333258:   9%|▉         | 18/200 [55:38<8:53:06, 175.75s/it]Best trial: 0. Best value: 0.333258:  10%|▉         | 19/200 [55:38<8:50:11, 175.75s/it]                                                                                        Best trial: 0. Best value: 0.333258:  10%|▉         | 19/200 [58:33<8:50:11, 175.75s/it]Best trial: 0. Best value: 0.333258:  10%|▉         | 19/200 [58:33<8:50:11, 175.75s/it]Best trial: 0. Best value: 0.333258:  10%|█         | 20/200 [58:33<8:47:13, 175.74s/it]                                                                                        [I 2026-04-11 21:41:15,043] Trial 0 finished with value: 0.333257518512638 and parameters: {'parameters.history_length': 80, 'parameters.num_layers': 10, 'parameters.units': 298, 'parameters.dropout': 0.379597545259111, 'parameters.batch_size': 114, 'parameters.learning_rate': 0.0002864339657822303, 'parameters.weight_decay': 0.00013066739238053285}. Best is trial 0 with value: 0.333257518512638.
[I 2026-04-11 21:44:10,716] Trial 1 finished with value: 0.333257518512638 and parameters: {'parameters.history_length': 143, 'parameters.num_layers': 7, 'parameters.units': 291, 'parameters.dropout': 0.20617534828874073, 'parameters.batch_size': 375, 'parameters.learning_rate': 0.001359792484318226, 'parameters.weight_decay': 0.00026587543983272726}. Best is trial 0 with value: 0.333257518512638.
[I 2026-04-11 21:47:06,292] Trial 2 finished with value: 0.333257518512638 and parameters: {'parameters.history_length': 55, 'parameters.num_layers': 3, 'parameters.units': 161, 'parameters.dropout': 0.35742692948967136, 'parameters.batch_size': 202, 'parameters.learning_rate': 0.0003910741732549046, 'parameters.weight_decay': 0.0016738085788752138}. Best is trial 0 with value: 0.333257518512638.
[I 2026-04-11 21:50:02,003] Trial 3 finished with value: 0.333257518512638 and parameters: {'parameters.history_length': 49, 'parameters.num_layers': 4, 'parameters.units': 181, 'parameters.dropout': 0.3368209952651108, 'parameters.batch_size': 316, 'parameters.learning_rate': 0.0003167406311823747, 'parameters.weight_decay': 0.0010677482709481358}. Best is trial 0 with value: 0.333257518512638.
[I 2026-04-11 21:52:57,599] Trial 4 finished with value: 0.333257518512638 and parameters: {'parameters.history_length': 108, 'parameters.num_layers': 2, 'parameters.units': 259, 'parameters.dropout': 0.2511572371061875, 'parameters.batch_size': 84, 'parameters.learning_rate': 0.0017779335814037862, 'parameters.weight_decay': 0.00853618986286683}. Best is trial 0 with value: 0.333257518512638.
[I 2026-04-11 21:55:53,290] Trial 5 finished with value: 0.333257518512638 and parameters: {'parameters.history_length': 136, 'parameters.num_layers': 4, 'parameters.units': 95, 'parameters.dropout': 0.40526990795364704, 'parameters.batch_size': 205, 'parameters.learning_rate': 0.0002648916268019866, 'parameters.weight_decay': 0.0009780337016659412}. Best is trial 0 with value: 0.333257518512638.
[I 2026-04-11 21:58:48,961] Trial 6 finished with value: 0.333257518512638 and parameters: {'parameters.history_length': 36, 'parameters.num_layers': 10, 'parameters.units': 147, 'parameters.dropout': 0.39875668530619457, 'parameters.batch_size': 164, 'parameters.learning_rate': 0.000662365977614476, 'parameters.weight_decay': 0.0012399967836846098}. Best is trial 0 with value: 0.333257518512638.
[I 2026-04-11 22:01:44,621] Trial 7 finished with value: 0.333257518512638 and parameters: {'parameters.history_length': 55, 'parameters.num_layers': 10, 'parameters.units': 312, 'parameters.dropout': 0.48184968246925675, 'parameters.batch_size': 351, 'parameters.learning_rate': 0.0007923735580813167, 'parameters.weight_decay': 0.0069782812651260325}. Best is trial 0 with value: 0.333257518512638.
[I 2026-04-11 22:04:40,405] Trial 8 finished with value: 0.333257518512638 and parameters: {'parameters.history_length': 43, 'parameters.num_layers': 3, 'parameters.units': 78, 'parameters.dropout': 0.2975990992289793, 'parameters.batch_size': 188, 'parameters.learning_rate': 0.0003735760514214134, 'parameters.weight_decay': 0.004544383960336014}. Best is trial 0 with value: 0.333257518512638.
[I 2026-04-11 22:07:36,153] Trial 9 finished with value: 0.333257518512638 and parameters: {'parameters.history_length': 78, 'parameters.num_layers': 4, 'parameters.units': 238, 'parameters.dropout': 0.2422772674924288, 'parameters.batch_size': 321, 'parameters.learning_rate': 0.0002374546285067177, 'parameters.weight_decay': 0.009413993046829943}. Best is trial 0 with value: 0.333257518512638.
[I 2026-04-11 22:10:31,853] Trial 10 finished with value: 0.333257518512638 and parameters: {'parameters.history_length': 98, 'parameters.num_layers': 8, 'parameters.units': 375, 'parameters.dropout': 0.47968710257353625, 'parameters.batch_size': 68, 'parameters.learning_rate': 0.0005001189812980793, 'parameters.weight_decay': 0.00010722312838040235}. Best is trial 0 with value: 0.333257518512638.
[I 2026-04-11 22:13:27,531] Trial 11 finished with value: 0.333257518512638 and parameters: {'parameters.history_length': 156, 'parameters.num_layers': 7, 'parameters.units': 301, 'parameters.dropout': 0.2047223458760423, 'parameters.batch_size': 262, 'parameters.learning_rate': 0.001256902823130098, 'parameters.weight_decay': 0.0001301397360657581}. Best is trial 0 with value: 0.333257518512638.
[I 2026-04-11 22:16:23,221] Trial 12 finished with value: 0.333257518512638 and parameters: {'parameters.history_length': 128, 'parameters.num_layers': 8, 'parameters.units': 357, 'parameters.dropout': 0.41720099252845877, 'parameters.batch_size': 128, 'parameters.learning_rate': 0.00095494434347689, 'parameters.weight_decay': 0.00027209976155848575}. Best is trial 0 with value: 0.333257518512638.
[I 2026-04-11 22:19:18,911] Trial 13 finished with value: 0.333257518512638 and parameters: {'parameters.history_length': 79, 'parameters.num_layers': 6, 'parameters.units': 295, 'parameters.dropout': 0.3133792510211184, 'parameters.batch_size': 258, 'parameters.learning_rate': 0.001566296737002324, 'parameters.weight_decay': 0.0002846282635669909}. Best is trial 0 with value: 0.333257518512638.
[I 2026-04-11 22:22:14,677] Trial 14 finished with value: 0.333257518512638 and parameters: {'parameters.history_length': 117, 'parameters.num_layers': 9, 'parameters.units': 334, 'parameters.dropout': 0.3763626960568941, 'parameters.batch_size': 131, 'parameters.learning_rate': 0.0010635660276295932, 'parameters.weight_decay': 0.00030287539859849907}. Best is trial 0 with value: 0.333257518512638.
[I 2026-04-11 22:25:10,423] Trial 15 finished with value: 0.333257518512638 and parameters: {'parameters.history_length': 160, 'parameters.num_layers': 6, 'parameters.units': 263, 'parameters.dropout': 0.44241981033414934, 'parameters.batch_size': 383, 'parameters.learning_rate': 0.0005261228039335526, 'parameters.weight_decay': 0.0005286741166545425}. Best is trial 0 with value: 0.333257518512638.
[I 2026-04-11 22:28:06,100] Trial 16 finished with value: 0.333257518512638 and parameters: {'parameters.history_length': 78, 'parameters.num_layers': 7, 'parameters.units': 209, 'parameters.dropout': 0.2471485326949496, 'parameters.batch_size': 253, 'parameters.learning_rate': 0.00020162102536002064, 'parameters.weight_decay': 0.00018015596595059326}. Best is trial 0 with value: 0.333257518512638.
[I 2026-04-11 22:31:01,943] Trial 17 finished with value: 0.333257518512638 and parameters: {'parameters.history_length': 138, 'parameters.num_layers': 9, 'parameters.units': 276, 'parameters.dropout': 0.29047124888468323, 'parameters.batch_size': 131, 'parameters.learning_rate': 0.0012743946236752595, 'parameters.weight_decay': 0.0005983206987374906}. Best is trial 0 with value: 0.333257518512638.
[I 2026-04-11 22:33:57,708] Trial 18 finished with value: 0.333257518512638 and parameters: {'parameters.history_length': 91, 'parameters.num_layers': 5, 'parameters.units': 333, 'parameters.dropout': 0.20645033824503572, 'parameters.batch_size': 295, 'parameters.learning_rate': 0.0007255141528082508, 'parameters.weight_decay': 0.0001635280109508478}. Best is trial 0 with value: 0.333257518512638.
[I 2026-04-11 22:36:53,416] Trial 19 finished with value: 0.333257518512638 and parameters: {'parameters.history_length': 67, 'parameters.num_layers': 9, 'parameters.units': 221, 'parameters.dropout': 0.44638145666567913, 'parameters.batch_size': 103, 'parameters.learning_rate': 0.001991598087660158, 'parameters.weight_decay': 0.00044660663318794386}. Best is trial 0 with value: 0.333257518512638.
