[I 2026-04-11 22:39:49,174] Trial 20 finished with value: 0.333257518512638 and parameters: {'parameters.history_length': 115, 'parameters.num_layers': 8, 'parameters.units': 384, 'parameters.dropout': 0.33787065219914786, 'parameters.batch_size': 166, 'parameters.learning_rate': 0.00048155997700130744, 'parameters.weight_decay': 0.000197526820528539}. Best is trial 0 with value: 0.333257518512638.Best trial: 0. Best value: 0.333258:  10%|█         | 20/200 [1:01:29<8:47:13, 175.74s/it]Best trial: 0. Best value: 0.333258:  10%|█         | 20/200 [1:01:29<8:47:13, 175.74s/it]Best trial: 0. Best value: 0.333258:  10%|█         | 21/200 [1:01:29<8:44:18, 175.75s/it]                                                                                          Best trial: 0. Best value: 0.333258:  10%|█         | 21/200 [1:04:25<8:44:18, 175.75s/it]Best trial: 0. Best value: 0.333258:  10%|█         | 21/200 [1:04:25<8:44:18, 175.75s/it]Best trial: 0. Best value: 0.333258:  11%|█         | 22/200 [1:04:25<8:41:20, 175.73s/it]                                                                                          Best trial: 0. Best value: 0.333258:  11%|█         | 22/200 [1:07:21<8:41:20, 175.73s/it]Best trial: 0. Best value: 0.333258:  11%|█         | 22/200 [1:07:21<8:41:20, 175.73s/it]Best trial: 0. Best value: 0.333258:  12%|█▏        | 23/200 [1:07:21<8:38:18, 175.70s/it]                                                                                          Best trial: 0. Best value: 0.333258:  12%|█▏        | 23/200 [1:10:16<8:38:18, 175.70s/it]Best trial: 0. Best value: 0.333258:  12%|█▏        | 23/200 [1:10:16<8:38:18, 175.70s/it]Best trial: 0. Best value: 0.333258:  12%|█▏        | 24/200 [1:10:16<8:35:23, 175.70s/it]                                                                                          Best trial: 0. Best value: 0.333258:  12%|█▏        | 24/200 [1:13:12<8:35:23, 175.70s/it]Best trial: 0. Best value: 0.333258:  12%|█▏        | 24/200 [1:13:12<8:35:23, 175.70s/it]Best trial: 0. Best value: 0.333258:  12%|█▎        | 25/200 [1:13:12<8:32:25, 175.69s/it]                                                                                          Best trial: 0. Best value: 0.333258:  12%|█▎        | 25/200 [1:16:08<8:32:25, 175.69s/it]Best trial: 0. Best value: 0.333258:  12%|█▎        | 25/200 [1:16:08<8:32:25, 175.69s/it]Best trial: 0. Best value: 0.333258:  13%|█▎        | 26/200 [1:16:08<8:29:29, 175.69s/it]                                                                                          Best trial: 0. Best value: 0.333258:  13%|█▎        | 26/200 [1:19:03<8:29:29, 175.69s/it]Best trial: 0. Best value: 0.333258:  13%|█▎        | 26/200 [1:19:03<8:29:29, 175.69s/it]Best trial: 0. Best value: 0.333258:  14%|█▎        | 27/200 [1:19:03<8:26:27, 175.65s/it]                                                                                          Best trial: 0. Best value: 0.333258:  14%|█▎        | 27/200 [1:21:59<8:26:27, 175.65s/it]Best trial: 0. Best value: 0.333258:  14%|█▎        | 27/200 [1:21:59<8:26:27, 175.65s/it]Best trial: 0. Best value: 0.333258:  14%|█▍        | 28/200 [1:21:59<8:23:54, 175.78s/it]                                                                                          Best trial: 0. Best value: 0.333258:  14%|█▍        | 28/200 [1:24:56<8:23:54, 175.78s/it]Best trial: 0. Best value: 0.333258:  14%|█▍        | 28/200 [1:24:56<8:23:54, 175.78s/it]Best trial: 0. Best value: 0.333258:  14%|█▍        | 29/200 [1:24:56<8:21:30, 175.97s/it]                                                                                          Best trial: 0. Best value: 0.333258:  14%|█▍        | 29/200 [1:27:52<8:21:30, 175.97s/it]Best trial: 0. Best value: 0.333258:  14%|█▍        | 29/200 [1:27:52<8:21:30, 175.97s/it]Best trial: 0. Best value: 0.333258:  15%|█▌        | 30/200 [1:27:52<8:19:03, 176.14s/it]                                                                                          Best trial: 0. Best value: 0.333258:  15%|█▌        | 30/200 [1:30:48<8:19:03, 176.14s/it]Best trial: 0. Best value: 0.333258:  15%|█▌        | 30/200 [1:30:48<8:19:03, 176.14s/it]Best trial: 0. Best value: 0.333258:  16%|█▌        | 31/200 [1:30:48<8:16:00, 176.10s/it]                                                                                          Best trial: 0. Best value: 0.333258:  16%|█▌        | 31/200 [1:33:44<8:16:00, 176.10s/it]Best trial: 0. Best value: 0.333258:  16%|█▌        | 31/200 [1:33:44<8:16:00, 176.10s/it]Best trial: 0. Best value: 0.333258:  16%|█▌        | 32/200 [1:33:44<8:12:46, 175.99s/it]                                                                                          Best trial: 0. Best value: 0.333258:  16%|█▌        | 32/200 [1:36:40<8:12:46, 175.99s/it]Best trial: 0. Best value: 0.333258:  16%|█▌        | 32/200 [1:36:40<8:12:46, 175.99s/it]Best trial: 0. Best value: 0.333258:  16%|█▋        | 33/200 [1:36:40<8:10:08, 176.10s/it]                                                                                          Best trial: 0. Best value: 0.333258:  16%|█▋        | 33/200 [1:39:37<8:10:08, 176.10s/it]Best trial: 0. Best value: 0.333258:  16%|█▋        | 33/200 [1:39:37<8:10:08, 176.10s/it]Best trial: 0. Best value: 0.333258:  17%|█▋        | 34/200 [1:39:37<8:07:42, 176.28s/it]                                                                                          Best trial: 0. Best value: 0.333258:  17%|█▋        | 34/200 [1:42:33<8:07:42, 176.28s/it]Best trial: 0. Best value: 0.333258:  17%|█▋        | 34/200 [1:42:33<8:07:42, 176.28s/it]Best trial: 0. Best value: 0.333258:  18%|█▊        | 35/200 [1:42:33<8:04:54, 176.33s/it]                                                                                          Best trial: 0. Best value: 0.333258:  18%|█▊        | 35/200 [1:45:29<8:04:54, 176.33s/it]Best trial: 0. Best value: 0.333258:  18%|█▊        | 35/200 [1:45:29<8:04:54, 176.33s/it]Best trial: 0. Best value: 0.333258:  18%|█▊        | 36/200 [1:45:29<8:01:37, 176.21s/it]                                                                                          Best trial: 0. Best value: 0.333258:  18%|█▊        | 36/200 [1:48:25<8:01:37, 176.21s/it]Best trial: 0. Best value: 0.333258:  18%|█▊        | 36/200 [1:48:25<8:01:37, 176.21s/it]Best trial: 0. Best value: 0.333258:  18%|█▊        | 37/200 [1:48:25<7:58:25, 176.10s/it]                                                                                          Best trial: 0. Best value: 0.333258:  18%|█▊        | 37/200 [1:51:22<7:58:25, 176.10s/it]Best trial: 0. Best value: 0.333258:  18%|█▊        | 37/200 [1:51:22<7:58:25, 176.10s/it]Best trial: 0. Best value: 0.333258:  19%|█▉        | 38/200 [1:51:22<7:55:44, 176.20s/it]                                                                                          Best trial: 0. Best value: 0.333258:  19%|█▉        | 38/200 [1:54:19<7:55:44, 176.20s/it]Best trial: 0. Best value: 0.333258:  19%|█▉        | 38/200 [1:54:19<7:55:44, 176.20s/it]Best trial: 0. Best value: 0.333258:  20%|█▉        | 39/200 [1:54:19<7:53:59, 176.65s/it]                                                                                          Best trial: 0. Best value: 0.333258:  20%|█▉        | 39/200 [1:57:16<7:53:59, 176.65s/it]Best trial: 0. Best value: 0.333258:  20%|█▉        | 39/200 [1:57:16<7:53:59, 176.65s/it]Best trial: 0. Best value: 0.333258:  20%|██        | 40/200 [1:57:16<7:51:02, 176.64s/it]                                                                                          Best trial: 0. Best value: 0.333258:  20%|██        | 40/200 [2:00:12<7:51:02, 176.64s/it]Best trial: 0. Best value: 0.333258:  20%|██        | 40/200 [2:00:12<7:51:02, 176.64s/it]Best trial: 0. Best value: 0.333258:  20%|██        | 41/200 [2:00:12<7:47:50, 176.54s/it]                                                                                          
[I 2026-04-11 22:42:44,875] Trial 21 finished with value: 0.333257518512638 and parameters: {'parameters.history_length': 63, 'parameters.num_layers': 2, 'parameters.units': 140, 'parameters.dropout': 0.3660372330211632, 'parameters.batch_size': 232, 'parameters.learning_rate': 0.000354344837763424, 'parameters.weight_decay': 0.002417853052102726}. Best is trial 0 with value: 0.333257518512638.
[I 2026-04-11 22:45:40,494] Trial 22 finished with value: 0.333257518512638 and parameters: {'parameters.history_length': 88, 'parameters.num_layers': 6, 'parameters.units': 174, 'parameters.dropout': 0.3698852731128827, 'parameters.batch_size': 209, 'parameters.learning_rate': 0.00041758837953587337, 'parameters.weight_decay': 0.0021633628606049036}. Best is trial 0 with value: 0.333257518512638.
[I 2026-04-11 22:48:36,210] Trial 23 finished with value: 0.333257518512638 and parameters: {'parameters.history_length': 64, 'parameters.num_layers': 5, 'parameters.units': 129, 'parameters.dropout': 0.32125062627084877, 'parameters.batch_size': 166, 'parameters.learning_rate': 0.0002923245529049387, 'parameters.weight_decay': 0.002017057673332463}. Best is trial 0 with value: 0.333257518512638.
[I 2026-04-11 22:51:31,860] Trial 24 finished with value: 0.333257518512638 and parameters: {'parameters.history_length': 102, 'parameters.num_layers': 3, 'parameters.units': 185, 'parameters.dropout': 0.27457603201488257, 'parameters.batch_size': 300, 'parameters.learning_rate': 0.00022100125852066627, 'parameters.weight_decay': 0.0004160035578799865}. Best is trial 0 with value: 0.333257518512638.
[I 2026-04-11 22:54:27,547] Trial 25 finished with value: 0.333257518512638 and parameters: {'parameters.history_length': 32, 'parameters.num_layers': 7, 'parameters.units': 244, 'parameters.dropout': 0.36052008623676357, 'parameters.batch_size': 375, 'parameters.learning_rate': 0.000592630468593001, 'parameters.weight_decay': 0.0033770586827607386}. Best is trial 0 with value: 0.333257518512638.
[I 2026-04-11 22:57:23,114] Trial 26 finished with value: 0.333257518512638 and parameters: {'parameters.history_length': 55, 'parameters.num_layers': 5, 'parameters.units': 283, 'parameters.dropout': 0.3863871211050558, 'parameters.batch_size': 106, 'parameters.learning_rate': 0.00038890250667777834, 'parameters.weight_decay': 0.0006830907735497466}. Best is trial 0 with value: 0.333257518512638.
[I 2026-04-11 23:00:19,197] Trial 27 finished with value: 0.333257518512638 and parameters: {'parameters.history_length': 148, 'parameters.num_layers': 10, 'parameters.units': 326, 'parameters.dropout': 0.427561876775715, 'parameters.batch_size': 282, 'parameters.learning_rate': 0.0002869929132218234, 'parameters.weight_decay': 0.001379986551269897}. Best is trial 0 with value: 0.333257518512638.
[I 2026-04-11 23:03:15,607] Trial 28 finished with value: 0.333257518512638 and parameters: {'parameters.history_length': 71, 'parameters.num_layers': 3, 'parameters.units': 214, 'parameters.dropout': 0.33796213804669856, 'parameters.batch_size': 229, 'parameters.learning_rate': 0.0008776020296896317, 'parameters.weight_decay': 0.0001099373087680161}. Best is trial 0 with value: 0.333257518512638.
[I 2026-04-11 23:06:12,132] Trial 29 finished with value: 0.333257518512638 and parameters: {'parameters.history_length': 53, 'parameters.num_layers': 9, 'parameters.units': 167, 'parameters.dropout': 0.3180616994025814, 'parameters.batch_size': 332, 'parameters.learning_rate': 0.00033589125009347696, 'parameters.weight_decay': 0.0008361419971766109}. Best is trial 0 with value: 0.333257518512638.
[I 2026-04-11 23:09:08,139] Trial 30 finished with value: 0.333257518512638 and parameters: {'parameters.history_length': 43, 'parameters.num_layers': 7, 'parameters.units': 117, 'parameters.dropout': 0.34512362368591054, 'parameters.batch_size': 148, 'parameters.learning_rate': 0.00043473662166902715, 'parameters.weight_decay': 0.0015915803943138997}. Best is trial 0 with value: 0.333257518512638.
[I 2026-04-11 23:12:03,887] Trial 31 finished with value: 0.333257518512638 and parameters: {'parameters.history_length': 47, 'parameters.num_layers': 2, 'parameters.units': 194, 'parameters.dropout': 0.3881947259506168, 'parameters.batch_size': 342, 'parameters.learning_rate': 0.0003164939738006437, 'parameters.weight_decay': 0.0008241653000947872}. Best is trial 0 with value: 0.333257518512638.
[I 2026-04-11 23:15:00,225] Trial 32 finished with value: 0.333257518512638 and parameters: {'parameters.history_length': 89, 'parameters.num_layers': 4, 'parameters.units': 248, 'parameters.dropout': 0.23808008075692474, 'parameters.batch_size': 358, 'parameters.learning_rate': 0.00029262624100156136, 'parameters.weight_decay': 0.001184212449164789}. Best is trial 0 with value: 0.333257518512638.
[I 2026-04-11 23:17:56,929] Trial 33 finished with value: 0.333257518512638 and parameters: {'parameters.history_length': 110, 'parameters.num_layers': 4, 'parameters.units': 163, 'parameters.dropout': 0.27107767790263176, 'parameters.batch_size': 316, 'parameters.learning_rate': 0.00024643981131607746, 'parameters.weight_decay': 0.00022647910751813117}. Best is trial 0 with value: 0.333257518512638.
[I 2026-04-11 23:20:53,388] Trial 34 finished with value: 0.333257518512638 and parameters: {'parameters.history_length': 129, 'parameters.num_layers': 3, 'parameters.units': 192, 'parameters.dropout': 0.40540885976750624, 'parameters.batch_size': 365, 'parameters.learning_rate': 0.0006024416810778305, 'parameters.weight_decay': 0.0003822654004461951}. Best is trial 0 with value: 0.333257518512638.
[I 2026-04-11 23:23:49,297] Trial 35 finished with value: 0.333257518512638 and parameters: {'parameters.history_length': 40, 'parameters.num_layers': 2, 'parameters.units': 153, 'parameters.dropout': 0.22377525969461912, 'parameters.batch_size': 196, 'parameters.learning_rate': 0.00026697924711350016, 'parameters.weight_decay': 0.00404103023207709}. Best is trial 0 with value: 0.333257518512638.
[I 2026-04-11 23:26:45,167] Trial 36 finished with value: 0.333257518512638 and parameters: {'parameters.history_length': 55, 'parameters.num_layers': 5, 'parameters.units': 104, 'parameters.dropout': 0.26925232127290777, 'parameters.batch_size': 86, 'parameters.learning_rate': 0.0004486273909911726, 'parameters.weight_decay': 0.0009205993460515822}. Best is trial 0 with value: 0.333257518512638.
[I 2026-04-11 23:29:41,585] Trial 37 finished with value: 0.333257518512638 and parameters: {'parameters.history_length': 71, 'parameters.num_layers': 3, 'parameters.units': 72, 'parameters.dropout': 0.2950527943260824, 'parameters.batch_size': 178, 'parameters.learning_rate': 0.00037490951484004254, 'parameters.weight_decay': 0.00013923239249207775}. Best is trial 0 with value: 0.333257518512638.
[I 2026-04-11 23:32:39,274] Trial 38 finished with value: 0.333257518512638 and parameters: {'parameters.history_length': 50, 'parameters.num_layers': 10, 'parameters.units': 262, 'parameters.dropout': 0.34928613892390625, 'parameters.batch_size': 283, 'parameters.learning_rate': 0.0005445751262878727, 'parameters.weight_decay': 0.0028633065984043716}. Best is trial 0 with value: 0.333257518512638.
[I 2026-04-11 23:35:35,902] Trial 39 finished with value: 0.333257518512638 and parameters: {'parameters.history_length': 60, 'parameters.num_layers': 4, 'parameters.units': 356, 'parameters.dropout': 0.49672011225451274, 'parameters.batch_size': 340, 'parameters.learning_rate': 0.0007410676322571651, 'parameters.weight_decay': 0.006994379538319026}. Best is trial 0 with value: 0.333257518512638.
[I 2026-04-11 23:38:32,220] Trial 40 finished with value: 0.333257518512638 and parameters: {'parameters.history_length': 75, 'parameters.num_layers': 6, 'parameters.units': 233, 'parameters.dropout': 0.40347059031324145, 'parameters.batch_size': 246, 'parameters.learning_rate': 0.0014509002791330532, 'parameters.weight_decay': 0.0016750084904010565}. Best is trial 0 with value: 0.333257518512638.
