[I 2026-04-11 20:25:48,336] Trial 170 finished with value: 0.34193117700588643 and parameters: {'parameters.max_depth': 13, 'parameters.learning_rate': 0.015868600768683395, 'parameters.subsample': 0.8930930318566305, 'parameters.colsample_bytree': 0.6958307064207474, 'parameters.reg_alpha': 0.020060073720032708, 'parameters.reg_lambda': 2.0635327415304783, 'parameters.min_child_samples': 36}. Best is trial 97 with value: 0.3419311770058863.Best trial: 97. Best value: 0.341931:  85%|████████▌ | 170/200 [09:04<01:34,  3.16s/it]Best trial: 97. Best value: 0.341931:  85%|████████▌ | 170/200 [09:04<01:34,  3.16s/it]Best trial: 97. Best value: 0.341931:  86%|████████▌ | 171/200 [09:04<01:31,  3.16s/it]                                                                                       Best trial: 97. Best value: 0.341931:  86%|████████▌ | 171/200 [09:07<01:31,  3.16s/it]Best trial: 97. Best value: 0.341931:  86%|████████▌ | 171/200 [09:07<01:31,  3.16s/it]Best trial: 97. Best value: 0.341931:  86%|████████▌ | 172/200 [09:07<01:28,  3.18s/it]                                                                                       Best trial: 97. Best value: 0.341931:  86%|████████▌ | 172/200 [09:11<01:28,  3.18s/it]Best trial: 97. Best value: 0.341931:  86%|████████▌ | 172/200 [09:11<01:28,  3.18s/it]Best trial: 97. Best value: 0.341931:  86%|████████▋ | 173/200 [09:11<01:26,  3.19s/it]                                                                                       Best trial: 97. Best value: 0.341931:  86%|████████▋ | 173/200 [09:14<01:26,  3.19s/it]Best trial: 97. Best value: 0.341931:  86%|████████▋ | 173/200 [09:14<01:26,  3.19s/it]Best trial: 97. Best value: 0.341931:  87%|████████▋ | 174/200 [09:14<01:22,  3.19s/it]                                                                                       Best trial: 97. Best value: 0.341931:  87%|████████▋ | 174/200 [09:17<01:22,  3.19s/it]Best trial: 97. Best value: 0.341931:  87%|████████▋ | 174/200 [09:17<01:22,  3.19s/it]Best trial: 97. Best value: 0.341931:  88%|████████▊ | 175/200 [09:17<01:19,  3.18s/it]                                                                                       Best trial: 97. Best value: 0.341931:  88%|████████▊ | 175/200 [09:20<01:19,  3.18s/it]Best trial: 97. Best value: 0.341931:  88%|████████▊ | 175/200 [09:20<01:19,  3.18s/it]Best trial: 97. Best value: 0.341931:  88%|████████▊ | 176/200 [09:20<01:16,  3.18s/it]                                                                                       Best trial: 97. Best value: 0.341931:  88%|████████▊ | 176/200 [09:23<01:16,  3.18s/it]Best trial: 97. Best value: 0.341931:  88%|████████▊ | 176/200 [09:23<01:16,  3.18s/it]Best trial: 97. Best value: 0.341931:  88%|████████▊ | 177/200 [09:23<01:13,  3.20s/it]                                                                                       Best trial: 97. Best value: 0.341931:  88%|████████▊ | 177/200 [09:27<01:13,  3.20s/it]Best trial: 97. Best value: 0.341931:  88%|████████▊ | 177/200 [09:27<01:13,  3.20s/it]Best trial: 97. Best value: 0.341931:  89%|████████▉ | 178/200 [09:27<01:10,  3.19s/it]                                                                                       Best trial: 97. Best value: 0.341931:  89%|████████▉ | 178/200 [09:30<01:10,  3.19s/it]Best trial: 97. Best value: 0.341931:  89%|████████▉ | 178/200 [09:30<01:10,  3.19s/it]Best trial: 97. Best value: 0.341931:  90%|████████▉ | 179/200 [09:30<01:06,  3.17s/it]                                                                                       Best trial: 97. Best value: 0.341931:  90%|████████▉ | 179/200 [09:33<01:06,  3.17s/it]Best trial: 97. Best value: 0.341931:  90%|████████▉ | 179/200 [09:33<01:06,  3.17s/it]Best trial: 97. Best value: 0.341931:  90%|█████████ | 180/200 [09:33<01:03,  3.17s/it]                                                                                       Best trial: 97. Best value: 0.341931:  90%|█████████ | 180/200 [09:36<01:03,  3.17s/it]Best trial: 97. Best value: 0.341931:  90%|█████████ | 180/200 [09:36<01:03,  3.17s/it]Best trial: 97. Best value: 0.341931:  90%|█████████ | 181/200 [09:36<00:59,  3.15s/it]                                                                                       Best trial: 97. Best value: 0.341931:  90%|█████████ | 181/200 [09:39<00:59,  3.15s/it]Best trial: 97. Best value: 0.341931:  90%|█████████ | 181/200 [09:39<00:59,  3.15s/it]Best trial: 97. Best value: 0.341931:  91%|█████████ | 182/200 [09:39<00:56,  3.16s/it]                                                                                       Best trial: 97. Best value: 0.341931:  91%|█████████ | 182/200 [09:42<00:56,  3.16s/it]Best trial: 97. Best value: 0.341931:  91%|█████████ | 182/200 [09:42<00:56,  3.16s/it]Best trial: 97. Best value: 0.341931:  92%|█████████▏| 183/200 [09:42<00:53,  3.17s/it]                                                                                       Best trial: 97. Best value: 0.341931:  92%|█████████▏| 183/200 [09:45<00:53,  3.17s/it]Best trial: 97. Best value: 0.341931:  92%|█████████▏| 183/200 [09:45<00:53,  3.17s/it]Best trial: 97. Best value: 0.341931:  92%|█████████▏| 184/200 [09:45<00:50,  3.14s/it]                                                                                       Best trial: 97. Best value: 0.341931:  92%|█████████▏| 184/200 [09:49<00:50,  3.14s/it]Best trial: 97. Best value: 0.341931:  92%|█████████▏| 184/200 [09:49<00:50,  3.14s/it]Best trial: 97. Best value: 0.341931:  92%|█████████▎| 185/200 [09:49<00:47,  3.15s/it]                                                                                       Best trial: 97. Best value: 0.341931:  92%|█████████▎| 185/200 [09:52<00:47,  3.15s/it]Best trial: 97. Best value: 0.341931:  92%|█████████▎| 185/200 [09:52<00:47,  3.15s/it]Best trial: 97. Best value: 0.341931:  93%|█████████▎| 186/200 [09:52<00:44,  3.17s/it]                                                                                       Best trial: 97. Best value: 0.341931:  93%|█████████▎| 186/200 [09:55<00:44,  3.17s/it]Best trial: 97. Best value: 0.341931:  93%|█████████▎| 186/200 [09:55<00:44,  3.17s/it]Best trial: 97. Best value: 0.341931:  94%|█████████▎| 187/200 [09:55<00:41,  3.19s/it]                                                                                       Best trial: 97. Best value: 0.341931:  94%|█████████▎| 187/200 [09:58<00:41,  3.19s/it]Best trial: 97. Best value: 0.341931:  94%|█████████▎| 187/200 [09:58<00:41,  3.19s/it]Best trial: 97. Best value: 0.341931:  94%|█████████▍| 188/200 [09:58<00:38,  3.19s/it]                                                                                       Best trial: 97. Best value: 0.341931:  94%|█████████▍| 188/200 [10:01<00:38,  3.19s/it]Best trial: 97. Best value: 0.341931:  94%|█████████▍| 188/200 [10:01<00:38,  3.19s/it]Best trial: 97. Best value: 0.341931:  94%|█████████▍| 189/200 [10:01<00:35,  3.20s/it]                                                                                       
[I 2026-04-11 20:25:51,546] Trial 171 finished with value: 0.34193117700588643 and parameters: {'parameters.max_depth': 15, 'parameters.learning_rate': 0.0023203906457431277, 'parameters.subsample': 0.6937889106419401, 'parameters.colsample_bytree': 0.7146750793456802, 'parameters.reg_alpha': 0.7060264530481255, 'parameters.reg_lambda': 0.8155267865976094, 'parameters.min_child_samples': 66}. Best is trial 97 with value: 0.3419311770058863.
[I 2026-04-11 20:25:54,767] Trial 172 finished with value: 0.3419311770058864 and parameters: {'parameters.max_depth': 4, 'parameters.learning_rate': 0.0030250877737163363, 'parameters.subsample': 0.7299012090827434, 'parameters.colsample_bytree': 0.9363714103805932, 'parameters.reg_alpha': 1.5923488463371342, 'parameters.reg_lambda': 0.6659068714926245, 'parameters.min_child_samples': 77}. Best is trial 97 with value: 0.3419311770058863.
[I 2026-04-11 20:25:57,946] Trial 173 finished with value: 0.3419311770058864 and parameters: {'parameters.max_depth': 28, 'parameters.learning_rate': 0.0026618154697942696, 'parameters.subsample': 0.7161014372998463, 'parameters.colsample_bytree': 0.979593443299223, 'parameters.reg_alpha': 1.350618230364645, 'parameters.reg_lambda': 0.8901923157252556, 'parameters.min_child_samples': 81}. Best is trial 97 with value: 0.3419311770058863.
[I 2026-04-11 20:26:01,120] Trial 174 finished with value: 0.3419311770058864 and parameters: {'parameters.max_depth': 13, 'parameters.learning_rate': 0.0025045839107138606, 'parameters.subsample': 0.7545580114370846, 'parameters.colsample_bytree': 0.6897711809458501, 'parameters.reg_alpha': 0.8716092627535577, 'parameters.reg_lambda': 0.8353607445541615, 'parameters.min_child_samples': 44}. Best is trial 97 with value: 0.3419311770058863.
[I 2026-04-11 20:26:04,281] Trial 175 finished with value: 0.3419311770058864 and parameters: {'parameters.max_depth': 14, 'parameters.learning_rate': 0.002014981880039732, 'parameters.subsample': 0.7038669352828802, 'parameters.colsample_bytree': 0.6436096752124643, 'parameters.reg_alpha': 0.6107878096070292, 'parameters.reg_lambda': 3.633939797073347, 'parameters.min_child_samples': 91}. Best is trial 97 with value: 0.3419311770058863.
[I 2026-04-11 20:26:07,546] Trial 176 finished with value: 0.34193117700588643 and parameters: {'parameters.max_depth': 12, 'parameters.learning_rate': 0.0032111523204120846, 'parameters.subsample': 0.6428295228988853, 'parameters.colsample_bytree': 0.9966295669639829, 'parameters.reg_alpha': 1.0535121233956468, 'parameters.reg_lambda': 4.30836667411029, 'parameters.min_child_samples': 60}. Best is trial 97 with value: 0.3419311770058863.
[I 2026-04-11 20:26:10,715] Trial 177 finished with value: 0.34193117700588643 and parameters: {'parameters.max_depth': 10, 'parameters.learning_rate': 0.004021653674510395, 'parameters.subsample': 0.8638106605535055, 'parameters.colsample_bytree': 0.7073646972598017, 'parameters.reg_alpha': 1.952324606722964, 'parameters.reg_lambda': 0.6329822211069599, 'parameters.min_child_samples': 18}. Best is trial 97 with value: 0.3419311770058863.
[I 2026-04-11 20:26:13,822] Trial 178 finished with value: 0.3419311770058864 and parameters: {'parameters.max_depth': 27, 'parameters.learning_rate': 0.005506158209865114, 'parameters.subsample': 0.9658445145146868, 'parameters.colsample_bytree': 0.6067720527440136, 'parameters.reg_alpha': 0.01074117539046795, 'parameters.reg_lambda': 1.3716385308561103, 'parameters.min_child_samples': 53}. Best is trial 97 with value: 0.3419311770058863.
[I 2026-04-11 20:26:16,992] Trial 179 finished with value: 0.34193117700588643 and parameters: {'parameters.max_depth': 24, 'parameters.learning_rate': 0.006692782158720297, 'parameters.subsample': 0.7437473915635315, 'parameters.colsample_bytree': 0.6992658469423041, 'parameters.reg_alpha': 0.0013163791395836902, 'parameters.reg_lambda': 3.961601777814865, 'parameters.min_child_samples': 12}. Best is trial 97 with value: 0.3419311770058863.
[I 2026-04-11 20:26:20,099] Trial 180 finished with value: 0.34193117700588643 and parameters: {'parameters.max_depth': 11, 'parameters.learning_rate': 0.0184294455780633, 'parameters.subsample': 0.7725753500096331, 'parameters.colsample_bytree': 0.731440500887728, 'parameters.reg_alpha': 0.47434207458136574, 'parameters.reg_lambda': 0.711346037027367, 'parameters.min_child_samples': 70}. Best is trial 97 with value: 0.3419311770058863.
[I 2026-04-11 20:26:23,284] Trial 181 finished with value: 0.3419311770058864 and parameters: {'parameters.max_depth': 21, 'parameters.learning_rate': 0.012419296929267035, 'parameters.subsample': 0.6335315590228944, 'parameters.colsample_bytree': 0.8008333373855282, 'parameters.reg_alpha': 1.239391142020813, 'parameters.reg_lambda': 1.2051038662544689, 'parameters.min_child_samples': 31}. Best is trial 97 with value: 0.3419311770058863.
[I 2026-04-11 20:26:26,472] Trial 182 finished with value: 0.3419311770058864 and parameters: {'parameters.max_depth': 22, 'parameters.learning_rate': 0.004940443348014697, 'parameters.subsample': 0.6543305152637128, 'parameters.colsample_bytree': 0.8204466491249018, 'parameters.reg_alpha': 0.7634976311989979, 'parameters.reg_lambda': 1.0948010980758784, 'parameters.min_child_samples': 29}. Best is trial 97 with value: 0.3419311770058863.
[I 2026-04-11 20:26:29,553] Trial 183 finished with value: 0.34193117700588643 and parameters: {'parameters.max_depth': 20, 'parameters.learning_rate': 0.004170470455641777, 'parameters.subsample': 0.6266286610481206, 'parameters.colsample_bytree': 0.8622555461927142, 'parameters.reg_alpha': 0.3570900247749273, 'parameters.reg_lambda': 0.7545894594972782, 'parameters.min_child_samples': 40}. Best is trial 97 with value: 0.3419311770058863.
[I 2026-04-11 20:26:32,716] Trial 184 finished with value: 0.3419311770058864 and parameters: {'parameters.max_depth': 21, 'parameters.learning_rate': 0.0033530407003595285, 'parameters.subsample': 0.8277945510507814, 'parameters.colsample_bytree': 0.8118475541971617, 'parameters.reg_alpha': 0.0025671098346283327, 'parameters.reg_lambda': 1.2889716151171053, 'parameters.min_child_samples': 34}. Best is trial 97 with value: 0.3419311770058863.
[I 2026-04-11 20:26:35,934] Trial 185 finished with value: 0.3419311770058864 and parameters: {'parameters.max_depth': 9, 'parameters.learning_rate': 0.003697986844289348, 'parameters.subsample': 0.6727465950004556, 'parameters.colsample_bytree': 0.7878070976560676, 'parameters.reg_alpha': 0.5753218269208964, 'parameters.reg_lambda': 3.0377342229194766, 'parameters.min_child_samples': 37}. Best is trial 97 with value: 0.3419311770058863.
[I 2026-04-11 20:26:39,158] Trial 186 finished with value: 0.3419311770058864 and parameters: {'parameters.max_depth': 26, 'parameters.learning_rate': 0.008355367917877934, 'parameters.subsample': 0.8398168783238111, 'parameters.colsample_bytree': 0.8420087962966638, 'parameters.reg_alpha': 0.0032707036688450434, 'parameters.reg_lambda': 2.816933650404003, 'parameters.min_child_samples': 79}. Best is trial 97 with value: 0.3419311770058863.
[I 2026-04-11 20:26:42,367] Trial 187 finished with value: 0.3419311770058864 and parameters: {'parameters.max_depth': 30, 'parameters.learning_rate': 0.010304740482084863, 'parameters.subsample': 0.6168993119246113, 'parameters.colsample_bytree': 0.8304009011172613, 'parameters.reg_alpha': 0.4151561163173575, 'parameters.reg_lambda': 0.9438110047004082, 'parameters.min_child_samples': 15}. Best is trial 97 with value: 0.3419311770058863.
[I 2026-04-11 20:26:45,578] Trial 188 finished with value: 0.3419311770058864 and parameters: {'parameters.max_depth': 29, 'parameters.learning_rate': 0.009213432577925363, 'parameters.subsample': 0.7896855618381902, 'parameters.colsample_bytree': 0.6795718219073169, 'parameters.reg_alpha': 0.07340906807513173, 'parameters.reg_lambda': 1.0103541898463413, 'parameters.min_child_samples': 43}. Best is trial 97 with value: 0.3419311770058863.
[I 2026-04-11 20:26:48,717] Trial 189 finished with value: 0.3419311770058864 and parameters: {'parameters.max_depth': 13, 'parameters.learning_rate': 0.002164423835345061, 'parameters.subsample': 0.8752951717310259, 'parameters.colsample_bytree': 0.6144396188391154, 'parameters.reg_alpha': 0.04554041329946265, 'parameters.reg_lambda': 0.6626998617595414, 'parameters.min_child_samples': 62}. Best is trial 97 with value: 0.3419311770058863.Best trial: 97. Best value: 0.341931:  94%|█████████▍| 189/200 [10:05<00:35,  3.20s/it]Best trial: 97. Best value: 0.341931:  94%|█████████▍| 189/200 [10:05<00:35,  3.20s/it]Best trial: 97. Best value: 0.341931:  95%|█████████▌| 190/200 [10:05<00:31,  3.18s/it]                                                                                       Best trial: 97. Best value: 0.341931:  95%|█████████▌| 190/200 [10:08<00:31,  3.18s/it]Best trial: 97. Best value: 0.341931:  95%|█████████▌| 190/200 [10:08<00:31,  3.18s/it]Best trial: 97. Best value: 0.341931:  96%|█████████▌| 191/200 [10:08<00:28,  3.19s/it]                                                                                       Best trial: 97. Best value: 0.341931:  96%|█████████▌| 191/200 [10:11<00:28,  3.19s/it]Best trial: 97. Best value: 0.341931:  96%|█████████▌| 191/200 [10:11<00:28,  3.19s/it]Best trial: 97. Best value: 0.341931:  96%|█████████▌| 192/200 [10:11<00:25,  3.20s/it]                                                                                       Best trial: 97. Best value: 0.341931:  96%|█████████▌| 192/200 [10:14<00:25,  3.20s/it]Best trial: 97. Best value: 0.341931:  96%|█████████▌| 192/200 [10:14<00:25,  3.20s/it]Best trial: 97. Best value: 0.341931:  96%|█████████▋| 193/200 [10:14<00:22,  3.21s/it]                                                                                       Best trial: 97. Best value: 0.341931:  96%|█████████▋| 193/200 [10:17<00:22,  3.21s/it]Best trial: 97. Best value: 0.341931:  96%|█████████▋| 193/200 [10:17<00:22,  3.21s/it]Best trial: 97. Best value: 0.341931:  97%|█████████▋| 194/200 [10:17<00:19,  3.19s/it]                                                                                       Best trial: 97. Best value: 0.341931:  97%|█████████▋| 194/200 [10:20<00:19,  3.19s/it]Best trial: 97. Best value: 0.341931:  97%|█████████▋| 194/200 [10:20<00:19,  3.19s/it]Best trial: 97. Best value: 0.341931:  98%|█████████▊| 195/200 [10:20<00:15,  3.18s/it]                                                                                       Best trial: 97. Best value: 0.341931:  98%|█████████▊| 195/200 [10:24<00:15,  3.18s/it]Best trial: 97. Best value: 0.341931:  98%|█████████▊| 195/200 [10:24<00:15,  3.18s/it]Best trial: 97. Best value: 0.341931:  98%|█████████▊| 196/200 [10:24<00:12,  3.18s/it]                                                                                       Best trial: 97. Best value: 0.341931:  98%|█████████▊| 196/200 [10:27<00:12,  3.18s/it]Best trial: 97. Best value: 0.341931:  98%|█████████▊| 196/200 [10:27<00:12,  3.18s/it]Best trial: 97. Best value: 0.341931:  98%|█████████▊| 197/200 [10:27<00:09,  3.18s/it]                                                                                       Best trial: 97. Best value: 0.341931:  98%|█████████▊| 197/200 [10:30<00:09,  3.18s/it]Best trial: 97. Best value: 0.341931:  98%|█████████▊| 197/200 [10:30<00:09,  3.18s/it]Best trial: 97. Best value: 0.341931:  99%|█████████▉| 198/200 [10:30<00:06,  3.18s/it]                                                                                       Best trial: 97. Best value: 0.341931:  99%|█████████▉| 198/200 [10:33<00:06,  3.18s/it]Best trial: 97. Best value: 0.341931:  99%|█████████▉| 198/200 [10:33<00:06,  3.18s/it]Best trial: 97. Best value: 0.341931: 100%|█████████▉| 199/200 [10:33<00:03,  3.20s/it]                                                                                       Best trial: 97. Best value: 0.341931: 100%|█████████▉| 199/200 [10:36<00:03,  3.20s/it]Best trial: 97. Best value: 0.341931: 100%|█████████▉| 199/200 [10:36<00:03,  3.20s/it]Best trial: 97. Best value: 0.341931: 100%|██████████| 200/200 [10:36<00:00,  3.20s/it]Best trial: 97. Best value: 0.341931: 100%|██████████| 200/200 [10:36<00:00,  3.18s/it]
[I 2026-04-11 20:27:23,844] A new study created in memory with name: catboost_temporal_optimization

[I 2026-04-11 20:26:51,924] Trial 190 finished with value: 0.3419311770058864 and parameters: {'parameters.max_depth': 15, 'parameters.learning_rate': 0.0028986215644053407, 'parameters.subsample': 0.7625648205790001, 'parameters.colsample_bytree': 0.6000799878617941, 'parameters.reg_alpha': 0.21398222891618793, 'parameters.reg_lambda': 1.4488612375936485, 'parameters.min_child_samples': 31}. Best is trial 97 with value: 0.3419311770058863.
[I 2026-04-11 20:26:55,136] Trial 191 finished with value: 0.3419311770058864 and parameters: {'parameters.max_depth': 7, 'parameters.learning_rate': 0.007627313574702934, 'parameters.subsample': 0.6427797758724308, 'parameters.colsample_bytree': 0.7204947077900717, 'parameters.reg_alpha': 0.9538132445920551, 'parameters.reg_lambda': 0.5579905498140983, 'parameters.min_child_samples': 11}. Best is trial 97 with value: 0.3419311770058863.
[I 2026-04-11 20:26:58,370] Trial 192 finished with value: 0.3419311770058864 and parameters: {'parameters.max_depth': 6, 'parameters.learning_rate': 0.007430302150492257, 'parameters.subsample': 0.8496328869898578, 'parameters.colsample_bytree': 0.7633371092415421, 'parameters.reg_alpha': 1.4530984260822213, 'parameters.reg_lambda': 0.5231673409934764, 'parameters.min_child_samples': 13}. Best is trial 97 with value: 0.3419311770058863.
[I 2026-04-11 20:27:01,528] Trial 193 finished with value: 0.3419311770058864 and parameters: {'parameters.max_depth': 7, 'parameters.learning_rate': 0.007164713260869239, 'parameters.subsample': 0.6873364091474785, 'parameters.colsample_bytree': 0.897351600084493, 'parameters.reg_alpha': 1.1225844088346446, 'parameters.reg_lambda': 0.5494099595345192, 'parameters.min_child_samples': 16}. Best is trial 97 with value: 0.3419311770058863.
[I 2026-04-11 20:27:04,665] Trial 194 finished with value: 0.3419311770058864 and parameters: {'parameters.max_depth': 8, 'parameters.learning_rate': 0.005901080729468772, 'parameters.subsample': 0.8548291624001438, 'parameters.colsample_bytree': 0.7419523512801993, 'parameters.reg_alpha': 1.7649455082031464, 'parameters.reg_lambda': 0.5221978341993406, 'parameters.min_child_samples': 11}. Best is trial 97 with value: 0.3419311770058863.
