[I 2026-04-12 09:57:14,028] Trial 37 finished with value: 0.3666548976144547 and parameters: {'parameters.history_length': 91, 'parameters.d_model': 379, 'parameters.n_layers': 4, 'parameters.d_state': 8, 'parameters.d_conv': 3, 'parameters.expand': 3, 'parameters.dropout': 0.13575838173736987, 'parameters.batch_size': 301, 'parameters.learning_rate': 0.0007261840934622984, 'parameters.weight_decay': 0.008190532470630882}. Best is trial 0 with value: 0.3666548976144547.
[I 2026-04-12 09:57:27,544] Trial 38 finished with value: 0.3666548976144547 and parameters: {'parameters.history_length': 43, 'parameters.d_model': 485, 'parameters.n_layers': 12, 'parameters.d_state': 34, 'parameters.d_conv': 2, 'parameters.expand': 2, 'parameters.dropout': 0.4809885474917964, 'parameters.batch_size': 201, 'parameters.learning_rate': 0.0012284514037756557, 'parameters.weight_decay': 0.0008183851441523227}. Best is trial 0 with value: 0.3666548976144547.
[I 2026-04-12 09:57:41,173] Trial 39 finished with value: 0.3666548976144547 and parameters: {'parameters.history_length': 132, 'parameters.d_model': 101, 'parameters.n_layers': 7, 'parameters.d_state': 48, 'parameters.d_conv': 5, 'parameters.expand': 4, 'parameters.dropout': 0.24825573650397156, 'parameters.batch_size': 130, 'parameters.learning_rate': 0.0018119315416821485, 'parameters.weight_decay': 0.0002056744620160093}. Best is trial 0 with value: 0.3666548976144547.
[I 2026-04-12 09:57:54,713] Trial 40 finished with value: 0.3666548976144547 and parameters: {'parameters.history_length': 149, 'parameters.d_model': 412, 'parameters.n_layers': 10, 'parameters.d_state': 43, 'parameters.d_conv': 4, 'parameters.expand': 2, 'parameters.dropout': 0.43260415765235777, 'parameters.batch_size': 364, 'parameters.learning_rate': 0.0004738257109827193, 'parameters.weight_decay': 0.00031706328336628093}. Best is trial 0 with value: 0.3666548976144547.
[I 2026-04-12 09:58:08,257] Trial 41 finished with value: 0.3666548976144547 and parameters: {'parameters.history_length': 43, 'parameters.d_model': 512, 'parameters.n_layers': 2, 'parameters.d_state': 60, 'parameters.d_conv': 3, 'parameters.expand': 3, 'parameters.dropout': 0.16600183715481204, 'parameters.batch_size': 267, 'parameters.learning_rate': 0.0011161769986489138, 'parameters.weight_decay': 0.00014569301357500566}. Best is trial 0 with value: 0.3666548976144547.
[I 2026-04-12 09:58:21,850] Trial 42 finished with value: 0.3666548976144547 and parameters: {'parameters.history_length': 58, 'parameters.d_model': 278, 'parameters.n_layers': 3, 'parameters.d_state': 55, 'parameters.d_conv': 2, 'parameters.expand': 2, 'parameters.dropout': 0.19272143777124218, 'parameters.batch_size': 286, 'parameters.learning_rate': 0.00098759995038773, 'parameters.weight_decay': 0.00022133033959448865}. Best is trial 0 with value: 0.3666548976144547.
[I 2026-04-12 09:58:35,411] Trial 43 finished with value: 0.3666548976144547 and parameters: {'parameters.history_length': 39, 'parameters.d_model': 312, 'parameters.n_layers': 2, 'parameters.d_state': 64, 'parameters.d_conv': 3, 'parameters.expand': 2, 'parameters.dropout': 0.14415398583214986, 'parameters.batch_size': 248, 'parameters.learning_rate': 0.0007234875210062118, 'parameters.weight_decay': 0.0004512954329136521}. Best is trial 0 with value: 0.3666548976144547.
[I 2026-04-12 09:58:49,035] Trial 44 finished with value: 0.3666548976144547 and parameters: {'parameters.history_length': 50, 'parameters.d_model': 128, 'parameters.n_layers': 5, 'parameters.d_state': 25, 'parameters.d_conv': 2, 'parameters.expand': 3, 'parameters.dropout': 0.3033682186830787, 'parameters.batch_size': 226, 'parameters.learning_rate': 0.001283575691031115, 'parameters.weight_decay': 0.0023381898376784293}. Best is trial 0 with value: 0.3666548976144547.
[I 2026-04-12 09:59:02,501] Trial 45 finished with value: 0.3666548976144547 and parameters: {'parameters.history_length': 72, 'parameters.d_model': 456, 'parameters.n_layers': 9, 'parameters.d_state': 59, 'parameters.d_conv': 6, 'parameters.expand': 3, 'parameters.dropout': 0.1284970117833523, 'parameters.batch_size': 339, 'parameters.learning_rate': 0.0010196420063811706, 'parameters.weight_decay': 0.0002630183307195406}. Best is trial 0 with value: 0.3666548976144547.
[I 2026-04-12 09:59:16,066] Trial 46 finished with value: 0.3666548976144547 and parameters: {'parameters.history_length': 108, 'parameters.d_model': 494, 'parameters.n_layers': 4, 'parameters.d_state': 53, 'parameters.d_conv': 4, 'parameters.expand': 2, 'parameters.dropout': 0.10473417637073963, 'parameters.batch_size': 313, 'parameters.learning_rate': 0.000640854950184217, 'parameters.weight_decay': 0.00012189059150080792}. Best is trial 0 with value: 0.3666548976144547.
[I 2026-04-12 09:59:29,584] Trial 47 finished with value: 0.3666548976144547 and parameters: {'parameters.history_length': 65, 'parameters.d_model': 185, 'parameters.n_layers': 11, 'parameters.d_state': 60, 'parameters.d_conv': 3, 'parameters.expand': 4, 'parameters.dropout': 0.22709458510604397, 'parameters.batch_size': 297, 'parameters.learning_rate': 0.0007702052632070418, 'parameters.weight_decay': 0.00039204055330383143}. Best is trial 0 with value: 0.3666548976144547.
[I 2026-04-12 09:59:43,198] Trial 48 finished with value: 0.3666548976144547 and parameters: {'parameters.history_length': 97, 'parameters.d_model': 371, 'parameters.n_layers': 8, 'parameters.d_state': 36, 'parameters.d_conv': 4, 'parameters.expand': 2, 'parameters.dropout': 0.17265665269836453, 'parameters.batch_size': 271, 'parameters.learning_rate': 0.0009103324115459937, 'parameters.weight_decay': 0.003709643140844759}. Best is trial 0 with value: 0.3666548976144547.
[I 2026-04-12 09:59:56,857] Trial 49 finished with value: 0.3666548976144547 and parameters: {'parameters.history_length': 82, 'parameters.d_model': 409, 'parameters.n_layers': 10, 'parameters.d_state': 17, 'parameters.d_conv': 2, 'parameters.expand': 3, 'parameters.dropout': 0.1565442803929063, 'parameters.batch_size': 290, 'parameters.learning_rate': 0.000859211668374792, 'parameters.weight_decay': 0.00017944433987283548}. Best is trial 0 with value: 0.3666548976144547.
[I 2026-04-12 10:00:10,458] Trial 50 finished with value: 0.3666548976144547 and parameters: {'parameters.history_length': 36, 'parameters.d_model': 85, 'parameters.n_layers': 2, 'parameters.d_state': 51, 'parameters.d_conv': 3, 'parameters.expand': 4, 'parameters.dropout': 0.21327572662792646, 'parameters.batch_size': 232, 'parameters.learning_rate': 0.0010694228459369628, 'parameters.weight_decay': 0.00010036714526715868}. Best is trial 0 with value: 0.3666548976144547.
[I 2026-04-12 10:00:23,999] Trial 51 finished with value: 0.3666548976144547 and parameters: {'parameters.history_length': 191, 'parameters.d_model': 437, 'parameters.n_layers': 12, 'parameters.d_state': 55, 'parameters.d_conv': 7, 'parameters.expand': 4, 'parameters.dropout': 0.1133789110162221, 'parameters.batch_size': 164, 'parameters.learning_rate': 0.0005202130201308895, 'parameters.weight_decay': 0.0005166409891086206}. Best is trial 0 with value: 0.3666548976144547.
[I 2026-04-12 10:00:37,594] Trial 52 finished with value: 0.3666548976144547 and parameters: {'parameters.history_length': 166, 'parameters.d_model': 479, 'parameters.n_layers': 11, 'parameters.d_state': 62, 'parameters.d_conv': 5, 'parameters.expand': 4, 'parameters.dropout': 0.12228973452541778, 'parameters.batch_size': 147, 'parameters.learning_rate': 0.0004091925422836694, 'parameters.weight_decay': 0.0003698984370387077}. Best is trial 0 with value: 0.3666548976144547.
[I 2026-04-12 10:00:51,194] Trial 53 finished with value: 0.3666548976144547 and parameters: {'parameters.history_length': 52, 'parameters.d_model': 499, 'parameters.n_layers': 12, 'parameters.d_state': 58, 'parameters.d_conv': 7, 'parameters.expand': 4, 'parameters.dropout': 0.13654712409214742, 'parameters.batch_size': 179, 'parameters.learning_rate': 0.0011645196152284883, 'parameters.weight_decay': 0.00123835837272819}. Best is trial 0 with value: 0.3666548976144547.Best trial: 0. Best value: 0.366655:  26%|██▋       | 53/200 [12:15<33:16, 13.58s/it]Best trial: 0. Best value: 0.366655:  26%|██▋       | 53/200 [12:15<33:16, 13.58s/it]Best trial: 0. Best value: 0.366655:  27%|██▋       | 54/200 [12:15<33:03, 13.59s/it]                                                                                     Best trial: 0. Best value: 0.366655:  27%|██▋       | 54/200 [12:28<33:03, 13.59s/it]Best trial: 0. Best value: 0.366655:  27%|██▋       | 54/200 [12:28<33:03, 13.59s/it]Best trial: 0. Best value: 0.366655:  28%|██▊       | 55/200 [12:28<32:49, 13.59s/it]                                                                                     Best trial: 0. Best value: 0.366655:  28%|██▊       | 55/200 [12:42<32:49, 13.59s/it]Best trial: 0. Best value: 0.366655:  28%|██▊       | 55/200 [12:42<32:49, 13.59s/it]Best trial: 0. Best value: 0.366655:  28%|██▊       | 56/200 [12:42<32:34, 13.57s/it]                                                                                     Best trial: 0. Best value: 0.366655:  28%|██▊       | 56/200 [12:55<32:34, 13.57s/it]Best trial: 0. Best value: 0.366655:  28%|██▊       | 56/200 [12:55<32:34, 13.57s/it]Best trial: 0. Best value: 0.366655:  28%|██▊       | 57/200 [12:55<32:19, 13.56s/it]                                                                                     Best trial: 0. Best value: 0.366655:  28%|██▊       | 57/200 [13:09<32:19, 13.56s/it]Best trial: 0. Best value: 0.366655:  28%|██▊       | 57/200 [13:09<32:19, 13.56s/it]Best trial: 0. Best value: 0.366655:  29%|██▉       | 58/200 [13:09<32:06, 13.57s/it]                                                                                     Best trial: 0. Best value: 0.366655:  29%|██▉       | 58/200 [13:22<32:06, 13.57s/it]Best trial: 0. Best value: 0.366655:  29%|██▉       | 58/200 [13:22<32:06, 13.57s/it]Best trial: 0. Best value: 0.366655:  30%|██▉       | 59/200 [13:22<31:51, 13.56s/it]                                                                                     Best trial: 0. Best value: 0.366655:  30%|██▉       | 59/200 [13:36<31:51, 13.56s/it]Best trial: 0. Best value: 0.366655:  30%|██▉       | 59/200 [13:36<31:51, 13.56s/it]Best trial: 0. Best value: 0.366655:  30%|███       | 60/200 [13:36<31:37, 13.55s/it]                                                                                     Best trial: 0. Best value: 0.366655:  30%|███       | 60/200 [13:50<31:37, 13.55s/it]Best trial: 0. Best value: 0.366655:  30%|███       | 60/200 [13:50<31:37, 13.55s/it]Best trial: 0. Best value: 0.366655:  30%|███       | 61/200 [13:50<31:22, 13.54s/it]                                                                                     Best trial: 0. Best value: 0.366655:  30%|███       | 61/200 [14:03<31:22, 13.54s/it]Best trial: 0. Best value: 0.366655:  30%|███       | 61/200 [14:03<31:22, 13.54s/it]Best trial: 0. Best value: 0.366655:  31%|███       | 62/200 [14:03<31:11, 13.56s/it]                                                                                     Best trial: 0. Best value: 0.366655:  31%|███       | 62/200 [14:17<31:11, 13.56s/it]Best trial: 0. Best value: 0.366655:  31%|███       | 62/200 [14:17<31:11, 13.56s/it]Best trial: 0. Best value: 0.366655:  32%|███▏      | 63/200 [14:17<30:57, 13.56s/it]                                                                                     Best trial: 0. Best value: 0.366655:  32%|███▏      | 63/200 [14:30<30:57, 13.56s/it]Best trial: 0. Best value: 0.366655:  32%|███▏      | 63/200 [14:30<30:57, 13.56s/it]Best trial: 0. Best value: 0.366655:  32%|███▏      | 64/200 [14:30<30:44, 13.57s/it]                                                                                     Best trial: 0. Best value: 0.366655:  32%|███▏      | 64/200 [14:44<30:44, 13.57s/it]Best trial: 0. Best value: 0.366655:  32%|███▏      | 64/200 [14:44<30:44, 13.57s/it]Best trial: 0. Best value: 0.366655:  32%|███▎      | 65/200 [14:44<30:32, 13.58s/it]                                                                                     Best trial: 0. Best value: 0.366655:  32%|███▎      | 65/200 [14:57<30:32, 13.58s/it]Best trial: 0. Best value: 0.366655:  32%|███▎      | 65/200 [14:57<30:32, 13.58s/it]Best trial: 0. Best value: 0.366655:  33%|███▎      | 66/200 [14:57<30:19, 13.58s/it]                                                                                     Best trial: 0. Best value: 0.366655:  33%|███▎      | 66/200 [15:11<30:19, 13.58s/it]Best trial: 0. Best value: 0.366655:  33%|███▎      | 66/200 [15:11<30:19, 13.58s/it]Best trial: 0. Best value: 0.366655:  34%|███▎      | 67/200 [15:11<30:05, 13.58s/it]                                                                                     Best trial: 0. Best value: 0.366655:  34%|███▎      | 67/200 [15:25<30:05, 13.58s/it]Best trial: 0. Best value: 0.366655:  34%|███▎      | 67/200 [15:25<30:05, 13.58s/it]Best trial: 0. Best value: 0.366655:  34%|███▍      | 68/200 [15:25<29:53, 13.58s/it]                                                                                     Best trial: 0. Best value: 0.366655:  34%|███▍      | 68/200 [15:38<29:53, 13.58s/it]Best trial: 0. Best value: 0.366655:  34%|███▍      | 68/200 [15:38<29:53, 13.58s/it]Best trial: 0. Best value: 0.366655:  34%|███▍      | 69/200 [15:38<29:39, 13.58s/it]                                                                                     Best trial: 0. Best value: 0.366655:  34%|███▍      | 69/200 [15:52<29:39, 13.58s/it]Best trial: 0. Best value: 0.366655:  34%|███▍      | 69/200 [15:52<29:39, 13.58s/it]Best trial: 0. Best value: 0.366655:  35%|███▌      | 70/200 [15:52<29:27, 13.60s/it]                                                                                     Best trial: 0. Best value: 0.366655:  35%|███▌      | 70/200 [16:05<29:27, 13.60s/it]Best trial: 0. Best value: 0.366655:  35%|███▌      | 70/200 [16:05<29:27, 13.60s/it]Best trial: 0. Best value: 0.366655:  36%|███▌      | 71/200 [16:05<29:11, 13.58s/it]                                                                                     
[I 2026-04-12 10:01:04,771] Trial 54 finished with value: 0.3666548976144547 and parameters: {'parameters.history_length': 175, 'parameters.d_model': 462, 'parameters.n_layers': 11, 'parameters.d_state': 28, 'parameters.d_conv': 8, 'parameters.expand': 4, 'parameters.dropout': 0.11825777051995065, 'parameters.batch_size': 141, 'parameters.learning_rate': 0.0013073469514425858, 'parameters.weight_decay': 0.0007274563904877874}. Best is trial 0 with value: 0.3666548976144547.
[I 2026-04-12 10:01:18,311] Trial 55 finished with value: 0.3666548976144547 and parameters: {'parameters.history_length': 181, 'parameters.d_model': 323, 'parameters.n_layers': 9, 'parameters.d_state': 48, 'parameters.d_conv': 5, 'parameters.expand': 2, 'parameters.dropout': 0.10005231261395023, 'parameters.batch_size': 179, 'parameters.learning_rate': 0.0014306472146157023, 'parameters.weight_decay': 0.0002982851041916186}. Best is trial 0 with value: 0.3666548976144547.
[I 2026-04-12 10:01:31,853] Trial 56 finished with value: 0.3666548976144547 and parameters: {'parameters.history_length': 91, 'parameters.d_model': 409, 'parameters.n_layers': 12, 'parameters.d_state': 61, 'parameters.d_conv': 6, 'parameters.expand': 4, 'parameters.dropout': 0.14262103048263744, 'parameters.batch_size': 376, 'parameters.learning_rate': 0.0011026354064533287, 'parameters.weight_decay': 0.0016802454612583862}. Best is trial 0 with value: 0.3666548976144547.
[I 2026-04-12 10:01:45,427] Trial 57 finished with value: 0.3666548976144547 and parameters: {'parameters.history_length': 113, 'parameters.d_model': 269, 'parameters.n_layers': 3, 'parameters.d_state': 20, 'parameters.d_conv': 3, 'parameters.expand': 3, 'parameters.dropout': 0.18257853760956963, 'parameters.batch_size': 212, 'parameters.learning_rate': 0.00044506891807868254, 'parameters.weight_decay': 0.0005803903152547098}. Best is trial 0 with value: 0.3666548976144547.
[I 2026-04-12 10:01:58,959] Trial 58 finished with value: 0.3666548976144547 and parameters: {'parameters.history_length': 138, 'parameters.d_model': 359, 'parameters.n_layers': 11, 'parameters.d_state': 56, 'parameters.d_conv': 4, 'parameters.expand': 2, 'parameters.dropout': 0.125933803179051, 'parameters.batch_size': 253, 'parameters.learning_rate': 0.000554745989828478, 'parameters.weight_decay': 0.0002491304740263924}. Best is trial 0 with value: 0.3666548976144547.
[I 2026-04-12 10:02:12,512] Trial 59 finished with value: 0.3666548976144547 and parameters: {'parameters.history_length': 123, 'parameters.d_model': 222, 'parameters.n_layers': 6, 'parameters.d_state': 38, 'parameters.d_conv': 6, 'parameters.expand': 4, 'parameters.dropout': 0.10999435145677922, 'parameters.batch_size': 242, 'parameters.learning_rate': 0.0006640464599849626, 'parameters.weight_decay': 0.0008851772581925227}. Best is trial 0 with value: 0.3666548976144547.
[I 2026-04-12 10:02:26,033] Trial 60 finished with value: 0.3666548976144547 and parameters: {'parameters.history_length': 160, 'parameters.d_model': 442, 'parameters.n_layers': 10, 'parameters.d_state': 22, 'parameters.d_conv': 7, 'parameters.expand': 2, 'parameters.dropout': 0.15138568136014804, 'parameters.batch_size': 331, 'parameters.learning_rate': 0.000928382777133799, 'parameters.weight_decay': 0.00015750320926040634}. Best is trial 0 with value: 0.3666548976144547.
[I 2026-04-12 10:02:39,636] Trial 61 finished with value: 0.3666548976144547 and parameters: {'parameters.history_length': 67, 'parameters.d_model': 154, 'parameters.n_layers': 12, 'parameters.d_state': 25, 'parameters.d_conv': 3, 'parameters.expand': 3, 'parameters.dropout': 0.13149797253430254, 'parameters.batch_size': 336, 'parameters.learning_rate': 0.0004165529152076412, 'parameters.weight_decay': 0.006238882779091236}. Best is trial 0 with value: 0.3666548976144547.
[I 2026-04-12 10:02:53,190] Trial 62 finished with value: 0.3666548976144547 and parameters: {'parameters.history_length': 76, 'parameters.d_model': 132, 'parameters.n_layers': 11, 'parameters.d_state': 30, 'parameters.d_conv': 2, 'parameters.expand': 3, 'parameters.dropout': 0.11654255301146027, 'parameters.batch_size': 346, 'parameters.learning_rate': 0.0004783067519702458, 'parameters.weight_decay': 0.004224719636830478}. Best is trial 0 with value: 0.3666548976144547.
[I 2026-04-12 10:03:06,768] Trial 63 finished with value: 0.3666548976144547 and parameters: {'parameters.history_length': 32, 'parameters.d_model': 191, 'parameters.n_layers': 10, 'parameters.d_state': 34, 'parameters.d_conv': 4, 'parameters.expand': 3, 'parameters.dropout': 0.10704581285285035, 'parameters.batch_size': 366, 'parameters.learning_rate': 0.0004568265845652031, 'parameters.weight_decay': 0.009924359453975006}. Best is trial 0 with value: 0.3666548976144547.
[I 2026-04-12 10:03:20,367] Trial 64 finished with value: 0.3666548976144547 and parameters: {'parameters.history_length': 87, 'parameters.d_model': 158, 'parameters.n_layers': 10, 'parameters.d_state': 27, 'parameters.d_conv': 5, 'parameters.expand': 3, 'parameters.dropout': 0.16399133314711856, 'parameters.batch_size': 155, 'parameters.learning_rate': 0.0011988398668358283, 'parameters.weight_decay': 0.0033155200157389043}. Best is trial 0 with value: 0.3666548976144547.
[I 2026-04-12 10:03:33,944] Trial 65 finished with value: 0.3666548976144547 and parameters: {'parameters.history_length': 97, 'parameters.d_model': 122, 'parameters.n_layers': 7, 'parameters.d_state': 18, 'parameters.d_conv': 3, 'parameters.expand': 4, 'parameters.dropout': 0.12196301187572615, 'parameters.batch_size': 310, 'parameters.learning_rate': 0.0004960773911855446, 'parameters.weight_decay': 0.0024079368567822643}. Best is trial 0 with value: 0.3666548976144547.
[I 2026-04-12 10:03:47,528] Trial 66 finished with value: 0.3666548976144547 and parameters: {'parameters.history_length': 105, 'parameters.d_model': 303, 'parameters.n_layers': 12, 'parameters.d_state': 33, 'parameters.d_conv': 4, 'parameters.expand': 3, 'parameters.dropout': 0.133374023821493, 'parameters.batch_size': 322, 'parameters.learning_rate': 0.001538990628341992, 'parameters.weight_decay': 0.004752589937993668}. Best is trial 0 with value: 0.3666548976144547.
[I 2026-04-12 10:04:01,128] Trial 67 finished with value: 0.3666548976144547 and parameters: {'parameters.history_length': 79, 'parameters.d_model': 330, 'parameters.n_layers': 4, 'parameters.d_state': 44, 'parameters.d_conv': 3, 'parameters.expand': 4, 'parameters.dropout': 0.14442504034485698, 'parameters.batch_size': 263, 'parameters.learning_rate': 0.0010174987398609747, 'parameters.weight_decay': 0.006207314183687257}. Best is trial 0 with value: 0.3666548976144547.
[I 2026-04-12 10:04:14,699] Trial 68 finished with value: 0.3666548976144547 and parameters: {'parameters.history_length': 121, 'parameters.d_model': 236, 'parameters.n_layers': 11, 'parameters.d_state': 38, 'parameters.d_conv': 4, 'parameters.expand': 2, 'parameters.dropout': 0.17669860742114035, 'parameters.batch_size': 281, 'parameters.learning_rate': 0.0004304662669452401, 'parameters.weight_decay': 0.00044005004149575295}. Best is trial 0 with value: 0.3666548976144547.
[I 2026-04-12 10:04:28,329] Trial 69 finished with value: 0.3666548976144547 and parameters: {'parameters.history_length': 55, 'parameters.d_model': 84, 'parameters.n_layers': 3, 'parameters.d_state': 15, 'parameters.d_conv': 5, 'parameters.expand': 3, 'parameters.dropout': 0.2040884508647063, 'parameters.batch_size': 184, 'parameters.learning_rate': 0.0005586485921376295, 'parameters.weight_decay': 0.0006842587641137434}. Best is trial 0 with value: 0.3666548976144547.
