[I 2026-04-11 21:08:05,949] Trial 170 finished with value: 0.3419311770058864 and parameters: {'parameters.max_depth': 20, 'parameters.learning_rate': 0.005886652750370906, 'parameters.subsample': 0.9827314867167546, 'parameters.colsample_bytree': 0.6958307064207474, 'parameters.reg_alpha': 0.05754009475842182, 'parameters.reg_lambda': 0.7571213545865154, 'parameters.min_child_samples': 60}. Best is trial 141 with value: 0.3419311770058863.Best trial: 141. Best value: 0.341931:  85%|████████▌ | 170/200 [09:06<01:35,  3.18s/it]Best trial: 141. Best value: 0.341931:  85%|████████▌ | 170/200 [09:06<01:35,  3.18s/it]Best trial: 141. Best value: 0.341931:  86%|████████▌ | 171/200 [09:06<01:31,  3.17s/it]                                                                                        Best trial: 141. Best value: 0.341931:  86%|████████▌ | 171/200 [09:09<01:31,  3.17s/it]Best trial: 141. Best value: 0.341931:  86%|████████▌ | 171/200 [09:09<01:31,  3.17s/it]Best trial: 141. Best value: 0.341931:  86%|████████▌ | 172/200 [09:09<01:28,  3.16s/it]                                                                                        Best trial: 141. Best value: 0.341931:  86%|████████▌ | 172/200 [09:12<01:28,  3.16s/it]Best trial: 141. Best value: 0.341931:  86%|████████▌ | 172/200 [09:12<01:28,  3.16s/it]Best trial: 141. Best value: 0.341931:  86%|████████▋ | 173/200 [09:12<01:24,  3.14s/it]                                                                                        Best trial: 141. Best value: 0.341931:  86%|████████▋ | 173/200 [09:15<01:24,  3.14s/it]Best trial: 141. Best value: 0.341931:  86%|████████▋ | 173/200 [09:15<01:24,  3.14s/it]Best trial: 141. Best value: 0.341931:  87%|████████▋ | 174/200 [09:15<01:22,  3.17s/it]                                                                                        Best trial: 141. Best value: 0.341931:  87%|████████▋ | 174/200 [09:18<01:22,  3.17s/it]Best trial: 141. Best value: 0.341931:  87%|████████▋ | 174/200 [09:18<01:22,  3.17s/it]Best trial: 141. Best value: 0.341931:  88%|████████▊ | 175/200 [09:18<01:19,  3.18s/it]                                                                                        Best trial: 141. Best value: 0.341931:  88%|████████▊ | 175/200 [09:22<01:19,  3.18s/it]Best trial: 141. Best value: 0.341931:  88%|████████▊ | 175/200 [09:22<01:19,  3.18s/it]Best trial: 141. Best value: 0.341931:  88%|████████▊ | 176/200 [09:22<01:16,  3.17s/it]                                                                                        Best trial: 141. Best value: 0.341931:  88%|████████▊ | 176/200 [09:25<01:16,  3.17s/it]Best trial: 141. Best value: 0.341931:  88%|████████▊ | 176/200 [09:25<01:16,  3.17s/it]Best trial: 141. Best value: 0.341931:  88%|████████▊ | 177/200 [09:25<01:13,  3.18s/it]                                                                                        Best trial: 141. Best value: 0.341931:  88%|████████▊ | 177/200 [09:28<01:13,  3.18s/it]Best trial: 141. Best value: 0.341931:  88%|████████▊ | 177/200 [09:28<01:13,  3.18s/it]Best trial: 141. Best value: 0.341931:  89%|████████▉ | 178/200 [09:28<01:10,  3.19s/it]                                                                                        Best trial: 141. Best value: 0.341931:  89%|████████▉ | 178/200 [09:31<01:10,  3.19s/it]Best trial: 141. Best value: 0.341931:  89%|████████▉ | 178/200 [09:31<01:10,  3.19s/it]Best trial: 141. Best value: 0.341931:  90%|████████▉ | 179/200 [09:31<01:06,  3.19s/it]                                                                                        Best trial: 141. Best value: 0.341931:  90%|████████▉ | 179/200 [09:35<01:06,  3.19s/it]Best trial: 141. Best value: 0.341931:  90%|████████▉ | 179/200 [09:35<01:06,  3.19s/it]Best trial: 141. Best value: 0.341931:  90%|█████████ | 180/200 [09:35<01:04,  3.21s/it]                                                                                        Best trial: 141. Best value: 0.341931:  90%|█████████ | 180/200 [09:38<01:04,  3.21s/it]Best trial: 141. Best value: 0.341931:  90%|█████████ | 180/200 [09:38<01:04,  3.21s/it]Best trial: 141. Best value: 0.341931:  90%|█████████ | 181/200 [09:38<01:00,  3.20s/it]                                                                                        Best trial: 141. Best value: 0.341931:  90%|█████████ | 181/200 [09:41<01:00,  3.20s/it]Best trial: 141. Best value: 0.341931:  90%|█████████ | 181/200 [09:41<01:00,  3.20s/it]Best trial: 141. Best value: 0.341931:  91%|█████████ | 182/200 [09:41<00:57,  3.18s/it]                                                                                        Best trial: 141. Best value: 0.341931:  91%|█████████ | 182/200 [09:44<00:57,  3.18s/it]Best trial: 141. Best value: 0.341931:  91%|█████████ | 182/200 [09:44<00:57,  3.18s/it]Best trial: 141. Best value: 0.341931:  92%|█████████▏| 183/200 [09:44<00:54,  3.18s/it]                                                                                        Best trial: 141. Best value: 0.341931:  92%|█████████▏| 183/200 [09:47<00:54,  3.18s/it]Best trial: 141. Best value: 0.341931:  92%|█████████▏| 183/200 [09:47<00:54,  3.18s/it]Best trial: 141. Best value: 0.341931:  92%|█████████▏| 184/200 [09:47<00:50,  3.18s/it]                                                                                        Best trial: 141. Best value: 0.341931:  92%|█████████▏| 184/200 [09:50<00:50,  3.18s/it]Best trial: 141. Best value: 0.341931:  92%|█████████▏| 184/200 [09:50<00:50,  3.18s/it]Best trial: 141. Best value: 0.341931:  92%|█████████▎| 185/200 [09:50<00:47,  3.19s/it]                                                                                        Best trial: 141. Best value: 0.341931:  92%|█████████▎| 185/200 [09:54<00:47,  3.19s/it]Best trial: 141. Best value: 0.341931:  92%|█████████▎| 185/200 [09:54<00:47,  3.19s/it]Best trial: 141. Best value: 0.341931:  93%|█████████▎| 186/200 [09:54<00:44,  3.18s/it]                                                                                        Best trial: 141. Best value: 0.341931:  93%|█████████▎| 186/200 [09:57<00:44,  3.18s/it]Best trial: 141. Best value: 0.341931:  93%|█████████▎| 186/200 [09:57<00:44,  3.18s/it]Best trial: 141. Best value: 0.341931:  94%|█████████▎| 187/200 [09:57<00:41,  3.19s/it]                                                                                        Best trial: 141. Best value: 0.341931:  94%|█████████▎| 187/200 [10:00<00:41,  3.19s/it]Best trial: 141. Best value: 0.341931:  94%|█████████▎| 187/200 [10:00<00:41,  3.19s/it]Best trial: 141. Best value: 0.341931:  94%|█████████▍| 188/200 [10:00<00:38,  3.19s/it]                                                                                        Best trial: 141. Best value: 0.341931:  94%|█████████▍| 188/200 [10:03<00:38,  3.19s/it]Best trial: 141. Best value: 0.341931:  94%|█████████▍| 188/200 [10:03<00:38,  3.19s/it]Best trial: 141. Best value: 0.341931:  94%|█████████▍| 189/200 [10:03<00:35,  3.21s/it]                                                                                        
[I 2026-04-11 21:08:09,088] Trial 171 finished with value: 0.3419311770058864 and parameters: {'parameters.max_depth': 8, 'parameters.learning_rate': 0.00840857303910156, 'parameters.subsample': 0.991215355333131, 'parameters.colsample_bytree': 0.8776118141765676, 'parameters.reg_alpha': 0.011156072529039414, 'parameters.reg_lambda': 1.2508594557522015, 'parameters.min_child_samples': 18}. Best is trial 141 with value: 0.3419311770058863.
[I 2026-04-11 21:08:12,200] Trial 172 finished with value: 0.3419311770058864 and parameters: {'parameters.max_depth': 13, 'parameters.learning_rate': 0.00879951897642897, 'parameters.subsample': 0.977742219231313, 'parameters.colsample_bytree': 0.7656809629540353, 'parameters.reg_alpha': 0.019747415695110068, 'parameters.reg_lambda': 1.413390669561585, 'parameters.min_child_samples': 14}. Best is trial 141 with value: 0.3419311770058863.
[I 2026-04-11 21:08:15,429] Trial 173 finished with value: 0.3419311770058864 and parameters: {'parameters.max_depth': 9, 'parameters.learning_rate': 0.0074617355061900896, 'parameters.subsample': 0.9980614067005666, 'parameters.colsample_bytree': 0.7302997862286464, 'parameters.reg_alpha': 0.008149108375993525, 'parameters.reg_lambda': 1.0988405945183424, 'parameters.min_child_samples': 23}. Best is trial 141 with value: 0.3419311770058863.
[I 2026-04-11 21:08:18,623] Trial 174 finished with value: 0.3419311770058864 and parameters: {'parameters.max_depth': 11, 'parameters.learning_rate': 0.007034490659823269, 'parameters.subsample': 0.949175394299618, 'parameters.colsample_bytree': 0.7968516394506712, 'parameters.reg_alpha': 0.025562792752388826, 'parameters.reg_lambda': 1.5224007484797686, 'parameters.min_child_samples': 29}. Best is trial 141 with value: 0.3419311770058863.
[I 2026-04-11 21:08:21,787] Trial 175 finished with value: 0.34193117700588643 and parameters: {'parameters.max_depth': 8, 'parameters.learning_rate': 0.014900103947612172, 'parameters.subsample': 0.9038146119218056, 'parameters.colsample_bytree': 0.7749287675856961, 'parameters.reg_alpha': 0.0043358800891147116, 'parameters.reg_lambda': 2.9009028757512074, 'parameters.min_child_samples': 25}. Best is trial 141 with value: 0.3419311770058863.
[I 2026-04-11 21:08:24,979] Trial 176 finished with value: 0.3419311770058864 and parameters: {'parameters.max_depth': 29, 'parameters.learning_rate': 0.0031438332375699537, 'parameters.subsample': 0.8225263263297212, 'parameters.colsample_bytree': 0.7170205014214097, 'parameters.reg_alpha': 0.016363463138962617, 'parameters.reg_lambda': 0.8169882780093268, 'parameters.min_child_samples': 11}. Best is trial 141 with value: 0.3419311770058863.
[I 2026-04-11 21:08:28,199] Trial 177 finished with value: 0.3419311770058864 and parameters: {'parameters.max_depth': 5, 'parameters.learning_rate': 0.010623232188791758, 'parameters.subsample': 0.8871769637424368, 'parameters.colsample_bytree': 0.7498265943878507, 'parameters.reg_alpha': 0.0128093937897344, 'parameters.reg_lambda': 0.9576031719180617, 'parameters.min_child_samples': 92}. Best is trial 141 with value: 0.3419311770058863.
[I 2026-04-11 21:08:31,386] Trial 178 finished with value: 0.3419311770058864 and parameters: {'parameters.max_depth': 10, 'parameters.learning_rate': 0.0040869302623851, 'parameters.subsample': 0.8438555767578805, 'parameters.colsample_bytree': 0.8067090541435883, 'parameters.reg_alpha': 0.44206116253563094, 'parameters.reg_lambda': 0.8832573497539665, 'parameters.min_child_samples': 47}. Best is trial 141 with value: 0.3419311770058863.
[I 2026-04-11 21:08:34,650] Trial 179 finished with value: 0.3419311770058864 and parameters: {'parameters.max_depth': 16, 'parameters.learning_rate': 0.00515563422421143, 'parameters.subsample': 0.9656319466419052, 'parameters.colsample_bytree': 0.82932788497077, 'parameters.reg_alpha': 0.0785767152006196, 'parameters.reg_lambda': 3.961601777814865, 'parameters.min_child_samples': 21}. Best is trial 141 with value: 0.3419311770058863.
[I 2026-04-11 21:08:37,807] Trial 180 finished with value: 0.3419311770058864 and parameters: {'parameters.max_depth': 14, 'parameters.learning_rate': 0.0044637069628412325, 'parameters.subsample': 0.9917221248184117, 'parameters.colsample_bytree': 0.7404529473324886, 'parameters.reg_alpha': 0.009658251485625841, 'parameters.reg_lambda': 1.3391001101242304, 'parameters.min_child_samples': 16}. Best is trial 141 with value: 0.3419311770058863.
[I 2026-04-11 21:08:40,948] Trial 181 finished with value: 0.3419311770058864 and parameters: {'parameters.max_depth': 16, 'parameters.learning_rate': 0.004972575036640977, 'parameters.subsample': 0.7374986014941587, 'parameters.colsample_bytree': 0.8135755658216417, 'parameters.reg_alpha': 0.30813834605825835, 'parameters.reg_lambda': 0.7390371768524269, 'parameters.min_child_samples': 49}. Best is trial 141 with value: 0.3419311770058863.
[I 2026-04-11 21:08:44,130] Trial 182 finished with value: 0.34193117700588643 and parameters: {'parameters.max_depth': 15, 'parameters.learning_rate': 0.003892693756417495, 'parameters.subsample': 0.7488721476843949, 'parameters.colsample_bytree': 0.7828475721950376, 'parameters.reg_alpha': 0.36071372905318727, 'parameters.reg_lambda': 0.8333997335331775, 'parameters.min_child_samples': 30}. Best is trial 141 with value: 0.3419311770058863.
[I 2026-04-11 21:08:47,317] Trial 183 finished with value: 0.3419311770058864 and parameters: {'parameters.max_depth': 17, 'parameters.learning_rate': 0.004563659931734379, 'parameters.subsample': 0.7481052234752779, 'parameters.colsample_bytree': 0.6091988811898921, 'parameters.reg_alpha': 0.2720325733966696, 'parameters.reg_lambda': 0.6405912717333113, 'parameters.min_child_samples': 54}. Best is trial 141 with value: 0.3419311770058863.
[I 2026-04-11 21:08:50,519] Trial 184 finished with value: 0.34193117700588643 and parameters: {'parameters.max_depth': 13, 'parameters.learning_rate': 0.01868030451999085, 'parameters.subsample': 0.7329503430790083, 'parameters.colsample_bytree': 0.8208993263927981, 'parameters.reg_alpha': 0.2370263107674687, 'parameters.reg_lambda': 0.7791965829326354, 'parameters.min_child_samples': 38}. Best is trial 141 with value: 0.3419311770058863.
[I 2026-04-11 21:08:53,691] Trial 185 finished with value: 0.3419311770058864 and parameters: {'parameters.max_depth': 18, 'parameters.learning_rate': 0.005488134542187306, 'parameters.subsample': 0.7620890211304058, 'parameters.colsample_bytree': 0.7926192002159067, 'parameters.reg_alpha': 1.5099099222384205, 'parameters.reg_lambda': 0.7037559448569906, 'parameters.min_child_samples': 46}. Best is trial 141 with value: 0.3419311770058863.
[I 2026-04-11 21:08:56,906] Trial 186 finished with value: 0.3419311770058864 and parameters: {'parameters.max_depth': 14, 'parameters.learning_rate': 0.0036307213952465546, 'parameters.subsample': 0.9197757676460094, 'parameters.colsample_bytree': 0.765686768248812, 'parameters.reg_alpha': 1.09107653406065, 'parameters.reg_lambda': 2.7669133438370364, 'parameters.min_child_samples': 44}. Best is trial 141 with value: 0.3419311770058863.
[I 2026-04-11 21:09:00,104] Trial 187 finished with value: 0.3419311770058864 and parameters: {'parameters.max_depth': 17, 'parameters.learning_rate': 0.008100626257010465, 'parameters.subsample': 0.857362050863854, 'parameters.colsample_bytree': 0.6006327924545691, 'parameters.reg_alpha': 0.0017801352716084202, 'parameters.reg_lambda': 1.7211900016319543, 'parameters.min_child_samples': 89}. Best is trial 141 with value: 0.3419311770058863.
[I 2026-04-11 21:09:03,364] Trial 188 finished with value: 0.3419311770058864 and parameters: {'parameters.max_depth': 6, 'parameters.learning_rate': 0.009719467213188199, 'parameters.subsample': 0.7189674869466092, 'parameters.colsample_bytree': 0.8060881937411929, 'parameters.reg_alpha': 0.1854454318813693, 'parameters.reg_lambda': 2.1226761149491833, 'parameters.min_child_samples': 51}. Best is trial 141 with value: 0.3419311770058863.
[I 2026-04-11 21:09:06,607] Trial 189 finished with value: 0.3419311770058864 and parameters: {'parameters.max_depth': 7, 'parameters.learning_rate': 0.017258103885113205, 'parameters.subsample': 0.7287096953360943, 'parameters.colsample_bytree': 0.6626412861583757, 'parameters.reg_alpha': 0.34496519922325913, 'parameters.reg_lambda': 3.325469480396323, 'parameters.min_child_samples': 27}. Best is trial 141 with value: 0.3419311770058863.Best trial: 141. Best value: 0.341931:  94%|█████████▍| 189/200 [10:06<00:35,  3.21s/it]Best trial: 141. Best value: 0.341931:  94%|█████████▍| 189/200 [10:06<00:35,  3.21s/it]Best trial: 141. Best value: 0.341931:  95%|█████████▌| 190/200 [10:06<00:32,  3.22s/it]                                                                                        Best trial: 141. Best value: 0.341931:  95%|█████████▌| 190/200 [10:10<00:32,  3.22s/it]Best trial: 141. Best value: 0.341931:  95%|█████████▌| 190/200 [10:10<00:32,  3.22s/it]Best trial: 141. Best value: 0.341931:  96%|█████████▌| 191/200 [10:10<00:28,  3.20s/it]                                                                                        Best trial: 141. Best value: 0.341931:  96%|█████████▌| 191/200 [10:13<00:28,  3.20s/it]Best trial: 141. Best value: 0.341931:  96%|█████████▌| 191/200 [10:13<00:28,  3.20s/it]Best trial: 141. Best value: 0.341931:  96%|█████████▌| 192/200 [10:13<00:25,  3.20s/it]                                                                                        Best trial: 141. Best value: 0.341931:  96%|█████████▌| 192/200 [10:16<00:25,  3.20s/it]Best trial: 141. Best value: 0.341931:  96%|█████████▌| 192/200 [10:16<00:25,  3.20s/it]Best trial: 141. Best value: 0.341931:  96%|█████████▋| 193/200 [10:16<00:22,  3.19s/it]                                                                                        Best trial: 141. Best value: 0.341931:  96%|█████████▋| 193/200 [10:19<00:22,  3.19s/it]Best trial: 141. Best value: 0.341931:  96%|█████████▋| 193/200 [10:19<00:22,  3.19s/it]Best trial: 141. Best value: 0.341931:  97%|█████████▋| 194/200 [10:19<00:19,  3.19s/it]                                                                                        Best trial: 141. Best value: 0.341931:  97%|█████████▋| 194/200 [10:22<00:19,  3.19s/it]Best trial: 141. Best value: 0.341931:  97%|█████████▋| 194/200 [10:22<00:19,  3.19s/it]Best trial: 141. Best value: 0.341931:  98%|█████████▊| 195/200 [10:22<00:15,  3.20s/it]                                                                                        Best trial: 141. Best value: 0.341931:  98%|█████████▊| 195/200 [10:26<00:15,  3.20s/it]Best trial: 141. Best value: 0.341931:  98%|█████████▊| 195/200 [10:26<00:15,  3.20s/it]Best trial: 141. Best value: 0.341931:  98%|█████████▊| 196/200 [10:26<00:12,  3.20s/it]                                                                                        Best trial: 141. Best value: 0.341931:  98%|█████████▊| 196/200 [10:29<00:12,  3.20s/it]Best trial: 141. Best value: 0.341931:  98%|█████████▊| 196/200 [10:29<00:12,  3.20s/it]Best trial: 141. Best value: 0.341931:  98%|█████████▊| 197/200 [10:29<00:09,  3.19s/it]                                                                                        Best trial: 141. Best value: 0.341931:  98%|█████████▊| 197/200 [10:32<00:09,  3.19s/it]Best trial: 141. Best value: 0.341931:  98%|█████████▊| 197/200 [10:32<00:09,  3.19s/it]Best trial: 141. Best value: 0.341931:  99%|█████████▉| 198/200 [10:32<00:06,  3.18s/it]                                                                                        Best trial: 141. Best value: 0.341931:  99%|█████████▉| 198/200 [10:35<00:06,  3.18s/it]Best trial: 141. Best value: 0.341931:  99%|█████████▉| 198/200 [10:35<00:06,  3.18s/it]Best trial: 141. Best value: 0.341931: 100%|█████████▉| 199/200 [10:35<00:03,  3.18s/it]                                                                                        Best trial: 141. Best value: 0.341931: 100%|█████████▉| 199/200 [10:38<00:03,  3.18s/it]Best trial: 141. Best value: 0.341931: 100%|█████████▉| 199/200 [10:38<00:03,  3.18s/it]Best trial: 141. Best value: 0.341931: 100%|██████████| 200/200 [10:38<00:00,  3.19s/it]Best trial: 141. Best value: 0.341931: 100%|██████████| 200/200 [10:38<00:00,  3.19s/it]
[I 2026-04-11 21:09:41,621] A new study created in memory with name: catboost_temporal_optimization

[I 2026-04-11 21:09:09,770] Trial 190 finished with value: 0.3419311770058864 and parameters: {'parameters.max_depth': 15, 'parameters.learning_rate': 0.0028986215644053407, 'parameters.subsample': 0.7810479696436351, 'parameters.colsample_bytree': 0.7578314303862532, 'parameters.reg_alpha': 0.14222337832196344, 'parameters.reg_lambda': 0.6017607886136019, 'parameters.min_child_samples': 41}. Best is trial 141 with value: 0.3419311770058863.
[I 2026-04-11 21:09:12,969] Trial 191 finished with value: 0.3419311770058864 and parameters: {'parameters.max_depth': 10, 'parameters.learning_rate': 0.002551369926617566, 'parameters.subsample': 0.710982136847506, 'parameters.colsample_bytree': 0.692419524627023, 'parameters.reg_alpha': 0.9538132445920551, 'parameters.reg_lambda': 0.6816741113066307, 'parameters.min_child_samples': 66}. Best is trial 141 with value: 0.3419311770058863.
[I 2026-04-11 21:09:16,128] Trial 192 finished with value: 0.34193117700588643 and parameters: {'parameters.max_depth': 11, 'parameters.learning_rate': 0.01998234308280508, 'parameters.subsample': 0.6786533788310116, 'parameters.colsample_bytree': 0.7015166181838615, 'parameters.reg_alpha': 0.5402477755924139, 'parameters.reg_lambda': 0.6622158632483117, 'parameters.min_child_samples': 69}. Best is trial 141 with value: 0.3419311770058863.
[I 2026-04-11 21:09:19,316] Trial 193 finished with value: 0.3419311770058864 and parameters: {'parameters.max_depth': 12, 'parameters.learning_rate': 0.0042182556497691315, 'parameters.subsample': 0.6287707575322259, 'parameters.colsample_bytree': 0.706365051805162, 'parameters.reg_alpha': 0.6539199072862645, 'parameters.reg_lambda': 1.5947994983177516, 'parameters.min_child_samples': 75}. Best is trial 141 with value: 0.3419311770058863.
[I 2026-04-11 21:09:22,528] Trial 194 finished with value: 0.3419311770058864 and parameters: {'parameters.max_depth': 27, 'parameters.learning_rate': 0.0021774606689436973, 'parameters.subsample': 0.8706228854015454, 'parameters.colsample_bytree': 0.6856246949661129, 'parameters.reg_alpha': 0.3938050323284613, 'parameters.reg_lambda': 0.7229740087645252, 'parameters.min_child_samples': 82}. Best is trial 141 with value: 0.3419311770058863.
