[I 2026-04-12 09:05:29,508] Trial 125 finished with value: 0.3809907807167186 and parameters: {'parameters.history_length': 147, 'parameters.num_layers': 4, 'parameters.units': 319, 'parameters.dropout': 0.29720662990177166, 'parameters.batch_size': 160, 'parameters.learning_rate': 0.0009715385725594253, 'parameters.weight_decay': 0.00033900058297333264}. Best is trial 0 with value: 0.3809907807167186.Best trial: 0. Best value: 0.380991:  62%|██████▎   | 125/200 [1:12:18<43:01, 34.43s/it]Best trial: 0. Best value: 0.380991:  62%|██████▎   | 125/200 [1:12:18<43:01, 34.43s/it]Best trial: 0. Best value: 0.380991:  63%|██████▎   | 126/200 [1:12:18<42:27, 34.43s/it]                                                                                        Best trial: 0. Best value: 0.380991:  63%|██████▎   | 126/200 [1:12:53<42:27, 34.43s/it]Best trial: 0. Best value: 0.380991:  63%|██████▎   | 126/200 [1:12:53<42:27, 34.43s/it]Best trial: 0. Best value: 0.380991:  64%|██████▎   | 127/200 [1:12:53<41:54, 34.45s/it]                                                                                        Best trial: 0. Best value: 0.380991:  64%|██████▎   | 127/200 [1:13:27<41:54, 34.45s/it]Best trial: 0. Best value: 0.380991:  64%|██████▎   | 127/200 [1:13:27<41:54, 34.45s/it]Best trial: 0. Best value: 0.380991:  64%|██████▍   | 128/200 [1:13:27<41:18, 34.42s/it]                                                                                        Best trial: 0. Best value: 0.380991:  64%|██████▍   | 128/200 [1:14:01<41:18, 34.42s/it]Best trial: 0. Best value: 0.380991:  64%|██████▍   | 128/200 [1:14:01<41:18, 34.42s/it]Best trial: 0. Best value: 0.380991:  64%|██████▍   | 129/200 [1:14:01<40:43, 34.41s/it]                                                                                        Best trial: 0. Best value: 0.380991:  64%|██████▍   | 129/200 [1:14:36<40:43, 34.41s/it]Best trial: 0. Best value: 0.380991:  64%|██████▍   | 129/200 [1:14:36<40:43, 34.41s/it]Best trial: 0. Best value: 0.380991:  65%|██████▌   | 130/200 [1:14:36<40:07, 34.39s/it]                                                                                        Best trial: 0. Best value: 0.380991:  65%|██████▌   | 130/200 [1:15:10<40:07, 34.39s/it]Best trial: 0. Best value: 0.380991:  65%|██████▌   | 130/200 [1:15:10<40:07, 34.39s/it]Best trial: 0. Best value: 0.380991:  66%|██████▌   | 131/200 [1:15:10<39:32, 34.38s/it]                                                                                        Best trial: 0. Best value: 0.380991:  66%|██████▌   | 131/200 [1:15:44<39:32, 34.38s/it]Best trial: 0. Best value: 0.380991:  66%|██████▌   | 131/200 [1:15:44<39:32, 34.38s/it]Best trial: 0. Best value: 0.380991:  66%|██████▌   | 132/200 [1:15:44<38:57, 34.37s/it]                                                                                        Best trial: 0. Best value: 0.380991:  66%|██████▌   | 132/200 [1:16:19<38:57, 34.37s/it]Best trial: 0. Best value: 0.380991:  66%|██████▌   | 132/200 [1:16:19<38:57, 34.37s/it]Best trial: 0. Best value: 0.380991:  66%|██████▋   | 133/200 [1:16:19<38:23, 34.38s/it]                                                                                        Best trial: 0. Best value: 0.380991:  66%|██████▋   | 133/200 [1:16:53<38:23, 34.38s/it]Best trial: 0. Best value: 0.380991:  66%|██████▋   | 133/200 [1:16:53<38:23, 34.38s/it]Best trial: 0. Best value: 0.380991:  67%|██████▋   | 134/200 [1:16:53<37:47, 34.35s/it]                                                                                        Best trial: 0. Best value: 0.380991:  67%|██████▋   | 134/200 [1:17:28<37:47, 34.35s/it]Best trial: 0. Best value: 0.380991:  67%|██████▋   | 134/200 [1:17:28<37:47, 34.35s/it]Best trial: 0. Best value: 0.380991:  68%|██████▊   | 135/200 [1:17:28<37:13, 34.36s/it]                                                                                        Best trial: 0. Best value: 0.380991:  68%|██████▊   | 135/200 [1:18:02<37:13, 34.36s/it]Best trial: 0. Best value: 0.380991:  68%|██████▊   | 135/200 [1:18:02<37:13, 34.36s/it]Best trial: 0. Best value: 0.380991:  68%|██████▊   | 136/200 [1:18:02<36:40, 34.38s/it]                                                                                        Best trial: 0. Best value: 0.380991:  68%|██████▊   | 136/200 [1:18:36<36:40, 34.38s/it]Best trial: 0. Best value: 0.380991:  68%|██████▊   | 136/200 [1:18:36<36:40, 34.38s/it]Best trial: 0. Best value: 0.380991:  68%|██████▊   | 137/200 [1:18:36<36:07, 34.41s/it]                                                                                        Best trial: 0. Best value: 0.380991:  68%|██████▊   | 137/200 [1:19:11<36:07, 34.41s/it]Best trial: 0. Best value: 0.380991:  68%|██████▊   | 137/200 [1:19:11<36:07, 34.41s/it]Best trial: 0. Best value: 0.380991:  69%|██████▉   | 138/200 [1:19:11<35:33, 34.41s/it]                                                                                        Best trial: 0. Best value: 0.380991:  69%|██████▉   | 138/200 [1:19:45<35:33, 34.41s/it]Best trial: 0. Best value: 0.380991:  69%|██████▉   | 138/200 [1:19:45<35:33, 34.41s/it]Best trial: 0. Best value: 0.380991:  70%|██████▉   | 139/200 [1:19:45<34:59, 34.41s/it]                                                                                        Best trial: 0. Best value: 0.380991:  70%|██████▉   | 139/200 [1:20:20<34:59, 34.41s/it]Best trial: 0. Best value: 0.380991:  70%|██████▉   | 139/200 [1:20:20<34:59, 34.41s/it]Best trial: 0. Best value: 0.380991:  70%|███████   | 140/200 [1:20:20<34:24, 34.40s/it]                                                                                        Best trial: 0. Best value: 0.380991:  70%|███████   | 140/200 [1:20:54<34:24, 34.40s/it]Best trial: 0. Best value: 0.380991:  70%|███████   | 140/200 [1:20:54<34:24, 34.40s/it]Best trial: 0. Best value: 0.380991:  70%|███████   | 141/200 [1:20:54<33:51, 34.42s/it]                                                                                        Best trial: 0. Best value: 0.380991:  70%|███████   | 141/200 [1:21:29<33:51, 34.42s/it]Best trial: 0. Best value: 0.380991:  70%|███████   | 141/200 [1:21:29<33:51, 34.42s/it]Best trial: 0. Best value: 0.380991:  71%|███████   | 142/200 [1:21:29<33:16, 34.42s/it]                                                                                        Best trial: 0. Best value: 0.380991:  71%|███████   | 142/200 [1:22:03<33:16, 34.42s/it]Best trial: 0. Best value: 0.380991:  71%|███████   | 142/200 [1:22:03<33:16, 34.42s/it]Best trial: 0. Best value: 0.380991:  72%|███████▏  | 143/200 [1:22:03<32:40, 34.40s/it]                                                                                        Best trial: 0. Best value: 0.380991:  72%|███████▏  | 143/200 [1:22:37<32:40, 34.40s/it]Best trial: 0. Best value: 0.380991:  72%|███████▏  | 143/200 [1:22:37<32:40, 34.40s/it]Best trial: 0. Best value: 0.380991:  72%|███████▏  | 144/200 [1:22:37<32:07, 34.42s/it]                                                                                        Best trial: 0. Best value: 0.380991:  72%|███████▏  | 144/200 [1:23:12<32:07, 34.42s/it]Best trial: 0. Best value: 0.380991:  72%|███████▏  | 144/200 [1:23:12<32:07, 34.42s/it]Best trial: 0. Best value: 0.380991:  72%|███████▎  | 145/200 [1:23:12<31:33, 34.42s/it]                                                                                        Best trial: 0. Best value: 0.380991:  72%|███████▎  | 145/200 [1:23:46<31:33, 34.42s/it]Best trial: 0. Best value: 0.380991:  72%|███████▎  | 145/200 [1:23:46<31:33, 34.42s/it]Best trial: 0. Best value: 0.380991:  73%|███████▎  | 146/200 [1:23:46<30:59, 34.44s/it]                                                                                        
[I 2026-04-12 09:06:03,994] Trial 126 finished with value: 0.3809907807167186 and parameters: {'parameters.history_length': 85, 'parameters.num_layers': 3, 'parameters.units': 372, 'parameters.dropout': 0.2817046841542337, 'parameters.batch_size': 204, 'parameters.learning_rate': 0.0007881283508164454, 'parameters.weight_decay': 0.00015474633434879215}. Best is trial 0 with value: 0.3809907807167186.
[I 2026-04-12 09:06:38,364] Trial 127 finished with value: 0.3809907807167186 and parameters: {'parameters.history_length': 89, 'parameters.num_layers': 2, 'parameters.units': 382, 'parameters.dropout': 0.10377187367740168, 'parameters.batch_size': 283, 'parameters.learning_rate': 0.0008224622723796454, 'parameters.weight_decay': 0.007002747780851184}. Best is trial 0 with value: 0.3809907807167186.
[I 2026-04-12 09:07:12,741] Trial 128 finished with value: 0.3809907807167186 and parameters: {'parameters.history_length': 77, 'parameters.num_layers': 1, 'parameters.units': 159, 'parameters.dropout': 0.10905584122072143, 'parameters.batch_size': 257, 'parameters.learning_rate': 0.00022078434590026394, 'parameters.weight_decay': 0.000685478635258364}. Best is trial 0 with value: 0.3809907807167186.
[I 2026-04-12 09:07:47,094] Trial 129 finished with value: 0.3809907807167186 and parameters: {'parameters.history_length': 120, 'parameters.num_layers': 4, 'parameters.units': 223, 'parameters.dropout': 0.4225082302693499, 'parameters.batch_size': 134, 'parameters.learning_rate': 0.001059802615526129, 'parameters.weight_decay': 0.00023663532131299882}. Best is trial 0 with value: 0.3809907807167186.
[I 2026-04-12 09:08:21,435] Trial 130 finished with value: 0.3809907807167186 and parameters: {'parameters.history_length': 136, 'parameters.num_layers': 2, 'parameters.units': 358, 'parameters.dropout': 0.4599212114630893, 'parameters.batch_size': 151, 'parameters.learning_rate': 0.0002417760732612661, 'parameters.weight_decay': 0.000489790628760366}. Best is trial 0 with value: 0.3809907807167186.
[I 2026-04-12 09:08:55,802] Trial 131 finished with value: 0.3809907807167186 and parameters: {'parameters.history_length': 98, 'parameters.num_layers': 3, 'parameters.units': 301, 'parameters.dropout': 0.1939592533282369, 'parameters.batch_size': 382, 'parameters.learning_rate': 0.0015236862230176582, 'parameters.weight_decay': 0.00028195379965849983}. Best is trial 0 with value: 0.3809907807167186.
[I 2026-04-12 09:09:30,184] Trial 132 finished with value: 0.3809907807167186 and parameters: {'parameters.history_length': 93, 'parameters.num_layers': 3, 'parameters.units': 275, 'parameters.dropout': 0.21092564075867629, 'parameters.batch_size': 371, 'parameters.learning_rate': 0.0012798259158473147, 'parameters.weight_decay': 0.0033815647113306165}. Best is trial 0 with value: 0.3809907807167186.
[I 2026-04-12 09:10:04,483] Trial 133 finished with value: 0.3809907807167186 and parameters: {'parameters.history_length': 96, 'parameters.num_layers': 3, 'parameters.units': 306, 'parameters.dropout': 0.18720554896495203, 'parameters.batch_size': 362, 'parameters.learning_rate': 0.0018226161168062819, 'parameters.weight_decay': 0.000314389237897654}. Best is trial 0 with value: 0.3809907807167186.
[I 2026-04-12 09:10:38,857] Trial 134 finished with value: 0.3809907807167186 and parameters: {'parameters.history_length': 82, 'parameters.num_layers': 3, 'parameters.units': 285, 'parameters.dropout': 0.20244787110743886, 'parameters.batch_size': 367, 'parameters.learning_rate': 0.0016737710994891763, 'parameters.weight_decay': 0.00021769537070084137}. Best is trial 0 with value: 0.3809907807167186.
[I 2026-04-12 09:11:13,282] Trial 135 finished with value: 0.3809907807167186 and parameters: {'parameters.history_length': 106, 'parameters.num_layers': 3, 'parameters.units': 150, 'parameters.dropout': 0.17799243260029385, 'parameters.batch_size': 225, 'parameters.learning_rate': 0.000453254687114229, 'parameters.weight_decay': 0.0009862315859738371}. Best is trial 0 with value: 0.3809907807167186.
[I 2026-04-12 09:11:47,756] Trial 136 finished with value: 0.3809907807167186 and parameters: {'parameters.history_length': 79, 'parameters.num_layers': 1, 'parameters.units': 329, 'parameters.dropout': 0.24610163145018402, 'parameters.batch_size': 379, 'parameters.learning_rate': 0.0019642562978089617, 'parameters.weight_decay': 0.00019596062882246536}. Best is trial 0 with value: 0.3809907807167186.
[I 2026-04-12 09:12:22,183] Trial 137 finished with value: 0.3809907807167186 and parameters: {'parameters.history_length': 141, 'parameters.num_layers': 4, 'parameters.units': 294, 'parameters.dropout': 0.22471320250530544, 'parameters.batch_size': 176, 'parameters.learning_rate': 0.0003383727472350186, 'parameters.weight_decay': 0.008980982153931352}. Best is trial 0 with value: 0.3809907807167186.
[I 2026-04-12 09:12:56,596] Trial 138 finished with value: 0.3809907807167186 and parameters: {'parameters.history_length': 69, 'parameters.num_layers': 3, 'parameters.units': 376, 'parameters.dropout': 0.3164483704990146, 'parameters.batch_size': 238, 'parameters.learning_rate': 0.0002979813698010279, 'parameters.weight_decay': 0.0002585259547944027}. Best is trial 0 with value: 0.3809907807167186.
[I 2026-04-12 09:13:30,976] Trial 139 finished with value: 0.3809907807167186 and parameters: {'parameters.history_length': 103, 'parameters.num_layers': 2, 'parameters.units': 249, 'parameters.dropout': 0.26408623430327555, 'parameters.batch_size': 320, 'parameters.learning_rate': 0.00028053445899643513, 'parameters.weight_decay': 0.0012720629369836513}. Best is trial 0 with value: 0.3809907807167186.
[I 2026-04-12 09:14:05,450] Trial 140 finished with value: 0.3809907807167186 and parameters: {'parameters.history_length': 125, 'parameters.num_layers': 1, 'parameters.units': 263, 'parameters.dropout': 0.16203282404473732, 'parameters.batch_size': 309, 'parameters.learning_rate': 0.0005615899596519883, 'parameters.weight_decay': 0.007967495267649278}. Best is trial 0 with value: 0.3809907807167186.
[I 2026-04-12 09:14:39,847] Trial 141 finished with value: 0.3809907807167186 and parameters: {'parameters.history_length': 160, 'parameters.num_layers': 4, 'parameters.units': 311, 'parameters.dropout': 0.27389470974663976, 'parameters.batch_size': 332, 'parameters.learning_rate': 0.0009288855958890874, 'parameters.weight_decay': 0.00036468385198427017}. Best is trial 0 with value: 0.3809907807167186.
[I 2026-04-12 09:15:14,214] Trial 142 finished with value: 0.3809907807167186 and parameters: {'parameters.history_length': 150, 'parameters.num_layers': 4, 'parameters.units': 336, 'parameters.dropout': 0.2572653749566815, 'parameters.batch_size': 274, 'parameters.learning_rate': 0.0011878559534049733, 'parameters.weight_decay': 0.00040097999672737743}. Best is trial 0 with value: 0.3809907807167186.
[I 2026-04-12 09:15:48,663] Trial 143 finished with value: 0.3809907807167186 and parameters: {'parameters.history_length': 99, 'parameters.num_layers': 4, 'parameters.units': 318, 'parameters.dropout': 0.2398939818561186, 'parameters.batch_size': 144, 'parameters.learning_rate': 0.0013105115111887995, 'parameters.weight_decay': 0.00013245068922448496}. Best is trial 0 with value: 0.3809907807167186.
[I 2026-04-12 09:16:23,100] Trial 144 finished with value: 0.3809907807167186 and parameters: {'parameters.history_length': 115, 'parameters.num_layers': 4, 'parameters.units': 322, 'parameters.dropout': 0.23309604995978664, 'parameters.batch_size': 220, 'parameters.learning_rate': 0.0010828332326893472, 'parameters.weight_decay': 0.00030904078640828903}. Best is trial 0 with value: 0.3809907807167186.
[I 2026-04-12 09:16:57,571] Trial 145 finished with value: 0.3809907807167186 and parameters: {'parameters.history_length': 74, 'parameters.num_layers': 4, 'parameters.units': 349, 'parameters.dropout': 0.15068305213870054, 'parameters.batch_size': 251, 'parameters.learning_rate': 0.0009699873020190675, 'parameters.weight_decay': 0.00011940010580456447}. Best is trial 0 with value: 0.3809907807167186.
