[I 2026-04-12 07:42:54,972] Trial 125 finished with value: 0.3787205289294688 and parameters: {'parameters.history_length': 94, 'parameters.units': 151, 'parameters.num_layers': 2, 'parameters.dropout': 0.40303810903250537, 'parameters.batch_size': 377, 'parameters.learning_rate': 0.0009715385725594253, 'parameters.weight_decay': 0.00033900058297333264}. Best is trial 0 with value: 0.3787205289294688.Best trial: 0. Best value: 0.378721:  62%|██████▎   | 125/200 [17:13<10:15,  8.20s/it]Best trial: 0. Best value: 0.378721:  62%|██████▎   | 125/200 [17:13<10:15,  8.20s/it]Best trial: 0. Best value: 0.378721:  63%|██████▎   | 126/200 [17:13<10:07,  8.21s/it]                                                                                      Best trial: 0. Best value: 0.378721:  63%|██████▎   | 126/200 [17:21<10:07,  8.21s/it]Best trial: 0. Best value: 0.378721:  63%|██████▎   | 126/200 [17:21<10:07,  8.21s/it]Best trial: 0. Best value: 0.378721:  64%|██████▎   | 127/200 [17:21<09:58,  8.19s/it]                                                                                      Best trial: 0. Best value: 0.378721:  64%|██████▎   | 127/200 [17:29<09:58,  8.19s/it]Best trial: 0. Best value: 0.378721:  64%|██████▎   | 127/200 [17:29<09:58,  8.19s/it]Best trial: 0. Best value: 0.378721:  64%|██████▍   | 128/200 [17:29<09:49,  8.18s/it]                                                                                      Best trial: 0. Best value: 0.378721:  64%|██████▍   | 128/200 [17:38<09:49,  8.18s/it]Best trial: 0. Best value: 0.378721:  64%|██████▍   | 128/200 [17:38<09:49,  8.18s/it]Best trial: 0. Best value: 0.378721:  64%|██████▍   | 129/200 [17:38<09:42,  8.20s/it]                                                                                      Best trial: 0. Best value: 0.378721:  64%|██████▍   | 129/200 [17:46<09:42,  8.20s/it]Best trial: 0. Best value: 0.378721:  64%|██████▍   | 129/200 [17:46<09:42,  8.20s/it]Best trial: 0. Best value: 0.378721:  65%|██████▌   | 130/200 [17:46<09:33,  8.19s/it]                                                                                      Best trial: 0. Best value: 0.378721:  65%|██████▌   | 130/200 [17:54<09:33,  8.19s/it]Best trial: 0. Best value: 0.378721:  65%|██████▌   | 130/200 [17:54<09:33,  8.19s/it]Best trial: 0. Best value: 0.378721:  66%|██████▌   | 131/200 [17:54<09:26,  8.21s/it]                                                                                      Best trial: 0. Best value: 0.378721:  66%|██████▌   | 131/200 [18:02<09:26,  8.21s/it]Best trial: 0. Best value: 0.378721:  66%|██████▌   | 131/200 [18:02<09:26,  8.21s/it]Best trial: 0. Best value: 0.378721:  66%|██████▌   | 132/200 [18:02<09:17,  8.20s/it]                                                                                      Best trial: 0. Best value: 0.378721:  66%|██████▌   | 132/200 [18:10<09:17,  8.20s/it]Best trial: 0. Best value: 0.378721:  66%|██████▌   | 132/200 [18:10<09:17,  8.20s/it]Best trial: 0. Best value: 0.378721:  66%|██████▋   | 133/200 [18:10<09:08,  8.18s/it]                                                                                      Best trial: 0. Best value: 0.378721:  66%|██████▋   | 133/200 [18:19<09:08,  8.18s/it]Best trial: 0. Best value: 0.378721:  66%|██████▋   | 133/200 [18:19<09:08,  8.18s/it]Best trial: 0. Best value: 0.378721:  67%|██████▋   | 134/200 [18:19<09:01,  8.20s/it]                                                                                      Best trial: 0. Best value: 0.378721:  67%|██████▋   | 134/200 [18:27<09:01,  8.20s/it]Best trial: 0. Best value: 0.378721:  67%|██████▋   | 134/200 [18:27<09:01,  8.20s/it]Best trial: 0. Best value: 0.378721:  68%|██████▊   | 135/200 [18:27<08:53,  8.21s/it]                                                                                      Best trial: 0. Best value: 0.378721:  68%|██████▊   | 135/200 [18:35<08:53,  8.21s/it]Best trial: 0. Best value: 0.378721:  68%|██████▊   | 135/200 [18:35<08:53,  8.21s/it]Best trial: 0. Best value: 0.378721:  68%|██████▊   | 136/200 [18:35<08:45,  8.21s/it]                                                                                      Best trial: 0. Best value: 0.378721:  68%|██████▊   | 136/200 [18:43<08:45,  8.21s/it]Best trial: 0. Best value: 0.378721:  68%|██████▊   | 136/200 [18:43<08:45,  8.21s/it]Best trial: 0. Best value: 0.378721:  68%|██████▊   | 137/200 [18:43<08:37,  8.21s/it]                                                                                      Best trial: 0. Best value: 0.378721:  68%|██████▊   | 137/200 [18:51<08:37,  8.21s/it]Best trial: 0. Best value: 0.378721:  68%|██████▊   | 137/200 [18:51<08:37,  8.21s/it]Best trial: 0. Best value: 0.378721:  69%|██████▉   | 138/200 [18:51<08:28,  8.20s/it]                                                                                      Best trial: 0. Best value: 0.378721:  69%|██████▉   | 138/200 [19:00<08:28,  8.20s/it]Best trial: 0. Best value: 0.378721:  69%|██████▉   | 138/200 [19:00<08:28,  8.20s/it]Best trial: 0. Best value: 0.378721:  70%|██████▉   | 139/200 [19:00<08:20,  8.21s/it]                                                                                      Best trial: 0. Best value: 0.378721:  70%|██████▉   | 139/200 [19:08<08:20,  8.21s/it]Best trial: 0. Best value: 0.378721:  70%|██████▉   | 139/200 [19:08<08:20,  8.21s/it]Best trial: 0. Best value: 0.378721:  70%|███████   | 140/200 [19:08<08:14,  8.23s/it]                                                                                      Best trial: 0. Best value: 0.378721:  70%|███████   | 140/200 [19:16<08:14,  8.23s/it]Best trial: 0. Best value: 0.378721:  70%|███████   | 140/200 [19:16<08:14,  8.23s/it]Best trial: 0. Best value: 0.378721:  70%|███████   | 141/200 [19:16<08:05,  8.23s/it]                                                                                      Best trial: 0. Best value: 0.378721:  70%|███████   | 141/200 [19:24<08:05,  8.23s/it]Best trial: 0. Best value: 0.378721:  70%|███████   | 141/200 [19:24<08:05,  8.23s/it]Best trial: 0. Best value: 0.378721:  71%|███████   | 142/200 [19:24<07:56,  8.22s/it]                                                                                      Best trial: 0. Best value: 0.378721:  71%|███████   | 142/200 [19:33<07:56,  8.22s/it]Best trial: 0. Best value: 0.378721:  71%|███████   | 142/200 [19:33<07:56,  8.22s/it]Best trial: 0. Best value: 0.378721:  72%|███████▏  | 143/200 [19:33<07:48,  8.21s/it]                                                                                      Best trial: 0. Best value: 0.378721:  72%|███████▏  | 143/200 [19:41<07:48,  8.21s/it]Best trial: 0. Best value: 0.378721:  72%|███████▏  | 143/200 [19:41<07:48,  8.21s/it]Best trial: 0. Best value: 0.378721:  72%|███████▏  | 144/200 [19:41<07:39,  8.21s/it]                                                                                      Best trial: 0. Best value: 0.378721:  72%|███████▏  | 144/200 [19:49<07:39,  8.21s/it]Best trial: 0. Best value: 0.378721:  72%|███████▏  | 144/200 [19:49<07:39,  8.21s/it]Best trial: 0. Best value: 0.378721:  72%|███████▎  | 145/200 [19:49<07:32,  8.22s/it]                                                                                      Best trial: 0. Best value: 0.378721:  72%|███████▎  | 145/200 [19:57<07:32,  8.22s/it]Best trial: 0. Best value: 0.378721:  72%|███████▎  | 145/200 [19:57<07:32,  8.22s/it]Best trial: 0. Best value: 0.378721:  73%|███████▎  | 146/200 [19:57<07:23,  8.20s/it]                                                                                      
[I 2026-04-12 07:43:03,133] Trial 126 finished with value: 0.3787205289294688 and parameters: {'parameters.history_length': 115, 'parameters.units': 328, 'parameters.num_layers': 8, 'parameters.dropout': 0.3930529489059628, 'parameters.batch_size': 147, 'parameters.learning_rate': 0.0007881283508164454, 'parameters.weight_decay': 0.00015474633434879215}. Best is trial 0 with value: 0.3787205289294688.
[I 2026-04-12 07:43:11,292] Trial 127 finished with value: 0.3787205289294688 and parameters: {'parameters.history_length': 111, 'parameters.units': 268, 'parameters.num_layers': 4, 'parameters.dropout': 0.20690143706207814, 'parameters.batch_size': 384, 'parameters.learning_rate': 0.0008224622723796454, 'parameters.weight_decay': 0.007002747780851184}. Best is trial 0 with value: 0.3787205289294688.
[I 2026-04-12 07:43:19,521] Trial 128 finished with value: 0.3787205289294688 and parameters: {'parameters.history_length': 136, 'parameters.units': 363, 'parameters.num_layers': 9, 'parameters.dropout': 0.21615903338027748, 'parameters.batch_size': 91, 'parameters.learning_rate': 0.00022078434590026394, 'parameters.weight_decay': 0.000685478635258364}. Best is trial 0 with value: 0.3787205289294688.
[I 2026-04-12 07:43:27,708] Trial 129 finished with value: 0.3787205289294688 and parameters: {'parameters.history_length': 74, 'parameters.units': 336, 'parameters.num_layers': 5, 'parameters.dropout': 0.4686103134666649, 'parameters.batch_size': 223, 'parameters.learning_rate': 0.001059802615526129, 'parameters.weight_decay': 0.00023663532131299882}. Best is trial 0 with value: 0.3787205289294688.
[I 2026-04-12 07:43:35,939] Trial 130 finished with value: 0.3787205289294688 and parameters: {'parameters.history_length': 48, 'parameters.units': 144, 'parameters.num_layers': 7, 'parameters.dropout': 0.48442569873775077, 'parameters.batch_size': 165, 'parameters.learning_rate': 0.0002417760732612661, 'parameters.weight_decay': 0.000489790628760366}. Best is trial 0 with value: 0.3787205289294688.
[I 2026-04-12 07:43:44,113] Trial 131 finished with value: 0.3787205289294688 and parameters: {'parameters.history_length': 82, 'parameters.units': 210, 'parameters.num_layers': 8, 'parameters.dropout': 0.3234862018919017, 'parameters.batch_size': 271, 'parameters.learning_rate': 0.0015236862230176582, 'parameters.weight_decay': 0.00028195379965849983}. Best is trial 0 with value: 0.3787205289294688.
[I 2026-04-12 07:43:52,266] Trial 132 finished with value: 0.3787205289294688 and parameters: {'parameters.history_length': 78, 'parameters.units': 232, 'parameters.num_layers': 8, 'parameters.dropout': 0.3391172904795717, 'parameters.batch_size': 264, 'parameters.learning_rate': 0.0012798259158473147, 'parameters.weight_decay': 0.0033815647113306165}. Best is trial 0 with value: 0.3787205289294688.
[I 2026-04-12 07:44:00,507] Trial 133 finished with value: 0.3787205289294688 and parameters: {'parameters.history_length': 69, 'parameters.units': 252, 'parameters.num_layers': 8, 'parameters.dropout': 0.3168800016475113, 'parameters.batch_size': 280, 'parameters.learning_rate': 0.0018226161168062819, 'parameters.weight_decay': 0.000314389237897654}. Best is trial 0 with value: 0.3787205289294688.
[I 2026-04-12 07:44:08,755] Trial 134 finished with value: 0.3787205289294688 and parameters: {'parameters.history_length': 64, 'parameters.units': 342, 'parameters.num_layers': 9, 'parameters.dropout': 0.3314705404923524, 'parameters.batch_size': 303, 'parameters.learning_rate': 0.0016737710994891763, 'parameters.weight_decay': 0.00021769537070084137}. Best is trial 0 with value: 0.3787205289294688.
[I 2026-04-12 07:44:16,964] Trial 135 finished with value: 0.3787205289294688 and parameters: {'parameters.history_length': 71, 'parameters.units': 178, 'parameters.num_layers': 8, 'parameters.dropout': 0.3074730833909785, 'parameters.batch_size': 130, 'parameters.learning_rate': 0.000453254687114229, 'parameters.weight_decay': 0.0009862315859738371}. Best is trial 0 with value: 0.3787205289294688.
[I 2026-04-12 07:44:25,164] Trial 136 finished with value: 0.3787205289294688 and parameters: {'parameters.history_length': 75, 'parameters.units': 217, 'parameters.num_layers': 7, 'parameters.dropout': 0.3678675008795036, 'parameters.batch_size': 216, 'parameters.learning_rate': 0.0019642562978089617, 'parameters.weight_decay': 0.00019596062882246536}. Best is trial 0 with value: 0.3787205289294688.
[I 2026-04-12 07:44:33,346] Trial 137 finished with value: 0.3787205289294688 and parameters: {'parameters.history_length': 45, 'parameters.units': 302, 'parameters.num_layers': 2, 'parameters.dropout': 0.35092003388850534, 'parameters.batch_size': 197, 'parameters.learning_rate': 0.0003383727472350186, 'parameters.weight_decay': 0.008980982153931352}. Best is trial 0 with value: 0.3787205289294688.
[I 2026-04-12 07:44:41,578] Trial 138 finished with value: 0.3787205289294688 and parameters: {'parameters.history_length': 79, 'parameters.units': 242, 'parameters.num_layers': 9, 'parameters.dropout': 0.4147314737034938, 'parameters.batch_size': 354, 'parameters.learning_rate': 0.0002979813698010279, 'parameters.weight_decay': 0.0002585259547944027}. Best is trial 0 with value: 0.3787205289294688.
[I 2026-04-12 07:44:49,869] Trial 139 finished with value: 0.3787205289294688 and parameters: {'parameters.history_length': 88, 'parameters.units': 108, 'parameters.num_layers': 4, 'parameters.dropout': 0.38101453334862834, 'parameters.batch_size': 323, 'parameters.learning_rate': 0.00028053445899643513, 'parameters.weight_decay': 0.0012720629369836513}. Best is trial 0 with value: 0.3787205289294688.
[I 2026-04-12 07:44:58,079] Trial 140 finished with value: 0.3787205289294688 and parameters: {'parameters.history_length': 108, 'parameters.units': 78, 'parameters.num_layers': 3, 'parameters.dropout': 0.28996223014598466, 'parameters.batch_size': 82, 'parameters.learning_rate': 0.0005615899596519883, 'parameters.weight_decay': 0.007967495267649278}. Best is trial 0 with value: 0.3787205289294688.
[I 2026-04-12 07:45:06,267] Trial 141 finished with value: 0.3787205289294688 and parameters: {'parameters.history_length': 99, 'parameters.units': 373, 'parameters.num_layers': 10, 'parameters.dropout': 0.3878121984887472, 'parameters.batch_size': 125, 'parameters.learning_rate': 0.0009288855958890874, 'parameters.weight_decay': 0.00036468385198427017}. Best is trial 0 with value: 0.3787205289294688.
[I 2026-04-12 07:45:14,478] Trial 142 finished with value: 0.3787205289294688 and parameters: {'parameters.history_length': 102, 'parameters.units': 296, 'parameters.num_layers': 10, 'parameters.dropout': 0.37613688845687565, 'parameters.batch_size': 155, 'parameters.learning_rate': 0.0011878559534049733, 'parameters.weight_decay': 0.00040097999672737743}. Best is trial 0 with value: 0.3787205289294688.
[I 2026-04-12 07:45:22,673] Trial 143 finished with value: 0.3787205289294688 and parameters: {'parameters.history_length': 105, 'parameters.units': 273, 'parameters.num_layers': 8, 'parameters.dropout': 0.3631054340271169, 'parameters.batch_size': 109, 'parameters.learning_rate': 0.0013105115111887995, 'parameters.weight_decay': 0.00013245068922448496}. Best is trial 0 with value: 0.3787205289294688.
[I 2026-04-12 07:45:30,918] Trial 144 finished with value: 0.3787205289294688 and parameters: {'parameters.history_length': 117, 'parameters.units': 310, 'parameters.num_layers': 9, 'parameters.dropout': 0.3577470757366475, 'parameters.batch_size': 99, 'parameters.learning_rate': 0.0010828332326893472, 'parameters.weight_decay': 0.00030904078640828903}. Best is trial 0 with value: 0.3787205289294688.
[I 2026-04-12 07:45:39,086] Trial 145 finished with value: 0.3787205289294688 and parameters: {'parameters.history_length': 96, 'parameters.units': 283, 'parameters.num_layers': 9, 'parameters.dropout': 0.27642577248147054, 'parameters.batch_size': 134, 'parameters.learning_rate': 0.0009699873020190675, 'parameters.weight_decay': 0.00011940010580456447}. Best is trial 0 with value: 0.3787205289294688.
