[I 2026-04-11 20:34:52,046] Trial 119 finished with value: 0.34265128860961136 and parameters: {'parameters.depth': 6, 'parameters.learning_rate': 0.014245479344888684, 'parameters.l2_leaf_reg': 4.342120192363738, 'parameters.subsample': 0.6402880390918662, 'parameters.random_strength': 0.16364584340524407, 'parameters.bagging_temperature': 0.11595687521149169}. Best is trial 0 with value: 0.34265128860961136.Best trial: 0. Best value: 0.342651:  60%|█████▉    | 119/200 [07:28<05:00,  3.70s/it]Best trial: 0. Best value: 0.342651:  60%|█████▉    | 119/200 [07:28<05:00,  3.70s/it]Best trial: 0. Best value: 0.342651:  60%|██████    | 120/200 [07:28<04:58,  3.73s/it]                                                                                      Best trial: 0. Best value: 0.342651:  60%|██████    | 120/200 [07:31<04:58,  3.73s/it]Best trial: 0. Best value: 0.342651:  60%|██████    | 120/200 [07:31<04:58,  3.73s/it]Best trial: 0. Best value: 0.342651:  60%|██████    | 121/200 [07:31<04:54,  3.72s/it]                                                                                      Best trial: 0. Best value: 0.342651:  60%|██████    | 121/200 [07:35<04:54,  3.72s/it]Best trial: 0. Best value: 0.342651:  60%|██████    | 121/200 [07:35<04:54,  3.72s/it]Best trial: 0. Best value: 0.342651:  61%|██████    | 122/200 [07:35<04:50,  3.73s/it]                                                                                      Best trial: 0. Best value: 0.342651:  61%|██████    | 122/200 [07:39<04:50,  3.73s/it]Best trial: 0. Best value: 0.342651:  61%|██████    | 122/200 [07:39<04:50,  3.73s/it]Best trial: 0. Best value: 0.342651:  62%|██████▏   | 123/200 [07:39<04:47,  3.73s/it]                                                                                      Best trial: 0. Best value: 0.342651:  62%|██████▏   | 123/200 [07:43<04:47,  3.73s/it]Best trial: 0. Best value: 0.342651:  62%|██████▏   | 123/200 [07:43<04:47,  3.73s/it]Best trial: 0. Best value: 0.342651:  62%|██████▏   | 124/200 [07:43<04:43,  3.73s/it]                                                                                      Best trial: 0. Best value: 0.342651:  62%|██████▏   | 124/200 [07:46<04:43,  3.73s/it]Best trial: 0. Best value: 0.342651:  62%|██████▏   | 124/200 [07:46<04:43,  3.73s/it]Best trial: 0. Best value: 0.342651:  62%|██████▎   | 125/200 [07:46<04:40,  3.74s/it]                                                                                      Best trial: 0. Best value: 0.342651:  62%|██████▎   | 125/200 [07:50<04:40,  3.74s/it]Best trial: 0. Best value: 0.342651:  62%|██████▎   | 125/200 [07:50<04:40,  3.74s/it]Best trial: 0. Best value: 0.342651:  63%|██████▎   | 126/200 [07:50<04:37,  3.74s/it]                                                                                      Best trial: 0. Best value: 0.342651:  63%|██████▎   | 126/200 [07:54<04:37,  3.74s/it]Best trial: 0. Best value: 0.342651:  63%|██████▎   | 126/200 [07:54<04:37,  3.74s/it]Best trial: 0. Best value: 0.342651:  64%|██████▎   | 127/200 [07:54<04:33,  3.74s/it]                                                                                      Best trial: 0. Best value: 0.342651:  64%|██████▎   | 127/200 [07:58<04:33,  3.74s/it]Best trial: 0. Best value: 0.342651:  64%|██████▎   | 127/200 [07:58<04:33,  3.74s/it]Best trial: 0. Best value: 0.342651:  64%|██████▍   | 128/200 [07:58<04:29,  3.74s/it]                                                                                      Best trial: 0. Best value: 0.342651:  64%|██████▍   | 128/200 [08:01<04:29,  3.74s/it]Best trial: 0. Best value: 0.342651:  64%|██████▍   | 128/200 [08:01<04:29,  3.74s/it]Best trial: 0. Best value: 0.342651:  64%|██████▍   | 129/200 [08:01<04:26,  3.76s/it]                                                                                      Best trial: 0. Best value: 0.342651:  64%|██████▍   | 129/200 [08:05<04:26,  3.76s/it]Best trial: 0. Best value: 0.342651:  64%|██████▍   | 129/200 [08:05<04:26,  3.76s/it]Best trial: 0. Best value: 0.342651:  65%|██████▌   | 130/200 [08:05<04:22,  3.75s/it]                                                                                      Best trial: 0. Best value: 0.342651:  65%|██████▌   | 130/200 [08:09<04:22,  3.75s/it]Best trial: 0. Best value: 0.342651:  65%|██████▌   | 130/200 [08:09<04:22,  3.75s/it]Best trial: 0. Best value: 0.342651:  66%|██████▌   | 131/200 [08:09<04:18,  3.75s/it]                                                                                      Best trial: 0. Best value: 0.342651:  66%|██████▌   | 131/200 [08:13<04:18,  3.75s/it]Best trial: 0. Best value: 0.342651:  66%|██████▌   | 131/200 [08:13<04:18,  3.75s/it]Best trial: 0. Best value: 0.342651:  66%|██████▌   | 132/200 [08:13<04:15,  3.76s/it]                                                                                      Best trial: 0. Best value: 0.342651:  66%|██████▌   | 132/200 [08:16<04:15,  3.76s/it]Best trial: 0. Best value: 0.342651:  66%|██████▌   | 132/200 [08:16<04:15,  3.76s/it]Best trial: 0. Best value: 0.342651:  66%|██████▋   | 133/200 [08:16<04:11,  3.75s/it]                                                                                      Best trial: 0. Best value: 0.342651:  66%|██████▋   | 133/200 [08:20<04:11,  3.75s/it]Best trial: 0. Best value: 0.342651:  66%|██████▋   | 133/200 [08:20<04:11,  3.75s/it]Best trial: 0. Best value: 0.342651:  67%|██████▋   | 134/200 [08:20<04:07,  3.75s/it]                                                                                      Best trial: 0. Best value: 0.342651:  67%|██████▋   | 134/200 [08:24<04:07,  3.75s/it]Best trial: 0. Best value: 0.342651:  67%|██████▋   | 134/200 [08:24<04:07,  3.75s/it]Best trial: 0. Best value: 0.342651:  68%|██████▊   | 135/200 [08:24<04:03,  3.75s/it]                                                                                      Best trial: 0. Best value: 0.342651:  68%|██████▊   | 135/200 [08:28<04:03,  3.75s/it]Best trial: 0. Best value: 0.342651:  68%|██████▊   | 135/200 [08:28<04:03,  3.75s/it]Best trial: 0. Best value: 0.342651:  68%|██████▊   | 136/200 [08:28<03:59,  3.75s/it]                                                                                      Best trial: 0. Best value: 0.342651:  68%|██████▊   | 136/200 [08:31<03:59,  3.75s/it]Best trial: 0. Best value: 0.342651:  68%|██████▊   | 136/200 [08:31<03:59,  3.75s/it]Best trial: 0. Best value: 0.342651:  68%|██████▊   | 137/200 [08:31<03:56,  3.75s/it]                                                                                      Best trial: 0. Best value: 0.342651:  68%|██████▊   | 137/200 [08:35<03:56,  3.75s/it]Best trial: 0. Best value: 0.342651:  68%|██████▊   | 137/200 [08:35<03:56,  3.75s/it]Best trial: 0. Best value: 0.342651:  69%|██████▉   | 138/200 [08:35<03:53,  3.77s/it]                                                                                      Best trial: 0. Best value: 0.342651:  69%|██████▉   | 138/200 [08:39<03:53,  3.77s/it]Best trial: 0. Best value: 0.342651:  69%|██████▉   | 138/200 [08:39<03:53,  3.77s/it]Best trial: 0. Best value: 0.342651:  70%|██████▉   | 139/200 [08:39<03:49,  3.76s/it]                                                                                      
[I 2026-04-11 20:34:55,763] Trial 120 finished with value: 0.34265128860961136 and parameters: {'parameters.depth': 9, 'parameters.learning_rate': 0.019957074699280354, 'parameters.l2_leaf_reg': 4.563048372981356, 'parameters.subsample': 0.896287941018023, 'parameters.random_strength': 0.12381258565187268, 'parameters.bagging_temperature': 0.36201213138961846}. Best is trial 0 with value: 0.34265128860961136.
[I 2026-04-11 20:34:59,495] Trial 121 finished with value: 0.34265128860961136 and parameters: {'parameters.depth': 6, 'parameters.learning_rate': 0.0262617003802367, 'parameters.l2_leaf_reg': 6.667903295551272, 'parameters.subsample': 0.967200497318581, 'parameters.random_strength': 0.23784640872405152, 'parameters.bagging_temperature': 0.8516920009200304}. Best is trial 0 with value: 0.34265128860961136.
[I 2026-04-11 20:35:03,235] Trial 122 finished with value: 0.34265128860961136 and parameters: {'parameters.depth': 5, 'parameters.learning_rate': 0.02894185478657595, 'parameters.l2_leaf_reg': 5.234163723516032, 'parameters.subsample': 0.9950890725036344, 'parameters.random_strength': 0.47241495743350137, 'parameters.bagging_temperature': 0.7316525613088265}. Best is trial 0 with value: 0.34265128860961136.
[I 2026-04-11 20:35:06,968] Trial 123 finished with value: 0.34265128860961136 and parameters: {'parameters.depth': 7, 'parameters.learning_rate': 0.022626762094198217, 'parameters.l2_leaf_reg': 5.655817962524955, 'parameters.subsample': 0.9229749816841726, 'parameters.random_strength': 0.151662092265077, 'parameters.bagging_temperature': 0.9234966162280074}. Best is trial 0 with value: 0.34265128860961136.
[I 2026-04-11 20:35:10,715] Trial 124 finished with value: 0.34265128860961136 and parameters: {'parameters.depth': 7, 'parameters.learning_rate': 0.012516512575121805, 'parameters.l2_leaf_reg': 4.858197609359358, 'parameters.subsample': 0.6518126392115308, 'parameters.random_strength': 0.20451063355056087, 'parameters.bagging_temperature': 0.19393091153208952}. Best is trial 0 with value: 0.34265128860961136.
[I 2026-04-11 20:35:14,479] Trial 125 finished with value: 0.34265128860961136 and parameters: {'parameters.depth': 6, 'parameters.learning_rate': 0.02428358502451942, 'parameters.l2_leaf_reg': 6.142774057892768, 'parameters.subsample': 0.9353135046680101, 'parameters.random_strength': 0.1391834938595154, 'parameters.bagging_temperature': 0.6619789718418706}. Best is trial 0 with value: 0.34265128860961136.
[I 2026-04-11 20:35:18,222] Trial 126 finished with value: 0.34265128860961136 and parameters: {'parameters.depth': 5, 'parameters.learning_rate': 0.027950095374354965, 'parameters.l2_leaf_reg': 3.495542616293836, 'parameters.subsample': 0.8617476966293139, 'parameters.random_strength': 0.11214198052002478, 'parameters.bagging_temperature': 0.5489690601522096}. Best is trial 0 with value: 0.34265128860961136.
[I 2026-04-11 20:35:21,969] Trial 127 finished with value: 0.34265128860961136 and parameters: {'parameters.depth': 10, 'parameters.learning_rate': 0.009880648847572601, 'parameters.l2_leaf_reg': 2.8229888330686483, 'parameters.subsample': 0.9090805846053623, 'parameters.random_strength': 0.39716681786419694, 'parameters.bagging_temperature': 0.004604637015492237}. Best is trial 0 with value: 0.34265128860961136.
[I 2026-04-11 20:35:25,753] Trial 128 finished with value: 0.34265128860961136 and parameters: {'parameters.depth': 4, 'parameters.learning_rate': 0.0021763527327652173, 'parameters.l2_leaf_reg': 4.062504447820739, 'parameters.subsample': 0.9813487797598138, 'parameters.random_strength': 0.18684429128838576, 'parameters.bagging_temperature': 0.0205923133844559}. Best is trial 0 with value: 0.34265128860961136.
[I 2026-04-11 20:35:29,479] Trial 129 finished with value: 0.34265128860961136 and parameters: {'parameters.depth': 6, 'parameters.learning_rate': 0.0187658440138489, 'parameters.l2_leaf_reg': 5.19110482285734, 'parameters.subsample': 0.8457484284138581, 'parameters.random_strength': 0.33073908018943277, 'parameters.bagging_temperature': 0.0010296450031875035}. Best is trial 0 with value: 0.34265128860961136.
[I 2026-04-11 20:35:33,246] Trial 130 finished with value: 0.34265128860961136 and parameters: {'parameters.depth': 7, 'parameters.learning_rate': 0.029947687248444918, 'parameters.l2_leaf_reg': 3.2033858463674325, 'parameters.subsample': 0.8081651616998003, 'parameters.random_strength': 0.8702130114909258, 'parameters.bagging_temperature': 0.45227940451214227}. Best is trial 0 with value: 0.34265128860961136.
[I 2026-04-11 20:35:37,026] Trial 131 finished with value: 0.34265128860961136 and parameters: {'parameters.depth': 4, 'parameters.learning_rate': 0.01514143228731933, 'parameters.l2_leaf_reg': 2.389406980840767, 'parameters.subsample': 0.7843682573656768, 'parameters.random_strength': 0.15349725152295216, 'parameters.bagging_temperature': 0.015140520293709343}. Best is trial 0 with value: 0.34265128860961136.
[I 2026-04-11 20:35:40,739] Trial 132 finished with value: 0.34265128860961136 and parameters: {'parameters.depth': 5, 'parameters.learning_rate': 0.025873933855617988, 'parameters.l2_leaf_reg': 1.6637974729349698, 'parameters.subsample': 0.8183643656177798, 'parameters.random_strength': 0.1717727586428129, 'parameters.bagging_temperature': 0.006613408435000405}. Best is trial 0 with value: 0.34265128860961136.
[I 2026-04-11 20:35:44,488] Trial 133 finished with value: 0.34265128860961136 and parameters: {'parameters.depth': 5, 'parameters.learning_rate': 0.0034578287649932693, 'parameters.l2_leaf_reg': 2.764954174447818, 'parameters.subsample': 0.7939440426818051, 'parameters.random_strength': 0.342825740172713, 'parameters.bagging_temperature': 0.004218562557684962}. Best is trial 0 with value: 0.34265128860961136.
[I 2026-04-11 20:35:48,252] Trial 134 finished with value: 0.34265128860961136 and parameters: {'parameters.depth': 11, 'parameters.learning_rate': 0.017387772157891265, 'parameters.l2_leaf_reg': 1.8953093380780814, 'parameters.subsample': 0.6657130940812804, 'parameters.random_strength': 0.9353253934935979, 'parameters.bagging_temperature': 0.0034218344511812555}. Best is trial 0 with value: 0.34265128860961136.
[I 2026-04-11 20:35:51,993] Trial 135 finished with value: 0.34265128860961136 and parameters: {'parameters.depth': 8, 'parameters.learning_rate': 0.0029750061176152605, 'parameters.l2_leaf_reg': 1.0848838007775452, 'parameters.subsample': 0.9525007471937089, 'parameters.random_strength': 0.2205213715467704, 'parameters.bagging_temperature': 0.001931653581785369}. Best is trial 0 with value: 0.34265128860961136.
[I 2026-04-11 20:35:55,750] Trial 136 finished with value: 0.34265128860961136 and parameters: {'parameters.depth': 4, 'parameters.learning_rate': 0.004005541505598198, 'parameters.l2_leaf_reg': 2.9294112141357576, 'parameters.subsample': 0.8277695165419514, 'parameters.random_strength': 0.14508295771520596, 'parameters.bagging_temperature': 0.032824335148166274}. Best is trial 0 with value: 0.34265128860961136.
[I 2026-04-11 20:35:59,551] Trial 137 finished with value: 0.34265128860961136 and parameters: {'parameters.depth': 6, 'parameters.learning_rate': 0.01649920924339792, 'parameters.l2_leaf_reg': 5.527734445448664, 'parameters.subsample': 0.7717713046472489, 'parameters.random_strength': 0.12198732388436061, 'parameters.bagging_temperature': 0.005250889048670457}. Best is trial 0 with value: 0.34265128860961136.
[I 2026-04-11 20:36:03,297] Trial 138 finished with value: 0.34265128860961136 and parameters: {'parameters.depth': 5, 'parameters.learning_rate': 0.02086383066392779, 'parameters.l2_leaf_reg': 1.2595581131179647, 'parameters.subsample': 0.8708416463319212, 'parameters.random_strength': 0.2508338300153978, 'parameters.bagging_temperature': 0.0024225936125006333}. Best is trial 0 with value: 0.34265128860961136.
