[I 2026-04-11 20:32:22,733] Trial 79 finished with value: 0.34265128860961136 and parameters: {'parameters.depth': 6, 'parameters.learning_rate': 0.017901763363121225, 'parameters.l2_leaf_reg': 3.6243054316758836, 'parameters.subsample': 0.6991294894865442, 'parameters.random_strength': 0.4177190363497077, 'parameters.bagging_temperature': 0.0012177156804137038}. Best is trial 0 with value: 0.34265128860961136.Best trial: 0. Best value: 0.342651:  40%|███▉      | 79/200 [04:58<07:36,  3.77s/it]Best trial: 0. Best value: 0.342651:  40%|███▉      | 79/200 [04:58<07:36,  3.77s/it]Best trial: 0. Best value: 0.342651:  40%|████      | 80/200 [04:58<07:31,  3.77s/it]                                                                                     Best trial: 0. Best value: 0.342651:  40%|████      | 80/200 [05:02<07:31,  3.77s/it]Best trial: 0. Best value: 0.342651:  40%|████      | 80/200 [05:02<07:31,  3.77s/it]Best trial: 0. Best value: 0.342651:  40%|████      | 81/200 [05:02<07:29,  3.77s/it]                                                                                     Best trial: 0. Best value: 0.342651:  40%|████      | 81/200 [05:06<07:29,  3.77s/it]Best trial: 0. Best value: 0.342651:  40%|████      | 81/200 [05:06<07:29,  3.77s/it]Best trial: 0. Best value: 0.342651:  41%|████      | 82/200 [05:06<07:25,  3.78s/it]                                                                                     Best trial: 0. Best value: 0.342651:  41%|████      | 82/200 [05:10<07:25,  3.78s/it]Best trial: 0. Best value: 0.342651:  41%|████      | 82/200 [05:10<07:25,  3.78s/it]Best trial: 0. Best value: 0.342651:  42%|████▏     | 83/200 [05:10<07:19,  3.75s/it]                                                                                     Best trial: 0. Best value: 0.342651:  42%|████▏     | 83/200 [05:13<07:19,  3.75s/it]Best trial: 0. Best value: 0.342651:  42%|████▏     | 83/200 [05:13<07:19,  3.75s/it]Best trial: 0. Best value: 0.342651:  42%|████▏     | 84/200 [05:13<07:10,  3.71s/it]                                                                                     Best trial: 0. Best value: 0.342651:  42%|████▏     | 84/200 [05:17<07:10,  3.71s/it]Best trial: 0. Best value: 0.342651:  42%|████▏     | 84/200 [05:17<07:10,  3.71s/it]Best trial: 0. Best value: 0.342651:  42%|████▎     | 85/200 [05:17<07:06,  3.71s/it]                                                                                     Best trial: 0. Best value: 0.342651:  42%|████▎     | 85/200 [05:21<07:06,  3.71s/it]Best trial: 0. Best value: 0.342651:  42%|████▎     | 85/200 [05:21<07:06,  3.71s/it]Best trial: 0. Best value: 0.342651:  43%|████▎     | 86/200 [05:21<07:04,  3.73s/it]                                                                                     Best trial: 0. Best value: 0.342651:  43%|████▎     | 86/200 [05:25<07:04,  3.73s/it]Best trial: 0. Best value: 0.342651:  43%|████▎     | 86/200 [05:25<07:04,  3.73s/it]Best trial: 0. Best value: 0.342651:  44%|████▎     | 87/200 [05:25<07:02,  3.74s/it]                                                                                     Best trial: 0. Best value: 0.342651:  44%|████▎     | 87/200 [05:28<07:02,  3.74s/it]Best trial: 0. Best value: 0.342651:  44%|████▎     | 87/200 [05:28<07:02,  3.74s/it]Best trial: 0. Best value: 0.342651:  44%|████▍     | 88/200 [05:28<06:57,  3.73s/it]                                                                                     Best trial: 0. Best value: 0.342651:  44%|████▍     | 88/200 [05:32<06:57,  3.73s/it]Best trial: 0. Best value: 0.342651:  44%|████▍     | 88/200 [05:32<06:57,  3.73s/it]Best trial: 0. Best value: 0.342651:  44%|████▍     | 89/200 [05:32<06:52,  3.71s/it]                                                                                     Best trial: 0. Best value: 0.342651:  44%|████▍     | 89/200 [05:36<06:52,  3.71s/it]Best trial: 0. Best value: 0.342651:  44%|████▍     | 89/200 [05:36<06:52,  3.71s/it]Best trial: 0. Best value: 0.342651:  45%|████▌     | 90/200 [05:36<06:51,  3.74s/it]                                                                                     Best trial: 0. Best value: 0.342651:  45%|████▌     | 90/200 [05:39<06:51,  3.74s/it]Best trial: 0. Best value: 0.342651:  45%|████▌     | 90/200 [05:39<06:51,  3.74s/it]Best trial: 0. Best value: 0.342651:  46%|████▌     | 91/200 [05:39<06:48,  3.75s/it]                                                                                     Best trial: 0. Best value: 0.342651:  46%|████▌     | 91/200 [05:43<06:48,  3.75s/it]Best trial: 0. Best value: 0.342651:  46%|████▌     | 91/200 [05:43<06:48,  3.75s/it]Best trial: 0. Best value: 0.342651:  46%|████▌     | 92/200 [05:43<06:45,  3.75s/it]                                                                                     Best trial: 0. Best value: 0.342651:  46%|████▌     | 92/200 [05:47<06:45,  3.75s/it]Best trial: 0. Best value: 0.342651:  46%|████▌     | 92/200 [05:47<06:45,  3.75s/it]Best trial: 0. Best value: 0.342651:  46%|████▋     | 93/200 [05:47<06:41,  3.75s/it]                                                                                     Best trial: 0. Best value: 0.342651:  46%|████▋     | 93/200 [05:51<06:41,  3.75s/it]Best trial: 0. Best value: 0.342651:  46%|████▋     | 93/200 [05:51<06:41,  3.75s/it]Best trial: 0. Best value: 0.342651:  47%|████▋     | 94/200 [05:51<06:36,  3.74s/it]                                                                                     Best trial: 0. Best value: 0.342651:  47%|████▋     | 94/200 [05:54<06:36,  3.74s/it]Best trial: 0. Best value: 0.342651:  47%|████▋     | 94/200 [05:54<06:36,  3.74s/it]Best trial: 0. Best value: 0.342651:  48%|████▊     | 95/200 [05:54<06:33,  3.74s/it]                                                                                     Best trial: 0. Best value: 0.342651:  48%|████▊     | 95/200 [05:58<06:33,  3.74s/it]Best trial: 0. Best value: 0.342651:  48%|████▊     | 95/200 [05:58<06:33,  3.74s/it]Best trial: 0. Best value: 0.342651:  48%|████▊     | 96/200 [05:58<06:29,  3.75s/it]                                                                                     Best trial: 0. Best value: 0.342651:  48%|████▊     | 96/200 [06:02<06:29,  3.75s/it]Best trial: 0. Best value: 0.342651:  48%|████▊     | 96/200 [06:02<06:29,  3.75s/it]Best trial: 0. Best value: 0.342651:  48%|████▊     | 97/200 [06:02<06:26,  3.76s/it]                                                                                     Best trial: 0. Best value: 0.342651:  48%|████▊     | 97/200 [06:06<06:26,  3.76s/it]Best trial: 0. Best value: 0.342651:  48%|████▊     | 97/200 [06:06<06:26,  3.76s/it]Best trial: 0. Best value: 0.342651:  49%|████▉     | 98/200 [06:06<06:23,  3.76s/it]                                                                                     Best trial: 0. Best value: 0.342651:  49%|████▉     | 98/200 [06:09<06:23,  3.76s/it]Best trial: 0. Best value: 0.342651:  49%|████▉     | 98/200 [06:09<06:23,  3.76s/it]Best trial: 0. Best value: 0.342651:  50%|████▉     | 99/200 [06:09<06:18,  3.75s/it]                                                                                     
[I 2026-04-11 20:32:26,528] Trial 80 finished with value: 0.34265128860961136 and parameters: {'parameters.depth': 4, 'parameters.learning_rate': 0.013961184146803049, 'parameters.l2_leaf_reg': 4.548726053261354, 'parameters.subsample': 0.7200740921836197, 'parameters.random_strength': 0.16720013758242697, 'parameters.bagging_temperature': 0.07967831598134766}. Best is trial 0 with value: 0.34265128860961136.
[I 2026-04-11 20:32:30,307] Trial 81 finished with value: 0.34265128860961136 and parameters: {'parameters.depth': 7, 'parameters.learning_rate': 0.00339391803868985, 'parameters.l2_leaf_reg': 2.6744989408181237, 'parameters.subsample': 0.9152552777755791, 'parameters.random_strength': 0.8467969559071913, 'parameters.bagging_temperature': 0.40033493302933226}. Best is trial 0 with value: 0.34265128860961136.
[I 2026-04-11 20:32:34,009] Trial 82 finished with value: 0.34265128860961136 and parameters: {'parameters.depth': 9, 'parameters.learning_rate': 0.003058443919267837, 'parameters.l2_leaf_reg': 8.747356693390598, 'parameters.subsample': 0.8822526348311481, 'parameters.random_strength': 0.9193726118752205, 'parameters.bagging_temperature': 0.5332724017204008}. Best is trial 0 with value: 0.34265128860961136.
[I 2026-04-11 20:32:37,621] Trial 83 finished with value: 0.34265128860961136 and parameters: {'parameters.depth': 7, 'parameters.learning_rate': 0.0233267515491839, 'parameters.l2_leaf_reg': 5.393772758322327, 'parameters.subsample': 0.8509918225160576, 'parameters.random_strength': 0.10020895032391422, 'parameters.bagging_temperature': 0.4895695065542987}. Best is trial 0 with value: 0.34265128860961136.
[I 2026-04-11 20:32:41,320] Trial 84 finished with value: 0.34265128860961136 and parameters: {'parameters.depth': 8, 'parameters.learning_rate': 0.0026096061726375605, 'parameters.l2_leaf_reg': 3.094732754909878, 'parameters.subsample': 0.827042174103513, 'parameters.random_strength': 0.8592489968494922, 'parameters.bagging_temperature': 0.7022667554905689}. Best is trial 0 with value: 0.34265128860961136.
[I 2026-04-11 20:32:45,086] Trial 85 finished with value: 0.34265128860961136 and parameters: {'parameters.depth': 9, 'parameters.learning_rate': 0.0029237956800161643, 'parameters.l2_leaf_reg': 6.62471627579392, 'parameters.subsample': 0.8635971678912107, 'parameters.random_strength': 0.18061218827323616, 'parameters.bagging_temperature': 0.9753367809530109}. Best is trial 0 with value: 0.34265128860961136.
[I 2026-04-11 20:32:48,867] Trial 86 finished with value: 0.34265128860961136 and parameters: {'parameters.depth': 10, 'parameters.learning_rate': 0.003599517512618689, 'parameters.l2_leaf_reg': 1.9685969227038513, 'parameters.subsample': 0.9057424553419035, 'parameters.random_strength': 0.25003977085981566, 'parameters.bagging_temperature': 0.3353046782057551}. Best is trial 0 with value: 0.34265128860961136.
[I 2026-04-11 20:32:52,557] Trial 87 finished with value: 0.34265128860961136 and parameters: {'parameters.depth': 7, 'parameters.learning_rate': 0.0031948125521732837, 'parameters.l2_leaf_reg': 3.2943060685105654, 'parameters.subsample': 0.8131428496011093, 'parameters.random_strength': 0.7112847698610396, 'parameters.bagging_temperature': 0.05922390333002591}. Best is trial 0 with value: 0.34265128860961136.
[I 2026-04-11 20:32:56,243] Trial 88 finished with value: 0.34265128860961136 and parameters: {'parameters.depth': 8, 'parameters.learning_rate': 0.021526010701244064, 'parameters.l2_leaf_reg': 9.912816850994556, 'parameters.subsample': 0.6854353710165765, 'parameters.random_strength': 0.15691047978550285, 'parameters.bagging_temperature': 0.6162642952781463}. Best is trial 0 with value: 0.34265128860961136.
[I 2026-04-11 20:33:00,059] Trial 89 finished with value: 0.34265128860961136 and parameters: {'parameters.depth': 5, 'parameters.learning_rate': 0.028411027595685666, 'parameters.l2_leaf_reg': 4.773742342031782, 'parameters.subsample': 0.8429556439409569, 'parameters.random_strength': 0.627051532483662, 'parameters.bagging_temperature': 0.22356366287262142}. Best is trial 0 with value: 0.34265128860961136.
[I 2026-04-11 20:33:03,820] Trial 90 finished with value: 0.34265128860961136 and parameters: {'parameters.depth': 12, 'parameters.learning_rate': 0.025525755978373275, 'parameters.l2_leaf_reg': 5.723464660270264, 'parameters.subsample': 0.7904072696201725, 'parameters.random_strength': 0.2833799384456566, 'parameters.bagging_temperature': 0.0026934783452166352}. Best is trial 0 with value: 0.34265128860961136.
[I 2026-04-11 20:33:07,573] Trial 91 finished with value: 0.34265128860961136 and parameters: {'parameters.depth': 9, 'parameters.learning_rate': 0.02427532590593847, 'parameters.l2_leaf_reg': 1.2170068967979175, 'parameters.subsample': 0.6500238676898585, 'parameters.random_strength': 0.11289884716377657, 'parameters.bagging_temperature': 0.037086113247538806}. Best is trial 0 with value: 0.34265128860961136.
[I 2026-04-11 20:33:11,315] Trial 92 finished with value: 0.34265128860961136 and parameters: {'parameters.depth': 11, 'parameters.learning_rate': 0.026992409267731082, 'parameters.l2_leaf_reg': 1.0439075849912633, 'parameters.subsample': 0.6683489692794006, 'parameters.random_strength': 0.14598571888675024, 'parameters.bagging_temperature': 0.007137675526412129}. Best is trial 0 with value: 0.34265128860961136.
[I 2026-04-11 20:33:15,035] Trial 93 finished with value: 0.34265128860961136 and parameters: {'parameters.depth': 8, 'parameters.learning_rate': 0.021191937353039012, 'parameters.l2_leaf_reg': 1.3175826035959424, 'parameters.subsample': 0.6131488510888258, 'parameters.random_strength': 0.11847802273004288, 'parameters.bagging_temperature': 0.0036729887843345776}. Best is trial 0 with value: 0.34265128860961136.
[I 2026-04-11 20:33:18,791] Trial 94 finished with value: 0.34265128860961136 and parameters: {'parameters.depth': 9, 'parameters.learning_rate': 0.02020832254705016, 'parameters.l2_leaf_reg': 1.4290427442873073, 'parameters.subsample': 0.936163777267068, 'parameters.random_strength': 0.12577217863713516, 'parameters.bagging_temperature': 0.8046928221687704}. Best is trial 0 with value: 0.34265128860961136.
[I 2026-04-11 20:33:22,548] Trial 95 finished with value: 0.34265128860961136 and parameters: {'parameters.depth': 10, 'parameters.learning_rate': 0.018454213584279226, 'parameters.l2_leaf_reg': 1.5536565968220337, 'parameters.subsample': 0.6346874712663113, 'parameters.random_strength': 0.10462086347589088, 'parameters.bagging_temperature': 0.02666494379731538}. Best is trial 0 with value: 0.34265128860961136.
[I 2026-04-11 20:33:26,325] Trial 96 finished with value: 0.34265128860961136 and parameters: {'parameters.depth': 8, 'parameters.learning_rate': 0.017325000820665067, 'parameters.l2_leaf_reg': 4.278337130824237, 'parameters.subsample': 0.8081542967504677, 'parameters.random_strength': 0.10650184825629706, 'parameters.bagging_temperature': 0.010636753593418776}. Best is trial 0 with value: 0.34265128860961136.
[I 2026-04-11 20:33:30,076] Trial 97 finished with value: 0.34265128860961136 and parameters: {'parameters.depth': 7, 'parameters.learning_rate': 0.022716798821001225, 'parameters.l2_leaf_reg': 1.6863260137462501, 'parameters.subsample': 0.7491759507151386, 'parameters.random_strength': 0.9133460098205586, 'parameters.bagging_temperature': 0.0017318034764537778}. Best is trial 0 with value: 0.34265128860961136.
[I 2026-04-11 20:33:33,802] Trial 98 finished with value: 0.34265128860961136 and parameters: {'parameters.depth': 10, 'parameters.learning_rate': 0.014919921624426145, 'parameters.l2_leaf_reg': 2.930980427866248, 'parameters.subsample': 0.6607962061338408, 'parameters.random_strength': 0.2273318172990869, 'parameters.bagging_temperature': 0.017823325789063496}. Best is trial 0 with value: 0.34265128860961136.
