[I 2026-04-12 04:48:18,890] Trial 146 finished with value: 0.333257518512638 and parameters: {'parameters.history_length': 111, 'parameters.num_layers': 9, 'parameters.units': 362, 'parameters.dropout': 0.22914040149107845, 'parameters.batch_size': 249, 'parameters.learning_rate': 0.0014316210421200474, 'parameters.weight_decay': 0.00043360495120764296}. Best is trial 0 with value: 0.333257518512638.Best trial: 0. Best value: 0.333258:  73%|███████▎  | 146/200 [7:09:59<2:37:23, 174.88s/it]Best trial: 0. Best value: 0.333258:  73%|███████▎  | 146/200 [7:09:59<2:37:23, 174.88s/it]Best trial: 0. Best value: 0.333258:  74%|███████▎  | 147/200 [7:09:59<2:34:29, 174.89s/it]                                                                                           Best trial: 0. Best value: 0.333258:  74%|███████▎  | 147/200 [7:12:54<2:34:29, 174.89s/it]Best trial: 0. Best value: 0.333258:  74%|███████▎  | 147/200 [7:12:54<2:34:29, 174.89s/it]Best trial: 0. Best value: 0.333258:  74%|███████▍  | 148/200 [7:12:54<2:31:33, 174.88s/it]                                                                                           Best trial: 0. Best value: 0.333258:  74%|███████▍  | 148/200 [7:15:49<2:31:33, 174.88s/it]Best trial: 0. Best value: 0.333258:  74%|███████▍  | 148/200 [7:15:49<2:31:33, 174.88s/it]Best trial: 0. Best value: 0.333258:  74%|███████▍  | 149/200 [7:15:49<2:28:38, 174.87s/it]                                                                                           Best trial: 0. Best value: 0.333258:  74%|███████▍  | 149/200 [7:18:43<2:28:38, 174.87s/it]Best trial: 0. Best value: 0.333258:  74%|███████▍  | 149/200 [7:18:43<2:28:38, 174.87s/it]Best trial: 0. Best value: 0.333258:  75%|███████▌  | 150/200 [7:18:43<2:25:42, 174.84s/it]                                                                                           Best trial: 0. Best value: 0.333258:  75%|███████▌  | 150/200 [7:21:38<2:25:42, 174.84s/it]Best trial: 0. Best value: 0.333258:  75%|███████▌  | 150/200 [7:21:38<2:25:42, 174.84s/it]Best trial: 0. Best value: 0.333258:  76%|███████▌  | 151/200 [7:21:38<2:22:48, 174.86s/it]                                                                                           Best trial: 0. Best value: 0.333258:  76%|███████▌  | 151/200 [7:24:33<2:22:48, 174.86s/it]Best trial: 0. Best value: 0.333258:  76%|███████▌  | 151/200 [7:24:33<2:22:48, 174.86s/it]Best trial: 0. Best value: 0.333258:  76%|███████▌  | 152/200 [7:24:33<2:19:52, 174.84s/it]                                                                                           Best trial: 0. Best value: 0.333258:  76%|███████▌  | 152/200 [7:27:28<2:19:52, 174.84s/it]Best trial: 0. Best value: 0.333258:  76%|███████▌  | 152/200 [7:27:28<2:19:52, 174.84s/it]Best trial: 0. Best value: 0.333258:  76%|███████▋  | 153/200 [7:27:28<2:16:57, 174.83s/it]                                                                                           Best trial: 0. Best value: 0.333258:  76%|███████▋  | 153/200 [7:30:23<2:16:57, 174.83s/it]Best trial: 0. Best value: 0.333258:  76%|███████▋  | 153/200 [7:30:23<2:16:57, 174.83s/it]Best trial: 0. Best value: 0.333258:  77%|███████▋  | 154/200 [7:30:23<2:14:03, 174.86s/it]                                                                                           Best trial: 0. Best value: 0.333258:  77%|███████▋  | 154/200 [7:33:18<2:14:03, 174.86s/it]Best trial: 0. Best value: 0.333258:  77%|███████▋  | 154/200 [7:33:18<2:14:03, 174.86s/it]Best trial: 0. Best value: 0.333258:  78%|███████▊  | 155/200 [7:33:18<2:11:09, 174.87s/it]                                                                                           Best trial: 0. Best value: 0.333258:  78%|███████▊  | 155/200 [7:36:13<2:11:09, 174.87s/it]Best trial: 0. Best value: 0.333258:  78%|███████▊  | 155/200 [7:36:13<2:11:09, 174.87s/it]Best trial: 0. Best value: 0.333258:  78%|███████▊  | 156/200 [7:36:13<2:08:13, 174.84s/it]                                                                                           Best trial: 0. Best value: 0.333258:  78%|███████▊  | 156/200 [7:39:07<2:08:13, 174.84s/it]Best trial: 0. Best value: 0.333258:  78%|███████▊  | 156/200 [7:39:07<2:08:13, 174.84s/it]Best trial: 0. Best value: 0.333258:  78%|███████▊  | 157/200 [7:39:07<2:05:18, 174.85s/it]                                                                                           Best trial: 0. Best value: 0.333258:  78%|███████▊  | 157/200 [7:42:02<2:05:18, 174.85s/it]Best trial: 0. Best value: 0.333258:  78%|███████▊  | 157/200 [7:42:02<2:05:18, 174.85s/it]Best trial: 0. Best value: 0.333258:  79%|███████▉  | 158/200 [7:42:02<2:02:25, 174.89s/it]                                                                                           Best trial: 0. Best value: 0.333258:  79%|███████▉  | 158/200 [7:44:57<2:02:25, 174.89s/it]Best trial: 0. Best value: 0.333258:  79%|███████▉  | 158/200 [7:44:57<2:02:25, 174.89s/it]Best trial: 0. Best value: 0.333258:  80%|███████▉  | 159/200 [7:44:57<1:59:29, 174.88s/it]                                                                                           Best trial: 0. Best value: 0.333258:  80%|███████▉  | 159/200 [7:47:52<1:59:29, 174.88s/it]Best trial: 0. Best value: 0.333258:  80%|███████▉  | 159/200 [7:47:52<1:59:29, 174.88s/it]Best trial: 0. Best value: 0.333258:  80%|████████  | 160/200 [7:47:52<1:56:35, 174.89s/it]                                                                                           Best trial: 0. Best value: 0.333258:  80%|████████  | 160/200 [7:50:47<1:56:35, 174.89s/it]Best trial: 0. Best value: 0.333258:  80%|████████  | 160/200 [7:50:47<1:56:35, 174.89s/it]Best trial: 0. Best value: 0.333258:  80%|████████  | 161/200 [7:50:47<1:53:39, 174.86s/it]                                                                                           Best trial: 0. Best value: 0.333258:  80%|████████  | 161/200 [7:53:42<1:53:39, 174.86s/it]Best trial: 0. Best value: 0.333258:  80%|████████  | 161/200 [7:53:42<1:53:39, 174.86s/it]Best trial: 0. Best value: 0.333258:  81%|████████  | 162/200 [7:53:42<1:50:45, 174.87s/it]                                                                                           Best trial: 0. Best value: 0.333258:  81%|████████  | 162/200 [7:56:37<1:50:45, 174.87s/it]Best trial: 0. Best value: 0.333258:  81%|████████  | 162/200 [7:56:37<1:50:45, 174.87s/it]Best trial: 0. Best value: 0.333258:  82%|████████▏ | 163/200 [7:56:37<1:47:50, 174.88s/it]                                                                                           Best trial: 0. Best value: 0.333258:  82%|████████▏ | 163/200 [7:59:32<1:47:50, 174.88s/it]Best trial: 0. Best value: 0.333258:  82%|████████▏ | 163/200 [7:59:32<1:47:50, 174.88s/it]Best trial: 0. Best value: 0.333258:  82%|████████▏ | 164/200 [7:59:32<1:44:55, 174.87s/it]                                                                                           Best trial: 0. Best value: 0.333258:  82%|████████▏ | 164/200 [8:02:26<1:44:55, 174.87s/it]Best trial: 0. Best value: 0.333258:  82%|████████▏ | 164/200 [8:02:26<1:44:55, 174.87s/it]Best trial: 0. Best value: 0.333258:  82%|████████▎ | 165/200 [8:02:26<1:42:00, 174.88s/it]                                                                                           Best trial: 0. Best value: 0.333258:  82%|████████▎ | 165/200 [8:05:21<1:42:00, 174.88s/it]Best trial: 0. Best value: 0.333258:  82%|████████▎ | 165/200 [8:05:21<1:42:00, 174.88s/it]Best trial: 0. Best value: 0.333258:  83%|████████▎ | 166/200 [8:05:21<1:39:05, 174.87s/it]                                                                                           Best trial: 0. Best value: 0.333258:  83%|████████▎ | 166/200 [8:08:16<1:39:05, 174.87s/it]Best trial: 0. Best value: 0.333258:  83%|████████▎ | 166/200 [8:08:16<1:39:05, 174.87s/it]Best trial: 0. Best value: 0.333258:  84%|████████▎ | 167/200 [8:08:16<1:36:11, 174.88s/it]                                                                                           
[I 2026-04-12 04:51:13,754] Trial 147 finished with value: 0.333257518512638 and parameters: {'parameters.history_length': 49, 'parameters.num_layers': 4, 'parameters.units': 312, 'parameters.dropout': 0.2658636031100968, 'parameters.batch_size': 139, 'parameters.learning_rate': 0.0006704625442382878, 'parameters.weight_decay': 0.0019532450927039645}. Best is trial 0 with value: 0.333257518512638.
[I 2026-04-12 04:54:08,584] Trial 148 finished with value: 0.333257518512638 and parameters: {'parameters.history_length': 105, 'parameters.num_layers': 7, 'parameters.units': 213, 'parameters.dropout': 0.39684199588309443, 'parameters.batch_size': 259, 'parameters.learning_rate': 0.001234868908969475, 'parameters.weight_decay': 0.0002759414293135593}. Best is trial 0 with value: 0.333257518512638.
[I 2026-04-12 04:57:03,370] Trial 149 finished with value: 0.333257518512638 and parameters: {'parameters.history_length': 64, 'parameters.num_layers': 8, 'parameters.units': 72, 'parameters.dropout': 0.23866163015065575, 'parameters.batch_size': 235, 'parameters.learning_rate': 0.0008337144320613153, 'parameters.weight_decay': 0.00024403062207633416}. Best is trial 0 with value: 0.333257518512638.
[I 2026-04-12 04:59:58,262] Trial 150 finished with value: 0.333257518512638 and parameters: {'parameters.history_length': 117, 'parameters.num_layers': 10, 'parameters.units': 297, 'parameters.dropout': 0.20006631633644964, 'parameters.batch_size': 119, 'parameters.learning_rate': 0.0002581566882007914, 'parameters.weight_decay': 0.0037907385000420005}. Best is trial 0 with value: 0.333257518512638.
[I 2026-04-12 05:02:53,065] Trial 151 finished with value: 0.333257518512638 and parameters: {'parameters.history_length': 160, 'parameters.num_layers': 6, 'parameters.units': 280, 'parameters.dropout': 0.4208854073151992, 'parameters.batch_size': 367, 'parameters.learning_rate': 0.0005176624881835734, 'parameters.weight_decay': 0.0005309836659435477}. Best is trial 0 with value: 0.333257518512638.
[I 2026-04-12 05:05:47,886] Trial 152 finished with value: 0.333257518512638 and parameters: {'parameters.history_length': 153, 'parameters.num_layers': 5, 'parameters.units': 290, 'parameters.dropout': 0.40241254650461944, 'parameters.batch_size': 378, 'parameters.learning_rate': 0.0004211136674555893, 'parameters.weight_decay': 0.0003443835209867483}. Best is trial 0 with value: 0.333257518512638.
[I 2026-04-12 05:08:42,811] Trial 153 finished with value: 0.333257518512638 and parameters: {'parameters.history_length': 156, 'parameters.num_layers': 6, 'parameters.units': 244, 'parameters.dropout': 0.45722095987555167, 'parameters.batch_size': 312, 'parameters.learning_rate': 0.0006069094696794582, 'parameters.weight_decay': 0.0006322767440160578}. Best is trial 0 with value: 0.333257518512638.
[I 2026-04-12 05:11:37,704] Trial 154 finished with value: 0.333257518512638 and parameters: {'parameters.history_length': 80, 'parameters.num_layers': 7, 'parameters.units': 175, 'parameters.dropout': 0.2588569805600612, 'parameters.batch_size': 340, 'parameters.learning_rate': 0.0007330834401073071, 'parameters.weight_decay': 0.0011376358383012911}. Best is trial 0 with value: 0.333257518512638.
[I 2026-04-12 05:14:32,475] Trial 155 finished with value: 0.333257518512638 and parameters: {'parameters.history_length': 126, 'parameters.num_layers': 4, 'parameters.units': 86, 'parameters.dropout': 0.4640730569991868, 'parameters.batch_size': 373, 'parameters.learning_rate': 0.00136227727449467, 'parameters.weight_decay': 0.007190683037862655}. Best is trial 0 with value: 0.333257518512638.
[I 2026-04-12 05:17:27,337] Trial 156 finished with value: 0.333257518512638 and parameters: {'parameters.history_length': 150, 'parameters.num_layers': 6, 'parameters.units': 267, 'parameters.dropout': 0.4272077041260549, 'parameters.batch_size': 359, 'parameters.learning_rate': 0.0003849726038556496, 'parameters.weight_decay': 0.0007920513215783655}. Best is trial 0 with value: 0.333257518512638.
[I 2026-04-12 05:20:22,316] Trial 157 finished with value: 0.333257518512638 and parameters: {'parameters.history_length': 158, 'parameters.num_layers': 10, 'parameters.units': 307, 'parameters.dropout': 0.48760290019685737, 'parameters.batch_size': 206, 'parameters.learning_rate': 0.0015872084904863149, 'parameters.weight_decay': 0.0015434587406415237}. Best is trial 0 with value: 0.333257518512638.
[I 2026-04-12 05:23:17,172] Trial 158 finished with value: 0.333257518512638 and parameters: {'parameters.history_length': 56, 'parameters.num_layers': 2, 'parameters.units': 335, 'parameters.dropout': 0.47977796215511737, 'parameters.batch_size': 190, 'parameters.learning_rate': 0.00043846814087600115, 'parameters.weight_decay': 0.0027077776721907694}. Best is trial 0 with value: 0.333257518512638.
[I 2026-04-12 05:26:12,104] Trial 159 finished with value: 0.333257518512638 and parameters: {'parameters.history_length': 38, 'parameters.num_layers': 5, 'parameters.units': 124, 'parameters.dropout': 0.4380386628566668, 'parameters.batch_size': 148, 'parameters.learning_rate': 0.00047798987396108455, 'parameters.weight_decay': 0.0008639487492033932}. Best is trial 0 with value: 0.333257518512638.
[I 2026-04-12 05:29:06,894] Trial 160 finished with value: 0.333257518512638 and parameters: {'parameters.history_length': 61, 'parameters.num_layers': 8, 'parameters.units': 256, 'parameters.dropout': 0.4946905134330742, 'parameters.batch_size': 65, 'parameters.learning_rate': 0.0017402643178043022, 'parameters.weight_decay': 0.00020132562958676353}. Best is trial 0 with value: 0.333257518512638.
[I 2026-04-12 05:32:01,787] Trial 161 finished with value: 0.333257518512638 and parameters: {'parameters.history_length': 79, 'parameters.num_layers': 7, 'parameters.units': 201, 'parameters.dropout': 0.2463812033504175, 'parameters.batch_size': 177, 'parameters.learning_rate': 0.0002262866705221794, 'parameters.weight_decay': 0.00017614360781943934}. Best is trial 0 with value: 0.333257518512638.
[I 2026-04-12 05:34:56,698] Trial 162 finished with value: 0.333257518512638 and parameters: {'parameters.history_length': 91, 'parameters.num_layers': 7, 'parameters.units': 235, 'parameters.dropout': 0.20822947713762222, 'parameters.batch_size': 256, 'parameters.learning_rate': 0.0002111418926900083, 'parameters.weight_decay': 0.00013934977795906567}. Best is trial 0 with value: 0.333257518512638.
[I 2026-04-12 05:37:51,534] Trial 163 finished with value: 0.333257518512638 and parameters: {'parameters.history_length': 77, 'parameters.num_layers': 7, 'parameters.units': 163, 'parameters.dropout': 0.3704879881356403, 'parameters.batch_size': 265, 'parameters.learning_rate': 0.00020476362394466542, 'parameters.weight_decay': 0.00010935235308724406}. Best is trial 0 with value: 0.333257518512638.
[I 2026-04-12 05:40:46,429] Trial 164 finished with value: 0.333257518512638 and parameters: {'parameters.history_length': 99, 'parameters.num_layers': 3, 'parameters.units': 230, 'parameters.dropout': 0.2239611989704633, 'parameters.batch_size': 243, 'parameters.learning_rate': 0.0002504765353590736, 'parameters.weight_decay': 0.00022282723136820965}. Best is trial 0 with value: 0.333257518512638.
[I 2026-04-12 05:43:41,269] Trial 165 finished with value: 0.333257518512638 and parameters: {'parameters.history_length': 83, 'parameters.num_layers': 6, 'parameters.units': 187, 'parameters.dropout': 0.2571494685577942, 'parameters.batch_size': 332, 'parameters.learning_rate': 0.00032777899654079257, 'parameters.weight_decay': 0.0001524036410438679}. Best is trial 0 with value: 0.333257518512638.
[I 2026-04-12 05:46:36,187] Trial 166 finished with value: 0.333257518512638 and parameters: {'parameters.history_length': 72, 'parameters.num_layers': 4, 'parameters.units': 304, 'parameters.dropout': 0.3116085998515852, 'parameters.batch_size': 78, 'parameters.learning_rate': 0.00023440742319132644, 'parameters.weight_decay': 0.006418656206054363}. Best is trial 0 with value: 0.333257518512638.
