[I 2026-04-11 20:55:22,963] Trial 132 finished with value: 0.3258046106584057 and parameters: {'parameters.max_depth': 12, 'parameters.learning_rate': 0.008478605937427827, 'parameters.subsample': 0.8684252367492515, 'parameters.colsample_bytree': 0.7603751354948953, 'parameters.gamma': 1.2782363010258293, 'parameters.reg_lambda': 3.1995647896182855, 'parameters.min_child_weight': 3}. Best is trial 0 with value: 0.3258046106584057.Best trial: 0. Best value: 0.325805:  66%|██████▌   | 132/200 [07:01<03:34,  3.15s/it]Best trial: 0. Best value: 0.325805:  66%|██████▌   | 132/200 [07:01<03:34,  3.15s/it]Best trial: 0. Best value: 0.325805:  66%|██████▋   | 133/200 [07:01<03:31,  3.15s/it]                                                                                      Best trial: 0. Best value: 0.325805:  66%|██████▋   | 133/200 [07:04<03:31,  3.15s/it]Best trial: 0. Best value: 0.325805:  66%|██████▋   | 133/200 [07:04<03:31,  3.15s/it]Best trial: 0. Best value: 0.325805:  67%|██████▋   | 134/200 [07:04<03:29,  3.17s/it]                                                                                      Best trial: 0. Best value: 0.325805:  67%|██████▋   | 134/200 [07:07<03:29,  3.17s/it]Best trial: 0. Best value: 0.325805:  67%|██████▋   | 134/200 [07:07<03:29,  3.17s/it]Best trial: 0. Best value: 0.325805:  68%|██████▊   | 135/200 [07:07<03:27,  3.19s/it]                                                                                      Best trial: 0. Best value: 0.325805:  68%|██████▊   | 135/200 [07:10<03:27,  3.19s/it]Best trial: 0. Best value: 0.325805:  68%|██████▊   | 135/200 [07:10<03:27,  3.19s/it]Best trial: 0. Best value: 0.325805:  68%|██████▊   | 136/200 [07:10<03:23,  3.18s/it]                                                                                      Best trial: 0. Best value: 0.325805:  68%|██████▊   | 136/200 [07:14<03:23,  3.18s/it]Best trial: 0. Best value: 0.325805:  68%|██████▊   | 136/200 [07:14<03:23,  3.18s/it]Best trial: 0. Best value: 0.325805:  68%|██████▊   | 137/200 [07:14<03:21,  3.19s/it]                                                                                      Best trial: 0. Best value: 0.325805:  68%|██████▊   | 137/200 [07:17<03:21,  3.19s/it]Best trial: 0. Best value: 0.325805:  68%|██████▊   | 137/200 [07:17<03:21,  3.19s/it]Best trial: 0. Best value: 0.325805:  69%|██████▉   | 138/200 [07:17<03:19,  3.21s/it]                                                                                      Best trial: 0. Best value: 0.325805:  69%|██████▉   | 138/200 [07:20<03:19,  3.21s/it]Best trial: 0. Best value: 0.325805:  69%|██████▉   | 138/200 [07:20<03:19,  3.21s/it]Best trial: 0. Best value: 0.325805:  70%|██████▉   | 139/200 [07:20<03:14,  3.19s/it]                                                                                      Best trial: 0. Best value: 0.325805:  70%|██████▉   | 139/200 [07:23<03:14,  3.19s/it]Best trial: 0. Best value: 0.325805:  70%|██████▉   | 139/200 [07:23<03:14,  3.19s/it]Best trial: 0. Best value: 0.325805:  70%|███████   | 140/200 [07:23<03:14,  3.24s/it]                                                                                      Best trial: 0. Best value: 0.325805:  70%|███████   | 140/200 [07:27<03:14,  3.24s/it]Best trial: 0. Best value: 0.325805:  70%|███████   | 140/200 [07:27<03:14,  3.24s/it]Best trial: 0. Best value: 0.325805:  70%|███████   | 141/200 [07:27<03:09,  3.22s/it]                                                                                      Best trial: 0. Best value: 0.325805:  70%|███████   | 141/200 [07:30<03:09,  3.22s/it]Best trial: 0. Best value: 0.325805:  70%|███████   | 141/200 [07:30<03:09,  3.22s/it]Best trial: 0. Best value: 0.325805:  71%|███████   | 142/200 [07:30<03:05,  3.20s/it]                                                                                      Best trial: 0. Best value: 0.325805:  71%|███████   | 142/200 [07:33<03:05,  3.20s/it]Best trial: 0. Best value: 0.325805:  71%|███████   | 142/200 [07:33<03:05,  3.20s/it]Best trial: 0. Best value: 0.325805:  72%|███████▏  | 143/200 [07:33<03:01,  3.19s/it]                                                                                      Best trial: 0. Best value: 0.325805:  72%|███████▏  | 143/200 [07:36<03:01,  3.19s/it]Best trial: 0. Best value: 0.325805:  72%|███████▏  | 143/200 [07:36<03:01,  3.19s/it]Best trial: 0. Best value: 0.325805:  72%|███████▏  | 144/200 [07:36<02:58,  3.18s/it]                                                                                      Best trial: 0. Best value: 0.325805:  72%|███████▏  | 144/200 [07:39<02:58,  3.18s/it]Best trial: 0. Best value: 0.325805:  72%|███████▏  | 144/200 [07:39<02:58,  3.18s/it]Best trial: 0. Best value: 0.325805:  72%|███████▎  | 145/200 [07:39<02:56,  3.21s/it]                                                                                      Best trial: 0. Best value: 0.325805:  72%|███████▎  | 145/200 [07:42<02:56,  3.21s/it]Best trial: 0. Best value: 0.325805:  72%|███████▎  | 145/200 [07:42<02:56,  3.21s/it]Best trial: 0. Best value: 0.325805:  73%|███████▎  | 146/200 [07:42<02:52,  3.19s/it]                                                                                      Best trial: 0. Best value: 0.325805:  73%|███████▎  | 146/200 [07:46<02:52,  3.19s/it]Best trial: 0. Best value: 0.325805:  73%|███████▎  | 146/200 [07:46<02:52,  3.19s/it]Best trial: 0. Best value: 0.325805:  74%|███████▎  | 147/200 [07:46<02:49,  3.19s/it]                                                                                      Best trial: 0. Best value: 0.325805:  74%|███████▎  | 147/200 [07:49<02:49,  3.19s/it]Best trial: 0. Best value: 0.325805:  74%|███████▎  | 147/200 [07:49<02:49,  3.19s/it]Best trial: 0. Best value: 0.325805:  74%|███████▍  | 148/200 [07:49<02:47,  3.21s/it]                                                                                      Best trial: 0. Best value: 0.325805:  74%|███████▍  | 148/200 [07:52<02:47,  3.21s/it]Best trial: 0. Best value: 0.325805:  74%|███████▍  | 148/200 [07:52<02:47,  3.21s/it]Best trial: 0. Best value: 0.325805:  74%|███████▍  | 149/200 [07:52<02:44,  3.22s/it]                                                                                      Best trial: 0. Best value: 0.325805:  74%|███████▍  | 149/200 [07:55<02:44,  3.22s/it]Best trial: 0. Best value: 0.325805:  74%|███████▍  | 149/200 [07:55<02:44,  3.22s/it]Best trial: 0. Best value: 0.325805:  75%|███████▌  | 150/200 [07:55<02:39,  3.20s/it]                                                                                      Best trial: 0. Best value: 0.325805:  75%|███████▌  | 150/200 [07:58<02:39,  3.20s/it]Best trial: 0. Best value: 0.325805:  75%|███████▌  | 150/200 [07:58<02:39,  3.20s/it]Best trial: 0. Best value: 0.325805:  76%|███████▌  | 151/200 [07:58<02:36,  3.19s/it]                                                                                      
[I 2026-04-11 20:55:26,181] Trial 133 finished with value: 0.3258046106584057 and parameters: {'parameters.max_depth': 17, 'parameters.learning_rate': 0.01364220992307548, 'parameters.subsample': 0.9620144606227591, 'parameters.colsample_bytree': 0.732122112966468, 'parameters.gamma': 0.3213575248408672, 'parameters.reg_lambda': 4.556540292015704, 'parameters.min_child_weight': 3}. Best is trial 0 with value: 0.3258046106584057.
[I 2026-04-11 20:55:29,398] Trial 134 finished with value: 0.3258046106584057 and parameters: {'parameters.max_depth': 14, 'parameters.learning_rate': 0.010658496013629387, 'parameters.subsample': 0.9049001187169374, 'parameters.colsample_bytree': 0.7505388321163625, 'parameters.gamma': 0.0033827963639266575, 'parameters.reg_lambda': 4.184427748722939, 'parameters.min_child_weight': 4}. Best is trial 0 with value: 0.3258046106584057.
[I 2026-04-11 20:55:32,562] Trial 135 finished with value: 0.3258046106584057 and parameters: {'parameters.max_depth': 13, 'parameters.learning_rate': 0.005271238498727411, 'parameters.subsample': 0.6699089616797325, 'parameters.colsample_bytree': 0.7204886565234188, 'parameters.gamma': 0.7954873337047937, 'parameters.reg_lambda': 1.1331367177855725, 'parameters.min_child_weight': 8}. Best is trial 0 with value: 0.3258046106584057.
[I 2026-04-11 20:55:35,794] Trial 136 finished with value: 0.3258046106584057 and parameters: {'parameters.max_depth': 9, 'parameters.learning_rate': 0.028100997666116696, 'parameters.subsample': 0.8441274953239876, 'parameters.colsample_bytree': 0.7985250922323589, 'parameters.gamma': 1.6835089757222579, 'parameters.reg_lambda': 4.910640744522403, 'parameters.min_child_weight': 2}. Best is trial 0 with value: 0.3258046106584057.
[I 2026-04-11 20:55:39,046] Trial 137 finished with value: 0.3258046106584057 and parameters: {'parameters.max_depth': 20, 'parameters.learning_rate': 0.02555768129953132, 'parameters.subsample': 0.8140997672397307, 'parameters.colsample_bytree': 0.775811095345866, 'parameters.gamma': 1.8576173132536264, 'parameters.reg_lambda': 0.8459318680875477, 'parameters.min_child_weight': 1}. Best is trial 0 with value: 0.3258046106584057.
[I 2026-04-11 20:55:42,195] Trial 138 finished with value: 0.3258046106584057 and parameters: {'parameters.max_depth': 19, 'parameters.learning_rate': 0.002484036265062305, 'parameters.subsample': 0.9871386343428924, 'parameters.colsample_bytree': 0.8648569508695924, 'parameters.gamma': 0.016880650591607864, 'parameters.reg_lambda': 0.7449534245025707, 'parameters.min_child_weight': 5}. Best is trial 0 with value: 0.3258046106584057.
[I 2026-04-11 20:55:45,549] Trial 139 finished with value: 0.3258046106584057 and parameters: {'parameters.max_depth': 8, 'parameters.learning_rate': 0.003041322986731848, 'parameters.subsample': 0.9340430752449155, 'parameters.colsample_bytree': 0.8166025717706746, 'parameters.gamma': 1.2532520406259848, 'parameters.reg_lambda': 0.701336147491088, 'parameters.min_child_weight': 7}. Best is trial 0 with value: 0.3258046106584057.
[I 2026-04-11 20:55:48,704] Trial 140 finished with value: 0.3258046106584057 and parameters: {'parameters.max_depth': 30, 'parameters.learning_rate': 0.02098360641241459, 'parameters.subsample': 0.7708966084777849, 'parameters.colsample_bytree': 0.6993232136058948, 'parameters.gamma': 0.030080590344938946, 'parameters.reg_lambda': 1.4039748991299714, 'parameters.min_child_weight': 2}. Best is trial 0 with value: 0.3258046106584057.
[I 2026-04-11 20:55:51,883] Trial 141 finished with value: 0.3258046106584057 and parameters: {'parameters.max_depth': 14, 'parameters.learning_rate': 0.00789051849184028, 'parameters.subsample': 0.9159882040351747, 'parameters.colsample_bytree': 0.8261094466126531, 'parameters.gamma': 0.22942932496493376, 'parameters.reg_lambda': 2.322213989722723, 'parameters.min_child_weight': 3}. Best is trial 0 with value: 0.3258046106584057.
[I 2026-04-11 20:55:55,038] Trial 142 finished with value: 0.3258046106584057 and parameters: {'parameters.max_depth': 16, 'parameters.learning_rate': 0.0071433382409083245, 'parameters.subsample': 0.9309578425829512, 'parameters.colsample_bytree': 0.809848431266207, 'parameters.gamma': 0.17938866509898577, 'parameters.reg_lambda': 2.969639883512432, 'parameters.min_child_weight': 4}. Best is trial 0 with value: 0.3258046106584057.
[I 2026-04-11 20:55:58,195] Trial 143 finished with value: 0.3258046106584057 and parameters: {'parameters.max_depth': 13, 'parameters.learning_rate': 0.006651580481773288, 'parameters.subsample': 0.9465112379323353, 'parameters.colsample_bytree': 0.7920763368948159, 'parameters.gamma': 0.0612232599688672, 'parameters.reg_lambda': 3.2762787779719975, 'parameters.min_child_weight': 4}. Best is trial 0 with value: 0.3258046106584057.
[I 2026-04-11 20:56:01,484] Trial 144 finished with value: 0.3258046106584057 and parameters: {'parameters.max_depth': 15, 'parameters.learning_rate': 0.00959129483626272, 'parameters.subsample': 0.6076185831770677, 'parameters.colsample_bytree': 0.7848823362478186, 'parameters.gamma': 0.3811889376420065, 'parameters.reg_lambda': 2.7070830817233675, 'parameters.min_child_weight': 3}. Best is trial 0 with value: 0.3258046106584057.
[I 2026-04-11 20:56:04,612] Trial 145 finished with value: 0.3258046106584057 and parameters: {'parameters.max_depth': 12, 'parameters.learning_rate': 0.0045560045158342605, 'parameters.subsample': 0.646030308251127, 'parameters.colsample_bytree': 0.6833886956554749, 'parameters.gamma': 0.021748913425519628, 'parameters.reg_lambda': 2.4249682550476757, 'parameters.min_child_weight': 6}. Best is trial 0 with value: 0.3258046106584057.
[I 2026-04-11 20:56:07,814] Trial 146 finished with value: 0.3258046106584057 and parameters: {'parameters.max_depth': 14, 'parameters.learning_rate': 0.023282358392751452, 'parameters.subsample': 0.6340769600158668, 'parameters.colsample_bytree': 0.6305223068789441, 'parameters.gamma': 0.5225310995966276, 'parameters.reg_lambda': 3.579052605300116, 'parameters.min_child_weight': 10}. Best is trial 0 with value: 0.3258046106584057.
[I 2026-04-11 20:56:11,082] Trial 147 finished with value: 0.3258046106584057 and parameters: {'parameters.max_depth': 6, 'parameters.learning_rate': 0.014853772958091229, 'parameters.subsample': 0.8904861720064252, 'parameters.colsample_bytree': 0.6712079787386043, 'parameters.gamma': 0.11437473065712432, 'parameters.reg_lambda': 1.6761563605957193, 'parameters.min_child_weight': 1}. Best is trial 0 with value: 0.3258046106584057.
[I 2026-04-11 20:56:14,317] Trial 148 finished with value: 0.3258046106584057 and parameters: {'parameters.max_depth': 18, 'parameters.learning_rate': 0.0026456181689482198, 'parameters.subsample': 0.875709723111162, 'parameters.colsample_bytree': 0.8389094486943479, 'parameters.gamma': 0.27176357417330416, 'parameters.reg_lambda': 3.0871722724236865, 'parameters.min_child_weight': 3}. Best is trial 0 with value: 0.3258046106584057.
[I 2026-04-11 20:56:17,461] Trial 149 finished with value: 0.3258046106584057 and parameters: {'parameters.max_depth': 27, 'parameters.learning_rate': 0.011981272827160333, 'parameters.subsample': 0.7427630052757705, 'parameters.colsample_bytree': 0.64082783092454, 'parameters.gamma': 0.6291669578494298, 'parameters.reg_lambda': 2.0842860801532894, 'parameters.min_child_weight': 2}. Best is trial 0 with value: 0.3258046106584057.
[I 2026-04-11 20:56:20,628] Trial 150 finished with value: 0.3258046106584057 and parameters: {'parameters.max_depth': 11, 'parameters.learning_rate': 0.007558319947092994, 'parameters.subsample': 0.6852022754224709, 'parameters.colsample_bytree': 0.6000677559933063, 'parameters.gamma': 0.001032726400792089, 'parameters.reg_lambda': 0.6453917205019799, 'parameters.min_child_weight': 7}. Best is trial 0 with value: 0.3258046106584057.
[I 2026-04-11 20:56:23,803] Trial 151 finished with value: 0.3258046106584057 and parameters: {'parameters.max_depth': 22, 'parameters.learning_rate': 0.016412074587548706, 'parameters.subsample': 0.8569011682627193, 'parameters.colsample_bytree': 0.8739671086217091, 'parameters.gamma': 0.002644923851376655, 'parameters.reg_lambda': 1.294156220458934, 'parameters.min_child_weight': 2}. Best is trial 0 with value: 0.3258046106584057.Best trial: 0. Best value: 0.325805:  76%|███████▌  | 151/200 [08:02<02:36,  3.19s/it]Best trial: 0. Best value: 0.325805:  76%|███████▌  | 151/200 [08:02<02:36,  3.19s/it]Best trial: 0. Best value: 0.325805:  76%|███████▌  | 152/200 [08:02<02:32,  3.18s/it]                                                                                      Best trial: 0. Best value: 0.325805:  76%|███████▌  | 152/200 [08:05<02:32,  3.18s/it]Best trial: 0. Best value: 0.325805:  76%|███████▌  | 152/200 [08:05<02:32,  3.18s/it]Best trial: 0. Best value: 0.325805:  76%|███████▋  | 153/200 [08:05<02:30,  3.19s/it]                                                                                      Best trial: 0. Best value: 0.325805:  76%|███████▋  | 153/200 [08:08<02:30,  3.19s/it]Best trial: 0. Best value: 0.325805:  76%|███████▋  | 153/200 [08:08<02:30,  3.19s/it]Best trial: 0. Best value: 0.325805:  77%|███████▋  | 154/200 [08:08<02:26,  3.19s/it]                                                                                      Best trial: 0. Best value: 0.325805:  77%|███████▋  | 154/200 [08:11<02:26,  3.19s/it]Best trial: 0. Best value: 0.325805:  77%|███████▋  | 154/200 [08:11<02:26,  3.19s/it]Best trial: 0. Best value: 0.325805:  78%|███████▊  | 155/200 [08:11<02:23,  3.18s/it]                                                                                      Best trial: 0. Best value: 0.325805:  78%|███████▊  | 155/200 [08:14<02:23,  3.18s/it]Best trial: 0. Best value: 0.325805:  78%|███████▊  | 155/200 [08:14<02:23,  3.18s/it]Best trial: 0. Best value: 0.325805:  78%|███████▊  | 156/200 [08:14<02:19,  3.18s/it]                                                                                      Best trial: 0. Best value: 0.325805:  78%|███████▊  | 156/200 [08:17<02:19,  3.18s/it]Best trial: 0. Best value: 0.325805:  78%|███████▊  | 156/200 [08:17<02:19,  3.18s/it]Best trial: 0. Best value: 0.325805:  78%|███████▊  | 157/200 [08:17<02:16,  3.17s/it]                                                                                      Best trial: 0. Best value: 0.325805:  78%|███████▊  | 157/200 [08:21<02:16,  3.17s/it]Best trial: 0. Best value: 0.325805:  78%|███████▊  | 157/200 [08:21<02:16,  3.17s/it]Best trial: 0. Best value: 0.325805:  79%|███████▉  | 158/200 [08:21<02:13,  3.18s/it]                                                                                      Best trial: 0. Best value: 0.325805:  79%|███████▉  | 158/200 [08:24<02:13,  3.18s/it]Best trial: 0. Best value: 0.325805:  79%|███████▉  | 158/200 [08:24<02:13,  3.18s/it]Best trial: 0. Best value: 0.325805:  80%|███████▉  | 159/200 [08:24<02:11,  3.21s/it]                                                                                      Best trial: 0. Best value: 0.325805:  80%|███████▉  | 159/200 [08:27<02:11,  3.21s/it]Best trial: 0. Best value: 0.325805:  80%|███████▉  | 159/200 [08:27<02:11,  3.21s/it]Best trial: 0. Best value: 0.325805:  80%|████████  | 160/200 [08:27<02:08,  3.21s/it]                                                                                      Best trial: 0. Best value: 0.325805:  80%|████████  | 160/200 [08:30<02:08,  3.21s/it]Best trial: 0. Best value: 0.325805:  80%|████████  | 160/200 [08:30<02:08,  3.21s/it]Best trial: 0. Best value: 0.325805:  80%|████████  | 161/200 [08:30<02:04,  3.18s/it]                                                                                      Best trial: 0. Best value: 0.325805:  80%|████████  | 161/200 [08:33<02:04,  3.18s/it]Best trial: 0. Best value: 0.325805:  80%|████████  | 161/200 [08:33<02:04,  3.18s/it]Best trial: 0. Best value: 0.325805:  81%|████████  | 162/200 [08:33<02:00,  3.16s/it]                                                                                      Best trial: 0. Best value: 0.325805:  81%|████████  | 162/200 [08:37<02:00,  3.16s/it]Best trial: 0. Best value: 0.325805:  81%|████████  | 162/200 [08:37<02:00,  3.16s/it]Best trial: 0. Best value: 0.325805:  82%|████████▏ | 163/200 [08:37<01:56,  3.15s/it]                                                                                      Best trial: 0. Best value: 0.325805:  82%|████████▏ | 163/200 [08:40<01:56,  3.15s/it]Best trial: 0. Best value: 0.325805:  82%|████████▏ | 163/200 [08:40<01:56,  3.15s/it]Best trial: 0. Best value: 0.325805:  82%|████████▏ | 164/200 [08:40<01:54,  3.17s/it]                                                                                      Best trial: 0. Best value: 0.325805:  82%|████████▏ | 164/200 [08:43<01:54,  3.17s/it]Best trial: 0. Best value: 0.325805:  82%|████████▏ | 164/200 [08:43<01:54,  3.17s/it]Best trial: 0. Best value: 0.325805:  82%|████████▎ | 165/200 [08:43<01:51,  3.18s/it]                                                                                      Best trial: 0. Best value: 0.325805:  82%|████████▎ | 165/200 [08:46<01:51,  3.18s/it]Best trial: 0. Best value: 0.325805:  82%|████████▎ | 165/200 [08:46<01:51,  3.18s/it]Best trial: 0. Best value: 0.325805:  83%|████████▎ | 166/200 [08:46<01:48,  3.19s/it]                                                                                      Best trial: 0. Best value: 0.325805:  83%|████████▎ | 166/200 [08:49<01:48,  3.19s/it]Best trial: 0. Best value: 0.325805:  83%|████████▎ | 166/200 [08:49<01:48,  3.19s/it]Best trial: 0. Best value: 0.325805:  84%|████████▎ | 167/200 [08:49<01:44,  3.16s/it]                                                                                      Best trial: 0. Best value: 0.325805:  84%|████████▎ | 167/200 [08:52<01:44,  3.16s/it]Best trial: 0. Best value: 0.325805:  84%|████████▎ | 167/200 [08:52<01:44,  3.16s/it]Best trial: 0. Best value: 0.325805:  84%|████████▍ | 168/200 [08:52<01:40,  3.15s/it]                                                                                      Best trial: 0. Best value: 0.325805:  84%|████████▍ | 168/200 [08:56<01:40,  3.15s/it]Best trial: 0. Best value: 0.325805:  84%|████████▍ | 168/200 [08:56<01:40,  3.15s/it]Best trial: 0. Best value: 0.325805:  84%|████████▍ | 169/200 [08:56<01:37,  3.14s/it]                                                                                      Best trial: 0. Best value: 0.325805:  84%|████████▍ | 169/200 [08:59<01:37,  3.14s/it]Best trial: 0. Best value: 0.325805:  84%|████████▍ | 169/200 [08:59<01:37,  3.14s/it]Best trial: 0. Best value: 0.325805:  85%|████████▌ | 170/200 [08:59<01:34,  3.16s/it]                                                                                      
