[I 2026-04-12 08:41:22,575] Trial 83 finished with value: 0.3809907807167186 and parameters: {'parameters.history_length': 68, 'parameters.num_layers': 1, 'parameters.units': 94, 'parameters.dropout': 0.12617325007106137, 'parameters.batch_size': 227, 'parameters.learning_rate': 0.00029733112060714603, 'parameters.weight_decay': 0.006186954913426708}. Best is trial 0 with value: 0.3809907807167186.Best trial: 0. Best value: 0.380991:  42%|████▏     | 83/200 [48:11<1:07:10, 34.45s/it]Best trial: 0. Best value: 0.380991:  42%|████▏     | 83/200 [48:11<1:07:10, 34.45s/it]Best trial: 0. Best value: 0.380991:  42%|████▏     | 84/200 [48:11<1:06:36, 34.45s/it]                                                                                       Best trial: 0. Best value: 0.380991:  42%|████▏     | 84/200 [48:46<1:06:36, 34.45s/it]Best trial: 0. Best value: 0.380991:  42%|████▏     | 84/200 [48:46<1:06:36, 34.45s/it]Best trial: 0. Best value: 0.380991:  42%|████▎     | 85/200 [48:46<1:05:59, 34.43s/it]                                                                                       Best trial: 0. Best value: 0.380991:  42%|████▎     | 85/200 [49:20<1:05:59, 34.43s/it]Best trial: 0. Best value: 0.380991:  42%|████▎     | 85/200 [49:20<1:05:59, 34.43s/it]Best trial: 0. Best value: 0.380991:  43%|████▎     | 86/200 [49:20<1:05:24, 34.43s/it]                                                                                       Best trial: 0. Best value: 0.380991:  43%|████▎     | 86/200 [49:54<1:05:24, 34.43s/it]Best trial: 0. Best value: 0.380991:  43%|████▎     | 86/200 [49:54<1:05:24, 34.43s/it]Best trial: 0. Best value: 0.380991:  44%|████▎     | 87/200 [49:54<1:04:48, 34.41s/it]                                                                                       Best trial: 0. Best value: 0.380991:  44%|████▎     | 87/200 [50:29<1:04:48, 34.41s/it]Best trial: 0. Best value: 0.380991:  44%|████▎     | 87/200 [50:29<1:04:48, 34.41s/it]Best trial: 0. Best value: 0.380991:  44%|████▍     | 88/200 [50:29<1:04:16, 34.44s/it]                                                                                       Best trial: 0. Best value: 0.380991:  44%|████▍     | 88/200 [51:03<1:04:16, 34.44s/it]Best trial: 0. Best value: 0.380991:  44%|████▍     | 88/200 [51:03<1:04:16, 34.44s/it]Best trial: 0. Best value: 0.380991:  44%|████▍     | 89/200 [51:03<1:03:41, 34.43s/it]                                                                                       Best trial: 0. Best value: 0.380991:  44%|████▍     | 89/200 [51:38<1:03:41, 34.43s/it]Best trial: 0. Best value: 0.380991:  44%|████▍     | 89/200 [51:38<1:03:41, 34.43s/it]Best trial: 0. Best value: 0.380991:  45%|████▌     | 90/200 [51:38<1:03:08, 34.44s/it]                                                                                       Best trial: 0. Best value: 0.380991:  45%|████▌     | 90/200 [52:12<1:03:08, 34.44s/it]Best trial: 0. Best value: 0.380991:  45%|████▌     | 90/200 [52:12<1:03:08, 34.44s/it]Best trial: 0. Best value: 0.380991:  46%|████▌     | 91/200 [52:12<1:02:35, 34.45s/it]                                                                                       Best trial: 0. Best value: 0.380991:  46%|████▌     | 91/200 [52:47<1:02:35, 34.45s/it]Best trial: 0. Best value: 0.380991:  46%|████▌     | 91/200 [52:47<1:02:35, 34.45s/it]Best trial: 0. Best value: 0.380991:  46%|████▌     | 92/200 [52:47<1:02:03, 34.47s/it]                                                                                       Best trial: 0. Best value: 0.380991:  46%|████▌     | 92/200 [53:21<1:02:03, 34.47s/it]Best trial: 0. Best value: 0.380991:  46%|████▌     | 92/200 [53:21<1:02:03, 34.47s/it]Best trial: 0. Best value: 0.380991:  46%|████▋     | 93/200 [53:21<1:01:30, 34.49s/it]                                                                                       Best trial: 0. Best value: 0.380991:  46%|████▋     | 93/200 [53:56<1:01:30, 34.49s/it]Best trial: 0. Best value: 0.380991:  46%|████▋     | 93/200 [53:56<1:01:30, 34.49s/it]Best trial: 0. Best value: 0.380991:  47%|████▋     | 94/200 [53:56<1:00:55, 34.49s/it]                                                                                       Best trial: 0. Best value: 0.380991:  47%|████▋     | 94/200 [54:30<1:00:55, 34.49s/it]Best trial: 0. Best value: 0.380991:  47%|████▋     | 94/200 [54:30<1:00:55, 34.49s/it]Best trial: 0. Best value: 0.380991:  48%|████▊     | 95/200 [54:30<1:00:21, 34.49s/it]                                                                                       Best trial: 0. Best value: 0.380991:  48%|████▊     | 95/200 [55:05<1:00:21, 34.49s/it]Best trial: 0. Best value: 0.380991:  48%|████▊     | 95/200 [55:05<1:00:21, 34.49s/it]Best trial: 0. Best value: 0.380991:  48%|████▊     | 96/200 [55:05<59:44, 34.47s/it]                                                                                       Best trial: 0. Best value: 0.380991:  48%|████▊     | 96/200 [55:39<59:44, 34.47s/it]Best trial: 0. Best value: 0.380991:  48%|████▊     | 96/200 [55:39<59:44, 34.47s/it]Best trial: 0. Best value: 0.380991:  48%|████▊     | 97/200 [55:39<59:10, 34.47s/it]                                                                                     Best trial: 0. Best value: 0.380991:  48%|████▊     | 97/200 [56:14<59:10, 34.47s/it]Best trial: 0. Best value: 0.380991:  48%|████▊     | 97/200 [56:14<59:10, 34.47s/it]Best trial: 0. Best value: 0.380991:  49%|████▉     | 98/200 [56:14<58:34, 34.45s/it]                                                                                     Best trial: 0. Best value: 0.380991:  49%|████▉     | 98/200 [56:48<58:34, 34.45s/it]Best trial: 0. Best value: 0.380991:  49%|████▉     | 98/200 [56:48<58:34, 34.45s/it]Best trial: 0. Best value: 0.380991:  50%|████▉     | 99/200 [56:48<58:01, 34.47s/it]                                                                                     Best trial: 0. Best value: 0.380991:  50%|████▉     | 99/200 [57:23<58:01, 34.47s/it]Best trial: 0. Best value: 0.380991:  50%|████▉     | 99/200 [57:23<58:01, 34.47s/it]Best trial: 0. Best value: 0.380991:  50%|█████     | 100/200 [57:23<57:27, 34.47s/it]                                                                                      Best trial: 0. Best value: 0.380991:  50%|█████     | 100/200 [57:57<57:27, 34.47s/it]Best trial: 0. Best value: 0.380991:  50%|█████     | 100/200 [57:57<57:27, 34.47s/it]Best trial: 0. Best value: 0.380991:  50%|█████     | 101/200 [57:57<56:52, 34.47s/it]                                                                                      Best trial: 0. Best value: 0.380991:  50%|█████     | 101/200 [58:32<56:52, 34.47s/it]Best trial: 0. Best value: 0.380991:  50%|█████     | 101/200 [58:32<56:52, 34.47s/it]Best trial: 0. Best value: 0.380991:  51%|█████     | 102/200 [58:32<56:16, 34.46s/it]                                                                                      Best trial: 0. Best value: 0.380991:  51%|█████     | 102/200 [59:06<56:16, 34.46s/it]Best trial: 0. Best value: 0.380991:  51%|█████     | 102/200 [59:06<56:16, 34.46s/it]Best trial: 0. Best value: 0.380991:  52%|█████▏    | 103/200 [59:06<55:44, 34.47s/it]                                                                                      Best trial: 0. Best value: 0.380991:  52%|█████▏    | 103/200 [59:40<55:44, 34.47s/it]Best trial: 0. Best value: 0.380991:  52%|█████▏    | 103/200 [59:40<55:44, 34.47s/it]Best trial: 0. Best value: 0.380991:  52%|█████▏    | 104/200 [59:40<55:08, 34.46s/it]                                                                                      
[I 2026-04-12 08:41:56,947] Trial 84 finished with value: 0.3809907807167186 and parameters: {'parameters.history_length': 104, 'parameters.num_layers': 1, 'parameters.units': 113, 'parameters.dropout': 0.11790085067426094, 'parameters.batch_size': 256, 'parameters.learning_rate': 0.000397804694278199, 'parameters.weight_decay': 0.0027089432895541243}. Best is trial 0 with value: 0.3809907807167186.
[I 2026-04-12 08:42:31,368] Trial 85 finished with value: 0.3809907807167186 and parameters: {'parameters.history_length': 73, 'parameters.num_layers': 3, 'parameters.units': 267, 'parameters.dropout': 0.21215991577515433, 'parameters.batch_size': 135, 'parameters.learning_rate': 0.00032849581261011536, 'parameters.weight_decay': 0.00762111995351278}. Best is trial 0 with value: 0.3809907807167186.
[I 2026-04-12 08:43:05,750] Trial 86 finished with value: 0.3809907807167186 and parameters: {'parameters.history_length': 90, 'parameters.num_layers': 1, 'parameters.units': 74, 'parameters.dropout': 0.1834223263114748, 'parameters.batch_size': 369, 'parameters.learning_rate': 0.000491944501929346, 'parameters.weight_decay': 0.0018442491032478422}. Best is trial 0 with value: 0.3809907807167186.
[I 2026-04-12 08:43:40,235] Trial 87 finished with value: 0.3809907807167186 and parameters: {'parameters.history_length': 67, 'parameters.num_layers': 2, 'parameters.units': 311, 'parameters.dropout': 0.13229298304499112, 'parameters.batch_size': 214, 'parameters.learning_rate': 0.0005635220156840417, 'parameters.weight_decay': 0.0034486017893348864}. Best is trial 0 with value: 0.3809907807167186.
[I 2026-04-12 08:44:14,658] Trial 88 finished with value: 0.3809907807167186 and parameters: {'parameters.history_length': 80, 'parameters.num_layers': 1, 'parameters.units': 196, 'parameters.dropout': 0.10757039149758083, 'parameters.batch_size': 200, 'parameters.learning_rate': 0.0006326941580855408, 'parameters.weight_decay': 0.0014886941841331328}. Best is trial 0 with value: 0.3809907807167186.
[I 2026-04-12 08:44:49,120] Trial 89 finished with value: 0.3809907807167186 and parameters: {'parameters.history_length': 109, 'parameters.num_layers': 4, 'parameters.units': 281, 'parameters.dropout': 0.2523880171832951, 'parameters.batch_size': 155, 'parameters.learning_rate': 0.00021213780052746638, 'parameters.weight_decay': 0.0012752693166524166}. Best is trial 0 with value: 0.3809907807167186.
[I 2026-04-12 08:45:23,597] Trial 90 finished with value: 0.3809907807167186 and parameters: {'parameters.history_length': 117, 'parameters.num_layers': 3, 'parameters.units': 228, 'parameters.dropout': 0.20220971050893094, 'parameters.batch_size': 384, 'parameters.learning_rate': 0.0004546789678540244, 'parameters.weight_decay': 0.009627355286676721}. Best is trial 0 with value: 0.3809907807167186.
[I 2026-04-12 08:45:58,119] Trial 91 finished with value: 0.3809907807167186 and parameters: {'parameters.history_length': 94, 'parameters.num_layers': 2, 'parameters.units': 243, 'parameters.dropout': 0.12043168115277328, 'parameters.batch_size': 334, 'parameters.learning_rate': 0.0002663571405807096, 'parameters.weight_decay': 0.006837869152401956}. Best is trial 0 with value: 0.3809907807167186.
[I 2026-04-12 08:46:32,641] Trial 92 finished with value: 0.3809907807167186 and parameters: {'parameters.history_length': 101, 'parameters.num_layers': 2, 'parameters.units': 299, 'parameters.dropout': 0.30868754669453846, 'parameters.batch_size': 322, 'parameters.learning_rate': 0.0002477920140258136, 'parameters.weight_decay': 0.009996283737683735}. Best is trial 0 with value: 0.3809907807167186.
[I 2026-04-12 08:47:07,132] Trial 93 finished with value: 0.3809907807167186 and parameters: {'parameters.history_length': 83, 'parameters.num_layers': 2, 'parameters.units': 158, 'parameters.dropout': 0.33702327400917165, 'parameters.batch_size': 349, 'parameters.learning_rate': 0.0002768226600974654, 'parameters.weight_decay': 0.0010255118809298328}. Best is trial 0 with value: 0.3809907807167186.
[I 2026-04-12 08:47:41,619] Trial 94 finished with value: 0.3809907807167186 and parameters: {'parameters.history_length': 66, 'parameters.num_layers': 2, 'parameters.units': 333, 'parameters.dropout': 0.15642752593291667, 'parameters.batch_size': 171, 'parameters.learning_rate': 0.00037521332022904185, 'parameters.weight_decay': 0.008204611127091468}. Best is trial 0 with value: 0.3809907807167186.
[I 2026-04-12 08:48:16,036] Trial 95 finished with value: 0.3809907807167186 and parameters: {'parameters.history_length': 79, 'parameters.num_layers': 2, 'parameters.units': 238, 'parameters.dropout': 0.18893814088134514, 'parameters.batch_size': 224, 'parameters.learning_rate': 0.00023584664125666973, 'parameters.weight_decay': 0.005698737850383502}. Best is trial 0 with value: 0.3809907807167186.
[I 2026-04-12 08:48:50,501] Trial 96 finished with value: 0.3809907807167186 and parameters: {'parameters.history_length': 86, 'parameters.num_layers': 1, 'parameters.units': 256, 'parameters.dropout': 0.1265297115065986, 'parameters.batch_size': 347, 'parameters.learning_rate': 0.000311618760943095, 'parameters.weight_decay': 0.004614563533376169}. Best is trial 0 with value: 0.3809907807167186.
[I 2026-04-12 08:49:24,930] Trial 97 finished with value: 0.3809907807167186 and parameters: {'parameters.history_length': 70, 'parameters.num_layers': 4, 'parameters.units': 209, 'parameters.dropout': 0.1000915168314591, 'parameters.batch_size': 281, 'parameters.learning_rate': 0.00020166865614317254, 'parameters.weight_decay': 0.0002930569268384636}. Best is trial 0 with value: 0.3809907807167186.
[I 2026-04-12 08:49:59,434] Trial 98 finished with value: 0.3809907807167186 and parameters: {'parameters.history_length': 148, 'parameters.num_layers': 3, 'parameters.units': 270, 'parameters.dropout': 0.14051673600271392, 'parameters.batch_size': 262, 'parameters.learning_rate': 0.001348463738850334, 'parameters.weight_decay': 0.006191567210052274}. Best is trial 0 with value: 0.3809907807167186.
[I 2026-04-12 08:50:33,917] Trial 99 finished with value: 0.3809907807167186 and parameters: {'parameters.history_length': 64, 'parameters.num_layers': 2, 'parameters.units': 181, 'parameters.dropout': 0.2670868180381383, 'parameters.batch_size': 161, 'parameters.learning_rate': 0.000288735995515061, 'parameters.weight_decay': 0.007729888609960744}. Best is trial 0 with value: 0.3809907807167186.
[I 2026-04-12 08:51:08,392] Trial 100 finished with value: 0.3809907807167186 and parameters: {'parameters.history_length': 99, 'parameters.num_layers': 1, 'parameters.units': 145, 'parameters.dropout': 0.1135518852052327, 'parameters.batch_size': 233, 'parameters.learning_rate': 0.0005241026118835906, 'parameters.weight_decay': 0.0002144385705081844}. Best is trial 0 with value: 0.3809907807167186.
[I 2026-04-12 08:51:42,812] Trial 101 finished with value: 0.3809907807167186 and parameters: {'parameters.history_length': 115, 'parameters.num_layers': 3, 'parameters.units': 379, 'parameters.dropout': 0.17110477072556365, 'parameters.batch_size': 129, 'parameters.learning_rate': 0.0015091686782110723, 'parameters.weight_decay': 0.00014535822827707834}. Best is trial 0 with value: 0.3809907807167186.
[I 2026-04-12 08:52:17,324] Trial 102 finished with value: 0.3809907807167186 and parameters: {'parameters.history_length': 112, 'parameters.num_layers': 3, 'parameters.units': 344, 'parameters.dropout': 0.4406025457873101, 'parameters.batch_size': 327, 'parameters.learning_rate': 0.0018638861615770102, 'parameters.weight_decay': 0.00012522538105256295}. Best is trial 0 with value: 0.3809907807167186.
[I 2026-04-12 08:52:51,766] Trial 103 finished with value: 0.3809907807167186 and parameters: {'parameters.history_length': 105, 'parameters.num_layers': 4, 'parameters.units': 368, 'parameters.dropout': 0.437748570475477, 'parameters.batch_size': 149, 'parameters.learning_rate': 0.00025419422874300643, 'parameters.weight_decay': 0.0005518931896858211}. Best is trial 0 with value: 0.3809907807167186.
