[I 2026-04-12 11:08:04,708] Trial 17 finished with value: 0.5291221424081894 and parameters: {'parameters.history_length': 67, 'parameters.d_model': 239, 'parameters.nhead': 4, 'parameters.num_encoder_layers': 4, 'parameters.dim_feedforward': 737, 'parameters.dropout': 0.11747958646270273, 'parameters.batch_size': 107, 'parameters.learning_rate': 0.0016148264773322666, 'parameters.weight_decay': 3.3516226889861414e-05}. Best is trial 0 with value: 0.5291221424081894.Best trial: 0. Best value: 0.529122:  17%|█▋        | 17/100 [17:04<1:18:47, 56.96s/it]Best trial: 0. Best value: 0.529122:  17%|█▋        | 17/100 [17:04<1:18:47, 56.96s/it]Best trial: 0. Best value: 0.529122:  18%|█▊        | 18/100 [17:04<1:17:49, 56.95s/it]                                                                                       Best trial: 0. Best value: 0.529122:  18%|█▊        | 18/100 [18:01<1:17:49, 56.95s/it]Best trial: 0. Best value: 0.529122:  18%|█▊        | 18/100 [18:01<1:17:49, 56.95s/it]Best trial: 0. Best value: 0.529122:  19%|█▉        | 19/100 [18:01<1:16:52, 56.94s/it]                                                                                       Best trial: 0. Best value: 0.529122:  19%|█▉        | 19/100 [18:58<1:16:52, 56.94s/it]Best trial: 0. Best value: 0.529122:  19%|█▉        | 19/100 [18:58<1:16:52, 56.94s/it]Best trial: 0. Best value: 0.529122:  20%|██        | 20/100 [18:58<1:15:54, 56.93s/it]                                                                                       Best trial: 0. Best value: 0.529122:  20%|██        | 20/100 [19:54<1:15:54, 56.93s/it]Best trial: 0. Best value: 0.529122:  20%|██        | 20/100 [19:54<1:15:54, 56.93s/it]Best trial: 0. Best value: 0.529122:  21%|██        | 21/100 [19:54<1:14:54, 56.89s/it]                                                                                       Best trial: 0. Best value: 0.529122:  21%|██        | 21/100 [20:51<1:14:54, 56.89s/it]Best trial: 0. Best value: 0.529122:  21%|██        | 21/100 [20:51<1:14:54, 56.89s/it]Best trial: 0. Best value: 0.529122:  22%|██▏       | 22/100 [20:51<1:13:55, 56.86s/it]                                                                                       Best trial: 0. Best value: 0.529122:  22%|██▏       | 22/100 [21:48<1:13:55, 56.86s/it]Best trial: 0. Best value: 0.529122:  22%|██▏       | 22/100 [21:48<1:13:55, 56.86s/it]Best trial: 0. Best value: 0.529122:  23%|██▎       | 23/100 [21:48<1:12:59, 56.87s/it]                                                                                       Best trial: 0. Best value: 0.529122:  23%|██▎       | 23/100 [22:45<1:12:59, 56.87s/it]Best trial: 0. Best value: 0.529122:  23%|██▎       | 23/100 [22:45<1:12:59, 56.87s/it]Best trial: 0. Best value: 0.529122:  24%|██▍       | 24/100 [22:45<1:12:00, 56.85s/it]                                                                                       Best trial: 0. Best value: 0.529122:  24%|██▍       | 24/100 [23:42<1:12:00, 56.85s/it]Best trial: 0. Best value: 0.529122:  24%|██▍       | 24/100 [23:42<1:12:00, 56.85s/it]Best trial: 0. Best value: 0.529122:  25%|██▌       | 25/100 [23:42<1:11:03, 56.85s/it]                                                                                       Best trial: 0. Best value: 0.529122:  25%|██▌       | 25/100 [24:38<1:11:03, 56.85s/it]Best trial: 0. Best value: 0.529122:  25%|██▌       | 25/100 [24:38<1:11:03, 56.85s/it]Best trial: 0. Best value: 0.529122:  26%|██▌       | 26/100 [24:38<1:10:04, 56.82s/it]                                                                                       Best trial: 0. Best value: 0.529122:  26%|██▌       | 26/100 [25:35<1:10:04, 56.82s/it]Best trial: 0. Best value: 0.529122:  26%|██▌       | 26/100 [25:35<1:10:04, 56.82s/it]Best trial: 0. Best value: 0.529122:  27%|██▋       | 27/100 [25:35<1:09:06, 56.81s/it]                                                                                       Best trial: 0. Best value: 0.529122:  27%|██▋       | 27/100 [26:32<1:09:06, 56.81s/it]Best trial: 0. Best value: 0.529122:  27%|██▋       | 27/100 [26:32<1:09:06, 56.81s/it]Best trial: 0. Best value: 0.529122:  28%|██▊       | 28/100 [26:32<1:08:10, 56.82s/it]                                                                                       Best trial: 0. Best value: 0.529122:  28%|██▊       | 28/100 [27:29<1:08:10, 56.82s/it]Best trial: 0. Best value: 0.529122:  28%|██▊       | 28/100 [27:29<1:08:10, 56.82s/it]Best trial: 0. Best value: 0.529122:  29%|██▉       | 29/100 [27:29<1:07:14, 56.83s/it]                                                                                       Best trial: 0. Best value: 0.529122:  29%|██▉       | 29/100 [28:26<1:07:14, 56.83s/it]Best trial: 0. Best value: 0.529122:  29%|██▉       | 29/100 [28:26<1:07:14, 56.83s/it]Best trial: 0. Best value: 0.529122:  30%|███       | 30/100 [28:26<1:06:17, 56.82s/it]                                                                                       Best trial: 0. Best value: 0.529122:  30%|███       | 30/100 [29:23<1:06:17, 56.82s/it]Best trial: 0. Best value: 0.529122:  30%|███       | 30/100 [29:23<1:06:17, 56.82s/it]Best trial: 0. Best value: 0.529122:  31%|███       | 31/100 [29:23<1:05:19, 56.81s/it]                                                                                       Best trial: 0. Best value: 0.529122:  31%|███       | 31/100 [30:19<1:05:19, 56.81s/it]Best trial: 0. Best value: 0.529122:  31%|███       | 31/100 [30:19<1:05:19, 56.81s/it]Best trial: 0. Best value: 0.529122:  32%|███▏      | 32/100 [30:19<1:04:24, 56.84s/it]                                                                                       Best trial: 0. Best value: 0.529122:  32%|███▏      | 32/100 [31:16<1:04:24, 56.84s/it]Best trial: 0. Best value: 0.529122:  32%|███▏      | 32/100 [31:16<1:04:24, 56.84s/it]Best trial: 0. Best value: 0.529122:  33%|███▎      | 33/100 [31:16<1:03:28, 56.84s/it]                                                                                       Best trial: 0. Best value: 0.529122:  33%|███▎      | 33/100 [32:13<1:03:28, 56.84s/it]Best trial: 0. Best value: 0.529122:  33%|███▎      | 33/100 [32:13<1:03:28, 56.84s/it]Best trial: 0. Best value: 0.529122:  34%|███▍      | 34/100 [32:13<1:02:30, 56.83s/it]                                                                                       Best trial: 0. Best value: 0.529122:  34%|███▍      | 34/100 [33:10<1:02:30, 56.83s/it]Best trial: 0. Best value: 0.529122:  34%|███▍      | 34/100 [33:10<1:02:30, 56.83s/it]Best trial: 0. Best value: 0.529122:  35%|███▌      | 35/100 [33:10<1:01:32, 56.81s/it]                                                                                       
[I 2026-04-12 11:09:01,633] Trial 18 finished with value: 0.5291221424081894 and parameters: {'parameters.history_length': 109, 'parameters.d_model': 162, 'parameters.nhead': 8, 'parameters.num_encoder_layers': 3, 'parameters.dim_feedforward': 672, 'parameters.dropout': 0.06786012594954564, 'parameters.batch_size': 172, 'parameters.learning_rate': 0.0007814594258936593, 'parameters.weight_decay': 1.1956795080456058e-05}. Best is trial 0 with value: 0.5291221424081894.
[I 2026-04-12 11:09:58,524] Trial 19 finished with value: 0.5291221424081894 and parameters: {'parameters.history_length': 86, 'parameters.d_model': 107, 'parameters.nhead': 16, 'parameters.num_encoder_layers': 5, 'parameters.dim_feedforward': 508, 'parameters.dropout': 0.17167609580090978, 'parameters.batch_size': 147, 'parameters.learning_rate': 0.0003795979631289568, 'parameters.weight_decay': 0.00023995478998858436}. Best is trial 0 with value: 0.5291221424081894.
[I 2026-04-12 11:10:55,322] Trial 20 finished with value: 0.5291221424081894 and parameters: {'parameters.history_length': 137, 'parameters.d_model': 206, 'parameters.nhead': 4, 'parameters.num_encoder_layers': 2, 'parameters.dim_feedforward': 815, 'parameters.dropout': 0.25236933658932, 'parameters.batch_size': 217, 'parameters.learning_rate': 0.0009929144799708369, 'parameters.weight_decay': 4.8774738022422924e-05}. Best is trial 0 with value: 0.5291221424081894.
[I 2026-04-12 11:11:52,124] Trial 21 finished with value: 0.5291221424081894 and parameters: {'parameters.history_length': 68, 'parameters.d_model': 127, 'parameters.nhead': 8, 'parameters.num_encoder_layers': 4, 'parameters.dim_feedforward': 698, 'parameters.dropout': 0.05522507968783642, 'parameters.batch_size': 190, 'parameters.learning_rate': 0.00010608169900193879, 'parameters.weight_decay': 2.0509018438015678e-05}. Best is trial 0 with value: 0.5291221424081894.
[I 2026-04-12 11:12:49,017] Trial 22 finished with value: 0.5291221424081894 and parameters: {'parameters.history_length': 56, 'parameters.d_model': 128, 'parameters.nhead': 8, 'parameters.num_encoder_layers': 4, 'parameters.dim_feedforward': 602, 'parameters.dropout': 0.07428226620647825, 'parameters.batch_size': 185, 'parameters.learning_rate': 0.0001690697897010449, 'parameters.weight_decay': 1.077649351840427e-05}. Best is trial 0 with value: 0.5291221424081894.
[I 2026-04-12 11:13:45,800] Trial 23 finished with value: 0.5291221424081894 and parameters: {'parameters.history_length': 72, 'parameters.d_model': 101, 'parameters.nhead': 8, 'parameters.num_encoder_layers': 3, 'parameters.dim_feedforward': 903, 'parameters.dropout': 0.05990569023440858, 'parameters.batch_size': 144, 'parameters.learning_rate': 0.0005458802257200067, 'parameters.weight_decay': 2.169390084778817e-05}. Best is trial 0 with value: 0.5291221424081894.
[I 2026-04-12 11:14:42,656] Trial 24 finished with value: 0.5291221424081894 and parameters: {'parameters.history_length': 34, 'parameters.d_model': 175, 'parameters.nhead': 8, 'parameters.num_encoder_layers': 4, 'parameters.dim_feedforward': 731, 'parameters.dropout': 0.05291471178782636, 'parameters.batch_size': 176, 'parameters.learning_rate': 0.0002746785245485354, 'parameters.weight_decay': 2.1494512007138016e-05}. Best is trial 0 with value: 0.5291221424081894.
[I 2026-04-12 11:15:39,401] Trial 25 finished with value: 0.5291221424081894 and parameters: {'parameters.history_length': 92, 'parameters.d_model': 143, 'parameters.nhead': 8, 'parameters.num_encoder_layers': 6, 'parameters.dim_feedforward': 629, 'parameters.dropout': 0.10564197937641621, 'parameters.batch_size': 107, 'parameters.learning_rate': 0.00015452909285921157, 'parameters.weight_decay': 1.015900132218925e-05}. Best is trial 0 with value: 0.5291221424081894.
[I 2026-04-12 11:16:36,183] Trial 26 finished with value: 0.5291221424081894 and parameters: {'parameters.history_length': 82, 'parameters.d_model': 110, 'parameters.nhead': 4, 'parameters.num_encoder_layers': 4, 'parameters.dim_feedforward': 767, 'parameters.dropout': 0.1357697636631023, 'parameters.batch_size': 227, 'parameters.learning_rate': 0.0015000174155229992, 'parameters.weight_decay': 4.67245030587054e-05}. Best is trial 0 with value: 0.5291221424081894.
[I 2026-04-12 11:17:33,022] Trial 27 finished with value: 0.5291221424081894 and parameters: {'parameters.history_length': 113, 'parameters.d_model': 244, 'parameters.nhead': 8, 'parameters.num_encoder_layers': 5, 'parameters.dim_feedforward': 375, 'parameters.dropout': 0.1732190063267645, 'parameters.batch_size': 146, 'parameters.learning_rate': 0.000486604542144384, 'parameters.weight_decay': 0.00010048998762878597}. Best is trial 0 with value: 0.5291221424081894.
[I 2026-04-12 11:18:29,885] Trial 28 finished with value: 0.5291221424081894 and parameters: {'parameters.history_length': 75, 'parameters.d_model': 180, 'parameters.nhead': 16, 'parameters.num_encoder_layers': 3, 'parameters.dim_feedforward': 532, 'parameters.dropout': 0.07325231954119787, 'parameters.batch_size': 250, 'parameters.learning_rate': 0.0008367645014058261, 'parameters.weight_decay': 2.0621385506220867e-05}. Best is trial 0 with value: 0.5291221424081894.
[I 2026-04-12 11:19:26,697] Trial 29 finished with value: 0.5291221424081894 and parameters: {'parameters.history_length': 62, 'parameters.d_model': 251, 'parameters.nhead': 4, 'parameters.num_encoder_layers': 5, 'parameters.dim_feedforward': 584, 'parameters.dropout': 0.05014274680516172, 'parameters.batch_size': 119, 'parameters.learning_rate': 0.000648961216984768, 'parameters.weight_decay': 0.0025303305622173555}. Best is trial 0 with value: 0.5291221424081894.
[I 2026-04-12 11:20:23,456] Trial 30 finished with value: 0.5291221424081894 and parameters: {'parameters.history_length': 156, 'parameters.d_model': 222, 'parameters.nhead': 4, 'parameters.num_encoder_layers': 2, 'parameters.dim_feedforward': 695, 'parameters.dropout': 0.0603466232559645, 'parameters.batch_size': 156, 'parameters.learning_rate': 0.00013551239377519964, 'parameters.weight_decay': 2.9918604223034152e-05}. Best is trial 0 with value: 0.5291221424081894.
[I 2026-04-12 11:21:20,365] Trial 31 finished with value: 0.5291221424081894 and parameters: {'parameters.history_length': 159, 'parameters.d_model': 240, 'parameters.nhead': 4, 'parameters.num_encoder_layers': 5, 'parameters.dim_feedforward': 944, 'parameters.dropout': 0.0585004600505862, 'parameters.batch_size': 178, 'parameters.learning_rate': 0.00010020133576476716, 'parameters.weight_decay': 0.007213247657968817}. Best is trial 0 with value: 0.5291221424081894.
[I 2026-04-12 11:22:17,210] Trial 32 finished with value: 0.5291221424081894 and parameters: {'parameters.history_length': 143, 'parameters.d_model': 210, 'parameters.nhead': 4, 'parameters.num_encoder_layers': 6, 'parameters.dim_feedforward': 826, 'parameters.dropout': 0.06455582926496928, 'parameters.batch_size': 203, 'parameters.learning_rate': 0.0002114435941037991, 'parameters.weight_decay': 0.0007963580817037782}. Best is trial 0 with value: 0.5291221424081894.
[I 2026-04-12 11:23:14,025] Trial 33 finished with value: 0.5291221424081894 and parameters: {'parameters.history_length': 153, 'parameters.d_model': 256, 'parameters.nhead': 16, 'parameters.num_encoder_layers': 4, 'parameters.dim_feedforward': 481, 'parameters.dropout': 0.2010620643628046, 'parameters.batch_size': 170, 'parameters.learning_rate': 0.0001204100865635779, 'parameters.weight_decay': 0.003817883796309214}. Best is trial 0 with value: 0.5291221424081894.
[I 2026-04-12 11:24:10,781] Trial 34 finished with value: 0.5291221424081894 and parameters: {'parameters.history_length': 135, 'parameters.d_model': 231, 'parameters.nhead': 4, 'parameters.num_encoder_layers': 5, 'parameters.dim_feedforward': 286, 'parameters.dropout': 0.24544873005378443, 'parameters.batch_size': 193, 'parameters.learning_rate': 0.00034513519891691614, 'parameters.weight_decay': 0.0005412644439984754}. Best is trial 0 with value: 0.5291221424081894.
[I 2026-04-12 11:25:07,587] Trial 35 finished with value: 0.5291221424081894 and parameters: {'parameters.history_length': 57, 'parameters.d_model': 188, 'parameters.nhead': 8, 'parameters.num_encoder_layers': 2, 'parameters.dim_feedforward': 649, 'parameters.dropout': 0.0827518338269195, 'parameters.batch_size': 90, 'parameters.learning_rate': 0.00129941432987141, 'parameters.weight_decay': 0.007890878438016828}. Best is trial 0 with value: 0.5291221424081894.Best trial: 0. Best value: 0.529122:  35%|███▌      | 35/100 [34:07<1:01:32, 56.81s/it]Best trial: 0. Best value: 0.529122:  35%|███▌      | 35/100 [34:07<1:01:32, 56.81s/it]Best trial: 0. Best value: 0.529122:  36%|███▌      | 36/100 [34:07<1:00:35, 56.81s/it]                                                                                       Best trial: 0. Best value: 0.529122:  36%|███▌      | 36/100 [35:04<1:00:35, 56.81s/it]Best trial: 0. Best value: 0.529122:  36%|███▌      | 36/100 [35:04<1:00:35, 56.81s/it]Best trial: 0. Best value: 0.529122:  37%|███▋      | 37/100 [35:04<59:39, 56.82s/it]                                                                                       Best trial: 0. Best value: 0.529122:  37%|███▋      | 37/100 [36:00<59:39, 56.82s/it]Best trial: 0. Best value: 0.529122:  37%|███▋      | 37/100 [36:00<59:39, 56.82s/it]Best trial: 0. Best value: 0.529122:  38%|███▊      | 38/100 [36:00<58:44, 56.85s/it]                                                                                     Best trial: 0. Best value: 0.529122:  38%|███▊      | 38/100 [36:57<58:44, 56.85s/it]Best trial: 0. Best value: 0.529122:  38%|███▊      | 38/100 [36:57<58:44, 56.85s/it]Best trial: 0. Best value: 0.529122:  39%|███▉      | 39/100 [36:57<57:47, 56.84s/it]                                                                                     Best trial: 0. Best value: 0.529122:  39%|███▉      | 39/100 [37:54<57:47, 56.84s/it]Best trial: 0. Best value: 0.529122:  39%|███▉      | 39/100 [37:54<57:47, 56.84s/it]Best trial: 0. Best value: 0.529122:  40%|████      | 40/100 [37:54<56:50, 56.83s/it]                                                                                     Best trial: 0. Best value: 0.529122:  40%|████      | 40/100 [38:51<56:50, 56.83s/it]Best trial: 0. Best value: 0.529122:  40%|████      | 40/100 [38:51<56:50, 56.83s/it]Best trial: 0. Best value: 0.529122:  41%|████      | 41/100 [38:51<55:52, 56.82s/it]                                                                                     Best trial: 0. Best value: 0.529122:  41%|████      | 41/100 [39:48<55:52, 56.82s/it]Best trial: 0. Best value: 0.529122:  41%|████      | 41/100 [39:48<55:52, 56.82s/it]Best trial: 0. Best value: 0.529122:  42%|████▏     | 42/100 [39:48<54:56, 56.84s/it]                                                                                     Best trial: 0. Best value: 0.529122:  42%|████▏     | 42/100 [40:45<54:56, 56.84s/it]Best trial: 0. Best value: 0.529122:  42%|████▏     | 42/100 [40:45<54:56, 56.84s/it]Best trial: 0. Best value: 0.529122:  43%|████▎     | 43/100 [40:45<53:59, 56.84s/it]                                                                                     Best trial: 0. Best value: 0.529122:  43%|████▎     | 43/100 [41:41<53:59, 56.84s/it]Best trial: 0. Best value: 0.529122:  43%|████▎     | 43/100 [41:41<53:59, 56.84s/it]Best trial: 0. Best value: 0.529122:  44%|████▍     | 44/100 [41:41<53:02, 56.83s/it]                                                                                     Best trial: 0. Best value: 0.529122:  44%|████▍     | 44/100 [42:38<53:02, 56.83s/it]Best trial: 0. Best value: 0.529122:  44%|████▍     | 44/100 [42:38<53:02, 56.83s/it]Best trial: 0. Best value: 0.529122:  45%|████▌     | 45/100 [42:38<52:04, 56.81s/it]                                                                                     Best trial: 0. Best value: 0.529122:  45%|████▌     | 45/100 [43:35<52:04, 56.81s/it]Best trial: 0. Best value: 0.529122:  45%|████▌     | 45/100 [43:35<52:04, 56.81s/it]Best trial: 0. Best value: 0.529122:  46%|████▌     | 46/100 [43:35<51:08, 56.83s/it]                                                                                     Best trial: 0. Best value: 0.529122:  46%|████▌     | 46/100 [44:32<51:08, 56.83s/it]Best trial: 0. Best value: 0.529122:  46%|████▌     | 46/100 [44:32<51:08, 56.83s/it]Best trial: 0. Best value: 0.529122:  47%|████▋     | 47/100 [44:32<50:11, 56.83s/it]                                                                                     Best trial: 0. Best value: 0.529122:  47%|████▋     | 47/100 [45:29<50:11, 56.83s/it]Best trial: 0. Best value: 0.529122:  47%|████▋     | 47/100 [45:29<50:11, 56.83s/it]Best trial: 0. Best value: 0.529122:  48%|████▊     | 48/100 [45:29<49:15, 56.83s/it]                                                                                     Best trial: 0. Best value: 0.529122:  48%|████▊     | 48/100 [46:26<49:15, 56.83s/it]Best trial: 0. Best value: 0.529122:  48%|████▊     | 48/100 [46:26<49:15, 56.83s/it]Best trial: 0. Best value: 0.529122:  49%|████▉     | 49/100 [46:26<48:18, 56.83s/it]                                                                                     Best trial: 0. Best value: 0.529122:  49%|████▉     | 49/100 [47:22<48:18, 56.83s/it]Best trial: 0. Best value: 0.529122:  49%|████▉     | 49/100 [47:22<48:18, 56.83s/it]Best trial: 0. Best value: 0.529122:  50%|█████     | 50/100 [47:22<47:20, 56.81s/it]                                                                                     Best trial: 0. Best value: 0.529122:  50%|█████     | 50/100 [48:19<47:20, 56.81s/it]Best trial: 0. Best value: 0.529122:  50%|█████     | 50/100 [48:19<47:20, 56.81s/it]Best trial: 0. Best value: 0.529122:  51%|█████     | 51/100 [48:19<46:23, 56.81s/it]                                                                                     Best trial: 0. Best value: 0.529122:  51%|█████     | 51/100 [49:16<46:23, 56.81s/it]Best trial: 0. Best value: 0.529122:  51%|█████     | 51/100 [49:16<46:23, 56.81s/it]Best trial: 0. Best value: 0.529122:  52%|█████▏    | 52/100 [49:16<45:27, 56.82s/it]                                                                                     Best trial: 0. Best value: 0.529122:  52%|█████▏    | 52/100 [50:13<45:27, 56.82s/it]Best trial: 0. Best value: 0.529122:  52%|█████▏    | 52/100 [50:13<45:27, 56.82s/it]Best trial: 0. Best value: 0.529122:  53%|█████▎    | 53/100 [50:13<44:31, 56.83s/it]                                                                                     
