[I 2026-04-11 21:27:29,432] Trial 65 finished with value: 0.38843612003763883 and parameters: {'parameters.mid_layer_count': 4, 'parameters.mid_layer_size': 494, 'parameters.dropout': 0.2907547899736112, 'parameters.batch_size': 103, 'parameters.learning_rate': 0.00028250710555458817, 'parameters.weight_decay': 0.0001255954606369859}. Best is trial 0 with value: 0.38843612003763883.Best trial: 0. Best value: 0.388436:  32%|███▎      | 65/200 [05:18<10:51,  4.83s/it]Best trial: 0. Best value: 0.388436:  32%|███▎      | 65/200 [05:18<10:51,  4.83s/it]Best trial: 0. Best value: 0.388436:  33%|███▎      | 66/200 [05:18<10:47,  4.83s/it]                                                                                     Best trial: 0. Best value: 0.388436:  33%|███▎      | 66/200 [05:22<10:47,  4.83s/it]Best trial: 0. Best value: 0.388436:  33%|███▎      | 66/200 [05:22<10:47,  4.83s/it]Best trial: 0. Best value: 0.388436:  34%|███▎      | 67/200 [05:22<10:43,  4.84s/it]                                                                                     Best trial: 0. Best value: 0.388436:  34%|███▎      | 67/200 [05:27<10:43,  4.84s/it]Best trial: 0. Best value: 0.388436:  34%|███▎      | 67/200 [05:27<10:43,  4.84s/it]Best trial: 0. Best value: 0.388436:  34%|███▍      | 68/200 [05:27<10:37,  4.83s/it]                                                                                     Best trial: 0. Best value: 0.388436:  34%|███▍      | 68/200 [05:32<10:37,  4.83s/it]Best trial: 0. Best value: 0.388436:  34%|███▍      | 68/200 [05:32<10:37,  4.83s/it]Best trial: 0. Best value: 0.388436:  34%|███▍      | 69/200 [05:32<10:30,  4.82s/it]                                                                                     Best trial: 0. Best value: 0.388436:  34%|███▍      | 69/200 [05:37<10:30,  4.82s/it]Best trial: 0. Best value: 0.388436:  34%|███▍      | 69/200 [05:37<10:30,  4.82s/it]Best trial: 0. Best value: 0.388436:  35%|███▌      | 70/200 [05:37<10:26,  4.82s/it]                                                                                     Best trial: 0. Best value: 0.388436:  35%|███▌      | 70/200 [05:42<10:26,  4.82s/it]Best trial: 0. Best value: 0.388436:  35%|███▌      | 70/200 [05:42<10:26,  4.82s/it]Best trial: 0. Best value: 0.388436:  36%|███▌      | 71/200 [05:42<10:21,  4.82s/it]                                                                                     Best trial: 0. Best value: 0.388436:  36%|███▌      | 71/200 [05:46<10:21,  4.82s/it]Best trial: 0. Best value: 0.388436:  36%|███▌      | 71/200 [05:46<10:21,  4.82s/it]Best trial: 0. Best value: 0.388436:  36%|███▌      | 72/200 [05:46<10:17,  4.82s/it]                                                                                     Best trial: 0. Best value: 0.388436:  36%|███▌      | 72/200 [05:51<10:17,  4.82s/it]Best trial: 0. Best value: 0.388436:  36%|███▌      | 72/200 [05:51<10:17,  4.82s/it]Best trial: 0. Best value: 0.388436:  36%|███▋      | 73/200 [05:51<10:14,  4.84s/it]                                                                                     Best trial: 0. Best value: 0.388436:  36%|███▋      | 73/200 [05:56<10:14,  4.84s/it]Best trial: 0. Best value: 0.388436:  36%|███▋      | 73/200 [05:56<10:14,  4.84s/it]Best trial: 0. Best value: 0.388436:  37%|███▋      | 74/200 [05:56<10:07,  4.82s/it]                                                                                     Best trial: 0. Best value: 0.388436:  37%|███▋      | 74/200 [06:01<10:07,  4.82s/it]Best trial: 0. Best value: 0.388436:  37%|███▋      | 74/200 [06:01<10:07,  4.82s/it]Best trial: 0. Best value: 0.388436:  38%|███▊      | 75/200 [06:01<10:01,  4.81s/it]                                                                                     Best trial: 0. Best value: 0.388436:  38%|███▊      | 75/200 [06:06<10:01,  4.81s/it]Best trial: 0. Best value: 0.388436:  38%|███▊      | 75/200 [06:06<10:01,  4.81s/it]Best trial: 0. Best value: 0.388436:  38%|███▊      | 76/200 [06:06<09:56,  4.81s/it]                                                                                     Best trial: 0. Best value: 0.388436:  38%|███▊      | 76/200 [06:11<09:56,  4.81s/it]Best trial: 0. Best value: 0.388436:  38%|███▊      | 76/200 [06:11<09:56,  4.81s/it]Best trial: 0. Best value: 0.388436:  38%|███▊      | 77/200 [06:11<09:53,  4.83s/it]                                                                                     Best trial: 0. Best value: 0.388436:  38%|███▊      | 77/200 [06:16<09:53,  4.83s/it]Best trial: 0. Best value: 0.388436:  38%|███▊      | 77/200 [06:16<09:53,  4.83s/it]Best trial: 0. Best value: 0.388436:  39%|███▉      | 78/200 [06:16<09:54,  4.87s/it]                                                                                     Best trial: 0. Best value: 0.388436:  39%|███▉      | 78/200 [06:20<09:54,  4.87s/it]Best trial: 0. Best value: 0.388436:  39%|███▉      | 78/200 [06:20<09:54,  4.87s/it]Best trial: 0. Best value: 0.388436:  40%|███▉      | 79/200 [06:20<09:46,  4.85s/it]                                                                                     Best trial: 0. Best value: 0.388436:  40%|███▉      | 79/200 [06:25<09:46,  4.85s/it]Best trial: 0. Best value: 0.388436:  40%|███▉      | 79/200 [06:25<09:46,  4.85s/it]Best trial: 0. Best value: 0.388436:  40%|████      | 80/200 [06:25<09:38,  4.82s/it]                                                                                     Best trial: 0. Best value: 0.388436:  40%|████      | 80/200 [06:30<09:38,  4.82s/it]Best trial: 0. Best value: 0.388436:  40%|████      | 80/200 [06:30<09:38,  4.82s/it]Best trial: 0. Best value: 0.388436:  40%|████      | 81/200 [06:30<09:30,  4.79s/it]                                                                                     Best trial: 0. Best value: 0.388436:  40%|████      | 81/200 [06:35<09:30,  4.79s/it]Best trial: 0. Best value: 0.388436:  40%|████      | 81/200 [06:35<09:30,  4.79s/it]Best trial: 0. Best value: 0.388436:  41%|████      | 82/200 [06:35<09:28,  4.81s/it]                                                                                     Best trial: 0. Best value: 0.388436:  41%|████      | 82/200 [06:39<09:28,  4.81s/it]Best trial: 0. Best value: 0.388436:  41%|████      | 82/200 [06:39<09:28,  4.81s/it]Best trial: 0. Best value: 0.388436:  42%|████▏     | 83/200 [06:39<09:21,  4.80s/it]                                                                                     Best trial: 0. Best value: 0.388436:  42%|████▏     | 83/200 [06:44<09:21,  4.80s/it]Best trial: 0. Best value: 0.388436:  42%|████▏     | 83/200 [06:44<09:21,  4.80s/it]Best trial: 0. Best value: 0.388436:  42%|████▏     | 84/200 [06:44<09:19,  4.82s/it]                                                                                     Best trial: 0. Best value: 0.388436:  42%|████▏     | 84/200 [06:49<09:19,  4.82s/it]Best trial: 0. Best value: 0.388436:  42%|████▏     | 84/200 [06:49<09:19,  4.82s/it]Best trial: 0. Best value: 0.388436:  42%|████▎     | 85/200 [06:49<09:13,  4.81s/it]                                                                                     Best trial: 0. Best value: 0.388436:  42%|████▎     | 85/200 [06:54<09:13,  4.81s/it]Best trial: 0. Best value: 0.388436:  42%|████▎     | 85/200 [06:54<09:13,  4.81s/it]Best trial: 0. Best value: 0.388436:  43%|████▎     | 86/200 [06:54<09:08,  4.81s/it]                                                                                     Best trial: 0. Best value: 0.388436:  43%|████▎     | 86/200 [06:59<09:08,  4.81s/it]Best trial: 0. Best value: 0.388436:  43%|████▎     | 86/200 [06:59<09:08,  4.81s/it]Best trial: 0. Best value: 0.388436:  44%|████▎     | 87/200 [06:59<09:03,  4.81s/it]                                                                                     
[I 2026-04-11 21:27:34,285] Trial 66 finished with value: 0.38843612003763883 and parameters: {'parameters.mid_layer_count': 3, 'parameters.mid_layer_size': 188, 'parameters.dropout': 0.24817040995183567, 'parameters.batch_size': 178, 'parameters.learning_rate': 0.002914729270629689, 'parameters.weight_decay': 0.00043360369097363396}. Best is trial 0 with value: 0.38843612003763883.
[I 2026-04-11 21:27:39,090] Trial 67 finished with value: 0.38843612003763883 and parameters: {'parameters.mid_layer_count': 2, 'parameters.mid_layer_size': 164, 'parameters.dropout': 0.07204799340246015, 'parameters.batch_size': 135, 'parameters.learning_rate': 0.00011368455407965357, 'parameters.weight_decay': 0.0012707723644668548}. Best is trial 0 with value: 0.38843612003763883.
[I 2026-04-11 21:27:43,877] Trial 68 finished with value: 0.38843612003763883 and parameters: {'parameters.mid_layer_count': 3, 'parameters.mid_layer_size': 249, 'parameters.dropout': 0.06486017476209302, 'parameters.batch_size': 221, 'parameters.learning_rate': 0.00036052016302098427, 'parameters.weight_decay': 2.0737824679899095e-05}. Best is trial 0 with value: 0.38843612003763883.
[I 2026-04-11 21:27:48,700] Trial 69 finished with value: 0.38843612003763883 and parameters: {'parameters.mid_layer_count': 4, 'parameters.mid_layer_size': 340, 'parameters.dropout': 0.32227012681498646, 'parameters.batch_size': 236, 'parameters.learning_rate': 0.0001433469221454693, 'parameters.weight_decay': 0.0006677071935035722}. Best is trial 0 with value: 0.38843612003763883.
[I 2026-04-11 21:27:53,528] Trial 70 finished with value: 0.38843612003763883 and parameters: {'parameters.mid_layer_count': 3, 'parameters.mid_layer_size': 198, 'parameters.dropout': 0.05752225163690615, 'parameters.batch_size': 254, 'parameters.learning_rate': 0.0005801096432535794, 'parameters.weight_decay': 2.466821074311373e-05}. Best is trial 0 with value: 0.38843612003763883.
[I 2026-04-11 21:27:58,356] Trial 71 finished with value: 0.38843612003763883 and parameters: {'parameters.mid_layer_count': 2, 'parameters.mid_layer_size': 478, 'parameters.dropout': 0.08861275623777909, 'parameters.batch_size': 200, 'parameters.learning_rate': 0.0002459189815305779, 'parameters.weight_decay': 0.00020229670841350904}. Best is trial 0 with value: 0.38843612003763883.
[I 2026-04-11 21:28:03,243] Trial 72 finished with value: 0.38843612003763883 and parameters: {'parameters.mid_layer_count': 2, 'parameters.mid_layer_size': 458, 'parameters.dropout': 0.08441422953198409, 'parameters.batch_size': 189, 'parameters.learning_rate': 0.0004208555142302742, 'parameters.weight_decay': 0.00031517258009248686}. Best is trial 0 with value: 0.38843612003763883.
[I 2026-04-11 21:28:08,026] Trial 73 finished with value: 0.38843612003763883 and parameters: {'parameters.mid_layer_count': 2, 'parameters.mid_layer_size': 491, 'parameters.dropout': 0.07328183346192292, 'parameters.batch_size': 185, 'parameters.learning_rate': 0.00017937552679372427, 'parameters.weight_decay': 8.137150847831841e-05}. Best is trial 0 with value: 0.38843612003763883.
[I 2026-04-11 21:28:12,812] Trial 74 finished with value: 0.38843612003763883 and parameters: {'parameters.mid_layer_count': 2, 'parameters.mid_layer_size': 441, 'parameters.dropout': 0.10390311831879179, 'parameters.batch_size': 173, 'parameters.learning_rate': 0.0003065747220694353, 'parameters.weight_decay': 0.00046925878921439724}. Best is trial 0 with value: 0.38843612003763883.
[I 2026-04-11 21:28:17,623] Trial 75 finished with value: 0.38843612003763883 and parameters: {'parameters.mid_layer_count': 2, 'parameters.mid_layer_size': 467, 'parameters.dropout': 0.09676685446658125, 'parameters.batch_size': 158, 'parameters.learning_rate': 0.0002727820856546795, 'parameters.weight_decay': 0.00014679884323328456}. Best is trial 0 with value: 0.38843612003763883.
[I 2026-04-11 21:28:22,480] Trial 76 finished with value: 0.38843612003763883 and parameters: {'parameters.mid_layer_count': 3, 'parameters.mid_layer_size': 422, 'parameters.dropout': 0.0648777045437189, 'parameters.batch_size': 83, 'parameters.learning_rate': 0.00015695545339672228, 'parameters.weight_decay': 5.581739842624759e-05}. Best is trial 0 with value: 0.38843612003763883.
[I 2026-04-11 21:28:27,464] Trial 77 finished with value: 0.38843612003763883 and parameters: {'parameters.mid_layer_count': 5, 'parameters.mid_layer_size': 503, 'parameters.dropout': 0.08218152208849656, 'parameters.batch_size': 146, 'parameters.learning_rate': 0.0004956170646261183, 'parameters.weight_decay': 4.357462705048133e-05}. Best is trial 0 with value: 0.38843612003763883.
[I 2026-04-11 21:28:32,250] Trial 78 finished with value: 0.38843612003763883 and parameters: {'parameters.mid_layer_count': 3, 'parameters.mid_layer_size': 404, 'parameters.dropout': 0.17659965804251032, 'parameters.batch_size': 195, 'parameters.learning_rate': 0.00013301409634846047, 'parameters.weight_decay': 0.0002209574025221759}. Best is trial 0 with value: 0.38843612003763883.
[I 2026-04-11 21:28:37,018] Trial 79 finished with value: 0.38843612003763883 and parameters: {'parameters.mid_layer_count': 2, 'parameters.mid_layer_size': 210, 'parameters.dropout': 0.15995591799091383, 'parameters.batch_size': 216, 'parameters.learning_rate': 0.0008262687887825328, 'parameters.weight_decay': 1.2177156804137043e-05}. Best is trial 0 with value: 0.38843612003763883.
[I 2026-04-11 21:28:41,746] Trial 80 finished with value: 0.38843612003763883 and parameters: {'parameters.mid_layer_count': 4, 'parameters.mid_layer_size': 469, 'parameters.dropout': 0.196382904631876, 'parameters.batch_size': 169, 'parameters.learning_rate': 0.00021367197865077454, 'parameters.weight_decay': 0.0007967831598134763}. Best is trial 0 with value: 0.38843612003763883.
[I 2026-04-11 21:28:46,606] Trial 81 finished with value: 0.38843612003763883 and parameters: {'parameters.mid_layer_count': 4, 'parameters.mid_layer_size': 181, 'parameters.dropout': 0.1215649470071636, 'parameters.batch_size': 179, 'parameters.learning_rate': 0.0023466185864641936, 'parameters.weight_decay': 0.004003349330293323}. Best is trial 0 with value: 0.38843612003763883.
[I 2026-04-11 21:28:51,380] Trial 82 finished with value: 0.38843612003763883 and parameters: {'parameters.mid_layer_count': 4, 'parameters.mid_layer_size': 205, 'parameters.dropout': 0.3544618861611429, 'parameters.batch_size': 204, 'parameters.learning_rate': 0.002649682667787938, 'parameters.weight_decay': 0.00533272401720401}. Best is trial 0 with value: 0.38843612003763883.
[I 2026-04-11 21:28:56,241] Trial 83 finished with value: 0.38843612003763883 and parameters: {'parameters.mid_layer_count': 5, 'parameters.mid_layer_size': 226, 'parameters.dropout': 0.2290524408209824, 'parameters.batch_size': 212, 'parameters.learning_rate': 0.00010030879875989276, 'parameters.weight_decay': 0.004895695065542991}. Best is trial 0 with value: 0.38843612003763883.
[I 2026-04-11 21:29:01,041] Trial 84 finished with value: 0.38843612003763883 and parameters: {'parameters.mid_layer_count': 4, 'parameters.mid_layer_size': 190, 'parameters.dropout': 0.13869054663525282, 'parameters.batch_size': 196, 'parameters.learning_rate': 0.00239776755456965, 'parameters.weight_decay': 0.007022667554905694}. Best is trial 0 with value: 0.38843612003763883.
[I 2026-04-11 21:29:05,834] Trial 85 finished with value: 0.38843612003763883 and parameters: {'parameters.mid_layer_count': 3, 'parameters.mid_layer_size': 484, 'parameters.dropout': 0.2757769443540599, 'parameters.batch_size': 231, 'parameters.learning_rate': 0.00023946747300531627, 'parameters.weight_decay': 0.009753367809530112}. Best is trial 0 with value: 0.38843612003763883.
[I 2026-04-11 21:29:10,641] Trial 86 finished with value: 0.38843612003763883 and parameters: {'parameters.mid_layer_count': 3, 'parameters.mid_layer_size': 263, 'parameters.dropout': 0.0921764688123856, 'parameters.batch_size': 97, 'parameters.learning_rate': 0.0003871753411710334, 'parameters.weight_decay': 0.003353046782057554}. Best is trial 0 with value: 0.38843612003763883.
