[I 2026-04-12 01:44:36,106] Trial 83 finished with value: 0.333257518512638 and parameters: {'parameters.history_length': 38, 'parameters.num_layers': 5, 'parameters.units': 94, 'parameters.dropout': 0.24333546052636332, 'parameters.batch_size': 187, 'parameters.learning_rate': 0.00029733112060714603, 'parameters.weight_decay': 0.006186954913426708}. Best is trial 0 with value: 0.333257518512638.Best trial: 0. Best value: 0.333258:  42%|████▏     | 83/200 [4:06:16<5:42:59, 175.89s/it]Best trial: 0. Best value: 0.333258:  42%|████▏     | 83/200 [4:06:16<5:42:59, 175.89s/it]Best trial: 0. Best value: 0.333258:  42%|████▏     | 84/200 [4:06:16<5:39:38, 175.68s/it]                                                                                          Best trial: 0. Best value: 0.333258:  42%|████▏     | 84/200 [4:09:11<5:39:38, 175.68s/it]Best trial: 0. Best value: 0.333258:  42%|████▏     | 84/200 [4:09:11<5:39:38, 175.68s/it]Best trial: 0. Best value: 0.333258:  42%|████▎     | 85/200 [4:09:11<5:36:24, 175.52s/it]                                                                                          Best trial: 0. Best value: 0.333258:  42%|████▎     | 85/200 [4:12:07<5:36:24, 175.52s/it]Best trial: 0. Best value: 0.333258:  42%|████▎     | 85/200 [4:12:07<5:36:24, 175.52s/it]Best trial: 0. Best value: 0.333258:  43%|████▎     | 86/200 [4:12:07<5:33:19, 175.43s/it]                                                                                          Best trial: 0. Best value: 0.333258:  43%|████▎     | 86/200 [4:15:02<5:33:19, 175.43s/it]Best trial: 0. Best value: 0.333258:  43%|████▎     | 86/200 [4:15:02<5:33:19, 175.43s/it]Best trial: 0. Best value: 0.333258:  44%|████▎     | 87/200 [4:15:02<5:30:15, 175.36s/it]                                                                                          Best trial: 0. Best value: 0.333258:  44%|████▎     | 87/200 [4:17:57<5:30:15, 175.36s/it]Best trial: 0. Best value: 0.333258:  44%|████▎     | 87/200 [4:17:57<5:30:15, 175.36s/it]Best trial: 0. Best value: 0.333258:  44%|████▍     | 88/200 [4:17:57<5:27:17, 175.33s/it]                                                                                          Best trial: 0. Best value: 0.333258:  44%|████▍     | 88/200 [4:20:52<5:27:17, 175.33s/it]Best trial: 0. Best value: 0.333258:  44%|████▍     | 88/200 [4:20:52<5:27:17, 175.33s/it]Best trial: 0. Best value: 0.333258:  44%|████▍     | 89/200 [4:20:52<5:24:18, 175.30s/it]                                                                                          Best trial: 0. Best value: 0.333258:  44%|████▍     | 89/200 [4:23:48<5:24:18, 175.30s/it]Best trial: 0. Best value: 0.333258:  44%|████▍     | 89/200 [4:23:48<5:24:18, 175.30s/it]Best trial: 0. Best value: 0.333258:  45%|████▌     | 90/200 [4:23:48<5:21:23, 175.31s/it]                                                                                          Best trial: 0. Best value: 0.333258:  45%|████▌     | 90/200 [4:26:43<5:21:23, 175.31s/it]Best trial: 0. Best value: 0.333258:  45%|████▌     | 90/200 [4:26:43<5:21:23, 175.31s/it]Best trial: 0. Best value: 0.333258:  46%|████▌     | 91/200 [4:26:43<5:18:30, 175.33s/it]                                                                                          Best trial: 0. Best value: 0.333258:  46%|████▌     | 91/200 [4:29:38<5:18:30, 175.33s/it]Best trial: 0. Best value: 0.333258:  46%|████▌     | 91/200 [4:29:38<5:18:30, 175.33s/it]Best trial: 0. Best value: 0.333258:  46%|████▌     | 92/200 [4:29:38<5:15:31, 175.29s/it]                                                                                          Best trial: 0. Best value: 0.333258:  46%|████▌     | 92/200 [4:32:33<5:15:31, 175.29s/it]Best trial: 0. Best value: 0.333258:  46%|████▌     | 92/200 [4:32:33<5:15:31, 175.29s/it]Best trial: 0. Best value: 0.333258:  46%|████▋     | 93/200 [4:32:33<5:12:34, 175.28s/it]                                                                                          Best trial: 0. Best value: 0.333258:  46%|████▋     | 93/200 [4:35:29<5:12:34, 175.28s/it]Best trial: 0. Best value: 0.333258:  46%|████▋     | 93/200 [4:35:29<5:12:34, 175.28s/it]Best trial: 0. Best value: 0.333258:  47%|████▋     | 94/200 [4:35:29<5:09:39, 175.28s/it]                                                                                          Best trial: 0. Best value: 0.333258:  47%|████▋     | 94/200 [4:38:24<5:09:39, 175.28s/it]Best trial: 0. Best value: 0.333258:  47%|████▋     | 94/200 [4:38:24<5:09:39, 175.28s/it]Best trial: 0. Best value: 0.333258:  48%|████▊     | 95/200 [4:38:24<5:06:43, 175.28s/it]                                                                                          Best trial: 0. Best value: 0.333258:  48%|████▊     | 95/200 [4:41:19<5:06:43, 175.28s/it]Best trial: 0. Best value: 0.333258:  48%|████▊     | 95/200 [4:41:19<5:06:43, 175.28s/it]Best trial: 0. Best value: 0.333258:  48%|████▊     | 96/200 [4:41:19<5:03:46, 175.25s/it]                                                                                          Best trial: 0. Best value: 0.333258:  48%|████▊     | 96/200 [4:44:14<5:03:46, 175.25s/it]Best trial: 0. Best value: 0.333258:  48%|████▊     | 96/200 [4:44:14<5:03:46, 175.25s/it]Best trial: 0. Best value: 0.333258:  48%|████▊     | 97/200 [4:44:14<5:00:48, 175.23s/it]                                                                                          Best trial: 0. Best value: 0.333258:  48%|████▊     | 97/200 [4:47:10<5:00:48, 175.23s/it]Best trial: 0. Best value: 0.333258:  48%|████▊     | 97/200 [4:47:10<5:00:48, 175.23s/it]Best trial: 0. Best value: 0.333258:  49%|████▉     | 98/200 [4:47:10<4:57:55, 175.25s/it]                                                                                          Best trial: 0. Best value: 0.333258:  49%|████▉     | 98/200 [4:50:05<4:57:55, 175.25s/it]Best trial: 0. Best value: 0.333258:  49%|████▉     | 98/200 [4:50:05<4:57:55, 175.25s/it]Best trial: 0. Best value: 0.333258:  50%|████▉     | 99/200 [4:50:05<4:54:56, 175.22s/it]                                                                                          Best trial: 0. Best value: 0.333258:  50%|████▉     | 99/200 [4:53:00<4:54:56, 175.22s/it]Best trial: 0. Best value: 0.333258:  50%|████▉     | 99/200 [4:53:00<4:54:56, 175.22s/it]Best trial: 0. Best value: 0.333258:  50%|█████     | 100/200 [4:53:00<4:51:58, 175.18s/it]                                                                                           Best trial: 0. Best value: 0.333258:  50%|█████     | 100/200 [4:55:55<4:51:58, 175.18s/it]Best trial: 0. Best value: 0.333258:  50%|█████     | 100/200 [4:55:55<4:51:58, 175.18s/it]Best trial: 0. Best value: 0.333258:  50%|█████     | 101/200 [4:55:55<4:49:03, 175.18s/it]                                                                                           Best trial: 0. Best value: 0.333258:  50%|█████     | 101/200 [4:58:50<4:49:03, 175.18s/it]Best trial: 0. Best value: 0.333258:  50%|█████     | 101/200 [4:58:50<4:49:03, 175.18s/it]Best trial: 0. Best value: 0.333258:  51%|█████     | 102/200 [4:58:50<4:46:05, 175.16s/it]                                                                                           Best trial: 0. Best value: 0.333258:  51%|█████     | 102/200 [5:01:45<4:46:05, 175.16s/it]Best trial: 0. Best value: 0.333258:  51%|█████     | 102/200 [5:01:45<4:46:05, 175.16s/it]Best trial: 0. Best value: 0.333258:  52%|█████▏    | 103/200 [5:01:45<4:43:06, 175.11s/it]                                                                                           Best trial: 0. Best value: 0.333258:  52%|█████▏    | 103/200 [5:04:40<4:43:06, 175.11s/it]Best trial: 0. Best value: 0.333258:  52%|█████▏    | 103/200 [5:04:40<4:43:06, 175.11s/it]Best trial: 0. Best value: 0.333258:  52%|█████▏    | 104/200 [5:04:40<4:40:03, 175.04s/it]                                                                                           
[I 2026-04-12 01:47:31,260] Trial 84 finished with value: 0.333257518512638 and parameters: {'parameters.history_length': 160, 'parameters.num_layers': 3, 'parameters.units': 113, 'parameters.dropout': 0.23069528227379424, 'parameters.batch_size': 363, 'parameters.learning_rate': 0.000397804694278199, 'parameters.weight_decay': 0.0027089432895541243}. Best is trial 0 with value: 0.333257518512638.
[I 2026-04-12 01:50:26,479] Trial 85 finished with value: 0.333257518512638 and parameters: {'parameters.history_length': 46, 'parameters.num_layers': 8, 'parameters.units': 267, 'parameters.dropout': 0.3402048724360588, 'parameters.batch_size': 72, 'parameters.learning_rate': 0.00032849581261011536, 'parameters.weight_decay': 0.00762111995351278}. Best is trial 0 with value: 0.333257518512638.
[I 2026-04-12 01:53:21,659] Trial 86 finished with value: 0.333257518512638 and parameters: {'parameters.history_length': 41, 'parameters.num_layers': 2, 'parameters.units': 74, 'parameters.dropout': 0.3130744648212471, 'parameters.batch_size': 184, 'parameters.learning_rate': 0.000491944501929346, 'parameters.weight_decay': 0.0018442491032478422}. Best is trial 0 with value: 0.333257518512638.
[I 2026-04-12 01:56:16,946] Trial 87 finished with value: 0.333257518512638 and parameters: {'parameters.history_length': 57, 'parameters.num_layers': 3, 'parameters.units': 311, 'parameters.dropout': 0.2521639592348706, 'parameters.batch_size': 230, 'parameters.learning_rate': 0.0005635220156840417, 'parameters.weight_decay': 0.0034486017893348864}. Best is trial 0 with value: 0.333257518512638.
[I 2026-04-12 01:59:12,173] Trial 88 finished with value: 0.333257518512638 and parameters: {'parameters.history_length': 120, 'parameters.num_layers': 4, 'parameters.units': 196, 'parameters.dropout': 0.2136026220123473, 'parameters.batch_size': 124, 'parameters.learning_rate': 0.0006326941580855408, 'parameters.weight_decay': 0.0014886941841331328}. Best is trial 0 with value: 0.333257518512638.
[I 2026-04-12 02:02:07,490] Trial 89 finished with value: 0.333257518512638 and parameters: {'parameters.history_length': 66, 'parameters.num_layers': 5, 'parameters.units': 281, 'parameters.dropout': 0.3725690927678846, 'parameters.batch_size': 275, 'parameters.learning_rate': 0.00021213780052746638, 'parameters.weight_decay': 0.0012752693166524166}. Best is trial 0 with value: 0.333257518512638.
[I 2026-04-12 02:05:02,873] Trial 90 finished with value: 0.333257518512638 and parameters: {'parameters.history_length': 111, 'parameters.num_layers': 2, 'parameters.units': 228, 'parameters.dropout': 0.3312511290338297, 'parameters.batch_size': 142, 'parameters.learning_rate': 0.0004546789678540244, 'parameters.weight_decay': 0.009627355286676721}. Best is trial 0 with value: 0.333257518512638.
[I 2026-04-12 02:07:58,070] Trial 91 finished with value: 0.333257518512638 and parameters: {'parameters.history_length': 88, 'parameters.num_layers': 4, 'parameters.units': 243, 'parameters.dropout': 0.23465416901176814, 'parameters.batch_size': 322, 'parameters.learning_rate': 0.0002663571405807096, 'parameters.weight_decay': 0.006837869152401956}. Best is trial 0 with value: 0.333257518512638.
[I 2026-04-12 02:10:53,326] Trial 92 finished with value: 0.333257518512638 and parameters: {'parameters.history_length': 70, 'parameters.num_layers': 4, 'parameters.units': 299, 'parameters.dropout': 0.4101030542786258, 'parameters.batch_size': 64, 'parameters.learning_rate': 0.0002477920140258136, 'parameters.weight_decay': 0.009996283737683735}. Best is trial 0 with value: 0.333257518512638.
[I 2026-04-12 02:13:48,607] Trial 93 finished with value: 0.333257518512638 and parameters: {'parameters.history_length': 51, 'parameters.num_layers': 4, 'parameters.units': 158, 'parameters.dropout': 0.4264731919637342, 'parameters.batch_size': 334, 'parameters.learning_rate': 0.0002768226600974654, 'parameters.weight_decay': 0.0010255118809298328}. Best is trial 0 with value: 0.333257518512638.
[I 2026-04-12 02:16:43,872] Trial 94 finished with value: 0.333257518512638 and parameters: {'parameters.history_length': 84, 'parameters.num_layers': 6, 'parameters.units': 333, 'parameters.dropout': 0.28339979197600434, 'parameters.batch_size': 172, 'parameters.learning_rate': 0.00037521332022904185, 'parameters.weight_decay': 0.008204611127091468}. Best is trial 0 with value: 0.333257518512638.
[I 2026-04-12 02:19:39,068] Trial 95 finished with value: 0.333257518512638 and parameters: {'parameters.history_length': 106, 'parameters.num_layers': 10, 'parameters.units': 238, 'parameters.dropout': 0.3185972084400319, 'parameters.batch_size': 260, 'parameters.learning_rate': 0.00023584664125666973, 'parameters.weight_decay': 0.005698737850383502}. Best is trial 0 with value: 0.333257518512638.
[I 2026-04-12 02:22:34,233] Trial 96 finished with value: 0.333257518512638 and parameters: {'parameters.history_length': 74, 'parameters.num_layers': 3, 'parameters.units': 256, 'parameters.dropout': 0.2438613319009761, 'parameters.batch_size': 297, 'parameters.learning_rate': 0.000311618760943095, 'parameters.weight_decay': 0.004614563533376169}. Best is trial 0 with value: 0.333257518512638.
[I 2026-04-12 02:25:29,524] Trial 97 finished with value: 0.333257518512638 and parameters: {'parameters.history_length': 80, 'parameters.num_layers': 8, 'parameters.units': 209, 'parameters.dropout': 0.20017050980276796, 'parameters.batch_size': 214, 'parameters.learning_rate': 0.00020166865614317254, 'parameters.weight_decay': 0.0002930569268384636}. Best is trial 0 with value: 0.333257518512638.
[I 2026-04-12 02:28:24,672] Trial 98 finished with value: 0.333257518512638 and parameters: {'parameters.history_length': 144, 'parameters.num_layers': 3, 'parameters.units': 270, 'parameters.dropout': 0.26340531881115753, 'parameters.batch_size': 188, 'parameters.learning_rate': 0.001348463738850334, 'parameters.weight_decay': 0.006191567210052274}. Best is trial 0 with value: 0.333257518512638.
[I 2026-04-12 02:31:19,768] Trial 99 finished with value: 0.333257518512638 and parameters: {'parameters.history_length': 36, 'parameters.num_layers': 5, 'parameters.units': 181, 'parameters.dropout': 0.38312049936697434, 'parameters.batch_size': 306, 'parameters.learning_rate': 0.000288735995515061, 'parameters.weight_decay': 0.007729888609960744}. Best is trial 0 with value: 0.333257518512638.
[I 2026-04-12 02:34:14,964] Trial 100 finished with value: 0.333257518512638 and parameters: {'parameters.history_length': 44, 'parameters.num_layers': 10, 'parameters.units': 145, 'parameters.dropout': 0.22368957830575853, 'parameters.batch_size': 290, 'parameters.learning_rate': 0.0005241026118835906, 'parameters.weight_decay': 0.0002144385705081844}. Best is trial 0 with value: 0.333257518512638.
[I 2026-04-12 02:37:10,063] Trial 101 finished with value: 0.333257518512638 and parameters: {'parameters.history_length': 97, 'parameters.num_layers': 7, 'parameters.units': 379, 'parameters.dropout': 0.3001167935176712, 'parameters.batch_size': 74, 'parameters.learning_rate': 0.0015091686782110723, 'parameters.weight_decay': 0.00014535822827707834}. Best is trial 0 with value: 0.333257518512638.
[I 2026-04-12 02:40:05,072] Trial 102 finished with value: 0.333257518512638 and parameters: {'parameters.history_length': 96, 'parameters.num_layers': 8, 'parameters.units': 344, 'parameters.dropout': 0.47642688448697856, 'parameters.batch_size': 96, 'parameters.learning_rate': 0.0018638861615770102, 'parameters.weight_decay': 0.00012522538105256295}. Best is trial 0 with value: 0.333257518512638.
[I 2026-04-12 02:42:59,931] Trial 103 finished with value: 0.333257518512638 and parameters: {'parameters.history_length': 99, 'parameters.num_layers': 7, 'parameters.units': 368, 'parameters.dropout': 0.4752155596958022, 'parameters.batch_size': 108, 'parameters.learning_rate': 0.00025419422874300643, 'parameters.weight_decay': 0.0005518931896858211}. Best is trial 0 with value: 0.333257518512638.
