[I 2026-04-12 07:52:05,019] Trial 192 finished with value: 0.3787205289294688 and parameters: {'parameters.history_length': 67, 'parameters.units': 205, 'parameters.num_layers': 9, 'parameters.dropout': 0.44053269168159426, 'parameters.batch_size': 114, 'parameters.learning_rate': 0.0015451544677206443, 'parameters.weight_decay': 0.00044238736402375854}. Best is trial 0 with value: 0.3787205289294688.
[I 2026-04-12 07:52:13,226] Trial 193 finished with value: 0.3787205289294688 and parameters: {'parameters.history_length': 57, 'parameters.units': 161, 'parameters.num_layers': 9, 'parameters.dropout': 0.4214149976880277, 'parameters.batch_size': 130, 'parameters.learning_rate': 0.0018672078078331568, 'parameters.weight_decay': 0.00036363068074342494}. Best is trial 0 with value: 0.3787205289294688.
[I 2026-04-12 07:52:21,397] Trial 194 finished with value: 0.3787205289294688 and parameters: {'parameters.history_length': 55, 'parameters.units': 183, 'parameters.num_layers': 9, 'parameters.dropout': 0.3796205191777206, 'parameters.batch_size': 100, 'parameters.learning_rate': 0.001668821828831274, 'parameters.weight_decay': 0.0003125421938486629}. Best is trial 0 with value: 0.3787205289294688.
[I 2026-04-12 07:52:29,610] Trial 195 finished with value: 0.3787205289294688 and parameters: {'parameters.history_length': 64, 'parameters.units': 237, 'parameters.num_layers': 9, 'parameters.dropout': 0.4621793820409341, 'parameters.batch_size': 310, 'parameters.learning_rate': 0.0017727559794396249, 'parameters.weight_decay': 0.0005855049940222326}. Best is trial 0 with value: 0.3787205289294688.
[I 2026-04-12 07:52:37,901] Trial 196 finished with value: 0.3787205289294688 and parameters: {'parameters.history_length': 78, 'parameters.units': 376, 'parameters.num_layers': 10, 'parameters.dropout': 0.2549668565815504, 'parameters.batch_size': 85, 'parameters.learning_rate': 0.00036055208041024556, 'parameters.weight_decay': 0.0007124385015445949}. Best is trial 0 with value: 0.3787205289294688.
[I 2026-04-12 07:52:46,161] Trial 197 finished with value: 0.3787205289294688 and parameters: {'parameters.history_length': 49, 'parameters.units': 261, 'parameters.num_layers': 8, 'parameters.dropout': 0.400829098341341, 'parameters.batch_size': 267, 'parameters.learning_rate': 0.0005154005595937126, 'parameters.weight_decay': 0.004589135476724734}. Best is trial 0 with value: 0.3787205289294688.
[I 2026-04-12 07:52:54,385] Trial 198 finished with value: 0.3787205289294688 and parameters: {'parameters.history_length': 125, 'parameters.units': 114, 'parameters.num_layers': 7, 'parameters.dropout': 0.20904702619261717, 'parameters.batch_size': 253, 'parameters.learning_rate': 0.00026278155106886254, 'parameters.weight_decay': 0.0017427625075205689}. Best is trial 0 with value: 0.3787205289294688.
[I 2026-04-12 07:53:02,570] Trial 199 finished with value: 0.3787205289294688 and parameters: {'parameters.history_length': 69, 'parameters.units': 307, 'parameters.num_layers': 8, 'parameters.dropout': 0.35233377273021743, 'parameters.batch_size': 122, 'parameters.learning_rate': 0.0002821514109505775, 'parameters.weight_decay': 0.00011948626786800564}. Best is trial 0 with value: 0.3787205289294688.

Best trial: 0
Best validation loss: 0.378721
Best parameters:
  parameters.history_length: 74
  parameters.units: 369
  parameters.num_layers: 8
  parameters.dropout: 0.379597545259111
  parameters.batch_size: 114
  parameters.learning_rate: 0.0002864339657822303
  parameters.weight_decay: 0.00013066739238053285

Results saved to outputs/temporal_experiment/models/gru/bayes_opt
Best config saved to outputs/temporal_experiment/models/gru/best_config.toml

[2/3] Training best model...
Final training failed for gru

================================================================================
Running experiment for: LSTM
================================================================================

[1/3] Running Bayesian Optimization (200 trials)...

============================================================
Running Bayesian Optimization for LSTM
============================================================
Running 200 trials...
  0%|          | 0/200 [00:00<?, ?it/s]                                         0%|          | 0/200 [00:34<?, ?it/s]Best trial: 0. Best value: 0.380991:   0%|          | 0/200 [00:34<?, ?it/s]Best trial: 0. Best value: 0.380991:   0%|          | 1/200 [00:34<1:53:58, 34.36s/it]                                                                                      Best trial: 0. Best value: 0.380991:   0%|          | 1/200 [01:08<1:53:58, 34.36s/it]Best trial: 0. Best value: 0.380991:   0%|          | 1/200 [01:08<1:53:58, 34.36s/it]Best trial: 0. Best value: 0.380991:   1%|          | 2/200 [01:08<1:53:33, 34.41s/it]                                                                                      Best trial: 0. Best value: 0.380991:   1%|          | 2/200 [01:43<1:53:33, 34.41s/it]Best trial: 0. Best value: 0.380991:   1%|          | 2/200 [01:43<1:53:33, 34.41s/it]Best trial: 0. Best value: 0.380991:   2%|▏         | 3/200 [01:43<1:53:10, 34.47s/it]                                                                                      Best trial: 0. Best value: 0.380991:   2%|▏         | 3/200 [02:17<1:53:10, 34.47s/it]Best trial: 0. Best value: 0.380991:   2%|▏         | 3/200 [02:17<1:53:10, 34.47s/it]Best trial: 0. Best value: 0.380991:   2%|▏         | 4/200 [02:17<1:52:36, 34.47s/it]                                                                                      Best trial: 0. Best value: 0.380991:   2%|▏         | 4/200 [02:52<1:52:36, 34.47s/it]Best trial: 0. Best value: 0.380991:   2%|▏         | 4/200 [02:52<1:52:36, 34.47s/it]Best trial: 0. Best value: 0.380991:   2%|▎         | 5/200 [02:52<1:51:56, 34.44s/it]                                                                                      Best trial: 0. Best value: 0.380991:   2%|▎         | 5/200 [03:26<1:51:56, 34.44s/it]Best trial: 0. Best value: 0.380991:   2%|▎         | 5/200 [03:26<1:51:56, 34.44s/it]Best trial: 0. Best value: 0.380991:   3%|▎         | 6/200 [03:26<1:51:18, 34.43s/it]                                                                                      Best trial: 0. Best value: 0.380991:   3%|▎         | 6/200 [04:00<1:51:18, 34.43s/it]Best trial: 0. Best value: 0.380991:   3%|▎         | 6/200 [04:00<1:51:18, 34.43s/it]Best trial: 0. Best value: 0.380991:   4%|▎         | 7/200 [04:00<1:50:36, 34.38s/it]                                                                                      Best trial: 0. Best value: 0.380991:   4%|▎         | 7/200 [04:35<1:50:36, 34.38s/it]Best trial: 0. Best value: 0.380991:   4%|▎         | 7/200 [04:35<1:50:36, 34.38s/it]Best trial: 0. Best value: 0.380991:   4%|▍         | 8/200 [04:35<1:50:00, 34.38s/it]                                                                                      Best trial: 0. Best value: 0.380991:   4%|▍         | 8/200 [05:09<1:50:00, 34.38s/it]Best trial: 0. Best value: 0.380991:   4%|▍         | 8/200 [05:09<1:50:00, 34.38s/it]Best trial: 0. Best value: 0.380991:   4%|▍         | 9/200 [05:09<1:49:24, 34.37s/it]                                                                                      Best trial: 0. Best value: 0.380991:   4%|▍         | 9/200 [05:44<1:49:24, 34.37s/it]Best trial: 0. Best value: 0.380991:   4%|▍         | 9/200 [05:44<1:49:24, 34.37s/it]Best trial: 0. Best value: 0.380991:   5%|▌         | 10/200 [05:44<1:48:54, 34.39s/it]                                                                                       Best trial: 0. Best value: 0.380991:   5%|▌         | 10/200 [06:18<1:48:54, 34.39s/it]Best trial: 0. Best value: 0.380991:   5%|▌         | 10/200 [06:18<1:48:54, 34.39s/it]Best trial: 0. Best value: 0.380991:   6%|▌         | 11/200 [06:18<1:48:19, 34.39s/it]                                                                                       Best trial: 0. Best value: 0.380991:   6%|▌         | 11/200 [06:52<1:48:19, 34.39s/it]Best trial: 0. Best value: 0.380991:   6%|▌         | 11/200 [06:52<1:48:19, 34.39s/it]Best trial: 0. Best value: 0.380991:   6%|▌         | 12/200 [06:52<1:47:45, 34.39s/it]                                                                                       Best trial: 0. Best value: 0.380991:   6%|▌         | 12/200 [07:27<1:47:45, 34.39s/it]Best trial: 0. Best value: 0.380991:   6%|▌         | 12/200 [07:27<1:47:45, 34.39s/it]Best trial: 0. Best value: 0.380991:   6%|▋         | 13/200 [07:27<1:47:09, 34.38s/it]                                                                                       Best trial: 0. Best value: 0.380991:   6%|▋         | 13/200 [08:01<1:47:09, 34.38s/it]Best trial: 0. Best value: 0.380991:   6%|▋         | 13/200 [08:01<1:47:09, 34.38s/it]Best trial: 0. Best value: 0.380991:   7%|▋         | 14/200 [08:01<1:46:33, 34.38s/it]                                                                                       Best trial: 0. Best value: 0.380991:   7%|▋         | 14/200 [08:36<1:46:33, 34.38s/it]Best trial: 0. Best value: 0.380991:   7%|▋         | 14/200 [08:36<1:46:33, 34.38s/it]Best trial: 0. Best value: 0.380991:   8%|▊         | 15/200 [08:36<1:46:04, 34.41s/it]                                                                                       Best trial: 0. Best value: 0.380991:   8%|▊         | 15/200 [09:10<1:46:04, 34.41s/it]Best trial: 0. Best value: 0.380991:   8%|▊         | 15/200 [09:10<1:46:04, 34.41s/it]Best trial: 0. Best value: 0.380991:   8%|▊         | 16/200 [09:10<1:45:26, 34.38s/it]                                                                                       Best trial: 0. Best value: 0.380991:   8%|▊         | 16/200 [09:44<1:45:26, 34.38s/it]Best trial: 0. Best value: 0.380991:   8%|▊         | 16/200 [09:44<1:45:26, 34.38s/it]Best trial: 0. Best value: 0.380991:   8%|▊         | 17/200 [09:44<1:44:51, 34.38s/it]                                                                                       Best trial: 0. Best value: 0.380991:   8%|▊         | 17/200 [10:19<1:44:51, 34.38s/it]Best trial: 0. Best value: 0.380991:   8%|▊         | 17/200 [10:19<1:44:51, 34.38s/it]Best trial: 0. Best value: 0.380991:   9%|▉         | 18/200 [10:19<1:44:16, 34.38s/it]                                                                                       Best trial: 0. Best value: 0.380991:   9%|▉         | 18/200 [10:53<1:44:16, 34.38s/it]Best trial: 0. Best value: 0.380991:   9%|▉         | 18/200 [10:53<1:44:16, 34.38s/it]Best trial: 0. Best value: 0.380991:  10%|▉         | 19/200 [10:53<1:43:40, 34.37s/it]                                                                                       Best trial: 0. Best value: 0.380991:  10%|▉         | 19/200 [11:28<1:43:40, 34.37s/it]Best trial: 0. Best value: 0.380991:  10%|▉         | 19/200 [11:28<1:43:40, 34.37s/it]Best trial: 0. Best value: 0.380991:  10%|█         | 20/200 [11:28<1:43:15, 34.42s/it]                                                                                       [I 2026-04-12 07:53:45,168] Trial 0 finished with value: 0.3809907807167186 and parameters: {'parameters.history_length': 100, 'parameters.num_layers': 4, 'parameters.units': 298, 'parameters.dropout': 0.26208630215377515, 'parameters.batch_size': 168, 'parameters.learning_rate': 0.0002864339657822303, 'parameters.weight_decay': 0.00013066739238053285}. Best is trial 0 with value: 0.3809907807167186.
[I 2026-04-12 07:54:19,612] Trial 1 finished with value: 0.3809907807167186 and parameters: {'parameters.history_length': 148, 'parameters.num_layers': 3, 'parameters.units': 291, 'parameters.dropout': 0.10336843570697404, 'parameters.batch_size': 377, 'parameters.learning_rate': 0.001359792484318226, 'parameters.weight_decay': 0.00026587543983272726}. Best is trial 0 with value: 0.3809907807167186.
[I 2026-04-12 07:54:54,146] Trial 2 finished with value: 0.3809907807167186 and parameters: {'parameters.history_length': 81, 'parameters.num_layers': 1, 'parameters.units': 161, 'parameters.dropout': 0.23269604681949624, 'parameters.batch_size': 239, 'parameters.learning_rate': 0.0003910741732549046, 'parameters.weight_decay': 0.0016738085788752138}. Best is trial 0 with value: 0.3809907807167186.
[I 2026-04-12 07:55:28,619] Trial 3 finished with value: 0.3809907807167186 and parameters: {'parameters.history_length': 77, 'parameters.num_layers': 2, 'parameters.units': 181, 'parameters.dropout': 0.20834315611529478, 'parameters.batch_size': 329, 'parameters.learning_rate': 0.0003167406311823747, 'parameters.weight_decay': 0.0010677482709481358}. Best is trial 0 with value: 0.3809907807167186.
[I 2026-04-12 07:56:03,020] Trial 4 finished with value: 0.3809907807167186 and parameters: {'parameters.history_length': 121, 'parameters.num_layers': 1, 'parameters.units': 259, 'parameters.dropout': 0.13158041368516615, 'parameters.batch_size': 144, 'parameters.learning_rate': 0.0017779335814037862, 'parameters.weight_decay': 0.00853618986286683}. Best is trial 0 with value: 0.3809907807167186.
[I 2026-04-12 07:56:37,413] Trial 5 finished with value: 0.3809907807167186 and parameters: {'parameters.history_length': 142, 'parameters.num_layers': 2, 'parameters.units': 95, 'parameters.dropout': 0.30078651475264556, 'parameters.batch_size': 241, 'parameters.learning_rate': 0.0002648916268019866, 'parameters.weight_decay': 0.0009780337016659412}. Best is trial 0 with value: 0.3809907807167186.
[I 2026-04-12 07:57:11,708] Trial 6 finished with value: 0.3809907807167186 and parameters: {'parameters.history_length': 67, 'parameters.num_layers': 4, 'parameters.units': 147, 'parameters.dropout': 0.29045790726652737, 'parameters.batch_size': 208, 'parameters.learning_rate': 0.000662365977614476, 'parameters.weight_decay': 0.0012399967836846098}. Best is trial 0 with value: 0.3809907807167186.
[I 2026-04-12 07:57:46,066] Trial 7 finished with value: 0.3809907807167186 and parameters: {'parameters.history_length': 81, 'parameters.num_layers': 4, 'parameters.units': 312, 'parameters.dropout': 0.45360891279216237, 'parameters.batch_size': 357, 'parameters.learning_rate': 0.0007923735580813167, 'parameters.weight_decay': 0.0069782812651260325}. Best is trial 0 with value: 0.3809907807167186.
[I 2026-04-12 07:58:20,413] Trial 8 finished with value: 0.3809907807167186 and parameters: {'parameters.history_length': 72, 'parameters.num_layers': 1, 'parameters.units': 78, 'parameters.dropout': 0.1688092120423238, 'parameters.batch_size': 227, 'parameters.learning_rate': 0.0003735760514214134, 'parameters.weight_decay': 0.004544383960336014}. Best is trial 0 with value: 0.3809907807167186.
[I 2026-04-12 07:58:54,854] Trial 9 finished with value: 0.3809907807167186 and parameters: {'parameters.history_length': 98, 'parameters.num_layers': 2, 'parameters.units': 238, 'parameters.dropout': 0.12545899554294088, 'parameters.batch_size': 334, 'parameters.learning_rate': 0.0002374546285067177, 'parameters.weight_decay': 0.009413993046829943}. Best is trial 0 with value: 0.3809907807167186.
[I 2026-04-12 07:59:29,250] Trial 10 finished with value: 0.3809907807167186 and parameters: {'parameters.history_length': 113, 'parameters.num_layers': 3, 'parameters.units': 375, 'parameters.dropout': 0.44837664634842117, 'parameters.batch_size': 131, 'parameters.learning_rate': 0.0005001189812980793, 'parameters.weight_decay': 0.00010722312838040235}. Best is trial 0 with value: 0.3809907807167186.
[I 2026-04-12 08:00:03,647] Trial 11 finished with value: 0.3809907807167186 and parameters: {'parameters.history_length': 157, 'parameters.num_layers': 3, 'parameters.units': 301, 'parameters.dropout': 0.10256580517421476, 'parameters.batch_size': 286, 'parameters.learning_rate': 0.001256902823130098, 'parameters.weight_decay': 0.0001301397360657581}. Best is trial 0 with value: 0.3809907807167186.
[I 2026-04-12 08:00:38,006] Trial 12 finished with value: 0.3809907807167186 and parameters: {'parameters.history_length': 136, 'parameters.num_layers': 4, 'parameters.units': 357, 'parameters.dropout': 0.3206687180749135, 'parameters.batch_size': 179, 'parameters.learning_rate': 0.00095494434347689, 'parameters.weight_decay': 0.00027209976155848575}. Best is trial 0 with value: 0.3809907807167186.
[I 2026-04-12 08:01:12,366] Trial 13 finished with value: 0.3809907807167186 and parameters: {'parameters.history_length': 99, 'parameters.num_layers': 3, 'parameters.units': 295, 'parameters.dropout': 0.18372248822004708, 'parameters.batch_size': 382, 'parameters.learning_rate': 0.001566296737002324, 'parameters.weight_decay': 0.0002846282635669909}. Best is trial 0 with value: 0.3809907807167186.
[I 2026-04-12 08:01:46,838] Trial 14 finished with value: 0.3809907807167186 and parameters: {'parameters.history_length': 159, 'parameters.num_layers': 4, 'parameters.units': 334, 'parameters.dropout': 0.257577217919312, 'parameters.batch_size': 287, 'parameters.learning_rate': 0.0010635660276295932, 'parameters.weight_decay': 0.00030287539859849907}. Best is trial 0 with value: 0.3809907807167186.
[I 2026-04-12 08:02:21,172] Trial 15 finished with value: 0.3809907807167186 and parameters: {'parameters.history_length': 128, 'parameters.num_layers': 3, 'parameters.units': 263, 'parameters.dropout': 0.36712496624610796, 'parameters.batch_size': 178, 'parameters.learning_rate': 0.0005261228039335526, 'parameters.weight_decay': 0.0005286741166545425}. Best is trial 0 with value: 0.3809907807167186.
[I 2026-04-12 08:02:55,546] Trial 16 finished with value: 0.3809907807167186 and parameters: {'parameters.history_length': 98, 'parameters.num_layers': 4, 'parameters.units': 209, 'parameters.dropout': 0.1287808736457566, 'parameters.batch_size': 279, 'parameters.learning_rate': 0.00020162102536002064, 'parameters.weight_decay': 0.00018015596595059326}. Best is trial 0 with value: 0.3809907807167186.
[I 2026-04-12 08:03:29,917] Trial 17 finished with value: 0.3809907807167186 and parameters: {'parameters.history_length': 144, 'parameters.num_layers': 3, 'parameters.units': 276, 'parameters.dropout': 0.16247590477303, 'parameters.batch_size': 182, 'parameters.learning_rate': 0.0012743946236752595, 'parameters.weight_decay': 0.0005983206987374906}. Best is trial 0 with value: 0.3809907807167186.
[I 2026-04-12 08:04:04,268] Trial 18 finished with value: 0.3809907807167186 and parameters: {'parameters.history_length': 108, 'parameters.num_layers': 4, 'parameters.units': 333, 'parameters.dropout': 0.1035210440010946, 'parameters.batch_size': 316, 'parameters.learning_rate': 0.0007255141528082508, 'parameters.weight_decay': 0.0001635280109508478}. Best is trial 0 with value: 0.3809907807167186.
[I 2026-04-12 08:04:38,808] Trial 19 finished with value: 0.3809907807167186 and parameters: {'parameters.history_length': 89, 'parameters.num_layers': 3, 'parameters.units': 221, 'parameters.dropout': 0.3750111317699529, 'parameters.batch_size': 266, 'parameters.learning_rate': 0.001991598087660158, 'parameters.weight_decay': 0.00044660663318794386}. Best is trial 0 with value: 0.3809907807167186.
