[I 2026-04-11 21:20:53,014] Trial 179 finished with value: 0.34265128860961136 and parameters: {'parameters.depth': 8, 'parameters.learning_rate': 0.006366509578066413, 'parameters.l2_leaf_reg': 2.9129264467309888, 'parameters.subsample': 0.7936985993938858, 'parameters.random_strength': 0.10554244582301905, 'parameters.bagging_temperature': 0.4112315058055132}. Best is trial 0 with value: 0.34265128860961136.Best trial: 0. Best value: 0.342651:  90%|████████▉ | 179/200 [11:11<01:18,  3.72s/it]Best trial: 0. Best value: 0.342651:  90%|████████▉ | 179/200 [11:11<01:18,  3.72s/it]Best trial: 0. Best value: 0.342651:  90%|█████████ | 180/200 [11:11<01:14,  3.74s/it]                                                                                      Best trial: 0. Best value: 0.342651:  90%|█████████ | 180/200 [11:15<01:14,  3.74s/it]Best trial: 0. Best value: 0.342651:  90%|█████████ | 180/200 [11:15<01:14,  3.74s/it]Best trial: 0. Best value: 0.342651:  90%|█████████ | 181/200 [11:15<01:11,  3.74s/it]                                                                                      Best trial: 0. Best value: 0.342651:  90%|█████████ | 181/200 [11:18<01:11,  3.74s/it]Best trial: 0. Best value: 0.342651:  90%|█████████ | 181/200 [11:18<01:11,  3.74s/it]Best trial: 0. Best value: 0.342651:  91%|█████████ | 182/200 [11:18<01:07,  3.76s/it]                                                                                      Best trial: 0. Best value: 0.342651:  91%|█████████ | 182/200 [11:22<01:07,  3.76s/it]Best trial: 0. Best value: 0.342651:  91%|█████████ | 182/200 [11:22<01:07,  3.76s/it]Best trial: 0. Best value: 0.342651:  92%|█████████▏| 183/200 [11:22<01:03,  3.76s/it]                                                                                      Best trial: 0. Best value: 0.342651:  92%|█████████▏| 183/200 [11:26<01:03,  3.76s/it]Best trial: 0. Best value: 0.342651:  92%|█████████▏| 183/200 [11:26<01:03,  3.76s/it]Best trial: 0. Best value: 0.342651:  92%|█████████▏| 184/200 [11:26<01:00,  3.76s/it]                                                                                      Best trial: 0. Best value: 0.342651:  92%|█████████▏| 184/200 [11:30<01:00,  3.76s/it]Best trial: 0. Best value: 0.342651:  92%|█████████▏| 184/200 [11:30<01:00,  3.76s/it]Best trial: 0. Best value: 0.342651:  92%|█████████▎| 185/200 [11:30<00:56,  3.76s/it]                                                                                      Best trial: 0. Best value: 0.342651:  92%|█████████▎| 185/200 [11:33<00:56,  3.76s/it]Best trial: 0. Best value: 0.342651:  92%|█████████▎| 185/200 [11:33<00:56,  3.76s/it]Best trial: 0. Best value: 0.342651:  93%|█████████▎| 186/200 [11:33<00:52,  3.76s/it]                                                                                      Best trial: 0. Best value: 0.342651:  93%|█████████▎| 186/200 [11:37<00:52,  3.76s/it]Best trial: 0. Best value: 0.342651:  93%|█████████▎| 186/200 [11:37<00:52,  3.76s/it]Best trial: 0. Best value: 0.342651:  94%|█████████▎| 187/200 [11:37<00:48,  3.74s/it]                                                                                      Best trial: 0. Best value: 0.342651:  94%|█████████▎| 187/200 [11:41<00:48,  3.74s/it]Best trial: 0. Best value: 0.342651:  94%|█████████▎| 187/200 [11:41<00:48,  3.74s/it]Best trial: 0. Best value: 0.342651:  94%|█████████▍| 188/200 [11:41<00:45,  3.75s/it]                                                                                      Best trial: 0. Best value: 0.342651:  94%|█████████▍| 188/200 [11:45<00:45,  3.75s/it]Best trial: 0. Best value: 0.342651:  94%|█████████▍| 188/200 [11:45<00:45,  3.75s/it]Best trial: 0. Best value: 0.342651:  94%|█████████▍| 189/200 [11:45<00:41,  3.74s/it]                                                                                      Best trial: 0. Best value: 0.342651:  94%|█████████▍| 189/200 [11:48<00:41,  3.74s/it]Best trial: 0. Best value: 0.342651:  94%|█████████▍| 189/200 [11:48<00:41,  3.74s/it]Best trial: 0. Best value: 0.342651:  95%|█████████▌| 190/200 [11:48<00:37,  3.73s/it]                                                                                      Best trial: 0. Best value: 0.342651:  95%|█████████▌| 190/200 [11:52<00:37,  3.73s/it]Best trial: 0. Best value: 0.342651:  95%|█████████▌| 190/200 [11:52<00:37,  3.73s/it]Best trial: 0. Best value: 0.342651:  96%|█████████▌| 191/200 [11:52<00:33,  3.73s/it]                                                                                      Best trial: 0. Best value: 0.342651:  96%|█████████▌| 191/200 [11:56<00:33,  3.73s/it]Best trial: 0. Best value: 0.342651:  96%|█████████▌| 191/200 [11:56<00:33,  3.73s/it]Best trial: 0. Best value: 0.342651:  96%|█████████▌| 192/200 [11:56<00:29,  3.71s/it]                                                                                      Best trial: 0. Best value: 0.342651:  96%|█████████▌| 192/200 [11:59<00:29,  3.71s/it]Best trial: 0. Best value: 0.342651:  96%|█████████▌| 192/200 [11:59<00:29,  3.71s/it]Best trial: 0. Best value: 0.342651:  96%|█████████▋| 193/200 [11:59<00:25,  3.70s/it]                                                                                      Best trial: 0. Best value: 0.342651:  96%|█████████▋| 193/200 [12:03<00:25,  3.70s/it]Best trial: 0. Best value: 0.342651:  96%|█████████▋| 193/200 [12:03<00:25,  3.70s/it]Best trial: 0. Best value: 0.342651:  97%|█████████▋| 194/200 [12:03<00:22,  3.71s/it]                                                                                      Best trial: 0. Best value: 0.342651:  97%|█████████▋| 194/200 [12:07<00:22,  3.71s/it]Best trial: 0. Best value: 0.342651:  97%|█████████▋| 194/200 [12:07<00:22,  3.71s/it]Best trial: 0. Best value: 0.342651:  98%|█████████▊| 195/200 [12:07<00:18,  3.69s/it]                                                                                      Best trial: 0. Best value: 0.342651:  98%|█████████▊| 195/200 [12:11<00:18,  3.69s/it]Best trial: 0. Best value: 0.342651:  98%|█████████▊| 195/200 [12:11<00:18,  3.69s/it]Best trial: 0. Best value: 0.342651:  98%|█████████▊| 196/200 [12:11<00:14,  3.69s/it]                                                                                      Best trial: 0. Best value: 0.342651:  98%|█████████▊| 196/200 [12:14<00:14,  3.69s/it]Best trial: 0. Best value: 0.342651:  98%|█████████▊| 196/200 [12:14<00:14,  3.69s/it]Best trial: 0. Best value: 0.342651:  98%|█████████▊| 197/200 [12:14<00:11,  3.70s/it]                                                                                      Best trial: 0. Best value: 0.342651:  98%|█████████▊| 197/200 [12:18<00:11,  3.70s/it]Best trial: 0. Best value: 0.342651:  98%|█████████▊| 197/200 [12:18<00:11,  3.70s/it]Best trial: 0. Best value: 0.342651:  99%|█████████▉| 198/200 [12:18<00:07,  3.71s/it]                                                                                      Best trial: 0. Best value: 0.342651:  99%|█████████▉| 198/200 [12:22<00:07,  3.71s/it]Best trial: 0. Best value: 0.342651:  99%|█████████▉| 198/200 [12:22<00:07,  3.71s/it]Best trial: 0. Best value: 0.342651: 100%|█████████▉| 199/200 [12:22<00:03,  3.72s/it]                                                                                      
[I 2026-04-11 21:20:56,753] Trial 180 finished with value: 0.34265128860961136 and parameters: {'parameters.depth': 9, 'parameters.learning_rate': 0.008143458318966798, 'parameters.l2_leaf_reg': 2.027455142473516, 'parameters.subsample': 0.7673008873525738, 'parameters.random_strength': 0.8377400573273449, 'parameters.bagging_temperature': 0.0014301048391825624}. Best is trial 0 with value: 0.34265128860961136.
[I 2026-04-11 21:21:00,558] Trial 181 finished with value: 0.34265128860961136 and parameters: {'parameters.depth': 4, 'parameters.learning_rate': 0.012118852477672951, 'parameters.l2_leaf_reg': 4.305627625607812, 'parameters.subsample': 0.9718500208888928, 'parameters.random_strength': 0.10274275621593675, 'parameters.bagging_temperature': 0.011979444235865392}. Best is trial 0 with value: 0.34265128860961136.
[I 2026-04-11 21:21:04,308] Trial 182 finished with value: 0.34265128860961136 and parameters: {'parameters.depth': 4, 'parameters.learning_rate': 0.00982039844895409, 'parameters.l2_leaf_reg': 4.903201327523917, 'parameters.subsample': 0.9880173843175697, 'parameters.random_strength': 0.11214810959007375, 'parameters.bagging_temperature': 0.016183341869939593}. Best is trial 0 with value: 0.34265128860961136.
[I 2026-04-11 21:21:08,093] Trial 183 finished with value: 0.34265128860961136 and parameters: {'parameters.depth': 4, 'parameters.learning_rate': 0.013595718954164428, 'parameters.l2_leaf_reg': 3.975209185501354, 'parameters.subsample': 0.9637109973423235, 'parameters.random_strength': 0.18763720689162264, 'parameters.bagging_temperature': 0.019296467668125407}. Best is trial 0 with value: 0.34265128860961136.
[I 2026-04-11 21:21:11,842] Trial 184 finished with value: 0.34265128860961136 and parameters: {'parameters.depth': 6, 'parameters.learning_rate': 0.010580508255613926, 'parameters.l2_leaf_reg': 9.192366268272472, 'parameters.subsample': 0.9867458556847097, 'parameters.random_strength': 0.911639238430312, 'parameters.bagging_temperature': 0.014547869014300286}. Best is trial 0 with value: 0.34265128860961136.
[I 2026-04-11 21:21:15,597] Trial 185 finished with value: 0.34265128860961136 and parameters: {'parameters.depth': 4, 'parameters.learning_rate': 0.00880055278835218, 'parameters.l2_leaf_reg': 4.709658778768167, 'parameters.subsample': 0.9925901408963216, 'parameters.random_strength': 0.10449186401825095, 'parameters.bagging_temperature': 0.031298915509350184}. Best is trial 0 with value: 0.34265128860961136.
[I 2026-04-11 21:21:19,300] Trial 186 finished with value: 0.34265128860961136 and parameters: {'parameters.depth': 4, 'parameters.learning_rate': 0.007369776254316364, 'parameters.l2_leaf_reg': 4.430279049154681, 'parameters.subsample': 0.952265483732247, 'parameters.random_strength': 0.12169158387396074, 'parameters.bagging_temperature': 0.0021587785220096955}. Best is trial 0 with value: 0.34265128860961136.
[I 2026-04-11 21:21:23,078] Trial 187 finished with value: 0.34265128860961136 and parameters: {'parameters.depth': 12, 'parameters.learning_rate': 0.011435158943451759, 'parameters.l2_leaf_reg': 3.6971479542466943, 'parameters.subsample': 0.9992960935498805, 'parameters.random_strength': 0.4831067068128362, 'parameters.bagging_temperature': 0.024049739197253943}. Best is trial 0 with value: 0.34265128860961136.
[I 2026-04-11 21:21:26,781] Trial 188 finished with value: 0.34265128860961136 and parameters: {'parameters.depth': 5, 'parameters.learning_rate': 0.01778248599424109, 'parameters.l2_leaf_reg': 5.046404591739104, 'parameters.subsample': 0.8702290406968255, 'parameters.random_strength': 0.14200535437739237, 'parameters.bagging_temperature': 0.010358771717451927}. Best is trial 0 with value: 0.34265128860961136.
[I 2026-04-11 21:21:30,489] Trial 189 finished with value: 0.34265128860961136 and parameters: {'parameters.depth': 11, 'parameters.learning_rate': 0.022382421419580852, 'parameters.l2_leaf_reg': 4.131119151272858, 'parameters.subsample': 0.8376410163756575, 'parameters.random_strength': 0.21835304567177924, 'parameters.bagging_temperature': 0.0011141295299226747}. Best is trial 0 with value: 0.34265128860961136.
[I 2026-04-11 21:21:34,208] Trial 190 finished with value: 0.34265128860961136 and parameters: {'parameters.depth': 7, 'parameters.learning_rate': 0.004059473399198168, 'parameters.l2_leaf_reg': 1.7974822575550464, 'parameters.subsample': 0.7501099448246119, 'parameters.random_strength': 0.15716528643189254, 'parameters.bagging_temperature': 0.13844200382059793}. Best is trial 0 with value: 0.34265128860961136.
[I 2026-04-11 21:21:37,893] Trial 191 finished with value: 0.34265128860961136 and parameters: {'parameters.depth': 5, 'parameters.learning_rate': 0.027525116795602808, 'parameters.l2_leaf_reg': 3.2180298552779463, 'parameters.subsample': 0.6603191267114538, 'parameters.random_strength': 0.10940953768508772, 'parameters.bagging_temperature': 0.004546670209930203}. Best is trial 0 with value: 0.34265128860961136.
[I 2026-04-11 21:21:41,571] Trial 192 finished with value: 0.34265128860961136 and parameters: {'parameters.depth': 5, 'parameters.learning_rate': 0.028213656855529536, 'parameters.l2_leaf_reg': 3.856293864251483, 'parameters.subsample': 0.8627074852789764, 'parameters.random_strength': 0.22863520875543333, 'parameters.bagging_temperature': 0.0030595195999299006}. Best is trial 0 with value: 0.34265128860961136.
[I 2026-04-11 21:21:45,303] Trial 193 finished with value: 0.34265128860961136 and parameters: {'parameters.depth': 5, 'parameters.learning_rate': 0.024174096468637593, 'parameters.l2_leaf_reg': 3.5578877906994983, 'parameters.subsample': 0.7037921387400257, 'parameters.random_strength': 0.26454112335959085, 'parameters.bagging_temperature': 0.689602612866269}. Best is trial 0 with value: 0.34265128860961136.
[I 2026-04-11 21:21:48,935] Trial 194 finished with value: 0.34265128860961136 and parameters: {'parameters.depth': 6, 'parameters.learning_rate': 0.004439328877136378, 'parameters.l2_leaf_reg': 3.4008806617184715, 'parameters.subsample': 0.6909615729949412, 'parameters.random_strength': 0.2864409958400142, 'parameters.bagging_temperature': 0.002228514225492621}. Best is trial 0 with value: 0.34265128860961136.
[I 2026-04-11 21:21:52,633] Trial 195 finished with value: 0.34265128860961136 and parameters: {'parameters.depth': 10, 'parameters.learning_rate': 0.026026750155007924, 'parameters.l2_leaf_reg': 3.02843954762277, 'parameters.subsample': 0.7104044857274251, 'parameters.random_strength': 0.2507105777267902, 'parameters.bagging_temperature': 0.003627869610609435}. Best is trial 0 with value: 0.34265128860961136.
[I 2026-04-11 21:21:56,351] Trial 196 finished with value: 0.34265128860961136 and parameters: {'parameters.depth': 5, 'parameters.learning_rate': 0.003236855813192851, 'parameters.l2_leaf_reg': 1.0572292761147524, 'parameters.subsample': 0.7235223303950874, 'parameters.random_strength': 0.19574508229157203, 'parameters.bagging_temperature': 0.00560351584142732}. Best is trial 0 with value: 0.34265128860961136.
[I 2026-04-11 21:22:00,099] Trial 197 finished with value: 0.34265128860961136 and parameters: {'parameters.depth': 8, 'parameters.learning_rate': 0.029540410093664704, 'parameters.l2_leaf_reg': 5.24674147330362, 'parameters.subsample': 0.8107418639142637, 'parameters.random_strength': 0.16689612722260497, 'parameters.bagging_temperature': 0.0026840214815805744}. Best is trial 0 with value: 0.34265128860961136.
[I 2026-04-11 21:22:03,839] Trial 198 finished with value: 0.34265128860961136 and parameters: {'parameters.depth': 4, 'parameters.learning_rate': 0.0029881879906465203, 'parameters.l2_leaf_reg': 6.836189694598675, 'parameters.subsample': 0.7326627794743441, 'parameters.random_strength': 0.10003505553497401, 'parameters.bagging_temperature': 0.0018752196781149691}. Best is trial 0 with value: 0.34265128860961136.
[I 2026-04-11 21:22:07,620] Trial 199 finished with value: 0.34265128860961136 and parameters: {'parameters.depth': 7, 'parameters.learning_rate': 0.002695141966680606, 'parameters.l2_leaf_reg': 8.322113154309323, 'parameters.subsample': 0.7178174683470094, 'parameters.random_strength': 0.21048429378953903, 'parameters.bagging_temperature': 0.17660924867081113}. Best is trial 0 with value: 0.34265128860961136.Best trial: 0. Best value: 0.342651: 100%|█████████▉| 199/200 [12:25<00:03,  3.72s/it]Best trial: 0. Best value: 0.342651: 100%|█████████▉| 199/200 [12:25<00:03,  3.72s/it]Best trial: 0. Best value: 0.342651: 100%|██████████| 200/200 [12:25<00:00,  3.74s/it]Best trial: 0. Best value: 0.342651: 100%|██████████| 200/200 [12:25<00:00,  3.73s/it]
[I 2026-04-11 21:22:11,415] A new study created in memory with name: mlp_temporal_optimization


Best trial: 0
Best validation loss: 0.342651
Best parameters:
  parameters.depth: 7
  parameters.learning_rate: 0.026251660632419304
  parameters.l2_leaf_reg: 5.395030966670228
  parameters.subsample: 0.8146346649119967
  parameters.random_strength: 0.1432249371823025
  parameters.bagging_temperature: 0.0029375384576328283

Results saved to outputs/temporal_experiment/models/catboost/bayes_opt
Best config saved to outputs/temporal_experiment/models/catboost/best_config.toml

[2/3] Training best model...
Final training failed for catboost

================================================================================
Running experiment for: MLP
================================================================================

[1/3] Running Bayesian Optimization (200 trials)...

============================================================
Running Bayesian Optimization for MLP
============================================================
Running 200 trials...
