[I 2026-04-11 20:17:43,972] Trial 18 finished with value: 0.3419311770058864 and parameters: {'parameters.max_depth': 27, 'parameters.learning_rate': 0.005451281961346577, 'parameters.subsample': 0.921771710569886, 'parameters.colsample_bytree': 0.606626319016001, 'parameters.reg_alpha': 0.26544945315127133, 'parameters.reg_lambda': 1.813785382020627, 'parameters.min_child_samples': 40}. Best is trial 0 with value: 0.3419311770058864.Best trial: 0. Best value: 0.341931:   9%|▉         | 18/200 [01:00<09:43,  3.21s/it]Best trial: 0. Best value: 0.341931:   9%|▉         | 18/200 [01:00<09:43,  3.21s/it]Best trial: 0. Best value: 0.341931:  10%|▉         | 19/200 [01:00<09:36,  3.19s/it]                                                                                     Best trial: 0. Best value: 0.341931:  10%|▉         | 19/200 [01:03<09:36,  3.19s/it]Best trial: 0. Best value: 0.341931:  10%|▉         | 19/200 [01:03<09:36,  3.19s/it]Best trial: 0. Best value: 0.341931:  10%|█         | 20/200 [01:03<09:35,  3.20s/it]                                                                                     Best trial: 0. Best value: 0.341931:  10%|█         | 20/200 [01:06<09:35,  3.20s/it]Best trial: 0. Best value: 0.341931:  10%|█         | 20/200 [01:06<09:35,  3.20s/it]Best trial: 0. Best value: 0.341931:  10%|█         | 21/200 [01:06<09:32,  3.20s/it]                                                                                     Best trial: 0. Best value: 0.341931:  10%|█         | 21/200 [01:09<09:32,  3.20s/it]Best trial: 0. Best value: 0.341931:  10%|█         | 21/200 [01:09<09:32,  3.20s/it]Best trial: 0. Best value: 0.341931:  11%|█         | 22/200 [01:09<09:28,  3.20s/it]                                                                                     Best trial: 0. Best value: 0.341931:  11%|█         | 22/200 [01:13<09:28,  3.20s/it]Best trial: 0. Best value: 0.341931:  11%|█         | 22/200 [01:13<09:28,  3.20s/it]Best trial: 0. Best value: 0.341931:  12%|█▏        | 23/200 [01:13<09:25,  3.19s/it]                                                                                     Best trial: 0. Best value: 0.341931:  12%|█▏        | 23/200 [01:16<09:25,  3.19s/it]Best trial: 0. Best value: 0.341931:  12%|█▏        | 23/200 [01:16<09:25,  3.19s/it]Best trial: 0. Best value: 0.341931:  12%|█▏        | 24/200 [01:16<09:23,  3.20s/it]                                                                                     Best trial: 0. Best value: 0.341931:  12%|█▏        | 24/200 [01:19<09:23,  3.20s/it]Best trial: 0. Best value: 0.341931:  12%|█▏        | 24/200 [01:19<09:23,  3.20s/it]Best trial: 0. Best value: 0.341931:  12%|█▎        | 25/200 [01:19<09:19,  3.20s/it]                                                                                     Best trial: 0. Best value: 0.341931:  12%|█▎        | 25/200 [01:22<09:19,  3.20s/it]Best trial: 0. Best value: 0.341931:  12%|█▎        | 25/200 [01:22<09:19,  3.20s/it]Best trial: 0. Best value: 0.341931:  13%|█▎        | 26/200 [01:22<09:18,  3.21s/it]                                                                                     Best trial: 0. Best value: 0.341931:  13%|█▎        | 26/200 [01:25<09:18,  3.21s/it]Best trial: 0. Best value: 0.341931:  13%|█▎        | 26/200 [01:25<09:18,  3.21s/it]Best trial: 0. Best value: 0.341931:  14%|█▎        | 27/200 [01:25<09:11,  3.19s/it]                                                                                     Best trial: 0. Best value: 0.341931:  14%|█▎        | 27/200 [01:28<09:11,  3.19s/it]Best trial: 0. Best value: 0.341931:  14%|█▎        | 27/200 [01:28<09:11,  3.19s/it]Best trial: 0. Best value: 0.341931:  14%|█▍        | 28/200 [01:28<09:03,  3.16s/it]                                                                                     Best trial: 0. Best value: 0.341931:  14%|█▍        | 28/200 [01:32<09:03,  3.16s/it]Best trial: 0. Best value: 0.341931:  14%|█▍        | 28/200 [01:32<09:03,  3.16s/it]Best trial: 0. Best value: 0.341931:  14%|█▍        | 29/200 [01:32<09:03,  3.18s/it]                                                                                     Best trial: 0. Best value: 0.341931:  14%|█▍        | 29/200 [01:35<09:03,  3.18s/it]Best trial: 0. Best value: 0.341931:  14%|█▍        | 29/200 [01:35<09:03,  3.18s/it]Best trial: 0. Best value: 0.341931:  15%|█▌        | 30/200 [01:35<09:03,  3.20s/it]                                                                                     Best trial: 0. Best value: 0.341931:  15%|█▌        | 30/200 [01:38<09:03,  3.20s/it]Best trial: 0. Best value: 0.341931:  15%|█▌        | 30/200 [01:38<09:03,  3.20s/it]Best trial: 0. Best value: 0.341931:  16%|█▌        | 31/200 [01:38<08:59,  3.19s/it]                                                                                     Best trial: 0. Best value: 0.341931:  16%|█▌        | 31/200 [01:41<08:59,  3.19s/it]Best trial: 0. Best value: 0.341931:  16%|█▌        | 31/200 [01:41<08:59,  3.19s/it]Best trial: 0. Best value: 0.341931:  16%|█▌        | 32/200 [01:41<08:57,  3.20s/it]                                                                                     Best trial: 0. Best value: 0.341931:  16%|█▌        | 32/200 [01:45<08:57,  3.20s/it]Best trial: 0. Best value: 0.341931:  16%|█▌        | 32/200 [01:45<08:57,  3.20s/it]Best trial: 0. Best value: 0.341931:  16%|█▋        | 33/200 [01:45<08:54,  3.20s/it]                                                                                     Best trial: 0. Best value: 0.341931:  16%|█▋        | 33/200 [01:48<08:54,  3.20s/it]Best trial: 0. Best value: 0.341931:  16%|█▋        | 33/200 [01:48<08:54,  3.20s/it]Best trial: 0. Best value: 0.341931:  17%|█▋        | 34/200 [01:48<08:51,  3.20s/it]                                                                                     Best trial: 0. Best value: 0.341931:  17%|█▋        | 34/200 [01:51<08:51,  3.20s/it]Best trial: 0. Best value: 0.341931:  17%|█▋        | 34/200 [01:51<08:51,  3.20s/it]Best trial: 0. Best value: 0.341931:  18%|█▊        | 35/200 [01:51<08:48,  3.20s/it]                                                                                     Best trial: 0. Best value: 0.341931:  18%|█▊        | 35/200 [01:54<08:48,  3.20s/it]Best trial: 0. Best value: 0.341931:  18%|█▊        | 35/200 [01:54<08:48,  3.20s/it]Best trial: 0. Best value: 0.341931:  18%|█▊        | 36/200 [01:54<08:43,  3.19s/it]                                                                                     Best trial: 0. Best value: 0.341931:  18%|█▊        | 36/200 [01:57<08:43,  3.19s/it]Best trial: 0. Best value: 0.341931:  18%|█▊        | 36/200 [01:57<08:43,  3.19s/it]Best trial: 0. Best value: 0.341931:  18%|█▊        | 37/200 [01:57<08:41,  3.20s/it]                                                                                     
[I 2026-04-11 20:17:47,187] Trial 19 finished with value: 0.3419311770058864 and parameters: {'parameters.max_depth': 20, 'parameters.learning_rate': 0.01948965205836393, 'parameters.subsample': 0.771222181980384, 'parameters.colsample_bytree': 0.9127446807815301, 'parameters.reg_alpha': 0.060277553758118864, 'parameters.reg_lambda': 4.9789952191503914, 'parameters.min_child_samples': 21}. Best is trial 0 with value: 0.3419311770058864.
[I 2026-04-11 20:17:50,385] Trial 20 finished with value: 0.34193117700588643 and parameters: {'parameters.max_depth': 10, 'parameters.learning_rate': 0.008625521148689816, 'parameters.subsample': 0.998479785802115, 'parameters.colsample_bytree': 0.758762786970916, 'parameters.reg_alpha': 0.011369666174929138, 'parameters.reg_lambda': 1.2038999425032693, 'parameters.min_child_samples': 21}. Best is trial 0 with value: 0.3419311770058864.
[I 2026-04-11 20:17:53,579] Trial 21 finished with value: 0.34193117700588643 and parameters: {'parameters.max_depth': 10, 'parameters.learning_rate': 0.005367640929461436, 'parameters.subsample': 0.7224621312657005, 'parameters.colsample_bytree': 0.7547077314120845, 'parameters.reg_alpha': 1.9587587996247795, 'parameters.reg_lambda': 0.8389926225608864, 'parameters.min_child_samples': 71}. Best is trial 0 with value: 0.3419311770058864.
[I 2026-04-11 20:17:56,770] Trial 22 finished with value: 0.3419311770058864 and parameters: {'parameters.max_depth': 16, 'parameters.learning_rate': 0.004608853319256752, 'parameters.subsample': 0.7354063815368557, 'parameters.colsample_bytree': 0.7943414439504268, 'parameters.reg_alpha': 0.30395412745479206, 'parameters.reg_lambda': 0.7958801148232414, 'parameters.min_child_samples': 50}. Best is trial 0 with value: 0.3419311770058864.
[I 2026-04-11 20:17:59,997] Trial 23 finished with value: 0.3419311770058864 and parameters: {'parameters.max_depth': 11, 'parameters.learning_rate': 0.0023103233586983644, 'parameters.subsample': 0.6828692348271879, 'parameters.colsample_bytree': 0.6873106152314347, 'parameters.reg_alpha': 0.787875980464886, 'parameters.reg_lambda': 0.6882400536811271, 'parameters.min_child_samples': 70}. Best is trial 0 with value: 0.3419311770058864.
[I 2026-04-11 20:18:03,187] Trial 24 finished with value: 0.3419311770058864 and parameters: {'parameters.max_depth': 21, 'parameters.learning_rate': 0.003133672841981954, 'parameters.subsample': 0.6522112055118034, 'parameters.colsample_bytree': 0.8139633771379066, 'parameters.reg_alpha': 0.7684237639021767, 'parameters.reg_lambda': 1.0577126910932686, 'parameters.min_child_samples': 34}. Best is trial 0 with value: 0.3419311770058864.
[I 2026-04-11 20:18:06,420] Trial 25 finished with value: 0.34193117700588643 and parameters: {'parameters.max_depth': 4, 'parameters.learning_rate': 0.01314849880732552, 'parameters.subsample': 0.7998610834363407, 'parameters.colsample_bytree': 0.6744141408166886, 'parameters.reg_alpha': 0.36576303410597094, 'parameters.reg_lambda': 1.4815761714825029, 'parameters.min_child_samples': 79}. Best is trial 0 with value: 0.3419311770058864.
[I 2026-04-11 20:18:09,553] Trial 26 finished with value: 0.3419311770058864 and parameters: {'parameters.max_depth': 7, 'parameters.learning_rate': 0.007353839231358779, 'parameters.subsample': 0.8506398337331939, 'parameters.colsample_bytree': 0.7274074164297525, 'parameters.reg_alpha': 1.1457154655655872, 'parameters.reg_lambda': 0.5342041074342755, 'parameters.min_child_samples': 12}. Best is trial 0 with value: 0.3419311770058864.
[I 2026-04-11 20:18:12,656] Trial 27 finished with value: 0.34193117700588643 and parameters: {'parameters.max_depth': 27, 'parameters.learning_rate': 0.010363802377351367, 'parameters.subsample': 0.9111810624806276, 'parameters.colsample_bytree': 0.903651875589084, 'parameters.reg_alpha': 0.24761675463507155, 'parameters.reg_lambda': 0.7174822830545589, 'parameters.min_child_samples': 48}. Best is trial 0 with value: 0.3419311770058864.
[I 2026-04-11 20:18:15,881] Trial 28 finished with value: 0.3419311770058864 and parameters: {'parameters.max_depth': 14, 'parameters.learning_rate': 0.005188193963640885, 'parameters.subsample': 0.7437639489780303, 'parameters.colsample_bytree': 0.7439725683006275, 'parameters.reg_alpha': 0.0025789378262523407, 'parameters.reg_lambda': 2.1940050742240804, 'parameters.min_child_samples': 37}. Best is trial 0 with value: 0.3419311770058864.
[I 2026-04-11 20:18:19,123] Trial 29 finished with value: 0.3419311770058864 and parameters: {'parameters.max_depth': 11, 'parameters.learning_rate': 0.003704025117425905, 'parameters.subsample': 0.697033521515377, 'parameters.colsample_bytree': 0.7864715512588101, 'parameters.reg_alpha': 0.14399577239611766, 'parameters.reg_lambda': 0.9127585421639011, 'parameters.min_child_samples': 63}. Best is trial 0 with value: 0.3419311770058864.
[I 2026-04-11 20:18:22,299] Trial 30 finished with value: 0.3419311770058864 and parameters: {'parameters.max_depth': 23, 'parameters.learning_rate': 0.01063613909673423, 'parameters.subsample': 0.9520740561469561, 'parameters.colsample_bytree': 0.8799253935240596, 'parameters.reg_alpha': 0.04172542394775692, 'parameters.reg_lambda': 1.0563848997391045, 'parameters.min_child_samples': 24}. Best is trial 0 with value: 0.3419311770058864.
[I 2026-04-11 20:18:25,512] Trial 31 finished with value: 0.3419311770058864 and parameters: {'parameters.max_depth': 25, 'parameters.learning_rate': 0.004110795878791588, 'parameters.subsample': 0.6316588842582055, 'parameters.colsample_bytree': 0.8367944892024268, 'parameters.reg_alpha': 0.026860359520468478, 'parameters.reg_lambda': 0.6353828779510318, 'parameters.min_child_samples': 52}. Best is trial 0 with value: 0.3419311770058864.
[I 2026-04-11 20:18:28,713] Trial 32 finished with value: 0.34193117700588643 and parameters: {'parameters.max_depth': 27, 'parameters.learning_rate': 0.0025000373675510283, 'parameters.subsample': 0.6377378595837264, 'parameters.colsample_bytree': 0.8450190791889538, 'parameters.reg_alpha': 0.009643724302119662, 'parameters.reg_lambda': 0.7795935695400593, 'parameters.min_child_samples': 58}. Best is trial 0 with value: 0.3419311770058864.
[I 2026-04-11 20:18:31,919] Trial 33 finished with value: 0.3419311770058864 and parameters: {'parameters.max_depth': 25, 'parameters.learning_rate': 0.0026973591759155593, 'parameters.subsample': 0.6011936870989408, 'parameters.colsample_bytree': 0.7716460034986384, 'parameters.reg_alpha': 0.18421068884139502, 'parameters.reg_lambda': 0.6160995282901941, 'parameters.min_child_samples': 55}. Best is trial 0 with value: 0.3419311770058864.
[I 2026-04-11 20:18:35,123] Trial 34 finished with value: 0.34193117700588643 and parameters: {'parameters.max_depth': 28, 'parameters.learning_rate': 0.0035518776052949883, 'parameters.subsample': 0.6575737064424565, 'parameters.colsample_bytree': 0.829799947702488, 'parameters.reg_alpha': 0.46259095704065495, 'parameters.reg_lambda': 0.5647830988176432, 'parameters.min_child_samples': 64}. Best is trial 0 with value: 0.3419311770058864.
[I 2026-04-11 20:18:38,288] Trial 35 finished with value: 0.34193117700588643 and parameters: {'parameters.max_depth': 18, 'parameters.learning_rate': 0.0020213193709871418, 'parameters.subsample': 0.7160969937109664, 'parameters.colsample_bytree': 0.932768761335602, 'parameters.reg_alpha': 0.0021999273384066672, 'parameters.reg_lambda': 0.7139681153107401, 'parameters.min_child_samples': 74}. Best is trial 0 with value: 0.3419311770058864.
[I 2026-04-11 20:18:41,505] Trial 36 finished with value: 0.34193117700588643 and parameters: {'parameters.max_depth': 6, 'parameters.learning_rate': 0.004611467792006299, 'parameters.subsample': 0.8124305256472321, 'parameters.colsample_bytree': 0.6273838094268059, 'parameters.reg_alpha': 0.014521208437128647, 'parameters.reg_lambda': 1.0147719870367224, 'parameters.min_child_samples': 91}. Best is trial 0 with value: 0.3419311770058864.
[I 2026-04-11 20:18:44,732] Trial 37 finished with value: 0.3419311770058864 and parameters: {'parameters.max_depth': 20, 'parameters.learning_rate': 0.016361445218729346, 'parameters.subsample': 0.781793142181015, 'parameters.colsample_bytree': 0.8640018460936577, 'parameters.reg_alpha': 1.2098307318431798, 'parameters.reg_lambda': 0.8876187448499383, 'parameters.min_child_samples': 16}. Best is trial 0 with value: 0.3419311770058864.Best trial: 0. Best value: 0.341931:  18%|█▊        | 37/200 [02:01<08:41,  3.20s/it]Best trial: 0. Best value: 0.341931:  18%|█▊        | 37/200 [02:01<08:41,  3.20s/it]Best trial: 0. Best value: 0.341931:  19%|█▉        | 38/200 [02:01<08:39,  3.21s/it]                                                                                     Best trial: 0. Best value: 0.341931:  19%|█▉        | 38/200 [02:04<08:39,  3.21s/it]Best trial: 0. Best value: 0.341931:  19%|█▉        | 38/200 [02:04<08:39,  3.21s/it]Best trial: 0. Best value: 0.341931:  20%|█▉        | 39/200 [02:04<08:38,  3.22s/it]                                                                                     Best trial: 0. Best value: 0.341931:  20%|█▉        | 39/200 [02:07<08:38,  3.22s/it]Best trial: 0. Best value: 0.341931:  20%|█▉        | 39/200 [02:07<08:38,  3.22s/it]Best trial: 0. Best value: 0.341931:  20%|██        | 40/200 [02:07<08:35,  3.22s/it]                                                                                     Best trial: 0. Best value: 0.341931:  20%|██        | 40/200 [02:10<08:35,  3.22s/it]Best trial: 0. Best value: 0.341931:  20%|██        | 40/200 [02:10<08:35,  3.22s/it]Best trial: 0. Best value: 0.341931:  20%|██        | 41/200 [02:10<08:30,  3.21s/it]                                                                                     Best trial: 0. Best value: 0.341931:  20%|██        | 41/200 [02:13<08:30,  3.21s/it]Best trial: 0. Best value: 0.341931:  20%|██        | 41/200 [02:13<08:30,  3.21s/it]Best trial: 0. Best value: 0.341931:  21%|██        | 42/200 [02:13<08:26,  3.21s/it]                                                                                     Best trial: 0. Best value: 0.341931:  21%|██        | 42/200 [02:17<08:26,  3.21s/it]Best trial: 0. Best value: 0.341931:  21%|██        | 42/200 [02:17<08:26,  3.21s/it]Best trial: 0. Best value: 0.341931:  22%|██▏       | 43/200 [02:17<08:27,  3.23s/it]                                                                                     Best trial: 0. Best value: 0.341931:  22%|██▏       | 43/200 [02:20<08:27,  3.23s/it]Best trial: 0. Best value: 0.341931:  22%|██▏       | 43/200 [02:20<08:27,  3.23s/it]Best trial: 0. Best value: 0.341931:  22%|██▏       | 44/200 [02:20<08:22,  3.22s/it]                                                                                     Best trial: 0. Best value: 0.341931:  22%|██▏       | 44/200 [02:23<08:22,  3.22s/it]Best trial: 0. Best value: 0.341931:  22%|██▏       | 44/200 [02:23<08:22,  3.22s/it]Best trial: 0. Best value: 0.341931:  22%|██▎       | 45/200 [02:23<08:15,  3.19s/it]                                                                                     Best trial: 0. Best value: 0.341931:  22%|██▎       | 45/200 [02:26<08:15,  3.19s/it]Best trial: 0. Best value: 0.341931:  22%|██▎       | 45/200 [02:26<08:15,  3.19s/it]Best trial: 0. Best value: 0.341931:  23%|██▎       | 46/200 [02:26<08:10,  3.19s/it]                                                                                     Best trial: 0. Best value: 0.341931:  23%|██▎       | 46/200 [02:29<08:10,  3.19s/it]Best trial: 0. Best value: 0.341931:  23%|██▎       | 46/200 [02:29<08:10,  3.19s/it]Best trial: 0. Best value: 0.341931:  24%|██▎       | 47/200 [02:29<08:06,  3.18s/it]                                                                                     Best trial: 0. Best value: 0.341931:  24%|██▎       | 47/200 [02:33<08:06,  3.18s/it]Best trial: 0. Best value: 0.341931:  24%|██▎       | 47/200 [02:33<08:06,  3.18s/it]Best trial: 0. Best value: 0.341931:  24%|██▍       | 48/200 [02:33<08:02,  3.17s/it]                                                                                     Best trial: 0. Best value: 0.341931:  24%|██▍       | 48/200 [02:36<08:02,  3.17s/it]Best trial: 0. Best value: 0.341931:  24%|██▍       | 48/200 [02:36<08:02,  3.17s/it]Best trial: 0. Best value: 0.341931:  24%|██▍       | 49/200 [02:36<07:59,  3.18s/it]                                                                                     Best trial: 0. Best value: 0.341931:  24%|██▍       | 49/200 [02:39<07:59,  3.18s/it]Best trial: 0. Best value: 0.341931:  24%|██▍       | 49/200 [02:39<07:59,  3.18s/it]Best trial: 0. Best value: 0.341931:  25%|██▌       | 50/200 [02:39<07:55,  3.17s/it]                                                                                     Best trial: 0. Best value: 0.341931:  25%|██▌       | 50/200 [02:42<07:55,  3.17s/it]Best trial: 0. Best value: 0.341931:  25%|██▌       | 50/200 [02:42<07:55,  3.17s/it]Best trial: 0. Best value: 0.341931:  26%|██▌       | 51/200 [02:42<07:51,  3.17s/it]                                                                                     Best trial: 0. Best value: 0.341931:  26%|██▌       | 51/200 [02:45<07:51,  3.17s/it]Best trial: 0. Best value: 0.341931:  26%|██▌       | 51/200 [02:45<07:51,  3.17s/it]Best trial: 0. Best value: 0.341931:  26%|██▌       | 52/200 [02:45<07:49,  3.17s/it]                                                                                     Best trial: 0. Best value: 0.341931:  26%|██▌       | 52/200 [02:48<07:49,  3.17s/it]Best trial: 0. Best value: 0.341931:  26%|██▌       | 52/200 [02:48<07:49,  3.17s/it]Best trial: 0. Best value: 0.341931:  26%|██▋       | 53/200 [02:48<07:47,  3.18s/it]                                                                                     Best trial: 0. Best value: 0.341931:  26%|██▋       | 53/200 [02:52<07:47,  3.18s/it]Best trial: 0. Best value: 0.341931:  26%|██▋       | 53/200 [02:52<07:47,  3.18s/it]Best trial: 0. Best value: 0.341931:  27%|██▋       | 54/200 [02:52<07:44,  3.18s/it]                                                                                     Best trial: 0. Best value: 0.341931:  27%|██▋       | 54/200 [02:55<07:44,  3.18s/it]Best trial: 0. Best value: 0.341931:  27%|██▋       | 54/200 [02:55<07:44,  3.18s/it]Best trial: 0. Best value: 0.341931:  28%|██▊       | 55/200 [02:55<07:43,  3.20s/it]                                                                                     Best trial: 0. Best value: 0.341931:  28%|██▊       | 55/200 [02:58<07:43,  3.20s/it]Best trial: 0. Best value: 0.341931:  28%|██▊       | 55/200 [02:58<07:43,  3.20s/it]Best trial: 0. Best value: 0.341931:  28%|██▊       | 56/200 [02:58<07:39,  3.19s/it]                                                                                     
