[I 2026-04-12 11:57:18,278] Trial 69 finished with value: 0.5291221424081894 and parameters: {'parameters.history_length': 75, 'parameters.d_model': 213, 'parameters.nhead': 8, 'parameters.num_encoder_layers': 5, 'parameters.dim_feedforward': 386, 'parameters.dropout': 0.12761845853843418, 'parameters.batch_size': 196, 'parameters.learning_rate': 0.001094303311114405, 'parameters.weight_decay': 0.0010704757182804418}. Best is trial 0 with value: 0.5291221424081894.
[I 2026-04-12 11:58:14,937] Trial 70 finished with value: 0.5291221424081894 and parameters: {'parameters.history_length': 52, 'parameters.d_model': 208, 'parameters.nhead': 4, 'parameters.num_encoder_layers': 2, 'parameters.dim_feedforward': 483, 'parameters.dropout': 0.0626173396545353, 'parameters.batch_size': 142, 'parameters.learning_rate': 0.0003266948014707827, 'parameters.weight_decay': 0.0035120877822493995}. Best is trial 0 with value: 0.5291221424081894.
[I 2026-04-12 11:59:11,670] Trial 71 finished with value: 0.5291221424081894 and parameters: {'parameters.history_length': 35, 'parameters.d_model': 143, 'parameters.nhead': 8, 'parameters.num_encoder_layers': 3, 'parameters.dim_feedforward': 283, 'parameters.dropout': 0.08606804005429254, 'parameters.batch_size': 124, 'parameters.learning_rate': 0.0012755167791799922, 'parameters.weight_decay': 0.0008619343212229187}. Best is trial 0 with value: 0.5291221424081894.Best trial: 0. Best value: 0.529122:  71%|███████   | 71/100 [1:08:11<27:24, 56.70s/it]Best trial: 0. Best value: 0.529122:  71%|███████   | 71/100 [1:08:11<27:24, 56.70s/it]Best trial: 0. Best value: 0.529122:  72%|███████▏  | 72/100 [1:08:11<26:27, 56.71s/it]                                                                                       Best trial: 0. Best value: 0.529122:  72%|███████▏  | 72/100 [1:09:08<26:27, 56.71s/it]Best trial: 0. Best value: 0.529122:  72%|███████▏  | 72/100 [1:09:08<26:27, 56.71s/it]Best trial: 0. Best value: 0.529122:  73%|███████▎  | 73/100 [1:09:08<25:31, 56.73s/it]                                                                                       Best trial: 0. Best value: 0.529122:  73%|███████▎  | 73/100 [1:10:04<25:31, 56.73s/it]Best trial: 0. Best value: 0.529122:  73%|███████▎  | 73/100 [1:10:04<25:31, 56.73s/it]Best trial: 0. Best value: 0.529122:  74%|███████▍  | 74/100 [1:10:04<24:34, 56.71s/it]                                                                                       Best trial: 0. Best value: 0.529122:  74%|███████▍  | 74/100 [1:11:01<24:34, 56.71s/it]Best trial: 0. Best value: 0.529122:  74%|███████▍  | 74/100 [1:11:01<24:34, 56.71s/it]Best trial: 0. Best value: 0.529122:  75%|███████▌  | 75/100 [1:11:01<23:38, 56.73s/it]                                                                                       Best trial: 0. Best value: 0.529122:  75%|███████▌  | 75/100 [1:11:58<23:38, 56.73s/it]Best trial: 0. Best value: 0.529122:  75%|███████▌  | 75/100 [1:11:58<23:38, 56.73s/it]Best trial: 0. Best value: 0.529122:  76%|███████▌  | 76/100 [1:11:58<22:41, 56.72s/it]                                                                                       Best trial: 0. Best value: 0.529122:  76%|███████▌  | 76/100 [1:12:54<22:41, 56.72s/it]Best trial: 0. Best value: 0.529122:  76%|███████▌  | 76/100 [1:12:54<22:41, 56.72s/it]Best trial: 0. Best value: 0.529122:  77%|███████▋  | 77/100 [1:12:54<21:44, 56.72s/it]                                                                                       Best trial: 0. Best value: 0.529122:  77%|███████▋  | 77/100 [1:13:51<21:44, 56.72s/it]Best trial: 0. Best value: 0.529122:  77%|███████▋  | 77/100 [1:13:51<21:44, 56.72s/it]Best trial: 0. Best value: 0.529122:  78%|███████▊  | 78/100 [1:13:51<20:47, 56.72s/it]                                                                                       Best trial: 0. Best value: 0.529122:  78%|███████▊  | 78/100 [1:14:48<20:47, 56.72s/it]Best trial: 0. Best value: 0.529122:  78%|███████▊  | 78/100 [1:14:48<20:47, 56.72s/it]Best trial: 0. Best value: 0.529122:  79%|███████▉  | 79/100 [1:14:48<19:51, 56.72s/it]                                                                                       Best trial: 0. Best value: 0.529122:  79%|███████▉  | 79/100 [1:15:45<19:51, 56.72s/it]Best trial: 0. Best value: 0.529122:  79%|███████▉  | 79/100 [1:15:45<19:51, 56.72s/it]Best trial: 0. Best value: 0.529122:  80%|████████  | 80/100 [1:15:45<18:54, 56.71s/it]                                                                                       Best trial: 0. Best value: 0.529122:  80%|████████  | 80/100 [1:16:41<18:54, 56.71s/it]Best trial: 0. Best value: 0.529122:  80%|████████  | 80/100 [1:16:41<18:54, 56.71s/it]Best trial: 0. Best value: 0.529122:  81%|████████  | 81/100 [1:16:41<17:57, 56.71s/it]                                                                                       Best trial: 0. Best value: 0.529122:  81%|████████  | 81/100 [1:17:38<17:57, 56.71s/it]Best trial: 0. Best value: 0.529122:  81%|████████  | 81/100 [1:17:38<17:57, 56.71s/it]Best trial: 0. Best value: 0.529122:  82%|████████▏ | 82/100 [1:17:38<17:00, 56.71s/it]                                                                                       Best trial: 0. Best value: 0.529122:  82%|████████▏ | 82/100 [1:18:35<17:00, 56.71s/it]Best trial: 0. Best value: 0.529122:  82%|████████▏ | 82/100 [1:18:35<17:00, 56.71s/it]Best trial: 0. Best value: 0.529122:  83%|████████▎ | 83/100 [1:18:35<16:04, 56.72s/it]                                                                                       Best trial: 0. Best value: 0.529122:  83%|████████▎ | 83/100 [1:19:31<16:04, 56.72s/it]Best trial: 0. Best value: 0.529122:  83%|████████▎ | 83/100 [1:19:31<16:04, 56.72s/it]Best trial: 0. Best value: 0.529122:  84%|████████▍ | 84/100 [1:19:31<15:06, 56.68s/it]                                                                                       Best trial: 0. Best value: 0.529122:  84%|████████▍ | 84/100 [1:20:28<15:06, 56.68s/it]Best trial: 0. Best value: 0.529122:  84%|████████▍ | 84/100 [1:20:28<15:06, 56.68s/it]Best trial: 0. Best value: 0.529122:  85%|████████▌ | 85/100 [1:20:28<14:10, 56.70s/it]                                                                                       Best trial: 0. Best value: 0.529122:  85%|████████▌ | 85/100 [1:21:25<14:10, 56.70s/it]Best trial: 0. Best value: 0.529122:  85%|████████▌ | 85/100 [1:21:25<14:10, 56.70s/it]Best trial: 0. Best value: 0.529122:  86%|████████▌ | 86/100 [1:21:25<13:13, 56.70s/it]                                                                                       Best trial: 0. Best value: 0.529122:  86%|████████▌ | 86/100 [1:22:21<13:13, 56.70s/it]Best trial: 0. Best value: 0.529122:  86%|████████▌ | 86/100 [1:22:21<13:13, 56.70s/it]Best trial: 0. Best value: 0.529122:  87%|████████▋ | 87/100 [1:22:21<12:17, 56.71s/it]                                                                                       Best trial: 0. Best value: 0.529122:  87%|████████▋ | 87/100 [1:23:18<12:17, 56.71s/it]Best trial: 0. Best value: 0.529122:  87%|████████▋ | 87/100 [1:23:18<12:17, 56.71s/it]Best trial: 0. Best value: 0.529122:  88%|████████▊ | 88/100 [1:23:18<11:20, 56.71s/it]                                                                                       Best trial: 0. Best value: 0.529122:  88%|████████▊ | 88/100 [1:24:15<11:20, 56.71s/it]Best trial: 0. Best value: 0.529122:  88%|████████▊ | 88/100 [1:24:15<11:20, 56.71s/it]Best trial: 0. Best value: 0.529122:  89%|████████▉ | 89/100 [1:24:15<10:23, 56.70s/it]                                                                                       
[I 2026-04-12 12:00:08,463] Trial 72 finished with value: 0.5291221424081894 and parameters: {'parameters.history_length': 46, 'parameters.d_model': 103, 'parameters.nhead': 8, 'parameters.num_encoder_layers': 3, 'parameters.dim_feedforward': 307, 'parameters.dropout': 0.09696958568969431, 'parameters.batch_size': 129, 'parameters.learning_rate': 0.0009132547863367948, 'parameters.weight_decay': 0.0005844256101971095}. Best is trial 0 with value: 0.5291221424081894.
[I 2026-04-12 12:01:05,120] Trial 73 finished with value: 0.5291221424081894 and parameters: {'parameters.history_length': 32, 'parameters.d_model': 191, 'parameters.nhead': 8, 'parameters.num_encoder_layers': 4, 'parameters.dim_feedforward': 352, 'parameters.dropout': 0.07746499402714527, 'parameters.batch_size': 108, 'parameters.learning_rate': 0.002979575762742433, 'parameters.weight_decay': 0.00027089378400789866}. Best is trial 0 with value: 0.5291221424081894.
[I 2026-04-12 12:02:01,880] Trial 74 finished with value: 0.5291221424081894 and parameters: {'parameters.history_length': 60, 'parameters.d_model': 137, 'parameters.nhead': 8, 'parameters.num_encoder_layers': 3, 'parameters.dim_feedforward': 613, 'parameters.dropout': 0.08967204410421509, 'parameters.batch_size': 103, 'parameters.learning_rate': 0.0011294060406059634, 'parameters.weight_decay': 0.00039137731242123525}. Best is trial 0 with value: 0.5291221424081894.
[I 2026-04-12 12:02:58,591] Trial 75 finished with value: 0.5291221424081894 and parameters: {'parameters.history_length': 157, 'parameters.d_model': 126, 'parameters.nhead': 16, 'parameters.num_encoder_layers': 4, 'parameters.dim_feedforward': 754, 'parameters.dropout': 0.06995721608343522, 'parameters.batch_size': 137, 'parameters.learning_rate': 0.0015606930901139221, 'parameters.weight_decay': 1.2567946267780682e-05}. Best is trial 0 with value: 0.5291221424081894.
[I 2026-04-12 12:03:55,304] Trial 76 finished with value: 0.5291221424081894 and parameters: {'parameters.history_length': 40, 'parameters.d_model': 112, 'parameters.nhead': 4, 'parameters.num_encoder_layers': 2, 'parameters.dim_feedforward': 332, 'parameters.dropout': 0.05591677066820783, 'parameters.batch_size': 97, 'parameters.learning_rate': 0.00015594807947876997, 'parameters.weight_decay': 1.810897478245895e-05}. Best is trial 0 with value: 0.5291221424081894.
[I 2026-04-12 12:04:52,021] Trial 77 finished with value: 0.5291221424081894 and parameters: {'parameters.history_length': 42, 'parameters.d_model': 167, 'parameters.nhead': 8, 'parameters.num_encoder_layers': 2, 'parameters.dim_feedforward': 941, 'parameters.dropout': 0.110655496272485, 'parameters.batch_size': 158, 'parameters.learning_rate': 0.0009647171704860444, 'parameters.weight_decay': 0.0011769810012992163}. Best is trial 0 with value: 0.5291221424081894.
[I 2026-04-12 12:05:48,735] Trial 78 finished with value: 0.5291221424081894 and parameters: {'parameters.history_length': 53, 'parameters.d_model': 235, 'parameters.nhead': 4, 'parameters.num_encoder_layers': 5, 'parameters.dim_feedforward': 791, 'parameters.dropout': 0.24507033715800625, 'parameters.batch_size': 116, 'parameters.learning_rate': 0.0012947603200861827, 'parameters.weight_decay': 0.004596432619954569}. Best is trial 0 with value: 0.5291221424081894.
[I 2026-04-12 12:06:45,430] Trial 79 finished with value: 0.5291221424081894 and parameters: {'parameters.history_length': 66, 'parameters.d_model': 148, 'parameters.nhead': 16, 'parameters.num_encoder_layers': 3, 'parameters.dim_feedforward': 426, 'parameters.dropout': 0.21899244293937495, 'parameters.batch_size': 171, 'parameters.learning_rate': 0.0018844435347542617, 'parameters.weight_decay': 0.0018554707523885917}. Best is trial 0 with value: 0.5291221424081894.
[I 2026-04-12 12:07:42,124] Trial 80 finished with value: 0.5291221424081894 and parameters: {'parameters.history_length': 143, 'parameters.d_model': 242, 'parameters.nhead': 8, 'parameters.num_encoder_layers': 2, 'parameters.dim_feedforward': 278, 'parameters.dropout': 0.19381939222974862, 'parameters.batch_size': 224, 'parameters.learning_rate': 0.00010471157354775339, 'parameters.weight_decay': 0.0008898549587191453}. Best is trial 0 with value: 0.5291221424081894.
[I 2026-04-12 12:08:38,852] Trial 81 finished with value: 0.5291221424081894 and parameters: {'parameters.history_length': 151, 'parameters.d_model': 174, 'parameters.nhead': 16, 'parameters.num_encoder_layers': 4, 'parameters.dim_feedforward': 849, 'parameters.dropout': 0.13577515755762704, 'parameters.batch_size': 165, 'parameters.learning_rate': 0.00039840256275251387, 'parameters.weight_decay': 2.4503650747469564e-05}. Best is trial 0 with value: 0.5291221424081894.
[I 2026-04-12 12:09:35,588] Trial 82 finished with value: 0.5291221424081894 and parameters: {'parameters.history_length': 160, 'parameters.d_model': 161, 'parameters.nhead': 16, 'parameters.num_encoder_layers': 4, 'parameters.dim_feedforward': 982, 'parameters.dropout': 0.10260454263578801, 'parameters.batch_size': 149, 'parameters.learning_rate': 0.0003182657103664437, 'parameters.weight_decay': 1.569150830982731e-05}. Best is trial 0 with value: 0.5291221424081894.
[I 2026-04-12 12:10:32,191] Trial 83 finished with value: 0.5291221424081894 and parameters: {'parameters.history_length': 155, 'parameters.d_model': 156, 'parameters.nhead': 16, 'parameters.num_encoder_layers': 4, 'parameters.dim_feedforward': 904, 'parameters.dropout': 0.11764835815774811, 'parameters.batch_size': 180, 'parameters.learning_rate': 0.00048264676195629725, 'parameters.weight_decay': 0.0007153083076843339}. Best is trial 0 with value: 0.5291221424081894.
[I 2026-04-12 12:11:28,921] Trial 84 finished with value: 0.5291221424081894 and parameters: {'parameters.history_length': 147, 'parameters.d_model': 129, 'parameters.nhead': 16, 'parameters.num_encoder_layers': 4, 'parameters.dim_feedforward': 709, 'parameters.dropout': 0.1244328704328217, 'parameters.batch_size': 236, 'parameters.learning_rate': 0.0010400458736158436, 'parameters.weight_decay': 1.21122426966519e-05}. Best is trial 0 with value: 0.5291221424081894.
[I 2026-04-12 12:12:25,614] Trial 85 finished with value: 0.5291221424081894 and parameters: {'parameters.history_length': 142, 'parameters.d_model': 224, 'parameters.nhead': 4, 'parameters.num_encoder_layers': 6, 'parameters.dim_feedforward': 662, 'parameters.dropout': 0.20613968315722853, 'parameters.batch_size': 153, 'parameters.learning_rate': 0.00023644716802913274, 'parameters.weight_decay': 2.1963717935699324e-05}. Best is trial 0 with value: 0.5291221424081894.
[I 2026-04-12 12:13:22,344] Trial 86 finished with value: 0.5291221424081894 and parameters: {'parameters.history_length': 89, 'parameters.d_model': 77, 'parameters.nhead': 16, 'parameters.num_encoder_layers': 3, 'parameters.dim_feedforward': 572, 'parameters.dropout': 0.13450643453441938, 'parameters.batch_size': 175, 'parameters.learning_rate': 0.00036413657351859816, 'parameters.weight_decay': 1.3777762233693251e-05}. Best is trial 0 with value: 0.5291221424081894.
[I 2026-04-12 12:14:19,073] Trial 87 finished with value: 0.5291221424081894 and parameters: {'parameters.history_length': 135, 'parameters.d_model': 136, 'parameters.nhead': 4, 'parameters.num_encoder_layers': 2, 'parameters.dim_feedforward': 688, 'parameters.dropout': 0.07493163266290905, 'parameters.batch_size': 190, 'parameters.learning_rate': 0.0001997394863598737, 'parameters.weight_decay': 3.5604772070368514e-05}. Best is trial 0 with value: 0.5291221424081894.
[I 2026-04-12 12:15:15,754] Trial 88 finished with value: 0.5291221424081894 and parameters: {'parameters.history_length': 109, 'parameters.d_model': 253, 'parameters.nhead': 16, 'parameters.num_encoder_layers': 4, 'parameters.dim_feedforward': 926, 'parameters.dropout': 0.25829601005422875, 'parameters.batch_size': 134, 'parameters.learning_rate': 0.0007908372500891115, 'parameters.weight_decay': 1.8264099486943115e-05}. Best is trial 0 with value: 0.5291221424081894.
[I 2026-04-12 12:16:12,501] Trial 89 finished with value: 0.5291221424081894 and parameters: {'parameters.history_length': 82, 'parameters.d_model': 180, 'parameters.nhead': 8, 'parameters.num_encoder_layers': 5, 'parameters.dim_feedforward': 840, 'parameters.dropout': 0.23541425069488267, 'parameters.batch_size': 159, 'parameters.learning_rate': 0.0006638263830542084, 'parameters.weight_decay': 5.6976096982400814e-05}. Best is trial 0 with value: 0.5291221424081894.Best trial: 0. Best value: 0.529122:  89%|████████▉ | 89/100 [1:25:12<10:23, 56.70s/it]Best trial: 0. Best value: 0.529122:  89%|████████▉ | 89/100 [1:25:12<10:23, 56.70s/it]Best trial: 0. Best value: 0.529122:  90%|█████████ | 90/100 [1:25:12<09:27, 56.72s/it]                                                                                       Best trial: 0. Best value: 0.529122:  90%|█████████ | 90/100 [1:26:08<09:27, 56.72s/it]Best trial: 0. Best value: 0.529122:  90%|█████████ | 90/100 [1:26:08<09:27, 56.72s/it]Best trial: 0. Best value: 0.529122:  91%|█████████ | 91/100 [1:26:08<08:30, 56.72s/it]                                                                                       Best trial: 0. Best value: 0.529122:  91%|█████████ | 91/100 [1:27:05<08:30, 56.72s/it]Best trial: 0. Best value: 0.529122:  91%|█████████ | 91/100 [1:27:05<08:30, 56.72s/it]Best trial: 0. Best value: 0.529122:  92%|█████████▏| 92/100 [1:27:05<07:33, 56.71s/it]                                                                                       Best trial: 0. Best value: 0.529122:  92%|█████████▏| 92/100 [1:28:02<07:33, 56.71s/it]Best trial: 0. Best value: 0.529122:  92%|█████████▏| 92/100 [1:28:02<07:33, 56.71s/it]Best trial: 0. Best value: 0.529122:  93%|█████████▎| 93/100 [1:28:02<06:36, 56.70s/it]                                                                                       Best trial: 0. Best value: 0.529122:  93%|█████████▎| 93/100 [1:28:58<06:36, 56.70s/it]Best trial: 0. Best value: 0.529122:  93%|█████████▎| 93/100 [1:28:58<06:36, 56.70s/it]Best trial: 0. Best value: 0.529122:  94%|█████████▍| 94/100 [1:28:58<05:40, 56.73s/it]                                                                                       Best trial: 0. Best value: 0.529122:  94%|█████████▍| 94/100 [1:29:55<05:40, 56.73s/it]Best trial: 0. Best value: 0.529122:  94%|█████████▍| 94/100 [1:29:55<05:40, 56.73s/it]Best trial: 0. Best value: 0.529122:  95%|█████████▌| 95/100 [1:29:55<04:43, 56.74s/it]                                                                                       Best trial: 0. Best value: 0.529122:  95%|█████████▌| 95/100 [1:30:52<04:43, 56.74s/it]Best trial: 0. Best value: 0.529122:  95%|█████████▌| 95/100 [1:30:52<04:43, 56.74s/it]Best trial: 0. Best value: 0.529122:  96%|█████████▌| 96/100 [1:30:52<03:46, 56.74s/it]                                                                                       Best trial: 0. Best value: 0.529122:  96%|█████████▌| 96/100 [1:31:49<03:46, 56.74s/it]Best trial: 0. Best value: 0.529122:  96%|█████████▌| 96/100 [1:31:49<03:46, 56.74s/it]Best trial: 0. Best value: 0.529122:  97%|█████████▋| 97/100 [1:31:49<02:50, 56.74s/it]                                                                                       Best trial: 0. Best value: 0.529122:  97%|█████████▋| 97/100 [1:32:45<02:50, 56.74s/it]Best trial: 0. Best value: 0.529122:  97%|█████████▋| 97/100 [1:32:45<02:50, 56.74s/it]Best trial: 0. Best value: 0.529122:  98%|█████████▊| 98/100 [1:32:45<01:53, 56.75s/it]                                                                                       Best trial: 0. Best value: 0.529122:  98%|█████████▊| 98/100 [1:33:42<01:53, 56.75s/it]Best trial: 0. Best value: 0.529122:  98%|█████████▊| 98/100 [1:33:42<01:53, 56.75s/it]Best trial: 0. Best value: 0.529122:  99%|█████████▉| 99/100 [1:33:42<00:56, 56.74s/it]                                                                                       Best trial: 0. Best value: 0.529122:  99%|█████████▉| 99/100 [1:34:39<00:56, 56.74s/it]Best trial: 0. Best value: 0.529122:  99%|█████████▉| 99/100 [1:34:39<00:56, 56.74s/it]Best trial: 0. Best value: 0.529122: 100%|██████████| 100/100 [1:34:39<00:00, 56.74s/it]Best trial: 0. Best value: 0.529122: 100%|██████████| 100/100 [1:34:39<00:00, 56.79s/it]

[I 2026-04-12 12:17:09,214] Trial 90 finished with value: 0.5291221424081894 and parameters: {'parameters.history_length': 49, 'parameters.d_model': 199, 'parameters.nhead': 4, 'parameters.num_encoder_layers': 2, 'parameters.dim_feedforward': 753, 'parameters.dropout': 0.14321835743725297, 'parameters.batch_size': 206, 'parameters.learning_rate': 0.0005709973379403109, 'parameters.weight_decay': 0.00044123884010148474}. Best is trial 0 with value: 0.5291221424081894.
[I 2026-04-12 12:18:05,905] Trial 91 finished with value: 0.5291221424081894 and parameters: {'parameters.history_length': 46, 'parameters.d_model': 66, 'parameters.nhead': 4, 'parameters.num_encoder_layers': 6, 'parameters.dim_feedforward': 466, 'parameters.dropout': 0.11174878189710857, 'parameters.batch_size': 256, 'parameters.learning_rate': 0.0002620041184506018, 'parameters.weight_decay': 1.1624378987716707e-05}. Best is trial 0 with value: 0.5291221424081894.
[I 2026-04-12 12:19:02,572] Trial 92 finished with value: 0.5291221424081894 and parameters: {'parameters.history_length': 44, 'parameters.d_model': 79, 'parameters.nhead': 4, 'parameters.num_encoder_layers': 5, 'parameters.dim_feedforward': 504, 'parameters.dropout': 0.0923299882933171, 'parameters.batch_size': 214, 'parameters.learning_rate': 0.0002207724141393784, 'parameters.weight_decay': 1.5623266115200662e-05}. Best is trial 0 with value: 0.5291221424081894.
