[I 2026-04-11 20:56:27,014] Trial 152 finished with value: 0.3258046106584057 and parameters: {'parameters.max_depth': 24, 'parameters.learning_rate': 0.008144450520579712, 'parameters.subsample': 0.8851450250422005, 'parameters.colsample_bytree': 0.8469045865768313, 'parameters.gamma': 0.0057225919822947125, 'parameters.reg_lambda': 1.052784168638974, 'parameters.min_child_weight': 1}. Best is trial 0 with value: 0.3258046106584057.
[I 2026-04-11 20:56:30,192] Trial 153 finished with value: 0.3258046106584057 and parameters: {'parameters.max_depth': 25, 'parameters.learning_rate': 0.01794897828469492, 'parameters.subsample': 0.8285607389460193, 'parameters.colsample_bytree': 0.9297476260333236, 'parameters.gamma': 0.001984567505570478, 'parameters.reg_lambda': 1.517273674198646, 'parameters.min_child_weight': 3}. Best is trial 0 with value: 0.3258046106584057.
[I 2026-04-11 20:56:33,359] Trial 154 finished with value: 0.3258046106584057 and parameters: {'parameters.max_depth': 26, 'parameters.learning_rate': 0.02684813368348508, 'parameters.subsample': 0.8220720752448691, 'parameters.colsample_bytree': 0.6632476840833134, 'parameters.gamma': 0.007840719434325691, 'parameters.reg_lambda': 1.8327086002682675, 'parameters.min_child_weight': 1}. Best is trial 0 with value: 0.3258046106584057.
[I 2026-04-11 20:56:36,520] Trial 155 finished with value: 0.3258046106584057 and parameters: {'parameters.max_depth': 7, 'parameters.learning_rate': 0.0036918967729165295, 'parameters.subsample': 0.7573346637074282, 'parameters.colsample_bytree': 0.940658914046441, 'parameters.gamma': 0.0049288091004068115, 'parameters.reg_lambda': 3.4056931862366713, 'parameters.min_child_weight': 2}. Best is trial 0 with value: 0.3258046106584057.
[I 2026-04-11 20:56:39,662] Trial 156 finished with value: 0.3258046106584057 and parameters: {'parameters.max_depth': 17, 'parameters.learning_rate': 0.0023308486766413328, 'parameters.subsample': 0.9043149808187435, 'parameters.colsample_bytree': 0.8834264552836542, 'parameters.gamma': 0.012766142101320667, 'parameters.reg_lambda': 0.9624315096391239, 'parameters.min_child_weight': 10}. Best is trial 0 with value: 0.3258046106584057.
[I 2026-04-11 20:56:42,874] Trial 157 finished with value: 0.3258046106584057 and parameters: {'parameters.max_depth': 23, 'parameters.learning_rate': 0.00344044371394019, 'parameters.subsample': 0.7927189218690597, 'parameters.colsample_bytree': 0.9791120519688268, 'parameters.gamma': 0.004123231286903244, 'parameters.reg_lambda': 3.9680212262157846, 'parameters.min_child_weight': 3}. Best is trial 0 with value: 0.3258046106584057.
[I 2026-04-11 20:56:46,153] Trial 158 finished with value: 0.3258046106584057 and parameters: {'parameters.max_depth': 5, 'parameters.learning_rate': 0.013217974525463022, 'parameters.subsample': 0.8387756406622056, 'parameters.colsample_bytree': 0.9661529567468838, 'parameters.gamma': 0.9821537292327527, 'parameters.reg_lambda': 1.0961703521900032, 'parameters.min_child_weight': 6}. Best is trial 0 with value: 0.3258046106584057.
[I 2026-04-11 20:56:49,361] Trial 159 finished with value: 0.3258046106584057 and parameters: {'parameters.max_depth': 7, 'parameters.learning_rate': 0.005046585074482667, 'parameters.subsample': 0.6941080309608408, 'parameters.colsample_bytree': 0.8998701573722616, 'parameters.gamma': 0.08434051662292279, 'parameters.reg_lambda': 1.1949746849027119, 'parameters.min_child_weight': 1}. Best is trial 0 with value: 0.3258046106584057.
[I 2026-04-11 20:56:52,487] Trial 160 finished with value: 0.3258046106584057 and parameters: {'parameters.max_depth': 20, 'parameters.learning_rate': 0.010425438945956208, 'parameters.subsample': 0.8066356377880233, 'parameters.colsample_bytree': 0.991000005312479, 'parameters.gamma': 0.0030502936290519485, 'parameters.reg_lambda': 4.350660794510754, 'parameters.min_child_weight': 2}. Best is trial 0 with value: 0.3258046106584057.
[I 2026-04-11 20:56:55,585] Trial 161 finished with value: 0.3258046106584057 and parameters: {'parameters.max_depth': 29, 'parameters.learning_rate': 0.011135543624882102, 'parameters.subsample': 0.7185299544993615, 'parameters.colsample_bytree': 0.6493068086885774, 'parameters.gamma': 0.026096400162394284, 'parameters.reg_lambda': 0.5657166763054492, 'parameters.min_child_weight': 5}. Best is trial 0 with value: 0.3258046106584057.
[I 2026-04-11 20:56:58,700] Trial 162 finished with value: 0.3258046106584057 and parameters: {'parameters.max_depth': 29, 'parameters.learning_rate': 0.012321101651184283, 'parameters.subsample': 0.8482746850897694, 'parameters.colsample_bytree': 0.6084668389287511, 'parameters.gamma': 0.15018162676463195, 'parameters.reg_lambda': 0.5278547317250217, 'parameters.min_child_weight': 4}. Best is trial 0 with value: 0.3258046106584057.
[I 2026-04-11 20:57:01,920] Trial 163 finished with value: 0.3258046106584057 and parameters: {'parameters.max_depth': 30, 'parameters.learning_rate': 0.015125376382734425, 'parameters.subsample': 0.9648564603201458, 'parameters.colsample_bytree': 0.802096104308626, 'parameters.gamma': 0.09128927969201849, 'parameters.reg_lambda': 0.5119090598616639, 'parameters.min_child_weight': 4}. Best is trial 0 with value: 0.3258046106584057.
[I 2026-04-11 20:57:05,134] Trial 164 finished with value: 0.3258046106584057 and parameters: {'parameters.max_depth': 22, 'parameters.learning_rate': 0.00869902833886976, 'parameters.subsample': 0.6236849136214763, 'parameters.colsample_bytree': 0.6249862419309952, 'parameters.gamma': 0.01030055298043826, 'parameters.reg_lambda': 0.6261913383976846, 'parameters.min_child_weight': 3}. Best is trial 0 with value: 0.3258046106584057.
[I 2026-04-11 20:57:08,360] Trial 165 finished with value: 0.3258046106584057 and parameters: {'parameters.max_depth': 30, 'parameters.learning_rate': 0.009846314036364023, 'parameters.subsample': 0.7293721639627572, 'parameters.colsample_bytree': 0.6613221122238095, 'parameters.gamma': 0.10821404043080086, 'parameters.reg_lambda': 0.8194474913519819, 'parameters.min_child_weight': 5}. Best is trial 0 with value: 0.3258046106584057.
[I 2026-04-11 20:57:11,454] Trial 166 finished with value: 0.3258046106584057 and parameters: {'parameters.max_depth': 25, 'parameters.learning_rate': 0.009187995270958274, 'parameters.subsample': 0.8613156776337222, 'parameters.colsample_bytree': 0.7255800693995705, 'parameters.gamma': 0.001464060448724895, 'parameters.reg_lambda': 0.5860185579783175, 'parameters.min_child_weight': 10}. Best is trial 0 with value: 0.3258046106584057.
[I 2026-04-11 20:57:14,574] Trial 167 finished with value: 0.3258046106584057 and parameters: {'parameters.max_depth': 19, 'parameters.learning_rate': 0.024687980664876995, 'parameters.subsample': 0.6593222661847238, 'parameters.colsample_bytree': 0.8534404068327602, 'parameters.gamma': 0.004459643379214055, 'parameters.reg_lambda': 0.7225280968854461, 'parameters.min_child_weight': 3}. Best is trial 0 with value: 0.3258046106584057.
[I 2026-04-11 20:57:17,703] Trial 168 finished with value: 0.3258046106584057 and parameters: {'parameters.max_depth': 28, 'parameters.learning_rate': 0.004161458974799607, 'parameters.subsample': 0.9992930676325877, 'parameters.colsample_bytree': 0.6514340214911224, 'parameters.gamma': 0.03675081284777357, 'parameters.reg_lambda': 0.545964310240421, 'parameters.min_child_weight': 3}. Best is trial 0 with value: 0.3258046106584057.
[I 2026-04-11 20:57:20,898] Trial 169 finished with value: 0.3258046106584057 and parameters: {'parameters.max_depth': 24, 'parameters.learning_rate': 0.01162694510815312, 'parameters.subsample': 0.7845445286658195, 'parameters.colsample_bytree': 0.8641512046346768, 'parameters.gamma': 0.006489134554941886, 'parameters.reg_lambda': 0.6772794320761237, 'parameters.min_child_weight': 6}. Best is trial 0 with value: 0.3258046106584057.
[I 2026-04-11 20:57:24,118] Trial 170 finished with value: 0.3258046106584057 and parameters: {'parameters.max_depth': 8, 'parameters.learning_rate': 0.022347638138084665, 'parameters.subsample': 0.8719098920028949, 'parameters.colsample_bytree': 0.6375587113788969, 'parameters.gamma': 0.05347838849844418, 'parameters.reg_lambda': 0.7612955567217529, 'parameters.min_child_weight': 10}. Best is trial 0 with value: 0.3258046106584057.Best trial: 0. Best value: 0.325805:  85%|████████▌ | 170/200 [09:02<01:34,  3.16s/it]Best trial: 0. Best value: 0.325805:  85%|████████▌ | 170/200 [09:02<01:34,  3.16s/it]Best trial: 0. Best value: 0.325805:  86%|████████▌ | 171/200 [09:02<01:32,  3.18s/it]                                                                                      Best trial: 0. Best value: 0.325805:  86%|████████▌ | 171/200 [09:05<01:32,  3.18s/it]Best trial: 0. Best value: 0.325805:  86%|████████▌ | 171/200 [09:05<01:32,  3.18s/it]Best trial: 0. Best value: 0.325805:  86%|████████▌ | 172/200 [09:05<01:29,  3.19s/it]                                                                                      Best trial: 0. Best value: 0.325805:  86%|████████▌ | 172/200 [09:08<01:29,  3.19s/it]Best trial: 0. Best value: 0.325805:  86%|████████▌ | 172/200 [09:08<01:29,  3.19s/it]Best trial: 0. Best value: 0.325805:  86%|████████▋ | 173/200 [09:08<01:25,  3.17s/it]                                                                                      Best trial: 0. Best value: 0.325805:  86%|████████▋ | 173/200 [09:11<01:25,  3.17s/it]Best trial: 0. Best value: 0.325805:  86%|████████▋ | 173/200 [09:11<01:25,  3.17s/it]Best trial: 0. Best value: 0.325805:  87%|████████▋ | 174/200 [09:11<01:21,  3.15s/it]                                                                                      Best trial: 0. Best value: 0.325805:  87%|████████▋ | 174/200 [09:14<01:21,  3.15s/it]Best trial: 0. Best value: 0.325805:  87%|████████▋ | 174/200 [09:14<01:21,  3.15s/it]Best trial: 0. Best value: 0.325805:  88%|████████▊ | 175/200 [09:14<01:18,  3.12s/it]                                                                                      Best trial: 0. Best value: 0.325805:  88%|████████▊ | 175/200 [09:18<01:18,  3.12s/it]Best trial: 0. Best value: 0.325805:  88%|████████▊ | 175/200 [09:18<01:18,  3.12s/it]Best trial: 0. Best value: 0.325805:  88%|████████▊ | 176/200 [09:18<01:15,  3.13s/it]                                                                                      Best trial: 0. Best value: 0.325805:  88%|████████▊ | 176/200 [09:21<01:15,  3.13s/it]Best trial: 0. Best value: 0.325805:  88%|████████▊ | 176/200 [09:21<01:15,  3.13s/it]Best trial: 0. Best value: 0.325805:  88%|████████▊ | 177/200 [09:21<01:12,  3.14s/it]                                                                                      Best trial: 0. Best value: 0.325805:  88%|████████▊ | 177/200 [09:24<01:12,  3.14s/it]Best trial: 0. Best value: 0.325805:  88%|████████▊ | 177/200 [09:24<01:12,  3.14s/it]Best trial: 0. Best value: 0.325805:  89%|████████▉ | 178/200 [09:24<01:09,  3.16s/it]                                                                                      Best trial: 0. Best value: 0.325805:  89%|████████▉ | 178/200 [09:27<01:09,  3.16s/it]Best trial: 0. Best value: 0.325805:  89%|████████▉ | 178/200 [09:27<01:09,  3.16s/it]Best trial: 0. Best value: 0.325805:  90%|████████▉ | 179/200 [09:27<01:06,  3.16s/it]                                                                                      Best trial: 0. Best value: 0.325805:  90%|████████▉ | 179/200 [09:30<01:06,  3.16s/it]Best trial: 0. Best value: 0.325805:  90%|████████▉ | 179/200 [09:30<01:06,  3.16s/it]Best trial: 0. Best value: 0.325805:  90%|█████████ | 180/200 [09:30<01:02,  3.14s/it]                                                                                      Best trial: 0. Best value: 0.325805:  90%|█████████ | 180/200 [09:33<01:02,  3.14s/it]Best trial: 0. Best value: 0.325805:  90%|█████████ | 180/200 [09:33<01:02,  3.14s/it]Best trial: 0. Best value: 0.325805:  90%|█████████ | 181/200 [09:33<00:59,  3.13s/it]                                                                                      Best trial: 0. Best value: 0.325805:  90%|█████████ | 181/200 [09:36<00:59,  3.13s/it]Best trial: 0. Best value: 0.325805:  90%|█████████ | 181/200 [09:36<00:59,  3.13s/it]Best trial: 0. Best value: 0.325805:  91%|█████████ | 182/200 [09:36<00:56,  3.12s/it]                                                                                      Best trial: 0. Best value: 0.325805:  91%|█████████ | 182/200 [09:40<00:56,  3.12s/it]Best trial: 0. Best value: 0.325805:  91%|█████████ | 182/200 [09:40<00:56,  3.12s/it]Best trial: 0. Best value: 0.325805:  92%|█████████▏| 183/200 [09:40<00:53,  3.15s/it]                                                                                      Best trial: 0. Best value: 0.325805:  92%|█████████▏| 183/200 [09:43<00:53,  3.15s/it]Best trial: 0. Best value: 0.325805:  92%|█████████▏| 183/200 [09:43<00:53,  3.15s/it]Best trial: 0. Best value: 0.325805:  92%|█████████▏| 184/200 [09:43<00:51,  3.19s/it]                                                                                      Best trial: 0. Best value: 0.325805:  92%|█████████▏| 184/200 [09:46<00:51,  3.19s/it]Best trial: 0. Best value: 0.325805:  92%|█████████▏| 184/200 [09:46<00:51,  3.19s/it]Best trial: 0. Best value: 0.325805:  92%|█████████▎| 185/200 [09:46<00:48,  3.22s/it]                                                                                      Best trial: 0. Best value: 0.325805:  92%|█████████▎| 185/200 [09:49<00:48,  3.22s/it]Best trial: 0. Best value: 0.325805:  92%|█████████▎| 185/200 [09:49<00:48,  3.22s/it]Best trial: 0. Best value: 0.325805:  93%|█████████▎| 186/200 [09:49<00:44,  3.18s/it]                                                                                      Best trial: 0. Best value: 0.325805:  93%|█████████▎| 186/200 [09:53<00:44,  3.18s/it]Best trial: 0. Best value: 0.325805:  93%|█████████▎| 186/200 [09:53<00:44,  3.18s/it]Best trial: 0. Best value: 0.325805:  94%|█████████▎| 187/200 [09:53<00:41,  3.20s/it]                                                                                      Best trial: 0. Best value: 0.325805:  94%|█████████▎| 187/200 [09:56<00:41,  3.20s/it]Best trial: 0. Best value: 0.325805:  94%|█████████▎| 187/200 [09:56<00:41,  3.20s/it]Best trial: 0. Best value: 0.325805:  94%|█████████▍| 188/200 [09:56<00:38,  3.19s/it]                                                                                      Best trial: 0. Best value: 0.325805:  94%|█████████▍| 188/200 [09:59<00:38,  3.19s/it]Best trial: 0. Best value: 0.325805:  94%|█████████▍| 188/200 [09:59<00:38,  3.19s/it]Best trial: 0. Best value: 0.325805:  94%|█████████▍| 189/200 [09:59<00:35,  3.20s/it]                                                                                      
[I 2026-04-11 20:57:27,322] Trial 171 finished with value: 0.3258046106584057 and parameters: {'parameters.max_depth': 15, 'parameters.learning_rate': 0.01913299406715758, 'parameters.subsample': 0.8487763360574058, 'parameters.colsample_bytree': 0.7400172426949937, 'parameters.gamma': 0.00537886652293625, 'parameters.reg_lambda': 3.7065426068750207, 'parameters.min_child_weight': 2}. Best is trial 0 with value: 0.3258046106584057.
[I 2026-04-11 20:57:30,456] Trial 172 finished with value: 0.3258046106584057 and parameters: {'parameters.max_depth': 13, 'parameters.learning_rate': 0.021673884911238544, 'parameters.subsample': 0.7059086967674307, 'parameters.colsample_bytree': 0.7003450871908182, 'parameters.gamma': 0.0032969740791417824, 'parameters.reg_lambda': 2.8134407720581316, 'parameters.min_child_weight': 1}. Best is trial 0 with value: 0.3258046106584057.
[I 2026-04-11 20:57:33,557] Trial 173 finished with value: 0.3258046106584057 and parameters: {'parameters.max_depth': 16, 'parameters.learning_rate': 0.01738972902271184, 'parameters.subsample': 0.8346356845951814, 'parameters.colsample_bytree': 0.7089118455808001, 'parameters.gamma': 1.3788788515364485, 'parameters.reg_lambda': 3.2549359219491216, 'parameters.min_child_weight': 4}. Best is trial 0 with value: 0.3258046106584057.
[I 2026-04-11 20:57:36,609] Trial 174 finished with value: 0.3258046106584057 and parameters: {'parameters.max_depth': 18, 'parameters.learning_rate': 0.02353251737678366, 'parameters.subsample': 0.862291041952535, 'parameters.colsample_bytree': 0.7169164788341936, 'parameters.gamma': 0.004355143422420135, 'parameters.reg_lambda': 0.8718023623738947, 'parameters.min_child_weight': 2}. Best is trial 0 with value: 0.3258046106584057.
[I 2026-04-11 20:57:39,778] Trial 175 finished with value: 0.3258046106584057 and parameters: {'parameters.max_depth': 14, 'parameters.learning_rate': 0.025912239536680075, 'parameters.subsample': 0.8137534203432522, 'parameters.colsample_bytree': 0.7681906538754834, 'parameters.gamma': 0.12392144016575161, 'parameters.reg_lambda': 2.954829903477918, 'parameters.min_child_weight': 3}. Best is trial 0 with value: 0.3258046106584057.
[I 2026-04-11 20:57:42,931] Trial 176 finished with value: 0.3258046106584057 and parameters: {'parameters.max_depth': 9, 'parameters.learning_rate': 0.005882733854261913, 'parameters.subsample': 0.7124343012564562, 'parameters.colsample_bytree': 0.6908594984295241, 'parameters.gamma': 0.0036960107526034097, 'parameters.reg_lambda': 2.606814414896744, 'parameters.min_child_weight': 9}. Best is trial 0 with value: 0.3258046106584057.
[I 2026-04-11 20:57:46,124] Trial 177 finished with value: 0.3258046106584057 and parameters: {'parameters.max_depth': 4, 'parameters.learning_rate': 0.02845158823627366, 'parameters.subsample': 0.676066544804054, 'parameters.colsample_bytree': 0.6780538667761624, 'parameters.gamma': 0.16476330996226685, 'parameters.reg_lambda': 0.9872094413653566, 'parameters.min_child_weight': 4}. Best is trial 0 with value: 0.3258046106584057.
[I 2026-04-11 20:57:49,291] Trial 178 finished with value: 0.3258046106584057 and parameters: {'parameters.max_depth': 15, 'parameters.learning_rate': 0.002856633347008201, 'parameters.subsample': 0.8242521186558631, 'parameters.colsample_bytree': 0.6443211271578169, 'parameters.gamma': 0.0735394712050177, 'parameters.reg_lambda': 1.3794936366534867, 'parameters.min_child_weight': 1}. Best is trial 0 with value: 0.3258046106584057.
[I 2026-04-11 20:57:52,385] Trial 179 finished with value: 0.3258046106584057 and parameters: {'parameters.max_depth': 16, 'parameters.learning_rate': 0.0044640616687257155, 'parameters.subsample': 0.6140431433939052, 'parameters.colsample_bytree': 0.8363673909952745, 'parameters.gamma': 0.002495654062984629, 'parameters.reg_lambda': 2.752184252143403, 'parameters.min_child_weight': 5}. Best is trial 0 with value: 0.3258046106584057.
[I 2026-04-11 20:57:55,506] Trial 180 finished with value: 0.3258046106584057 and parameters: {'parameters.max_depth': 6, 'parameters.learning_rate': 0.013126866572682808, 'parameters.subsample': 0.8776943899147752, 'parameters.colsample_bytree': 0.7539595128816077, 'parameters.gamma': 0.001196953150759453, 'parameters.reg_lambda': 1.4651926345208175, 'parameters.min_child_weight': 9}. Best is trial 0 with value: 0.3258046106584057.
[I 2026-04-11 20:57:58,601] Trial 181 finished with value: 0.3258046106584057 and parameters: {'parameters.max_depth': 29, 'parameters.learning_rate': 0.006612982653710717, 'parameters.subsample': 0.867818118177371, 'parameters.colsample_bytree': 0.6045025843757297, 'parameters.gamma': 0.472714186849247, 'parameters.reg_lambda': 1.7240309795593614, 'parameters.min_child_weight': 4}. Best is trial 0 with value: 0.3258046106584057.
[I 2026-04-11 20:58:01,808] Trial 182 finished with value: 0.3258046106584057 and parameters: {'parameters.max_depth': 26, 'parameters.learning_rate': 0.0063483189410999665, 'parameters.subsample': 0.8977481105024846, 'parameters.colsample_bytree': 0.6118906767993524, 'parameters.gamma': 0.42466073786992764, 'parameters.reg_lambda': 1.8106780217409844, 'parameters.min_child_weight': 8}. Best is trial 0 with value: 0.3258046106584057.
[I 2026-04-11 20:58:05,089] Trial 183 finished with value: 0.3258046106584057 and parameters: {'parameters.max_depth': 17, 'parameters.learning_rate': 0.003958616162938779, 'parameters.subsample': 0.9849357461877598, 'parameters.colsample_bytree': 0.6174772908575499, 'parameters.gamma': 0.3706021244378809, 'parameters.reg_lambda': 1.6417078684146311, 'parameters.min_child_weight': 3}. Best is trial 0 with value: 0.3258046106584057.
[I 2026-04-11 20:58:08,376] Trial 184 finished with value: 0.3258046106584057 and parameters: {'parameters.max_depth': 28, 'parameters.learning_rate': 0.0047297369287324816, 'parameters.subsample': 0.9271163515050713, 'parameters.colsample_bytree': 0.9528429769255606, 'parameters.gamma': 1.9922318418016125, 'parameters.reg_lambda': 1.9204543705539467, 'parameters.min_child_weight': 5}. Best is trial 0 with value: 0.3258046106584057.
[I 2026-04-11 20:58:11,476] Trial 185 finished with value: 0.3258046106584057 and parameters: {'parameters.max_depth': 27, 'parameters.learning_rate': 0.0054045666289739315, 'parameters.subsample': 0.774663237415995, 'parameters.colsample_bytree': 0.9210028885771592, 'parameters.gamma': 0.24962983341184294, 'parameters.reg_lambda': 1.5568713640885368, 'parameters.min_child_weight': 3}. Best is trial 0 with value: 0.3258046106584057.
[I 2026-04-11 20:58:14,708] Trial 186 finished with value: 0.3258046106584057 and parameters: {'parameters.max_depth': 23, 'parameters.learning_rate': 0.010984322888008071, 'parameters.subsample': 0.8407785994165473, 'parameters.colsample_bytree': 0.8253210311373506, 'parameters.gamma': 0.1939974781529417, 'parameters.reg_lambda': 1.7539247559231408, 'parameters.min_child_weight': 2}. Best is trial 0 with value: 0.3258046106584057.
