  0%|          | 0/200 [00:00<?, ?it/s]                                         0%|          | 0/200 [00:03<?, ?it/s]Best trial: 0. Best value: 0.325805:   0%|          | 0/200 [00:03<?, ?it/s]Best trial: 0. Best value: 0.325805:   0%|          | 1/200 [00:03<10:45,  3.24s/it]                                                                                    Best trial: 0. Best value: 0.325805:   0%|          | 1/200 [00:06<10:45,  3.24s/it]Best trial: 0. Best value: 0.325805:   0%|          | 1/200 [00:06<10:45,  3.24s/it]Best trial: 0. Best value: 0.325805:   1%|          | 2/200 [00:06<10:35,  3.21s/it]                                                                                    Best trial: 0. Best value: 0.325805:   1%|          | 2/200 [00:09<10:35,  3.21s/it]Best trial: 0. Best value: 0.325805:   1%|          | 2/200 [00:09<10:35,  3.21s/it]Best trial: 0. Best value: 0.325805:   2%|▏         | 3/200 [00:09<10:35,  3.23s/it]                                                                                    Best trial: 0. Best value: 0.325805:   2%|▏         | 3/200 [00:12<10:35,  3.23s/it]Best trial: 0. Best value: 0.325805:   2%|▏         | 3/200 [00:12<10:35,  3.23s/it]Best trial: 0. Best value: 0.325805:   2%|▏         | 4/200 [00:12<10:23,  3.18s/it]                                                                                    Best trial: 0. Best value: 0.325805:   2%|▏         | 4/200 [00:15<10:23,  3.18s/it]Best trial: 0. Best value: 0.325805:   2%|▏         | 4/200 [00:15<10:23,  3.18s/it]Best trial: 0. Best value: 0.325805:   2%|▎         | 5/200 [00:15<10:15,  3.15s/it]                                                                                    Best trial: 0. Best value: 0.325805:   2%|▎         | 5/200 [00:19<10:15,  3.15s/it]Best trial: 0. Best value: 0.325805:   2%|▎         | 5/200 [00:19<10:15,  3.15s/it]Best trial: 0. Best value: 0.325805:   3%|▎         | 6/200 [00:19<10:13,  3.16s/it]                                                                                    Best trial: 0. Best value: 0.325805:   3%|▎         | 6/200 [00:22<10:13,  3.16s/it]Best trial: 0. Best value: 0.325805:   3%|▎         | 6/200 [00:22<10:13,  3.16s/it]Best trial: 0. Best value: 0.325805:   4%|▎         | 7/200 [00:22<10:11,  3.17s/it]                                                                                    Best trial: 0. Best value: 0.325805:   4%|▎         | 7/200 [00:25<10:11,  3.17s/it]Best trial: 0. Best value: 0.325805:   4%|▎         | 7/200 [00:25<10:11,  3.17s/it]Best trial: 0. Best value: 0.325805:   4%|▍         | 8/200 [00:25<10:04,  3.15s/it]                                                                                    Best trial: 0. Best value: 0.325805:   4%|▍         | 8/200 [00:28<10:04,  3.15s/it]Best trial: 0. Best value: 0.325805:   4%|▍         | 8/200 [00:28<10:04,  3.15s/it]Best trial: 0. Best value: 0.325805:   4%|▍         | 9/200 [00:28<09:58,  3.13s/it]                                                                                    Best trial: 0. Best value: 0.325805:   4%|▍         | 9/200 [00:31<09:58,  3.13s/it]Best trial: 0. Best value: 0.325805:   4%|▍         | 9/200 [00:31<09:58,  3.13s/it]Best trial: 0. Best value: 0.325805:   5%|▌         | 10/200 [00:31<09:57,  3.14s/it]                                                                                     Best trial: 0. Best value: 0.325805:   5%|▌         | 10/200 [00:34<09:57,  3.14s/it]Best trial: 0. Best value: 0.325805:   5%|▌         | 10/200 [00:34<09:57,  3.14s/it]Best trial: 0. Best value: 0.325805:   6%|▌         | 11/200 [00:34<09:59,  3.17s/it]                                                                                     Best trial: 0. Best value: 0.325805:   6%|▌         | 11/200 [00:37<09:59,  3.17s/it]Best trial: 0. Best value: 0.325805:   6%|▌         | 11/200 [00:37<09:59,  3.17s/it]Best trial: 0. Best value: 0.325805:   6%|▌         | 12/200 [00:37<09:53,  3.16s/it]                                                                                     Best trial: 0. Best value: 0.325805:   6%|▌         | 12/200 [00:41<09:53,  3.16s/it]Best trial: 0. Best value: 0.325805:   6%|▌         | 12/200 [00:41<09:53,  3.16s/it]Best trial: 0. Best value: 0.325805:   6%|▋         | 13/200 [00:41<09:49,  3.15s/it]                                                                                     Best trial: 0. Best value: 0.325805:   6%|▋         | 13/200 [00:44<09:49,  3.15s/it]Best trial: 0. Best value: 0.325805:   6%|▋         | 13/200 [00:44<09:49,  3.15s/it]Best trial: 0. Best value: 0.325805:   7%|▋         | 14/200 [00:44<09:43,  3.14s/it]                                                                                     Best trial: 0. Best value: 0.325805:   7%|▋         | 14/200 [00:47<09:43,  3.14s/it]Best trial: 0. Best value: 0.325805:   7%|▋         | 14/200 [00:47<09:43,  3.14s/it]Best trial: 0. Best value: 0.325805:   8%|▊         | 15/200 [00:47<09:42,  3.15s/it]                                                                                     Best trial: 0. Best value: 0.325805:   8%|▊         | 15/200 [00:50<09:42,  3.15s/it]Best trial: 0. Best value: 0.325805:   8%|▊         | 15/200 [00:50<09:42,  3.15s/it]Best trial: 0. Best value: 0.325805:   8%|▊         | 16/200 [00:50<09:46,  3.19s/it]                                                                                     Best trial: 0. Best value: 0.325805:   8%|▊         | 16/200 [00:53<09:46,  3.19s/it]Best trial: 0. Best value: 0.325805:   8%|▊         | 16/200 [00:53<09:46,  3.19s/it]Best trial: 0. Best value: 0.325805:   8%|▊         | 17/200 [00:53<09:38,  3.16s/it]                                                                                     Best trial: 0. Best value: 0.325805:   8%|▊         | 17/200 [00:56<09:38,  3.16s/it]Best trial: 0. Best value: 0.325805:   8%|▊         | 17/200 [00:56<09:38,  3.16s/it]Best trial: 0. Best value: 0.325805:   9%|▉         | 18/200 [00:56<09:30,  3.13s/it]                                                                                     [I 2026-04-11 20:48:24,941] Trial 0 finished with value: 0.3258046106584057 and parameters: {'parameters.max_depth': 14, 'parameters.learning_rate': 0.026251660632419304, 'parameters.subsample': 0.8720536237417198, 'parameters.colsample_bytree': 0.8146346649119967, 'parameters.gamma': 0.0032735743714072487, 'parameters.reg_lambda': 0.7160849144555758, 'parameters.min_child_weight': 1}. Best is trial 0 with value: 0.3258046106584057.
[I 2026-04-11 20:48:28,130] Trial 1 finished with value: 0.3258046106584057 and parameters: {'parameters.max_depth': 27, 'parameters.learning_rate': 0.01018582256686764, 'parameters.subsample': 0.8614622804552621, 'parameters.colsample_bytree': 0.6063423389688911, 'parameters.gamma': 1.5911147987600698, 'parameters.reg_lambda': 3.3994812107955625, 'parameters.min_child_weight': 3}. Best is trial 0 with value: 0.3258046106584057.
[I 2026-04-11 20:48:31,371] Trial 2 finished with value: 0.3258046106584057 and parameters: {'parameters.max_depth': 8, 'parameters.learning_rate': 0.0032864757839415246, 'parameters.subsample': 0.7008853970727918, 'parameters.colsample_bytree': 0.7844545901841157, 'parameters.gamma': 0.02666020367873237, 'parameters.reg_lambda': 0.9776854331372623, 'parameters.min_child_weight': 7}. Best is trial 0 with value: 0.3258046106584057.
[I 2026-04-11 20:48:34,480] Trial 3 finished with value: 0.3258046106584057 and parameters: {'parameters.max_depth': 7, 'parameters.learning_rate': 0.004411829935614205, 'parameters.subsample': 0.7234827275619211, 'parameters.colsample_bytree': 0.75740785724554, 'parameters.gamma': 0.39074137500162603, 'parameters.reg_lambda': 0.7918515779559374, 'parameters.min_child_weight': 6}. Best is trial 0 with value: 0.3258046106584057.
[I 2026-04-11 20:48:37,590] Trial 4 finished with value: 0.3258046106584057 and parameters: {'parameters.max_depth': 19, 'parameters.learning_rate': 0.0022680881003614693, 'parameters.subsample': 0.8183410106404391, 'parameters.colsample_bytree': 0.6546087618788374, 'parameters.gamma': 0.0016395975462927177, 'parameters.reg_lambda': 4.4448339535094625, 'parameters.min_child_weight': 10}. Best is trial 0 with value: 0.3258046106584057.
[I 2026-04-11 20:48:40,761] Trial 5 finished with value: 0.3258046106584057 and parameters: {'parameters.max_depth': 25, 'parameters.learning_rate': 0.00456334797616324, 'parameters.subsample': 0.630695433816894, 'parameters.colsample_bytree': 0.8510351378449301, 'parameters.gamma': 0.02837635341868618, 'parameters.reg_lambda': 0.6622290670049675, 'parameters.min_child_weight': 5}. Best is trial 0 with value: 0.3258046106584057.
[I 2026-04-11 20:48:43,939] Trial 6 finished with value: 0.3258046106584057 and parameters: {'parameters.max_depth': 4, 'parameters.learning_rate': 0.02346787531982524, 'parameters.subsample': 0.6847960801527393, 'parameters.colsample_bytree': 0.8416489593130831, 'parameters.gamma': 0.010689751565977946, 'parameters.reg_lambda': 1.6559149440361902, 'parameters.min_child_weight': 6}. Best is trial 0 with value: 0.3258046106584057.
[I 2026-04-11 20:48:47,043] Trial 7 finished with value: 0.3258046106584057 and parameters: {'parameters.max_depth': 8, 'parameters.learning_rate': 0.027628035240548847, 'parameters.subsample': 0.8914838870924939, 'parameters.colsample_bytree': 0.9695672016561586, 'parameters.gamma': 0.8991909447343751, 'parameters.reg_lambda': 1.9809338952032913, 'parameters.min_child_weight': 10}. Best is trial 0 with value: 0.3258046106584057.
[I 2026-04-11 20:48:50,141] Trial 8 finished with value: 0.3258046106584057 and parameters: {'parameters.max_depth': 6, 'parameters.learning_rate': 0.003400350826442219, 'parameters.subsample': 0.6140233233176831, 'parameters.colsample_bytree': 0.7084763827073611, 'parameters.gamma': 0.019188251048398993, 'parameters.reg_lambda': 0.9339401285535338, 'parameters.min_child_weight': 9}. Best is trial 0 with value: 0.3258046106584057.
[I 2026-04-11 20:48:53,312] Trial 9 finished with value: 0.3258046106584057 and parameters: {'parameters.max_depth': 13, 'parameters.learning_rate': 0.004279909806035243, 'parameters.subsample': 0.7916763983762117, 'parameters.colsample_bytree': 0.6447852788360978, 'parameters.gamma': 0.44470938617470757, 'parameters.reg_lambda': 0.5936365712667949, 'parameters.min_child_weight': 10}. Best is trial 0 with value: 0.3258046106584057.
[I 2026-04-11 20:48:56,541] Trial 10 finished with value: 0.3258046106584057 and parameters: {'parameters.max_depth': 18, 'parameters.learning_rate': 0.013536538146286541, 'parameters.subsample': 0.9845592258747959, 'parameters.colsample_bytree': 0.966003493489024, 'parameters.gamma': 0.0011239043752531007, 'parameters.reg_lambda': 1.2502974532451985, 'parameters.min_child_weight': 1}. Best is trial 0 with value: 0.3258046106584057.
[I 2026-04-11 20:48:59,666] Trial 11 finished with value: 0.3258046106584057 and parameters: {'parameters.max_depth': 30, 'parameters.learning_rate': 0.010922004996673064, 'parameters.subsample': 0.8749144657864892, 'parameters.colsample_bytree': 0.6048440398795121, 'parameters.gamma': 0.10920329342525148, 'parameters.reg_lambda': 3.1422570578252427, 'parameters.min_child_weight': 1}. Best is trial 0 with value: 0.3258046106584057.
[I 2026-04-11 20:49:02,808] Trial 12 finished with value: 0.3258046106584057 and parameters: {'parameters.max_depth': 24, 'parameters.learning_rate': 0.016563311038036304, 'parameters.subsample': 0.9578054514185212, 'parameters.colsample_bytree': 0.8685013124534056, 'parameters.gamma': 0.0046488040280928304, 'parameters.reg_lambda': 2.3873608586922304, 'parameters.min_child_weight': 3}. Best is trial 0 with value: 0.3258046106584057.
[I 2026-04-11 20:49:05,918] Trial 13 finished with value: 0.3258046106584057 and parameters: {'parameters.max_depth': 13, 'parameters.learning_rate': 0.007809001613829823, 'parameters.subsample': 0.8673852710079396, 'parameters.colsample_bytree': 0.7277709798845159, 'parameters.gamma': 1.859769626503809, 'parameters.reg_lambda': 3.9157418425058084, 'parameters.min_child_weight': 3}. Best is trial 0 with value: 0.3258046106584057.
[I 2026-04-11 20:49:09,093] Trial 14 finished with value: 0.3258046106584057 and parameters: {'parameters.max_depth': 14, 'parameters.learning_rate': 0.008066445395521402, 'parameters.subsample': 0.9230248004832512, 'parameters.colsample_bytree': 0.8101598732908504, 'parameters.gamma': 0.11063479504966263, 'parameters.reg_lambda': 2.658915069073984, 'parameters.min_child_weight': 3}. Best is trial 0 with value: 0.3258046106584057.
[I 2026-04-11 20:49:12,360] Trial 15 finished with value: 0.3258046106584057 and parameters: {'parameters.max_depth': 22, 'parameters.learning_rate': 0.017118299085017018, 'parameters.subsample': 0.8240677052844377, 'parameters.colsample_bytree': 0.9066082979664373, 'parameters.gamma': 0.004433711887088472, 'parameters.reg_lambda': 1.315307009833882, 'parameters.min_child_weight': 2}. Best is trial 0 with value: 0.3258046106584057.
[I 2026-04-11 20:49:15,462] Trial 16 finished with value: 0.3258046106584057 and parameters: {'parameters.max_depth': 30, 'parameters.learning_rate': 0.010970721880809425, 'parameters.subsample': 0.7559608023845226, 'parameters.colsample_bytree': 0.6501557290152649, 'parameters.gamma': 0.08836541877863288, 'parameters.reg_lambda': 0.5040525634000519, 'parameters.min_child_weight': 4}. Best is trial 0 with value: 0.3258046106584057.
[I 2026-04-11 20:49:18,537] Trial 17 finished with value: 0.3258046106584057 and parameters: {'parameters.max_depth': 16, 'parameters.learning_rate': 0.021186103994410503, 'parameters.subsample': 0.8411484596540093, 'parameters.colsample_bytree': 0.699929602664618, 'parameters.gamma': 0.004989806112511909, 'parameters.reg_lambda': 3.185986559188151, 'parameters.min_child_weight': 2}. Best is trial 0 with value: 0.3258046106584057.
[I 2026-04-11 20:49:21,689] Trial 18 finished with value: 0.3258046106584057 and parameters: {'parameters.max_depth': 27, 'parameters.learning_rate': 0.006504005036824076, 'parameters.subsample': 0.921771710569886, 'parameters.colsample_bytree': 0.606626319016001, 'parameters.gamma': 0.26544945315127133, 'parameters.reg_lambda': 1.813785382020627, 'parameters.min_child_weight': 4}. Best is trial 0 with value: 0.3258046106584057.Best trial: 0. Best value: 0.325805:   9%|▉         | 18/200 [00:59<09:30,  3.13s/it]Best trial: 0. Best value: 0.325805:   9%|▉         | 18/200 [00:59<09:30,  3.13s/it]Best trial: 0. Best value: 0.325805:  10%|▉         | 19/200 [00:59<09:28,  3.14s/it]                                                                                     Best trial: 0. Best value: 0.325805:  10%|▉         | 19/200 [01:03<09:28,  3.14s/it]Best trial: 0. Best value: 0.325805:  10%|▉         | 19/200 [01:03<09:28,  3.14s/it]Best trial: 0. Best value: 0.325805:  10%|█         | 20/200 [01:03<09:26,  3.15s/it]                                                                                     Best trial: 0. Best value: 0.325805:  10%|█         | 20/200 [01:06<09:26,  3.15s/it]Best trial: 0. Best value: 0.325805:  10%|█         | 20/200 [01:06<09:26,  3.15s/it]Best trial: 0. Best value: 0.325805:  10%|█         | 21/200 [01:06<09:26,  3.17s/it]                                                                                     Best trial: 0. Best value: 0.325805:  10%|█         | 21/200 [01:09<09:26,  3.17s/it]Best trial: 0. Best value: 0.325805:  10%|█         | 21/200 [01:09<09:26,  3.17s/it]Best trial: 0. Best value: 0.325805:  11%|█         | 22/200 [01:09<09:24,  3.17s/it]                                                                                     Best trial: 0. Best value: 0.325805:  11%|█         | 22/200 [01:12<09:24,  3.17s/it]Best trial: 0. Best value: 0.325805:  11%|█         | 22/200 [01:12<09:24,  3.17s/it]Best trial: 0. Best value: 0.325805:  12%|█▏        | 23/200 [01:12<09:18,  3.15s/it]                                                                                     Best trial: 0. Best value: 0.325805:  12%|█▏        | 23/200 [01:15<09:18,  3.15s/it]Best trial: 0. Best value: 0.325805:  12%|█▏        | 23/200 [01:15<09:18,  3.15s/it]Best trial: 0. Best value: 0.325805:  12%|█▏        | 24/200 [01:15<09:17,  3.17s/it]                                                                                     Best trial: 0. Best value: 0.325805:  12%|█▏        | 24/200 [01:19<09:17,  3.17s/it]Best trial: 0. Best value: 0.325805:  12%|█▏        | 24/200 [01:19<09:17,  3.17s/it]Best trial: 0. Best value: 0.325805:  12%|█▎        | 25/200 [01:19<09:18,  3.19s/it]                                                                                     Best trial: 0. Best value: 0.325805:  12%|█▎        | 25/200 [01:22<09:18,  3.19s/it]Best trial: 0. Best value: 0.325805:  12%|█▎        | 25/200 [01:22<09:18,  3.19s/it]Best trial: 0. Best value: 0.325805:  13%|█▎        | 26/200 [01:22<09:14,  3.19s/it]                                                                                     Best trial: 0. Best value: 0.325805:  13%|█▎        | 26/200 [01:25<09:14,  3.19s/it]Best trial: 0. Best value: 0.325805:  13%|█▎        | 26/200 [01:25<09:14,  3.19s/it]Best trial: 0. Best value: 0.325805:  14%|█▎        | 27/200 [01:25<09:09,  3.18s/it]                                                                                     Best trial: 0. Best value: 0.325805:  14%|█▎        | 27/200 [01:28<09:09,  3.18s/it]Best trial: 0. Best value: 0.325805:  14%|█▎        | 27/200 [01:28<09:09,  3.18s/it]Best trial: 0. Best value: 0.325805:  14%|█▍        | 28/200 [01:28<09:07,  3.19s/it]                                                                                     Best trial: 0. Best value: 0.325805:  14%|█▍        | 28/200 [01:31<09:07,  3.19s/it]Best trial: 0. Best value: 0.325805:  14%|█▍        | 28/200 [01:31<09:07,  3.19s/it]Best trial: 0. Best value: 0.325805:  14%|█▍        | 29/200 [01:31<09:00,  3.16s/it]                                                                                     Best trial: 0. Best value: 0.325805:  14%|█▍        | 29/200 [01:34<09:00,  3.16s/it]Best trial: 0. Best value: 0.325805:  14%|█▍        | 29/200 [01:34<09:00,  3.16s/it]Best trial: 0. Best value: 0.325805:  15%|█▌        | 30/200 [01:34<08:56,  3.15s/it]                                                                                     Best trial: 0. Best value: 0.325805:  15%|█▌        | 30/200 [01:38<08:56,  3.15s/it]Best trial: 0. Best value: 0.325805:  15%|█▌        | 30/200 [01:38<08:56,  3.15s/it]Best trial: 0. Best value: 0.325805:  16%|█▌        | 31/200 [01:38<08:51,  3.15s/it]                                                                                     Best trial: 0. Best value: 0.325805:  16%|█▌        | 31/200 [01:41<08:51,  3.15s/it]Best trial: 0. Best value: 0.325805:  16%|█▌        | 31/200 [01:41<08:51,  3.15s/it]Best trial: 0. Best value: 0.325805:  16%|█▌        | 32/200 [01:41<08:51,  3.16s/it]                                                                                     Best trial: 0. Best value: 0.325805:  16%|█▌        | 32/200 [01:44<08:51,  3.16s/it]Best trial: 0. Best value: 0.325805:  16%|█▌        | 32/200 [01:44<08:51,  3.16s/it]Best trial: 0. Best value: 0.325805:  16%|█▋        | 33/200 [01:44<08:49,  3.17s/it]                                                                                     Best trial: 0. Best value: 0.325805:  16%|█▋        | 33/200 [01:47<08:49,  3.17s/it]Best trial: 0. Best value: 0.325805:  16%|█▋        | 33/200 [01:47<08:49,  3.17s/it]Best trial: 0. Best value: 0.325805:  17%|█▋        | 34/200 [01:47<08:47,  3.17s/it]                                                                                     Best trial: 0. Best value: 0.325805:  17%|█▋        | 34/200 [01:50<08:47,  3.17s/it]Best trial: 0. Best value: 0.325805:  17%|█▋        | 34/200 [01:50<08:47,  3.17s/it]Best trial: 0. Best value: 0.325805:  18%|█▊        | 35/200 [01:50<08:50,  3.22s/it]                                                                                     Best trial: 0. Best value: 0.325805:  18%|█▊        | 35/200 [01:54<08:50,  3.22s/it]Best trial: 0. Best value: 0.325805:  18%|█▊        | 35/200 [01:54<08:50,  3.22s/it]Best trial: 0. Best value: 0.325805:  18%|█▊        | 36/200 [01:54<08:46,  3.21s/it]                                                                                     Best trial: 0. Best value: 0.325805:  18%|█▊        | 36/200 [01:57<08:46,  3.21s/it]Best trial: 0. Best value: 0.325805:  18%|█▊        | 36/200 [01:57<08:46,  3.21s/it]Best trial: 0. Best value: 0.325805:  18%|█▊        | 37/200 [01:57<08:41,  3.20s/it]                                                                                     
[I 2026-04-11 20:49:24,856] Trial 19 finished with value: 0.3258046106584057 and parameters: {'parameters.max_depth': 20, 'parameters.learning_rate': 0.029101713465814978, 'parameters.subsample': 0.771222181980384, 'parameters.colsample_bytree': 0.9127446807815301, 'parameters.gamma': 0.060277553758118864, 'parameters.reg_lambda': 4.9789952191503914, 'parameters.min_child_weight': 1}. Best is trial 0 with value: 0.3258046106584057.
[I 2026-04-11 20:49:28,067] Trial 20 finished with value: 0.3258046106584057 and parameters: {'parameters.max_depth': 10, 'parameters.learning_rate': 0.011157328317319937, 'parameters.subsample': 0.998479785802115, 'parameters.colsample_bytree': 0.758762786970916, 'parameters.gamma': 0.011369666174929138, 'parameters.reg_lambda': 1.2038999425032693, 'parameters.min_child_weight': 2}. Best is trial 0 with value: 0.3258046106584057.
