[I 2026-04-11 21:36:19,264] Trial 175 finished with value: 0.38843612003763883 and parameters: {'parameters.mid_layer_count': 2, 'parameters.mid_layer_size': 505, 'parameters.dropout': 0.07695920294493074, 'parameters.batch_size': 250, 'parameters.learning_rate': 0.00014848132332261597, 'parameters.weight_decay': 0.009616938700498488}. Best is trial 0 with value: 0.38843612003763883.Best trial: 0. Best value: 0.388436:  88%|████████▊ | 175/200 [14:07<02:00,  4.81s/it]Best trial: 0. Best value: 0.388436:  88%|████████▊ | 175/200 [14:07<02:00,  4.81s/it]Best trial: 0. Best value: 0.388436:  88%|████████▊ | 176/200 [14:07<01:55,  4.79s/it]                                                                                      Best trial: 0. Best value: 0.388436:  88%|████████▊ | 176/200 [14:12<01:55,  4.79s/it]Best trial: 0. Best value: 0.388436:  88%|████████▊ | 176/200 [14:12<01:55,  4.79s/it]Best trial: 0. Best value: 0.388436:  88%|████████▊ | 177/200 [14:12<01:50,  4.80s/it]                                                                                      Best trial: 0. Best value: 0.388436:  88%|████████▊ | 177/200 [14:17<01:50,  4.80s/it]Best trial: 0. Best value: 0.388436:  88%|████████▊ | 177/200 [14:17<01:50,  4.80s/it]Best trial: 0. Best value: 0.388436:  89%|████████▉ | 178/200 [14:17<01:45,  4.80s/it]                                                                                      Best trial: 0. Best value: 0.388436:  89%|████████▉ | 178/200 [14:22<01:45,  4.80s/it]Best trial: 0. Best value: 0.388436:  89%|████████▉ | 178/200 [14:22<01:45,  4.80s/it]Best trial: 0. Best value: 0.388436:  90%|████████▉ | 179/200 [14:22<01:41,  4.82s/it]                                                                                      Best trial: 0. Best value: 0.388436:  90%|████████▉ | 179/200 [14:27<01:41,  4.82s/it]Best trial: 0. Best value: 0.388436:  90%|████████▉ | 179/200 [14:27<01:41,  4.82s/it]Best trial: 0. Best value: 0.388436:  90%|█████████ | 180/200 [14:27<01:36,  4.81s/it]                                                                                      Best trial: 0. Best value: 0.388436:  90%|█████████ | 180/200 [14:31<01:36,  4.81s/it]Best trial: 0. Best value: 0.388436:  90%|█████████ | 180/200 [14:31<01:36,  4.81s/it]Best trial: 0. Best value: 0.388436:  90%|█████████ | 181/200 [14:31<01:31,  4.79s/it]                                                                                      Best trial: 0. Best value: 0.388436:  90%|█████████ | 181/200 [14:36<01:31,  4.79s/it]Best trial: 0. Best value: 0.388436:  90%|█████████ | 181/200 [14:36<01:31,  4.79s/it]Best trial: 0. Best value: 0.388436:  91%|█████████ | 182/200 [14:36<01:26,  4.80s/it]                                                                                      Best trial: 0. Best value: 0.388436:  91%|█████████ | 182/200 [14:41<01:26,  4.80s/it]Best trial: 0. Best value: 0.388436:  91%|█████████ | 182/200 [14:41<01:26,  4.80s/it]Best trial: 0. Best value: 0.388436:  92%|█████████▏| 183/200 [14:41<01:22,  4.83s/it]                                                                                      Best trial: 0. Best value: 0.388436:  92%|█████████▏| 183/200 [14:46<01:22,  4.83s/it]Best trial: 0. Best value: 0.388436:  92%|█████████▏| 183/200 [14:46<01:22,  4.83s/it]Best trial: 0. Best value: 0.388436:  92%|█████████▏| 184/200 [14:46<01:16,  4.80s/it]                                                                                      Best trial: 0. Best value: 0.388436:  92%|█████████▏| 184/200 [14:51<01:16,  4.80s/it]Best trial: 0. Best value: 0.388436:  92%|█████████▏| 184/200 [14:51<01:16,  4.80s/it]Best trial: 0. Best value: 0.388436:  92%|█████████▎| 185/200 [14:51<01:11,  4.80s/it]                                                                                      Best trial: 0. Best value: 0.388436:  92%|█████████▎| 185/200 [14:55<01:11,  4.80s/it]Best trial: 0. Best value: 0.388436:  92%|█████████▎| 185/200 [14:55<01:11,  4.80s/it]Best trial: 0. Best value: 0.388436:  93%|█████████▎| 186/200 [14:55<01:07,  4.80s/it]                                                                                      Best trial: 0. Best value: 0.388436:  93%|█████████▎| 186/200 [15:00<01:07,  4.80s/it]Best trial: 0. Best value: 0.388436:  93%|█████████▎| 186/200 [15:00<01:07,  4.80s/it]Best trial: 0. Best value: 0.388436:  94%|█████████▎| 187/200 [15:00<01:02,  4.78s/it]                                                                                      Best trial: 0. Best value: 0.388436:  94%|█████████▎| 187/200 [15:05<01:02,  4.78s/it]Best trial: 0. Best value: 0.388436:  94%|█████████▎| 187/200 [15:05<01:02,  4.78s/it]Best trial: 0. Best value: 0.388436:  94%|█████████▍| 188/200 [15:05<00:57,  4.80s/it]                                                                                      Best trial: 0. Best value: 0.388436:  94%|█████████▍| 188/200 [15:10<00:57,  4.80s/it]Best trial: 0. Best value: 0.388436:  94%|█████████▍| 188/200 [15:10<00:57,  4.80s/it]Best trial: 0. Best value: 0.388436:  94%|█████████▍| 189/200 [15:10<00:52,  4.78s/it]                                                                                      Best trial: 0. Best value: 0.388436:  94%|█████████▍| 189/200 [15:15<00:52,  4.78s/it]Best trial: 0. Best value: 0.388436:  94%|█████████▍| 189/200 [15:15<00:52,  4.78s/it]Best trial: 0. Best value: 0.388436:  95%|█████████▌| 190/200 [15:15<00:47,  4.79s/it]                                                                                      Best trial: 0. Best value: 0.388436:  95%|█████████▌| 190/200 [15:19<00:47,  4.79s/it]Best trial: 0. Best value: 0.388436:  95%|█████████▌| 190/200 [15:19<00:47,  4.79s/it]Best trial: 0. Best value: 0.388436:  96%|█████████▌| 191/200 [15:19<00:43,  4.80s/it]                                                                                      Best trial: 0. Best value: 0.388436:  96%|█████████▌| 191/200 [15:24<00:43,  4.80s/it]Best trial: 0. Best value: 0.388436:  96%|█████████▌| 191/200 [15:24<00:43,  4.80s/it]Best trial: 0. Best value: 0.388436:  96%|█████████▌| 192/200 [15:24<00:38,  4.82s/it]                                                                                      Best trial: 0. Best value: 0.388436:  96%|█████████▌| 192/200 [15:29<00:38,  4.82s/it]Best trial: 0. Best value: 0.388436:  96%|█████████▌| 192/200 [15:29<00:38,  4.82s/it]Best trial: 0. Best value: 0.388436:  96%|█████████▋| 193/200 [15:29<00:33,  4.81s/it]                                                                                      Best trial: 0. Best value: 0.388436:  96%|█████████▋| 193/200 [15:34<00:33,  4.81s/it]Best trial: 0. Best value: 0.388436:  96%|█████████▋| 193/200 [15:34<00:33,  4.81s/it]Best trial: 0. Best value: 0.388436:  97%|█████████▋| 194/200 [15:34<00:28,  4.82s/it]                                                                                      Best trial: 0. Best value: 0.388436:  97%|█████████▋| 194/200 [15:39<00:28,  4.82s/it]Best trial: 0. Best value: 0.388436:  97%|█████████▋| 194/200 [15:39<00:28,  4.82s/it]Best trial: 0. Best value: 0.388436:  98%|█████████▊| 195/200 [15:39<00:24,  4.86s/it]                                                                                      Best trial: 0. Best value: 0.388436:  98%|█████████▊| 195/200 [15:44<00:24,  4.86s/it]Best trial: 0. Best value: 0.388436:  98%|█████████▊| 195/200 [15:44<00:24,  4.86s/it]Best trial: 0. Best value: 0.388436:  98%|█████████▊| 196/200 [15:44<00:19,  4.85s/it]                                                                                      Best trial: 0. Best value: 0.388436:  98%|█████████▊| 196/200 [15:48<00:19,  4.85s/it]Best trial: 0. Best value: 0.388436:  98%|█████████▊| 196/200 [15:48<00:19,  4.85s/it]Best trial: 0. Best value: 0.388436:  98%|█████████▊| 197/200 [15:48<00:14,  4.84s/it]                                                                                      
[I 2026-04-11 21:36:24,075] Trial 176 finished with value: 0.38843612003763883 and parameters: {'parameters.mid_layer_count': 3, 'parameters.mid_layer_size': 314, 'parameters.dropout': 0.34898908529475253, 'parameters.batch_size': 232, 'parameters.learning_rate': 0.00012786986901953994, 'parameters.weight_decay': 0.002981460583720727}. Best is trial 0 with value: 0.38843612003763883.
[I 2026-04-11 21:36:28,893] Trial 177 finished with value: 0.38843612003763883 and parameters: {'parameters.mid_layer_count': 4, 'parameters.mid_layer_size': 214, 'parameters.dropout': 0.24132145931603396, 'parameters.batch_size': 175, 'parameters.learning_rate': 0.0005056369440764552, 'parameters.weight_decay': 0.00037212070956483195}. Best is trial 0 with value: 0.38843612003763883.
[I 2026-04-11 21:36:33,740] Trial 178 finished with value: 0.38843612003763883 and parameters: {'parameters.mid_layer_count': 2, 'parameters.mid_layer_size': 484, 'parameters.dropout': 0.22997396295278927, 'parameters.batch_size': 141, 'parameters.learning_rate': 0.002063998529494366, 'parameters.weight_decay': 0.0010850165230181694}. Best is trial 0 with value: 0.38843612003763883.
[I 2026-04-11 21:36:38,542] Trial 179 finished with value: 0.38843612003763883 and parameters: {'parameters.mid_layer_count': 3, 'parameters.mid_layer_size': 293, 'parameters.dropout': 0.13131107089779218, 'parameters.batch_size': 149, 'parameters.learning_rate': 0.00010829408780368693, 'parameters.weight_decay': 0.004112315058055135}. Best is trial 0 with value: 0.38843612003763883.
[I 2026-04-11 21:36:43,293] Trial 180 finished with value: 0.38843612003763883 and parameters: {'parameters.mid_layer_count': 5, 'parameters.mid_layer_size': 143, 'parameters.dropout': 0.09466176733933748, 'parameters.batch_size': 237, 'parameters.learning_rate': 0.0023096402590640185, 'parameters.weight_decay': 1.4301048391825619e-05}. Best is trial 0 with value: 0.38843612003763883.
[I 2026-04-11 21:36:48,114] Trial 181 finished with value: 0.38843612003763883 and parameters: {'parameters.mid_layer_count': 3, 'parameters.mid_layer_size': 499, 'parameters.dropout': 0.18687964008219177, 'parameters.batch_size': 180, 'parameters.learning_rate': 0.00010407776684009487, 'parameters.weight_decay': 0.00011979444235865376}. Best is trial 0 with value: 0.38843612003763883.
[I 2026-04-11 21:36:53,006] Trial 182 finished with value: 0.38843612003763883 and parameters: {'parameters.mid_layer_count': 3, 'parameters.mid_layer_size': 155, 'parameters.dropout': 0.21015287271945263, 'parameters.batch_size': 193, 'parameters.learning_rate': 0.00011845373482988378, 'parameters.weight_decay': 0.00016183341869939602}. Best is trial 0 with value: 0.38843612003763883.
[I 2026-04-11 21:36:57,743] Trial 183 finished with value: 0.38843612003763883 and parameters: {'parameters.mid_layer_count': 3, 'parameters.mid_layer_size': 270, 'parameters.dropout': 0.1738785490190843, 'parameters.batch_size': 184, 'parameters.learning_rate': 0.0002533525293714151, 'parameters.weight_decay': 0.00019296467668125408}. Best is trial 0 with value: 0.38843612003763883.
[I 2026-04-11 21:37:02,539] Trial 184 finished with value: 0.38843612003763883 and parameters: {'parameters.mid_layer_count': 3, 'parameters.mid_layer_size': 422, 'parameters.dropout': 0.3707076690213465, 'parameters.batch_size': 101, 'parameters.learning_rate': 0.0026168267360898913, 'parameters.weight_decay': 0.0001454786901430028}. Best is trial 0 with value: 0.38843612003763883.
[I 2026-04-11 21:37:07,355] Trial 185 finished with value: 0.38843612003763883 and parameters: {'parameters.mid_layer_count': 3, 'parameters.mid_layer_size': 203, 'parameters.dropout': 0.20264693135909945, 'parameters.batch_size': 187, 'parameters.learning_rate': 0.00010670558024072785, 'parameters.weight_decay': 0.0003129891550935018}. Best is trial 0 with value: 0.38843612003763883.
[I 2026-04-11 21:37:12,076] Trial 186 finished with value: 0.38843612003763883 and parameters: {'parameters.mid_layer_count': 2, 'parameters.mid_layer_size': 169, 'parameters.dropout': 0.19175886111348697, 'parameters.batch_size': 201, 'parameters.learning_rate': 0.00013364113680790302, 'parameters.weight_decay': 2.1587785220096947e-05}. Best is trial 0 with value: 0.38843612003763883.
[I 2026-04-11 21:37:16,921] Trial 187 finished with value: 0.38843612003763883 and parameters: {'parameters.mid_layer_count': 4, 'parameters.mid_layer_size': 288, 'parameters.dropout': 0.1628564085440395, 'parameters.batch_size': 197, 'parameters.learning_rate': 0.0010242702362611945, 'parameters.weight_decay': 0.00024049739197253944}. Best is trial 0 with value: 0.38843612003763883.
[I 2026-04-11 21:37:21,672] Trial 188 finished with value: 0.38843612003763883 and parameters: {'parameters.mid_layer_count': 3, 'parameters.mid_layer_size': 182, 'parameters.dropout': 0.2156880429639258, 'parameters.batch_size': 217, 'parameters.learning_rate': 0.00016786978687497096, 'parameters.weight_decay': 0.0001035877171745194}. Best is trial 0 with value: 0.38843612003763883.
[I 2026-04-11 21:37:26,470] Trial 189 finished with value: 0.38843612003763883 and parameters: {'parameters.mid_layer_count': 2, 'parameters.mid_layer_size': 436, 'parameters.dropout': 0.18002573582266423, 'parameters.batch_size': 137, 'parameters.learning_rate': 0.0003169416706465244, 'parameters.weight_decay': 1.1141295299226743e-05}. Best is trial 0 with value: 0.38843612003763883.
[I 2026-04-11 21:37:31,307] Trial 190 finished with value: 0.38843612003763883 and parameters: {'parameters.mid_layer_count': 3, 'parameters.mid_layer_size': 450, 'parameters.dropout': 0.08490926191290295, 'parameters.batch_size': 123, 'parameters.learning_rate': 0.0001950035641862345, 'parameters.weight_decay': 0.0013844200382059795}. Best is trial 0 with value: 0.38843612003763883.
[I 2026-04-11 21:37:36,159] Trial 191 finished with value: 0.38843612003763883 and parameters: {'parameters.mid_layer_count': 4, 'parameters.mid_layer_size': 402, 'parameters.dropout': 0.1436711318257087, 'parameters.batch_size': 109, 'parameters.learning_rate': 0.00011420608412230696, 'parameters.weight_decay': 4.546670209930205e-05}. Best is trial 0 with value: 0.38843612003763883.
[I 2026-04-11 21:37:40,959] Trial 192 finished with value: 0.38843612003763883 and parameters: {'parameters.mid_layer_count': 4, 'parameters.mid_layer_size': 419, 'parameters.dropout': 0.16917429356112265, 'parameters.batch_size': 204, 'parameters.learning_rate': 0.00033923286642858575, 'parameters.weight_decay': 3.059519599929899e-05}. Best is trial 0 with value: 0.38843612003763883.
[I 2026-04-11 21:37:45,802] Trial 193 finished with value: 0.38843612003763883 and parameters: {'parameters.mid_layer_count': 4, 'parameters.mid_layer_size': 388, 'parameters.dropout': 0.15730633168051228, 'parameters.batch_size': 117, 'parameters.learning_rate': 0.00042079800869553133, 'parameters.weight_decay': 0.006896026128662692}. Best is trial 0 with value: 0.38843612003763883.
[I 2026-04-11 21:37:50,739] Trial 194 finished with value: 0.38843612003763883 and parameters: {'parameters.mid_layer_count': 4, 'parameters.mid_layer_size': 414, 'parameters.dropout': 0.15102361728771105, 'parameters.batch_size': 124, 'parameters.learning_rate': 0.00047325626406263615, 'parameters.weight_decay': 2.228514225492622e-05}. Best is trial 0 with value: 0.38843612003763883.
[I 2026-04-11 21:37:55,586] Trial 195 finished with value: 0.38843612003763883 and parameters: {'parameters.mid_layer_count': 4, 'parameters.mid_layer_size': 394, 'parameters.dropout': 0.13600472057133528, 'parameters.batch_size': 128, 'parameters.learning_rate': 0.00038871062960802024, 'parameters.weight_decay': 3.627869610609434e-05}. Best is trial 0 with value: 0.38843612003763883.
[I 2026-04-11 21:38:00,380] Trial 196 finished with value: 0.38843612003763883 and parameters: {'parameters.mid_layer_count': 2, 'parameters.mid_layer_size': 196, 'parameters.dropout': 0.05257713892522635, 'parameters.batch_size': 209, 'parameters.learning_rate': 0.00026968871204754416, 'parameters.weight_decay': 5.603515841427323e-05}. Best is trial 0 with value: 0.38843612003763883.
[I 2026-04-11 21:38:05,093] Trial 197 finished with value: 0.38843612003763883 and parameters: {'parameters.mid_layer_count': 4, 'parameters.mid_layer_size': 268, 'parameters.dropout': 0.22340616468657243, 'parameters.batch_size': 133, 'parameters.learning_rate': 0.00021309835507640282, 'parameters.weight_decay': 2.6840214815805756e-05}. Best is trial 0 with value: 0.38843612003763883.Best trial: 0. Best value: 0.388436:  98%|█████████▊| 197/200 [15:53<00:14,  4.84s/it]Best trial: 0. Best value: 0.388436:  98%|█████████▊| 197/200 [15:53<00:14,  4.84s/it]Best trial: 0. Best value: 0.388436:  99%|█████████▉| 198/200 [15:53<00:09,  4.80s/it]                                                                                      Best trial: 0. Best value: 0.388436:  99%|█████████▉| 198/200 [15:58<00:09,  4.80s/it]Best trial: 0. Best value: 0.388436:  99%|█████████▉| 198/200 [15:58<00:09,  4.80s/it]Best trial: 0. Best value: 0.388436: 100%|█████████▉| 199/200 [15:58<00:04,  4.80s/it]                                                                                      Best trial: 0. Best value: 0.388436: 100%|█████████▉| 199/200 [16:03<00:04,  4.80s/it]Best trial: 0. Best value: 0.388436: 100%|█████████▉| 199/200 [16:03<00:04,  4.80s/it]Best trial: 0. Best value: 0.388436: 100%|██████████| 200/200 [16:03<00:00,  4.81s/it]Best trial: 0. Best value: 0.388436: 100%|██████████| 200/200 [16:03<00:00,  4.82s/it]
[I 2026-04-11 21:38:19,455] A new study created in memory with name: rnn_temporal_optimization

[I 2026-04-11 21:38:09,891] Trial 198 finished with value: 0.38843612003763883 and parameters: {'parameters.mid_layer_count': 5, 'parameters.mid_layer_size': 427, 'parameters.dropout': 0.2837149779680165, 'parameters.batch_size': 191, 'parameters.learning_rate': 0.00010005178560594225, 'parameters.weight_decay': 1.87521967811497e-05}. Best is trial 0 with value: 0.38843612003763883.
[I 2026-04-11 21:38:14,721] Trial 199 finished with value: 0.38843612003763883 and parameters: {'parameters.mid_layer_count': 3, 'parameters.mid_layer_size': 308, 'parameters.dropout': 0.3388627017232299, 'parameters.batch_size': 91, 'parameters.learning_rate': 0.0003002165852258625, 'parameters.weight_decay': 0.0017660924867081136}. Best is trial 0 with value: 0.38843612003763883.

Best trial: 0
Best validation loss: 0.388436
Best parameters:
  parameters.mid_layer_count: 3
  parameters.mid_layer_size: 494
  parameters.dropout: 0.2291006934476431
  parameters.batch_size: 179
  parameters.learning_rate: 0.0001700037298921101
  parameters.weight_decay: 2.9375384576328295e-05

Results saved to outputs/temporal_experiment/models/mlp/bayes_opt
Best config saved to outputs/temporal_experiment/models/mlp/best_config.toml

[2/3] Training best model...
Final training failed for mlp

================================================================================
Running experiment for: RNN
================================================================================

[1/3] Running Bayesian Optimization (200 trials)...

============================================================
Running Bayesian Optimization for RNN
============================================================
Running 200 trials...
