[I 2026-04-11 21:09:25,730] Trial 195 finished with value: 0.34193117700588643 and parameters: {'parameters.max_depth': 12, 'parameters.learning_rate': 0.0020899761732750743, 'parameters.subsample': 0.7437510755473822, 'parameters.colsample_bytree': 0.6225953695760539, 'parameters.reg_alpha': 0.0739880959927819, 'parameters.reg_lambda': 1.1818099821467394, 'parameters.min_child_samples': 58}. Best is trial 141 with value: 0.3419311770058863.
[I 2026-04-11 21:09:28,904] Trial 196 finished with value: 0.3419311770058864 and parameters: {'parameters.max_depth': 9, 'parameters.learning_rate': 0.00911000872653553, 'parameters.subsample': 0.7688653595751592, 'parameters.colsample_bytree': 0.6137407874358473, 'parameters.reg_alpha': 0.00372391003973276, 'parameters.reg_lambda': 1.0136224716072755, 'parameters.min_child_samples': 20}. Best is trial 141 with value: 0.3419311770058863.
[I 2026-04-11 21:09:32,074] Trial 197 finished with value: 0.3419311770058864 and parameters: {'parameters.max_depth': 13, 'parameters.learning_rate': 0.003486981221744, 'parameters.subsample': 0.6148271280849668, 'parameters.colsample_bytree': 0.7161280456563297, 'parameters.reg_alpha': 1.7039445512768283, 'parameters.reg_lambda': 0.7894021350213625, 'parameters.min_child_samples': 72}. Best is trial 141 with value: 0.3419311770058863.
[I 2026-04-11 21:09:35,249] Trial 198 finished with value: 0.3419311770058864 and parameters: {'parameters.max_depth': 14, 'parameters.learning_rate': 0.015964753292730508, 'parameters.subsample': 0.7556164799315068, 'parameters.colsample_bytree': 0.6991085699995244, 'parameters.reg_alpha': 0.7103335590454001, 'parameters.reg_lambda': 2.3296992805639256, 'parameters.min_child_samples': 52}. Best is trial 141 with value: 0.3419311770058863.
[I 2026-04-11 21:09:38,459] Trial 199 finished with value: 0.3419311770058864 and parameters: {'parameters.max_depth': 24, 'parameters.learning_rate': 0.007742504919313714, 'parameters.subsample': 0.6671134958601701, 'parameters.colsample_bytree': 0.9176618403122526, 'parameters.reg_alpha': 0.006311512458863771, 'parameters.reg_lambda': 1.8464703310759214, 'parameters.min_child_samples': 33}. Best is trial 141 with value: 0.3419311770058863.

Best trial: 141
Best validation loss: 0.341931
Best parameters:
  parameters.max_depth: 15
  parameters.learning_rate: 0.01978439996817336
  parameters.subsample: 0.7504521112141714
  parameters.colsample_bytree: 0.8866445595379726
  parameters.reg_alpha: 0.059510051308167534
  parameters.reg_lambda: 0.6329508665653295
  parameters.min_child_samples: 31

Results saved to outputs/temporal_experiment/models/lightgbm/bayes_opt
Best config saved to outputs/temporal_experiment/models/lightgbm/best_config.toml

[2/3] Training best model...
Final training failed for lightgbm

================================================================================
Running experiment for: CATBOOST
================================================================================

[1/3] Running Bayesian Optimization (200 trials)...

============================================================
Running Bayesian Optimization for CATBOOST
============================================================
Running 200 trials...
  0%|          | 0/200 [00:00<?, ?it/s]                                         0%|          | 0/200 [00:03<?, ?it/s]Best trial: 0. Best value: 0.342651:   0%|          | 0/200 [00:03<?, ?it/s]Best trial: 0. Best value: 0.342651:   0%|          | 1/200 [00:03<12:17,  3.71s/it]                                                                                    Best trial: 0. Best value: 0.342651:   0%|          | 1/200 [00:07<12:17,  3.71s/it]Best trial: 0. Best value: 0.342651:   0%|          | 1/200 [00:07<12:17,  3.71s/it]Best trial: 0. Best value: 0.342651:   1%|          | 2/200 [00:07<12:01,  3.64s/it]                                                                                    Best trial: 0. Best value: 0.342651:   1%|          | 2/200 [00:11<12:01,  3.64s/it]Best trial: 0. Best value: 0.342651:   1%|          | 2/200 [00:11<12:01,  3.64s/it]Best trial: 0. Best value: 0.342651:   2%|▏         | 3/200 [00:11<12:03,  3.67s/it]                                                                                    Best trial: 0. Best value: 0.342651:   2%|▏         | 3/200 [00:14<12:03,  3.67s/it]Best trial: 0. Best value: 0.342651:   2%|▏         | 3/200 [00:14<12:03,  3.67s/it]Best trial: 0. Best value: 0.342651:   2%|▏         | 4/200 [00:14<12:00,  3.68s/it]                                                                                    Best trial: 0. Best value: 0.342651:   2%|▏         | 4/200 [00:18<12:00,  3.68s/it]Best trial: 0. Best value: 0.342651:   2%|▏         | 4/200 [00:18<12:00,  3.68s/it]Best trial: 0. Best value: 0.342651:   2%|▎         | 5/200 [00:18<12:02,  3.70s/it]                                                                                    Best trial: 0. Best value: 0.342651:   2%|▎         | 5/200 [00:22<12:02,  3.70s/it]Best trial: 0. Best value: 0.342651:   2%|▎         | 5/200 [00:22<12:02,  3.70s/it]Best trial: 0. Best value: 0.342651:   3%|▎         | 6/200 [00:22<12:01,  3.72s/it]                                                                                    Best trial: 0. Best value: 0.342651:   3%|▎         | 6/200 [00:25<12:01,  3.72s/it]Best trial: 0. Best value: 0.342651:   3%|▎         | 6/200 [00:25<12:01,  3.72s/it]Best trial: 0. Best value: 0.342651:   4%|▎         | 7/200 [00:25<11:59,  3.73s/it]                                                                                    Best trial: 0. Best value: 0.342651:   4%|▎         | 7/200 [00:29<11:59,  3.73s/it]Best trial: 0. Best value: 0.342651:   4%|▎         | 7/200 [00:29<11:59,  3.73s/it]Best trial: 0. Best value: 0.342651:   4%|▍         | 8/200 [00:29<11:51,  3.71s/it]                                                                                    Best trial: 0. Best value: 0.342651:   4%|▍         | 8/200 [00:33<11:51,  3.71s/it]Best trial: 0. Best value: 0.342651:   4%|▍         | 8/200 [00:33<11:51,  3.71s/it]Best trial: 0. Best value: 0.342651:   4%|▍         | 9/200 [00:33<11:48,  3.71s/it]                                                                                    Best trial: 0. Best value: 0.342651:   4%|▍         | 9/200 [00:37<11:48,  3.71s/it]Best trial: 0. Best value: 0.342651:   4%|▍         | 9/200 [00:37<11:48,  3.71s/it]Best trial: 0. Best value: 0.342651:   5%|▌         | 10/200 [00:37<11:46,  3.72s/it]                                                                                     Best trial: 0. Best value: 0.342651:   5%|▌         | 10/200 [00:40<11:46,  3.72s/it]Best trial: 0. Best value: 0.342651:   5%|▌         | 10/200 [00:40<11:46,  3.72s/it]Best trial: 0. Best value: 0.342651:   6%|▌         | 11/200 [00:40<11:43,  3.72s/it]                                                                                     Best trial: 0. Best value: 0.342651:   6%|▌         | 11/200 [00:44<11:43,  3.72s/it]Best trial: 0. Best value: 0.342651:   6%|▌         | 11/200 [00:44<11:43,  3.72s/it]Best trial: 0. Best value: 0.342651:   6%|▌         | 12/200 [00:44<11:40,  3.72s/it]                                                                                     Best trial: 0. Best value: 0.342651:   6%|▌         | 12/200 [00:48<11:40,  3.72s/it]Best trial: 0. Best value: 0.342651:   6%|▌         | 12/200 [00:48<11:40,  3.72s/it]Best trial: 0. Best value: 0.342651:   6%|▋         | 13/200 [00:48<11:37,  3.73s/it]                                                                                     Best trial: 0. Best value: 0.342651:   6%|▋         | 13/200 [00:52<11:37,  3.73s/it]Best trial: 0. Best value: 0.342651:   6%|▋         | 13/200 [00:52<11:37,  3.73s/it]Best trial: 0. Best value: 0.342651:   7%|▋         | 14/200 [00:52<11:34,  3.73s/it]                                                                                     Best trial: 0. Best value: 0.342651:   7%|▋         | 14/200 [00:55<11:34,  3.73s/it]Best trial: 0. Best value: 0.342651:   7%|▋         | 14/200 [00:55<11:34,  3.73s/it]Best trial: 0. Best value: 0.342651:   8%|▊         | 15/200 [00:55<11:30,  3.73s/it]                                                                                     Best trial: 0. Best value: 0.342651:   8%|▊         | 15/200 [00:59<11:30,  3.73s/it]Best trial: 0. Best value: 0.342651:   8%|▊         | 15/200 [00:59<11:30,  3.73s/it]Best trial: 0. Best value: 0.342651:   8%|▊         | 16/200 [00:59<11:22,  3.71s/it]                                                                                     Best trial: 0. Best value: 0.342651:   8%|▊         | 16/200 [01:03<11:22,  3.71s/it]Best trial: 0. Best value: 0.342651:   8%|▊         | 16/200 [01:03<11:22,  3.71s/it]Best trial: 0. Best value: 0.342651:   8%|▊         | 17/200 [01:03<11:19,  3.71s/it]                                                                                     Best trial: 0. Best value: 0.342651:   8%|▊         | 17/200 [01:06<11:19,  3.71s/it]Best trial: 0. Best value: 0.342651:   8%|▊         | 17/200 [01:06<11:19,  3.71s/it]Best trial: 0. Best value: 0.342651:   9%|▉         | 18/200 [01:06<11:17,  3.72s/it]                                                                                     Best trial: 0. Best value: 0.342651:   9%|▉         | 18/200 [01:10<11:17,  3.72s/it]Best trial: 0. Best value: 0.342651:   9%|▉         | 18/200 [01:10<11:17,  3.72s/it]Best trial: 0. Best value: 0.342651:  10%|▉         | 19/200 [01:10<11:11,  3.71s/it]                                                                                     [I 2026-04-11 21:09:45,327] Trial 0 finished with value: 0.34265128860961136 and parameters: {'parameters.depth': 7, 'parameters.learning_rate': 0.026251660632419304, 'parameters.l2_leaf_reg': 5.395030966670228, 'parameters.subsample': 0.8146346649119967, 'parameters.random_strength': 0.1432249371823025, 'parameters.bagging_temperature': 0.0029375384576328283}. Best is trial 0 with value: 0.34265128860961136.
[I 2026-04-11 21:09:48,928] Trial 1 finished with value: 0.34265128860961136 and parameters: {'parameters.depth': 4, 'parameters.learning_rate': 0.02088008150108932, 'parameters.l2_leaf_reg': 3.9913058785616786, 'parameters.subsample': 0.8614622804552621, 'parameters.random_strength': 0.10485387725194621, 'parameters.bagging_temperature': 0.8123245085588685}. Best is trial 0 with value: 0.34265128860961136.
[I 2026-04-11 21:09:52,636] Trial 2 finished with value: 0.34265128860961136 and parameters: {'parameters.depth': 11, 'parameters.learning_rate': 0.003554349809718926, 'parameters.l2_leaf_reg': 1.5199348301309807, 'parameters.subsample': 0.6589300468174546, 'parameters.random_strength': 0.20148477884158655, 'parameters.bagging_temperature': 0.03752055855124281}. Best is trial 0 with value: 0.34265128860961136.
[I 2026-04-11 21:09:56,321] Trial 3 finished with value: 0.34265128860961136 and parameters: {'parameters.depth': 7, 'parameters.learning_rate': 0.004400905486948216, 'parameters.l2_leaf_reg': 4.091220574443785, 'parameters.subsample': 0.6443143277487627, 'parameters.random_strength': 0.19594972058679164, 'parameters.bagging_temperature': 0.01256277350380703}. Best is trial 0 with value: 0.34265128860961136.
[I 2026-04-11 21:10:00,068] Trial 4 finished with value: 0.34265128860961136 and parameters: {'parameters.depth': 8, 'parameters.learning_rate': 0.01676751025700418, 'parameters.l2_leaf_reg': 1.5837031559118748, 'parameters.subsample': 0.7802495332778758, 'parameters.random_strength': 0.3912141628549695, 'parameters.bagging_temperature': 0.001378323745500718}. Best is trial 0 with value: 0.34265128860961136.
[I 2026-04-11 21:10:03,823] Trial 5 finished with value: 0.34265128860961136 and parameters: {'parameters.depth': 9, 'parameters.learning_rate': 0.0031738173285430025, 'parameters.l2_leaf_reg': 1.1615865989246452, 'parameters.subsample': 0.974227356206172, 'parameters.random_strength': 0.9239150319627247, 'parameters.bagging_temperature': 0.2661901888489056}. Best is trial 0 with value: 0.34265128860961136.
[I 2026-04-11 21:10:07,574] Trial 6 finished with value: 0.34265128860961136 and parameters: {'parameters.depth': 6, 'parameters.learning_rate': 0.0026055614206180557, 'parameters.l2_leaf_reg': 4.833180632488465, 'parameters.subsample': 0.7512742969698781, 'parameters.random_strength': 0.1324458134009935, 'parameters.bagging_temperature': 0.030586566669785254}. Best is trial 0 with value: 0.34265128860961136.
[I 2026-04-11 21:10:11,230] Trial 7 finished with value: 0.34265128860961136 and parameters: {'parameters.depth': 4, 'parameters.learning_rate': 0.02346787531982524, 'parameters.l2_leaf_reg': 1.8145961353490248, 'parameters.subsample': 0.8416489593130831, 'parameters.random_strength': 0.2049798052095018, 'parameters.bagging_temperature': 0.03632486956676605}. Best is trial 0 with value: 0.34265128860961136.
[I 2026-04-11 21:10:14,946] Trial 8 finished with value: 0.34265128860961136 and parameters: {'parameters.depth': 8, 'parameters.learning_rate': 0.0032994055834500127, 'parameters.l2_leaf_reg': 9.32362135178148, 'parameters.subsample': 0.8914838870924939, 'parameters.random_strength': 0.8699593128513319, 'parameters.bagging_temperature': 0.4835952776465949}. Best is trial 0 with value: 0.34265128860961136.
[I 2026-04-11 21:10:18,683] Trial 9 finished with value: 0.34265128860961136 and parameters: {'parameters.depth': 9, 'parameters.learning_rate': 0.02427941539110875, 'parameters.l2_leaf_reg': 1.2260057359187524, 'parameters.subsample': 0.663177530725445, 'parameters.random_strength': 0.110975545611031, 'parameters.bagging_temperature': 0.009462175356461485}. Best is trial 0 with value: 0.34265128860961136.
[I 2026-04-11 21:10:22,409] Trial 10 finished with value: 0.34265128860961136 and parameters: {'parameters.depth': 12, 'parameters.learning_rate': 0.009084262020212302, 'parameters.l2_leaf_reg': 8.226971121989857, 'parameters.subsample': 0.7283248086821539, 'parameters.random_strength': 0.4366047964488606, 'parameters.bagging_temperature': 0.0013066991237906968}. Best is trial 0 with value: 0.34265128860961136.
[I 2026-04-11 21:10:26,144] Trial 11 finished with value: 0.34265128860961136 and parameters: {'parameters.depth': 4, 'parameters.learning_rate': 0.012390853596841214, 'parameters.l2_leaf_reg': 2.866954762171869, 'parameters.subsample': 0.850665220623163, 'parameters.random_strength': 0.10205207081423714, 'parameters.bagging_temperature': 0.1746556188577526}. Best is trial 0 with value: 0.34265128860961136.
[I 2026-04-11 21:10:29,892] Trial 12 finished with value: 0.34265128860961136 and parameters: {'parameters.depth': 6, 'parameters.learning_rate': 0.029598830203571392, 'parameters.l2_leaf_reg': 5.583719279906992, 'parameters.subsample': 0.9469261048494327, 'parameters.random_strength': 0.15283120666335623, 'parameters.bagging_temperature': 0.9871884000666347}. Best is trial 0 with value: 0.34265128860961136.
[I 2026-04-11 21:10:33,625] Trial 13 finished with value: 0.34265128860961136 and parameters: {'parameters.depth': 5, 'parameters.learning_rate': 0.01519511786659254, 'parameters.l2_leaf_reg': 2.7706210459020895, 'parameters.subsample': 0.8084899578863203, 'parameters.random_strength': 0.29424237604224057, 'parameters.bagging_temperature': 0.0029127158620655667}. Best is trial 0 with value: 0.34265128860961136.
[I 2026-04-11 21:10:37,350] Trial 14 finished with value: 0.34265128860961136 and parameters: {'parameters.depth': 6, 'parameters.learning_rate': 0.0062859108357264885, 'parameters.l2_leaf_reg': 6.203576039571514, 'parameters.subsample': 0.9166838941042798, 'parameters.random_strength': 0.15400422353299886, 'parameters.bagging_temperature': 0.10776106353790375}. Best is trial 0 with value: 0.34265128860961136.
[I 2026-04-11 21:10:41,017] Trial 15 finished with value: 0.34265128860961136 and parameters: {'parameters.depth': 10, 'parameters.learning_rate': 0.019031811629225667, 'parameters.l2_leaf_reg': 3.6124505912173643, 'parameters.subsample': 0.7103787086657356, 'parameters.random_strength': 0.2932055560435719, 'parameters.bagging_temperature': 0.0046980883290308004}. Best is trial 0 with value: 0.34265128860961136.
[I 2026-04-11 21:10:44,740] Trial 16 finished with value: 0.34265128860961136 and parameters: {'parameters.depth': 5, 'parameters.learning_rate': 0.009677619639604404, 'parameters.l2_leaf_reg': 2.2647507107408544, 'parameters.subsample': 0.8731595708416726, 'parameters.random_strength': 0.6034885268074491, 'parameters.bagging_temperature': 0.08828968259855263}. Best is trial 0 with value: 0.34265128860961136.
[I 2026-04-11 21:10:48,488] Trial 17 finished with value: 0.34265128860961136 and parameters: {'parameters.depth': 7, 'parameters.learning_rate': 0.005908045074040207, 'parameters.l2_leaf_reg': 6.614122789013443, 'parameters.subsample': 0.7990514227838139, 'parameters.random_strength': 0.13902950834368047, 'parameters.bagging_temperature': 0.007306811411969751}. Best is trial 0 with value: 0.34265128860961136.
[I 2026-04-11 21:10:52,173] Trial 18 finished with value: 0.34265128860961136 and parameters: {'parameters.depth': 4, 'parameters.learning_rate': 0.011776544104135712, 'parameters.l2_leaf_reg': 4.436121037624603, 'parameters.subsample': 0.9895451014713017, 'parameters.random_strength': 0.10130622213877728, 'parameters.bagging_temperature': 0.018547695270324266}. Best is trial 0 with value: 0.34265128860961136.
