[I 2026-04-11 23:41:28,822] Trial 41 finished with value: 0.333257518512638 and parameters: {'parameters.history_length': 104, 'parameters.num_layers': 2, 'parameters.units': 306, 'parameters.dropout': 0.22410195519258147, 'parameters.batch_size': 81, 'parameters.learning_rate': 0.0019507480887394828, 'parameters.weight_decay': 0.0052638201109843396}. Best is trial 0 with value: 0.333257518512638.Best trial: 0. Best value: 0.333258:  20%|██        | 41/200 [2:03:09<7:47:50, 176.54s/it]Best trial: 0. Best value: 0.333258:  20%|██        | 41/200 [2:03:09<7:47:50, 176.54s/it]Best trial: 0. Best value: 0.333258:  21%|██        | 42/200 [2:03:09<7:44:56, 176.56s/it]                                                                                          Best trial: 0. Best value: 0.333258:  21%|██        | 42/200 [2:06:05<7:44:56, 176.56s/it]Best trial: 0. Best value: 0.333258:  21%|██        | 42/200 [2:06:05<7:44:56, 176.56s/it]Best trial: 0. Best value: 0.333258:  22%|██▏       | 43/200 [2:06:05<7:41:48, 176.49s/it]                                                                                          Best trial: 0. Best value: 0.333258:  22%|██▏       | 43/200 [2:09:01<7:41:48, 176.49s/it]Best trial: 0. Best value: 0.333258:  22%|██▏       | 43/200 [2:09:01<7:41:48, 176.49s/it]Best trial: 0. Best value: 0.333258:  22%|██▏       | 44/200 [2:09:01<7:38:16, 176.26s/it]                                                                                          Best trial: 0. Best value: 0.333258:  22%|██▏       | 44/200 [2:11:57<7:38:16, 176.26s/it]Best trial: 0. Best value: 0.333258:  22%|██▏       | 44/200 [2:11:57<7:38:16, 176.26s/it]Best trial: 0. Best value: 0.333258:  22%|██▎       | 45/200 [2:11:57<7:34:53, 176.09s/it]                                                                                          Best trial: 0. Best value: 0.333258:  22%|██▎       | 45/200 [2:14:52<7:34:53, 176.09s/it]Best trial: 0. Best value: 0.333258:  22%|██▎       | 45/200 [2:14:52<7:34:53, 176.09s/it]Best trial: 0. Best value: 0.333258:  23%|██▎       | 46/200 [2:14:52<7:31:38, 175.96s/it]                                                                                          Best trial: 0. Best value: 0.333258:  23%|██▎       | 46/200 [2:17:48<7:31:38, 175.96s/it]Best trial: 0. Best value: 0.333258:  23%|██▎       | 46/200 [2:17:48<7:31:38, 175.96s/it]Best trial: 0. Best value: 0.333258:  24%|██▎       | 47/200 [2:17:48<7:28:34, 175.91s/it]                                                                                          Best trial: 0. Best value: 0.333258:  24%|██▎       | 47/200 [2:20:44<7:28:34, 175.91s/it]Best trial: 0. Best value: 0.333258:  24%|██▎       | 47/200 [2:20:44<7:28:34, 175.91s/it]Best trial: 0. Best value: 0.333258:  24%|██▍       | 48/200 [2:20:44<7:25:27, 175.84s/it]                                                                                          Best trial: 0. Best value: 0.333258:  24%|██▍       | 48/200 [2:23:40<7:25:27, 175.84s/it]Best trial: 0. Best value: 0.333258:  24%|██▍       | 48/200 [2:23:40<7:25:27, 175.84s/it]Best trial: 0. Best value: 0.333258:  24%|██▍       | 49/200 [2:23:40<7:22:29, 175.82s/it]                                                                                          Best trial: 0. Best value: 0.333258:  24%|██▍       | 49/200 [2:26:35<7:22:29, 175.82s/it]Best trial: 0. Best value: 0.333258:  24%|██▍       | 49/200 [2:26:35<7:22:29, 175.82s/it]Best trial: 0. Best value: 0.333258:  25%|██▌       | 50/200 [2:26:35<7:19:35, 175.83s/it]                                                                                          Best trial: 0. Best value: 0.333258:  25%|██▌       | 50/200 [2:29:31<7:19:35, 175.83s/it]Best trial: 0. Best value: 0.333258:  25%|██▌       | 50/200 [2:29:31<7:19:35, 175.83s/it]Best trial: 0. Best value: 0.333258:  26%|██▌       | 51/200 [2:29:31<7:16:30, 175.77s/it]                                                                                          Best trial: 0. Best value: 0.333258:  26%|██▌       | 51/200 [2:32:27<7:16:30, 175.77s/it]Best trial: 0. Best value: 0.333258:  26%|██▌       | 51/200 [2:32:27<7:16:30, 175.77s/it]Best trial: 0. Best value: 0.333258:  26%|██▌       | 52/200 [2:32:27<7:13:31, 175.75s/it]                                                                                          Best trial: 0. Best value: 0.333258:  26%|██▌       | 52/200 [2:35:22<7:13:31, 175.75s/it]Best trial: 0. Best value: 0.333258:  26%|██▌       | 52/200 [2:35:22<7:13:31, 175.75s/it]Best trial: 0. Best value: 0.333258:  26%|██▋       | 53/200 [2:35:22<7:10:34, 175.74s/it]                                                                                          Best trial: 0. Best value: 0.333258:  26%|██▋       | 53/200 [2:38:18<7:10:34, 175.74s/it]Best trial: 0. Best value: 0.333258:  26%|██▋       | 53/200 [2:38:18<7:10:34, 175.74s/it]Best trial: 0. Best value: 0.333258:  27%|██▋       | 54/200 [2:38:18<7:07:39, 175.75s/it]                                                                                          Best trial: 0. Best value: 0.333258:  27%|██▋       | 54/200 [2:41:14<7:07:39, 175.75s/it]Best trial: 0. Best value: 0.333258:  27%|██▋       | 54/200 [2:41:14<7:07:39, 175.75s/it]Best trial: 0. Best value: 0.333258:  28%|██▊       | 55/200 [2:41:14<7:04:48, 175.78s/it]                                                                                          Best trial: 0. Best value: 0.333258:  28%|██▊       | 55/200 [2:44:10<7:04:48, 175.78s/it]Best trial: 0. Best value: 0.333258:  28%|██▊       | 55/200 [2:44:10<7:04:48, 175.78s/it]Best trial: 0. Best value: 0.333258:  28%|██▊       | 56/200 [2:44:10<7:01:53, 175.79s/it]                                                                                          Best trial: 0. Best value: 0.333258:  28%|██▊       | 56/200 [2:47:06<7:01:53, 175.79s/it]Best trial: 0. Best value: 0.333258:  28%|██▊       | 56/200 [2:47:06<7:01:53, 175.79s/it]Best trial: 0. Best value: 0.333258:  28%|██▊       | 57/200 [2:47:06<6:59:01, 175.82s/it]                                                                                          Best trial: 0. Best value: 0.333258:  28%|██▊       | 57/200 [2:50:01<6:59:01, 175.82s/it]Best trial: 0. Best value: 0.333258:  28%|██▊       | 57/200 [2:50:01<6:59:01, 175.82s/it]Best trial: 0. Best value: 0.333258:  29%|██▉       | 58/200 [2:50:01<6:56:01, 175.79s/it]                                                                                          Best trial: 0. Best value: 0.333258:  29%|██▉       | 58/200 [2:52:57<6:56:01, 175.79s/it]Best trial: 0. Best value: 0.333258:  29%|██▉       | 58/200 [2:52:57<6:56:01, 175.79s/it]Best trial: 0. Best value: 0.333258:  30%|██▉       | 59/200 [2:52:57<6:53:01, 175.75s/it]                                                                                          Best trial: 0. Best value: 0.333258:  30%|██▉       | 59/200 [2:55:53<6:53:01, 175.75s/it]Best trial: 0. Best value: 0.333258:  30%|██▉       | 59/200 [2:55:53<6:53:01, 175.75s/it]Best trial: 0. Best value: 0.333258:  30%|███       | 60/200 [2:55:53<6:50:01, 175.73s/it]                                                                                          Best trial: 0. Best value: 0.333258:  30%|███       | 60/200 [2:58:49<6:50:01, 175.73s/it]Best trial: 0. Best value: 0.333258:  30%|███       | 60/200 [2:58:49<6:50:01, 175.73s/it]Best trial: 0. Best value: 0.333258:  30%|███       | 61/200 [2:58:49<6:47:10, 175.76s/it]                                                                                          Best trial: 0. Best value: 0.333258:  30%|███       | 61/200 [3:01:45<6:47:10, 175.76s/it]Best trial: 0. Best value: 0.333258:  30%|███       | 61/200 [3:01:45<6:47:10, 175.76s/it]Best trial: 0. Best value: 0.333258:  31%|███       | 62/200 [3:01:45<6:44:28, 175.86s/it]                                                                                          
[I 2026-04-11 23:44:25,133] Trial 42 finished with value: 0.333257518512638 and parameters: {'parameters.history_length': 145, 'parameters.num_layers': 3, 'parameters.units': 264, 'parameters.dropout': 0.20159799688089655, 'parameters.batch_size': 112, 'parameters.learning_rate': 0.0016599618304959426, 'parameters.weight_decay': 0.0062809138006692045}. Best is trial 0 with value: 0.333257518512638.
[I 2026-04-11 23:47:20,861] Trial 43 finished with value: 0.333257518512638 and parameters: {'parameters.history_length': 124, 'parameters.num_layers': 2, 'parameters.units': 288, 'parameters.dropout': 0.2524976633713134, 'parameters.batch_size': 84, 'parameters.learning_rate': 0.0011264444025080632, 'parameters.weight_decay': 0.0011219248769313048}. Best is trial 0 with value: 0.333257518512638.
[I 2026-04-11 23:50:16,552] Trial 44 finished with value: 0.333257518512638 and parameters: {'parameters.history_length': 85, 'parameters.num_layers': 3, 'parameters.units': 304, 'parameters.dropout': 0.21966611970925448, 'parameters.batch_size': 67, 'parameters.learning_rate': 0.0017691411450346784, 'parameters.weight_decay': 0.0003448927082959153}. Best is trial 0 with value: 0.333257518512638.
[I 2026-04-11 23:53:12,217] Trial 45 finished with value: 0.333257518512638 and parameters: {'parameters.history_length': 37, 'parameters.num_layers': 4, 'parameters.units': 316, 'parameters.dropout': 0.32580579271341525, 'parameters.batch_size': 210, 'parameters.learning_rate': 0.0013953107165875066, 'parameters.weight_decay': 0.0002594372836984771}. Best is trial 0 with value: 0.333257518512638.
[I 2026-04-11 23:56:08,005] Trial 46 finished with value: 0.333257518512638 and parameters: {'parameters.history_length': 94, 'parameters.num_layers': 8, 'parameters.units': 203, 'parameters.dropout': 0.3883629114923733, 'parameters.batch_size': 145, 'parameters.learning_rate': 0.000320745055684123, 'parameters.weight_decay': 0.008455892276653101}. Best is trial 0 with value: 0.333257518512638.
[I 2026-04-11 23:59:03,685] Trial 47 finished with value: 0.333257518512638 and parameters: {'parameters.history_length': 84, 'parameters.num_layers': 4, 'parameters.units': 351, 'parameters.dropout': 0.4555899593130194, 'parameters.batch_size': 118, 'parameters.learning_rate': 0.00023823716616203045, 'parameters.weight_decay': 0.00013396547525280748}. Best is trial 0 with value: 0.333257518512638.
[I 2026-04-12 00:01:59,462] Trial 48 finished with value: 0.333257518512638 and parameters: {'parameters.history_length': 137, 'parameters.num_layers': 2, 'parameters.units': 274, 'parameters.dropout': 0.30815446853478584, 'parameters.batch_size': 313, 'parameters.learning_rate': 0.0011287828403235827, 'parameters.weight_decay': 0.00010137537825952201}. Best is trial 0 with value: 0.333257518512638.
[I 2026-04-12 00:04:55,326] Trial 49 finished with value: 0.333257518512638 and parameters: {'parameters.history_length': 122, 'parameters.num_layers': 10, 'parameters.units': 257, 'parameters.dropout': 0.361658320108061, 'parameters.batch_size': 269, 'parameters.learning_rate': 0.00020983433826287298, 'parameters.weight_decay': 0.00048299397007082925}. Best is trial 0 with value: 0.333257518512638.
[I 2026-04-12 00:07:50,952] Trial 50 finished with value: 0.333257518512638 and parameters: {'parameters.history_length': 109, 'parameters.num_layers': 7, 'parameters.units': 237, 'parameters.dropout': 0.42275102811370563, 'parameters.batch_size': 153, 'parameters.learning_rate': 0.00026152353943765714, 'parameters.weight_decay': 0.00020419959154564663}. Best is trial 0 with value: 0.333257518512638.
[I 2026-04-12 00:10:46,666] Trial 51 finished with value: 0.333257518512638 and parameters: {'parameters.history_length': 133, 'parameters.num_layers': 5, 'parameters.units': 105, 'parameters.dropout': 0.4122728585366076, 'parameters.batch_size': 195, 'parameters.learning_rate': 0.00027619419476203143, 'parameters.weight_decay': 0.0006601066213400216}. Best is trial 0 with value: 0.333257518512638.
[I 2026-04-12 00:13:42,382] Trial 52 finished with value: 0.333257518512638 and parameters: {'parameters.history_length': 147, 'parameters.num_layers': 4, 'parameters.units': 97, 'parameters.dropout': 0.4333892354637827, 'parameters.batch_size': 95, 'parameters.learning_rate': 0.000225711437433023, 'parameters.weight_decay': 0.00015625794493429897}. Best is trial 0 with value: 0.333257518512638.
[I 2026-04-12 00:16:38,149] Trial 53 finished with value: 0.333257518512638 and parameters: {'parameters.history_length': 157, 'parameters.num_layers': 3, 'parameters.units': 85, 'parameters.dropout': 0.38004277250565377, 'parameters.batch_size': 209, 'parameters.learning_rate': 0.0003448739146931159, 'parameters.weight_decay': 0.0010368916265259221}. Best is trial 0 with value: 0.333257518512638.
[I 2026-04-12 00:19:34,011] Trial 54 finished with value: 0.333257518512638 and parameters: {'parameters.history_length': 97, 'parameters.num_layers': 5, 'parameters.units': 131, 'parameters.dropout': 0.25810309334713055, 'parameters.batch_size': 176, 'parameters.learning_rate': 0.00030757051543288665, 'parameters.weight_decay': 0.0013766659394963778}. Best is trial 0 with value: 0.333257518512638.
[I 2026-04-12 00:22:29,806] Trial 55 finished with value: 0.333257518512638 and parameters: {'parameters.history_length': 141, 'parameters.num_layers': 8, 'parameters.units': 294, 'parameters.dropout': 0.46338646732154304, 'parameters.batch_size': 244, 'parameters.learning_rate': 0.0004091512172946412, 'parameters.weight_decay': 0.0029685567693811215}. Best is trial 0 with value: 0.333257518512638.
[I 2026-04-12 00:25:25,688] Trial 56 finished with value: 0.333257518512638 and parameters: {'parameters.history_length': 60, 'parameters.num_layers': 9, 'parameters.units': 225, 'parameters.dropout': 0.23779641052127026, 'parameters.batch_size': 216, 'parameters.learning_rate': 0.0008628637479922773, 'parameters.weight_decay': 0.00954593976521742}. Best is trial 0 with value: 0.333257518512638.
[I 2026-04-12 00:28:21,407] Trial 57 finished with value: 0.333257518512638 and parameters: {'parameters.history_length': 117, 'parameters.num_layers': 3, 'parameters.units': 273, 'parameters.dropout': 0.28183679464627126, 'parameters.batch_size': 382, 'parameters.learning_rate': 0.0002539765089578451, 'parameters.weight_decay': 0.0018496399639958223}. Best is trial 0 with value: 0.333257518512638.
[I 2026-04-12 00:31:17,084] Trial 58 finished with value: 0.333257518512638 and parameters: {'parameters.history_length': 152, 'parameters.num_layers': 6, 'parameters.units': 148, 'parameters.dropout': 0.3983905889677954, 'parameters.batch_size': 119, 'parameters.learning_rate': 0.0017332831867369254, 'parameters.weight_decay': 0.0005404283477297394}. Best is trial 0 with value: 0.333257518512638.
[I 2026-04-12 00:34:12,743] Trial 59 finished with value: 0.333257518512638 and parameters: {'parameters.history_length': 47, 'parameters.num_layers': 2, 'parameters.units': 178, 'parameters.dropout': 0.32874955989594656, 'parameters.batch_size': 135, 'parameters.learning_rate': 0.0004693475166177189, 'parameters.weight_decay': 0.00031891765516837636}. Best is trial 0 with value: 0.333257518512638.
[I 2026-04-12 00:37:08,572] Trial 60 finished with value: 0.333257518512638 and parameters: {'parameters.history_length': 81, 'parameters.num_layers': 4, 'parameters.units': 316, 'parameters.dropout': 0.3713322862423729, 'parameters.batch_size': 237, 'parameters.learning_rate': 0.00035579644536340514, 'parameters.weight_decay': 0.0007414496365923834}. Best is trial 0 with value: 0.333257518512638.
[I 2026-04-12 00:40:04,679] Trial 61 finished with value: 0.333257518512638 and parameters: {'parameters.history_length': 32, 'parameters.num_layers': 9, 'parameters.units': 153, 'parameters.dropout': 0.3591296251192969, 'parameters.batch_size': 163, 'parameters.learning_rate': 0.0006747351387586437, 'parameters.weight_decay': 0.0013240406137460872}. Best is trial 0 with value: 0.333257518512638.
