[I 2026-04-11 21:01:01,301] Trial 37 finished with value: 0.3419311770058864 and parameters: {'parameters.max_depth': 9, 'parameters.learning_rate': 0.004315425479122015, 'parameters.subsample': 0.607822230659848, 'parameters.colsample_bytree': 0.830570702501972, 'parameters.reg_alpha': 0.6052535328074246, 'parameters.reg_lambda': 4.095398834351704, 'parameters.min_child_samples': 52}. Best is trial 0 with value: 0.3419311770058864.Best trial: 0. Best value: 0.341931:  18%|█▊        | 37/200 [02:01<08:41,  3.20s/it]Best trial: 0. Best value: 0.341931:  18%|█▊        | 37/200 [02:01<08:41,  3.20s/it]Best trial: 0. Best value: 0.341931:  19%|█▉        | 38/200 [02:01<08:36,  3.19s/it]                                                                                     Best trial: 0. Best value: 0.341931:  19%|█▉        | 38/200 [02:04<08:36,  3.19s/it]Best trial: 0. Best value: 0.341931:  19%|█▉        | 38/200 [02:04<08:36,  3.19s/it]Best trial: 0. Best value: 0.341931:  20%|█▉        | 39/200 [02:04<08:38,  3.22s/it]                                                                                     Best trial: 0. Best value: 0.341931:  20%|█▉        | 39/200 [02:08<08:38,  3.22s/it]Best trial: 0. Best value: 0.341931:  20%|█▉        | 39/200 [02:08<08:38,  3.22s/it]Best trial: 0. Best value: 0.341931:  20%|██        | 40/200 [02:08<08:36,  3.23s/it]                                                                                     Best trial: 0. Best value: 0.341931:  20%|██        | 40/200 [02:11<08:36,  3.23s/it]Best trial: 0. Best value: 0.341931:  20%|██        | 40/200 [02:11<08:36,  3.23s/it]Best trial: 0. Best value: 0.341931:  20%|██        | 41/200 [02:11<08:30,  3.21s/it]                                                                                     Best trial: 0. Best value: 0.341931:  20%|██        | 41/200 [02:14<08:30,  3.21s/it]Best trial: 0. Best value: 0.341931:  20%|██        | 41/200 [02:14<08:30,  3.21s/it]Best trial: 0. Best value: 0.341931:  21%|██        | 42/200 [02:14<08:26,  3.21s/it]                                                                                     Best trial: 0. Best value: 0.341931:  21%|██        | 42/200 [02:17<08:26,  3.21s/it]Best trial: 0. Best value: 0.341931:  21%|██        | 42/200 [02:17<08:26,  3.21s/it]Best trial: 0. Best value: 0.341931:  22%|██▏       | 43/200 [02:17<08:21,  3.20s/it]                                                                                     Best trial: 0. Best value: 0.341931:  22%|██▏       | 43/200 [02:20<08:21,  3.20s/it]Best trial: 0. Best value: 0.341931:  22%|██▏       | 43/200 [02:20<08:21,  3.20s/it]Best trial: 0. Best value: 0.341931:  22%|██▏       | 44/200 [02:20<08:20,  3.21s/it]                                                                                     Best trial: 0. Best value: 0.341931:  22%|██▏       | 44/200 [02:24<08:20,  3.21s/it]Best trial: 0. Best value: 0.341931:  22%|██▏       | 44/200 [02:24<08:20,  3.21s/it]Best trial: 0. Best value: 0.341931:  22%|██▎       | 45/200 [02:24<08:19,  3.22s/it]                                                                                     Best trial: 0. Best value: 0.341931:  22%|██▎       | 45/200 [02:27<08:19,  3.22s/it]Best trial: 0. Best value: 0.341931:  22%|██▎       | 45/200 [02:27<08:19,  3.22s/it]Best trial: 0. Best value: 0.341931:  23%|██▎       | 46/200 [02:27<08:15,  3.22s/it]                                                                                     Best trial: 0. Best value: 0.341931:  23%|██▎       | 46/200 [02:30<08:15,  3.22s/it]Best trial: 0. Best value: 0.341931:  23%|██▎       | 46/200 [02:30<08:15,  3.22s/it]Best trial: 0. Best value: 0.341931:  24%|██▎       | 47/200 [02:30<08:12,  3.22s/it]                                                                                     Best trial: 0. Best value: 0.341931:  24%|██▎       | 47/200 [02:33<08:12,  3.22s/it]Best trial: 0. Best value: 0.341931:  24%|██▎       | 47/200 [02:33<08:12,  3.22s/it]Best trial: 0. Best value: 0.341931:  24%|██▍       | 48/200 [02:33<08:08,  3.21s/it]                                                                                     Best trial: 0. Best value: 0.341931:  24%|██▍       | 48/200 [02:37<08:08,  3.21s/it]Best trial: 0. Best value: 0.341931:  24%|██▍       | 48/200 [02:37<08:08,  3.21s/it]Best trial: 0. Best value: 0.341931:  24%|██▍       | 49/200 [02:37<08:04,  3.21s/it]                                                                                     Best trial: 0. Best value: 0.341931:  24%|██▍       | 49/200 [02:40<08:04,  3.21s/it]Best trial: 0. Best value: 0.341931:  24%|██▍       | 49/200 [02:40<08:04,  3.21s/it]Best trial: 0. Best value: 0.341931:  25%|██▌       | 50/200 [02:40<08:01,  3.21s/it]                                                                                     Best trial: 0. Best value: 0.341931:  25%|██▌       | 50/200 [02:43<08:01,  3.21s/it]Best trial: 0. Best value: 0.341931:  25%|██▌       | 50/200 [02:43<08:01,  3.21s/it]Best trial: 0. Best value: 0.341931:  26%|██▌       | 51/200 [02:43<07:55,  3.19s/it]                                                                                     Best trial: 0. Best value: 0.341931:  26%|██▌       | 51/200 [02:46<07:55,  3.19s/it]Best trial: 0. Best value: 0.341931:  26%|██▌       | 51/200 [02:46<07:55,  3.19s/it]Best trial: 0. Best value: 0.341931:  26%|██▌       | 52/200 [02:46<07:55,  3.21s/it]                                                                                     Best trial: 0. Best value: 0.341931:  26%|██▌       | 52/200 [02:49<07:55,  3.21s/it]Best trial: 0. Best value: 0.341931:  26%|██▌       | 52/200 [02:49<07:55,  3.21s/it]Best trial: 0. Best value: 0.341931:  26%|██▋       | 53/200 [02:49<07:50,  3.20s/it]                                                                                     Best trial: 0. Best value: 0.341931:  26%|██▋       | 53/200 [02:53<07:50,  3.20s/it]Best trial: 0. Best value: 0.341931:  26%|██▋       | 53/200 [02:53<07:50,  3.20s/it]Best trial: 0. Best value: 0.341931:  27%|██▋       | 54/200 [02:53<07:47,  3.20s/it]                                                                                     Best trial: 0. Best value: 0.341931:  27%|██▋       | 54/200 [02:56<07:47,  3.20s/it]Best trial: 0. Best value: 0.341931:  27%|██▋       | 54/200 [02:56<07:47,  3.20s/it]Best trial: 0. Best value: 0.341931:  28%|██▊       | 55/200 [02:56<07:43,  3.20s/it]                                                                                     Best trial: 0. Best value: 0.341931:  28%|██▊       | 55/200 [02:59<07:43,  3.20s/it]Best trial: 0. Best value: 0.341931:  28%|██▊       | 55/200 [02:59<07:43,  3.20s/it]Best trial: 0. Best value: 0.341931:  28%|██▊       | 56/200 [02:59<07:39,  3.19s/it]                                                                                     
[I 2026-04-11 21:01:04,591] Trial 38 finished with value: 0.3419311770058864 and parameters: {'parameters.max_depth': 6, 'parameters.learning_rate': 0.0035159341670896807, 'parameters.subsample': 0.7710277244183301, 'parameters.colsample_bytree': 0.6651373827807509, 'parameters.reg_alpha': 0.0010760225926009061, 'parameters.reg_lambda': 1.4994816660367596, 'parameters.min_child_samples': 58}. Best is trial 0 with value: 0.3419311770058864.
[I 2026-04-11 21:01:07,828] Trial 39 finished with value: 0.3419311770058864 and parameters: {'parameters.max_depth': 19, 'parameters.learning_rate': 0.011300605875123944, 'parameters.subsample': 0.8236286249018567, 'parameters.colsample_bytree': 0.9995512262512625, 'parameters.reg_alpha': 1.212673090014408, 'parameters.reg_lambda': 1.0905569949853593, 'parameters.min_child_samples': 15}. Best is trial 0 with value: 0.3419311770058864.
[I 2026-04-11 21:01:11,015] Trial 40 finished with value: 0.34193117700588643 and parameters: {'parameters.max_depth': 12, 'parameters.learning_rate': 0.002658030487633175, 'parameters.subsample': 0.8889090816538291, 'parameters.colsample_bytree': 0.6331265259888247, 'parameters.reg_alpha': 0.5133423285189558, 'parameters.reg_lambda': 0.5869368122548195, 'parameters.min_child_samples': 25}. Best is trial 0 with value: 0.3419311770058864.
[I 2026-04-11 21:01:14,210] Trial 41 finished with value: 0.3419311770058864 and parameters: {'parameters.max_depth': 6, 'parameters.learning_rate': 0.002052066696419175, 'parameters.subsample': 0.6155593376271232, 'parameters.colsample_bytree': 0.7094615643566441, 'parameters.reg_alpha': 0.019007962359350903, 'parameters.reg_lambda': 0.9080517777304783, 'parameters.min_child_samples': 88}. Best is trial 0 with value: 0.3419311770058864.
[I 2026-04-11 21:01:17,381] Trial 42 finished with value: 0.34193117700588643 and parameters: {'parameters.max_depth': 4, 'parameters.learning_rate': 0.0031831825420085788, 'parameters.subsample': 0.6266783351215991, 'parameters.colsample_bytree': 0.8045174903435944, 'parameters.reg_alpha': 0.032897505986613035, 'parameters.reg_lambda': 0.9146177578831286, 'parameters.min_child_samples': 91}. Best is trial 0 with value: 0.3419311770058864.
[I 2026-04-11 21:01:20,610] Trial 43 finished with value: 0.3419311770058864 and parameters: {'parameters.max_depth': 7, 'parameters.learning_rate': 0.0028554663988358342, 'parameters.subsample': 0.7263051668931693, 'parameters.colsample_bytree': 0.7733792152392504, 'parameters.reg_alpha': 0.014928105811434207, 'parameters.reg_lambda': 0.6546182021353426, 'parameters.min_child_samples': 80}. Best is trial 0 with value: 0.3419311770058864.
[I 2026-04-11 21:01:23,864] Trial 44 finished with value: 0.3419311770058864 and parameters: {'parameters.max_depth': 25, 'parameters.learning_rate': 0.01995224766232157, 'parameters.subsample': 0.6003848180073259, 'parameters.colsample_bytree': 0.7327815154174238, 'parameters.reg_alpha': 0.007860710356207794, 'parameters.reg_lambda': 1.331391680787476, 'parameters.min_child_samples': 86}. Best is trial 0 with value: 0.3419311770058864.
[I 2026-04-11 21:01:27,071] Trial 45 finished with value: 0.34193117700588643 and parameters: {'parameters.max_depth': 5, 'parameters.learning_rate': 0.007454920485855044, 'parameters.subsample': 0.6594028004866201, 'parameters.colsample_bytree': 0.7184921992939305, 'parameters.reg_alpha': 0.0036312557827147865, 'parameters.reg_lambda': 0.7439498964110344, 'parameters.min_child_samples': 44}. Best is trial 0 with value: 0.3419311770058864.
[I 2026-04-11 21:01:30,303] Trial 46 finished with value: 0.3419311770058864 and parameters: {'parameters.max_depth': 9, 'parameters.learning_rate': 0.009365873547410525, 'parameters.subsample': 0.8558221148034456, 'parameters.colsample_bytree': 0.8567091246046123, 'parameters.reg_alpha': 0.0016209736152817858, 'parameters.reg_lambda': 1.1873934268905666, 'parameters.min_child_samples': 96}. Best is trial 0 with value: 0.3419311770058864.
[I 2026-04-11 21:01:33,490] Trial 47 finished with value: 0.34193117700588643 and parameters: {'parameters.max_depth': 14, 'parameters.learning_rate': 0.004194407618502754, 'parameters.subsample': 0.6407296231106486, 'parameters.colsample_bytree': 0.6882439291891654, 'parameters.reg_alpha': 0.16642947022446034, 'parameters.reg_lambda': 2.5554819983408725, 'parameters.min_child_samples': 15}. Best is trial 0 with value: 0.3419311770058864.
[I 2026-04-11 21:01:36,685] Trial 48 finished with value: 0.3419311770058864 and parameters: {'parameters.max_depth': 28, 'parameters.learning_rate': 0.0034171595417701803, 'parameters.subsample': 0.7870068237965918, 'parameters.colsample_bytree': 0.8838730855053303, 'parameters.reg_alpha': 0.07251947399883006, 'parameters.reg_lambda': 2.1299650445833347, 'parameters.min_child_samples': 100}. Best is trial 0 with value: 0.3419311770058864.
[I 2026-04-11 21:01:39,903] Trial 49 finished with value: 0.34193117700588643 and parameters: {'parameters.max_depth': 7, 'parameters.learning_rate': 0.0049176193012271125, 'parameters.subsample': 0.7561004727467405, 'parameters.colsample_bytree': 0.6004445865401059, 'parameters.reg_alpha': 0.04806844205664503, 'parameters.reg_lambda': 0.8387979637396523, 'parameters.min_child_samples': 66}. Best is trial 0 with value: 0.3419311770058864.
[I 2026-04-11 21:01:43,061] Trial 50 finished with value: 0.3419311770058864 and parameters: {'parameters.max_depth': 5, 'parameters.learning_rate': 0.013197088654534886, 'parameters.subsample': 0.8737745312006131, 'parameters.colsample_bytree': 0.6167096249250703, 'parameters.reg_alpha': 0.010170061568907427, 'parameters.reg_lambda': 1.6580230563953031, 'parameters.min_child_samples': 75}. Best is trial 0 with value: 0.3419311770058864.
[I 2026-04-11 21:01:46,309] Trial 51 finished with value: 0.34193117700588643 and parameters: {'parameters.max_depth': 13, 'parameters.learning_rate': 0.0038708133140127675, 'parameters.subsample': 0.8368948089831187, 'parameters.colsample_bytree': 0.646644937040782, 'parameters.reg_alpha': 1.3435976643254837, 'parameters.reg_lambda': 0.5715523113284003, 'parameters.min_child_samples': 95}. Best is trial 0 with value: 0.3419311770058864.
[I 2026-04-11 21:01:49,480] Trial 52 finished with value: 0.3419311770058864 and parameters: {'parameters.max_depth': 16, 'parameters.learning_rate': 0.00576393931852836, 'parameters.subsample': 0.6829377434419215, 'parameters.colsample_bytree': 0.6368696919445598, 'parameters.reg_alpha': 0.48378059273998014, 'parameters.reg_lambda': 0.6549746788094863, 'parameters.min_child_samples': 86}. Best is trial 0 with value: 0.3419311770058864.
[I 2026-04-11 21:01:52,690] Trial 53 finished with value: 0.3419311770058864 and parameters: {'parameters.max_depth': 15, 'parameters.learning_rate': 0.006987535217989221, 'parameters.subsample': 0.9464758408875995, 'parameters.colsample_bytree': 0.6162719666440126, 'parameters.reg_alpha': 0.02851154268576473, 'parameters.reg_lambda': 0.5124618318962386, 'parameters.min_child_samples': 90}. Best is trial 0 with value: 0.3419311770058864.
[I 2026-04-11 21:01:55,879] Trial 54 finished with value: 0.3419311770058864 and parameters: {'parameters.max_depth': 10, 'parameters.learning_rate': 0.002874341910920521, 'parameters.subsample': 0.9058552607844856, 'parameters.colsample_bytree': 0.6625745742941365, 'parameters.reg_alpha': 0.00519656757880191, 'parameters.reg_lambda': 0.626395904663564, 'parameters.min_child_samples': 39}. Best is trial 0 with value: 0.3419311770058864.
[I 2026-04-11 21:01:59,053] Trial 55 finished with value: 0.3419311770058864 and parameters: {'parameters.max_depth': 13, 'parameters.learning_rate': 0.0045797389560951265, 'parameters.subsample': 0.8121121078971754, 'parameters.colsample_bytree': 0.7499936756871635, 'parameters.reg_alpha': 0.18087832007212215, 'parameters.reg_lambda': 0.7061332797931412, 'parameters.min_child_samples': 99}. Best is trial 0 with value: 0.3419311770058864.
[I 2026-04-11 21:02:02,275] Trial 56 finished with value: 0.34193117700588643 and parameters: {'parameters.max_depth': 18, 'parameters.learning_rate': 0.017693198631758375, 'parameters.subsample': 0.7653869278504264, 'parameters.colsample_bytree': 0.6942856260477427, 'parameters.reg_alpha': 0.01800513927745618, 'parameters.reg_lambda': 0.9816914365390984, 'parameters.min_child_samples': 47}. Best is trial 0 with value: 0.3419311770058864.Best trial: 0. Best value: 0.341931:  28%|██▊       | 56/200 [03:02<07:39,  3.19s/it]Best trial: 0. Best value: 0.341931:  28%|██▊       | 56/200 [03:02<07:39,  3.19s/it]Best trial: 0. Best value: 0.341931:  28%|██▊       | 57/200 [03:02<07:37,  3.20s/it]                                                                                     Best trial: 0. Best value: 0.341931:  28%|██▊       | 57/200 [03:05<07:37,  3.20s/it]Best trial: 0. Best value: 0.341931:  28%|██▊       | 57/200 [03:05<07:37,  3.20s/it]Best trial: 0. Best value: 0.341931:  29%|██▉       | 58/200 [03:05<07:35,  3.21s/it]                                                                                     Best trial: 0. Best value: 0.341931:  29%|██▉       | 58/200 [03:08<07:35,  3.21s/it]Best trial: 0. Best value: 0.341931:  29%|██▉       | 58/200 [03:08<07:35,  3.21s/it]Best trial: 0. Best value: 0.341931:  30%|██▉       | 59/200 [03:08<07:29,  3.19s/it]                                                                                     Best trial: 0. Best value: 0.341931:  30%|██▉       | 59/200 [03:12<07:29,  3.19s/it]Best trial: 0. Best value: 0.341931:  30%|██▉       | 59/200 [03:12<07:29,  3.19s/it]Best trial: 0. Best value: 0.341931:  30%|███       | 60/200 [03:12<07:26,  3.19s/it]                                                                                     Best trial: 0. Best value: 0.341931:  30%|███       | 60/200 [03:15<07:26,  3.19s/it]Best trial: 0. Best value: 0.341931:  30%|███       | 60/200 [03:15<07:26,  3.19s/it]Best trial: 0. Best value: 0.341931:  30%|███       | 61/200 [03:15<07:22,  3.19s/it]                                                                                     Best trial: 0. Best value: 0.341931:  30%|███       | 61/200 [03:18<07:22,  3.19s/it]Best trial: 0. Best value: 0.341931:  30%|███       | 61/200 [03:18<07:22,  3.19s/it]Best trial: 0. Best value: 0.341931:  31%|███       | 62/200 [03:18<07:21,  3.20s/it]                                                                                     Best trial: 0. Best value: 0.341931:  31%|███       | 62/200 [03:21<07:21,  3.20s/it]Best trial: 0. Best value: 0.341931:  31%|███       | 62/200 [03:21<07:21,  3.20s/it]Best trial: 0. Best value: 0.341931:  32%|███▏      | 63/200 [03:21<07:18,  3.20s/it]                                                                                     Best trial: 0. Best value: 0.341931:  32%|███▏      | 63/200 [03:24<07:18,  3.20s/it]Best trial: 0. Best value: 0.341931:  32%|███▏      | 63/200 [03:24<07:18,  3.20s/it]Best trial: 0. Best value: 0.341931:  32%|███▏      | 64/200 [03:24<07:12,  3.18s/it]                                                                                     Best trial: 0. Best value: 0.341931:  32%|███▏      | 64/200 [03:28<07:12,  3.18s/it]Best trial: 0. Best value: 0.341931:  32%|███▏      | 64/200 [03:28<07:12,  3.18s/it]Best trial: 0. Best value: 0.341931:  32%|███▎      | 65/200 [03:28<07:08,  3.17s/it]                                                                                     Best trial: 0. Best value: 0.341931:  32%|███▎      | 65/200 [03:31<07:08,  3.17s/it]Best trial: 0. Best value: 0.341931:  32%|███▎      | 65/200 [03:31<07:08,  3.17s/it]Best trial: 0. Best value: 0.341931:  33%|███▎      | 66/200 [03:31<07:04,  3.17s/it]                                                                                     Best trial: 0. Best value: 0.341931:  33%|███▎      | 66/200 [03:34<07:04,  3.17s/it]Best trial: 0. Best value: 0.341931:  33%|███▎      | 66/200 [03:34<07:04,  3.17s/it]Best trial: 0. Best value: 0.341931:  34%|███▎      | 67/200 [03:34<06:59,  3.15s/it]                                                                                     Best trial: 0. Best value: 0.341931:  34%|███▎      | 67/200 [03:37<06:59,  3.15s/it]Best trial: 0. Best value: 0.341931:  34%|███▎      | 67/200 [03:37<06:59,  3.15s/it]Best trial: 0. Best value: 0.341931:  34%|███▍      | 68/200 [03:37<06:58,  3.17s/it]                                                                                     Best trial: 0. Best value: 0.341931:  34%|███▍      | 68/200 [03:40<06:58,  3.17s/it]Best trial: 0. Best value: 0.341931:  34%|███▍      | 68/200 [03:40<06:58,  3.17s/it]Best trial: 0. Best value: 0.341931:  34%|███▍      | 69/200 [03:40<06:54,  3.17s/it]                                                                                     Best trial: 0. Best value: 0.341931:  34%|███▍      | 69/200 [03:43<06:54,  3.17s/it]Best trial: 0. Best value: 0.341931:  34%|███▍      | 69/200 [03:43<06:54,  3.17s/it]Best trial: 0. Best value: 0.341931:  35%|███▌      | 70/200 [03:43<06:50,  3.16s/it]                                                                                     Best trial: 0. Best value: 0.341931:  35%|███▌      | 70/200 [03:47<06:50,  3.16s/it]Best trial: 0. Best value: 0.341931:  35%|███▌      | 70/200 [03:47<06:50,  3.16s/it]Best trial: 0. Best value: 0.341931:  36%|███▌      | 71/200 [03:47<06:48,  3.16s/it]                                                                                     Best trial: 0. Best value: 0.341931:  36%|███▌      | 71/200 [03:50<06:48,  3.16s/it]Best trial: 0. Best value: 0.341931:  36%|███▌      | 71/200 [03:50<06:48,  3.16s/it]Best trial: 0. Best value: 0.341931:  36%|███▌      | 72/200 [03:50<06:43,  3.15s/it]                                                                                     Best trial: 0. Best value: 0.341931:  36%|███▌      | 72/200 [03:53<06:43,  3.15s/it]Best trial: 0. Best value: 0.341931:  36%|███▌      | 72/200 [03:53<06:43,  3.15s/it]Best trial: 0. Best value: 0.341931:  36%|███▋      | 73/200 [03:53<06:41,  3.16s/it]                                                                                     Best trial: 0. Best value: 0.341931:  36%|███▋      | 73/200 [03:56<06:41,  3.16s/it]Best trial: 0. Best value: 0.341931:  36%|███▋      | 73/200 [03:56<06:41,  3.16s/it]Best trial: 0. Best value: 0.341931:  37%|███▋      | 74/200 [03:56<06:39,  3.17s/it]                                                                                     Best trial: 0. Best value: 0.341931:  37%|███▋      | 74/200 [03:59<06:39,  3.17s/it]Best trial: 0. Best value: 0.341931:  37%|███▋      | 74/200 [03:59<06:39,  3.17s/it]Best trial: 0. Best value: 0.341931:  38%|███▊      | 75/200 [03:59<06:37,  3.18s/it]                                                                                     
