[I 2026-04-11 21:02:05,492] Trial 57 finished with value: 0.34193117700588643 and parameters: {'parameters.max_depth': 11, 'parameters.learning_rate': 0.006025550508695329, 'parameters.subsample': 0.7888386515947705, 'parameters.colsample_bytree': 0.8129727312683394, 'parameters.reg_alpha': 1.592102331128989, 'parameters.reg_lambda': 0.8132219643524284, 'parameters.min_child_samples': 32}. Best is trial 0 with value: 0.3419311770058864.
[I 2026-04-11 21:02:08,633] Trial 58 finished with value: 0.3419311770058864 and parameters: {'parameters.max_depth': 9, 'parameters.learning_rate': 0.002408204791980774, 'parameters.subsample': 0.7417611908749873, 'parameters.colsample_bytree': 0.6741827217504608, 'parameters.reg_alpha': 0.11160763610524198, 'parameters.reg_lambda': 4.66311469447016, 'parameters.min_child_samples': 62}. Best is trial 0 with value: 0.3419311770058864.
[I 2026-04-11 21:02:11,840] Trial 59 finished with value: 0.3419311770058864 and parameters: {'parameters.max_depth': 12, 'parameters.learning_rate': 0.016064512843613238, 'parameters.subsample': 0.7158720123767649, 'parameters.colsample_bytree': 0.7855683099391695, 'parameters.reg_alpha': 0.849075736571255, 'parameters.reg_lambda': 0.5551906982031501, 'parameters.min_child_samples': 25}. Best is trial 0 with value: 0.3419311770058864.
[I 2026-04-11 21:02:15,014] Trial 60 finished with value: 0.34193117700588643 and parameters: {'parameters.max_depth': 15, 'parameters.learning_rate': 0.003216554641010081, 'parameters.subsample': 0.8939278971004441, 'parameters.colsample_bytree': 0.7660305077803864, 'parameters.reg_alpha': 0.001624361613476371, 'parameters.reg_lambda': 3.058164110751282, 'parameters.min_child_samples': 18}. Best is trial 0 with value: 0.3419311770058864.
[I 2026-04-11 21:02:18,237] Trial 61 finished with value: 0.3419311770058864 and parameters: {'parameters.max_depth': 21, 'parameters.learning_rate': 0.009413768316792265, 'parameters.subsample': 0.9948551371592457, 'parameters.colsample_bytree': 0.9443294422374937, 'parameters.reg_alpha': 0.0034299230249517218, 'parameters.reg_lambda': 1.2761260002145216, 'parameters.min_child_samples': 11}. Best is trial 0 with value: 0.3419311770058864.
[I 2026-04-11 21:02:21,444] Trial 62 finished with value: 0.3419311770058864 and parameters: {'parameters.max_depth': 18, 'parameters.learning_rate': 0.011643210254260964, 'parameters.subsample': 0.9630945446902267, 'parameters.colsample_bytree': 0.9661239147860811, 'parameters.reg_alpha': 0.0010642897086447572, 'parameters.reg_lambda': 0.9917481512322605, 'parameters.min_child_samples': 10}. Best is trial 0 with value: 0.3419311770058864.
[I 2026-04-11 21:02:24,574] Trial 63 finished with value: 0.3419311770058864 and parameters: {'parameters.max_depth': 30, 'parameters.learning_rate': 0.008118628411006528, 'parameters.subsample': 0.9385924916662335, 'parameters.colsample_bytree': 0.6464909238285225, 'parameters.reg_alpha': 0.41193579179945633, 'parameters.reg_lambda': 1.14080769246954, 'parameters.min_child_samples': 18}. Best is trial 0 with value: 0.3419311770058864.
[I 2026-04-11 21:02:27,735] Trial 64 finished with value: 0.3419311770058864 and parameters: {'parameters.max_depth': 23, 'parameters.learning_rate': 0.009242625062004245, 'parameters.subsample': 0.9676915007581282, 'parameters.colsample_bytree': 0.6164987945275789, 'parameters.reg_alpha': 0.006428826686128698, 'parameters.reg_lambda': 1.3651117885352364, 'parameters.min_child_samples': 19}. Best is trial 0 with value: 0.3419311770058864.
[I 2026-04-11 21:02:30,884] Trial 65 finished with value: 0.34193117700588643 and parameters: {'parameters.max_depth': 27, 'parameters.learning_rate': 0.00384337780884594, 'parameters.subsample': 0.8393800602765474, 'parameters.colsample_bytree': 0.795274856436372, 'parameters.reg_alpha': 0.21868461651073326, 'parameters.reg_lambda': 0.7586504700645172, 'parameters.min_child_samples': 76}. Best is trial 0 with value: 0.3419311770058864.
[I 2026-04-11 21:02:34,008] Trial 66 finished with value: 0.3419311770058864 and parameters: {'parameters.max_depth': 20, 'parameters.learning_rate': 0.012614970601394477, 'parameters.subsample': 0.6866159781437816, 'parameters.colsample_bytree': 0.8429013987856878, 'parameters.reg_alpha': 0.0021196987867271315, 'parameters.reg_lambda': 0.8764003252030397, 'parameters.min_child_samples': 14}. Best is trial 0 with value: 0.3419311770058864.
[I 2026-04-11 21:02:37,223] Trial 67 finished with value: 0.3419311770058864 and parameters: {'parameters.max_depth': 4, 'parameters.learning_rate': 0.01437734744159247, 'parameters.subsample': 0.9840889631253434, 'parameters.colsample_bytree': 0.8929831382570241, 'parameters.reg_alpha': 0.313523790216643, 'parameters.reg_lambda': 3.3396730203067775, 'parameters.min_child_samples': 55}. Best is trial 0 with value: 0.3419311770058864.
[I 2026-04-11 21:02:40,381] Trial 68 finished with value: 0.3419311770058864 and parameters: {'parameters.max_depth': 25, 'parameters.learning_rate': 0.006350964313457569, 'parameters.subsample': 0.7544183613475202, 'parameters.colsample_bytree': 0.7398383952962394, 'parameters.reg_alpha': 0.001324830901511829, 'parameters.reg_lambda': 3.732630794060942, 'parameters.min_child_samples': 29}. Best is trial 0 with value: 0.3419311770058864.
[I 2026-04-11 21:02:43,519] Trial 69 finished with value: 0.3419311770058864 and parameters: {'parameters.max_depth': 8, 'parameters.learning_rate': 0.018624680516124644, 'parameters.subsample': 0.6700855803318664, 'parameters.colsample_bytree': 0.7087699184238209, 'parameters.reg_alpha': 0.9834627230615502, 'parameters.reg_lambda': 0.6891993138193151, 'parameters.min_child_samples': 36}. Best is trial 0 with value: 0.3419311770058864.
[I 2026-04-11 21:02:46,696] Trial 70 finished with value: 0.3419311770058864 and parameters: {'parameters.max_depth': 6, 'parameters.learning_rate': 0.010226731486304798, 'parameters.subsample': 0.8541305718771426, 'parameters.colsample_bytree': 0.9960183041181842, 'parameters.reg_alpha': 0.003548580700843224, 'parameters.reg_lambda': 1.4294940075670814, 'parameters.min_child_samples': 27}. Best is trial 0 with value: 0.3419311770058864.
[I 2026-04-11 21:02:49,826] Trial 71 finished with value: 0.3419311770058864 and parameters: {'parameters.max_depth': 29, 'parameters.learning_rate': 0.007868639835498426, 'parameters.subsample': 0.8648781010227092, 'parameters.colsample_bytree': 0.6066250380194605, 'parameters.reg_alpha': 0.08743259726193016, 'parameters.reg_lambda': 3.8792557662084666, 'parameters.min_child_samples': 22}. Best is trial 0 with value: 0.3419311770058864.
[I 2026-04-11 21:02:52,996] Trial 72 finished with value: 0.3419311770058864 and parameters: {'parameters.max_depth': 29, 'parameters.learning_rate': 0.0067560457071588476, 'parameters.subsample': 0.9256311273754477, 'parameters.colsample_bytree': 0.625818070372721, 'parameters.reg_alpha': 0.12135364413476062, 'parameters.reg_lambda': 2.6605936992019865, 'parameters.min_child_samples': 51}. Best is trial 0 with value: 0.3419311770058864.
[I 2026-04-11 21:02:56,205] Trial 73 finished with value: 0.3419311770058864 and parameters: {'parameters.max_depth': 28, 'parameters.learning_rate': 0.008311489993682027, 'parameters.subsample': 0.8802609856630108, 'parameters.colsample_bytree': 0.8201944001543535, 'parameters.reg_alpha': 0.6948389851380377, 'parameters.reg_lambda': 2.9854173388700933, 'parameters.min_child_samples': 84}. Best is trial 0 with value: 0.3419311770058864.
[I 2026-04-11 21:02:59,390] Trial 74 finished with value: 0.3419311770058864 and parameters: {'parameters.max_depth': 26, 'parameters.learning_rate': 0.00876068382781315, 'parameters.subsample': 0.8271990245547745, 'parameters.colsample_bytree': 0.7989003557324631, 'parameters.reg_alpha': 0.04209818989482532, 'parameters.reg_lambda': 1.7388611704121837, 'parameters.min_child_samples': 14}. Best is trial 0 with value: 0.3419311770058864.
[I 2026-04-11 21:03:02,626] Trial 75 finished with value: 0.3419311770058864 and parameters: {'parameters.max_depth': 30, 'parameters.learning_rate': 0.01600464729865359, 'parameters.subsample': 0.9031274685270385, 'parameters.colsample_bytree': 0.7622960550061165, 'parameters.reg_alpha': 0.5847665231741489, 'parameters.reg_lambda': 4.211437013308, 'parameters.min_child_samples': 17}. Best is trial 0 with value: 0.3419311770058864.Best trial: 0. Best value: 0.341931:  38%|███▊      | 75/200 [04:02<06:37,  3.18s/it]Best trial: 0. Best value: 0.341931:  38%|███▊      | 75/200 [04:02<06:37,  3.18s/it]Best trial: 0. Best value: 0.341931:  38%|███▊      | 76/200 [04:02<06:36,  3.19s/it]                                                                                     Best trial: 0. Best value: 0.341931:  38%|███▊      | 76/200 [04:06<06:36,  3.19s/it]Best trial: 0. Best value: 0.341931:  38%|███▊      | 76/200 [04:06<06:36,  3.19s/it]Best trial: 0. Best value: 0.341931:  38%|███▊      | 77/200 [04:06<06:33,  3.20s/it]                                                                                     Best trial: 0. Best value: 0.341931:  38%|███▊      | 77/200 [04:09<06:33,  3.20s/it]Best trial: 0. Best value: 0.341931:  38%|███▊      | 77/200 [04:09<06:33,  3.20s/it]Best trial: 0. Best value: 0.341931:  39%|███▉      | 78/200 [04:09<06:30,  3.20s/it]                                                                                     Best trial: 0. Best value: 0.341931:  39%|███▉      | 78/200 [04:12<06:30,  3.20s/it]Best trial: 0. Best value: 0.341931:  39%|███▉      | 78/200 [04:12<06:30,  3.20s/it]Best trial: 0. Best value: 0.341931:  40%|███▉      | 79/200 [04:12<06:23,  3.17s/it]                                                                                     Best trial: 0. Best value: 0.341931:  40%|███▉      | 79/200 [04:15<06:23,  3.17s/it]Best trial: 0. Best value: 0.341931:  40%|███▉      | 79/200 [04:15<06:23,  3.17s/it]Best trial: 0. Best value: 0.341931:  40%|████      | 80/200 [04:15<06:20,  3.17s/it]                                                                                     Best trial: 0. Best value: 0.341931:  40%|████      | 80/200 [04:18<06:20,  3.17s/it]Best trial: 0. Best value: 0.341931:  40%|████      | 80/200 [04:18<06:20,  3.17s/it]Best trial: 0. Best value: 0.341931:  40%|████      | 81/200 [04:18<06:19,  3.19s/it]                                                                                     Best trial: 0. Best value: 0.341931:  40%|████      | 81/200 [04:22<06:19,  3.19s/it]Best trial: 0. Best value: 0.341931:  40%|████      | 81/200 [04:22<06:19,  3.19s/it]Best trial: 0. Best value: 0.341931:  41%|████      | 82/200 [04:22<06:17,  3.20s/it]                                                                                     Best trial: 0. Best value: 0.341931:  41%|████      | 82/200 [04:25<06:17,  3.20s/it]Best trial: 0. Best value: 0.341931:  41%|████      | 82/200 [04:25<06:17,  3.20s/it]Best trial: 0. Best value: 0.341931:  42%|████▏     | 83/200 [04:25<06:13,  3.19s/it]                                                                                     Best trial: 0. Best value: 0.341931:  42%|████▏     | 83/200 [04:28<06:13,  3.19s/it]Best trial: 0. Best value: 0.341931:  42%|████▏     | 83/200 [04:28<06:13,  3.19s/it]Best trial: 0. Best value: 0.341931:  42%|████▏     | 84/200 [04:28<06:10,  3.19s/it]                                                                                     Best trial: 0. Best value: 0.341931:  42%|████▏     | 84/200 [04:31<06:10,  3.19s/it]Best trial: 0. Best value: 0.341931:  42%|████▏     | 84/200 [04:31<06:10,  3.19s/it]Best trial: 0. Best value: 0.341931:  42%|████▎     | 85/200 [04:31<06:08,  3.20s/it]                                                                                     Best trial: 0. Best value: 0.341931:  42%|████▎     | 85/200 [04:34<06:08,  3.20s/it]Best trial: 0. Best value: 0.341931:  42%|████▎     | 85/200 [04:34<06:08,  3.20s/it]Best trial: 0. Best value: 0.341931:  43%|████▎     | 86/200 [04:34<06:04,  3.20s/it]                                                                                     Best trial: 0. Best value: 0.341931:  43%|████▎     | 86/200 [04:38<06:04,  3.20s/it]Best trial: 0. Best value: 0.341931:  43%|████▎     | 86/200 [04:38<06:04,  3.20s/it]Best trial: 0. Best value: 0.341931:  44%|████▎     | 87/200 [04:38<06:02,  3.21s/it]                                                                                     Best trial: 0. Best value: 0.341931:  44%|████▎     | 87/200 [04:41<06:02,  3.21s/it]Best trial: 0. Best value: 0.341931:  44%|████▎     | 87/200 [04:41<06:02,  3.21s/it]Best trial: 0. Best value: 0.341931:  44%|████▍     | 88/200 [04:41<05:57,  3.19s/it]                                                                                     Best trial: 0. Best value: 0.341931:  44%|████▍     | 88/200 [04:44<05:57,  3.19s/it]Best trial: 0. Best value: 0.341931:  44%|████▍     | 88/200 [04:44<05:57,  3.19s/it]Best trial: 0. Best value: 0.341931:  44%|████▍     | 89/200 [04:44<05:53,  3.18s/it]                                                                                     Best trial: 0. Best value: 0.341931:  44%|████▍     | 89/200 [04:47<05:53,  3.18s/it]Best trial: 0. Best value: 0.341931:  44%|████▍     | 89/200 [04:47<05:53,  3.18s/it]Best trial: 0. Best value: 0.341931:  45%|████▌     | 90/200 [04:47<05:50,  3.19s/it]                                                                                     Best trial: 0. Best value: 0.341931:  45%|████▌     | 90/200 [04:50<05:50,  3.19s/it]Best trial: 0. Best value: 0.341931:  45%|████▌     | 90/200 [04:50<05:50,  3.19s/it]Best trial: 0. Best value: 0.341931:  46%|████▌     | 91/200 [04:50<05:47,  3.19s/it]                                                                                     Best trial: 0. Best value: 0.341931:  46%|████▌     | 91/200 [04:54<05:47,  3.19s/it]Best trial: 0. Best value: 0.341931:  46%|████▌     | 91/200 [04:54<05:47,  3.19s/it]Best trial: 0. Best value: 0.341931:  46%|████▌     | 92/200 [04:54<05:45,  3.20s/it]                                                                                     Best trial: 0. Best value: 0.341931:  46%|████▌     | 92/200 [04:57<05:45,  3.20s/it]Best trial: 0. Best value: 0.341931:  46%|████▌     | 92/200 [04:57<05:45,  3.20s/it]Best trial: 0. Best value: 0.341931:  46%|████▋     | 93/200 [04:57<05:43,  3.21s/it]                                                                                     Best trial: 0. Best value: 0.341931:  46%|████▋     | 93/200 [05:00<05:43,  3.21s/it]Best trial: 0. Best value: 0.341931:  46%|████▋     | 93/200 [05:00<05:43,  3.21s/it]Best trial: 0. Best value: 0.341931:  47%|████▋     | 94/200 [05:00<05:40,  3.21s/it]                                                                                     
[I 2026-04-11 21:03:05,831] Trial 76 finished with value: 0.3419311770058864 and parameters: {'parameters.max_depth': 5, 'parameters.learning_rate': 0.00767372559370686, 'parameters.subsample': 0.801599038903028, 'parameters.colsample_bytree': 0.638225516869531, 'parameters.reg_alpha': 0.054256992140202014, 'parameters.reg_lambda': 1.986316964806783, 'parameters.min_child_samples': 12}. Best is trial 0 with value: 0.3419311770058864.
[I 2026-04-11 21:03:09,037] Trial 77 finished with value: 0.3419311770058864 and parameters: {'parameters.max_depth': 15, 'parameters.learning_rate': 0.0034917950571900125, 'parameters.subsample': 0.6942278611928948, 'parameters.colsample_bytree': 0.6559041640953677, 'parameters.reg_alpha': 0.013966223456912369, 'parameters.reg_lambda': 2.3889736594286153, 'parameters.min_child_samples': 23}. Best is trial 0 with value: 0.3419311770058864.
[I 2026-04-11 21:03:12,142] Trial 78 finished with value: 0.3419311770058864 and parameters: {'parameters.max_depth': 7, 'parameters.learning_rate': 0.010997772416521287, 'parameters.subsample': 0.7830324767651773, 'parameters.colsample_bytree': 0.6251003770091151, 'parameters.reg_alpha': 0.022626339743118336, 'parameters.reg_lambda': 0.7899195675667129, 'parameters.min_child_samples': 93}. Best is trial 0 with value: 0.3419311770058864.
[I 2026-04-11 21:03:15,321] Trial 79 finished with value: 0.3419311770058864 and parameters: {'parameters.max_depth': 10, 'parameters.learning_rate': 0.005001784243738419, 'parameters.subsample': 0.8122501411783569, 'parameters.colsample_bytree': 0.600628156536082, 'parameters.reg_alpha': 0.010296631900829026, 'parameters.reg_lambda': 1.092780343271079, 'parameters.min_child_samples': 57}. Best is trial 0 with value: 0.3419311770058864.
[I 2026-04-11 21:03:18,554] Trial 80 finished with value: 0.3419311770058864 and parameters: {'parameters.max_depth': 12, 'parameters.learning_rate': 0.013290771388157714, 'parameters.subsample': 0.6462795838857115, 'parameters.colsample_bytree': 0.6793886695372667, 'parameters.reg_alpha': 0.03538269622621863, 'parameters.reg_lambda': 2.8752338614590474, 'parameters.min_child_samples': 43}. Best is trial 0 with value: 0.3419311770058864.
[I 2026-04-11 21:03:21,761] Trial 81 finished with value: 0.3419311770058864 and parameters: {'parameters.max_depth': 24, 'parameters.learning_rate': 0.009966315474066352, 'parameters.subsample': 0.9328371582865357, 'parameters.colsample_bytree': 0.9194893464581382, 'parameters.reg_alpha': 0.007951189249754622, 'parameters.reg_lambda': 2.240454413214558, 'parameters.min_child_samples': 68}. Best is trial 0 with value: 0.3419311770058864.
[I 2026-04-11 21:03:24,936] Trial 82 finished with value: 0.34193117700588643 and parameters: {'parameters.max_depth': 26, 'parameters.learning_rate': 0.011492351679422922, 'parameters.subsample': 0.9739643153724963, 'parameters.colsample_bytree': 0.8580607162717465, 'parameters.reg_alpha': 0.005370472215670093, 'parameters.reg_lambda': 3.598568696682922, 'parameters.min_child_samples': 40}. Best is trial 0 with value: 0.3419311770058864.
[I 2026-04-11 21:03:28,135] Trial 83 finished with value: 0.34193117700588643 and parameters: {'parameters.max_depth': 17, 'parameters.learning_rate': 0.012001850725542279, 'parameters.subsample': 0.6244541005533782, 'parameters.colsample_bytree': 0.8746462112333117, 'parameters.reg_alpha': 0.0044076956563115915, 'parameters.reg_lambda': 3.2858421839475493, 'parameters.min_child_samples': 21}. Best is trial 0 with value: 0.3419311770058864.
[I 2026-04-11 21:03:31,362] Trial 84 finished with value: 0.3419311770058864 and parameters: {'parameters.max_depth': 22, 'parameters.learning_rate': 0.00892207493853022, 'parameters.subsample': 0.7282449696566804, 'parameters.colsample_bytree': 0.835651131144958, 'parameters.reg_alpha': 0.37068891583089003, 'parameters.reg_lambda': 2.453981345924716, 'parameters.min_child_samples': 33}. Best is trial 0 with value: 0.3419311770058864.
[I 2026-04-11 21:03:34,559] Trial 85 finished with value: 0.3419311770058864 and parameters: {'parameters.max_depth': 26, 'parameters.learning_rate': 0.002957739948505651, 'parameters.subsample': 0.9209298000183022, 'parameters.colsample_bytree': 0.7788021235233477, 'parameters.reg_alpha': 0.0026022464443954244, 'parameters.reg_lambda': 2.837347563510321, 'parameters.min_child_samples': 30}. Best is trial 0 with value: 0.3419311770058864.
[I 2026-04-11 21:03:37,776] Trial 86 finished with value: 0.3419311770058864 and parameters: {'parameters.max_depth': 14, 'parameters.learning_rate': 0.010002779317448167, 'parameters.subsample': 0.9546448797366942, 'parameters.colsample_bytree': 0.8075940646653185, 'parameters.reg_alpha': 1.7773665310165987, 'parameters.reg_lambda': 1.229861254823365, 'parameters.min_child_samples': 27}. Best is trial 0 with value: 0.3419311770058864.
[I 2026-04-11 21:03:40,934] Trial 87 finished with value: 0.34193117700588643 and parameters: {'parameters.max_depth': 28, 'parameters.learning_rate': 0.015251339553044717, 'parameters.subsample': 0.7123432515488511, 'parameters.colsample_bytree': 0.8693844704337749, 'parameters.reg_alpha': 0.0020822103661240167, 'parameters.reg_lambda': 0.6332045959800052, 'parameters.min_child_samples': 63}. Best is trial 0 with value: 0.3419311770058864.
[I 2026-04-11 21:03:44,093] Trial 88 finished with value: 0.34193117700588643 and parameters: {'parameters.max_depth': 29, 'parameters.learning_rate': 0.016906590904246198, 'parameters.subsample': 0.8693384714009074, 'parameters.colsample_bytree': 0.8243801303210927, 'parameters.reg_alpha': 0.01734115140396996, 'parameters.reg_lambda': 0.5977632121369565, 'parameters.min_child_samples': 16}. Best is trial 0 with value: 0.3419311770058864.
[I 2026-04-11 21:03:47,296] Trial 89 finished with value: 0.34193117700588643 and parameters: {'parameters.max_depth': 5, 'parameters.learning_rate': 0.002690984095007709, 'parameters.subsample': 0.999415772369686, 'parameters.colsample_bytree': 0.8478798093323945, 'parameters.reg_alpha': 0.0698412843829107, 'parameters.reg_lambda': 0.8641916938220285, 'parameters.min_child_samples': 10}. Best is trial 0 with value: 0.3419311770058864.
[I 2026-04-11 21:03:50,483] Trial 90 finished with value: 0.3419311770058864 and parameters: {'parameters.max_depth': 24, 'parameters.learning_rate': 0.007154213115645425, 'parameters.subsample': 0.8900557233122088, 'parameters.colsample_bytree': 0.9496814574741138, 'parameters.reg_alpha': 0.011609999456587585, 'parameters.reg_lambda': 0.7311868121031696, 'parameters.min_child_samples': 48}. Best is trial 0 with value: 0.3419311770058864.
