[I 2026-04-12 08:05:13,208] Trial 20 finished with value: 0.3809907807167186 and parameters: {'parameters.history_length': 119, 'parameters.num_layers': 4, 'parameters.units': 384, 'parameters.dropout': 0.20951968599813908, 'parameters.batch_size': 377, 'parameters.learning_rate': 0.00048155997700130744, 'parameters.weight_decay': 0.000197526820528539}. Best is trial 0 with value: 0.3809907807167186.Best trial: 0. Best value: 0.380991:  10%|█         | 20/200 [12:02<1:43:15, 34.42s/it]Best trial: 0. Best value: 0.380991:  10%|█         | 20/200 [12:02<1:43:15, 34.42s/it]Best trial: 0. Best value: 0.380991:  10%|█         | 21/200 [12:02<1:42:40, 34.41s/it]                                                                                       Best trial: 0. Best value: 0.380991:  10%|█         | 21/200 [12:36<1:42:40, 34.41s/it]Best trial: 0. Best value: 0.380991:  10%|█         | 21/200 [12:36<1:42:40, 34.41s/it]Best trial: 0. Best value: 0.380991:  11%|█         | 22/200 [12:36<1:42:11, 34.45s/it]                                                                                       Best trial: 0. Best value: 0.380991:  11%|█         | 22/200 [13:11<1:42:11, 34.45s/it]Best trial: 0. Best value: 0.380991:  11%|█         | 22/200 [13:11<1:42:11, 34.45s/it]Best trial: 0. Best value: 0.380991:  12%|█▏        | 23/200 [13:11<1:41:36, 34.44s/it]                                                                                       Best trial: 0. Best value: 0.380991:  12%|█▏        | 23/200 [13:45<1:41:36, 34.44s/it]Best trial: 0. Best value: 0.380991:  12%|█▏        | 23/200 [13:45<1:41:36, 34.44s/it]Best trial: 0. Best value: 0.380991:  12%|█▏        | 24/200 [13:45<1:41:01, 34.44s/it]                                                                                       Best trial: 0. Best value: 0.380991:  12%|█▏        | 24/200 [14:20<1:41:01, 34.44s/it]Best trial: 0. Best value: 0.380991:  12%|█▏        | 24/200 [14:20<1:41:01, 34.44s/it]Best trial: 0. Best value: 0.380991:  12%|█▎        | 25/200 [14:20<1:40:24, 34.43s/it]                                                                                       Best trial: 0. Best value: 0.380991:  12%|█▎        | 25/200 [14:54<1:40:24, 34.43s/it]Best trial: 0. Best value: 0.380991:  12%|█▎        | 25/200 [14:54<1:40:24, 34.43s/it]Best trial: 0. Best value: 0.380991:  13%|█▎        | 26/200 [14:54<1:39:48, 34.42s/it]                                                                                       Best trial: 0. Best value: 0.380991:  13%|█▎        | 26/200 [15:28<1:39:48, 34.42s/it]Best trial: 0. Best value: 0.380991:  13%|█▎        | 26/200 [15:28<1:39:48, 34.42s/it]Best trial: 0. Best value: 0.380991:  14%|█▎        | 27/200 [15:28<1:39:13, 34.41s/it]                                                                                       Best trial: 0. Best value: 0.380991:  14%|█▎        | 27/200 [16:03<1:39:13, 34.41s/it]Best trial: 0. Best value: 0.380991:  14%|█▎        | 27/200 [16:03<1:39:13, 34.41s/it]Best trial: 0. Best value: 0.380991:  14%|█▍        | 28/200 [16:03<1:38:41, 34.42s/it]                                                                                       Best trial: 0. Best value: 0.380991:  14%|█▍        | 28/200 [16:37<1:38:41, 34.42s/it]Best trial: 0. Best value: 0.380991:  14%|█▍        | 28/200 [16:37<1:38:41, 34.42s/it]Best trial: 0. Best value: 0.380991:  14%|█▍        | 29/200 [16:37<1:38:09, 34.44s/it]                                                                                       Best trial: 0. Best value: 0.380991:  14%|█▍        | 29/200 [17:12<1:38:09, 34.44s/it]Best trial: 0. Best value: 0.380991:  14%|█▍        | 29/200 [17:12<1:38:09, 34.44s/it]Best trial: 0. Best value: 0.380991:  15%|█▌        | 30/200 [17:12<1:37:37, 34.45s/it]                                                                                       Best trial: 0. Best value: 0.380991:  15%|█▌        | 30/200 [17:46<1:37:37, 34.45s/it]Best trial: 0. Best value: 0.380991:  15%|█▌        | 30/200 [17:46<1:37:37, 34.45s/it]Best trial: 0. Best value: 0.380991:  16%|█▌        | 31/200 [17:46<1:37:00, 34.44s/it]                                                                                       Best trial: 0. Best value: 0.380991:  16%|█▌        | 31/200 [18:21<1:37:00, 34.44s/it]Best trial: 0. Best value: 0.380991:  16%|█▌        | 31/200 [18:21<1:37:00, 34.44s/it]Best trial: 0. Best value: 0.380991:  16%|█▌        | 32/200 [18:21<1:36:27, 34.45s/it]                                                                                       Best trial: 0. Best value: 0.380991:  16%|█▌        | 32/200 [18:55<1:36:27, 34.45s/it]Best trial: 0. Best value: 0.380991:  16%|█▌        | 32/200 [18:55<1:36:27, 34.45s/it]Best trial: 0. Best value: 0.380991:  16%|█▋        | 33/200 [18:55<1:35:47, 34.42s/it]                                                                                       Best trial: 0. Best value: 0.380991:  16%|█▋        | 33/200 [19:29<1:35:47, 34.42s/it]Best trial: 0. Best value: 0.380991:  16%|█▋        | 33/200 [19:29<1:35:47, 34.42s/it]Best trial: 0. Best value: 0.380991:  17%|█▋        | 34/200 [19:29<1:35:09, 34.39s/it]                                                                                       Best trial: 0. Best value: 0.380991:  17%|█▋        | 34/200 [20:04<1:35:09, 34.39s/it]Best trial: 0. Best value: 0.380991:  17%|█▋        | 34/200 [20:04<1:35:09, 34.39s/it]Best trial: 0. Best value: 0.380991:  18%|█▊        | 35/200 [20:04<1:34:38, 34.42s/it]                                                                                       Best trial: 0. Best value: 0.380991:  18%|█▊        | 35/200 [20:38<1:34:38, 34.42s/it]Best trial: 0. Best value: 0.380991:  18%|█▊        | 35/200 [20:38<1:34:38, 34.42s/it]Best trial: 0. Best value: 0.380991:  18%|█▊        | 36/200 [20:38<1:34:04, 34.42s/it]                                                                                       Best trial: 0. Best value: 0.380991:  18%|█▊        | 36/200 [21:13<1:34:04, 34.42s/it]Best trial: 0. Best value: 0.380991:  18%|█▊        | 36/200 [21:13<1:34:04, 34.42s/it]Best trial: 0. Best value: 0.380991:  18%|█▊        | 37/200 [21:13<1:33:28, 34.41s/it]                                                                                       Best trial: 0. Best value: 0.380991:  18%|█▊        | 37/200 [21:47<1:33:28, 34.41s/it]Best trial: 0. Best value: 0.380991:  18%|█▊        | 37/200 [21:47<1:33:28, 34.41s/it]Best trial: 0. Best value: 0.380991:  19%|█▉        | 38/200 [21:47<1:32:52, 34.40s/it]                                                                                       Best trial: 0. Best value: 0.380991:  19%|█▉        | 38/200 [22:22<1:32:52, 34.40s/it]Best trial: 0. Best value: 0.380991:  19%|█▉        | 38/200 [22:22<1:32:52, 34.40s/it]Best trial: 0. Best value: 0.380991:  20%|█▉        | 39/200 [22:22<1:32:18, 34.40s/it]                                                                                       Best trial: 0. Best value: 0.380991:  20%|█▉        | 39/200 [22:56<1:32:18, 34.40s/it]Best trial: 0. Best value: 0.380991:  20%|█▉        | 39/200 [22:56<1:32:18, 34.40s/it]Best trial: 0. Best value: 0.380991:  20%|██        | 40/200 [22:56<1:31:50, 34.44s/it]                                                                                       Best trial: 0. Best value: 0.380991:  20%|██        | 40/200 [23:31<1:31:50, 34.44s/it]Best trial: 0. Best value: 0.380991:  20%|██        | 40/200 [23:31<1:31:50, 34.44s/it]Best trial: 0. Best value: 0.380991:  20%|██        | 41/200 [23:31<1:31:15, 34.44s/it]                                                                                       
[I 2026-04-12 08:05:47,739] Trial 21 finished with value: 0.3809907807167186 and parameters: {'parameters.history_length': 87, 'parameters.num_layers': 1, 'parameters.units': 140, 'parameters.dropout': 0.24369698244973065, 'parameters.batch_size': 207, 'parameters.learning_rate': 0.000354344837763424, 'parameters.weight_decay': 0.002417853052102726}. Best is trial 0 with value: 0.3809907807167186.
[I 2026-04-12 08:06:22,170] Trial 22 finished with value: 0.3809907807167186 and parameters: {'parameters.history_length': 106, 'parameters.num_layers': 2, 'parameters.units': 174, 'parameters.dropout': 0.2487801356464835, 'parameters.batch_size': 154, 'parameters.learning_rate': 0.00041758837953587337, 'parameters.weight_decay': 0.0021633628606049036}. Best is trial 0 with value: 0.3809907807167186.
[I 2026-04-12 08:06:56,605] Trial 23 finished with value: 0.3809907807167186 and parameters: {'parameters.history_length': 88, 'parameters.num_layers': 2, 'parameters.units': 129, 'parameters.dropout': 0.1916469164243092, 'parameters.batch_size': 240, 'parameters.learning_rate': 0.0002923245529049387, 'parameters.weight_decay': 0.002017057673332463}. Best is trial 0 with value: 0.3809907807167186.
[I 2026-04-12 08:07:31,004] Trial 24 finished with value: 0.3809907807167186 and parameters: {'parameters.history_length': 81, 'parameters.num_layers': 1, 'parameters.units': 185, 'parameters.dropout': 0.14919514747283838, 'parameters.batch_size': 208, 'parameters.learning_rate': 0.00022100125852066627, 'parameters.weight_decay': 0.0004160035578799865}. Best is trial 0 with value: 0.3809907807167186.
[I 2026-04-12 08:08:05,395] Trial 25 finished with value: 0.3809907807167186 and parameters: {'parameters.history_length': 64, 'parameters.num_layers': 3, 'parameters.units': 244, 'parameters.dropout': 0.23658965515124677, 'parameters.batch_size': 306, 'parameters.learning_rate': 0.000592630468593001, 'parameters.weight_decay': 0.0033770586827607386}. Best is trial 0 with value: 0.3809907807167186.
[I 2026-04-12 08:08:39,792] Trial 26 finished with value: 0.3809907807167186 and parameters: {'parameters.history_length': 93, 'parameters.num_layers': 2, 'parameters.units': 283, 'parameters.dropout': 0.271808701705067, 'parameters.batch_size': 161, 'parameters.learning_rate': 0.00038890250667777834, 'parameters.weight_decay': 0.0006830907735497466}. Best is trial 0 with value: 0.3809907807167186.
[I 2026-04-12 08:09:14,248] Trial 27 finished with value: 0.3809907807167186 and parameters: {'parameters.history_length': 151, 'parameters.num_layers': 1, 'parameters.units': 326, 'parameters.dropout': 0.33899744111311486, 'parameters.batch_size': 221, 'parameters.learning_rate': 0.0002869929132218234, 'parameters.weight_decay': 0.001379986551269897}. Best is trial 0 with value: 0.3809907807167186.
[I 2026-04-12 08:09:48,727] Trial 28 finished with value: 0.3809907807167186 and parameters: {'parameters.history_length': 129, 'parameters.num_layers': 3, 'parameters.units': 214, 'parameters.dropout': 0.20962254405224662, 'parameters.batch_size': 253, 'parameters.learning_rate': 0.0008776020296896317, 'parameters.weight_decay': 0.0001099373087680161}. Best is trial 0 with value: 0.3809907807167186.
[I 2026-04-12 08:10:23,209] Trial 29 finished with value: 0.3809907807167186 and parameters: {'parameters.history_length': 79, 'parameters.num_layers': 2, 'parameters.units': 167, 'parameters.dropout': 0.18839612036814568, 'parameters.batch_size': 342, 'parameters.learning_rate': 0.00033589125009347696, 'parameters.weight_decay': 0.0008361419971766109}. Best is trial 0 with value: 0.3809907807167186.
[I 2026-04-12 08:10:57,629] Trial 30 finished with value: 0.3809907807167186 and parameters: {'parameters.history_length': 72, 'parameters.num_layers': 4, 'parameters.units': 117, 'parameters.dropout': 0.21783292992634246, 'parameters.batch_size': 306, 'parameters.learning_rate': 0.00043473662166902715, 'parameters.weight_decay': 0.0015915803943138997}. Best is trial 0 with value: 0.3809907807167186.
[I 2026-04-12 08:11:32,086] Trial 31 finished with value: 0.3809907807167186 and parameters: {'parameters.history_length': 75, 'parameters.num_layers': 1, 'parameters.units': 194, 'parameters.dropout': 0.274457368315443, 'parameters.batch_size': 351, 'parameters.learning_rate': 0.0003164939738006437, 'parameters.weight_decay': 0.0008241653000947872}. Best is trial 0 with value: 0.3809907807167186.
[I 2026-04-12 08:12:06,438] Trial 32 finished with value: 0.3809907807167186 and parameters: {'parameters.history_length': 107, 'parameters.num_layers': 2, 'parameters.units': 248, 'parameters.dropout': 0.12266559809129154, 'parameters.batch_size': 363, 'parameters.learning_rate': 0.00029262624100156136, 'parameters.weight_decay': 0.001184212449164789}. Best is trial 0 with value: 0.3809907807167186.
[I 2026-04-12 08:12:40,776] Trial 33 finished with value: 0.3809907807167186 and parameters: {'parameters.history_length': 123, 'parameters.num_layers': 1, 'parameters.units': 163, 'parameters.dropout': 0.14642117335364796, 'parameters.batch_size': 329, 'parameters.learning_rate': 0.00024643981131607746, 'parameters.weight_decay': 0.00022647910751813117}. Best is trial 0 with value: 0.3809907807167186.
[I 2026-04-12 08:13:15,247] Trial 34 finished with value: 0.3809907807167186 and parameters: {'parameters.history_length': 69, 'parameters.num_layers': 2, 'parameters.units': 192, 'parameters.dropout': 0.30101081896865095, 'parameters.batch_size': 369, 'parameters.learning_rate': 0.0006024416810778305, 'parameters.weight_decay': 0.0003822654004461951}. Best is trial 0 with value: 0.3809907807167186.
[I 2026-04-12 08:13:49,658] Trial 35 finished with value: 0.3809907807167186 and parameters: {'parameters.history_length': 78, 'parameters.num_layers': 1, 'parameters.units': 153, 'parameters.dropout': 0.1136040927942418, 'parameters.batch_size': 191, 'parameters.learning_rate': 0.00026697924711350016, 'parameters.weight_decay': 0.00404103023207709}. Best is trial 0 with value: 0.3809907807167186.
[I 2026-04-12 08:14:24,057] Trial 36 finished with value: 0.3809907807167186 and parameters: {'parameters.history_length': 92, 'parameters.num_layers': 2, 'parameters.units': 104, 'parameters.dropout': 0.14499431826260803, 'parameters.batch_size': 324, 'parameters.learning_rate': 0.0004486273909911726, 'parameters.weight_decay': 0.0009205993460515822}. Best is trial 0 with value: 0.3809907807167186.
[I 2026-04-12 08:14:58,429] Trial 37 finished with value: 0.3809907807167186 and parameters: {'parameters.history_length': 84, 'parameters.num_layers': 3, 'parameters.units': 72, 'parameters.dropout': 0.1665188898534893, 'parameters.batch_size': 350, 'parameters.learning_rate': 0.00037490951484004254, 'parameters.weight_decay': 0.00013923239249207775}. Best is trial 0 with value: 0.3809907807167186.
[I 2026-04-12 08:15:32,843] Trial 38 finished with value: 0.3809907807167186 and parameters: {'parameters.history_length': 96, 'parameters.num_layers': 2, 'parameters.units': 262, 'parameters.dropout': 0.2227520847093268, 'parameters.batch_size': 130, 'parameters.learning_rate': 0.0005445751262878727, 'parameters.weight_decay': 0.0028633065984043716}. Best is trial 0 with value: 0.3809907807167186.
[I 2026-04-12 08:16:07,364] Trial 39 finished with value: 0.3809907807167186 and parameters: {'parameters.history_length': 114, 'parameters.num_layers': 4, 'parameters.units': 356, 'parameters.dropout': 0.4912789926055174, 'parameters.batch_size': 233, 'parameters.learning_rate': 0.0007410676322571651, 'parameters.weight_decay': 0.006994379538319026}. Best is trial 0 with value: 0.3809907807167186.
[I 2026-04-12 08:16:41,806] Trial 40 finished with value: 0.3809907807167186 and parameters: {'parameters.history_length': 146, 'parameters.num_layers': 1, 'parameters.units': 233, 'parameters.dropout': 0.2978970011512551, 'parameters.batch_size': 261, 'parameters.learning_rate': 0.0014509002791330532, 'parameters.weight_decay': 0.0016750084904010565}. Best is trial 0 with value: 0.3809907807167186.
