[I 2026-04-11 20:20:36,305] Trial 72 finished with value: 0.3419311770058864 and parameters: {'parameters.max_depth': 26, 'parameters.learning_rate': 0.008452093393918449, 'parameters.subsample': 0.8860900871069871, 'parameters.colsample_bytree': 0.625818070372721, 'parameters.reg_alpha': 0.41404287143757945, 'parameters.reg_lambda': 4.037040497681837, 'parameters.min_child_samples': 19}. Best is trial 0 with value: 0.3419311770058864.
[I 2026-04-11 20:20:39,503] Trial 73 finished with value: 0.34193117700588643 and parameters: {'parameters.max_depth': 28, 'parameters.learning_rate': 0.0072068472393288265, 'parameters.subsample': 0.8802609856630108, 'parameters.colsample_bytree': 0.8490084052766124, 'parameters.reg_alpha': 0.10915050957405799, 'parameters.reg_lambda': 2.9854173388700933, 'parameters.min_child_samples': 23}. Best is trial 0 with value: 0.3419311770058864.
[I 2026-04-11 20:20:42,786] Trial 74 finished with value: 0.34193117700588643 and parameters: {'parameters.max_depth': 30, 'parameters.learning_rate': 0.002887001388864276, 'parameters.subsample': 0.8406494396754776, 'parameters.colsample_bytree': 0.8083186727208967, 'parameters.reg_alpha': 0.26853350502672746, 'parameters.reg_lambda': 3.3965857408926237, 'parameters.min_child_samples': 51}. Best is trial 0 with value: 0.3419311770058864.
[I 2026-04-11 20:20:46,000] Trial 75 finished with value: 0.3419311770058864 and parameters: {'parameters.max_depth': 26, 'parameters.learning_rate': 0.012582341495780892, 'parameters.subsample': 0.9031274685270385, 'parameters.colsample_bytree': 0.6078131766793397, 'parameters.reg_alpha': 0.18232885964908666, 'parameters.reg_lambda': 0.5467182040278117, 'parameters.min_child_samples': 12}. Best is trial 0 with value: 0.3419311770058864.Best trial: 0. Best value: 0.341931:  38%|███▊      | 75/200 [04:02<06:42,  3.22s/it]Best trial: 0. Best value: 0.341931:  38%|███▊      | 75/200 [04:02<06:42,  3.22s/it]Best trial: 0. Best value: 0.341931:  38%|███▊      | 76/200 [04:02<06:38,  3.22s/it]                                                                                     Best trial: 0. Best value: 0.341931:  38%|███▊      | 76/200 [04:05<06:38,  3.22s/it]Best trial: 0. Best value: 0.341931:  38%|███▊      | 76/200 [04:05<06:38,  3.22s/it]Best trial: 0. Best value: 0.341931:  38%|███▊      | 77/200 [04:05<06:35,  3.21s/it]                                                                                     Best trial: 0. Best value: 0.341931:  38%|███▊      | 77/200 [04:08<06:35,  3.21s/it]Best trial: 0. Best value: 0.341931:  38%|███▊      | 77/200 [04:08<06:35,  3.21s/it]Best trial: 0. Best value: 0.341931:  39%|███▉      | 78/200 [04:08<06:31,  3.21s/it]                                                                                     Best trial: 0. Best value: 0.341931:  39%|███▉      | 78/200 [04:11<06:31,  3.21s/it]Best trial: 0. Best value: 0.341931:  39%|███▉      | 78/200 [04:11<06:31,  3.21s/it]Best trial: 0. Best value: 0.341931:  40%|███▉      | 79/200 [04:11<06:27,  3.20s/it]                                                                                     Best trial: 0. Best value: 0.341931:  40%|███▉      | 79/200 [04:15<06:27,  3.20s/it]Best trial: 0. Best value: 0.341931:  40%|███▉      | 79/200 [04:15<06:27,  3.20s/it]Best trial: 0. Best value: 0.341931:  40%|████      | 80/200 [04:15<06:24,  3.20s/it]                                                                                     Best trial: 0. Best value: 0.341931:  40%|████      | 80/200 [04:18<06:24,  3.20s/it]Best trial: 0. Best value: 0.341931:  40%|████      | 80/200 [04:18<06:24,  3.20s/it]Best trial: 0. Best value: 0.341931:  40%|████      | 81/200 [04:18<06:22,  3.21s/it]                                                                                     Best trial: 0. Best value: 0.341931:  40%|████      | 81/200 [04:21<06:22,  3.21s/it]Best trial: 0. Best value: 0.341931:  40%|████      | 81/200 [04:21<06:22,  3.21s/it]Best trial: 0. Best value: 0.341931:  41%|████      | 82/200 [04:21<06:19,  3.21s/it]                                                                                     Best trial: 0. Best value: 0.341931:  41%|████      | 82/200 [04:24<06:19,  3.21s/it]Best trial: 0. Best value: 0.341931:  41%|████      | 82/200 [04:24<06:19,  3.21s/it]Best trial: 0. Best value: 0.341931:  42%|████▏     | 83/200 [04:24<06:16,  3.21s/it]                                                                                     Best trial: 0. Best value: 0.341931:  42%|████▏     | 83/200 [04:27<06:16,  3.21s/it]Best trial: 0. Best value: 0.341931:  42%|████▏     | 83/200 [04:27<06:16,  3.21s/it]Best trial: 0. Best value: 0.341931:  42%|████▏     | 84/200 [04:27<06:12,  3.21s/it]                                                                                     Best trial: 0. Best value: 0.341931:  42%|████▏     | 84/200 [04:31<06:12,  3.21s/it]Best trial: 0. Best value: 0.341931:  42%|████▏     | 84/200 [04:31<06:12,  3.21s/it]Best trial: 0. Best value: 0.341931:  42%|████▎     | 85/200 [04:31<06:07,  3.19s/it]                                                                                     Best trial: 0. Best value: 0.341931:  42%|████▎     | 85/200 [04:34<06:07,  3.19s/it]Best trial: 0. Best value: 0.341931:  42%|████▎     | 85/200 [04:34<06:07,  3.19s/it]Best trial: 0. Best value: 0.341931:  43%|████▎     | 86/200 [04:34<06:04,  3.20s/it]                                                                                     Best trial: 0. Best value: 0.341931:  43%|████▎     | 86/200 [04:37<06:04,  3.20s/it]Best trial: 0. Best value: 0.341931:  43%|████▎     | 86/200 [04:37<06:04,  3.20s/it]Best trial: 0. Best value: 0.341931:  44%|████▎     | 87/200 [04:37<05:59,  3.18s/it]                                                                                     Best trial: 0. Best value: 0.341931:  44%|████▎     | 87/200 [04:40<05:59,  3.18s/it]Best trial: 0. Best value: 0.341931:  44%|████▎     | 87/200 [04:40<05:59,  3.18s/it]Best trial: 0. Best value: 0.341931:  44%|████▍     | 88/200 [04:40<05:56,  3.18s/it]                                                                                     Best trial: 0. Best value: 0.341931:  44%|████▍     | 88/200 [04:43<05:56,  3.18s/it]Best trial: 0. Best value: 0.341931:  44%|████▍     | 88/200 [04:43<05:56,  3.18s/it]Best trial: 0. Best value: 0.341931:  44%|████▍     | 89/200 [04:43<05:54,  3.19s/it]                                                                                     Best trial: 0. Best value: 0.341931:  44%|████▍     | 89/200 [04:47<05:54,  3.19s/it]Best trial: 0. Best value: 0.341931:  44%|████▍     | 89/200 [04:47<05:54,  3.19s/it]Best trial: 0. Best value: 0.341931:  45%|████▌     | 90/200 [04:47<05:49,  3.18s/it]                                                                                     Best trial: 0. Best value: 0.341931:  45%|████▌     | 90/200 [04:50<05:49,  3.18s/it]Best trial: 0. Best value: 0.341931:  45%|████▌     | 90/200 [04:50<05:49,  3.18s/it]Best trial: 0. Best value: 0.341931:  46%|████▌     | 91/200 [04:50<05:44,  3.16s/it]                                                                                     Best trial: 0. Best value: 0.341931:  46%|████▌     | 91/200 [04:53<05:44,  3.16s/it]Best trial: 0. Best value: 0.341931:  46%|████▌     | 91/200 [04:53<05:44,  3.16s/it]Best trial: 0. Best value: 0.341931:  46%|████▌     | 92/200 [04:53<05:43,  3.18s/it]                                                                                     Best trial: 0. Best value: 0.341931:  46%|████▌     | 92/200 [04:56<05:43,  3.18s/it]Best trial: 0. Best value: 0.341931:  46%|████▌     | 92/200 [04:56<05:43,  3.18s/it]Best trial: 0. Best value: 0.341931:  46%|████▋     | 93/200 [04:56<05:38,  3.17s/it]                                                                                     Best trial: 0. Best value: 0.341931:  46%|████▋     | 93/200 [04:59<05:38,  3.17s/it]Best trial: 0. Best value: 0.341931:  46%|████▋     | 93/200 [04:59<05:38,  3.17s/it]Best trial: 0. Best value: 0.341931:  47%|████▋     | 94/200 [04:59<05:35,  3.17s/it]                                                                                     
[I 2026-04-11 20:20:49,211] Trial 76 finished with value: 0.34193117700588643 and parameters: {'parameters.max_depth': 23, 'parameters.learning_rate': 0.006689837196786591, 'parameters.subsample': 0.6685468395958017, 'parameters.colsample_bytree': 0.6395278213881643, 'parameters.reg_alpha': 0.023457266157596236, 'parameters.reg_lambda': 0.794394672912224, 'parameters.min_child_samples': 34}. Best is trial 0 with value: 0.3419311770058864.
[I 2026-04-11 20:20:52,404] Trial 77 finished with value: 0.3419311770058864 and parameters: {'parameters.max_depth': 9, 'parameters.learning_rate': 0.004259458251117201, 'parameters.subsample': 0.9463934288380454, 'parameters.colsample_bytree': 0.6634462854182938, 'parameters.reg_alpha': 0.013156122532900648, 'parameters.reg_lambda': 3.7105691626185697, 'parameters.min_child_samples': 83}. Best is trial 0 with value: 0.3419311770058864.
[I 2026-04-11 20:20:55,590] Trial 78 finished with value: 0.3419311770058864 and parameters: {'parameters.max_depth': 7, 'parameters.learning_rate': 0.00598006489965436, 'parameters.subsample': 0.797976765205205, 'parameters.colsample_bytree': 0.7195745065196792, 'parameters.reg_alpha': 0.0021497594498824718, 'parameters.reg_lambda': 3.025566321596239, 'parameters.min_child_samples': 20}. Best is trial 0 with value: 0.3419311770058864.
[I 2026-04-11 20:20:58,788] Trial 79 finished with value: 0.34193117700588643 and parameters: {'parameters.max_depth': 15, 'parameters.learning_rate': 0.00867149253302555, 'parameters.subsample': 0.8238656538684326, 'parameters.colsample_bytree': 0.7842853204917295, 'parameters.reg_alpha': 0.10389830677266883, 'parameters.reg_lambda': 0.5981485670368463, 'parameters.min_child_samples': 16}. Best is trial 0 with value: 0.3419311770058864.
[I 2026-04-11 20:21:02,032] Trial 80 finished with value: 0.3419311770058864 and parameters: {'parameters.max_depth': 27, 'parameters.learning_rate': 0.017946848690589285, 'parameters.subsample': 0.7382468173700308, 'parameters.colsample_bytree': 0.6225668162297474, 'parameters.reg_alpha': 0.07571281826152387, 'parameters.reg_lambda': 0.6450022580694617, 'parameters.min_child_samples': 26}. Best is trial 0 with value: 0.3419311770058864.
[I 2026-04-11 20:21:05,248] Trial 81 finished with value: 0.34193117700588643 and parameters: {'parameters.max_depth': 12, 'parameters.learning_rate': 0.009966315474066352, 'parameters.subsample': 0.8513803694632344, 'parameters.colsample_bytree': 0.7413680982659739, 'parameters.reg_alpha': 1.007415600174771, 'parameters.reg_lambda': 0.7025407224006488, 'parameters.min_child_samples': 40}. Best is trial 0 with value: 0.3419311770058864.
[I 2026-04-11 20:21:08,463] Trial 82 finished with value: 0.34193117700588643 and parameters: {'parameters.max_depth': 17, 'parameters.learning_rate': 0.005475626369096812, 'parameters.subsample': 0.923353785406462, 'parameters.colsample_bytree': 0.7572301965695164, 'parameters.reg_alpha': 1.7798250926983665, 'parameters.reg_lambda': 4.3249236819825025, 'parameters.min_child_samples': 54}. Best is trial 0 with value: 0.3419311770058864.
[I 2026-04-11 20:21:11,666] Trial 83 finished with value: 0.3419311770058864 and parameters: {'parameters.max_depth': 13, 'parameters.learning_rate': 0.0063399822740325485, 'parameters.subsample': 0.8746559706775567, 'parameters.colsample_bytree': 0.7034910723313774, 'parameters.reg_alpha': 0.6224966167843514, 'parameters.reg_lambda': 1.4548666267441588, 'parameters.min_child_samples': 38}. Best is trial 0 with value: 0.3419311770058864.
[I 2026-04-11 20:21:14,819] Trial 84 finished with value: 0.34193117700588643 and parameters: {'parameters.max_depth': 10, 'parameters.learning_rate': 0.0035182688986536348, 'parameters.subsample': 0.6947543138409298, 'parameters.colsample_bytree': 0.7226833726961258, 'parameters.reg_alpha': 1.4596472456100955, 'parameters.reg_lambda': 4.164082983869491, 'parameters.min_child_samples': 10}. Best is trial 0 with value: 0.3419311770058864.
[I 2026-04-11 20:21:18,035] Trial 85 finished with value: 0.34193117700588643 and parameters: {'parameters.max_depth': 14, 'parameters.learning_rate': 0.007498619070679484, 'parameters.subsample': 0.8098284301764804, 'parameters.colsample_bytree': 0.6896204382221868, 'parameters.reg_alpha': 1.111610974424924, 'parameters.reg_lambda': 4.468245981445201, 'parameters.min_child_samples': 30}. Best is trial 0 with value: 0.3419311770058864.
[I 2026-04-11 20:21:21,168] Trial 86 finished with value: 0.34193117700588643 and parameters: {'parameters.max_depth': 11, 'parameters.learning_rate': 0.0031831406127592133, 'parameters.subsample': 0.7081564439471135, 'parameters.colsample_bytree': 0.7119578514306572, 'parameters.reg_alpha': 1.7879671209713888, 'parameters.reg_lambda': 3.7161822383650054, 'parameters.min_child_samples': 92}. Best is trial 0 with value: 0.3419311770058864.
[I 2026-04-11 20:21:24,356] Trial 87 finished with value: 0.3419311770058864 and parameters: {'parameters.max_depth': 17, 'parameters.learning_rate': 0.004028758637706049, 'parameters.subsample': 0.8326018100883544, 'parameters.colsample_bytree': 0.7987337454707645, 'parameters.reg_alpha': 0.7893121414327645, 'parameters.reg_lambda': 2.8903532521776656, 'parameters.min_child_samples': 45}. Best is trial 0 with value: 0.3419311770058864.
[I 2026-04-11 20:21:27,576] Trial 88 finished with value: 0.3419311770058864 and parameters: {'parameters.max_depth': 18, 'parameters.learning_rate': 0.013853965628142973, 'parameters.subsample': 0.6093045049932939, 'parameters.colsample_bytree': 0.7628264795516696, 'parameters.reg_alpha': 0.0013269275414491608, 'parameters.reg_lambda': 1.0078212186675166, 'parameters.min_child_samples': 71}. Best is trial 0 with value: 0.3419311770058864.
[I 2026-04-11 20:21:30,714] Trial 89 finished with value: 0.3419311770058864 and parameters: {'parameters.max_depth': 5, 'parameters.learning_rate': 0.005111983005811254, 'parameters.subsample': 0.8574091678360352, 'parameters.colsample_bytree': 0.6725760374988109, 'parameters.reg_alpha': 0.00849059804997042, 'parameters.reg_lambda': 1.863968648364229, 'parameters.min_child_samples': 61}. Best is trial 0 with value: 0.3419311770058864.
[I 2026-04-11 20:21:33,847] Trial 90 finished with value: 0.3419311770058864 and parameters: {'parameters.max_depth': 24, 'parameters.learning_rate': 0.0038237789016666176, 'parameters.subsample': 0.9825872801730795, 'parameters.colsample_bytree': 0.7794373127404933, 'parameters.reg_alpha': 0.33930646661488845, 'parameters.reg_lambda': 0.7388811016616803, 'parameters.min_child_samples': 78}. Best is trial 0 with value: 0.3419311770058864.
[I 2026-04-11 20:21:37,054] Trial 91 finished with value: 0.34193117700588643 and parameters: {'parameters.max_depth': 13, 'parameters.learning_rate': 0.007097865852281694, 'parameters.subsample': 0.8996822064532151, 'parameters.colsample_bytree': 0.8323728587030123, 'parameters.reg_alpha': 0.032509417926516834, 'parameters.reg_lambda': 2.73325439366411, 'parameters.min_child_samples': 28}. Best is trial 0 with value: 0.3419311770058864.
[I 2026-04-11 20:21:40,194] Trial 92 finished with value: 0.34193117700588643 and parameters: {'parameters.max_depth': 16, 'parameters.learning_rate': 0.007991627402130498, 'parameters.subsample': 0.8812710700600681, 'parameters.colsample_bytree': 0.6005197229508746, 'parameters.reg_alpha': 0.06365769244311388, 'parameters.reg_lambda': 2.49876633774358, 'parameters.min_child_samples': 34}. Best is trial 0 with value: 0.3419311770058864.
[I 2026-04-11 20:21:43,360] Trial 93 finished with value: 0.34193117700588643 and parameters: {'parameters.max_depth': 14, 'parameters.learning_rate': 0.005802311418651095, 'parameters.subsample': 0.9169511505099706, 'parameters.colsample_bytree': 0.7488437023196742, 'parameters.reg_alpha': 0.05017072323378262, 'parameters.reg_lambda': 0.8659295297969848, 'parameters.min_child_samples': 23}. Best is trial 0 with value: 0.3419311770058864.
