[I 2026-04-12 11:26:04,446] Trial 36 finished with value: 0.5291221424081894 and parameters: {'parameters.history_length': 147, 'parameters.d_model': 143, 'parameters.nhead': 16, 'parameters.num_encoder_layers': 3, 'parameters.dim_feedforward': 327, 'parameters.dropout': 0.0930591633991556, 'parameters.batch_size': 154, 'parameters.learning_rate': 0.0009136136252462277, 'parameters.weight_decay': 1.5230894036695174e-05}. Best is trial 0 with value: 0.5291221424081894.
[I 2026-04-12 11:27:01,367] Trial 37 finished with value: 0.5291221424081894 and parameters: {'parameters.history_length': 75, 'parameters.d_model': 243, 'parameters.nhead': 4, 'parameters.num_encoder_layers': 3, 'parameters.dim_feedforward': 421, 'parameters.dropout': 0.10631154128737441, 'parameters.batch_size': 140, 'parameters.learning_rate': 0.00029282661153638863, 'parameters.weight_decay': 0.001515920133574525}. Best is trial 0 with value: 0.5291221424081894.
[I 2026-04-12 11:27:58,175] Trial 38 finished with value: 0.5291221424081894 and parameters: {'parameters.history_length': 160, 'parameters.d_model': 212, 'parameters.nhead': 4, 'parameters.num_encoder_layers': 6, 'parameters.dim_feedforward': 1013, 'parameters.dropout': 0.07018307508361121, 'parameters.batch_size': 121, 'parameters.learning_rate': 0.00021539379863892225, 'parameters.weight_decay': 0.0013133209057955518}. Best is trial 0 with value: 0.5291221424081894.
[I 2026-04-12 11:28:54,996] Trial 39 finished with value: 0.5291221424081894 and parameters: {'parameters.history_length': 94, 'parameters.d_model': 151, 'parameters.nhead': 4, 'parameters.num_encoder_layers': 2, 'parameters.dim_feedforward': 867, 'parameters.dropout': 0.18756087747437725, 'parameters.batch_size': 167, 'parameters.learning_rate': 0.0021344439053525596, 'parameters.weight_decay': 0.0004647737460660202}. Best is trial 0 with value: 0.5291221424081894.
[I 2026-04-12 11:29:51,781] Trial 40 finished with value: 0.5291221424081894 and parameters: {'parameters.history_length': 115, 'parameters.d_model': 83, 'parameters.nhead': 8, 'parameters.num_encoder_layers': 4, 'parameters.dim_feedforward': 616, 'parameters.dropout': 0.07967868618960125, 'parameters.batch_size': 64, 'parameters.learning_rate': 0.00014605054653941352, 'parameters.weight_decay': 0.004782153773263421}. Best is trial 0 with value: 0.5291221424081894.
[I 2026-04-12 11:30:48,673] Trial 41 finished with value: 0.5291221424081894 and parameters: {'parameters.history_length': 56, 'parameters.d_model': 191, 'parameters.nhead': 16, 'parameters.num_encoder_layers': 2, 'parameters.dim_feedforward': 1011, 'parameters.dropout': 0.2311453193442825, 'parameters.batch_size': 256, 'parameters.learning_rate': 0.002764035216479884, 'parameters.weight_decay': 0.0003127000591390835}. Best is trial 0 with value: 0.5291221424081894.
[I 2026-04-12 11:31:45,514] Trial 42 finished with value: 0.5291221424081894 and parameters: {'parameters.history_length': 47, 'parameters.d_model': 222, 'parameters.nhead': 16, 'parameters.num_encoder_layers': 2, 'parameters.dim_feedforward': 966, 'parameters.dropout': 0.2759328655003117, 'parameters.batch_size': 244, 'parameters.learning_rate': 0.002254979184562219, 'parameters.weight_decay': 6.883390885680759e-05}. Best is trial 0 with value: 0.5291221424081894.
[I 2026-04-12 11:32:42,326] Trial 43 finished with value: 0.5291221424081894 and parameters: {'parameters.history_length': 80, 'parameters.d_model': 232, 'parameters.nhead': 16, 'parameters.num_encoder_layers': 2, 'parameters.dim_feedforward': 559, 'parameters.dropout': 0.21091933242169597, 'parameters.batch_size': 212, 'parameters.learning_rate': 0.0011722401362328054, 'parameters.weight_decay': 0.0010406376836727303}. Best is trial 0 with value: 0.5291221424081894.
[I 2026-04-12 11:33:39,074] Trial 44 finished with value: 0.5291221424081894 and parameters: {'parameters.history_length': 102, 'parameters.d_model': 164, 'parameters.nhead': 16, 'parameters.num_encoder_layers': 3, 'parameters.dim_feedforward': 474, 'parameters.dropout': 0.14621316008077073, 'parameters.batch_size': 133, 'parameters.learning_rate': 0.0013770697091420707, 'parameters.weight_decay': 0.0033887449475287503}. Best is trial 0 with value: 0.5291221424081894.
[I 2026-04-12 11:34:35,953] Trial 45 finished with value: 0.5291221424081894 and parameters: {'parameters.history_length': 64, 'parameters.d_model': 248, 'parameters.nhead': 4, 'parameters.num_encoder_layers': 2, 'parameters.dim_feedforward': 259, 'parameters.dropout': 0.1528729900722971, 'parameters.batch_size': 229, 'parameters.learning_rate': 0.0018999740256888627, 'parameters.weight_decay': 1.480357014164669e-05}. Best is trial 0 with value: 0.5291221424081894.
[I 2026-04-12 11:35:32,777] Trial 46 finished with value: 0.5291221424081894 and parameters: {'parameters.history_length': 139, 'parameters.d_model': 218, 'parameters.nhead': 4, 'parameters.num_encoder_layers': 3, 'parameters.dim_feedforward': 765, 'parameters.dropout': 0.2627923920302874, 'parameters.batch_size': 79, 'parameters.learning_rate': 0.00019650930770429676, 'parameters.weight_decay': 0.0021452663074762687}. Best is trial 0 with value: 0.5291221424081894.
[I 2026-04-12 11:36:29,605] Trial 47 finished with value: 0.5291221424081894 and parameters: {'parameters.history_length': 38, 'parameters.d_model': 201, 'parameters.nhead': 16, 'parameters.num_encoder_layers': 4, 'parameters.dim_feedforward': 404, 'parameters.dropout': 0.1298244356688316, 'parameters.batch_size': 201, 'parameters.learning_rate': 0.0011769860219319102, 'parameters.weight_decay': 0.00012522718051965348}. Best is trial 0 with value: 0.5291221424081894.
[I 2026-04-12 11:37:26,437] Trial 48 finished with value: 0.5291221424081894 and parameters: {'parameters.history_length': 49, 'parameters.d_model': 238, 'parameters.nhead': 4, 'parameters.num_encoder_layers': 2, 'parameters.dim_feedforward': 878, 'parameters.dropout': 0.11850932470808817, 'parameters.batch_size': 238, 'parameters.learning_rate': 0.0001769999991424822, 'parameters.weight_decay': 4.593733727030595e-05}. Best is trial 0 with value: 0.5291221424081894.
[I 2026-04-12 11:38:23,203] Trial 49 finished with value: 0.5291221424081894 and parameters: {'parameters.history_length': 89, 'parameters.d_model': 117, 'parameters.nhead': 4, 'parameters.num_encoder_layers': 3, 'parameters.dim_feedforward': 683, 'parameters.dropout': 0.23052392562505591, 'parameters.batch_size': 99, 'parameters.learning_rate': 0.0010228554877560016, 'parameters.weight_decay': 2.7634651058969896e-05}. Best is trial 0 with value: 0.5291221424081894.
[I 2026-04-12 11:39:19,999] Trial 50 finished with value: 0.5291221424081894 and parameters: {'parameters.history_length': 98, 'parameters.d_model': 170, 'parameters.nhead': 8, 'parameters.num_encoder_layers': 5, 'parameters.dim_feedforward': 804, 'parameters.dropout': 0.18834222427199826, 'parameters.batch_size': 160, 'parameters.learning_rate': 0.00011904036115247205, 'parameters.weight_decay': 0.0007130425414920562}. Best is trial 0 with value: 0.5291221424081894.
[I 2026-04-12 11:40:16,853] Trial 51 finished with value: 0.5291221424081894 and parameters: {'parameters.history_length': 150, 'parameters.d_model': 66, 'parameters.nhead': 16, 'parameters.num_encoder_layers': 4, 'parameters.dim_feedforward': 450, 'parameters.dropout': 0.22446727836382468, 'parameters.batch_size': 131, 'parameters.learning_rate': 0.00023769002191442257, 'parameters.weight_decay': 0.0003102549796533771}. Best is trial 0 with value: 0.5291221424081894.
[I 2026-04-12 11:41:13,714] Trial 52 finished with value: 0.5291221424081894 and parameters: {'parameters.history_length': 145, 'parameters.d_model': 91, 'parameters.nhead': 16, 'parameters.num_encoder_layers': 2, 'parameters.dim_feedforward': 730, 'parameters.dropout': 0.15791769234069067, 'parameters.batch_size': 116, 'parameters.learning_rate': 0.0006411303166539905, 'parameters.weight_decay': 0.0002230038351369415}. Best is trial 0 with value: 0.5291221424081894.
[I 2026-04-12 11:42:10,556] Trial 53 finished with value: 0.5291221424081894 and parameters: {'parameters.history_length': 130, 'parameters.d_model': 74, 'parameters.nhead': 16, 'parameters.num_encoder_layers': 3, 'parameters.dim_feedforward': 313, 'parameters.dropout': 0.2929609622650526, 'parameters.batch_size': 180, 'parameters.learning_rate': 0.002388033456513657, 'parameters.weight_decay': 1.316983665204932e-05}. Best is trial 0 with value: 0.5291221424081894.Best trial: 0. Best value: 0.529122:  53%|█████▎    | 53/100 [51:10<44:31, 56.83s/it]Best trial: 0. Best value: 0.529122:  53%|█████▎    | 53/100 [51:10<44:31, 56.83s/it]Best trial: 0. Best value: 0.529122:  54%|█████▍    | 54/100 [51:10<43:34, 56.84s/it]                                                                                     Best trial: 0. Best value: 0.529122:  54%|█████▍    | 54/100 [52:06<43:34, 56.84s/it]Best trial: 0. Best value: 0.529122:  54%|█████▍    | 54/100 [52:06<43:34, 56.84s/it]Best trial: 0. Best value: 0.529122:  55%|█████▌    | 55/100 [52:06<42:35, 56.78s/it]                                                                                     Best trial: 0. Best value: 0.529122:  55%|█████▌    | 55/100 [53:03<42:35, 56.78s/it]Best trial: 0. Best value: 0.529122:  55%|█████▌    | 55/100 [53:03<42:35, 56.78s/it]Best trial: 0. Best value: 0.529122:  56%|█████▌    | 56/100 [53:03<41:38, 56.78s/it]                                                                                     Best trial: 0. Best value: 0.529122:  56%|█████▌    | 56/100 [54:00<41:38, 56.78s/it]Best trial: 0. Best value: 0.529122:  56%|█████▌    | 56/100 [54:00<41:38, 56.78s/it]Best trial: 0. Best value: 0.529122:  57%|█████▋    | 57/100 [54:00<40:41, 56.78s/it]                                                                                     Best trial: 0. Best value: 0.529122:  57%|█████▋    | 57/100 [54:57<40:41, 56.78s/it]Best trial: 0. Best value: 0.529122:  57%|█████▋    | 57/100 [54:57<40:41, 56.78s/it]Best trial: 0. Best value: 0.529122:  58%|█████▊    | 58/100 [54:57<39:44, 56.77s/it]                                                                                     Best trial: 0. Best value: 0.529122:  58%|█████▊    | 58/100 [55:53<39:44, 56.77s/it]Best trial: 0. Best value: 0.529122:  58%|█████▊    | 58/100 [55:53<39:44, 56.77s/it]Best trial: 0. Best value: 0.529122:  59%|█████▉    | 59/100 [55:53<38:47, 56.77s/it]                                                                                     Best trial: 0. Best value: 0.529122:  59%|█████▉    | 59/100 [56:50<38:47, 56.77s/it]Best trial: 0. Best value: 0.529122:  59%|█████▉    | 59/100 [56:50<38:47, 56.77s/it]Best trial: 0. Best value: 0.529122:  60%|██████    | 60/100 [56:50<37:51, 56.79s/it]                                                                                     Best trial: 0. Best value: 0.529122:  60%|██████    | 60/100 [57:47<37:51, 56.79s/it]Best trial: 0. Best value: 0.529122:  60%|██████    | 60/100 [57:47<37:51, 56.79s/it]Best trial: 0. Best value: 0.529122:  61%|██████    | 61/100 [57:47<36:54, 56.77s/it]                                                                                     Best trial: 0. Best value: 0.529122:  61%|██████    | 61/100 [58:44<36:54, 56.77s/it]Best trial: 0. Best value: 0.529122:  61%|██████    | 61/100 [58:44<36:54, 56.77s/it]Best trial: 0. Best value: 0.529122:  62%|██████▏   | 62/100 [58:44<35:56, 56.76s/it]                                                                                     Best trial: 0. Best value: 0.529122:  62%|██████▏   | 62/100 [59:40<35:56, 56.76s/it]Best trial: 0. Best value: 0.529122:  62%|██████▏   | 62/100 [59:40<35:56, 56.76s/it]Best trial: 0. Best value: 0.529122:  63%|██████▎   | 63/100 [59:40<34:59, 56.74s/it]                                                                                     Best trial: 0. Best value: 0.529122:  63%|██████▎   | 63/100 [1:00:37<34:59, 56.74s/it]Best trial: 0. Best value: 0.529122:  63%|██████▎   | 63/100 [1:00:37<34:59, 56.74s/it]Best trial: 0. Best value: 0.529122:  64%|██████▍   | 64/100 [1:00:37<34:02, 56.74s/it]                                                                                       Best trial: 0. Best value: 0.529122:  64%|██████▍   | 64/100 [1:01:34<34:02, 56.74s/it]Best trial: 0. Best value: 0.529122:  64%|██████▍   | 64/100 [1:01:34<34:02, 56.74s/it]Best trial: 0. Best value: 0.529122:  65%|██████▌   | 65/100 [1:01:34<33:05, 56.72s/it]                                                                                       Best trial: 0. Best value: 0.529122:  65%|██████▌   | 65/100 [1:02:31<33:05, 56.72s/it]Best trial: 0. Best value: 0.529122:  65%|██████▌   | 65/100 [1:02:31<33:05, 56.72s/it]Best trial: 0. Best value: 0.529122:  66%|██████▌   | 66/100 [1:02:31<32:08, 56.73s/it]                                                                                       Best trial: 0. Best value: 0.529122:  66%|██████▌   | 66/100 [1:03:27<32:08, 56.73s/it]Best trial: 0. Best value: 0.529122:  66%|██████▌   | 66/100 [1:03:27<32:08, 56.73s/it]Best trial: 0. Best value: 0.529122:  67%|██████▋   | 67/100 [1:03:27<31:12, 56.73s/it]                                                                                       Best trial: 0. Best value: 0.529122:  67%|██████▋   | 67/100 [1:04:24<31:12, 56.73s/it]Best trial: 0. Best value: 0.529122:  67%|██████▋   | 67/100 [1:04:24<31:12, 56.73s/it]Best trial: 0. Best value: 0.529122:  68%|██████▊   | 68/100 [1:04:24<30:14, 56.71s/it]                                                                                       Best trial: 0. Best value: 0.529122:  68%|██████▊   | 68/100 [1:05:21<30:14, 56.71s/it]Best trial: 0. Best value: 0.529122:  68%|██████▊   | 68/100 [1:05:21<30:14, 56.71s/it]Best trial: 0. Best value: 0.529122:  69%|██████▉   | 69/100 [1:05:21<29:18, 56.71s/it]                                                                                       Best trial: 0. Best value: 0.529122:  69%|██████▉   | 69/100 [1:06:17<29:18, 56.71s/it]Best trial: 0. Best value: 0.529122:  69%|██████▉   | 69/100 [1:06:17<29:18, 56.71s/it]Best trial: 0. Best value: 0.529122:  70%|███████   | 70/100 [1:06:17<28:21, 56.71s/it]                                                                                       Best trial: 0. Best value: 0.529122:  70%|███████   | 70/100 [1:07:14<28:21, 56.71s/it]Best trial: 0. Best value: 0.529122:  70%|███████   | 70/100 [1:07:14<28:21, 56.71s/it]Best trial: 0. Best value: 0.529122:  71%|███████   | 71/100 [1:07:14<27:24, 56.70s/it]                                                                                       
[I 2026-04-12 11:43:07,222] Trial 54 finished with value: 0.5291221424081894 and parameters: {'parameters.history_length': 78, 'parameters.d_model': 226, 'parameters.nhead': 16, 'parameters.num_encoder_layers': 4, 'parameters.dim_feedforward': 555, 'parameters.dropout': 0.20402801641996876, 'parameters.batch_size': 112, 'parameters.learning_rate': 0.00044037363630654026, 'parameters.weight_decay': 0.00046177784943187284}. Best is trial 0 with value: 0.5291221424081894.
[I 2026-04-12 11:44:04,004] Trial 55 finished with value: 0.5291221424081894 and parameters: {'parameters.history_length': 152, 'parameters.d_model': 256, 'parameters.nhead': 8, 'parameters.num_encoder_layers': 3, 'parameters.dim_feedforward': 587, 'parameters.dropout': 0.1835482167611585, 'parameters.batch_size': 137, 'parameters.learning_rate': 0.00028457254193692635, 'parameters.weight_decay': 0.00019505259633396715}. Best is trial 0 with value: 0.5291221424081894.
[I 2026-04-12 11:45:00,779] Trial 56 finished with value: 0.5291221424081894 and parameters: {'parameters.history_length': 71, 'parameters.d_model': 183, 'parameters.nhead': 4, 'parameters.num_encoder_layers': 2, 'parameters.dim_feedforward': 508, 'parameters.dropout': 0.0655492099976258, 'parameters.batch_size': 220, 'parameters.learning_rate': 0.0017135421141097746, 'parameters.weight_decay': 0.0005990042993906591}. Best is trial 0 with value: 0.5291221424081894.
[I 2026-04-12 11:45:57,524] Trial 57 finished with value: 0.5291221424081894 and parameters: {'parameters.history_length': 65, 'parameters.d_model': 197, 'parameters.nhead': 16, 'parameters.num_encoder_layers': 2, 'parameters.dim_feedforward': 367, 'parameters.dropout': 0.24165882242393588, 'parameters.batch_size': 125, 'parameters.learning_rate': 0.0007336136755693238, 'parameters.weight_decay': 0.0001468364428029226}. Best is trial 0 with value: 0.5291221424081894.
[I 2026-04-12 11:46:54,300] Trial 58 finished with value: 0.5291221424081894 and parameters: {'parameters.history_length': 132, 'parameters.d_model': 135, 'parameters.nhead': 4, 'parameters.num_encoder_layers': 3, 'parameters.dim_feedforward': 660, 'parameters.dropout': 0.05432839711787426, 'parameters.batch_size': 185, 'parameters.learning_rate': 0.0005162004986390511, 'parameters.weight_decay': 1.7826776133725792e-05}. Best is trial 0 with value: 0.5291221424081894.
[I 2026-04-12 11:47:51,145] Trial 59 finished with value: 0.5291221424081894 and parameters: {'parameters.history_length': 123, 'parameters.d_model': 94, 'parameters.nhead': 8, 'parameters.num_encoder_layers': 5, 'parameters.dim_feedforward': 720, 'parameters.dropout': 0.09825997886200934, 'parameters.batch_size': 148, 'parameters.learning_rate': 0.00011739220610348334, 'parameters.weight_decay': 9.248381848796508e-05}. Best is trial 0 with value: 0.5291221424081894.
[I 2026-04-12 11:48:47,861] Trial 60 finished with value: 0.5291221424081894 and parameters: {'parameters.history_length': 140, 'parameters.d_model': 120, 'parameters.nhead': 4, 'parameters.num_encoder_layers': 4, 'parameters.dim_feedforward': 337, 'parameters.dropout': 0.11165040615439707, 'parameters.batch_size': 194, 'parameters.learning_rate': 0.00018157057515984646, 'parameters.weight_decay': 3.9579075295589874e-05}. Best is trial 0 with value: 0.5291221424081894.
[I 2026-04-12 11:49:44,588] Trial 61 finished with value: 0.5291221424081894 and parameters: {'parameters.history_length': 58, 'parameters.d_model': 216, 'parameters.nhead': 8, 'parameters.num_encoder_layers': 2, 'parameters.dim_feedforward': 259, 'parameters.dropout': 0.21621398477602982, 'parameters.batch_size': 202, 'parameters.learning_rate': 0.000821709000559316, 'parameters.weight_decay': 0.0014691379525273661}. Best is trial 0 with value: 0.5291221424081894.
[I 2026-04-12 11:50:41,283] Trial 62 finished with value: 0.5291221424081894 and parameters: {'parameters.history_length': 70, 'parameters.d_model': 237, 'parameters.nhead': 8, 'parameters.num_encoder_layers': 2, 'parameters.dim_feedforward': 397, 'parameters.dropout': 0.26108170971052, 'parameters.batch_size': 167, 'parameters.learning_rate': 0.001426760094185373, 'parameters.weight_decay': 0.009930530377293176}. Best is trial 0 with value: 0.5291221424081894.
[I 2026-04-12 11:51:38,016] Trial 63 finished with value: 0.5291221424081894 and parameters: {'parameters.history_length': 52, 'parameters.d_model': 249, 'parameters.nhead': 8, 'parameters.num_encoder_layers': 3, 'parameters.dim_feedforward': 284, 'parameters.dropout': 0.19935620261063502, 'parameters.batch_size': 174, 'parameters.learning_rate': 0.001903354534688246, 'parameters.weight_decay': 0.005794240538333809}. Best is trial 0 with value: 0.5291221424081894.
[I 2026-04-12 11:52:34,700] Trial 64 finished with value: 0.5291221424081894 and parameters: {'parameters.history_length': 41, 'parameters.d_model': 247, 'parameters.nhead': 8, 'parameters.num_encoder_layers': 2, 'parameters.dim_feedforward': 631, 'parameters.dropout': 0.05057155283052268, 'parameters.batch_size': 183, 'parameters.learning_rate': 0.0008916206686597375, 'parameters.weight_decay': 0.0026421385294271705}. Best is trial 0 with value: 0.5291221424081894.
[I 2026-04-12 11:53:31,446] Trial 65 finished with value: 0.5291221424081894 and parameters: {'parameters.history_length': 155, 'parameters.d_model': 204, 'parameters.nhead': 8, 'parameters.num_encoder_layers': 3, 'parameters.dim_feedforward': 440, 'parameters.dropout': 0.17559335973712337, 'parameters.batch_size': 151, 'parameters.learning_rate': 0.000604667749571845, 'parameters.weight_decay': 0.0019745676443009602}. Best is trial 0 with value: 0.5291221424081894.
[I 2026-04-12 11:54:28,190] Trial 66 finished with value: 0.5291221424081894 and parameters: {'parameters.history_length': 61, 'parameters.d_model': 227, 'parameters.nhead': 4, 'parameters.num_encoder_layers': 6, 'parameters.dim_feedforward': 351, 'parameters.dropout': 0.05804561006098588, 'parameters.batch_size': 163, 'parameters.learning_rate': 0.00025128038550105615, 'parameters.weight_decay': 2.6128701910745765e-05}. Best is trial 0 with value: 0.5291221424081894.
[I 2026-04-12 11:55:24,834] Trial 67 finished with value: 0.5291221424081894 and parameters: {'parameters.history_length': 85, 'parameters.d_model': 230, 'parameters.nhead': 16, 'parameters.num_encoder_layers': 2, 'parameters.dim_feedforward': 304, 'parameters.dropout': 0.16114023167020047, 'parameters.batch_size': 210, 'parameters.learning_rate': 0.00013536822167899634, 'parameters.weight_decay': 0.00037802831180658444}. Best is trial 0 with value: 0.5291221424081894.
[I 2026-04-12 11:56:21,565] Trial 68 finished with value: 0.5291221424081894 and parameters: {'parameters.history_length': 148, 'parameters.d_model': 154, 'parameters.nhead': 4, 'parameters.num_encoder_layers': 3, 'parameters.dim_feedforward': 528, 'parameters.dropout': 0.2792717358730907, 'parameters.batch_size': 189, 'parameters.learning_rate': 0.0007104045950062385, 'parameters.weight_decay': 1.001628892868156e-05}. Best is trial 0 with value: 0.5291221424081894.
