[I 2026-04-12 07:48:39,597] Trial 167 finished with value: 0.3787205289294688 and parameters: {'parameters.history_length': 112, 'parameters.units': 254, 'parameters.num_layers': 7, 'parameters.dropout': 0.40692740110254505, 'parameters.batch_size': 367, 'parameters.learning_rate': 0.00028901123875417825, 'parameters.weight_decay': 0.009919648226368302}. Best is trial 0 with value: 0.3787205289294688.Best trial: 0. Best value: 0.378721:  84%|████████▎ | 167/200 [22:58<04:30,  8.19s/it]Best trial: 0. Best value: 0.378721:  84%|████████▎ | 167/200 [22:58<04:30,  8.19s/it]Best trial: 0. Best value: 0.378721:  84%|████████▍ | 168/200 [22:58<04:22,  8.19s/it]                                                                                      Best trial: 0. Best value: 0.378721:  84%|████████▍ | 168/200 [23:06<04:22,  8.19s/it]Best trial: 0. Best value: 0.378721:  84%|████████▍ | 168/200 [23:06<04:22,  8.19s/it]Best trial: 0. Best value: 0.378721:  84%|████████▍ | 169/200 [23:06<04:14,  8.20s/it]                                                                                      Best trial: 0. Best value: 0.378721:  84%|████████▍ | 169/200 [23:14<04:14,  8.20s/it]Best trial: 0. Best value: 0.378721:  84%|████████▍ | 169/200 [23:14<04:14,  8.20s/it]Best trial: 0. Best value: 0.378721:  85%|████████▌ | 170/200 [23:14<04:06,  8.21s/it]                                                                                      Best trial: 0. Best value: 0.378721:  85%|████████▌ | 170/200 [23:22<04:06,  8.21s/it]Best trial: 0. Best value: 0.378721:  85%|████████▌ | 170/200 [23:22<04:06,  8.21s/it]Best trial: 0. Best value: 0.378721:  86%|████████▌ | 171/200 [23:22<03:57,  8.19s/it]                                                                                      Best trial: 0. Best value: 0.378721:  86%|████████▌ | 171/200 [23:31<03:57,  8.19s/it]Best trial: 0. Best value: 0.378721:  86%|████████▌ | 171/200 [23:31<03:57,  8.19s/it]Best trial: 0. Best value: 0.378721:  86%|████████▌ | 172/200 [23:31<03:49,  8.20s/it]                                                                                      Best trial: 0. Best value: 0.378721:  86%|████████▌ | 172/200 [23:39<03:49,  8.20s/it]Best trial: 0. Best value: 0.378721:  86%|████████▌ | 172/200 [23:39<03:49,  8.20s/it]Best trial: 0. Best value: 0.378721:  86%|████████▋ | 173/200 [23:39<03:41,  8.20s/it]                                                                                      Best trial: 0. Best value: 0.378721:  86%|████████▋ | 173/200 [23:47<03:41,  8.20s/it]Best trial: 0. Best value: 0.378721:  86%|████████▋ | 173/200 [23:47<03:41,  8.20s/it]Best trial: 0. Best value: 0.378721:  87%|████████▋ | 174/200 [23:47<03:33,  8.21s/it]                                                                                      Best trial: 0. Best value: 0.378721:  87%|████████▋ | 174/200 [23:55<03:33,  8.21s/it]Best trial: 0. Best value: 0.378721:  87%|████████▋ | 174/200 [23:55<03:33,  8.21s/it]Best trial: 0. Best value: 0.378721:  88%|████████▊ | 175/200 [23:55<03:25,  8.21s/it]                                                                                      Best trial: 0. Best value: 0.378721:  88%|████████▊ | 175/200 [24:03<03:25,  8.21s/it]Best trial: 0. Best value: 0.378721:  88%|████████▊ | 175/200 [24:03<03:25,  8.21s/it]Best trial: 0. Best value: 0.378721:  88%|████████▊ | 176/200 [24:03<03:16,  8.20s/it]                                                                                      Best trial: 0. Best value: 0.378721:  88%|████████▊ | 176/200 [24:12<03:16,  8.20s/it]Best trial: 0. Best value: 0.378721:  88%|████████▊ | 176/200 [24:12<03:16,  8.20s/it]Best trial: 0. Best value: 0.378721:  88%|████████▊ | 177/200 [24:12<03:08,  8.20s/it]                                                                                      Best trial: 0. Best value: 0.378721:  88%|████████▊ | 177/200 [24:20<03:08,  8.20s/it]Best trial: 0. Best value: 0.378721:  88%|████████▊ | 177/200 [24:20<03:08,  8.20s/it]Best trial: 0. Best value: 0.378721:  89%|████████▉ | 178/200 [24:20<03:00,  8.20s/it]                                                                                      Best trial: 0. Best value: 0.378721:  89%|████████▉ | 178/200 [24:28<03:00,  8.20s/it]Best trial: 0. Best value: 0.378721:  89%|████████▉ | 178/200 [24:28<03:00,  8.20s/it]Best trial: 0. Best value: 0.378721:  90%|████████▉ | 179/200 [24:28<02:52,  8.22s/it]                                                                                      Best trial: 0. Best value: 0.378721:  90%|████████▉ | 179/200 [24:36<02:52,  8.22s/it]Best trial: 0. Best value: 0.378721:  90%|████████▉ | 179/200 [24:36<02:52,  8.22s/it]Best trial: 0. Best value: 0.378721:  90%|█████████ | 180/200 [24:36<02:44,  8.23s/it]                                                                                      Best trial: 0. Best value: 0.378721:  90%|█████████ | 180/200 [24:44<02:44,  8.23s/it]Best trial: 0. Best value: 0.378721:  90%|█████████ | 180/200 [24:44<02:44,  8.23s/it]Best trial: 0. Best value: 0.378721:  90%|█████████ | 181/200 [24:44<02:36,  8.21s/it]                                                                                      Best trial: 0. Best value: 0.378721:  90%|█████████ | 181/200 [24:53<02:36,  8.21s/it]Best trial: 0. Best value: 0.378721:  90%|█████████ | 181/200 [24:53<02:36,  8.21s/it]Best trial: 0. Best value: 0.378721:  91%|█████████ | 182/200 [24:53<02:27,  8.21s/it]                                                                                      Best trial: 0. Best value: 0.378721:  91%|█████████ | 182/200 [25:01<02:27,  8.21s/it]Best trial: 0. Best value: 0.378721:  91%|█████████ | 182/200 [25:01<02:27,  8.21s/it]Best trial: 0. Best value: 0.378721:  92%|█████████▏| 183/200 [25:01<02:19,  8.23s/it]                                                                                      Best trial: 0. Best value: 0.378721:  92%|█████████▏| 183/200 [25:09<02:19,  8.23s/it]Best trial: 0. Best value: 0.378721:  92%|█████████▏| 183/200 [25:09<02:19,  8.23s/it]Best trial: 0. Best value: 0.378721:  92%|█████████▏| 184/200 [25:09<02:11,  8.24s/it]                                                                                      Best trial: 0. Best value: 0.378721:  92%|█████████▏| 184/200 [25:17<02:11,  8.24s/it]Best trial: 0. Best value: 0.378721:  92%|█████████▏| 184/200 [25:17<02:11,  8.24s/it]Best trial: 0. Best value: 0.378721:  92%|█████████▎| 185/200 [25:17<02:03,  8.23s/it]                                                                                      Best trial: 0. Best value: 0.378721:  92%|█████████▎| 185/200 [25:26<02:03,  8.23s/it]Best trial: 0. Best value: 0.378721:  92%|█████████▎| 185/200 [25:26<02:03,  8.23s/it]Best trial: 0. Best value: 0.378721:  93%|█████████▎| 186/200 [25:26<01:55,  8.23s/it]                                                                                      Best trial: 0. Best value: 0.378721:  93%|█████████▎| 186/200 [25:34<01:55,  8.23s/it]Best trial: 0. Best value: 0.378721:  93%|█████████▎| 186/200 [25:34<01:55,  8.23s/it]Best trial: 0. Best value: 0.378721:  94%|█████████▎| 187/200 [25:34<01:46,  8.23s/it]                                                                                      Best trial: 0. Best value: 0.378721:  94%|█████████▎| 187/200 [25:42<01:46,  8.23s/it]Best trial: 0. Best value: 0.378721:  94%|█████████▎| 187/200 [25:42<01:46,  8.23s/it]Best trial: 0. Best value: 0.378721:  94%|█████████▍| 188/200 [25:42<01:38,  8.22s/it]                                                                                      
[I 2026-04-12 07:48:47,835] Trial 168 finished with value: 0.3787205289294688 and parameters: {'parameters.history_length': 133, 'parameters.units': 225, 'parameters.num_layers': 8, 'parameters.dropout': 0.2483020784586228, 'parameters.batch_size': 213, 'parameters.learning_rate': 0.00021838572409616823, 'parameters.weight_decay': 0.005442579625682669}. Best is trial 0 with value: 0.3787205289294688.
[I 2026-04-12 07:48:56,072] Trial 169 finished with value: 0.3787205289294688 and parameters: {'parameters.history_length': 82, 'parameters.units': 66, 'parameters.num_layers': 4, 'parameters.dropout': 0.41425203826947565, 'parameters.batch_size': 227, 'parameters.learning_rate': 0.0002709117728304491, 'parameters.weight_decay': 0.00012448253324986327}. Best is trial 0 with value: 0.3787205289294688.
[I 2026-04-12 07:49:04,221] Trial 170 finished with value: 0.3787205289294688 and parameters: {'parameters.history_length': 52, 'parameters.units': 140, 'parameters.num_layers': 10, 'parameters.dropout': 0.23565798838094484, 'parameters.batch_size': 383, 'parameters.learning_rate': 0.0003045182226887011, 'parameters.weight_decay': 0.00029295901291614827}. Best is trial 0 with value: 0.3787205289294688.
[I 2026-04-12 07:49:12,421] Trial 171 finished with value: 0.3787205289294688 and parameters: {'parameters.history_length': 122, 'parameters.units': 168, 'parameters.num_layers': 6, 'parameters.dropout': 0.3231793131891936, 'parameters.batch_size': 125, 'parameters.learning_rate': 0.0014826170427500094, 'parameters.weight_decay': 0.0005766075200850932}. Best is trial 0 with value: 0.3787205289294688.
[I 2026-04-12 07:49:20,645] Trial 172 finished with value: 0.3787205289294688 and parameters: {'parameters.history_length': 126, 'parameters.units': 176, 'parameters.num_layers': 6, 'parameters.dropout': 0.29081976286513334, 'parameters.batch_size': 113, 'parameters.learning_rate': 0.0011253763088232525, 'parameters.weight_decay': 0.008322039209739899}. Best is trial 0 with value: 0.3787205289294688.
[I 2026-04-12 07:49:28,862] Trial 173 finished with value: 0.3787205289294688 and parameters: {'parameters.history_length': 115, 'parameters.units': 155, 'parameters.num_layers': 5, 'parameters.dropout': 0.2979599610218537, 'parameters.batch_size': 291, 'parameters.learning_rate': 0.0013019743687796503, 'parameters.weight_decay': 0.00048725768847868617}. Best is trial 0 with value: 0.3787205289294688.
[I 2026-04-12 07:49:37,066] Trial 174 finished with value: 0.3787205289294688 and parameters: {'parameters.history_length': 119, 'parameters.units': 331, 'parameters.num_layers': 7, 'parameters.dropout': 0.30455408851903737, 'parameters.batch_size': 198, 'parameters.learning_rate': 0.00034872094494955736, 'parameters.weight_decay': 0.0006816857235035378}. Best is trial 0 with value: 0.3787205289294688.
[I 2026-04-12 07:49:45,240] Trial 175 finished with value: 0.3787205289294688 and parameters: {'parameters.history_length': 128, 'parameters.units': 360, 'parameters.num_layers': 8, 'parameters.dropout': 0.3451228851061997, 'parameters.batch_size': 279, 'parameters.learning_rate': 0.0011819319613911607, 'parameters.weight_decay': 0.0009887905482686343}. Best is trial 0 with value: 0.3787205289294688.
[I 2026-04-12 07:49:53,450] Trial 176 finished with value: 0.3787205289294688 and parameters: {'parameters.history_length': 131, 'parameters.units': 147, 'parameters.num_layers': 6, 'parameters.dropout': 0.282811126068011, 'parameters.batch_size': 136, 'parameters.learning_rate': 0.0010427257659586973, 'parameters.weight_decay': 0.000258003935302002}. Best is trial 0 with value: 0.3787205289294688.
[I 2026-04-12 07:50:01,648] Trial 177 finished with value: 0.3787205289294688 and parameters: {'parameters.history_length': 107, 'parameters.units': 122, 'parameters.num_layers': 5, 'parameters.dropout': 0.2718231858784109, 'parameters.batch_size': 124, 'parameters.learning_rate': 0.00039488377654614234, 'parameters.weight_decay': 0.0013245524064783487}. Best is trial 0 with value: 0.3787205289294688.
[I 2026-04-12 07:50:09,925] Trial 178 finished with value: 0.3787205289294688 and parameters: {'parameters.history_length': 123, 'parameters.units': 319, 'parameters.num_layers': 9, 'parameters.dropout': 0.24185435574033626, 'parameters.batch_size': 162, 'parameters.learning_rate': 0.0005517974546613978, 'parameters.weight_decay': 0.0001691937726392307}. Best is trial 0 with value: 0.3787205289294688.
[I 2026-04-12 07:50:18,155] Trial 179 finished with value: 0.3787205289294688 and parameters: {'parameters.history_length': 46, 'parameters.units': 214, 'parameters.num_layers': 2, 'parameters.dropout': 0.39505970851503597, 'parameters.batch_size': 145, 'parameters.learning_rate': 0.0011008737008573607, 'parameters.weight_decay': 0.0010858617583417334}. Best is trial 0 with value: 0.3787205289294688.
[I 2026-04-12 07:50:26,341] Trial 180 finished with value: 0.3787205289294688 and parameters: {'parameters.history_length': 97, 'parameters.units': 375, 'parameters.num_layers': 7, 'parameters.dropout': 0.3341410870637417, 'parameters.batch_size': 71, 'parameters.learning_rate': 0.0005860770538083268, 'parameters.weight_decay': 0.0003257581432917845}. Best is trial 0 with value: 0.3787205289294688.
[I 2026-04-12 07:50:34,549] Trial 181 finished with value: 0.3787205289294688 and parameters: {'parameters.history_length': 80, 'parameters.units': 192, 'parameters.num_layers': 7, 'parameters.dropout': 0.20439070969254372, 'parameters.batch_size': 273, 'parameters.learning_rate': 0.000689612391823746, 'parameters.weight_decay': 0.00013227249025429794}. Best is trial 0 with value: 0.3787205289294688.
[I 2026-04-12 07:50:42,815] Trial 182 finished with value: 0.3787205289294688 and parameters: {'parameters.history_length': 74, 'parameters.units': 366, 'parameters.num_layers': 7, 'parameters.dropout': 0.2115248596070751, 'parameters.batch_size': 319, 'parameters.learning_rate': 0.000724271208696394, 'parameters.weight_decay': 0.00016175404403751112}. Best is trial 0 with value: 0.3787205289294688.
[I 2026-04-12 07:50:51,068] Trial 183 finished with value: 0.3787205289294688 and parameters: {'parameters.history_length': 86, 'parameters.units': 380, 'parameters.num_layers': 8, 'parameters.dropout': 0.21686248809850064, 'parameters.batch_size': 300, 'parameters.learning_rate': 0.0006566831473658526, 'parameters.weight_decay': 0.00010911099851095985}. Best is trial 0 with value: 0.3787205289294688.
[I 2026-04-12 07:50:59,281] Trial 184 finished with value: 0.3787205289294688 and parameters: {'parameters.history_length': 94, 'parameters.units': 339, 'parameters.num_layers': 7, 'parameters.dropout': 0.47163112785321903, 'parameters.batch_size': 295, 'parameters.learning_rate': 0.0007681817482215787, 'parameters.weight_decay': 0.00018732730661577052}. Best is trial 0 with value: 0.3787205289294688.
[I 2026-04-12 07:51:07,506] Trial 185 finished with value: 0.3787205289294688 and parameters: {'parameters.history_length': 76, 'parameters.units': 371, 'parameters.num_layers': 3, 'parameters.dropout': 0.45167111678363675, 'parameters.batch_size': 243, 'parameters.learning_rate': 0.0006227485456354149, 'parameters.weight_decay': 0.00014418151137304575}. Best is trial 0 with value: 0.3787205289294688.
[I 2026-04-12 07:51:15,741] Trial 186 finished with value: 0.3787205289294688 and parameters: {'parameters.history_length': 84, 'parameters.units': 128, 'parameters.num_layers': 4, 'parameters.dropout': 0.38725144310204684, 'parameters.batch_size': 286, 'parameters.learning_rate': 0.0007015699023692579, 'parameters.weight_decay': 0.0011936742958339218}. Best is trial 0 with value: 0.3787205289294688.
[I 2026-04-12 07:51:23,954] Trial 187 finished with value: 0.3787205289294688 and parameters: {'parameters.history_length': 62, 'parameters.units': 349, 'parameters.num_layers': 8, 'parameters.dropout': 0.22937644924751208, 'parameters.batch_size': 88, 'parameters.learning_rate': 0.0013954104161149148, 'parameters.weight_decay': 0.00024080966431395002}. Best is trial 0 with value: 0.3787205289294688.
[I 2026-04-12 07:51:32,159] Trial 188 finished with value: 0.3787205289294688 and parameters: {'parameters.history_length': 103, 'parameters.units': 359, 'parameters.num_layers': 10, 'parameters.dropout': 0.22071033768160483, 'parameters.batch_size': 349, 'parameters.learning_rate': 0.0008649570260513547, 'parameters.weight_decay': 0.0004157216934276161}. Best is trial 0 with value: 0.3787205289294688.Best trial: 0. Best value: 0.378721:  94%|█████████▍| 188/200 [25:50<01:38,  8.22s/it]Best trial: 0. Best value: 0.378721:  94%|█████████▍| 188/200 [25:50<01:38,  8.22s/it]Best trial: 0. Best value: 0.378721:  94%|█████████▍| 189/200 [25:50<01:30,  8.22s/it]                                                                                      Best trial: 0. Best value: 0.378721:  94%|█████████▍| 189/200 [25:59<01:30,  8.22s/it]Best trial: 0. Best value: 0.378721:  94%|█████████▍| 189/200 [25:59<01:30,  8.22s/it]Best trial: 0. Best value: 0.378721:  95%|█████████▌| 190/200 [25:59<01:22,  8.22s/it]                                                                                      Best trial: 0. Best value: 0.378721:  95%|█████████▌| 190/200 [26:07<01:22,  8.22s/it]Best trial: 0. Best value: 0.378721:  95%|█████████▌| 190/200 [26:07<01:22,  8.22s/it]Best trial: 0. Best value: 0.378721:  96%|█████████▌| 191/200 [26:07<01:13,  8.20s/it]                                                                                      Best trial: 0. Best value: 0.378721:  96%|█████████▌| 191/200 [26:15<01:13,  8.20s/it]Best trial: 0. Best value: 0.378721:  96%|█████████▌| 191/200 [26:15<01:13,  8.20s/it]Best trial: 0. Best value: 0.378721:  96%|█████████▌| 192/200 [26:15<01:05,  8.20s/it]                                                                                      Best trial: 0. Best value: 0.378721:  96%|█████████▌| 192/200 [26:23<01:05,  8.20s/it]Best trial: 0. Best value: 0.378721:  96%|█████████▌| 192/200 [26:23<01:05,  8.20s/it]Best trial: 0. Best value: 0.378721:  96%|█████████▋| 193/200 [26:23<00:57,  8.22s/it]                                                                                      Best trial: 0. Best value: 0.378721:  96%|█████████▋| 193/200 [26:31<00:57,  8.22s/it]Best trial: 0. Best value: 0.378721:  96%|█████████▋| 193/200 [26:31<00:57,  8.22s/it]Best trial: 0. Best value: 0.378721:  97%|█████████▋| 194/200 [26:31<00:49,  8.22s/it]                                                                                      Best trial: 0. Best value: 0.378721:  97%|█████████▋| 194/200 [26:40<00:49,  8.22s/it]Best trial: 0. Best value: 0.378721:  97%|█████████▋| 194/200 [26:40<00:49,  8.22s/it]Best trial: 0. Best value: 0.378721:  98%|█████████▊| 195/200 [26:40<00:41,  8.20s/it]                                                                                      Best trial: 0. Best value: 0.378721:  98%|█████████▊| 195/200 [26:48<00:41,  8.20s/it]Best trial: 0. Best value: 0.378721:  98%|█████████▊| 195/200 [26:48<00:41,  8.20s/it]Best trial: 0. Best value: 0.378721:  98%|█████████▊| 196/200 [26:48<00:32,  8.21s/it]                                                                                      Best trial: 0. Best value: 0.378721:  98%|█████████▊| 196/200 [26:56<00:32,  8.21s/it]Best trial: 0. Best value: 0.378721:  98%|█████████▊| 196/200 [26:56<00:32,  8.21s/it]Best trial: 0. Best value: 0.378721:  98%|█████████▊| 197/200 [26:56<00:24,  8.23s/it]                                                                                      Best trial: 0. Best value: 0.378721:  98%|█████████▊| 197/200 [27:04<00:24,  8.23s/it]Best trial: 0. Best value: 0.378721:  98%|█████████▊| 197/200 [27:04<00:24,  8.23s/it]Best trial: 0. Best value: 0.378721:  99%|█████████▉| 198/200 [27:04<00:16,  8.24s/it]                                                                                      Best trial: 0. Best value: 0.378721:  99%|█████████▉| 198/200 [27:13<00:16,  8.24s/it]Best trial: 0. Best value: 0.378721:  99%|█████████▉| 198/200 [27:13<00:16,  8.24s/it]Best trial: 0. Best value: 0.378721: 100%|█████████▉| 199/200 [27:13<00:08,  8.24s/it]                                                                                      Best trial: 0. Best value: 0.378721: 100%|█████████▉| 199/200 [27:21<00:08,  8.24s/it]Best trial: 0. Best value: 0.378721: 100%|█████████▉| 199/200 [27:21<00:08,  8.24s/it]Best trial: 0. Best value: 0.378721: 100%|██████████| 200/200 [27:21<00:00,  8.22s/it]Best trial: 0. Best value: 0.378721: 100%|██████████| 200/200 [27:21<00:00,  8.21s/it]
[I 2026-04-12 07:53:10,804] A new study created in memory with name: lstm_temporal_optimization

[I 2026-04-12 07:51:40,368] Trial 189 finished with value: 0.3787205289294688 and parameters: {'parameters.history_length': 140, 'parameters.units': 384, 'parameters.num_layers': 7, 'parameters.dropout': 0.3153076168742643, 'parameters.batch_size': 329, 'parameters.learning_rate': 0.0007592162991473226, 'parameters.weight_decay': 0.009057128922536616}. Best is trial 0 with value: 0.3787205289294688.
[I 2026-04-12 07:51:48,542] Trial 190 finished with value: 0.3787205289294688 and parameters: {'parameters.history_length': 43, 'parameters.units': 246, 'parameters.num_layers': 8, 'parameters.dropout': 0.30382090628227504, 'parameters.batch_size': 307, 'parameters.learning_rate': 0.0006437541031602677, 'parameters.weight_decay': 0.0002132746137967067}. Best is trial 0 with value: 0.3787205289294688.
[I 2026-04-12 07:51:56,743] Trial 191 finished with value: 0.3787205289294688 and parameters: {'parameters.history_length': 71, 'parameters.units': 200, 'parameters.num_layers': 6, 'parameters.dropout': 0.4343303467203637, 'parameters.batch_size': 106, 'parameters.learning_rate': 0.0019603896236676634, 'parameters.weight_decay': 0.00048639551540694773}. Best is trial 0 with value: 0.3787205289294688.
