[I 2026-04-12 10:32:32,067] Trial 18 finished with value: 0.3666548976144547 and parameters: {'parameters.history_length': 144, 'parameters.d_model': 245, 'parameters.n_layers': 11, 'parameters.d_state': 19, 'parameters.d_conv': 4, 'parameters.expand': 2, 'parameters.dropout': 0.25457289644281816, 'parameters.batch_size': 190, 'parameters.learning_rate': 0.0008832913068395195, 'parameters.weight_decay': 0.005246278183119338}. Best is trial 0 with value: 0.3666548976144547.
[I 2026-04-12 10:32:45,549] Trial 19 finished with value: 0.3666548976144547 and parameters: {'parameters.history_length': 49, 'parameters.d_model': 73, 'parameters.n_layers': 6, 'parameters.d_state': 52, 'parameters.d_conv': 5, 'parameters.expand': 3, 'parameters.dropout': 0.14781970829977192, 'parameters.batch_size': 278, 'parameters.learning_rate': 0.0010443883822218653, 'parameters.weight_decay': 0.0005795197175939845}. Best is trial 0 with value: 0.3666548976144547.
[I 2026-04-12 10:32:59,001] Trial 20 finished with value: 0.3666548976144547 and parameters: {'parameters.history_length': 71, 'parameters.d_model': 393, 'parameters.n_layers': 8, 'parameters.d_state': 40, 'parameters.d_conv': 2, 'parameters.expand': 2, 'parameters.dropout': 0.11853889869221484, 'parameters.batch_size': 353, 'parameters.learning_rate': 0.0016029067920909342, 'parameters.weight_decay': 0.0002763933039189845}. Best is trial 0 with value: 0.3666548976144547.
[I 2026-04-12 10:33:12,493] Trial 21 finished with value: 0.3666548976144547 and parameters: {'parameters.history_length': 123, 'parameters.d_model': 209, 'parameters.n_layers': 4, 'parameters.d_state': 27, 'parameters.d_conv': 5, 'parameters.expand': 4, 'parameters.dropout': 0.12755523244179298, 'parameters.batch_size': 274, 'parameters.learning_rate': 0.0010838106649100213, 'parameters.weight_decay': 0.00010663430883096109}. Best is trial 0 with value: 0.3666548976144547.
[I 2026-04-12 10:33:26,004] Trial 22 finished with value: 0.3666548976144547 and parameters: {'parameters.history_length': 142, 'parameters.d_model': 103, 'parameters.n_layers': 5, 'parameters.d_state': 31, 'parameters.d_conv': 7, 'parameters.expand': 3, 'parameters.dropout': 0.14768180833577785, 'parameters.batch_size': 239, 'parameters.learning_rate': 0.0008921516164598604, 'parameters.weight_decay': 0.00011891421910659843}. Best is trial 0 with value: 0.3666548976144547.
[I 2026-04-12 10:33:39,466] Trial 23 finished with value: 0.3666548976144547 and parameters: {'parameters.history_length': 100, 'parameters.d_model': 352, 'parameters.n_layers': 4, 'parameters.d_state': 21, 'parameters.d_conv': 6, 'parameters.expand': 4, 'parameters.dropout': 0.18177239459021924, 'parameters.batch_size': 305, 'parameters.learning_rate': 0.00144336181327639, 'parameters.weight_decay': 0.0002680531848842777}. Best is trial 0 with value: 0.3666548976144547.
[I 2026-04-12 10:33:52,997] Trial 24 finished with value: 0.3666548976144547 and parameters: {'parameters.history_length': 138, 'parameters.d_model': 244, 'parameters.n_layers': 11, 'parameters.d_state': 15, 'parameters.d_conv': 3, 'parameters.expand': 4, 'parameters.dropout': 0.13935994981176647, 'parameters.batch_size': 252, 'parameters.learning_rate': 0.0011466766362616333, 'parameters.weight_decay': 0.0013032727152265016}. Best is trial 0 with value: 0.3666548976144547.
[I 2026-04-12 10:34:06,505] Trial 25 finished with value: 0.3666548976144547 and parameters: {'parameters.history_length': 119, 'parameters.d_model': 470, 'parameters.n_layers': 6, 'parameters.d_state': 25, 'parameters.d_conv': 4, 'parameters.expand': 2, 'parameters.dropout': 0.11579589301316967, 'parameters.batch_size': 190, 'parameters.learning_rate': 0.0007988153727102071, 'parameters.weight_decay': 0.0001756246054244904}. Best is trial 0 with value: 0.3666548976144547.
[I 2026-04-12 10:34:20,008] Trial 26 finished with value: 0.3666548976144547 and parameters: {'parameters.history_length': 166, 'parameters.d_model': 315, 'parameters.n_layers': 9, 'parameters.d_state': 32, 'parameters.d_conv': 5, 'parameters.expand': 3, 'parameters.dropout': 0.19554060366787684, 'parameters.batch_size': 262, 'parameters.learning_rate': 0.0010390707360527155, 'parameters.weight_decay': 0.0006316777394321944}. Best is trial 0 with value: 0.3666548976144547.
[I 2026-04-12 10:34:33,527] Trial 27 finished with value: 0.3666548976144547 and parameters: {'parameters.history_length': 85, 'parameters.d_model': 66, 'parameters.n_layers': 12, 'parameters.d_state': 36, 'parameters.d_conv': 3, 'parameters.expand': 3, 'parameters.dropout': 0.2665058217310509, 'parameters.batch_size': 204, 'parameters.learning_rate': 0.0008142984174201731, 'parameters.weight_decay': 0.004000535918630264}. Best is trial 0 with value: 0.3666548976144547.
[I 2026-04-12 10:34:46,974] Trial 28 finished with value: 0.3666548976144547 and parameters: {'parameters.history_length': 60, 'parameters.d_model': 431, 'parameters.n_layers': 3, 'parameters.d_state': 14, 'parameters.d_conv': 8, 'parameters.expand': 2, 'parameters.dropout': 0.1082532111977163, 'parameters.batch_size': 281, 'parameters.learning_rate': 0.0009575494343984428, 'parameters.weight_decay': 0.0018613767628339448}. Best is trial 0 with value: 0.3666548976144547.
[I 2026-04-12 10:35:00,514] Trial 29 finished with value: 0.3666548976144547 and parameters: {'parameters.history_length': 129, 'parameters.d_model': 108, 'parameters.n_layers': 8, 'parameters.d_state': 41, 'parameters.d_conv': 7, 'parameters.expand': 4, 'parameters.dropout': 0.16105378011432328, 'parameters.batch_size': 322, 'parameters.learning_rate': 0.0011613548519168247, 'parameters.weight_decay': 0.0010458161549200603}. Best is trial 0 with value: 0.3666548976144547.
[I 2026-04-12 10:35:14,004] Trial 30 finished with value: 0.3666548976144547 and parameters: {'parameters.history_length': 103, 'parameters.d_model': 165, 'parameters.n_layers': 6, 'parameters.d_state': 50, 'parameters.d_conv': 4, 'parameters.expand': 4, 'parameters.dropout': 0.13151377007154, 'parameters.batch_size': 159, 'parameters.learning_rate': 0.0005857632150506085, 'parameters.weight_decay': 0.0003400055531163058}. Best is trial 0 with value: 0.3666548976144547.
[I 2026-04-12 10:35:27,448] Trial 31 finished with value: 0.3666548976144547 and parameters: {'parameters.history_length': 130, 'parameters.d_model': 129, 'parameters.n_layers': 2, 'parameters.d_state': 63, 'parameters.d_conv': 8, 'parameters.expand': 4, 'parameters.dropout': 0.15732435018947868, 'parameters.batch_size': 133, 'parameters.learning_rate': 0.0012271096365153087, 'parameters.weight_decay': 0.0007544158775025705}. Best is trial 0 with value: 0.3666548976144547.
[I 2026-04-12 10:35:40,914] Trial 32 finished with value: 0.3666548976144547 and parameters: {'parameters.history_length': 155, 'parameters.d_model': 207, 'parameters.n_layers': 3, 'parameters.d_state': 57, 'parameters.d_conv': 6, 'parameters.expand': 4, 'parameters.dropout': 0.17269628767257342, 'parameters.batch_size': 167, 'parameters.learning_rate': 0.0009748493955432981, 'parameters.weight_decay': 0.0006362714546432985}. Best is trial 0 with value: 0.3666548976144547.
[I 2026-04-12 10:35:54,400] Trial 33 finished with value: 0.3666548976144547 and parameters: {'parameters.history_length': 189, 'parameters.d_model': 250, 'parameters.n_layers': 3, 'parameters.d_state': 63, 'parameters.d_conv': 3, 'parameters.expand': 4, 'parameters.dropout': 0.15150781241171699, 'parameters.batch_size': 258, 'parameters.learning_rate': 0.0013919215347479458, 'parameters.weight_decay': 0.0004936402238072783}. Best is trial 0 with value: 0.3666548976144547.
[I 2026-04-12 10:36:07,898] Trial 34 finished with value: 0.3666548976144547 and parameters: {'parameters.history_length': 153, 'parameters.d_model': 142, 'parameters.n_layers': 11, 'parameters.d_state': 29, 'parameters.d_conv': 8, 'parameters.expand': 4, 'parameters.dropout': 0.12263380599096235, 'parameters.batch_size': 220, 'parameters.learning_rate': 0.0009414180704449191, 'parameters.weight_decay': 0.0010209094362059999}. Best is trial 0 with value: 0.3666548976144547.
[I 2026-04-12 10:36:21,352] Trial 35 finished with value: 0.3666548976144547 and parameters: {'parameters.history_length': 172, 'parameters.d_model': 177, 'parameters.n_layers': 2, 'parameters.d_state': 57, 'parameters.d_conv': 7, 'parameters.expand': 4, 'parameters.dropout': 0.19748189766565039, 'parameters.batch_size': 352, 'parameters.learning_rate': 0.0008552465359480491, 'parameters.weight_decay': 0.00021958338779027654}. Best is trial 0 with value: 0.3666548976144547.Best trial: 0. Best value: 0.366655:  35%|███▌      | 35/100 [08:04<14:36, 13.49s/it]Best trial: 0. Best value: 0.366655:  35%|███▌      | 35/100 [08:04<14:36, 13.49s/it]Best trial: 0. Best value: 0.366655:  36%|███▌      | 36/100 [08:04<14:22, 13.48s/it]                                                                                     Best trial: 0. Best value: 0.366655:  36%|███▌      | 36/100 [08:18<14:22, 13.48s/it]Best trial: 0. Best value: 0.366655:  36%|███▌      | 36/100 [08:18<14:22, 13.48s/it]Best trial: 0. Best value: 0.366655:  37%|███▋      | 37/100 [08:18<14:09, 13.49s/it]                                                                                     Best trial: 0. Best value: 0.366655:  37%|███▋      | 37/100 [08:31<14:09, 13.49s/it]Best trial: 0. Best value: 0.366655:  37%|███▋      | 37/100 [08:31<14:09, 13.49s/it]Best trial: 0. Best value: 0.366655:  38%|███▊      | 38/100 [08:31<13:56, 13.50s/it]                                                                                     Best trial: 0. Best value: 0.366655:  38%|███▊      | 38/100 [08:45<13:56, 13.50s/it]Best trial: 0. Best value: 0.366655:  38%|███▊      | 38/100 [08:45<13:56, 13.50s/it]Best trial: 0. Best value: 0.366655:  39%|███▉      | 39/100 [08:45<13:44, 13.51s/it]                                                                                     Best trial: 0. Best value: 0.366655:  39%|███▉      | 39/100 [08:59<13:44, 13.51s/it]Best trial: 0. Best value: 0.366655:  39%|███▉      | 39/100 [08:59<13:44, 13.51s/it]Best trial: 0. Best value: 0.366655:  40%|████      | 40/100 [08:59<13:32, 13.54s/it]                                                                                     Best trial: 0. Best value: 0.366655:  40%|████      | 40/100 [09:12<13:32, 13.54s/it]Best trial: 0. Best value: 0.366655:  40%|████      | 40/100 [09:12<13:32, 13.54s/it]Best trial: 0. Best value: 0.366655:  41%|████      | 41/100 [09:12<13:18, 13.53s/it]                                                                                     Best trial: 0. Best value: 0.366655:  41%|████      | 41/100 [09:26<13:18, 13.53s/it]Best trial: 0. Best value: 0.366655:  41%|████      | 41/100 [09:26<13:18, 13.53s/it]Best trial: 0. Best value: 0.366655:  42%|████▏     | 42/100 [09:26<13:03, 13.52s/it]                                                                                     Best trial: 0. Best value: 0.366655:  42%|████▏     | 42/100 [09:39<13:03, 13.52s/it]Best trial: 0. Best value: 0.366655:  42%|████▏     | 42/100 [09:39<13:03, 13.52s/it]Best trial: 0. Best value: 0.366655:  43%|████▎     | 43/100 [09:39<12:49, 13.51s/it]                                                                                     Best trial: 0. Best value: 0.366655:  43%|████▎     | 43/100 [09:52<12:49, 13.51s/it]Best trial: 0. Best value: 0.366655:  43%|████▎     | 43/100 [09:52<12:49, 13.51s/it]Best trial: 0. Best value: 0.366655:  44%|████▍     | 44/100 [09:52<12:35, 13.49s/it]                                                                                     Best trial: 0. Best value: 0.366655:  44%|████▍     | 44/100 [10:06<12:35, 13.49s/it]Best trial: 0. Best value: 0.366655:  44%|████▍     | 44/100 [10:06<12:35, 13.49s/it]Best trial: 0. Best value: 0.366655:  45%|████▌     | 45/100 [10:06<12:23, 13.52s/it]                                                                                     Best trial: 0. Best value: 0.366655:  45%|████▌     | 45/100 [10:20<12:23, 13.52s/it]Best trial: 0. Best value: 0.366655:  45%|████▌     | 45/100 [10:20<12:23, 13.52s/it]Best trial: 0. Best value: 0.366655:  46%|████▌     | 46/100 [10:20<12:08, 13.49s/it]                                                                                     Best trial: 0. Best value: 0.366655:  46%|████▌     | 46/100 [10:33<12:08, 13.49s/it]Best trial: 0. Best value: 0.366655:  46%|████▌     | 46/100 [10:33<12:08, 13.49s/it]Best trial: 0. Best value: 0.366655:  47%|████▋     | 47/100 [10:33<11:55, 13.51s/it]                                                                                     Best trial: 0. Best value: 0.366655:  47%|████▋     | 47/100 [10:47<11:55, 13.51s/it]Best trial: 0. Best value: 0.366655:  47%|████▋     | 47/100 [10:47<11:55, 13.51s/it]Best trial: 0. Best value: 0.366655:  48%|████▊     | 48/100 [10:47<11:41, 13.49s/it]                                                                                     Best trial: 0. Best value: 0.366655:  48%|████▊     | 48/100 [11:00<11:41, 13.49s/it]Best trial: 0. Best value: 0.366655:  48%|████▊     | 48/100 [11:00<11:41, 13.49s/it]Best trial: 0. Best value: 0.366655:  49%|████▉     | 49/100 [11:00<11:29, 13.51s/it]                                                                                     Best trial: 0. Best value: 0.366655:  49%|████▉     | 49/100 [11:14<11:29, 13.51s/it]Best trial: 0. Best value: 0.366655:  49%|████▉     | 49/100 [11:14<11:29, 13.51s/it]Best trial: 0. Best value: 0.366655:  50%|█████     | 50/100 [11:14<11:14, 13.50s/it]                                                                                     Best trial: 0. Best value: 0.366655:  50%|█████     | 50/100 [11:27<11:14, 13.50s/it]Best trial: 0. Best value: 0.366655:  50%|█████     | 50/100 [11:27<11:14, 13.50s/it]Best trial: 0. Best value: 0.366655:  51%|█████     | 51/100 [11:27<11:01, 13.50s/it]                                                                                     Best trial: 0. Best value: 0.366655:  51%|█████     | 51/100 [11:41<11:01, 13.50s/it]Best trial: 0. Best value: 0.366655:  51%|█████     | 51/100 [11:41<11:01, 13.50s/it]Best trial: 0. Best value: 0.366655:  52%|█████▏    | 52/100 [11:41<10:48, 13.52s/it]                                                                                     Best trial: 0. Best value: 0.366655:  52%|█████▏    | 52/100 [11:54<10:48, 13.52s/it]Best trial: 0. Best value: 0.366655:  52%|█████▏    | 52/100 [11:54<10:48, 13.52s/it]Best trial: 0. Best value: 0.366655:  53%|█████▎    | 53/100 [11:54<10:35, 13.51s/it]                                                                                     
[I 2026-04-12 10:36:34,875] Trial 36 finished with value: 0.3666548976144547 and parameters: {'parameters.history_length': 118, 'parameters.d_model': 205, 'parameters.n_layers': 5, 'parameters.d_state': 23, 'parameters.d_conv': 6, 'parameters.expand': 3, 'parameters.dropout': 0.11088074212067366, 'parameters.batch_size': 241, 'parameters.learning_rate': 0.001568819506969273, 'parameters.weight_decay': 0.00014347636847853636}. Best is trial 0 with value: 0.3666548976144547.
[I 2026-04-12 10:36:48,398] Trial 37 finished with value: 0.3666548976144547 and parameters: {'parameters.history_length': 91, 'parameters.d_model': 379, 'parameters.n_layers': 4, 'parameters.d_state': 8, 'parameters.d_conv': 3, 'parameters.expand': 3, 'parameters.dropout': 0.13575838173736987, 'parameters.batch_size': 301, 'parameters.learning_rate': 0.0007261840934622984, 'parameters.weight_decay': 0.008190532470630882}. Best is trial 0 with value: 0.3666548976144547.
[I 2026-04-12 10:37:01,937] Trial 38 finished with value: 0.3666548976144547 and parameters: {'parameters.history_length': 43, 'parameters.d_model': 485, 'parameters.n_layers': 12, 'parameters.d_state': 34, 'parameters.d_conv': 2, 'parameters.expand': 2, 'parameters.dropout': 0.4809885474917964, 'parameters.batch_size': 201, 'parameters.learning_rate': 0.0012284514037756557, 'parameters.weight_decay': 0.0008183851441523227}. Best is trial 0 with value: 0.3666548976144547.
[I 2026-04-12 10:37:15,555] Trial 39 finished with value: 0.3666548976144547 and parameters: {'parameters.history_length': 132, 'parameters.d_model': 101, 'parameters.n_layers': 7, 'parameters.d_state': 48, 'parameters.d_conv': 5, 'parameters.expand': 4, 'parameters.dropout': 0.24825573650397156, 'parameters.batch_size': 130, 'parameters.learning_rate': 0.0018119315416821485, 'parameters.weight_decay': 0.0002056744620160093}. Best is trial 0 with value: 0.3666548976144547.
[I 2026-04-12 10:37:29,068] Trial 40 finished with value: 0.3666548976144547 and parameters: {'parameters.history_length': 149, 'parameters.d_model': 412, 'parameters.n_layers': 10, 'parameters.d_state': 43, 'parameters.d_conv': 4, 'parameters.expand': 2, 'parameters.dropout': 0.43260415765235777, 'parameters.batch_size': 364, 'parameters.learning_rate': 0.0004738257109827193, 'parameters.weight_decay': 0.00031706328336628093}. Best is trial 0 with value: 0.3666548976144547.
[I 2026-04-12 10:37:42,541] Trial 41 finished with value: 0.3666548976144547 and parameters: {'parameters.history_length': 43, 'parameters.d_model': 512, 'parameters.n_layers': 2, 'parameters.d_state': 60, 'parameters.d_conv': 3, 'parameters.expand': 3, 'parameters.dropout': 0.16600183715481204, 'parameters.batch_size': 267, 'parameters.learning_rate': 0.0011161769986489138, 'parameters.weight_decay': 0.00014569301357500566}. Best is trial 0 with value: 0.3666548976144547.
[I 2026-04-12 10:37:56,027] Trial 42 finished with value: 0.3666548976144547 and parameters: {'parameters.history_length': 58, 'parameters.d_model': 278, 'parameters.n_layers': 3, 'parameters.d_state': 55, 'parameters.d_conv': 2, 'parameters.expand': 2, 'parameters.dropout': 0.19272143777124218, 'parameters.batch_size': 286, 'parameters.learning_rate': 0.00098759995038773, 'parameters.weight_decay': 0.00022133033959448865}. Best is trial 0 with value: 0.3666548976144547.
[I 2026-04-12 10:38:09,473] Trial 43 finished with value: 0.3666548976144547 and parameters: {'parameters.history_length': 39, 'parameters.d_model': 312, 'parameters.n_layers': 2, 'parameters.d_state': 64, 'parameters.d_conv': 3, 'parameters.expand': 2, 'parameters.dropout': 0.14415398583214986, 'parameters.batch_size': 248, 'parameters.learning_rate': 0.0007234875210062118, 'parameters.weight_decay': 0.0004512954329136521}. Best is trial 0 with value: 0.3666548976144547.
[I 2026-04-12 10:38:23,055] Trial 44 finished with value: 0.3666548976144547 and parameters: {'parameters.history_length': 50, 'parameters.d_model': 128, 'parameters.n_layers': 5, 'parameters.d_state': 25, 'parameters.d_conv': 2, 'parameters.expand': 3, 'parameters.dropout': 0.3033682186830787, 'parameters.batch_size': 226, 'parameters.learning_rate': 0.001283575691031115, 'parameters.weight_decay': 0.0023381898376784293}. Best is trial 0 with value: 0.3666548976144547.
[I 2026-04-12 10:38:36,486] Trial 45 finished with value: 0.3666548976144547 and parameters: {'parameters.history_length': 72, 'parameters.d_model': 456, 'parameters.n_layers': 9, 'parameters.d_state': 59, 'parameters.d_conv': 6, 'parameters.expand': 3, 'parameters.dropout': 0.1284970117833523, 'parameters.batch_size': 339, 'parameters.learning_rate': 0.0010196420063811706, 'parameters.weight_decay': 0.0002630183307195406}. Best is trial 0 with value: 0.3666548976144547.
[I 2026-04-12 10:38:50,028] Trial 46 finished with value: 0.3666548976144547 and parameters: {'parameters.history_length': 108, 'parameters.d_model': 494, 'parameters.n_layers': 4, 'parameters.d_state': 53, 'parameters.d_conv': 4, 'parameters.expand': 2, 'parameters.dropout': 0.10473417637073963, 'parameters.batch_size': 313, 'parameters.learning_rate': 0.000640854950184217, 'parameters.weight_decay': 0.00012189059150080792}. Best is trial 0 with value: 0.3666548976144547.
[I 2026-04-12 10:39:03,493] Trial 47 finished with value: 0.3666548976144547 and parameters: {'parameters.history_length': 65, 'parameters.d_model': 185, 'parameters.n_layers': 11, 'parameters.d_state': 60, 'parameters.d_conv': 3, 'parameters.expand': 4, 'parameters.dropout': 0.22709458510604397, 'parameters.batch_size': 297, 'parameters.learning_rate': 0.0007702052632070418, 'parameters.weight_decay': 0.00039204055330383143}. Best is trial 0 with value: 0.3666548976144547.
[I 2026-04-12 10:39:17,045] Trial 48 finished with value: 0.3666548976144547 and parameters: {'parameters.history_length': 97, 'parameters.d_model': 371, 'parameters.n_layers': 8, 'parameters.d_state': 36, 'parameters.d_conv': 4, 'parameters.expand': 2, 'parameters.dropout': 0.17265665269836453, 'parameters.batch_size': 271, 'parameters.learning_rate': 0.0009103324115459937, 'parameters.weight_decay': 0.003709643140844759}. Best is trial 0 with value: 0.3666548976144547.
[I 2026-04-12 10:39:30,507] Trial 49 finished with value: 0.3666548976144547 and parameters: {'parameters.history_length': 82, 'parameters.d_model': 409, 'parameters.n_layers': 10, 'parameters.d_state': 17, 'parameters.d_conv': 2, 'parameters.expand': 3, 'parameters.dropout': 0.1565442803929063, 'parameters.batch_size': 290, 'parameters.learning_rate': 0.000859211668374792, 'parameters.weight_decay': 0.00017944433987283548}. Best is trial 0 with value: 0.3666548976144547.
[I 2026-04-12 10:39:44,028] Trial 50 finished with value: 0.3666548976144547 and parameters: {'parameters.history_length': 36, 'parameters.d_model': 85, 'parameters.n_layers': 2, 'parameters.d_state': 51, 'parameters.d_conv': 3, 'parameters.expand': 4, 'parameters.dropout': 0.21327572662792646, 'parameters.batch_size': 232, 'parameters.learning_rate': 0.0010694228459369628, 'parameters.weight_decay': 0.00010036714526715868}. Best is trial 0 with value: 0.3666548976144547.
