[I 2026-04-11 20:31:07,776] Trial 59 finished with value: 0.34265128860961136 and parameters: {'parameters.depth': 5, 'parameters.learning_rate': 0.02695931369174271, 'parameters.l2_leaf_reg': 4.481256005646642, 'parameters.subsample': 0.600918529687987, 'parameters.random_strength': 0.11994649775794526, 'parameters.bagging_temperature': 0.025021832090335174}. Best is trial 0 with value: 0.34265128860961136.Best trial: 0. Best value: 0.342651:  30%|██▉       | 59/200 [03:43<08:52,  3.78s/it]Best trial: 0. Best value: 0.342651:  30%|██▉       | 59/200 [03:43<08:52,  3.78s/it]Best trial: 0. Best value: 0.342651:  30%|███       | 60/200 [03:43<08:48,  3.78s/it]                                                                                     Best trial: 0. Best value: 0.342651:  30%|███       | 60/200 [03:47<08:48,  3.78s/it]Best trial: 0. Best value: 0.342651:  30%|███       | 60/200 [03:47<08:48,  3.78s/it]Best trial: 0. Best value: 0.342651:  30%|███       | 61/200 [03:47<08:43,  3.77s/it]                                                                                     Best trial: 0. Best value: 0.342651:  30%|███       | 61/200 [03:51<08:43,  3.77s/it]Best trial: 0. Best value: 0.342651:  30%|███       | 61/200 [03:51<08:43,  3.77s/it]Best trial: 0. Best value: 0.342651:  31%|███       | 62/200 [03:51<08:38,  3.76s/it]                                                                                     Best trial: 0. Best value: 0.342651:  31%|███       | 62/200 [03:55<08:38,  3.76s/it]Best trial: 0. Best value: 0.342651:  31%|███       | 62/200 [03:55<08:38,  3.76s/it]Best trial: 0. Best value: 0.342651:  32%|███▏      | 63/200 [03:55<08:32,  3.74s/it]                                                                                     Best trial: 0. Best value: 0.342651:  32%|███▏      | 63/200 [03:58<08:32,  3.74s/it]Best trial: 0. Best value: 0.342651:  32%|███▏      | 63/200 [03:58<08:32,  3.74s/it]Best trial: 0. Best value: 0.342651:  32%|███▏      | 64/200 [03:58<08:28,  3.74s/it]                                                                                     Best trial: 0. Best value: 0.342651:  32%|███▏      | 64/200 [04:02<08:28,  3.74s/it]Best trial: 0. Best value: 0.342651:  32%|███▏      | 64/200 [04:02<08:28,  3.74s/it]Best trial: 0. Best value: 0.342651:  32%|███▎      | 65/200 [04:02<08:23,  3.73s/it]                                                                                     Best trial: 0. Best value: 0.342651:  32%|███▎      | 65/200 [04:06<08:23,  3.73s/it]Best trial: 0. Best value: 0.342651:  32%|███▎      | 65/200 [04:06<08:23,  3.73s/it]Best trial: 0. Best value: 0.342651:  33%|███▎      | 66/200 [04:06<08:20,  3.73s/it]                                                                                     Best trial: 0. Best value: 0.342651:  33%|███▎      | 66/200 [04:10<08:20,  3.73s/it]Best trial: 0. Best value: 0.342651:  33%|███▎      | 66/200 [04:10<08:20,  3.73s/it]Best trial: 0. Best value: 0.342651:  34%|███▎      | 67/200 [04:10<08:15,  3.73s/it]                                                                                     Best trial: 0. Best value: 0.342651:  34%|███▎      | 67/200 [04:13<08:15,  3.73s/it]Best trial: 0. Best value: 0.342651:  34%|███▎      | 67/200 [04:13<08:15,  3.73s/it]Best trial: 0. Best value: 0.342651:  34%|███▍      | 68/200 [04:13<08:11,  3.73s/it]                                                                                     Best trial: 0. Best value: 0.342651:  34%|███▍      | 68/200 [04:17<08:11,  3.73s/it]Best trial: 0. Best value: 0.342651:  34%|███▍      | 68/200 [04:17<08:11,  3.73s/it]Best trial: 0. Best value: 0.342651:  34%|███▍      | 69/200 [04:17<08:08,  3.73s/it]                                                                                     Best trial: 0. Best value: 0.342651:  34%|███▍      | 69/200 [04:21<08:08,  3.73s/it]Best trial: 0. Best value: 0.342651:  34%|███▍      | 69/200 [04:21<08:08,  3.73s/it]Best trial: 0. Best value: 0.342651:  35%|███▌      | 70/200 [04:21<08:07,  3.75s/it]                                                                                     Best trial: 0. Best value: 0.342651:  35%|███▌      | 70/200 [04:25<08:07,  3.75s/it]Best trial: 0. Best value: 0.342651:  35%|███▌      | 70/200 [04:25<08:07,  3.75s/it]Best trial: 0. Best value: 0.342651:  36%|███▌      | 71/200 [04:25<08:03,  3.75s/it]                                                                                     Best trial: 0. Best value: 0.342651:  36%|███▌      | 71/200 [04:28<08:03,  3.75s/it]Best trial: 0. Best value: 0.342651:  36%|███▌      | 71/200 [04:28<08:03,  3.75s/it]Best trial: 0. Best value: 0.342651:  36%|███▌      | 72/200 [04:28<07:57,  3.73s/it]                                                                                     Best trial: 0. Best value: 0.342651:  36%|███▌      | 72/200 [04:32<07:57,  3.73s/it]Best trial: 0. Best value: 0.342651:  36%|███▌      | 72/200 [04:32<07:57,  3.73s/it]Best trial: 0. Best value: 0.342651:  36%|███▋      | 73/200 [04:32<07:55,  3.74s/it]                                                                                     Best trial: 0. Best value: 0.342651:  36%|███▋      | 73/200 [04:36<07:55,  3.74s/it]Best trial: 0. Best value: 0.342651:  36%|███▋      | 73/200 [04:36<07:55,  3.74s/it]Best trial: 0. Best value: 0.342651:  37%|███▋      | 74/200 [04:36<07:52,  3.75s/it]                                                                                     Best trial: 0. Best value: 0.342651:  37%|███▋      | 74/200 [04:40<07:52,  3.75s/it]Best trial: 0. Best value: 0.342651:  37%|███▋      | 74/200 [04:40<07:52,  3.75s/it]Best trial: 0. Best value: 0.342651:  38%|███▊      | 75/200 [04:40<07:50,  3.76s/it]                                                                                     Best trial: 0. Best value: 0.342651:  38%|███▊      | 75/200 [04:43<07:50,  3.76s/it]Best trial: 0. Best value: 0.342651:  38%|███▊      | 75/200 [04:43<07:50,  3.76s/it]Best trial: 0. Best value: 0.342651:  38%|███▊      | 76/200 [04:43<07:46,  3.76s/it]                                                                                     Best trial: 0. Best value: 0.342651:  38%|███▊      | 76/200 [04:47<07:46,  3.76s/it]Best trial: 0. Best value: 0.342651:  38%|███▊      | 76/200 [04:47<07:46,  3.76s/it]Best trial: 0. Best value: 0.342651:  38%|███▊      | 77/200 [04:47<07:44,  3.77s/it]                                                                                     Best trial: 0. Best value: 0.342651:  38%|███▊      | 77/200 [04:51<07:44,  3.77s/it]Best trial: 0. Best value: 0.342651:  38%|███▊      | 77/200 [04:51<07:44,  3.77s/it]Best trial: 0. Best value: 0.342651:  39%|███▉      | 78/200 [04:51<07:39,  3.77s/it]                                                                                     Best trial: 0. Best value: 0.342651:  39%|███▉      | 78/200 [04:55<07:39,  3.77s/it]Best trial: 0. Best value: 0.342651:  39%|███▉      | 78/200 [04:55<07:39,  3.77s/it]Best trial: 0. Best value: 0.342651:  40%|███▉      | 79/200 [04:55<07:36,  3.77s/it]                                                                                     
[I 2026-04-11 20:31:11,525] Trial 60 finished with value: 0.34265128860961136 and parameters: {'parameters.depth': 6, 'parameters.learning_rate': 0.011270163801085828, 'parameters.l2_leaf_reg': 3.9507990157093857, 'parameters.subsample': 0.6541942525552791, 'parameters.random_strength': 0.1129853391600635, 'parameters.bagging_temperature': 0.0015661892422826876}. Best is trial 0 with value: 0.34265128860961136.
[I 2026-04-11 20:31:15,266] Trial 61 finished with value: 0.34265128860961136 and parameters: {'parameters.depth': 6, 'parameters.learning_rate': 0.0023980328867857746, 'parameters.l2_leaf_reg': 3.5982111916899058, 'parameters.subsample': 0.7673328714807238, 'parameters.random_strength': 0.1616128355896036, 'parameters.bagging_temperature': 0.009967885410720792}. Best is trial 0 with value: 0.34265128860961136.
[I 2026-04-11 20:31:18,970] Trial 62 finished with value: 0.34265128860961136 and parameters: {'parameters.depth': 4, 'parameters.learning_rate': 0.0028479559320038978, 'parameters.l2_leaf_reg': 4.720763894007175, 'parameters.subsample': 0.676569251916304, 'parameters.random_strength': 0.13202684908152612, 'parameters.bagging_temperature': 0.017516418129899767}. Best is trial 0 with value: 0.34265128860961136.
[I 2026-04-11 20:31:22,687] Trial 63 finished with value: 0.34265128860961136 and parameters: {'parameters.depth': 7, 'parameters.learning_rate': 0.0020528628993724657, 'parameters.l2_leaf_reg': 5.231107712921783, 'parameters.subsample': 0.6158566808115571, 'parameters.random_strength': 0.170859115726658, 'parameters.bagging_temperature': 0.02998850533444769}. Best is trial 0 with value: 0.34265128860961136.
[I 2026-04-11 20:31:26,409] Trial 64 finished with value: 0.34265128860961136 and parameters: {'parameters.depth': 6, 'parameters.learning_rate': 0.004283286002062475, 'parameters.l2_leaf_reg': 4.240096542233851, 'parameters.subsample': 0.8424508187081999, 'parameters.random_strength': 0.381487541528699, 'parameters.bagging_temperature': 0.20717894828819203}. Best is trial 0 with value: 0.34265128860961136.
[I 2026-04-11 20:31:30,143] Trial 65 finished with value: 0.34265128860961136 and parameters: {'parameters.depth': 8, 'parameters.learning_rate': 0.004642399890127925, 'parameters.l2_leaf_reg': 7.0242665988769994, 'parameters.subsample': 0.7450304128789398, 'parameters.random_strength': 0.20199634032320934, 'parameters.bagging_temperature': 0.012559546063698595}. Best is trial 0 with value: 0.34265128860961136.
[I 2026-04-11 20:31:33,864] Trial 66 finished with value: 0.34265128860961136 and parameters: {'parameters.depth': 7, 'parameters.learning_rate': 0.003831675126041066, 'parameters.l2_leaf_reg': 5.894455631719628, 'parameters.subsample': 0.7952060744909223, 'parameters.random_strength': 0.9806679930621642, 'parameters.bagging_temperature': 0.04336036909736345}. Best is trial 0 with value: 0.34265128860961136.
[I 2026-04-11 20:31:37,581] Trial 67 finished with value: 0.34265128860961136 and parameters: {'parameters.depth': 6, 'parameters.learning_rate': 0.003159163526770313, 'parameters.l2_leaf_reg': 1.4985689110904437, 'parameters.subsample': 0.8193071739125537, 'parameters.random_strength': 0.10907104448085196, 'parameters.bagging_temperature': 0.12707723644668542}. Best is trial 0 with value: 0.34265128860961136.
[I 2026-04-11 20:31:41,324] Trial 68 finished with value: 0.34265128860961136 and parameters: {'parameters.depth': 7, 'parameters.learning_rate': 0.023032192926614736, 'parameters.l2_leaf_reg': 1.333935832175173, 'parameters.subsample': 0.6286270028725827, 'parameters.random_strength': 0.23825231552986892, 'parameters.bagging_temperature': 0.002073782467989907}. Best is trial 0 with value: 0.34265128860961136.
[I 2026-04-11 20:31:45,124] Trial 69 finished with value: 0.34265128860961136 and parameters: {'parameters.depth': 8, 'parameters.learning_rate': 0.008922232377858679, 'parameters.l2_leaf_reg': 7.872091875639019, 'parameters.subsample': 0.8965409846402947, 'parameters.random_strength': 0.12760678122551156, 'parameters.bagging_temperature': 0.06677071935035714}. Best is trial 0 with value: 0.34265128860961136.
[I 2026-04-11 20:31:48,861] Trial 70 finished with value: 0.34265128860961136 and parameters: {'parameters.depth': 10, 'parameters.learning_rate': 0.0055590897447638276, 'parameters.l2_leaf_reg': 1.16787766128306, 'parameters.subsample': 0.6593782667992639, 'parameters.random_strength': 0.3287687991988063, 'parameters.bagging_temperature': 0.0024668210743113697}. Best is trial 0 with value: 0.34265128860961136.
[I 2026-04-11 20:31:52,560] Trial 71 finished with value: 0.34265128860961136 and parameters: {'parameters.depth': 4, 'parameters.learning_rate': 0.019599185029992822, 'parameters.l2_leaf_reg': 1.8844969285027544, 'parameters.subsample': 0.875656447956947, 'parameters.random_strength': 0.18389219005070515, 'parameters.bagging_temperature': 0.02022967084135092}. Best is trial 0 with value: 0.34265128860961136.
[I 2026-04-11 20:31:56,323] Trial 72 finished with value: 0.34265128860961136 and parameters: {'parameters.depth': 5, 'parameters.learning_rate': 0.02945104012833249, 'parameters.l2_leaf_reg': 1.7858817760436325, 'parameters.subsample': 0.8378879220947323, 'parameters.random_strength': 0.2645655972737029, 'parameters.bagging_temperature': 0.031517258009248705}. Best is trial 0 with value: 0.34265128860961136.
[I 2026-04-11 20:32:00,099] Trial 73 finished with value: 0.34265128860961136 and parameters: {'parameters.depth': 4, 'parameters.learning_rate': 0.021031416790753304, 'parameters.l2_leaf_reg': 1.527012180907613, 'parameters.subsample': 0.8018924189872795, 'parameters.random_strength': 0.14852370493182923, 'parameters.bagging_temperature': 0.008137150847831846}. Best is trial 0 with value: 0.34265128860961136.
[I 2026-04-11 20:32:03,887] Trial 74 finished with value: 0.34265128860961136 and parameters: {'parameters.depth': 4, 'parameters.learning_rate': 0.025265909970436047, 'parameters.l2_leaf_reg': 2.247741259651164, 'parameters.subsample': 0.780060713298295, 'parameters.random_strength': 0.21349192428352848, 'parameters.bagging_temperature': 0.04692587892143978}. Best is trial 0 with value: 0.34265128860961136.
[I 2026-04-11 20:32:07,647] Trial 75 finished with value: 0.34265128860961136 and parameters: {'parameters.depth': 5, 'parameters.learning_rate': 0.004042924899763766, 'parameters.l2_leaf_reg': 2.07743904765495, 'parameters.subsample': 0.9680274033615585, 'parameters.random_strength': 0.1972622832342342, 'parameters.bagging_temperature': 0.014679884323328476}. Best is trial 0 with value: 0.34265128860961136.
[I 2026-04-11 20:32:11,446] Trial 76 finished with value: 0.34265128860961136 and parameters: {'parameters.depth': 5, 'parameters.learning_rate': 0.0035785063909951104, 'parameters.l2_leaf_reg': 1.3343350487832712, 'parameters.subsample': 0.8640638237889058, 'parameters.random_strength': 0.13568728718789688, 'parameters.bagging_temperature': 0.0055817398426247665}. Best is trial 0 with value: 0.34265128860961136.
[I 2026-04-11 20:32:15,206] Trial 77 finished with value: 0.34265128860961136 and parameters: {'parameters.depth': 9, 'parameters.learning_rate': 0.002670449758907223, 'parameters.l2_leaf_reg': 1.7336522411892048, 'parameters.subsample': 0.64050763335461, 'parameters.random_strength': 0.295534912768894, 'parameters.bagging_temperature': 0.004357462705048131}. Best is trial 0 with value: 0.34265128860961136.
[I 2026-04-11 20:32:18,974] Trial 78 finished with value: 0.34265128860961136 and parameters: {'parameters.depth': 8, 'parameters.learning_rate': 0.0022726125201376363, 'parameters.l2_leaf_reg': 4.044152430553244, 'parameters.subsample': 0.7613031383009621, 'parameters.random_strength': 0.12130474558572675, 'parameters.bagging_temperature': 0.022095740252217597}. Best is trial 0 with value: 0.34265128860961136.
