[I 2026-04-12 07:28:33,769] Trial 20 finished with value: 0.3787205289294688 and parameters: {'parameters.history_length': 101, 'parameters.units': 340, 'parameters.num_layers': 5, 'parameters.dropout': 0.33787065219914786, 'parameters.batch_size': 166, 'parameters.learning_rate': 0.00048155997700130744, 'parameters.weight_decay': 0.000197526820528539}. Best is trial 0 with value: 0.3787205289294688.Best trial: 0. Best value: 0.378721:  10%|█         | 20/200 [02:52<24:36,  8.20s/it]Best trial: 0. Best value: 0.378721:  10%|█         | 20/200 [02:52<24:36,  8.20s/it]Best trial: 0. Best value: 0.378721:  10%|█         | 21/200 [02:52<24:27,  8.20s/it]                                                                                     Best trial: 0. Best value: 0.378721:  10%|█         | 21/200 [03:00<24:27,  8.20s/it]Best trial: 0. Best value: 0.378721:  10%|█         | 21/200 [03:00<24:27,  8.20s/it]Best trial: 0. Best value: 0.378721:  11%|█         | 22/200 [03:00<24:21,  8.21s/it]                                                                                     Best trial: 0. Best value: 0.378721:  11%|█         | 22/200 [03:08<24:21,  8.21s/it]Best trial: 0. Best value: 0.378721:  11%|█         | 22/200 [03:08<24:21,  8.21s/it]Best trial: 0. Best value: 0.378721:  12%|█▏        | 23/200 [03:08<24:14,  8.22s/it]                                                                                     Best trial: 0. Best value: 0.378721:  12%|█▏        | 23/200 [03:17<24:14,  8.22s/it]Best trial: 0. Best value: 0.378721:  12%|█▏        | 23/200 [03:17<24:14,  8.22s/it]Best trial: 0. Best value: 0.378721:  12%|█▏        | 24/200 [03:17<24:03,  8.20s/it]                                                                                     Best trial: 0. Best value: 0.378721:  12%|█▏        | 24/200 [03:25<24:03,  8.20s/it]Best trial: 0. Best value: 0.378721:  12%|█▏        | 24/200 [03:25<24:03,  8.20s/it]Best trial: 0. Best value: 0.378721:  12%|█▎        | 25/200 [03:25<23:54,  8.20s/it]                                                                                     Best trial: 0. Best value: 0.378721:  12%|█▎        | 25/200 [03:33<23:54,  8.20s/it]Best trial: 0. Best value: 0.378721:  12%|█▎        | 25/200 [03:33<23:54,  8.20s/it]Best trial: 0. Best value: 0.378721:  13%|█▎        | 26/200 [03:33<23:45,  8.19s/it]                                                                                     Best trial: 0. Best value: 0.378721:  13%|█▎        | 26/200 [03:41<23:45,  8.19s/it]Best trial: 0. Best value: 0.378721:  13%|█▎        | 26/200 [03:41<23:45,  8.19s/it]Best trial: 0. Best value: 0.378721:  14%|█▎        | 27/200 [03:41<23:39,  8.20s/it]                                                                                     Best trial: 0. Best value: 0.378721:  14%|█▎        | 27/200 [03:49<23:39,  8.20s/it]Best trial: 0. Best value: 0.378721:  14%|█▎        | 27/200 [03:49<23:39,  8.20s/it]Best trial: 0. Best value: 0.378721:  14%|█▍        | 28/200 [03:49<23:33,  8.22s/it]                                                                                     Best trial: 0. Best value: 0.378721:  14%|█▍        | 28/200 [03:58<23:33,  8.22s/it]Best trial: 0. Best value: 0.378721:  14%|█▍        | 28/200 [03:58<23:33,  8.22s/it]Best trial: 0. Best value: 0.378721:  14%|█▍        | 29/200 [03:58<23:22,  8.20s/it]                                                                                     Best trial: 0. Best value: 0.378721:  14%|█▍        | 29/200 [04:06<23:22,  8.20s/it]Best trial: 0. Best value: 0.378721:  14%|█▍        | 29/200 [04:06<23:22,  8.20s/it]Best trial: 0. Best value: 0.378721:  15%|█▌        | 30/200 [04:06<23:12,  8.19s/it]                                                                                     Best trial: 0. Best value: 0.378721:  15%|█▌        | 30/200 [04:14<23:12,  8.19s/it]Best trial: 0. Best value: 0.378721:  15%|█▌        | 30/200 [04:14<23:12,  8.19s/it]Best trial: 0. Best value: 0.378721:  16%|█▌        | 31/200 [04:14<23:03,  8.19s/it]                                                                                     Best trial: 0. Best value: 0.378721:  16%|█▌        | 31/200 [04:22<23:03,  8.19s/it]Best trial: 0. Best value: 0.378721:  16%|█▌        | 31/200 [04:22<23:03,  8.19s/it]Best trial: 0. Best value: 0.378721:  16%|█▌        | 32/200 [04:22<23:00,  8.22s/it]                                                                                     Best trial: 0. Best value: 0.378721:  16%|█▌        | 32/200 [04:31<23:00,  8.22s/it]Best trial: 0. Best value: 0.378721:  16%|█▌        | 32/200 [04:31<23:00,  8.22s/it]Best trial: 0. Best value: 0.378721:  16%|█▋        | 33/200 [04:31<22:56,  8.24s/it]                                                                                     Best trial: 0. Best value: 0.378721:  16%|█▋        | 33/200 [04:39<22:56,  8.24s/it]Best trial: 0. Best value: 0.378721:  16%|█▋        | 33/200 [04:39<22:56,  8.24s/it]Best trial: 0. Best value: 0.378721:  17%|█▋        | 34/200 [04:39<22:45,  8.23s/it]                                                                                     Best trial: 0. Best value: 0.378721:  17%|█▋        | 34/200 [04:47<22:45,  8.23s/it]Best trial: 0. Best value: 0.378721:  17%|█▋        | 34/200 [04:47<22:45,  8.23s/it]Best trial: 0. Best value: 0.378721:  18%|█▊        | 35/200 [04:47<22:35,  8.22s/it]                                                                                     Best trial: 0. Best value: 0.378721:  18%|█▊        | 35/200 [04:55<22:35,  8.22s/it]Best trial: 0. Best value: 0.378721:  18%|█▊        | 35/200 [04:55<22:35,  8.22s/it]Best trial: 0. Best value: 0.378721:  18%|█▊        | 36/200 [04:55<22:26,  8.21s/it]                                                                                     Best trial: 0. Best value: 0.378721:  18%|█▊        | 36/200 [05:03<22:26,  8.21s/it]Best trial: 0. Best value: 0.378721:  18%|█▊        | 36/200 [05:03<22:26,  8.21s/it]Best trial: 0. Best value: 0.378721:  18%|█▊        | 37/200 [05:03<22:17,  8.21s/it]                                                                                     Best trial: 0. Best value: 0.378721:  18%|█▊        | 37/200 [05:11<22:17,  8.21s/it]Best trial: 0. Best value: 0.378721:  18%|█▊        | 37/200 [05:11<22:17,  8.21s/it]Best trial: 0. Best value: 0.378721:  19%|█▉        | 38/200 [05:11<22:08,  8.20s/it]                                                                                     Best trial: 0. Best value: 0.378721:  19%|█▉        | 38/200 [05:20<22:08,  8.20s/it]Best trial: 0. Best value: 0.378721:  19%|█▉        | 38/200 [05:20<22:08,  8.20s/it]Best trial: 0. Best value: 0.378721:  20%|█▉        | 39/200 [05:20<21:59,  8.20s/it]                                                                                     Best trial: 0. Best value: 0.378721:  20%|█▉        | 39/200 [05:28<21:59,  8.20s/it]Best trial: 0. Best value: 0.378721:  20%|█▉        | 39/200 [05:28<21:59,  8.20s/it]Best trial: 0. Best value: 0.378721:  20%|██        | 40/200 [05:28<21:50,  8.19s/it]                                                                                     Best trial: 0. Best value: 0.378721:  20%|██        | 40/200 [05:36<21:50,  8.19s/it]Best trial: 0. Best value: 0.378721:  20%|██        | 40/200 [05:36<21:50,  8.19s/it]Best trial: 0. Best value: 0.378721:  20%|██        | 41/200 [05:36<21:39,  8.17s/it]                                                                                     
[I 2026-04-12 07:28:42,015] Trial 21 finished with value: 0.3787205289294688 and parameters: {'parameters.history_length': 59, 'parameters.units': 74, 'parameters.num_layers': 3, 'parameters.dropout': 0.3660372330211632, 'parameters.batch_size': 232, 'parameters.learning_rate': 0.000354344837763424, 'parameters.weight_decay': 0.002417853052102726}. Best is trial 0 with value: 0.3787205289294688.
[I 2026-04-12 07:28:50,256] Trial 22 finished with value: 0.3787205289294688 and parameters: {'parameters.history_length': 81, 'parameters.units': 120, 'parameters.num_layers': 4, 'parameters.dropout': 0.3698852731128827, 'parameters.batch_size': 209, 'parameters.learning_rate': 0.00041758837953587337, 'parameters.weight_decay': 0.0021633628606049036}. Best is trial 0 with value: 0.3787205289294688.
[I 2026-04-12 07:28:58,421] Trial 23 finished with value: 0.3787205289294688 and parameters: {'parameters.history_length': 60, 'parameters.units': 256, 'parameters.num_layers': 6, 'parameters.dropout': 0.32125062627084877, 'parameters.batch_size': 166, 'parameters.learning_rate': 0.0002923245529049387, 'parameters.weight_decay': 0.002017057673332463}. Best is trial 0 with value: 0.3787205289294688.
[I 2026-04-12 07:29:06,610] Trial 24 finished with value: 0.3787205289294688 and parameters: {'parameters.history_length': 51, 'parameters.units': 100, 'parameters.num_layers': 5, 'parameters.dropout': 0.27457603201488257, 'parameters.batch_size': 300, 'parameters.learning_rate': 0.00022100125852066627, 'parameters.weight_decay': 0.0004160035578799865}. Best is trial 0 with value: 0.3787205289294688.
[I 2026-04-12 07:29:14,792] Trial 25 finished with value: 0.3787205289294688 and parameters: {'parameters.history_length': 32, 'parameters.units': 189, 'parameters.num_layers': 4, 'parameters.dropout': 0.36052008623676357, 'parameters.batch_size': 375, 'parameters.learning_rate': 0.000592630468593001, 'parameters.weight_decay': 0.0033770586827607386}. Best is trial 0 with value: 0.3787205289294688.
[I 2026-04-12 07:29:23,018] Trial 26 finished with value: 0.3787205289294688 and parameters: {'parameters.history_length': 66, 'parameters.units': 281, 'parameters.num_layers': 8, 'parameters.dropout': 0.3863871211050558, 'parameters.batch_size': 106, 'parameters.learning_rate': 0.00038890250667777834, 'parameters.weight_decay': 0.0006830907735497466}. Best is trial 0 with value: 0.3787205289294688.
[I 2026-04-12 07:29:31,260] Trial 27 finished with value: 0.3787205289294688 and parameters: {'parameters.history_length': 134, 'parameters.units': 227, 'parameters.num_layers': 3, 'parameters.dropout': 0.427561876775715, 'parameters.batch_size': 282, 'parameters.learning_rate': 0.0002869929132218234, 'parameters.weight_decay': 0.001379986551269897}. Best is trial 0 with value: 0.3787205289294688.
[I 2026-04-12 07:29:39,426] Trial 28 finished with value: 0.3787205289294688 and parameters: {'parameters.history_length': 89, 'parameters.units': 318, 'parameters.num_layers': 7, 'parameters.dropout': 0.33796213804669856, 'parameters.batch_size': 229, 'parameters.learning_rate': 0.0008776020296896317, 'parameters.weight_decay': 0.0001099373087680161}. Best is trial 0 with value: 0.3787205289294688.
[I 2026-04-12 07:29:47,594] Trial 29 finished with value: 0.3787205289294688 and parameters: {'parameters.history_length': 50, 'parameters.units': 163, 'parameters.num_layers': 9, 'parameters.dropout': 0.3180616994025814, 'parameters.batch_size': 332, 'parameters.learning_rate': 0.00033589125009347696, 'parameters.weight_decay': 0.0008361419971766109}. Best is trial 0 with value: 0.3787205289294688.
[I 2026-04-12 07:29:55,773] Trial 30 finished with value: 0.3787205289294688 and parameters: {'parameters.history_length': 42, 'parameters.units': 136, 'parameters.num_layers': 6, 'parameters.dropout': 0.34512362368591054, 'parameters.batch_size': 148, 'parameters.learning_rate': 0.00043473662166902715, 'parameters.weight_decay': 0.0015915803943138997}. Best is trial 0 with value: 0.3787205289294688.
[I 2026-04-12 07:30:04,067] Trial 31 finished with value: 0.3787205289294688 and parameters: {'parameters.history_length': 45, 'parameters.units': 104, 'parameters.num_layers': 5, 'parameters.dropout': 0.3881947259506168, 'parameters.batch_size': 342, 'parameters.learning_rate': 0.0003164939738006437, 'parameters.weight_decay': 0.0008241653000947872}. Best is trial 0 with value: 0.3787205289294688.
[I 2026-04-12 07:30:12,356] Trial 32 finished with value: 0.3787205289294688 and parameters: {'parameters.history_length': 57, 'parameters.units': 94, 'parameters.num_layers': 3, 'parameters.dropout': 0.23808008075692474, 'parameters.batch_size': 358, 'parameters.learning_rate': 0.00029262624100156136, 'parameters.weight_decay': 0.001184212449164789}. Best is trial 0 with value: 0.3787205289294688.
[I 2026-04-12 07:30:20,547] Trial 33 finished with value: 0.3787205289294688 and parameters: {'parameters.history_length': 100, 'parameters.units': 172, 'parameters.num_layers': 5, 'parameters.dropout': 0.27107767790263176, 'parameters.batch_size': 316, 'parameters.learning_rate': 0.00024643981131607746, 'parameters.weight_decay': 0.00022647910751813117}. Best is trial 0 with value: 0.3787205289294688.
[I 2026-04-12 07:30:28,742] Trial 34 finished with value: 0.3787205289294688 and parameters: {'parameters.history_length': 38, 'parameters.units': 149, 'parameters.num_layers': 4, 'parameters.dropout': 0.40540885976750624, 'parameters.batch_size': 365, 'parameters.learning_rate': 0.0006024416810778305, 'parameters.weight_decay': 0.0003822654004461951}. Best is trial 0 with value: 0.3787205289294688.
[I 2026-04-12 07:30:36,935] Trial 35 finished with value: 0.3787205289294688 and parameters: {'parameters.history_length': 67, 'parameters.units': 65, 'parameters.num_layers': 7, 'parameters.dropout': 0.22377525969461912, 'parameters.batch_size': 196, 'parameters.learning_rate': 0.00026697924711350016, 'parameters.weight_decay': 0.00404103023207709}. Best is trial 0 with value: 0.3787205289294688.
[I 2026-04-12 07:30:45,131] Trial 36 finished with value: 0.3787205289294688 and parameters: {'parameters.history_length': 80, 'parameters.units': 360, 'parameters.num_layers': 2, 'parameters.dropout': 0.26925232127290777, 'parameters.batch_size': 86, 'parameters.learning_rate': 0.0004486273909911726, 'parameters.weight_decay': 0.0009205993460515822}. Best is trial 0 with value: 0.3787205289294688.
[I 2026-04-12 07:30:53,327] Trial 37 finished with value: 0.3787205289294688 and parameters: {'parameters.history_length': 47, 'parameters.units': 206, 'parameters.num_layers': 5, 'parameters.dropout': 0.2950527943260824, 'parameters.batch_size': 178, 'parameters.learning_rate': 0.00037490951484004254, 'parameters.weight_decay': 0.00013923239249207775}. Best is trial 0 with value: 0.3787205289294688.
[I 2026-04-12 07:31:01,509] Trial 38 finished with value: 0.3787205289294688 and parameters: {'parameters.history_length': 54, 'parameters.units': 135, 'parameters.num_layers': 6, 'parameters.dropout': 0.34928613892390625, 'parameters.batch_size': 283, 'parameters.learning_rate': 0.0005445751262878727, 'parameters.weight_decay': 0.0028633065984043716}. Best is trial 0 with value: 0.3787205289294688.
[I 2026-04-12 07:31:09,677] Trial 39 finished with value: 0.3787205289294688 and parameters: {'parameters.history_length': 93, 'parameters.units': 115, 'parameters.num_layers': 10, 'parameters.dropout': 0.49672011225451274, 'parameters.batch_size': 340, 'parameters.learning_rate': 0.0007410676322571651, 'parameters.weight_decay': 0.006994379538319026}. Best is trial 0 with value: 0.3787205289294688.
[I 2026-04-12 07:31:17,818] Trial 40 finished with value: 0.3787205289294688 and parameters: {'parameters.history_length': 110, 'parameters.units': 178, 'parameters.num_layers': 7, 'parameters.dropout': 0.40347059031324145, 'parameters.batch_size': 246, 'parameters.learning_rate': 0.0014509002791330532, 'parameters.weight_decay': 0.0016750084904010565}. Best is trial 0 with value: 0.3787205289294688.
