[I 2026-04-11 21:07:05,398] Trial 151 finished with value: 0.3419311770058864 and parameters: {'parameters.max_depth': 17, 'parameters.learning_rate': 0.019645663450278343, 'parameters.subsample': 0.7559673798902072, 'parameters.colsample_bytree': 0.9041374705259615, 'parameters.reg_alpha': 0.0057790703522464055, 'parameters.reg_lambda': 4.935242298307942, 'parameters.min_child_samples': 23}. Best is trial 141 with value: 0.3419311770058863.Best trial: 141. Best value: 0.341931:  76%|███████▌  | 151/200 [08:05<02:36,  3.19s/it]Best trial: 141. Best value: 0.341931:  76%|███████▌  | 151/200 [08:05<02:36,  3.19s/it]Best trial: 141. Best value: 0.341931:  76%|███████▌  | 152/200 [08:05<02:33,  3.19s/it]                                                                                        Best trial: 141. Best value: 0.341931:  76%|███████▌  | 152/200 [08:08<02:33,  3.19s/it]Best trial: 141. Best value: 0.341931:  76%|███████▌  | 152/200 [08:08<02:33,  3.19s/it]Best trial: 141. Best value: 0.341931:  76%|███████▋  | 153/200 [08:08<02:30,  3.20s/it]                                                                                        Best trial: 141. Best value: 0.341931:  76%|███████▋  | 153/200 [08:12<02:30,  3.20s/it]Best trial: 141. Best value: 0.341931:  76%|███████▋  | 153/200 [08:12<02:30,  3.20s/it]Best trial: 141. Best value: 0.341931:  77%|███████▋  | 154/200 [08:12<02:27,  3.20s/it]                                                                                        Best trial: 141. Best value: 0.341931:  77%|███████▋  | 154/200 [08:15<02:27,  3.20s/it]Best trial: 141. Best value: 0.341931:  77%|███████▋  | 154/200 [08:15<02:27,  3.20s/it]Best trial: 141. Best value: 0.341931:  78%|███████▊  | 155/200 [08:15<02:24,  3.20s/it]                                                                                        Best trial: 141. Best value: 0.341931:  78%|███████▊  | 155/200 [08:18<02:24,  3.20s/it]Best trial: 141. Best value: 0.341931:  78%|███████▊  | 155/200 [08:18<02:24,  3.20s/it]Best trial: 141. Best value: 0.341931:  78%|███████▊  | 156/200 [08:18<02:20,  3.20s/it]                                                                                        Best trial: 141. Best value: 0.341931:  78%|███████▊  | 156/200 [08:21<02:20,  3.20s/it]Best trial: 141. Best value: 0.341931:  78%|███████▊  | 156/200 [08:21<02:20,  3.20s/it]Best trial: 141. Best value: 0.341931:  78%|███████▊  | 157/200 [08:21<02:17,  3.20s/it]                                                                                        Best trial: 141. Best value: 0.341931:  78%|███████▊  | 157/200 [08:24<02:17,  3.20s/it]Best trial: 141. Best value: 0.341931:  78%|███████▊  | 157/200 [08:24<02:17,  3.20s/it]Best trial: 141. Best value: 0.341931:  79%|███████▉  | 158/200 [08:24<02:13,  3.19s/it]                                                                                        Best trial: 141. Best value: 0.341931:  79%|███████▉  | 158/200 [08:28<02:13,  3.19s/it]Best trial: 141. Best value: 0.341931:  79%|███████▉  | 158/200 [08:28<02:13,  3.19s/it]Best trial: 141. Best value: 0.341931:  80%|███████▉  | 159/200 [08:28<02:11,  3.20s/it]                                                                                        Best trial: 141. Best value: 0.341931:  80%|███████▉  | 159/200 [08:31<02:11,  3.20s/it]Best trial: 141. Best value: 0.341931:  80%|███████▉  | 159/200 [08:31<02:11,  3.20s/it]Best trial: 141. Best value: 0.341931:  80%|████████  | 160/200 [08:31<02:07,  3.20s/it]                                                                                        Best trial: 141. Best value: 0.341931:  80%|████████  | 160/200 [08:34<02:07,  3.20s/it]Best trial: 141. Best value: 0.341931:  80%|████████  | 160/200 [08:34<02:07,  3.20s/it]Best trial: 141. Best value: 0.341931:  80%|████████  | 161/200 [08:34<02:04,  3.19s/it]                                                                                        Best trial: 141. Best value: 0.341931:  80%|████████  | 161/200 [08:37<02:04,  3.19s/it]Best trial: 141. Best value: 0.341931:  80%|████████  | 161/200 [08:37<02:04,  3.19s/it]Best trial: 141. Best value: 0.341931:  81%|████████  | 162/200 [08:37<02:01,  3.19s/it]                                                                                        Best trial: 141. Best value: 0.341931:  81%|████████  | 162/200 [08:40<02:01,  3.19s/it]Best trial: 141. Best value: 0.341931:  81%|████████  | 162/200 [08:40<02:01,  3.19s/it]Best trial: 141. Best value: 0.341931:  82%|████████▏ | 163/200 [08:40<01:57,  3.18s/it]                                                                                        Best trial: 141. Best value: 0.341931:  82%|████████▏ | 163/200 [08:44<01:57,  3.18s/it]Best trial: 141. Best value: 0.341931:  82%|████████▏ | 163/200 [08:44<01:57,  3.18s/it]Best trial: 141. Best value: 0.341931:  82%|████████▏ | 164/200 [08:44<01:54,  3.18s/it]                                                                                        Best trial: 141. Best value: 0.341931:  82%|████████▏ | 164/200 [08:47<01:54,  3.18s/it]Best trial: 141. Best value: 0.341931:  82%|████████▏ | 164/200 [08:47<01:54,  3.18s/it]Best trial: 141. Best value: 0.341931:  82%|████████▎ | 165/200 [08:47<01:51,  3.18s/it]                                                                                        Best trial: 141. Best value: 0.341931:  82%|████████▎ | 165/200 [08:50<01:51,  3.18s/it]Best trial: 141. Best value: 0.341931:  82%|████████▎ | 165/200 [08:50<01:51,  3.18s/it]Best trial: 141. Best value: 0.341931:  83%|████████▎ | 166/200 [08:50<01:48,  3.19s/it]                                                                                        Best trial: 141. Best value: 0.341931:  83%|████████▎ | 166/200 [08:53<01:48,  3.19s/it]Best trial: 141. Best value: 0.341931:  83%|████████▎ | 166/200 [08:53<01:48,  3.19s/it]Best trial: 141. Best value: 0.341931:  84%|████████▎ | 167/200 [08:53<01:45,  3.19s/it]                                                                                        Best trial: 141. Best value: 0.341931:  84%|████████▎ | 167/200 [08:56<01:45,  3.19s/it]Best trial: 141. Best value: 0.341931:  84%|████████▎ | 167/200 [08:56<01:45,  3.19s/it]Best trial: 141. Best value: 0.341931:  84%|████████▍ | 168/200 [08:56<01:41,  3.17s/it]                                                                                        Best trial: 141. Best value: 0.341931:  84%|████████▍ | 168/200 [08:59<01:41,  3.17s/it]Best trial: 141. Best value: 0.341931:  84%|████████▍ | 168/200 [08:59<01:41,  3.17s/it]Best trial: 141. Best value: 0.341931:  84%|████████▍ | 169/200 [08:59<01:38,  3.18s/it]                                                                                        Best trial: 141. Best value: 0.341931:  84%|████████▍ | 169/200 [09:03<01:38,  3.18s/it]Best trial: 141. Best value: 0.341931:  84%|████████▍ | 169/200 [09:03<01:38,  3.18s/it]Best trial: 141. Best value: 0.341931:  85%|████████▌ | 170/200 [09:03<01:35,  3.18s/it]                                                                                        
[I 2026-04-11 21:07:08,619] Trial 152 finished with value: 0.3419311770058864 and parameters: {'parameters.max_depth': 19, 'parameters.learning_rate': 0.019119192949709696, 'parameters.subsample': 0.7214681994951013, 'parameters.colsample_bytree': 0.9118111913459277, 'parameters.reg_alpha': 0.037177195511943734, 'parameters.reg_lambda': 4.607173287650621, 'parameters.min_child_samples': 19}. Best is trial 141 with value: 0.3419311770058863.
[I 2026-04-11 21:07:11,828] Trial 153 finished with value: 0.3419311770058864 and parameters: {'parameters.max_depth': 20, 'parameters.learning_rate': 0.017273461021695705, 'parameters.subsample': 0.9314649603741889, 'parameters.colsample_bytree': 0.8931637978284271, 'parameters.reg_alpha': 0.05510866046035078, 'parameters.reg_lambda': 1.2904600212796422, 'parameters.min_child_samples': 35}. Best is trial 141 with value: 0.3419311770058863.
[I 2026-04-11 21:07:15,037] Trial 154 finished with value: 0.34193117700588643 and parameters: {'parameters.max_depth': 6, 'parameters.learning_rate': 0.005613212234142426, 'parameters.subsample': 0.7781314290609493, 'parameters.colsample_bytree': 0.9807573952959453, 'parameters.reg_alpha': 0.06382045416201639, 'parameters.reg_lambda': 0.6216383717182877, 'parameters.min_child_samples': 32}. Best is trial 141 with value: 0.3419311770058863.
[I 2026-04-11 21:07:18,214] Trial 155 finished with value: 0.34193117700588643 and parameters: {'parameters.max_depth': 21, 'parameters.learning_rate': 0.01243663035886121, 'parameters.subsample': 0.7602762177791031, 'parameters.colsample_bytree': 0.756926125639832, 'parameters.reg_alpha': 0.06269594166228945, 'parameters.reg_lambda': 0.7024849918632088, 'parameters.min_child_samples': 16}. Best is trial 141 with value: 0.3419311770058863.
[I 2026-04-11 21:07:21,436] Trial 156 finished with value: 0.3419311770058864 and parameters: {'parameters.max_depth': 23, 'parameters.learning_rate': 0.01867967311092359, 'parameters.subsample': 0.7420583488647191, 'parameters.colsample_bytree': 0.859907611397607, 'parameters.reg_alpha': 0.042939347475531776, 'parameters.reg_lambda': 2.643109926342876, 'parameters.min_child_samples': 56}. Best is trial 141 with value: 0.3419311770058863.
[I 2026-04-11 21:07:24,582] Trial 157 finished with value: 0.3419311770058864 and parameters: {'parameters.max_depth': 17, 'parameters.learning_rate': 0.016382054466582703, 'parameters.subsample': 0.7954267507963467, 'parameters.colsample_bytree': 0.6369876117232838, 'parameters.reg_alpha': 0.12493023803962001, 'parameters.reg_lambda': 0.5506604828950755, 'parameters.min_child_samples': 21}. Best is trial 141 with value: 0.3419311770058863.
[I 2026-04-11 21:07:27,798] Trial 158 finished with value: 0.3419311770058863 and parameters: {'parameters.max_depth': 18, 'parameters.learning_rate': 0.006576985312253281, 'parameters.subsample': 0.9662105859406177, 'parameters.colsample_bytree': 0.6003086199166141, 'parameters.reg_alpha': 0.10198242110241497, 'parameters.reg_lambda': 3.3214409581150894, 'parameters.min_child_samples': 97}. Best is trial 141 with value: 0.3419311770058863.
[I 2026-04-11 21:07:31,006] Trial 159 finished with value: 0.3419311770058864 and parameters: {'parameters.max_depth': 4, 'parameters.learning_rate': 0.006500604315691987, 'parameters.subsample': 0.9617179262173654, 'parameters.colsample_bytree': 0.6071719456499519, 'parameters.reg_alpha': 0.09960774600392358, 'parameters.reg_lambda': 3.405599334273682, 'parameters.min_child_samples': 100}. Best is trial 141 with value: 0.3419311770058863.
[I 2026-04-11 21:07:34,190] Trial 160 finished with value: 0.3419311770058864 and parameters: {'parameters.max_depth': 18, 'parameters.learning_rate': 0.006699266250624854, 'parameters.subsample': 0.9765399906906626, 'parameters.colsample_bytree': 0.6176775746507359, 'parameters.reg_alpha': 0.007167838087736995, 'parameters.reg_lambda': 3.3127574251329897, 'parameters.min_child_samples': 100}. Best is trial 141 with value: 0.3419311770058863.
[I 2026-04-11 21:07:37,369] Trial 161 finished with value: 0.34193117700588643 and parameters: {'parameters.max_depth': 7, 'parameters.learning_rate': 0.006088165940398618, 'parameters.subsample': 0.8700453643243236, 'parameters.colsample_bytree': 0.654143393476076, 'parameters.reg_alpha': 0.09229906233727503, 'parameters.reg_lambda': 3.188904233602326, 'parameters.min_child_samples': 97}. Best is trial 141 with value: 0.3419311770058863.
[I 2026-04-11 21:07:40,536] Trial 162 finished with value: 0.3419311770058864 and parameters: {'parameters.max_depth': 14, 'parameters.learning_rate': 0.01776899950505136, 'parameters.subsample': 0.9593845624321866, 'parameters.colsample_bytree': 0.6008166033082813, 'parameters.reg_alpha': 0.08040852703215268, 'parameters.reg_lambda': 3.0419994475833234, 'parameters.min_child_samples': 94}. Best is trial 141 with value: 0.3419311770058863.
[I 2026-04-11 21:07:43,717] Trial 163 finished with value: 0.3419311770058864 and parameters: {'parameters.max_depth': 18, 'parameters.learning_rate': 0.006979139789182715, 'parameters.subsample': 0.8774724441522791, 'parameters.colsample_bytree': 0.8450263718894279, 'parameters.reg_alpha': 0.001000567775065559, 'parameters.reg_lambda': 3.530057508119, 'parameters.min_child_samples': 12}. Best is trial 141 with value: 0.3419311770058863.
[I 2026-04-11 21:07:46,903] Trial 164 finished with value: 0.34193117700588643 and parameters: {'parameters.max_depth': 19, 'parameters.learning_rate': 0.01985852243300524, 'parameters.subsample': 0.9434104917330113, 'parameters.colsample_bytree': 0.9383001778271052, 'parameters.reg_alpha': 0.2014206346126566, 'parameters.reg_lambda': 4.272254169740354, 'parameters.min_child_samples': 27}. Best is trial 141 with value: 0.3419311770058863.
[I 2026-04-11 21:07:50,122] Trial 165 finished with value: 0.3419311770058864 and parameters: {'parameters.max_depth': 16, 'parameters.learning_rate': 0.009271121068986773, 'parameters.subsample': 0.9696417918653494, 'parameters.colsample_bytree': 0.628412656518706, 'parameters.reg_alpha': 0.5851507424676676, 'parameters.reg_lambda': 3.7604198326417606, 'parameters.min_child_samples': 86}. Best is trial 141 with value: 0.3419311770058863.
[I 2026-04-11 21:07:53,307] Trial 166 finished with value: 0.3419311770058864 and parameters: {'parameters.max_depth': 30, 'parameters.learning_rate': 0.008544737338333493, 'parameters.subsample': 0.8079136544556321, 'parameters.colsample_bytree': 0.6144845916715308, 'parameters.reg_alpha': 0.1542981889733857, 'parameters.reg_lambda': 3.078833123026621, 'parameters.min_child_samples': 31}. Best is trial 141 with value: 0.3419311770058863.
[I 2026-04-11 21:07:56,443] Trial 167 finished with value: 0.3419311770058864 and parameters: {'parameters.max_depth': 26, 'parameters.learning_rate': 0.007901257214394415, 'parameters.subsample': 0.6527831941718133, 'parameters.colsample_bytree': 0.9574371359902984, 'parameters.reg_alpha': 0.12059653715190691, 'parameters.reg_lambda': 1.9374530178426244, 'parameters.min_child_samples': 79}. Best is trial 141 with value: 0.3419311770058863.
[I 2026-04-11 21:07:59,628] Trial 168 finished with value: 0.34193117700588643 and parameters: {'parameters.max_depth': 28, 'parameters.learning_rate': 0.006367613065738746, 'parameters.subsample': 0.7710784839297444, 'parameters.colsample_bytree': 0.676533284697058, 'parameters.reg_alpha': 0.8191234956678213, 'parameters.reg_lambda': 0.518823498238909, 'parameters.min_child_samples': 98}. Best is trial 141 with value: 0.3419311770058863.
[I 2026-04-11 21:08:02,819] Trial 169 finished with value: 0.3419311770058864 and parameters: {'parameters.max_depth': 15, 'parameters.learning_rate': 0.010031401623217832, 'parameters.subsample': 0.8579204039405409, 'parameters.colsample_bytree': 0.6056583911689724, 'parameters.reg_alpha': 0.10915707842669463, 'parameters.reg_lambda': 2.4634879276883144, 'parameters.min_child_samples': 96}. Best is trial 141 with value: 0.3419311770058863.
