[I 2026-04-11 20:16:31,000] Trial 196 finished with value: 0.3258046106584057 and parameters: {'parameters.max_depth': 7, 'parameters.learning_rate': 0.025892677508839522, 'parameters.subsample': 0.885657875207693, 'parameters.colsample_bytree': 0.6588689050214559, 'parameters.gamma': 0.07909370572990077, 'parameters.reg_lambda': 0.9013802010256142, 'parameters.min_child_weight': 2}. Best is trial 0 with value: 0.3258046106584057.
[I 2026-04-11 20:16:34,203] Trial 197 finished with value: 0.3258046106584057 and parameters: {'parameters.max_depth': 8, 'parameters.learning_rate': 0.014616280520562549, 'parameters.subsample': 0.7698518569783741, 'parameters.colsample_bytree': 0.8446242213510429, 'parameters.gamma': 0.033330476320892796, 'parameters.reg_lambda': 1.2885013989842808, 'parameters.min_child_weight': 1}. Best is trial 0 with value: 0.3258046106584057.
[I 2026-04-11 20:16:37,393] Trial 198 finished with value: 0.3258046106584057 and parameters: {'parameters.max_depth': 22, 'parameters.learning_rate': 0.003760223502679651, 'parameters.subsample': 0.7617337645380486, 'parameters.colsample_bytree': 0.6093144653326518, 'parameters.gamma': 0.1317181028336493, 'parameters.reg_lambda': 0.6569538776721575, 'parameters.min_child_weight': 3}. Best is trial 0 with value: 0.3258046106584057.
[I 2026-04-11 20:16:40,569] Trial 199 finished with value: 0.3258046106584057 and parameters: {'parameters.max_depth': 27, 'parameters.learning_rate': 0.0043176637593429455, 'parameters.subsample': 0.7792393857536601, 'parameters.colsample_bytree': 0.7776809137396444, 'parameters.gamma': 0.006365625322281435, 'parameters.reg_lambda': 0.7053785273764454, 'parameters.min_child_weight': 7}. Best is trial 0 with value: 0.3258046106584057.

Best trial: 0
Best validation loss: 0.325805
Best parameters:
  parameters.max_depth: 14
  parameters.learning_rate: 0.026251660632419304
  parameters.subsample: 0.8720536237417198
  parameters.colsample_bytree: 0.8146346649119967
  parameters.gamma: 0.0032735743714072487
  parameters.reg_lambda: 0.7160849144555758
  parameters.min_child_weight: 1

Results saved to outputs/temporal_experiment/models/xgboost/bayes_opt
Best config saved to outputs/temporal_experiment/models/xgboost/best_config.toml

[2/3] Training best model...
Final training failed for xgboost

================================================================================
Running experiment for: LIGHTGBM
================================================================================

[1/3] Running Bayesian Optimization (200 trials)...

============================================================
Running Bayesian Optimization for LIGHTGBM
============================================================
Running 200 trials...
  0%|          | 0/200 [00:00<?, ?it/s]                                         0%|          | 0/200 [00:03<?, ?it/s]Best trial: 0. Best value: 0.341931:   0%|          | 0/200 [00:03<?, ?it/s]Best trial: 0. Best value: 0.341931:   0%|          | 1/200 [00:03<10:21,  3.12s/it]                                                                                    Best trial: 0. Best value: 0.341931:   0%|          | 1/200 [00:06<10:21,  3.12s/it]Best trial: 0. Best value: 0.341931:   0%|          | 1/200 [00:06<10:21,  3.12s/it]Best trial: 0. Best value: 0.341931:   1%|          | 2/200 [00:06<10:32,  3.19s/it]                                                                                    Best trial: 0. Best value: 0.341931:   1%|          | 2/200 [00:09<10:32,  3.19s/it]Best trial: 0. Best value: 0.341931:   1%|          | 2/200 [00:09<10:32,  3.19s/it]Best trial: 0. Best value: 0.341931:   2%|▏         | 3/200 [00:09<10:26,  3.18s/it]                                                                                    Best trial: 0. Best value: 0.341931:   2%|▏         | 3/200 [00:12<10:26,  3.18s/it]Best trial: 0. Best value: 0.341931:   2%|▏         | 3/200 [00:12<10:26,  3.18s/it]Best trial: 0. Best value: 0.341931:   2%|▏         | 4/200 [00:12<10:18,  3.15s/it]                                                                                    Best trial: 0. Best value: 0.341931:   2%|▏         | 4/200 [00:15<10:18,  3.15s/it]Best trial: 0. Best value: 0.341931:   2%|▏         | 4/200 [00:15<10:18,  3.15s/it]Best trial: 0. Best value: 0.341931:   2%|▎         | 5/200 [00:15<10:17,  3.16s/it]                                                                                    Best trial: 0. Best value: 0.341931:   2%|▎         | 5/200 [00:19<10:17,  3.16s/it]Best trial: 0. Best value: 0.341931:   2%|▎         | 5/200 [00:19<10:17,  3.16s/it]Best trial: 0. Best value: 0.341931:   3%|▎         | 6/200 [00:19<10:15,  3.17s/it]                                                                                    Best trial: 0. Best value: 0.341931:   3%|▎         | 6/200 [00:22<10:15,  3.17s/it]Best trial: 0. Best value: 0.341931:   3%|▎         | 6/200 [00:22<10:15,  3.17s/it]Best trial: 0. Best value: 0.341931:   4%|▎         | 7/200 [00:22<10:10,  3.16s/it]                                                                                    Best trial: 0. Best value: 0.341931:   4%|▎         | 7/200 [00:25<10:10,  3.16s/it]Best trial: 0. Best value: 0.341931:   4%|▎         | 7/200 [00:25<10:10,  3.16s/it]Best trial: 0. Best value: 0.341931:   4%|▍         | 8/200 [00:25<10:07,  3.16s/it]                                                                                    Best trial: 0. Best value: 0.341931:   4%|▍         | 8/200 [00:28<10:07,  3.16s/it]Best trial: 0. Best value: 0.341931:   4%|▍         | 8/200 [00:28<10:07,  3.16s/it]Best trial: 0. Best value: 0.341931:   4%|▍         | 9/200 [00:28<10:02,  3.15s/it]                                                                                    Best trial: 0. Best value: 0.341931:   4%|▍         | 9/200 [00:31<10:02,  3.15s/it]Best trial: 0. Best value: 0.341931:   4%|▍         | 9/200 [00:31<10:02,  3.15s/it]Best trial: 0. Best value: 0.341931:   5%|▌         | 10/200 [00:31<10:00,  3.16s/it]                                                                                     Best trial: 0. Best value: 0.341931:   5%|▌         | 10/200 [00:34<10:00,  3.16s/it]Best trial: 0. Best value: 0.341931:   5%|▌         | 10/200 [00:34<10:00,  3.16s/it]Best trial: 0. Best value: 0.341931:   6%|▌         | 11/200 [00:34<09:58,  3.17s/it]                                                                                     Best trial: 0. Best value: 0.341931:   6%|▌         | 11/200 [00:37<09:58,  3.17s/it]Best trial: 0. Best value: 0.341931:   6%|▌         | 11/200 [00:37<09:58,  3.17s/it]Best trial: 0. Best value: 0.341931:   6%|▌         | 12/200 [00:37<09:53,  3.16s/it]                                                                                     Best trial: 0. Best value: 0.341931:   6%|▌         | 12/200 [00:41<09:53,  3.16s/it]Best trial: 0. Best value: 0.341931:   6%|▌         | 12/200 [00:41<09:53,  3.16s/it]Best trial: 0. Best value: 0.341931:   6%|▋         | 13/200 [00:41<09:52,  3.17s/it]                                                                                     Best trial: 0. Best value: 0.341931:   6%|▋         | 13/200 [00:44<09:52,  3.17s/it]Best trial: 0. Best value: 0.341931:   6%|▋         | 13/200 [00:44<09:52,  3.17s/it]Best trial: 0. Best value: 0.341931:   7%|▋         | 14/200 [00:44<09:48,  3.17s/it]                                                                                     Best trial: 0. Best value: 0.341931:   7%|▋         | 14/200 [00:47<09:48,  3.17s/it]Best trial: 0. Best value: 0.341931:   7%|▋         | 14/200 [00:47<09:48,  3.17s/it]Best trial: 0. Best value: 0.341931:   8%|▊         | 15/200 [00:47<09:45,  3.16s/it]                                                                                     Best trial: 0. Best value: 0.341931:   8%|▊         | 15/200 [00:50<09:45,  3.16s/it]Best trial: 0. Best value: 0.341931:   8%|▊         | 15/200 [00:50<09:45,  3.16s/it]Best trial: 0. Best value: 0.341931:   8%|▊         | 16/200 [00:50<09:44,  3.18s/it]                                                                                     Best trial: 0. Best value: 0.341931:   8%|▊         | 16/200 [00:53<09:44,  3.18s/it]Best trial: 0. Best value: 0.341931:   8%|▊         | 16/200 [00:53<09:44,  3.18s/it]Best trial: 0. Best value: 0.341931:   8%|▊         | 17/200 [00:53<09:45,  3.20s/it]                                                                                     Best trial: 0. Best value: 0.341931:   8%|▊         | 17/200 [00:57<09:45,  3.20s/it]Best trial: 0. Best value: 0.341931:   8%|▊         | 17/200 [00:57<09:45,  3.20s/it]Best trial: 0. Best value: 0.341931:   9%|▉         | 18/200 [00:57<09:43,  3.21s/it]                                                                                     [I 2026-04-11 20:16:46,809] Trial 0 finished with value: 0.3419311770058864 and parameters: {'parameters.max_depth': 14, 'parameters.learning_rate': 0.01785436060870726, 'parameters.subsample': 0.8720536237417198, 'parameters.colsample_bytree': 0.8146346649119967, 'parameters.reg_alpha': 0.0032735743714072487, 'parameters.reg_lambda': 0.7160849144555758, 'parameters.min_child_samples': 15}. Best is trial 0 with value: 0.3419311770058864.
[I 2026-04-11 20:16:50,054] Trial 1 finished with value: 0.3419311770058864 and parameters: {'parameters.max_depth': 27, 'parameters.learning_rate': 0.007982611757123358, 'parameters.subsample': 0.8614622804552621, 'parameters.colsample_bytree': 0.6063423389688911, 'parameters.reg_alpha': 1.5911147987600698, 'parameters.reg_lambda': 3.3994812107955625, 'parameters.min_child_samples': 29}. Best is trial 0 with value: 0.3419311770058864.
[I 2026-04-11 20:16:53,220] Trial 2 finished with value: 0.34193117700588643 and parameters: {'parameters.max_depth': 8, 'parameters.learning_rate': 0.0030509458916105213, 'parameters.subsample': 0.7008853970727918, 'parameters.colsample_bytree': 0.7844545901841157, 'parameters.reg_alpha': 0.02666020367873237, 'parameters.reg_lambda': 0.9776854331372623, 'parameters.min_child_samples': 65}. Best is trial 0 with value: 0.3419311770058864.
[I 2026-04-11 20:16:56,330] Trial 3 finished with value: 0.3419311770058864 and parameters: {'parameters.max_depth': 7, 'parameters.learning_rate': 0.003918994411735833, 'parameters.subsample': 0.7234827275619211, 'parameters.colsample_bytree': 0.75740785724554, 'parameters.reg_alpha': 0.39074137500162603, 'parameters.reg_lambda': 0.7918515779559374, 'parameters.min_child_samples': 56}. Best is trial 0 with value: 0.3419311770058864.
[I 2026-04-11 20:16:59,515] Trial 4 finished with value: 0.34193117700588643 and parameters: {'parameters.max_depth': 19, 'parameters.learning_rate': 0.002225770634981146, 'parameters.subsample': 0.8183410106404391, 'parameters.colsample_bytree': 0.6546087618788374, 'parameters.reg_alpha': 0.0016395975462927177, 'parameters.reg_lambda': 4.4448339535094625, 'parameters.min_child_samples': 97}. Best is trial 0 with value: 0.3419311770058864.
[I 2026-04-11 20:17:02,702] Trial 5 finished with value: 0.3419311770058864 and parameters: {'parameters.max_depth': 25, 'parameters.learning_rate': 0.004033144338361717, 'parameters.subsample': 0.630695433816894, 'parameters.colsample_bytree': 0.8510351378449301, 'parameters.reg_alpha': 0.02837635341868618, 'parameters.reg_lambda': 0.6622290670049675, 'parameters.min_child_samples': 55}. Best is trial 0 with value: 0.3419311770058864.
[I 2026-04-11 20:17:05,846] Trial 6 finished with value: 0.34193117700588643 and parameters: {'parameters.max_depth': 4, 'parameters.learning_rate': 0.016231191351940996, 'parameters.subsample': 0.6847960801527393, 'parameters.colsample_bytree': 0.8416489593130831, 'parameters.reg_alpha': 0.010689751565977946, 'parameters.reg_lambda': 1.6559149440361902, 'parameters.min_child_samples': 59}. Best is trial 0 with value: 0.3419311770058864.
[I 2026-04-11 20:17:09,013] Trial 7 finished with value: 0.34193117700588643 and parameters: {'parameters.max_depth': 8, 'parameters.learning_rate': 0.018647242703562956, 'parameters.subsample': 0.8914838870924939, 'parameters.colsample_bytree': 0.9695672016561586, 'parameters.reg_alpha': 0.8991909447343751, 'parameters.reg_lambda': 1.9809338952032913, 'parameters.min_child_samples': 93}. Best is trial 0 with value: 0.3419311770058864.
[I 2026-04-11 20:17:12,137] Trial 8 finished with value: 0.3419311770058864 and parameters: {'parameters.max_depth': 6, 'parameters.learning_rate': 0.003140601675761343, 'parameters.subsample': 0.6140233233176831, 'parameters.colsample_bytree': 0.7084763827073611, 'parameters.reg_alpha': 0.019188251048398993, 'parameters.reg_lambda': 0.9339401285535338, 'parameters.min_child_samples': 85}. Best is trial 0 with value: 0.3419311770058864.
[I 2026-04-11 20:17:15,309] Trial 9 finished with value: 0.3419311770058864 and parameters: {'parameters.max_depth': 13, 'parameters.learning_rate': 0.0038191305602090758, 'parameters.subsample': 0.7916763983762117, 'parameters.colsample_bytree': 0.6447852788360978, 'parameters.reg_alpha': 0.44470938617470757, 'parameters.reg_lambda': 0.5936365712667949, 'parameters.min_child_samples': 99}. Best is trial 0 with value: 0.3419311770058864.
[I 2026-04-11 20:17:18,494] Trial 10 finished with value: 0.3419311770058864 and parameters: {'parameters.max_depth': 18, 'parameters.learning_rate': 0.010166317003085372, 'parameters.subsample': 0.9845592258747959, 'parameters.colsample_bytree': 0.966003493489024, 'parameters.reg_alpha': 0.0011239043752531007, 'parameters.reg_lambda': 1.2502974532451985, 'parameters.min_child_samples': 11}. Best is trial 0 with value: 0.3419311770058864.
[I 2026-04-11 20:17:21,633] Trial 11 finished with value: 0.3419311770058864 and parameters: {'parameters.max_depth': 30, 'parameters.learning_rate': 0.008470589597735804, 'parameters.subsample': 0.8749144657864892, 'parameters.colsample_bytree': 0.6048440398795121, 'parameters.reg_alpha': 0.10920329342525148, 'parameters.reg_lambda': 3.1422570578252427, 'parameters.min_child_samples': 15}. Best is trial 0 with value: 0.3419311770058864.
[I 2026-04-11 20:17:24,831] Trial 12 finished with value: 0.34193117700588643 and parameters: {'parameters.max_depth': 24, 'parameters.learning_rate': 0.012069277933399744, 'parameters.subsample': 0.9578054514185212, 'parameters.colsample_bytree': 0.8685013124534056, 'parameters.reg_alpha': 0.0046488040280928304, 'parameters.reg_lambda': 2.3873608586922304, 'parameters.min_child_samples': 29}. Best is trial 0 with value: 0.3419311770058864.
[I 2026-04-11 20:17:27,986] Trial 13 finished with value: 0.3419311770058864 and parameters: {'parameters.max_depth': 13, 'parameters.learning_rate': 0.006368290480935789, 'parameters.subsample': 0.8673852710079396, 'parameters.colsample_bytree': 0.7277709798845159, 'parameters.reg_alpha': 1.859769626503809, 'parameters.reg_lambda': 3.9157418425058084, 'parameters.min_child_samples': 30}. Best is trial 0 with value: 0.3419311770058864.
[I 2026-04-11 20:17:31,145] Trial 14 finished with value: 0.3419311770058864 and parameters: {'parameters.max_depth': 14, 'parameters.learning_rate': 0.006546367916083888, 'parameters.subsample': 0.9230248004832512, 'parameters.colsample_bytree': 0.8101598732908504, 'parameters.reg_alpha': 0.11063479504966263, 'parameters.reg_lambda': 2.658915069073984, 'parameters.min_child_samples': 31}. Best is trial 0 with value: 0.3419311770058864.
[I 2026-04-11 20:17:34,360] Trial 15 finished with value: 0.3419311770058864 and parameters: {'parameters.max_depth': 22, 'parameters.learning_rate': 0.012412282376911611, 'parameters.subsample': 0.8240677052844377, 'parameters.colsample_bytree': 0.9066082979664373, 'parameters.reg_alpha': 0.004433711887088472, 'parameters.reg_lambda': 1.315307009833882, 'parameters.min_child_samples': 42}. Best is trial 0 with value: 0.3419311770058864.
[I 2026-04-11 20:17:37,607] Trial 16 finished with value: 0.3419311770058864 and parameters: {'parameters.max_depth': 30, 'parameters.learning_rate': 0.00850270437795167, 'parameters.subsample': 0.7559608023845226, 'parameters.colsample_bytree': 0.6501557290152649, 'parameters.reg_alpha': 0.08836541877863288, 'parameters.reg_lambda': 0.5040525634000519, 'parameters.min_child_samples': 21}. Best is trial 0 with value: 0.3419311770058864.
[I 2026-04-11 20:17:40,826] Trial 17 finished with value: 0.3419311770058864 and parameters: {'parameters.max_depth': 16, 'parameters.learning_rate': 0.014879178281017166, 'parameters.subsample': 0.8411484596540093, 'parameters.colsample_bytree': 0.699929602664618, 'parameters.reg_alpha': 0.004989806112511909, 'parameters.reg_lambda': 3.185986559188151, 'parameters.min_child_samples': 45}. Best is trial 0 with value: 0.3419311770058864.
