[I 2026-04-11 21:05:04,177] Trial 113 finished with value: 0.3419311770058864 and parameters: {'parameters.max_depth': 28, 'parameters.learning_rate': 0.007761296044479182, 'parameters.subsample': 0.726243296058595, 'parameters.colsample_bytree': 0.6707053660844794, 'parameters.reg_alpha': 0.056877204684625204, 'parameters.reg_lambda': 1.4146017266496673, 'parameters.min_child_samples': 22}. Best is trial 0 with value: 0.3419311770058864.Best trial: 0. Best value: 0.341931:  56%|█████▋    | 113/200 [06:04<04:37,  3.19s/it]Best trial: 0. Best value: 0.341931:  56%|█████▋    | 113/200 [06:04<04:37,  3.19s/it]Best trial: 0. Best value: 0.341931:  57%|█████▋    | 114/200 [06:04<04:35,  3.20s/it]                                                                                      Best trial: 0. Best value: 0.341931:  57%|█████▋    | 114/200 [06:07<04:35,  3.20s/it]Best trial: 0. Best value: 0.341931:  57%|█████▋    | 114/200 [06:07<04:35,  3.20s/it]Best trial: 0. Best value: 0.341931:  57%|█████▊    | 115/200 [06:07<04:32,  3.20s/it]                                                                                      Best trial: 0. Best value: 0.341931:  57%|█████▊    | 115/200 [06:10<04:32,  3.20s/it]Best trial: 0. Best value: 0.341931:  57%|█████▊    | 115/200 [06:10<04:32,  3.20s/it]Best trial: 0. Best value: 0.341931:  58%|█████▊    | 116/200 [06:10<04:29,  3.20s/it]                                                                                      Best trial: 0. Best value: 0.341931:  58%|█████▊    | 116/200 [06:14<04:29,  3.20s/it]Best trial: 0. Best value: 0.341931:  58%|█████▊    | 116/200 [06:14<04:29,  3.20s/it]Best trial: 0. Best value: 0.341931:  58%|█████▊    | 117/200 [06:14<04:24,  3.18s/it]                                                                                      Best trial: 0. Best value: 0.341931:  58%|█████▊    | 117/200 [06:17<04:24,  3.18s/it]Best trial: 0. Best value: 0.341931:  58%|█████▊    | 117/200 [06:17<04:24,  3.18s/it]Best trial: 0. Best value: 0.341931:  59%|█████▉    | 118/200 [06:17<04:20,  3.18s/it]                                                                                      Best trial: 0. Best value: 0.341931:  59%|█████▉    | 118/200 [06:20<04:20,  3.18s/it]Best trial: 0. Best value: 0.341931:  59%|█████▉    | 118/200 [06:20<04:20,  3.18s/it]Best trial: 0. Best value: 0.341931:  60%|█████▉    | 119/200 [06:20<04:17,  3.18s/it]                                                                                      Best trial: 0. Best value: 0.341931:  60%|█████▉    | 119/200 [06:23<04:17,  3.18s/it]Best trial: 0. Best value: 0.341931:  60%|█████▉    | 119/200 [06:23<04:17,  3.18s/it]Best trial: 0. Best value: 0.341931:  60%|██████    | 120/200 [06:23<04:14,  3.18s/it]                                                                                      Best trial: 0. Best value: 0.341931:  60%|██████    | 120/200 [06:26<04:14,  3.18s/it]Best trial: 0. Best value: 0.341931:  60%|██████    | 120/200 [06:26<04:14,  3.18s/it]Best trial: 0. Best value: 0.341931:  60%|██████    | 121/200 [06:26<04:11,  3.18s/it]                                                                                      Best trial: 0. Best value: 0.341931:  60%|██████    | 121/200 [06:29<04:11,  3.18s/it]Best trial: 0. Best value: 0.341931:  60%|██████    | 121/200 [06:29<04:11,  3.18s/it]Best trial: 0. Best value: 0.341931:  61%|██████    | 122/200 [06:29<04:07,  3.17s/it]                                                                                      Best trial: 0. Best value: 0.341931:  61%|██████    | 122/200 [06:33<04:07,  3.17s/it]Best trial: 0. Best value: 0.341931:  61%|██████    | 122/200 [06:33<04:07,  3.17s/it]Best trial: 0. Best value: 0.341931:  62%|██████▏   | 123/200 [06:33<04:04,  3.17s/it]                                                                                      Best trial: 0. Best value: 0.341931:  62%|██████▏   | 123/200 [06:36<04:04,  3.17s/it]Best trial: 0. Best value: 0.341931:  62%|██████▏   | 123/200 [06:36<04:04,  3.17s/it]Best trial: 0. Best value: 0.341931:  62%|██████▏   | 124/200 [06:36<04:02,  3.19s/it]                                                                                      Best trial: 0. Best value: 0.341931:  62%|██████▏   | 124/200 [06:39<04:02,  3.19s/it]Best trial: 0. Best value: 0.341931:  62%|██████▏   | 124/200 [06:39<04:02,  3.19s/it]Best trial: 0. Best value: 0.341931:  62%|██████▎   | 125/200 [06:39<03:58,  3.18s/it]                                                                                      Best trial: 0. Best value: 0.341931:  62%|██████▎   | 125/200 [06:42<03:58,  3.18s/it]Best trial: 0. Best value: 0.341931:  62%|██████▎   | 125/200 [06:42<03:58,  3.18s/it]Best trial: 0. Best value: 0.341931:  63%|██████▎   | 126/200 [06:42<03:57,  3.21s/it]                                                                                      Best trial: 0. Best value: 0.341931:  63%|██████▎   | 126/200 [06:45<03:57,  3.21s/it]Best trial: 0. Best value: 0.341931:  63%|██████▎   | 126/200 [06:45<03:57,  3.21s/it]Best trial: 0. Best value: 0.341931:  64%|██████▎   | 127/200 [06:45<03:53,  3.20s/it]                                                                                      Best trial: 0. Best value: 0.341931:  64%|██████▎   | 127/200 [06:49<03:53,  3.20s/it]Best trial: 0. Best value: 0.341931:  64%|██████▎   | 127/200 [06:49<03:53,  3.20s/it]Best trial: 0. Best value: 0.341931:  64%|██████▍   | 128/200 [06:49<03:48,  3.18s/it]                                                                                      Best trial: 0. Best value: 0.341931:  64%|██████▍   | 128/200 [06:52<03:48,  3.18s/it]Best trial: 0. Best value: 0.341931:  64%|██████▍   | 128/200 [06:52<03:48,  3.18s/it]Best trial: 0. Best value: 0.341931:  64%|██████▍   | 129/200 [06:52<03:47,  3.20s/it]                                                                                      Best trial: 0. Best value: 0.341931:  64%|██████▍   | 129/200 [06:55<03:47,  3.20s/it]Best trial: 0. Best value: 0.341931:  64%|██████▍   | 129/200 [06:55<03:47,  3.20s/it]Best trial: 0. Best value: 0.341931:  65%|██████▌   | 130/200 [06:55<03:43,  3.19s/it]                                                                                      Best trial: 0. Best value: 0.341931:  65%|██████▌   | 130/200 [06:58<03:43,  3.19s/it]Best trial: 0. Best value: 0.341931:  65%|██████▌   | 130/200 [06:58<03:43,  3.19s/it]Best trial: 0. Best value: 0.341931:  66%|██████▌   | 131/200 [06:58<03:41,  3.21s/it]                                                                                      Best trial: 0. Best value: 0.341931:  66%|██████▌   | 131/200 [07:01<03:41,  3.21s/it]Best trial: 0. Best value: 0.341931:  66%|██████▌   | 131/200 [07:01<03:41,  3.21s/it]Best trial: 0. Best value: 0.341931:  66%|██████▌   | 132/200 [07:01<03:37,  3.21s/it]                                                                                      
[I 2026-04-11 21:05:07,391] Trial 114 finished with value: 0.34193117700588643 and parameters: {'parameters.max_depth': 8, 'parameters.learning_rate': 0.005795577130029553, 'parameters.subsample': 0.7335985439329571, 'parameters.colsample_bytree': 0.6055119439672494, 'parameters.reg_alpha': 0.1444741978619504, 'parameters.reg_lambda': 3.7995630096573576, 'parameters.min_child_samples': 28}. Best is trial 0 with value: 0.3419311770058864.
[I 2026-04-11 21:05:10,600] Trial 115 finished with value: 0.3419311770058864 and parameters: {'parameters.max_depth': 30, 'parameters.learning_rate': 0.006406844599211877, 'parameters.subsample': 0.617262403090127, 'parameters.colsample_bytree': 0.6194650945712603, 'parameters.reg_alpha': 0.03548516021639633, 'parameters.reg_lambda': 0.5276008635781796, 'parameters.min_child_samples': 77}. Best is trial 0 with value: 0.3419311770058864.
[I 2026-04-11 21:05:13,736] Trial 116 finished with value: 0.3419311770058864 and parameters: {'parameters.max_depth': 15, 'parameters.learning_rate': 0.009519028351760219, 'parameters.subsample': 0.7943948457294631, 'parameters.colsample_bytree': 0.6842690182286084, 'parameters.reg_alpha': 0.012161972640601235, 'parameters.reg_lambda': 0.8047980067105078, 'parameters.min_child_samples': 14}. Best is trial 0 with value: 0.3419311770058864.
[I 2026-04-11 21:05:16,890] Trial 117 finished with value: 0.3419311770058864 and parameters: {'parameters.max_depth': 4, 'parameters.learning_rate': 0.00219633150475663, 'parameters.subsample': 0.805009754441517, 'parameters.colsample_bytree': 0.7019651330919147, 'parameters.reg_alpha': 0.07825070735163506, 'parameters.reg_lambda': 0.6514514410887051, 'parameters.min_child_samples': 31}. Best is trial 0 with value: 0.3419311770058864.
[I 2026-04-11 21:05:20,089] Trial 118 finished with value: 0.3419311770058864 and parameters: {'parameters.max_depth': 6, 'parameters.learning_rate': 0.016712136600172307, 'parameters.subsample': 0.7145774306556608, 'parameters.colsample_bytree': 0.8309316511892688, 'parameters.reg_alpha': 0.6101111187766344, 'parameters.reg_lambda': 4.135876539211578, 'parameters.min_child_samples': 94}. Best is trial 0 with value: 0.3419311770058864.
[I 2026-04-11 21:05:23,263] Trial 119 finished with value: 0.3419311770058864 and parameters: {'parameters.max_depth': 24, 'parameters.learning_rate': 0.005243471118111337, 'parameters.subsample': 0.8320934945952768, 'parameters.colsample_bytree': 0.7265467718786693, 'parameters.reg_alpha': 0.09976100910316507, 'parameters.reg_lambda': 0.5691344442592602, 'parameters.min_child_samples': 17}. Best is trial 0 with value: 0.3419311770058864.
[I 2026-04-11 21:05:26,435] Trial 120 finished with value: 0.3419311770058864 and parameters: {'parameters.max_depth': 29, 'parameters.learning_rate': 0.0069181041370019345, 'parameters.subsample': 0.8169359029188393, 'parameters.colsample_bytree': 0.8546160726520018, 'parameters.reg_alpha': 0.0059676758190434255, 'parameters.reg_lambda': 3.104013920712624, 'parameters.min_child_samples': 24}. Best is trial 0 with value: 0.3419311770058864.
[I 2026-04-11 21:05:29,587] Trial 121 finished with value: 0.3419311770058864 and parameters: {'parameters.max_depth': 16, 'parameters.learning_rate': 0.01539388831959083, 'parameters.subsample': 0.8586620111649579, 'parameters.colsample_bytree': 0.7183421188519867, 'parameters.reg_alpha': 0.0048323163819543585, 'parameters.reg_lambda': 3.566259316739078, 'parameters.min_child_samples': 45}. Best is trial 0 with value: 0.3419311770058864.
[I 2026-04-11 21:05:32,755] Trial 122 finished with value: 0.3419311770058864 and parameters: {'parameters.max_depth': 11, 'parameters.learning_rate': 0.01755439027877137, 'parameters.subsample': 0.849939927007986, 'parameters.colsample_bytree': 0.6916372760197267, 'parameters.reg_alpha': 0.0018756666686621324, 'parameters.reg_lambda': 2.9604862647888486, 'parameters.min_child_samples': 91}. Best is trial 0 with value: 0.3419311770058864.
[I 2026-04-11 21:05:36,000] Trial 123 finished with value: 0.3419311770058864 and parameters: {'parameters.max_depth': 12, 'parameters.learning_rate': 0.014360571130351257, 'parameters.subsample': 0.6990310702823398, 'parameters.colsample_bytree': 0.6692690286311863, 'parameters.reg_alpha': 0.0029598006369335804, 'parameters.reg_lambda': 0.7424837032962553, 'parameters.min_child_samples': 36}. Best is trial 0 with value: 0.3419311770058864.
[I 2026-04-11 21:05:39,136] Trial 124 finished with value: 0.34193117700588643 and parameters: {'parameters.max_depth': 14, 'parameters.learning_rate': 0.010394651372567834, 'parameters.subsample': 0.8858558048829214, 'parameters.colsample_bytree': 0.7035640284904014, 'parameters.reg_alpha': 0.007392032125306054, 'parameters.reg_lambda': 2.509354328382405, 'parameters.min_child_samples': 52}. Best is trial 0 with value: 0.3419311770058864.
[I 2026-04-11 21:05:42,415] Trial 125 finished with value: 0.3419311770058864 and parameters: {'parameters.max_depth': 19, 'parameters.learning_rate': 0.0030718306586628246, 'parameters.subsample': 0.9001434281146259, 'parameters.colsample_bytree': 0.6234335444942031, 'parameters.reg_alpha': 0.06573245649584697, 'parameters.reg_lambda': 2.7831772770406817, 'parameters.min_child_samples': 34}. Best is trial 0 with value: 0.3419311770058864.
[I 2026-04-11 21:05:45,613] Trial 126 finished with value: 0.3419311770058864 and parameters: {'parameters.max_depth': 23, 'parameters.learning_rate': 0.01486856297190685, 'parameters.subsample': 0.8386759573247291, 'parameters.colsample_bytree': 0.9370197752873857, 'parameters.reg_alpha': 0.003828499665360761, 'parameters.reg_lambda': 2.2737499740696197, 'parameters.min_child_samples': 59}. Best is trial 0 with value: 0.3419311770058864.
[I 2026-04-11 21:05:48,732] Trial 127 finished with value: 0.34193117700588643 and parameters: {'parameters.max_depth': 15, 'parameters.learning_rate': 0.011821369993772372, 'parameters.subsample': 0.8795425564900626, 'parameters.colsample_bytree': 0.8157634249339197, 'parameters.reg_alpha': 0.13145059535064654, 'parameters.reg_lambda': 1.6486605057776307, 'parameters.min_child_samples': 69}. Best is trial 0 with value: 0.3419311770058864.
[I 2026-04-11 21:05:51,996] Trial 128 finished with value: 0.34193117700588643 and parameters: {'parameters.max_depth': 16, 'parameters.learning_rate': 0.0039094791931383824, 'parameters.subsample': 0.7760382551059366, 'parameters.colsample_bytree': 0.6829278229198682, 'parameters.reg_alpha': 0.015289887247226996, 'parameters.reg_lambda': 3.2248306706828265, 'parameters.min_child_samples': 10}. Best is trial 0 with value: 0.3419311770058864.
[I 2026-04-11 21:05:55,163] Trial 129 finished with value: 0.3419311770058864 and parameters: {'parameters.max_depth': 28, 'parameters.learning_rate': 0.016681598001047803, 'parameters.subsample': 0.6912309040951881, 'parameters.colsample_bytree': 0.7362407251738962, 'parameters.reg_alpha': 0.05028242678329909, 'parameters.reg_lambda': 0.7143247594907103, 'parameters.min_child_samples': 20}. Best is trial 0 with value: 0.3419311770058864.
[I 2026-04-11 21:05:58,399] Trial 130 finished with value: 0.3419311770058864 and parameters: {'parameters.max_depth': 25, 'parameters.learning_rate': 0.013522376140510554, 'parameters.subsample': 0.973645659731864, 'parameters.colsample_bytree': 0.744400727994396, 'parameters.reg_alpha': 0.009921448495451332, 'parameters.reg_lambda': 0.8452755677883306, 'parameters.min_child_samples': 22}. Best is trial 0 with value: 0.3419311770058864.
[I 2026-04-11 21:06:01,604] Trial 131 finished with value: 0.34193117700588643 and parameters: {'parameters.max_depth': 26, 'parameters.learning_rate': 0.004283759763186178, 'parameters.subsample': 0.8714472645182029, 'parameters.colsample_bytree': 0.6056051654631279, 'parameters.reg_alpha': 0.29529825699934925, 'parameters.reg_lambda': 2.111736026419298, 'parameters.min_child_samples': 43}. Best is trial 0 with value: 0.3419311770058864.
