[I 2026-04-11 20:11:08,979] Trial 94 finished with value: 0.3258046106584057 and parameters: {'parameters.max_depth': 17, 'parameters.learning_rate': 0.004115124770168072, 'parameters.subsample': 0.8182023466908797, 'parameters.colsample_bytree': 0.6915523300703686, 'parameters.gamma': 0.001148532399827796, 'parameters.reg_lambda': 0.9380333005726041, 'parameters.min_child_weight': 8}. Best is trial 0 with value: 0.3258046106584057.Best trial: 0. Best value: 0.325805:  47%|████▋     | 94/200 [04:58<05:33,  3.15s/it]Best trial: 0. Best value: 0.325805:  47%|████▋     | 94/200 [04:58<05:33,  3.15s/it]Best trial: 0. Best value: 0.325805:  48%|████▊     | 95/200 [04:58<05:31,  3.15s/it]                                                                                     Best trial: 0. Best value: 0.325805:  48%|████▊     | 95/200 [05:01<05:31,  3.15s/it]Best trial: 0. Best value: 0.325805:  48%|████▊     | 95/200 [05:01<05:31,  3.15s/it]Best trial: 0. Best value: 0.325805:  48%|████▊     | 96/200 [05:01<05:29,  3.16s/it]                                                                                     Best trial: 0. Best value: 0.325805:  48%|████▊     | 96/200 [05:04<05:29,  3.16s/it]Best trial: 0. Best value: 0.325805:  48%|████▊     | 96/200 [05:04<05:29,  3.16s/it]Best trial: 0. Best value: 0.325805:  48%|████▊     | 97/200 [05:04<05:27,  3.18s/it]                                                                                     Best trial: 0. Best value: 0.325805:  48%|████▊     | 97/200 [05:08<05:27,  3.18s/it]Best trial: 0. Best value: 0.325805:  48%|████▊     | 97/200 [05:08<05:27,  3.18s/it]Best trial: 0. Best value: 0.325805:  49%|████▉     | 98/200 [05:08<05:24,  3.18s/it]                                                                                     Best trial: 0. Best value: 0.325805:  49%|████▉     | 98/200 [05:11<05:24,  3.18s/it]Best trial: 0. Best value: 0.325805:  49%|████▉     | 98/200 [05:11<05:24,  3.18s/it]Best trial: 0. Best value: 0.325805:  50%|████▉     | 99/200 [05:11<05:19,  3.16s/it]                                                                                     Best trial: 0. Best value: 0.325805:  50%|████▉     | 99/200 [05:14<05:19,  3.16s/it]Best trial: 0. Best value: 0.325805:  50%|████▉     | 99/200 [05:14<05:19,  3.16s/it]Best trial: 0. Best value: 0.325805:  50%|█████     | 100/200 [05:14<05:17,  3.17s/it]                                                                                      Best trial: 0. Best value: 0.325805:  50%|█████     | 100/200 [05:17<05:17,  3.17s/it]Best trial: 0. Best value: 0.325805:  50%|█████     | 100/200 [05:17<05:17,  3.17s/it]Best trial: 0. Best value: 0.325805:  50%|█████     | 101/200 [05:17<05:13,  3.17s/it]                                                                                      Best trial: 0. Best value: 0.325805:  50%|█████     | 101/200 [05:20<05:13,  3.17s/it]Best trial: 0. Best value: 0.325805:  50%|█████     | 101/200 [05:20<05:13,  3.17s/it]Best trial: 0. Best value: 0.325805:  51%|█████     | 102/200 [05:20<05:11,  3.18s/it]                                                                                      Best trial: 0. Best value: 0.325805:  51%|█████     | 102/200 [05:23<05:11,  3.18s/it]Best trial: 0. Best value: 0.325805:  51%|█████     | 102/200 [05:23<05:11,  3.18s/it]Best trial: 0. Best value: 0.325805:  52%|█████▏    | 103/200 [05:23<05:08,  3.18s/it]                                                                                      Best trial: 0. Best value: 0.325805:  52%|█████▏    | 103/200 [05:27<05:08,  3.18s/it]Best trial: 0. Best value: 0.325805:  52%|█████▏    | 103/200 [05:27<05:08,  3.18s/it]Best trial: 0. Best value: 0.325805:  52%|█████▏    | 104/200 [05:27<05:04,  3.17s/it]                                                                                      Best trial: 0. Best value: 0.325805:  52%|█████▏    | 104/200 [05:30<05:04,  3.17s/it]Best trial: 0. Best value: 0.325805:  52%|█████▏    | 104/200 [05:30<05:04,  3.17s/it]Best trial: 0. Best value: 0.325805:  52%|█████▎    | 105/200 [05:30<04:57,  3.14s/it]                                                                                      Best trial: 0. Best value: 0.325805:  52%|█████▎    | 105/200 [05:33<04:57,  3.14s/it]Best trial: 0. Best value: 0.325805:  52%|█████▎    | 105/200 [05:33<04:57,  3.14s/it]Best trial: 0. Best value: 0.325805:  53%|█████▎    | 106/200 [05:33<04:54,  3.13s/it]                                                                                      Best trial: 0. Best value: 0.325805:  53%|█████▎    | 106/200 [05:36<04:54,  3.13s/it]Best trial: 0. Best value: 0.325805:  53%|█████▎    | 106/200 [05:36<04:54,  3.13s/it]Best trial: 0. Best value: 0.325805:  54%|█████▎    | 107/200 [05:36<04:48,  3.11s/it]                                                                                      Best trial: 0. Best value: 0.325805:  54%|█████▎    | 107/200 [05:39<04:48,  3.11s/it]Best trial: 0. Best value: 0.325805:  54%|█████▎    | 107/200 [05:39<04:48,  3.11s/it]Best trial: 0. Best value: 0.325805:  54%|█████▍    | 108/200 [05:39<04:45,  3.11s/it]                                                                                      Best trial: 0. Best value: 0.325805:  54%|█████▍    | 108/200 [05:42<04:45,  3.11s/it]Best trial: 0. Best value: 0.325805:  54%|█████▍    | 108/200 [05:42<04:45,  3.11s/it]Best trial: 0. Best value: 0.325805:  55%|█████▍    | 109/200 [05:42<04:43,  3.12s/it]                                                                                      Best trial: 0. Best value: 0.325805:  55%|█████▍    | 109/200 [05:45<04:43,  3.12s/it]Best trial: 0. Best value: 0.325805:  55%|█████▍    | 109/200 [05:45<04:43,  3.12s/it]Best trial: 0. Best value: 0.325805:  55%|█████▌    | 110/200 [05:45<04:42,  3.13s/it]                                                                                      Best trial: 0. Best value: 0.325805:  55%|█████▌    | 110/200 [05:48<04:42,  3.13s/it]Best trial: 0. Best value: 0.325805:  55%|█████▌    | 110/200 [05:48<04:42,  3.13s/it]Best trial: 0. Best value: 0.325805:  56%|█████▌    | 111/200 [05:48<04:40,  3.15s/it]                                                                                      Best trial: 0. Best value: 0.325805:  56%|█████▌    | 111/200 [05:52<04:40,  3.15s/it]Best trial: 0. Best value: 0.325805:  56%|█████▌    | 111/200 [05:52<04:40,  3.15s/it]Best trial: 0. Best value: 0.325805:  56%|█████▌    | 112/200 [05:52<04:39,  3.17s/it]                                                                                      Best trial: 0. Best value: 0.325805:  56%|█████▌    | 112/200 [05:55<04:39,  3.17s/it]Best trial: 0. Best value: 0.325805:  56%|█████▌    | 112/200 [05:55<04:39,  3.17s/it]Best trial: 0. Best value: 0.325805:  56%|█████▋    | 113/200 [05:55<04:33,  3.14s/it]                                                                                      
[I 2026-04-11 20:11:12,164] Trial 95 finished with value: 0.3258046106584057 and parameters: {'parameters.max_depth': 11, 'parameters.learning_rate': 0.003410969798982409, 'parameters.subsample': 0.8006547918553264, 'parameters.colsample_bytree': 0.7342659542498292, 'parameters.gamma': 0.31629149245275684, 'parameters.reg_lambda': 0.5896166031416745, 'parameters.min_child_weight': 10}. Best is trial 0 with value: 0.3258046106584057.
[I 2026-04-11 20:11:15,392] Trial 96 finished with value: 0.3258046106584057 and parameters: {'parameters.max_depth': 16, 'parameters.learning_rate': 0.029976024308976532, 'parameters.subsample': 0.8312677131466267, 'parameters.colsample_bytree': 0.6465267857584278, 'parameters.gamma': 1.214692784805981, 'parameters.reg_lambda': 0.7790469023577379, 'parameters.min_child_weight': 6}. Best is trial 0 with value: 0.3258046106584057.
[I 2026-04-11 20:11:18,577] Trial 97 finished with value: 0.3258046106584057 and parameters: {'parameters.max_depth': 28, 'parameters.learning_rate': 0.012532188412082734, 'parameters.subsample': 0.6839934593710326, 'parameters.colsample_bytree': 0.600174226843646, 'parameters.gamma': 0.02983098380853048, 'parameters.reg_lambda': 0.5041716403579316, 'parameters.min_child_weight': 9}. Best is trial 0 with value: 0.3258046106584057.
[I 2026-04-11 20:11:21,688] Trial 98 finished with value: 0.3258046106584057 and parameters: {'parameters.max_depth': 6, 'parameters.learning_rate': 0.010229066496035251, 'parameters.subsample': 0.7404049665443365, 'parameters.colsample_bytree': 0.6684042757245025, 'parameters.gamma': 0.6680716361065026, 'parameters.reg_lambda': 3.371159347125833, 'parameters.min_child_weight': 1}. Best is trial 0 with value: 0.3258046106584057.
[I 2026-04-11 20:11:24,888] Trial 99 finished with value: 0.3258046106584057 and parameters: {'parameters.max_depth': 10, 'parameters.learning_rate': 0.00241304153105398, 'parameters.subsample': 0.6644685276261401, 'parameters.colsample_bytree': 0.8195361145849905, 'parameters.gamma': 0.00561295858209132, 'parameters.reg_lambda': 0.7218399887876534, 'parameters.min_child_weight': 9}. Best is trial 0 with value: 0.3258046106584057.
[I 2026-04-11 20:11:28,035] Trial 100 finished with value: 0.3258046106584057 and parameters: {'parameters.max_depth': 7, 'parameters.learning_rate': 0.0038913388225574794, 'parameters.subsample': 0.6399511303933894, 'parameters.colsample_bytree': 0.6246972509715918, 'parameters.gamma': 0.2137032056411405, 'parameters.reg_lambda': 1.3102565297089765, 'parameters.min_child_weight': 2}. Best is trial 0 with value: 0.3258046106584057.
[I 2026-04-11 20:11:31,245] Trial 101 finished with value: 0.3258046106584057 and parameters: {'parameters.max_depth': 19, 'parameters.learning_rate': 0.011251748660057877, 'parameters.subsample': 0.9913410934735724, 'parameters.colsample_bytree': 0.7115201471286977, 'parameters.gamma': 0.001050058688092197, 'parameters.reg_lambda': 3.77292169552768, 'parameters.min_child_weight': 1}. Best is trial 0 with value: 0.3258046106584057.
[I 2026-04-11 20:11:34,424] Trial 102 finished with value: 0.3258046106584057 and parameters: {'parameters.max_depth': 21, 'parameters.learning_rate': 0.008390502412767203, 'parameters.subsample': 0.765041229181203, 'parameters.colsample_bytree': 0.9606557339937652, 'parameters.gamma': 0.002174408281411443, 'parameters.reg_lambda': 4.659715403942526, 'parameters.min_child_weight': 3}. Best is trial 0 with value: 0.3258046106584057.
[I 2026-04-11 20:11:37,572] Trial 103 finished with value: 0.3258046106584057 and parameters: {'parameters.max_depth': 14, 'parameters.learning_rate': 0.014214728058116627, 'parameters.subsample': 0.8630683824250737, 'parameters.colsample_bytree': 0.9586763411471552, 'parameters.gamma': 0.0015852984449910954, 'parameters.reg_lambda': 0.6354855718575168, 'parameters.min_child_weight': 1}. Best is trial 0 with value: 0.3258046106584057.
[I 2026-04-11 20:11:40,630] Trial 104 finished with value: 0.3258046106584057 and parameters: {'parameters.max_depth': 18, 'parameters.learning_rate': 0.01705108790539155, 'parameters.subsample': 0.9688590696729387, 'parameters.colsample_bytree': 0.9714810926639175, 'parameters.gamma': 0.00131638531179448, 'parameters.reg_lambda': 1.237749015772756, 'parameters.min_child_weight': 2}. Best is trial 0 with value: 0.3258046106584057.
[I 2026-04-11 20:11:43,745] Trial 105 finished with value: 0.3258046106584057 and parameters: {'parameters.max_depth': 20, 'parameters.learning_rate': 0.009129826910541254, 'parameters.subsample': 0.9068794474770842, 'parameters.colsample_bytree': 0.9331289126648378, 'parameters.gamma': 0.003883460809772805, 'parameters.reg_lambda': 1.7680004472271706, 'parameters.min_child_weight': 7}. Best is trial 0 with value: 0.3258046106584057.
[I 2026-04-11 20:11:46,798] Trial 106 finished with value: 0.3258046106584057 and parameters: {'parameters.max_depth': 18, 'parameters.learning_rate': 0.02523577999503831, 'parameters.subsample': 0.9394703318270404, 'parameters.colsample_bytree': 0.9853369550611045, 'parameters.gamma': 0.0028842029696382, 'parameters.reg_lambda': 2.836715460848589, 'parameters.min_child_weight': 4}. Best is trial 0 with value: 0.3258046106584057.
[I 2026-04-11 20:11:49,904] Trial 107 finished with value: 0.3258046106584057 and parameters: {'parameters.max_depth': 29, 'parameters.learning_rate': 0.007673574516024979, 'parameters.subsample': 0.6266706282633442, 'parameters.colsample_bytree': 0.6123751724739092, 'parameters.gamma': 0.0017689851720346667, 'parameters.reg_lambda': 0.8730870394199965, 'parameters.min_child_weight': 1}. Best is trial 0 with value: 0.3258046106584057.
[I 2026-04-11 20:11:53,043] Trial 108 finished with value: 0.3258046106584057 and parameters: {'parameters.max_depth': 8, 'parameters.learning_rate': 0.028021286673148023, 'parameters.subsample': 0.8954482214759172, 'parameters.colsample_bytree': 0.7700060884002721, 'parameters.gamma': 0.06675919794739983, 'parameters.reg_lambda': 1.6903198072720806, 'parameters.min_child_weight': 10}. Best is trial 0 with value: 0.3258046106584057.
[I 2026-04-11 20:11:56,217] Trial 109 finished with value: 0.3258046106584057 and parameters: {'parameters.max_depth': 15, 'parameters.learning_rate': 0.00635097775672319, 'parameters.subsample': 0.8520086980494507, 'parameters.colsample_bytree': 0.7951383813026813, 'parameters.gamma': 0.0024274444021652936, 'parameters.reg_lambda': 1.9146389755425035, 'parameters.min_child_weight': 5}. Best is trial 0 with value: 0.3258046106584057.
[I 2026-04-11 20:11:59,421] Trial 110 finished with value: 0.3258046106584057 and parameters: {'parameters.max_depth': 16, 'parameters.learning_rate': 0.005730273332268767, 'parameters.subsample': 0.8050561118116241, 'parameters.colsample_bytree': 0.6814800069007884, 'parameters.gamma': 0.039824968800089885, 'parameters.reg_lambda': 0.9297745321997187, 'parameters.min_child_weight': 6}. Best is trial 0 with value: 0.3258046106584057.
[I 2026-04-11 20:12:02,636] Trial 111 finished with value: 0.3258046106584057 and parameters: {'parameters.max_depth': 30, 'parameters.learning_rate': 0.010092274578610023, 'parameters.subsample': 0.8746418090345134, 'parameters.colsample_bytree': 0.6067164531070572, 'parameters.gamma': 0.019763930454782374, 'parameters.reg_lambda': 4.423006280598684, 'parameters.min_child_weight': 1}. Best is trial 0 with value: 0.3258046106584057.
[I 2026-04-11 20:12:05,694] Trial 112 finished with value: 0.3258046106584057 and parameters: {'parameters.max_depth': 27, 'parameters.learning_rate': 0.010805859724785868, 'parameters.subsample': 0.7242263109567674, 'parameters.colsample_bytree': 0.6308216532223038, 'parameters.gamma': 0.21615843320772155, 'parameters.reg_lambda': 3.128290687558469, 'parameters.min_child_weight': 2}. Best is trial 0 with value: 0.3258046106584057.
[I 2026-04-11 20:12:08,788] Trial 113 finished with value: 0.3258046106584057 and parameters: {'parameters.max_depth': 25, 'parameters.learning_rate': 0.013088032395172393, 'parameters.subsample': 0.7108628657714862, 'parameters.colsample_bytree': 0.6989903508701515, 'parameters.gamma': 0.11913837154343114, 'parameters.reg_lambda': 4.160701002129103, 'parameters.min_child_weight': 1}. Best is trial 0 with value: 0.3258046106584057.Best trial: 0. Best value: 0.325805:  56%|█████▋    | 113/200 [05:58<04:33,  3.14s/it]Best trial: 0. Best value: 0.325805:  56%|█████▋    | 113/200 [05:58<04:33,  3.14s/it]Best trial: 0. Best value: 0.325805:  57%|█████▋    | 114/200 [05:58<04:28,  3.13s/it]                                                                                      Best trial: 0. Best value: 0.325805:  57%|█████▋    | 114/200 [06:01<04:28,  3.13s/it]Best trial: 0. Best value: 0.325805:  57%|█████▋    | 114/200 [06:01<04:28,  3.13s/it]Best trial: 0. Best value: 0.325805:  57%|█████▊    | 115/200 [06:01<04:26,  3.13s/it]                                                                                      Best trial: 0. Best value: 0.325805:  57%|█████▊    | 115/200 [06:04<04:26,  3.13s/it]Best trial: 0. Best value: 0.325805:  57%|█████▊    | 115/200 [06:04<04:26,  3.13s/it]Best trial: 0. Best value: 0.325805:  58%|█████▊    | 116/200 [06:04<04:24,  3.14s/it]                                                                                      Best trial: 0. Best value: 0.325805:  58%|█████▊    | 116/200 [06:07<04:24,  3.14s/it]Best trial: 0. Best value: 0.325805:  58%|█████▊    | 116/200 [06:07<04:24,  3.14s/it]Best trial: 0. Best value: 0.325805:  58%|█████▊    | 117/200 [06:07<04:21,  3.15s/it]                                                                                      Best trial: 0. Best value: 0.325805:  58%|█████▊    | 117/200 [06:10<04:21,  3.15s/it]Best trial: 0. Best value: 0.325805:  58%|█████▊    | 117/200 [06:10<04:21,  3.15s/it]Best trial: 0. Best value: 0.325805:  59%|█████▉    | 118/200 [06:10<04:18,  3.15s/it]                                                                                      Best trial: 0. Best value: 0.325805:  59%|█████▉    | 118/200 [06:14<04:18,  3.15s/it]Best trial: 0. Best value: 0.325805:  59%|█████▉    | 118/200 [06:14<04:18,  3.15s/it]Best trial: 0. Best value: 0.325805:  60%|█████▉    | 119/200 [06:14<04:17,  3.18s/it]                                                                                      Best trial: 0. Best value: 0.325805:  60%|█████▉    | 119/200 [06:17<04:17,  3.18s/it]Best trial: 0. Best value: 0.325805:  60%|█████▉    | 119/200 [06:17<04:17,  3.18s/it]Best trial: 0. Best value: 0.325805:  60%|██████    | 120/200 [06:17<04:14,  3.18s/it]                                                                                      Best trial: 0. Best value: 0.325805:  60%|██████    | 120/200 [06:20<04:14,  3.18s/it]Best trial: 0. Best value: 0.325805:  60%|██████    | 120/200 [06:20<04:14,  3.18s/it]Best trial: 0. Best value: 0.325805:  60%|██████    | 121/200 [06:20<04:09,  3.16s/it]                                                                                      Best trial: 0. Best value: 0.325805:  60%|██████    | 121/200 [06:23<04:09,  3.16s/it]Best trial: 0. Best value: 0.325805:  60%|██████    | 121/200 [06:23<04:09,  3.16s/it]Best trial: 0. Best value: 0.325805:  61%|██████    | 122/200 [06:23<04:06,  3.16s/it]                                                                                      Best trial: 0. Best value: 0.325805:  61%|██████    | 122/200 [06:26<04:06,  3.16s/it]Best trial: 0. Best value: 0.325805:  61%|██████    | 122/200 [06:26<04:06,  3.16s/it]Best trial: 0. Best value: 0.325805:  62%|██████▏   | 123/200 [06:26<04:04,  3.18s/it]                                                                                      Best trial: 0. Best value: 0.325805:  62%|██████▏   | 123/200 [06:30<04:04,  3.18s/it]Best trial: 0. Best value: 0.325805:  62%|██████▏   | 123/200 [06:30<04:04,  3.18s/it]Best trial: 0. Best value: 0.325805:  62%|██████▏   | 124/200 [06:30<04:01,  3.18s/it]                                                                                      Best trial: 0. Best value: 0.325805:  62%|██████▏   | 124/200 [06:33<04:01,  3.18s/it]Best trial: 0. Best value: 0.325805:  62%|██████▏   | 124/200 [06:33<04:01,  3.18s/it]Best trial: 0. Best value: 0.325805:  62%|██████▎   | 125/200 [06:33<03:57,  3.17s/it]                                                                                      Best trial: 0. Best value: 0.325805:  62%|██████▎   | 125/200 [06:36<03:57,  3.17s/it]Best trial: 0. Best value: 0.325805:  62%|██████▎   | 125/200 [06:36<03:57,  3.17s/it]Best trial: 0. Best value: 0.325805:  63%|██████▎   | 126/200 [06:36<03:52,  3.14s/it]                                                                                      Best trial: 0. Best value: 0.325805:  63%|██████▎   | 126/200 [06:39<03:52,  3.14s/it]Best trial: 0. Best value: 0.325805:  63%|██████▎   | 126/200 [06:39<03:52,  3.14s/it]Best trial: 0. Best value: 0.325805:  64%|██████▎   | 127/200 [06:39<03:48,  3.13s/it]                                                                                      Best trial: 0. Best value: 0.325805:  64%|██████▎   | 127/200 [06:42<03:48,  3.13s/it]Best trial: 0. Best value: 0.325805:  64%|██████▎   | 127/200 [06:42<03:48,  3.13s/it]Best trial: 0. Best value: 0.325805:  64%|██████▍   | 128/200 [06:42<03:45,  3.13s/it]                                                                                      Best trial: 0. Best value: 0.325805:  64%|██████▍   | 128/200 [06:45<03:45,  3.13s/it]Best trial: 0. Best value: 0.325805:  64%|██████▍   | 128/200 [06:45<03:45,  3.13s/it]Best trial: 0. Best value: 0.325805:  64%|██████▍   | 129/200 [06:45<03:41,  3.12s/it]                                                                                      Best trial: 0. Best value: 0.325805:  64%|██████▍   | 129/200 [06:48<03:41,  3.12s/it]Best trial: 0. Best value: 0.325805:  64%|██████▍   | 129/200 [06:48<03:41,  3.12s/it]Best trial: 0. Best value: 0.325805:  65%|██████▌   | 130/200 [06:48<03:39,  3.13s/it]                                                                                      Best trial: 0. Best value: 0.325805:  65%|██████▌   | 130/200 [06:52<03:39,  3.13s/it]Best trial: 0. Best value: 0.325805:  65%|██████▌   | 130/200 [06:52<03:39,  3.13s/it]Best trial: 0. Best value: 0.325805:  66%|██████▌   | 131/200 [06:52<03:37,  3.16s/it]                                                                                      Best trial: 0. Best value: 0.325805:  66%|██████▌   | 131/200 [06:55<03:37,  3.16s/it]Best trial: 0. Best value: 0.325805:  66%|██████▌   | 131/200 [06:55<03:37,  3.16s/it]Best trial: 0. Best value: 0.325805:  66%|██████▌   | 132/200 [06:55<03:35,  3.17s/it]                                                                                      
