[I 2026-04-12 08:29:19,624] Trial 62 finished with value: 0.3809907807167186 and parameters: {'parameters.history_length': 69, 'parameters.num_layers': 4, 'parameters.units': 134, 'parameters.dropout': 0.17582560281577553, 'parameters.batch_size': 248, 'parameters.learning_rate': 0.0012928534857649177, 'parameters.weight_decay': 0.0023819508583730062}. Best is trial 0 with value: 0.3809907807167186.Best trial: 0. Best value: 0.380991:  31%|███       | 62/200 [36:08<1:19:11, 34.43s/it]Best trial: 0. Best value: 0.380991:  31%|███       | 62/200 [36:08<1:19:11, 34.43s/it]Best trial: 0. Best value: 0.380991:  32%|███▏      | 63/200 [36:08<1:18:36, 34.43s/it]                                                                                       Best trial: 0. Best value: 0.380991:  32%|███▏      | 63/200 [36:43<1:18:36, 34.43s/it]Best trial: 0. Best value: 0.380991:  32%|███▏      | 63/200 [36:43<1:18:36, 34.43s/it]Best trial: 0. Best value: 0.380991:  32%|███▏      | 64/200 [36:43<1:17:58, 34.40s/it]                                                                                       Best trial: 0. Best value: 0.380991:  32%|███▏      | 64/200 [37:17<1:17:58, 34.40s/it]Best trial: 0. Best value: 0.380991:  32%|███▏      | 64/200 [37:17<1:17:58, 34.40s/it]Best trial: 0. Best value: 0.380991:  32%|███▎      | 65/200 [37:17<1:17:23, 34.40s/it]                                                                                       Best trial: 0. Best value: 0.380991:  32%|███▎      | 65/200 [37:52<1:17:23, 34.40s/it]Best trial: 0. Best value: 0.380991:  32%|███▎      | 65/200 [37:52<1:17:23, 34.40s/it]Best trial: 0. Best value: 0.380991:  33%|███▎      | 66/200 [37:52<1:16:53, 34.43s/it]                                                                                       Best trial: 0. Best value: 0.380991:  33%|███▎      | 66/200 [38:26<1:16:53, 34.43s/it]Best trial: 0. Best value: 0.380991:  33%|███▎      | 66/200 [38:26<1:16:53, 34.43s/it]Best trial: 0. Best value: 0.380991:  34%|███▎      | 67/200 [38:26<1:16:15, 34.41s/it]                                                                                       Best trial: 0. Best value: 0.380991:  34%|███▎      | 67/200 [39:00<1:16:15, 34.41s/it]Best trial: 0. Best value: 0.380991:  34%|███▎      | 67/200 [39:00<1:16:15, 34.41s/it]Best trial: 0. Best value: 0.380991:  34%|███▍      | 68/200 [39:00<1:15:43, 34.42s/it]                                                                                       Best trial: 0. Best value: 0.380991:  34%|███▍      | 68/200 [39:35<1:15:43, 34.42s/it]Best trial: 0. Best value: 0.380991:  34%|███▍      | 68/200 [39:35<1:15:43, 34.42s/it]Best trial: 0. Best value: 0.380991:  34%|███▍      | 69/200 [39:35<1:15:05, 34.39s/it]                                                                                       Best trial: 0. Best value: 0.380991:  34%|███▍      | 69/200 [40:09<1:15:05, 34.39s/it]Best trial: 0. Best value: 0.380991:  34%|███▍      | 69/200 [40:09<1:15:05, 34.39s/it]Best trial: 0. Best value: 0.380991:  35%|███▌      | 70/200 [40:09<1:14:32, 34.40s/it]                                                                                       Best trial: 0. Best value: 0.380991:  35%|███▌      | 70/200 [40:43<1:14:32, 34.40s/it]Best trial: 0. Best value: 0.380991:  35%|███▌      | 70/200 [40:43<1:14:32, 34.40s/it]Best trial: 0. Best value: 0.380991:  36%|███▌      | 71/200 [40:43<1:13:56, 34.39s/it]                                                                                       Best trial: 0. Best value: 0.380991:  36%|███▌      | 71/200 [41:18<1:13:56, 34.39s/it]Best trial: 0. Best value: 0.380991:  36%|███▌      | 71/200 [41:18<1:13:56, 34.39s/it]Best trial: 0. Best value: 0.380991:  36%|███▌      | 72/200 [41:18<1:13:23, 34.41s/it]                                                                                       Best trial: 0. Best value: 0.380991:  36%|███▌      | 72/200 [41:52<1:13:23, 34.41s/it]Best trial: 0. Best value: 0.380991:  36%|███▌      | 72/200 [41:52<1:13:23, 34.41s/it]Best trial: 0. Best value: 0.380991:  36%|███▋      | 73/200 [41:52<1:12:52, 34.43s/it]                                                                                       Best trial: 0. Best value: 0.380991:  36%|███▋      | 73/200 [42:27<1:12:52, 34.43s/it]Best trial: 0. Best value: 0.380991:  36%|███▋      | 73/200 [42:27<1:12:52, 34.43s/it]Best trial: 0. Best value: 0.380991:  37%|███▋      | 74/200 [42:27<1:12:20, 34.45s/it]                                                                                       Best trial: 0. Best value: 0.380991:  37%|███▋      | 74/200 [43:01<1:12:20, 34.45s/it]Best trial: 0. Best value: 0.380991:  37%|███▋      | 74/200 [43:01<1:12:20, 34.45s/it]Best trial: 0. Best value: 0.380991:  38%|███▊      | 75/200 [43:01<1:11:44, 34.43s/it]                                                                                       Best trial: 0. Best value: 0.380991:  38%|███▊      | 75/200 [43:36<1:11:44, 34.43s/it]Best trial: 0. Best value: 0.380991:  38%|███▊      | 75/200 [43:36<1:11:44, 34.43s/it]Best trial: 0. Best value: 0.380991:  38%|███▊      | 76/200 [43:36<1:11:11, 34.44s/it]                                                                                       Best trial: 0. Best value: 0.380991:  38%|███▊      | 76/200 [44:10<1:11:11, 34.44s/it]Best trial: 0. Best value: 0.380991:  38%|███▊      | 76/200 [44:10<1:11:11, 34.44s/it]Best trial: 0. Best value: 0.380991:  38%|███▊      | 77/200 [44:10<1:10:33, 34.42s/it]                                                                                       Best trial: 0. Best value: 0.380991:  38%|███▊      | 77/200 [44:45<1:10:33, 34.42s/it]Best trial: 0. Best value: 0.380991:  38%|███▊      | 77/200 [44:45<1:10:33, 34.42s/it]Best trial: 0. Best value: 0.380991:  39%|███▉      | 78/200 [44:45<1:10:00, 34.43s/it]                                                                                       Best trial: 0. Best value: 0.380991:  39%|███▉      | 78/200 [45:19<1:10:00, 34.43s/it]Best trial: 0. Best value: 0.380991:  39%|███▉      | 78/200 [45:19<1:10:00, 34.43s/it]Best trial: 0. Best value: 0.380991:  40%|███▉      | 79/200 [45:19<1:09:27, 34.44s/it]                                                                                       Best trial: 0. Best value: 0.380991:  40%|███▉      | 79/200 [45:53<1:09:27, 34.44s/it]Best trial: 0. Best value: 0.380991:  40%|███▉      | 79/200 [45:53<1:09:27, 34.44s/it]Best trial: 0. Best value: 0.380991:  40%|████      | 80/200 [45:53<1:08:52, 34.43s/it]                                                                                       Best trial: 0. Best value: 0.380991:  40%|████      | 80/200 [46:28<1:08:52, 34.43s/it]Best trial: 0. Best value: 0.380991:  40%|████      | 80/200 [46:28<1:08:52, 34.43s/it]Best trial: 0. Best value: 0.380991:  40%|████      | 81/200 [46:28<1:08:17, 34.44s/it]                                                                                       Best trial: 0. Best value: 0.380991:  40%|████      | 81/200 [47:02<1:08:17, 34.44s/it]Best trial: 0. Best value: 0.380991:  40%|████      | 81/200 [47:02<1:08:17, 34.44s/it]Best trial: 0. Best value: 0.380991:  41%|████      | 82/200 [47:02<1:07:41, 34.42s/it]                                                                                       Best trial: 0. Best value: 0.380991:  41%|████      | 82/200 [47:37<1:07:41, 34.42s/it]Best trial: 0. Best value: 0.380991:  41%|████      | 82/200 [47:37<1:07:41, 34.42s/it]Best trial: 0. Best value: 0.380991:  42%|████▏     | 83/200 [47:37<1:07:10, 34.45s/it]                                                                                       
[I 2026-04-12 08:29:53,953] Trial 63 finished with value: 0.3809907807167186 and parameters: {'parameters.history_length': 111, 'parameters.num_layers': 4, 'parameters.units': 120, 'parameters.dropout': 0.28038757742064646, 'parameters.batch_size': 167, 'parameters.learning_rate': 0.0014830483537728125, 'parameters.weight_decay': 0.0009507737627599221}. Best is trial 0 with value: 0.3809907807167186.
[I 2026-04-12 08:30:28,354] Trial 64 finished with value: 0.3809907807167186 and parameters: {'parameters.history_length': 77, 'parameters.num_layers': 4, 'parameters.units': 164, 'parameters.dropout': 0.3180513102196182, 'parameters.batch_size': 214, 'parameters.learning_rate': 0.0009982715971827635, 'parameters.weight_decay': 0.0038361076446479223}. Best is trial 0 with value: 0.3809907807167186.
[I 2026-04-12 08:31:02,843] Trial 65 finished with value: 0.3809907807167186 and parameters: {'parameters.history_length': 84, 'parameters.num_layers': 3, 'parameters.units': 85, 'parameters.dropout': 0.25728288559076157, 'parameters.batch_size': 192, 'parameters.learning_rate': 0.0005237691939575232, 'parameters.weight_decay': 0.0006153870536426127}. Best is trial 0 with value: 0.3809907807167186.
[I 2026-04-12 08:31:37,198] Trial 66 finished with value: 0.3809907807167186 and parameters: {'parameters.history_length': 65, 'parameters.num_layers': 1, 'parameters.units': 342, 'parameters.dropout': 0.35944293763664537, 'parameters.batch_size': 229, 'parameters.learning_rate': 0.00038959095403244944, 'parameters.weight_decay': 0.001586615997190812}. Best is trial 0 with value: 0.3809907807167186.
[I 2026-04-12 08:32:11,664] Trial 67 finished with value: 0.3809907807167186 and parameters: {'parameters.history_length': 87, 'parameters.num_layers': 4, 'parameters.units': 205, 'parameters.dropout': 0.22948682266368026, 'parameters.batch_size': 242, 'parameters.learning_rate': 0.0019101137235069568, 'parameters.weight_decay': 0.00011595989694708973}. Best is trial 0 with value: 0.3809907807167186.
[I 2026-04-12 08:32:45,989] Trial 68 finished with value: 0.3809907807167186 and parameters: {'parameters.history_length': 97, 'parameters.num_layers': 2, 'parameters.units': 184, 'parameters.dropout': 0.2065765135586991, 'parameters.batch_size': 137, 'parameters.learning_rate': 0.0003044763693703224, 'parameters.weight_decay': 0.002108083734039138}. Best is trial 0 with value: 0.3809907807167186.
[I 2026-04-12 08:33:20,410] Trial 69 finished with value: 0.3809907807167186 and parameters: {'parameters.history_length': 81, 'parameters.num_layers': 1, 'parameters.units': 121, 'parameters.dropout': 0.10640388623454092, 'parameters.batch_size': 317, 'parameters.learning_rate': 0.0002797888823402819, 'parameters.weight_decay': 0.0007582454228195515}. Best is trial 0 with value: 0.3809907807167186.
[I 2026-04-12 08:33:54,780] Trial 70 finished with value: 0.3809907807167186 and parameters: {'parameters.history_length': 74, 'parameters.num_layers': 2, 'parameters.units': 142, 'parameters.dropout': 0.217074823280983, 'parameters.batch_size': 361, 'parameters.learning_rate': 0.0002292086879178557, 'parameters.weight_decay': 0.00024228040619384442}. Best is trial 0 with value: 0.3809907807167186.
[I 2026-04-12 08:34:29,216] Trial 71 finished with value: 0.3809907807167186 and parameters: {'parameters.history_length': 71, 'parameters.num_layers': 4, 'parameters.units': 326, 'parameters.dropout': 0.4274138660368426, 'parameters.batch_size': 373, 'parameters.learning_rate': 0.0006448496435800164, 'parameters.weight_decay': 0.005115548084901101}. Best is trial 0 with value: 0.3809907807167186.
[I 2026-04-12 08:35:03,706] Trial 72 finished with value: 0.3809907807167186 and parameters: {'parameters.history_length': 94, 'parameters.num_layers': 4, 'parameters.units': 283, 'parameters.dropout': 0.37752859048605997, 'parameters.batch_size': 363, 'parameters.learning_rate': 0.0007111892730157618, 'parameters.weight_decay': 0.008554153146957068}. Best is trial 0 with value: 0.3809907807167186.
[I 2026-04-12 08:35:38,200] Trial 73 finished with value: 0.3809907807167186 and parameters: {'parameters.history_length': 81, 'parameters.num_layers': 4, 'parameters.units': 318, 'parameters.dropout': 0.498315582175516, 'parameters.batch_size': 353, 'parameters.learning_rate': 0.0008073312586886254, 'parameters.weight_decay': 0.006909353091722226}. Best is trial 0 with value: 0.3809907807167186.
[I 2026-04-12 08:36:12,600] Trial 74 finished with value: 0.3809907807167186 and parameters: {'parameters.history_length': 155, 'parameters.num_layers': 4, 'parameters.units': 66, 'parameters.dropout': 0.4743649360402486, 'parameters.batch_size': 338, 'parameters.learning_rate': 0.000920791264017729, 'parameters.weight_decay': 0.004803189900586077}. Best is trial 0 with value: 0.3809907807167186.
[I 2026-04-12 08:36:47,068] Trial 75 finished with value: 0.3809907807167186 and parameters: {'parameters.history_length': 148, 'parameters.num_layers': 4, 'parameters.units': 366, 'parameters.dropout': 0.2657381606290531, 'parameters.batch_size': 261, 'parameters.learning_rate': 0.0005820158780408314, 'parameters.weight_decay': 0.0011613780237066593}. Best is trial 0 with value: 0.3809907807167186.
[I 2026-04-12 08:37:21,423] Trial 76 finished with value: 0.3809907807167186 and parameters: {'parameters.history_length': 77, 'parameters.num_layers': 3, 'parameters.units': 303, 'parameters.dropout': 0.2425484747465249, 'parameters.batch_size': 180, 'parameters.learning_rate': 0.0007945267859227132, 'parameters.weight_decay': 0.007505871136309991}. Best is trial 0 with value: 0.3809907807167186.
[I 2026-04-12 08:37:55,882] Trial 77 finished with value: 0.3809907807167186 and parameters: {'parameters.history_length': 124, 'parameters.num_layers': 1, 'parameters.units': 253, 'parameters.dropout': 0.28514450439039707, 'parameters.batch_size': 199, 'parameters.learning_rate': 0.0003331263546833309, 'parameters.weight_decay': 0.004191761292356517}. Best is trial 0 with value: 0.3809907807167186.
[I 2026-04-12 08:38:30,341] Trial 78 finished with value: 0.3809907807167186 and parameters: {'parameters.history_length': 142, 'parameters.num_layers': 4, 'parameters.units': 290, 'parameters.dropout': 0.29755833042269325, 'parameters.batch_size': 375, 'parameters.learning_rate': 0.0016144069177671909, 'parameters.weight_decay': 0.005779275513987988}. Best is trial 0 with value: 0.3809907807167186.
[I 2026-04-12 08:39:04,765] Trial 79 finished with value: 0.3809907807167186 and parameters: {'parameters.history_length': 87, 'parameters.num_layers': 1, 'parameters.units': 217, 'parameters.dropout': 0.14086836417498205, 'parameters.batch_size': 149, 'parameters.learning_rate': 0.0012105910373092338, 'parameters.weight_decay': 0.00038188102286048584}. Best is trial 0 with value: 0.3809907807167186.
[I 2026-04-12 08:39:39,204] Trial 80 finished with value: 0.3809907807167186 and parameters: {'parameters.history_length': 118, 'parameters.num_layers': 2, 'parameters.units': 172, 'parameters.dropout': 0.15575925584206657, 'parameters.batch_size': 358, 'parameters.learning_rate': 0.0010176997051323828, 'parameters.weight_decay': 0.000863063472579218}. Best is trial 0 with value: 0.3809907807167186.
[I 2026-04-12 08:40:13,592] Trial 81 finished with value: 0.3809907807167186 and parameters: {'parameters.history_length': 72, 'parameters.num_layers': 1, 'parameters.units': 81, 'parameters.dropout': 0.16821415692771213, 'parameters.batch_size': 238, 'parameters.learning_rate': 0.0004282204554024554, 'parameters.weight_decay': 0.008627281708362416}. Best is trial 0 with value: 0.3809907807167186.
[I 2026-04-12 08:40:48,109] Trial 82 finished with value: 0.3809907807167186 and parameters: {'parameters.history_length': 76, 'parameters.num_layers': 1, 'parameters.units': 102, 'parameters.dropout': 0.2265910711018771, 'parameters.batch_size': 246, 'parameters.learning_rate': 0.00036236081554383325, 'parameters.weight_decay': 0.00017723984209400018}. Best is trial 0 with value: 0.3809907807167186.
