[I 2026-04-11 20:22:47,241] Trial 113 finished with value: 0.34193117700588643 and parameters: {'parameters.max_depth': 25, 'parameters.learning_rate': 0.015482680069590249, 'parameters.subsample': 0.7784393479825624, 'parameters.colsample_bytree': 0.9058752503731875, 'parameters.reg_alpha': 0.014830744808479712, 'parameters.reg_lambda': 0.8120300137476761, 'parameters.min_child_samples': 50}. Best is trial 97 with value: 0.3419311770058863.Best trial: 97. Best value: 0.341931:  56%|█████▋    | 113/200 [06:03<04:37,  3.19s/it]Best trial: 97. Best value: 0.341931:  56%|█████▋    | 113/200 [06:03<04:37,  3.19s/it]Best trial: 97. Best value: 0.341931:  57%|█████▋    | 114/200 [06:03<04:34,  3.19s/it]                                                                                       Best trial: 97. Best value: 0.341931:  57%|█████▋    | 114/200 [06:06<04:34,  3.19s/it]Best trial: 97. Best value: 0.341931:  57%|█████▋    | 114/200 [06:06<04:34,  3.19s/it]Best trial: 97. Best value: 0.341931:  57%|█████▊    | 115/200 [06:06<04:29,  3.17s/it]                                                                                       Best trial: 97. Best value: 0.341931:  57%|█████▊    | 115/200 [06:09<04:29,  3.17s/it]Best trial: 97. Best value: 0.341931:  57%|█████▊    | 115/200 [06:09<04:29,  3.17s/it]Best trial: 97. Best value: 0.341931:  58%|█████▊    | 116/200 [06:09<04:26,  3.18s/it]                                                                                       Best trial: 97. Best value: 0.341931:  58%|█████▊    | 116/200 [06:13<04:26,  3.18s/it]Best trial: 97. Best value: 0.341931:  58%|█████▊    | 116/200 [06:13<04:26,  3.18s/it]Best trial: 97. Best value: 0.341931:  58%|█████▊    | 117/200 [06:13<04:24,  3.19s/it]                                                                                       Best trial: 97. Best value: 0.341931:  58%|█████▊    | 117/200 [06:16<04:24,  3.19s/it]Best trial: 97. Best value: 0.341931:  58%|█████▊    | 117/200 [06:16<04:24,  3.19s/it]Best trial: 97. Best value: 0.341931:  59%|█████▉    | 118/200 [06:16<04:21,  3.19s/it]                                                                                       Best trial: 97. Best value: 0.341931:  59%|█████▉    | 118/200 [06:19<04:21,  3.19s/it]Best trial: 97. Best value: 0.341931:  59%|█████▉    | 118/200 [06:19<04:21,  3.19s/it]Best trial: 97. Best value: 0.341931:  60%|█████▉    | 119/200 [06:19<04:16,  3.17s/it]                                                                                       Best trial: 97. Best value: 0.341931:  60%|█████▉    | 119/200 [06:22<04:16,  3.17s/it]Best trial: 97. Best value: 0.341931:  60%|█████▉    | 119/200 [06:22<04:16,  3.17s/it]Best trial: 97. Best value: 0.341931:  60%|██████    | 120/200 [06:22<04:15,  3.19s/it]                                                                                       Best trial: 97. Best value: 0.341931:  60%|██████    | 120/200 [06:25<04:15,  3.19s/it]Best trial: 97. Best value: 0.341931:  60%|██████    | 120/200 [06:25<04:15,  3.19s/it]Best trial: 97. Best value: 0.341931:  60%|██████    | 121/200 [06:25<04:10,  3.17s/it]                                                                                       Best trial: 97. Best value: 0.341931:  60%|██████    | 121/200 [06:28<04:10,  3.17s/it]Best trial: 97. Best value: 0.341931:  60%|██████    | 121/200 [06:28<04:10,  3.17s/it]Best trial: 97. Best value: 0.341931:  61%|██████    | 122/200 [06:28<04:08,  3.19s/it]                                                                                       Best trial: 97. Best value: 0.341931:  61%|██████    | 122/200 [06:32<04:08,  3.19s/it]Best trial: 97. Best value: 0.341931:  61%|██████    | 122/200 [06:32<04:08,  3.19s/it]Best trial: 97. Best value: 0.341931:  62%|██████▏   | 123/200 [06:32<04:04,  3.18s/it]                                                                                       Best trial: 97. Best value: 0.341931:  62%|██████▏   | 123/200 [06:35<04:04,  3.18s/it]Best trial: 97. Best value: 0.341931:  62%|██████▏   | 123/200 [06:35<04:04,  3.18s/it]Best trial: 97. Best value: 0.341931:  62%|██████▏   | 124/200 [06:35<04:01,  3.18s/it]                                                                                       Best trial: 97. Best value: 0.341931:  62%|██████▏   | 124/200 [06:38<04:01,  3.18s/it]Best trial: 97. Best value: 0.341931:  62%|██████▏   | 124/200 [06:38<04:01,  3.18s/it]Best trial: 97. Best value: 0.341931:  62%|██████▎   | 125/200 [06:38<03:59,  3.19s/it]                                                                                       Best trial: 97. Best value: 0.341931:  62%|██████▎   | 125/200 [06:41<03:59,  3.19s/it]Best trial: 97. Best value: 0.341931:  62%|██████▎   | 125/200 [06:41<03:59,  3.19s/it]Best trial: 97. Best value: 0.341931:  63%|██████▎   | 126/200 [06:41<03:54,  3.17s/it]                                                                                       Best trial: 97. Best value: 0.341931:  63%|██████▎   | 126/200 [06:44<03:54,  3.17s/it]Best trial: 97. Best value: 0.341931:  63%|██████▎   | 126/200 [06:44<03:54,  3.17s/it]Best trial: 97. Best value: 0.341931:  64%|██████▎   | 127/200 [06:44<03:50,  3.16s/it]                                                                                       Best trial: 97. Best value: 0.341931:  64%|██████▎   | 127/200 [06:47<03:50,  3.16s/it]Best trial: 97. Best value: 0.341931:  64%|██████▎   | 127/200 [06:47<03:50,  3.16s/it]Best trial: 97. Best value: 0.341931:  64%|██████▍   | 128/200 [06:47<03:47,  3.16s/it]                                                                                       Best trial: 97. Best value: 0.341931:  64%|██████▍   | 128/200 [06:51<03:47,  3.16s/it]Best trial: 97. Best value: 0.341931:  64%|██████▍   | 128/200 [06:51<03:47,  3.16s/it]Best trial: 97. Best value: 0.341931:  64%|██████▍   | 129/200 [06:51<03:45,  3.17s/it]                                                                                       Best trial: 97. Best value: 0.341931:  64%|██████▍   | 129/200 [06:54<03:45,  3.17s/it]Best trial: 97. Best value: 0.341931:  64%|██████▍   | 129/200 [06:54<03:45,  3.17s/it]Best trial: 97. Best value: 0.341931:  65%|██████▌   | 130/200 [06:54<03:41,  3.16s/it]                                                                                       Best trial: 97. Best value: 0.341931:  65%|██████▌   | 130/200 [06:57<03:41,  3.16s/it]Best trial: 97. Best value: 0.341931:  65%|██████▌   | 130/200 [06:57<03:41,  3.16s/it]Best trial: 97. Best value: 0.341931:  66%|██████▌   | 131/200 [06:57<03:37,  3.16s/it]                                                                                       Best trial: 97. Best value: 0.341931:  66%|██████▌   | 131/200 [07:00<03:37,  3.16s/it]Best trial: 97. Best value: 0.341931:  66%|██████▌   | 131/200 [07:00<03:37,  3.16s/it]Best trial: 97. Best value: 0.341931:  66%|██████▌   | 132/200 [07:00<03:35,  3.17s/it]                                                                                       
[I 2026-04-11 20:22:50,372] Trial 114 finished with value: 0.3419311770058864 and parameters: {'parameters.max_depth': 25, 'parameters.learning_rate': 0.009918740066468739, 'parameters.subsample': 0.770144462407956, 'parameters.colsample_bytree': 0.8562408273010373, 'parameters.reg_alpha': 0.0020752570133526433, 'parameters.reg_lambda': 0.7653896227965332, 'parameters.min_child_samples': 29}. Best is trial 97 with value: 0.3419311770058863.
[I 2026-04-11 20:22:53,558] Trial 115 finished with value: 0.3419311770058864 and parameters: {'parameters.max_depth': 21, 'parameters.learning_rate': 0.011549414810499306, 'parameters.subsample': 0.8635462081443699, 'parameters.colsample_bytree': 0.9698576297453425, 'parameters.reg_alpha': 0.0043792087520956036, 'parameters.reg_lambda': 1.3132003192337496, 'parameters.min_child_samples': 42}. Best is trial 97 with value: 0.3419311770058863.
[I 2026-04-11 20:22:56,777] Trial 116 finished with value: 0.3419311770058864 and parameters: {'parameters.max_depth': 24, 'parameters.learning_rate': 0.00912884067995442, 'parameters.subsample': 0.6166032753144303, 'parameters.colsample_bytree': 0.8689232843655914, 'parameters.reg_alpha': 0.023296751814605107, 'parameters.reg_lambda': 1.5969410805846624, 'parameters.min_child_samples': 10}. Best is trial 97 with value: 0.3419311770058863.
[I 2026-04-11 20:22:59,955] Trial 117 finished with value: 0.3419311770058864 and parameters: {'parameters.max_depth': 15, 'parameters.learning_rate': 0.003280010657753078, 'parameters.subsample': 0.8463521137343076, 'parameters.colsample_bytree': 0.8982350116088154, 'parameters.reg_alpha': 0.8926608430818974, 'parameters.reg_lambda': 0.8534092130727162, 'parameters.min_child_samples': 89}. Best is trial 97 with value: 0.3419311770058863.
[I 2026-04-11 20:23:03,091] Trial 118 finished with value: 0.3419311770058864 and parameters: {'parameters.max_depth': 26, 'parameters.learning_rate': 0.005709213091649907, 'parameters.subsample': 0.8346805960920899, 'parameters.colsample_bytree': 0.6186161083971583, 'parameters.reg_alpha': 0.001311777677042744, 'parameters.reg_lambda': 1.3598236658399554, 'parameters.min_child_samples': 63}. Best is trial 97 with value: 0.3419311770058863.
[I 2026-04-11 20:23:06,333] Trial 119 finished with value: 0.34193117700588643 and parameters: {'parameters.max_depth': 13, 'parameters.learning_rate': 0.007397946460906069, 'parameters.subsample': 0.8557891136753272, 'parameters.colsample_bytree': 0.9300461805924182, 'parameters.reg_alpha': 0.07733082609085305, 'parameters.reg_lambda': 1.2147773918504392, 'parameters.min_child_samples': 36}. Best is trial 97 with value: 0.3419311770058863.
[I 2026-04-11 20:23:09,451] Trial 120 finished with value: 0.3419311770058864 and parameters: {'parameters.max_depth': 18, 'parameters.learning_rate': 0.0024933575768358663, 'parameters.subsample': 0.7569521061165707, 'parameters.colsample_bytree': 0.8813058091222882, 'parameters.reg_alpha': 0.17404049912877562, 'parameters.reg_lambda': 4.5313012771615275, 'parameters.min_child_samples': 33}. Best is trial 97 with value: 0.3419311770058863.
[I 2026-04-11 20:23:12,676] Trial 121 finished with value: 0.34193117700588643 and parameters: {'parameters.max_depth': 30, 'parameters.learning_rate': 0.014401466806490733, 'parameters.subsample': 0.733235563278437, 'parameters.colsample_bytree': 0.6723333216466075, 'parameters.reg_alpha': 0.11631271957090215, 'parameters.reg_lambda': 0.5671268464603494, 'parameters.min_child_samples': 16}. Best is trial 97 with value: 0.3419311770058863.
[I 2026-04-11 20:23:15,843] Trial 122 finished with value: 0.3419311770058864 and parameters: {'parameters.max_depth': 29, 'parameters.learning_rate': 0.010238418873760188, 'parameters.subsample': 0.793837134008158, 'parameters.colsample_bytree': 0.6556133184431143, 'parameters.reg_alpha': 0.09668265591598776, 'parameters.reg_lambda': 0.5188840674947128, 'parameters.min_child_samples': 14}. Best is trial 97 with value: 0.3419311770058863.
[I 2026-04-11 20:23:19,025] Trial 123 finished with value: 0.34193117700588643 and parameters: {'parameters.max_depth': 28, 'parameters.learning_rate': 0.01075162824388401, 'parameters.subsample': 0.7456511837901653, 'parameters.colsample_bytree': 0.6445363062384635, 'parameters.reg_alpha': 0.06319333515007011, 'parameters.reg_lambda': 0.7353535099371415, 'parameters.min_child_samples': 12}. Best is trial 97 with value: 0.3419311770058863.
[I 2026-04-11 20:23:22,230] Trial 124 finished with value: 0.34193117700588643 and parameters: {'parameters.max_depth': 30, 'parameters.learning_rate': 0.018769784155346303, 'parameters.subsample': 0.7214469945555142, 'parameters.colsample_bytree': 0.6083877571373916, 'parameters.reg_alpha': 0.006573035999999482, 'parameters.reg_lambda': 2.850996766328538, 'parameters.min_child_samples': 22}. Best is trial 97 with value: 0.3419311770058863.
[I 2026-04-11 20:23:25,362] Trial 125 finished with value: 0.34193117700588643 and parameters: {'parameters.max_depth': 22, 'parameters.learning_rate': 0.008962281265519628, 'parameters.subsample': 0.7556637587079539, 'parameters.colsample_bytree': 0.8250498855599259, 'parameters.reg_alpha': 0.03742753240522831, 'parameters.reg_lambda': 0.5016738570722679, 'parameters.min_child_samples': 18}. Best is trial 97 with value: 0.3419311770058863.
[I 2026-04-11 20:23:28,507] Trial 126 finished with value: 0.3419311770058864 and parameters: {'parameters.max_depth': 5, 'parameters.learning_rate': 0.008408170102324893, 'parameters.subsample': 0.8892943500907396, 'parameters.colsample_bytree': 0.6012960753449551, 'parameters.reg_alpha': 0.029200121983911947, 'parameters.reg_lambda': 0.5875616240656572, 'parameters.min_child_samples': 24}. Best is trial 97 with value: 0.3419311770058863.
[I 2026-04-11 20:23:31,648] Trial 127 finished with value: 0.3419311770058864 and parameters: {'parameters.max_depth': 6, 'parameters.learning_rate': 0.0036203677361386793, 'parameters.subsample': 0.7866008849421815, 'parameters.colsample_bytree': 0.9893164367154503, 'parameters.reg_alpha': 0.3998683793649785, 'parameters.reg_lambda': 0.6343254626658947, 'parameters.min_child_samples': 27}. Best is trial 97 with value: 0.3419311770058863.
[I 2026-04-11 20:23:34,849] Trial 128 finished with value: 0.3419311770058864 and parameters: {'parameters.max_depth': 12, 'parameters.learning_rate': 0.009693217250464148, 'parameters.subsample': 0.9487954354931649, 'parameters.colsample_bytree': 0.7258335999428891, 'parameters.reg_alpha': 0.04990592808690834, 'parameters.reg_lambda': 1.5236325696025959, 'parameters.min_child_samples': 19}. Best is trial 97 with value: 0.3419311770058863.
[I 2026-04-11 20:23:38,000] Trial 129 finished with value: 0.3419311770058864 and parameters: {'parameters.max_depth': 19, 'parameters.learning_rate': 0.006980351810301938, 'parameters.subsample': 0.6075963984162286, 'parameters.colsample_bytree': 0.6649623623038702, 'parameters.reg_alpha': 0.3136021449222487, 'parameters.reg_lambda': 0.6963542330582977, 'parameters.min_child_samples': 94}. Best is trial 97 with value: 0.3419311770058863.
[I 2026-04-11 20:23:41,134] Trial 130 finished with value: 0.3419311770058864 and parameters: {'parameters.max_depth': 9, 'parameters.learning_rate': 0.009353422469853385, 'parameters.subsample': 0.9847817455101661, 'parameters.colsample_bytree': 0.8029480726177309, 'parameters.reg_alpha': 0.20640272386862038, 'parameters.reg_lambda': 1.686608390673872, 'parameters.min_child_samples': 30}. Best is trial 97 with value: 0.3419311770058863.
[I 2026-04-11 20:23:44,345] Trial 131 finished with value: 0.34193117700588643 and parameters: {'parameters.max_depth': 16, 'parameters.learning_rate': 0.012229501935010012, 'parameters.subsample': 0.8705328318644279, 'parameters.colsample_bytree': 0.7039917172166639, 'parameters.reg_alpha': 0.0030508497206261508, 'parameters.reg_lambda': 3.194254386700669, 'parameters.min_child_samples': 52}. Best is trial 97 with value: 0.3419311770058863.
