[I 2026-04-11 20:59:38,245] Trial 11 finished with value: 0.3419311770058864 and parameters: {'parameters.max_depth': 30, 'parameters.learning_rate': 0.008470589597735804, 'parameters.subsample': 0.8749144657864892, 'parameters.colsample_bytree': 0.6048440398795121, 'parameters.reg_alpha': 0.10920329342525148, 'parameters.reg_lambda': 3.1422570578252427, 'parameters.min_child_samples': 15}. Best is trial 0 with value: 0.3419311770058864.
[I 2026-04-11 20:59:41,476] Trial 12 finished with value: 0.3419311770058864 and parameters: {'parameters.max_depth': 24, 'parameters.learning_rate': 0.012069277933399744, 'parameters.subsample': 0.9578054514185212, 'parameters.colsample_bytree': 0.8685013124534056, 'parameters.reg_alpha': 0.0046488040280928304, 'parameters.reg_lambda': 2.3873608586922304, 'parameters.min_child_samples': 29}. Best is trial 0 with value: 0.3419311770058864.
[I 2026-04-11 20:59:44,669] Trial 13 finished with value: 0.3419311770058864 and parameters: {'parameters.max_depth': 13, 'parameters.learning_rate': 0.006368290480935789, 'parameters.subsample': 0.8673852710079396, 'parameters.colsample_bytree': 0.7277709798845159, 'parameters.reg_alpha': 1.859769626503809, 'parameters.reg_lambda': 3.9157418425058084, 'parameters.min_child_samples': 30}. Best is trial 0 with value: 0.3419311770058864.
[I 2026-04-11 20:59:47,875] Trial 14 finished with value: 0.3419311770058864 and parameters: {'parameters.max_depth': 14, 'parameters.learning_rate': 0.006546367916083888, 'parameters.subsample': 0.9230248004832512, 'parameters.colsample_bytree': 0.8101598732908504, 'parameters.reg_alpha': 0.11063479504966263, 'parameters.reg_lambda': 2.658915069073984, 'parameters.min_child_samples': 31}. Best is trial 0 with value: 0.3419311770058864.
[I 2026-04-11 20:59:51,030] Trial 15 finished with value: 0.34193117700588643 and parameters: {'parameters.max_depth': 22, 'parameters.learning_rate': 0.012412282376911611, 'parameters.subsample': 0.8240677052844377, 'parameters.colsample_bytree': 0.9066082979664373, 'parameters.reg_alpha': 0.004433711887088472, 'parameters.reg_lambda': 1.315307009833882, 'parameters.min_child_samples': 42}. Best is trial 0 with value: 0.3419311770058864.
[I 2026-04-11 20:59:54,269] Trial 16 finished with value: 0.3419311770058864 and parameters: {'parameters.max_depth': 30, 'parameters.learning_rate': 0.00850270437795167, 'parameters.subsample': 0.7559608023845226, 'parameters.colsample_bytree': 0.6501557290152649, 'parameters.reg_alpha': 0.08836541877863288, 'parameters.reg_lambda': 0.5040525634000519, 'parameters.min_child_samples': 21}. Best is trial 0 with value: 0.3419311770058864.
[I 2026-04-11 20:59:57,490] Trial 17 finished with value: 0.3419311770058864 and parameters: {'parameters.max_depth': 16, 'parameters.learning_rate': 0.014879178281017166, 'parameters.subsample': 0.8411484596540093, 'parameters.colsample_bytree': 0.699929602664618, 'parameters.reg_alpha': 0.004989806112511909, 'parameters.reg_lambda': 3.185986559188151, 'parameters.min_child_samples': 45}. Best is trial 0 with value: 0.3419311770058864.
[I 2026-04-11 21:00:00,706] Trial 18 finished with value: 0.3419311770058864 and parameters: {'parameters.max_depth': 27, 'parameters.learning_rate': 0.005451281961346577, 'parameters.subsample': 0.921771710569886, 'parameters.colsample_bytree': 0.606626319016001, 'parameters.reg_alpha': 0.26544945315127133, 'parameters.reg_lambda': 1.813785382020627, 'parameters.min_child_samples': 40}. Best is trial 0 with value: 0.3419311770058864.Best trial: 0. Best value: 0.341931:   9%|▉         | 18/200 [01:01<09:44,  3.21s/it]Best trial: 0. Best value: 0.341931:   9%|▉         | 18/200 [01:01<09:44,  3.21s/it]Best trial: 0. Best value: 0.341931:  10%|▉         | 19/200 [01:01<09:41,  3.21s/it]                                                                                     Best trial: 0. Best value: 0.341931:  10%|▉         | 19/200 [01:04<09:41,  3.21s/it]Best trial: 0. Best value: 0.341931:  10%|▉         | 19/200 [01:04<09:41,  3.21s/it]Best trial: 0. Best value: 0.341931:  10%|█         | 20/200 [01:04<09:37,  3.21s/it]                                                                                     Best trial: 0. Best value: 0.341931:  10%|█         | 20/200 [01:07<09:37,  3.21s/it]Best trial: 0. Best value: 0.341931:  10%|█         | 20/200 [01:07<09:37,  3.21s/it]Best trial: 0. Best value: 0.341931:  10%|█         | 21/200 [01:07<09:34,  3.21s/it]                                                                                     Best trial: 0. Best value: 0.341931:  10%|█         | 21/200 [01:10<09:34,  3.21s/it]Best trial: 0. Best value: 0.341931:  10%|█         | 21/200 [01:10<09:34,  3.21s/it]Best trial: 0. Best value: 0.341931:  11%|█         | 22/200 [01:10<09:33,  3.22s/it]                                                                                     Best trial: 0. Best value: 0.341931:  11%|█         | 22/200 [01:13<09:33,  3.22s/it]Best trial: 0. Best value: 0.341931:  11%|█         | 22/200 [01:13<09:33,  3.22s/it]Best trial: 0. Best value: 0.341931:  12%|█▏        | 23/200 [01:13<09:26,  3.20s/it]                                                                                     Best trial: 0. Best value: 0.341931:  12%|█▏        | 23/200 [01:17<09:26,  3.20s/it]Best trial: 0. Best value: 0.341931:  12%|█▏        | 23/200 [01:17<09:26,  3.20s/it]Best trial: 0. Best value: 0.341931:  12%|█▏        | 24/200 [01:17<09:21,  3.19s/it]                                                                                     Best trial: 0. Best value: 0.341931:  12%|█▏        | 24/200 [01:20<09:21,  3.19s/it]Best trial: 0. Best value: 0.341931:  12%|█▏        | 24/200 [01:20<09:21,  3.19s/it]Best trial: 0. Best value: 0.341931:  12%|█▎        | 25/200 [01:20<09:17,  3.19s/it]                                                                                     Best trial: 0. Best value: 0.341931:  12%|█▎        | 25/200 [01:23<09:17,  3.19s/it]Best trial: 0. Best value: 0.341931:  12%|█▎        | 25/200 [01:23<09:17,  3.19s/it]Best trial: 0. Best value: 0.341931:  13%|█▎        | 26/200 [01:23<09:18,  3.21s/it]                                                                                     Best trial: 0. Best value: 0.341931:  13%|█▎        | 26/200 [01:26<09:18,  3.21s/it]Best trial: 0. Best value: 0.341931:  13%|█▎        | 26/200 [01:26<09:18,  3.21s/it]Best trial: 0. Best value: 0.341931:  14%|█▎        | 27/200 [01:26<09:14,  3.21s/it]                                                                                     Best trial: 0. Best value: 0.341931:  14%|█▎        | 27/200 [01:29<09:14,  3.21s/it]Best trial: 0. Best value: 0.341931:  14%|█▎        | 27/200 [01:29<09:14,  3.21s/it]Best trial: 0. Best value: 0.341931:  14%|█▍        | 28/200 [01:29<09:08,  3.19s/it]                                                                                     Best trial: 0. Best value: 0.341931:  14%|█▍        | 28/200 [01:32<09:08,  3.19s/it]Best trial: 0. Best value: 0.341931:  14%|█▍        | 28/200 [01:32<09:08,  3.19s/it]Best trial: 0. Best value: 0.341931:  14%|█▍        | 29/200 [01:32<09:02,  3.17s/it]                                                                                     Best trial: 0. Best value: 0.341931:  14%|█▍        | 29/200 [01:36<09:02,  3.17s/it]Best trial: 0. Best value: 0.341931:  14%|█▍        | 29/200 [01:36<09:02,  3.17s/it]Best trial: 0. Best value: 0.341931:  15%|█▌        | 30/200 [01:36<09:00,  3.18s/it]                                                                                     Best trial: 0. Best value: 0.341931:  15%|█▌        | 30/200 [01:39<09:00,  3.18s/it]Best trial: 0. Best value: 0.341931:  15%|█▌        | 30/200 [01:39<09:00,  3.18s/it]Best trial: 0. Best value: 0.341931:  16%|█▌        | 31/200 [01:39<08:58,  3.18s/it]                                                                                     Best trial: 0. Best value: 0.341931:  16%|█▌        | 31/200 [01:42<08:58,  3.18s/it]Best trial: 0. Best value: 0.341931:  16%|█▌        | 31/200 [01:42<08:58,  3.18s/it]Best trial: 0. Best value: 0.341931:  16%|█▌        | 32/200 [01:42<08:56,  3.19s/it]                                                                                     Best trial: 0. Best value: 0.341931:  16%|█▌        | 32/200 [01:45<08:56,  3.19s/it]Best trial: 0. Best value: 0.341931:  16%|█▌        | 32/200 [01:45<08:56,  3.19s/it]Best trial: 0. Best value: 0.341931:  16%|█▋        | 33/200 [01:45<08:52,  3.19s/it]                                                                                     Best trial: 0. Best value: 0.341931:  16%|█▋        | 33/200 [01:48<08:52,  3.19s/it]Best trial: 0. Best value: 0.341931:  16%|█▋        | 33/200 [01:48<08:52,  3.19s/it]Best trial: 0. Best value: 0.341931:  17%|█▋        | 34/200 [01:48<08:48,  3.18s/it]                                                                                     Best trial: 0. Best value: 0.341931:  17%|█▋        | 34/200 [01:52<08:48,  3.18s/it]Best trial: 0. Best value: 0.341931:  17%|█▋        | 34/200 [01:52<08:48,  3.18s/it]Best trial: 0. Best value: 0.341931:  18%|█▊        | 35/200 [01:52<08:44,  3.18s/it]                                                                                     Best trial: 0. Best value: 0.341931:  18%|█▊        | 35/200 [01:55<08:44,  3.18s/it]Best trial: 0. Best value: 0.341931:  18%|█▊        | 35/200 [01:55<08:44,  3.18s/it]Best trial: 0. Best value: 0.341931:  18%|█▊        | 36/200 [01:55<08:40,  3.17s/it]                                                                                     Best trial: 0. Best value: 0.341931:  18%|█▊        | 36/200 [01:58<08:40,  3.17s/it]Best trial: 0. Best value: 0.341931:  18%|█▊        | 36/200 [01:58<08:40,  3.17s/it]Best trial: 0. Best value: 0.341931:  18%|█▊        | 37/200 [01:58<08:41,  3.20s/it]                                                                                     
[I 2026-04-11 21:00:03,899] Trial 19 finished with value: 0.3419311770058864 and parameters: {'parameters.max_depth': 20, 'parameters.learning_rate': 0.01948965205836393, 'parameters.subsample': 0.771222181980384, 'parameters.colsample_bytree': 0.9127446807815301, 'parameters.reg_alpha': 0.060277553758118864, 'parameters.reg_lambda': 4.9789952191503914, 'parameters.min_child_samples': 21}. Best is trial 0 with value: 0.3419311770058864.
[I 2026-04-11 21:00:07,114] Trial 20 finished with value: 0.3419311770058864 and parameters: {'parameters.max_depth': 10, 'parameters.learning_rate': 0.008625521148689816, 'parameters.subsample': 0.998479785802115, 'parameters.colsample_bytree': 0.758762786970916, 'parameters.reg_alpha': 0.011369666174929138, 'parameters.reg_lambda': 1.2038999425032693, 'parameters.min_child_samples': 21}. Best is trial 0 with value: 0.3419311770058864.
[I 2026-04-11 21:00:10,358] Trial 21 finished with value: 0.34193117700588643 and parameters: {'parameters.max_depth': 10, 'parameters.learning_rate': 0.005367640929461436, 'parameters.subsample': 0.7224621312657005, 'parameters.colsample_bytree': 0.7547077314120845, 'parameters.reg_alpha': 1.9587587996247795, 'parameters.reg_lambda': 0.8389926225608864, 'parameters.min_child_samples': 71}. Best is trial 0 with value: 0.3419311770058864.
[I 2026-04-11 21:00:13,507] Trial 22 finished with value: 0.3419311770058864 and parameters: {'parameters.max_depth': 16, 'parameters.learning_rate': 0.004608853319256752, 'parameters.subsample': 0.7354063815368557, 'parameters.colsample_bytree': 0.7943414439504268, 'parameters.reg_alpha': 0.30395412745479206, 'parameters.reg_lambda': 0.7958801148232414, 'parameters.min_child_samples': 50}. Best is trial 0 with value: 0.3419311770058864.
[I 2026-04-11 21:00:16,683] Trial 23 finished with value: 0.3419311770058864 and parameters: {'parameters.max_depth': 11, 'parameters.learning_rate': 0.0023103233586983644, 'parameters.subsample': 0.6828692348271879, 'parameters.colsample_bytree': 0.6873106152314347, 'parameters.reg_alpha': 0.787875980464886, 'parameters.reg_lambda': 0.6882400536811271, 'parameters.min_child_samples': 70}. Best is trial 0 with value: 0.3419311770058864.
[I 2026-04-11 21:00:19,856] Trial 24 finished with value: 0.3419311770058864 and parameters: {'parameters.max_depth': 21, 'parameters.learning_rate': 0.003133672841981954, 'parameters.subsample': 0.6522112055118034, 'parameters.colsample_bytree': 0.8139633771379066, 'parameters.reg_alpha': 0.7684237639021767, 'parameters.reg_lambda': 1.0577126910932686, 'parameters.min_child_samples': 34}. Best is trial 0 with value: 0.3419311770058864.
[I 2026-04-11 21:00:23,116] Trial 25 finished with value: 0.3419311770058864 and parameters: {'parameters.max_depth': 4, 'parameters.learning_rate': 0.01314849880732552, 'parameters.subsample': 0.7998610834363407, 'parameters.colsample_bytree': 0.6744141408166886, 'parameters.reg_alpha': 0.36576303410597094, 'parameters.reg_lambda': 1.4815761714825029, 'parameters.min_child_samples': 79}. Best is trial 0 with value: 0.3419311770058864.
[I 2026-04-11 21:00:26,320] Trial 26 finished with value: 0.3419311770058864 and parameters: {'parameters.max_depth': 7, 'parameters.learning_rate': 0.007353839231358779, 'parameters.subsample': 0.8506398337331939, 'parameters.colsample_bytree': 0.7274074164297525, 'parameters.reg_alpha': 1.1457154655655872, 'parameters.reg_lambda': 0.5342041074342755, 'parameters.min_child_samples': 12}. Best is trial 0 with value: 0.3419311770058864.
[I 2026-04-11 21:00:29,459] Trial 27 finished with value: 0.3419311770058864 and parameters: {'parameters.max_depth': 27, 'parameters.learning_rate': 0.010363802377351367, 'parameters.subsample': 0.9111810624806276, 'parameters.colsample_bytree': 0.903651875589084, 'parameters.reg_alpha': 0.24761675463507155, 'parameters.reg_lambda': 0.7174822830545589, 'parameters.min_child_samples': 48}. Best is trial 0 with value: 0.3419311770058864.
[I 2026-04-11 21:00:32,593] Trial 28 finished with value: 0.3419311770058864 and parameters: {'parameters.max_depth': 14, 'parameters.learning_rate': 0.005188193963640885, 'parameters.subsample': 0.7437639489780303, 'parameters.colsample_bytree': 0.7439725683006275, 'parameters.reg_alpha': 0.0025789378262523407, 'parameters.reg_lambda': 2.1940050742240804, 'parameters.min_child_samples': 37}. Best is trial 0 with value: 0.3419311770058864.
[I 2026-04-11 21:00:35,784] Trial 29 finished with value: 0.3419311770058864 and parameters: {'parameters.max_depth': 11, 'parameters.learning_rate': 0.003704025117425905, 'parameters.subsample': 0.697033521515377, 'parameters.colsample_bytree': 0.7864715512588101, 'parameters.reg_alpha': 0.14399577239611766, 'parameters.reg_lambda': 0.9127585421639011, 'parameters.min_child_samples': 63}. Best is trial 0 with value: 0.3419311770058864.
[I 2026-04-11 21:00:38,987] Trial 30 finished with value: 0.34193117700588643 and parameters: {'parameters.max_depth': 23, 'parameters.learning_rate': 0.01063613909673423, 'parameters.subsample': 0.9520740561469561, 'parameters.colsample_bytree': 0.8799253935240596, 'parameters.reg_alpha': 0.04172542394775692, 'parameters.reg_lambda': 1.0563848997391045, 'parameters.min_child_samples': 24}. Best is trial 0 with value: 0.3419311770058864.
[I 2026-04-11 21:00:42,195] Trial 31 finished with value: 0.3419311770058864 and parameters: {'parameters.max_depth': 4, 'parameters.learning_rate': 0.015974546523498497, 'parameters.subsample': 0.6727272583233742, 'parameters.colsample_bytree': 0.8281632764149585, 'parameters.reg_alpha': 0.008376351407844738, 'parameters.reg_lambda': 1.6334916888250028, 'parameters.min_child_samples': 60}. Best is trial 0 with value: 0.3419311770058864.
[I 2026-04-11 21:00:45,382] Trial 32 finished with value: 0.34193117700588643 and parameters: {'parameters.max_depth': 6, 'parameters.learning_rate': 0.017317233413728195, 'parameters.subsample': 0.7023478708968209, 'parameters.colsample_bytree': 0.8409319123486052, 'parameters.reg_alpha': 0.002201411496177386, 'parameters.reg_lambda': 3.4333532406438754, 'parameters.min_child_samples': 58}. Best is trial 0 with value: 0.3419311770058864.
[I 2026-04-11 21:00:48,541] Trial 33 finished with value: 0.3419311770058864 and parameters: {'parameters.max_depth': 8, 'parameters.learning_rate': 0.002556229248541687, 'parameters.subsample': 0.657527414321255, 'parameters.colsample_bytree': 0.7716460034986384, 'parameters.reg_alpha': 0.012923358180908347, 'parameters.reg_lambda': 0.6123003989730044, 'parameters.min_child_samples': 54}. Best is trial 0 with value: 0.3419311770058864.
[I 2026-04-11 21:00:51,713] Trial 34 finished with value: 0.3419311770058864 and parameters: {'parameters.max_depth': 5, 'parameters.learning_rate': 0.015068484688834368, 'parameters.subsample': 0.7076792422704609, 'parameters.colsample_bytree': 0.8631131317648262, 'parameters.reg_alpha': 0.006452319882317261, 'parameters.reg_lambda': 0.7702261177959031, 'parameters.min_child_samples': 72}. Best is trial 0 with value: 0.3419311770058864.
[I 2026-04-11 21:00:54,872] Trial 35 finished with value: 0.3419311770058864 and parameters: {'parameters.max_depth': 8, 'parameters.learning_rate': 0.014167954077207258, 'parameters.subsample': 0.6351374006774549, 'parameters.colsample_bytree': 0.9280434459890148, 'parameters.reg_alpha': 0.023046666820161925, 'parameters.reg_lambda': 2.7166647089992932, 'parameters.min_child_samples': 66}. Best is trial 0 with value: 0.3419311770058864.
[I 2026-04-11 21:00:58,126] Trial 36 finished with value: 0.3419311770058864 and parameters: {'parameters.max_depth': 17, 'parameters.learning_rate': 0.017464857348486858, 'parameters.subsample': 0.7999167064931895, 'parameters.colsample_bytree': 0.6273838094268059, 'parameters.reg_alpha': 0.0025701768599033377, 'parameters.reg_lambda': 1.8776327797700183, 'parameters.min_child_samples': 81}. Best is trial 0 with value: 0.3419311770058864.
