[I 2026-04-11 21:23:57,426] Trial 21 finished with value: 0.38843612003763883 and parameters: {'parameters.mid_layer_count': 5, 'parameters.mid_layer_size': 132, 'parameters.dropout': 0.09879238608643519, 'parameters.batch_size': 73, 'parameters.learning_rate': 0.00031765411534966694, 'parameters.weight_decay': 0.0005450736239932124}. Best is trial 0 with value: 0.38843612003763883.Best trial: 0. Best value: 0.388436:  10%|█         | 21/200 [01:46<14:20,  4.81s/it]Best trial: 0. Best value: 0.388436:  10%|█         | 21/200 [01:46<14:20,  4.81s/it]Best trial: 0. Best value: 0.388436:  11%|█         | 22/200 [01:46<14:09,  4.77s/it]                                                                                     Best trial: 0. Best value: 0.388436:  11%|█         | 22/200 [01:50<14:09,  4.77s/it]Best trial: 0. Best value: 0.388436:  11%|█         | 22/200 [01:50<14:09,  4.77s/it]Best trial: 0. Best value: 0.388436:  12%|█▏        | 23/200 [01:50<14:05,  4.78s/it]                                                                                     Best trial: 0. Best value: 0.388436:  12%|█▏        | 23/200 [01:55<14:05,  4.78s/it]Best trial: 0. Best value: 0.388436:  12%|█▏        | 23/200 [01:55<14:05,  4.78s/it]Best trial: 0. Best value: 0.388436:  12%|█▏        | 24/200 [01:55<14:07,  4.81s/it]                                                                                     Best trial: 0. Best value: 0.388436:  12%|█▏        | 24/200 [02:00<14:07,  4.81s/it]Best trial: 0. Best value: 0.388436:  12%|█▏        | 24/200 [02:00<14:07,  4.81s/it]Best trial: 0. Best value: 0.388436:  12%|█▎        | 25/200 [02:00<14:04,  4.83s/it]                                                                                     Best trial: 0. Best value: 0.388436:  12%|█▎        | 25/200 [02:05<14:04,  4.83s/it]Best trial: 0. Best value: 0.388436:  12%|█▎        | 25/200 [02:05<14:04,  4.83s/it]Best trial: 0. Best value: 0.388436:  13%|█▎        | 26/200 [02:05<13:53,  4.79s/it]                                                                                     Best trial: 0. Best value: 0.388436:  13%|█▎        | 26/200 [02:10<13:53,  4.79s/it]Best trial: 0. Best value: 0.388436:  13%|█▎        | 26/200 [02:10<13:53,  4.79s/it]Best trial: 0. Best value: 0.388436:  14%|█▎        | 27/200 [02:10<13:52,  4.81s/it]                                                                                     Best trial: 0. Best value: 0.388436:  14%|█▎        | 27/200 [02:14<13:52,  4.81s/it]Best trial: 0. Best value: 0.388436:  14%|█▎        | 27/200 [02:14<13:52,  4.81s/it]Best trial: 0. Best value: 0.388436:  14%|█▍        | 28/200 [02:14<13:48,  4.82s/it]                                                                                     Best trial: 0. Best value: 0.388436:  14%|█▍        | 28/200 [02:19<13:48,  4.82s/it]Best trial: 0. Best value: 0.388436:  14%|█▍        | 28/200 [02:19<13:48,  4.82s/it]Best trial: 0. Best value: 0.388436:  14%|█▍        | 29/200 [02:19<13:45,  4.83s/it]                                                                                     Best trial: 0. Best value: 0.388436:  14%|█▍        | 29/200 [02:24<13:45,  4.83s/it]Best trial: 0. Best value: 0.388436:  14%|█▍        | 29/200 [02:24<13:45,  4.83s/it]Best trial: 0. Best value: 0.388436:  15%|█▌        | 30/200 [02:24<13:38,  4.82s/it]                                                                                     Best trial: 0. Best value: 0.388436:  15%|█▌        | 30/200 [02:29<13:38,  4.82s/it]Best trial: 0. Best value: 0.388436:  15%|█▌        | 30/200 [02:29<13:38,  4.82s/it]Best trial: 0. Best value: 0.388436:  16%|█▌        | 31/200 [02:29<13:32,  4.81s/it]                                                                                     Best trial: 0. Best value: 0.388436:  16%|█▌        | 31/200 [02:34<13:32,  4.81s/it]Best trial: 0. Best value: 0.388436:  16%|█▌        | 31/200 [02:34<13:32,  4.81s/it]Best trial: 0. Best value: 0.388436:  16%|█▌        | 32/200 [02:34<13:22,  4.78s/it]                                                                                     Best trial: 0. Best value: 0.388436:  16%|█▌        | 32/200 [02:38<13:22,  4.78s/it]Best trial: 0. Best value: 0.388436:  16%|█▌        | 32/200 [02:38<13:22,  4.78s/it]Best trial: 0. Best value: 0.388436:  16%|█▋        | 33/200 [02:38<13:19,  4.79s/it]                                                                                     Best trial: 0. Best value: 0.388436:  16%|█▋        | 33/200 [02:43<13:19,  4.79s/it]Best trial: 0. Best value: 0.388436:  16%|█▋        | 33/200 [02:43<13:19,  4.79s/it]Best trial: 0. Best value: 0.388436:  17%|█▋        | 34/200 [02:43<13:14,  4.79s/it]                                                                                     Best trial: 0. Best value: 0.388436:  17%|█▋        | 34/200 [02:48<13:14,  4.79s/it]Best trial: 0. Best value: 0.388436:  17%|█▋        | 34/200 [02:48<13:14,  4.79s/it]Best trial: 0. Best value: 0.388436:  18%|█▊        | 35/200 [02:48<13:10,  4.79s/it]                                                                                     Best trial: 0. Best value: 0.388436:  18%|█▊        | 35/200 [02:53<13:10,  4.79s/it]Best trial: 0. Best value: 0.388436:  18%|█▊        | 35/200 [02:53<13:10,  4.79s/it]Best trial: 0. Best value: 0.388436:  18%|█▊        | 36/200 [02:53<13:06,  4.80s/it]                                                                                     Best trial: 0. Best value: 0.388436:  18%|█▊        | 36/200 [02:58<13:06,  4.80s/it]Best trial: 0. Best value: 0.388436:  18%|█▊        | 36/200 [02:58<13:06,  4.80s/it]Best trial: 0. Best value: 0.388436:  18%|█▊        | 37/200 [02:58<13:01,  4.79s/it]                                                                                     Best trial: 0. Best value: 0.388436:  18%|█▊        | 37/200 [03:02<13:01,  4.79s/it]Best trial: 0. Best value: 0.388436:  18%|█▊        | 37/200 [03:02<13:01,  4.79s/it]Best trial: 0. Best value: 0.388436:  19%|█▉        | 38/200 [03:02<12:59,  4.81s/it]                                                                                     Best trial: 0. Best value: 0.388436:  19%|█▉        | 38/200 [03:07<12:59,  4.81s/it]Best trial: 0. Best value: 0.388436:  19%|█▉        | 38/200 [03:07<12:59,  4.81s/it]Best trial: 0. Best value: 0.388436:  20%|█▉        | 39/200 [03:07<12:56,  4.82s/it]                                                                                     Best trial: 0. Best value: 0.388436:  20%|█▉        | 39/200 [03:12<12:56,  4.82s/it]Best trial: 0. Best value: 0.388436:  20%|█▉        | 39/200 [03:12<12:56,  4.82s/it]Best trial: 0. Best value: 0.388436:  20%|██        | 40/200 [03:12<12:51,  4.82s/it]                                                                                     Best trial: 0. Best value: 0.388436:  20%|██        | 40/200 [03:17<12:51,  4.82s/it]Best trial: 0. Best value: 0.388436:  20%|██        | 40/200 [03:17<12:51,  4.82s/it]Best trial: 0. Best value: 0.388436:  20%|██        | 41/200 [03:17<12:45,  4.81s/it]                                                                                     Best trial: 0. Best value: 0.388436:  20%|██        | 41/200 [03:22<12:45,  4.81s/it]Best trial: 0. Best value: 0.388436:  20%|██        | 41/200 [03:22<12:45,  4.81s/it]Best trial: 0. Best value: 0.388436:  21%|██        | 42/200 [03:22<12:39,  4.80s/it]                                                                                     Best trial: 0. Best value: 0.388436:  21%|██        | 42/200 [03:26<12:39,  4.80s/it]Best trial: 0. Best value: 0.388436:  21%|██        | 42/200 [03:26<12:39,  4.80s/it]Best trial: 0. Best value: 0.388436:  22%|██▏       | 43/200 [03:26<12:32,  4.79s/it]                                                                                     
[I 2026-04-11 21:24:02,226] Trial 22 finished with value: 0.38843612003763883 and parameters: {'parameters.mid_layer_count': 5, 'parameters.mid_layer_size': 255, 'parameters.dropout': 0.22957950861879528, 'parameters.batch_size': 68, 'parameters.learning_rate': 0.0001494355863022338, 'parameters.weight_decay': 0.0038017924203546955}. Best is trial 0 with value: 0.38843612003763883.
[I 2026-04-11 21:24:07,123] Trial 23 finished with value: 0.38843612003763883 and parameters: {'parameters.mid_layer_count': 4, 'parameters.mid_layer_size': 366, 'parameters.dropout': 0.11470147509477145, 'parameters.batch_size': 151, 'parameters.learning_rate': 0.00023277415981803025, 'parameters.weight_decay': 0.0002538173308719037}. Best is trial 0 with value: 0.38843612003763883.
[I 2026-04-11 21:24:11,976] Trial 24 finished with value: 0.38843612003763883 and parameters: {'parameters.mid_layer_count': 5, 'parameters.mid_layer_size': 318, 'parameters.dropout': 0.16587631177424364, 'parameters.batch_size': 200, 'parameters.learning_rate': 0.00013751079564025884, 'parameters.weight_decay': 0.0005912940625471464}. Best is trial 0 with value: 0.38843612003763883.
[I 2026-04-11 21:24:16,690] Trial 25 finished with value: 0.38843612003763883 and parameters: {'parameters.mid_layer_count': 3, 'parameters.mid_layer_size': 239, 'parameters.dropout': 0.06791414909347925, 'parameters.batch_size': 176, 'parameters.learning_rate': 0.0003808419733187825, 'parameters.weight_decay': 0.0017011101162395144}. Best is trial 0 with value: 0.38843612003763883.
[I 2026-04-11 21:24:21,552] Trial 26 finished with value: 0.38843612003763883 and parameters: {'parameters.mid_layer_count': 4, 'parameters.mid_layer_size': 434, 'parameters.dropout': 0.20923417532332092, 'parameters.batch_size': 110, 'parameters.learning_rate': 0.000218408973698581, 'parameters.weight_decay': 2.241145004146679e-05}. Best is trial 0 with value: 0.38843612003763883.
[I 2026-04-11 21:24:26,380] Trial 27 finished with value: 0.38843612003763883 and parameters: {'parameters.mid_layer_count': 5, 'parameters.mid_layer_size': 486, 'parameters.dropout': 0.08905253193475689, 'parameters.batch_size': 139, 'parameters.learning_rate': 0.00013004672805049747, 'parameters.weight_decay': 5.889724968260647e-05}. Best is trial 0 with value: 0.38843612003763883.
[I 2026-04-11 21:24:31,225] Trial 28 finished with value: 0.38843612003763883 and parameters: {'parameters.mid_layer_count': 3, 'parameters.mid_layer_size': 390, 'parameters.dropout': 0.13643905514450783, 'parameters.batch_size': 227, 'parameters.learning_rate': 0.0006783270654002572, 'parameters.weight_decay': 0.00015870677543007407}. Best is trial 0 with value: 0.38843612003763883.
[I 2026-04-11 21:24:36,021] Trial 29 finished with value: 0.38843612003763883 and parameters: {'parameters.mid_layer_count': 3, 'parameters.mid_layer_size': 215, 'parameters.dropout': 0.18271332709728255, 'parameters.batch_size': 85, 'parameters.learning_rate': 0.0002735219554509239, 'parameters.weight_decay': 0.0001130877587663468}. Best is trial 0 with value: 0.38843612003763883.
[I 2026-04-11 21:24:40,809] Trial 30 finished with value: 0.38843612003763883 and parameters: {'parameters.mid_layer_count': 2, 'parameters.mid_layer_size': 286, 'parameters.dropout': 0.2944265004241392, 'parameters.batch_size': 92, 'parameters.learning_rate': 0.000336063803695227, 'parameters.weight_decay': 0.0017916977691439242}. Best is trial 0 with value: 0.38843612003763883.
[I 2026-04-11 21:24:45,508] Trial 31 finished with value: 0.38843612003763883 and parameters: {'parameters.mid_layer_count': 3, 'parameters.mid_layer_size': 246, 'parameters.dropout': 0.16835972748286362, 'parameters.batch_size': 163, 'parameters.learning_rate': 0.00017709113407864734, 'parameters.weight_decay': 1.721497633399372e-05}. Best is trial 0 with value: 0.38843612003763883.
[I 2026-04-11 21:24:50,330] Trial 32 finished with value: 0.38843612003763883 and parameters: {'parameters.mid_layer_count': 3, 'parameters.mid_layer_size': 144, 'parameters.dropout': 0.23499779828446823, 'parameters.batch_size': 78, 'parameters.learning_rate': 0.00024741279271978274, 'parameters.weight_decay': 5.003283856071464e-05}. Best is trial 0 with value: 0.38843612003763883.
[I 2026-04-11 21:24:55,109] Trial 33 finished with value: 0.38843612003763883 and parameters: {'parameters.mid_layer_count': 4, 'parameters.mid_layer_size': 177, 'parameters.dropout': 0.05009917556823217, 'parameters.batch_size': 107, 'parameters.learning_rate': 0.00041661997189602814, 'parameters.weight_decay': 1.158493855398774e-05}. Best is trial 0 with value: 0.38843612003763883.
[I 2026-04-11 21:24:59,918] Trial 34 finished with value: 0.38843612003763883 and parameters: {'parameters.mid_layer_count': 3, 'parameters.mid_layer_size': 263, 'parameters.dropout': 0.1963080960213865, 'parameters.batch_size': 91, 'parameters.learning_rate': 0.0006047820635634399, 'parameters.weight_decay': 0.0001359179135276612}. Best is trial 0 with value: 0.38843612003763883.
[I 2026-04-11 21:25:04,719] Trial 35 finished with value: 0.38843612003763883 and parameters: {'parameters.mid_layer_count': 3, 'parameters.mid_layer_size': 166, 'parameters.dropout': 0.07952854551783373, 'parameters.batch_size': 192, 'parameters.learning_rate': 0.0010222688324868054, 'parameters.weight_decay': 0.000232608719157354}. Best is trial 0 with value: 0.38843612003763883.
[I 2026-04-11 21:25:09,505] Trial 36 finished with value: 0.38843612003763883 and parameters: {'parameters.mid_layer_count': 4, 'parameters.mid_layer_size': 223, 'parameters.dropout': 0.15137386445671575, 'parameters.batch_size': 124, 'parameters.learning_rate': 0.0001204381543319254, 'parameters.weight_decay': 8.978278053987843e-05}. Best is trial 0 with value: 0.38843612003763883.
[I 2026-04-11 21:25:14,364] Trial 37 finished with value: 0.38843612003763883 and parameters: {'parameters.mid_layer_count': 2, 'parameters.mid_layer_size': 195, 'parameters.dropout': 0.17947360333147025, 'parameters.batch_size': 100, 'parameters.learning_rate': 0.00020133200121972045, 'parameters.weight_decay': 0.0005275721649742433}. Best is trial 0 with value: 0.38843612003763883.
[I 2026-04-11 21:25:19,212] Trial 38 finished with value: 0.38843612003763883 and parameters: {'parameters.mid_layer_count': 4, 'parameters.mid_layer_size': 465, 'parameters.dropout': 0.21600505108499993, 'parameters.batch_size': 154, 'parameters.learning_rate': 0.0002564401093076941, 'parameters.weight_decay': 0.00035406232333144824}. Best is trial 0 with value: 0.38843612003763883.
[I 2026-04-11 21:25:24,026] Trial 39 finished with value: 0.38843612003763883 and parameters: {'parameters.mid_layer_count': 3, 'parameters.mid_layer_size': 326, 'parameters.dropout': 0.3605728455203792, 'parameters.batch_size': 135, 'parameters.learning_rate': 0.0001467088259277539, 'parameters.weight_decay': 3.9604472312814993e-05}. Best is trial 0 with value: 0.38843612003763883.
[I 2026-04-11 21:25:28,824] Trial 40 finished with value: 0.38843612003763883 and parameters: {'parameters.mid_layer_count': 2, 'parameters.mid_layer_size': 429, 'parameters.dropout': 0.12038874532192932, 'parameters.batch_size': 182, 'parameters.learning_rate': 0.00029857190525997497, 'parameters.weight_decay': 0.003022317051140126}. Best is trial 0 with value: 0.38843612003763883.
[I 2026-04-11 21:25:33,605] Trial 41 finished with value: 0.38843612003763883 and parameters: {'parameters.mid_layer_count': 3, 'parameters.mid_layer_size': 499, 'parameters.dropout': 0.06705748232458525, 'parameters.batch_size': 168, 'parameters.learning_rate': 0.0009140999004519179, 'parameters.weight_decay': 1.8876389392140423e-05}. Best is trial 0 with value: 0.38843612003763883.
[I 2026-04-11 21:25:38,377] Trial 42 finished with value: 0.38843612003763883 and parameters: {'parameters.mid_layer_count': 3, 'parameters.mid_layer_size': 455, 'parameters.dropout': 0.07796308511333544, 'parameters.batch_size': 143, 'parameters.learning_rate': 0.0012611012404006542, 'parameters.weight_decay': 1.0092434622442637e-05}. Best is trial 0 with value: 0.38843612003763883.
