[I 2026-04-12 09:43:58,845] Trial 192 finished with value: 0.3809907807167186 and parameters: {'parameters.history_length': 93, 'parameters.num_layers': 3, 'parameters.units': 178, 'parameters.dropout': 0.36342694369282175, 'parameters.batch_size': 269, 'parameters.learning_rate': 0.0015451544677206443, 'parameters.weight_decay': 0.00044238736402375854}. Best is trial 0 with value: 0.3809907807167186.
[I 2026-04-12 09:44:33,825] Trial 193 finished with value: 0.3809907807167186 and parameters: {'parameters.history_length': 110, 'parameters.num_layers': 3, 'parameters.units': 191, 'parameters.dropout': 0.3280007270038457, 'parameters.batch_size': 297, 'parameters.learning_rate': 0.0018672078078331568, 'parameters.weight_decay': 0.00036363068074342494}. Best is trial 0 with value: 0.3809907807167186.
[I 2026-04-12 09:45:08,446] Trial 194 finished with value: 0.3809907807167186 and parameters: {'parameters.history_length': 86, 'parameters.num_layers': 3, 'parameters.units': 223, 'parameters.dropout': 0.2621186063647516, 'parameters.batch_size': 263, 'parameters.learning_rate': 0.001668821828831274, 'parameters.weight_decay': 0.0003125421938486629}. Best is trial 0 with value: 0.3809907807167186.
[I 2026-04-12 09:45:42,974] Trial 195 finished with value: 0.3809907807167186 and parameters: {'parameters.history_length': 75, 'parameters.num_layers': 3, 'parameters.units': 298, 'parameters.dropout': 0.4081800231793774, 'parameters.batch_size': 276, 'parameters.learning_rate': 0.0017727559794396249, 'parameters.weight_decay': 0.0005855049940222326}. Best is trial 0 with value: 0.3809907807167186.
[I 2026-04-12 09:46:17,599] Trial 196 finished with value: 0.3809907807167186 and parameters: {'parameters.history_length': 82, 'parameters.num_layers': 1, 'parameters.units': 92, 'parameters.dropout': 0.13429729954394506, 'parameters.batch_size': 248, 'parameters.learning_rate': 0.00036055208041024556, 'parameters.weight_decay': 0.0007124385015445949}. Best is trial 0 with value: 0.3809907807167186.
[I 2026-04-12 09:46:52,157] Trial 197 finished with value: 0.3809907807167186 and parameters: {'parameters.history_length': 91, 'parameters.num_layers': 2, 'parameters.units': 220, 'parameters.dropout': 0.2937052564209659, 'parameters.batch_size': 328, 'parameters.learning_rate': 0.0005154005595937126, 'parameters.weight_decay': 0.004589135476724734}. Best is trial 0 with value: 0.3809907807167186.
[I 2026-04-12 09:47:26,892] Trial 198 finished with value: 0.3809907807167186 and parameters: {'parameters.history_length': 79, 'parameters.num_layers': 4, 'parameters.units': 267, 'parameters.dropout': 0.10497325560101568, 'parameters.batch_size': 188, 'parameters.learning_rate': 0.00026278155106886254, 'parameters.weight_decay': 0.0017427625075205689}. Best is trial 0 with value: 0.3809907807167186.
[I 2026-04-12 09:48:01,446] Trial 199 finished with value: 0.3809907807167186 and parameters: {'parameters.history_length': 73, 'parameters.num_layers': 3, 'parameters.units': 285, 'parameters.dropout': 0.22642400048244554, 'parameters.batch_size': 287, 'parameters.learning_rate': 0.0002821514109505775, 'parameters.weight_decay': 0.00011948626786800564}. Best is trial 0 with value: 0.3809907807167186.

Best trial: 0
Best validation loss: 0.380991
Best parameters:
  parameters.history_length: 100
  parameters.num_layers: 4
  parameters.units: 298
  parameters.dropout: 0.26208630215377515
  parameters.batch_size: 168
  parameters.learning_rate: 0.0002864339657822303
  parameters.weight_decay: 0.00013066739238053285

Results saved to outputs/temporal_experiment/models/lstm/bayes_opt
Best config saved to outputs/temporal_experiment/models/lstm/best_config.toml

[2/3] Training best model...
Final training failed for lstm

================================================================================
Running experiment for: MAMBA
================================================================================

[1/3] Running Bayesian Optimization (200 trials)...

============================================================
Running Bayesian Optimization for MAMBA
============================================================
Running 200 trials...
  0%|          | 0/200 [00:00<?, ?it/s]                                         0%|          | 0/200 [00:13<?, ?it/s]Best trial: 0. Best value: 0.366655:   0%|          | 0/200 [00:13<?, ?it/s]Best trial: 0. Best value: 0.366655:   0%|          | 1/200 [00:13<45:15, 13.64s/it]                                                                                    Best trial: 0. Best value: 0.366655:   0%|          | 1/200 [00:27<45:15, 13.64s/it]Best trial: 0. Best value: 0.366655:   0%|          | 1/200 [00:27<45:15, 13.64s/it]Best trial: 0. Best value: 0.366655:   1%|          | 2/200 [00:27<44:52, 13.60s/it]                                                                                    Best trial: 0. Best value: 0.366655:   1%|          | 2/200 [00:40<44:52, 13.60s/it]Best trial: 0. Best value: 0.366655:   1%|          | 2/200 [00:40<44:52, 13.60s/it]Best trial: 0. Best value: 0.366655:   2%|▏         | 3/200 [00:40<44:44, 13.63s/it]                                                                                    Best trial: 0. Best value: 0.366655:   2%|▏         | 3/200 [00:55<44:44, 13.63s/it]Best trial: 0. Best value: 0.366655:   2%|▏         | 3/200 [00:55<44:44, 13.63s/it]Best trial: 0. Best value: 0.366655:   2%|▏         | 4/200 [00:55<46:24, 14.20s/it]                                                                                    Best trial: 0. Best value: 0.366655:   2%|▏         | 4/200 [01:09<46:24, 14.20s/it]Best trial: 0. Best value: 0.366655:   2%|▏         | 4/200 [01:09<46:24, 14.20s/it]Best trial: 0. Best value: 0.366655:   2%|▎         | 5/200 [01:09<45:42, 14.06s/it]                                                                                    Best trial: 0. Best value: 0.366655:   2%|▎         | 5/200 [01:23<45:42, 14.06s/it]Best trial: 0. Best value: 0.366655:   2%|▎         | 5/200 [01:23<45:42, 14.06s/it]Best trial: 0. Best value: 0.366655:   3%|▎         | 6/200 [01:23<44:55, 13.90s/it]                                                                                    Best trial: 0. Best value: 0.366655:   3%|▎         | 6/200 [01:36<44:55, 13.90s/it]Best trial: 0. Best value: 0.366655:   3%|▎         | 6/200 [01:36<44:55, 13.90s/it]Best trial: 0. Best value: 0.366655:   4%|▎         | 7/200 [01:36<44:25, 13.81s/it]                                                                                    Best trial: 0. Best value: 0.366655:   4%|▎         | 7/200 [01:50<44:25, 13.81s/it]Best trial: 0. Best value: 0.366655:   4%|▎         | 7/200 [01:50<44:25, 13.81s/it]Best trial: 0. Best value: 0.366655:   4%|▍         | 8/200 [01:50<43:58, 13.74s/it]                                                                                    Best trial: 0. Best value: 0.366655:   4%|▍         | 8/200 [02:04<43:58, 13.74s/it]Best trial: 0. Best value: 0.366655:   4%|▍         | 8/200 [02:04<43:58, 13.74s/it]Best trial: 0. Best value: 0.366655:   4%|▍         | 9/200 [02:04<43:38, 13.71s/it]                                                                                    Best trial: 0. Best value: 0.366655:   4%|▍         | 9/200 [02:17<43:38, 13.71s/it]Best trial: 0. Best value: 0.366655:   4%|▍         | 9/200 [02:17<43:38, 13.71s/it]Best trial: 0. Best value: 0.366655:   5%|▌         | 10/200 [02:17<43:18, 13.68s/it]                                                                                     Best trial: 0. Best value: 0.366655:   5%|▌         | 10/200 [02:31<43:18, 13.68s/it]Best trial: 0. Best value: 0.366655:   5%|▌         | 10/200 [02:31<43:18, 13.68s/it]Best trial: 0. Best value: 0.366655:   6%|▌         | 11/200 [02:31<42:57, 13.64s/it]                                                                                     Best trial: 0. Best value: 0.366655:   6%|▌         | 11/200 [02:44<42:57, 13.64s/it]Best trial: 0. Best value: 0.366655:   6%|▌         | 11/200 [02:44<42:57, 13.64s/it]Best trial: 0. Best value: 0.366655:   6%|▌         | 12/200 [02:44<42:42, 13.63s/it]                                                                                     Best trial: 0. Best value: 0.366655:   6%|▌         | 12/200 [02:58<42:42, 13.63s/it]Best trial: 0. Best value: 0.366655:   6%|▌         | 12/200 [02:58<42:42, 13.63s/it]Best trial: 0. Best value: 0.366655:   6%|▋         | 13/200 [02:58<42:25, 13.61s/it]                                                                                     Best trial: 0. Best value: 0.366655:   6%|▋         | 13/200 [03:12<42:25, 13.61s/it]Best trial: 0. Best value: 0.366655:   6%|▋         | 13/200 [03:12<42:25, 13.61s/it]Best trial: 0. Best value: 0.366655:   7%|▋         | 14/200 [03:12<42:13, 13.62s/it]                                                                                     Best trial: 0. Best value: 0.366655:   7%|▋         | 14/200 [03:25<42:13, 13.62s/it]Best trial: 0. Best value: 0.366655:   7%|▋         | 14/200 [03:25<42:13, 13.62s/it]Best trial: 0. Best value: 0.366655:   8%|▊         | 15/200 [03:25<41:59, 13.62s/it]                                                                                     Best trial: 0. Best value: 0.366655:   8%|▊         | 15/200 [03:39<41:59, 13.62s/it]Best trial: 0. Best value: 0.366655:   8%|▊         | 15/200 [03:39<41:59, 13.62s/it]Best trial: 0. Best value: 0.366655:   8%|▊         | 16/200 [03:39<41:41, 13.59s/it]                                                                                     Best trial: 0. Best value: 0.366655:   8%|▊         | 16/200 [03:52<41:41, 13.59s/it]Best trial: 0. Best value: 0.366655:   8%|▊         | 16/200 [03:52<41:41, 13.59s/it]Best trial: 0. Best value: 0.366655:   8%|▊         | 17/200 [03:52<41:26, 13.59s/it]                                                                                     [I 2026-04-12 09:48:49,654] Trial 0 finished with value: 0.3666548976144547 and parameters: {'parameters.history_length': 92, 'parameters.d_model': 490, 'parameters.n_layers': 10, 'parameters.d_state': 42, 'parameters.d_conv': 3, 'parameters.expand': 2, 'parameters.dropout': 0.1097990803659666, 'parameters.batch_size': 350, 'parameters.learning_rate': 0.0010524981804229802, 'parameters.weight_decay': 0.0026070247583707684}. Best is trial 0 with value: 0.3666548976144547.
[I 2026-04-12 09:49:03,223] Trial 1 finished with value: 0.3666548976144547 and parameters: {'parameters.history_length': 35, 'parameters.d_model': 499, 'parameters.n_layers': 11, 'parameters.d_state': 20, 'parameters.d_conv': 3, 'parameters.expand': 2, 'parameters.dropout': 0.1631759695642342, 'parameters.batch_size': 262, 'parameters.learning_rate': 0.0008016348750616622, 'parameters.weight_decay': 0.0003823475224675188}. Best is trial 0 with value: 0.3666548976144547.
[I 2026-04-12 09:49:16,888] Trial 2 finished with value: 0.3666548976144547 and parameters: {'parameters.history_length': 130, 'parameters.d_model': 126, 'parameters.n_layers': 5, 'parameters.d_state': 28, 'parameters.d_conv': 5, 'parameters.expand': 4, 'parameters.dropout': 0.13790054557672565, 'parameters.batch_size': 260, 'parameters.learning_rate': 0.0010378629415511854, 'parameters.weight_decay': 0.0001238513729886094}. Best is trial 0 with value: 0.3666548976144547.
[I 2026-04-12 09:49:31,974] Trial 3 finished with value: 0.3666548976144547 and parameters: {'parameters.history_length': 129, 'parameters.d_model': 140, 'parameters.n_layers': 2, 'parameters.d_state': 62, 'parameters.d_conv': 8, 'parameters.expand': 4, 'parameters.dropout': 0.1632735695468794, 'parameters.batch_size': 153, 'parameters.learning_rate': 0.0012031460590105824, 'parameters.weight_decay': 0.0007591104805282694}. Best is trial 0 with value: 0.3666548976144547.
[I 2026-04-12 09:49:45,783] Trial 4 finished with value: 0.3666548976144547 and parameters: {'parameters.history_length': 51, 'parameters.d_model': 286, 'parameters.n_layers': 2, 'parameters.d_state': 59, 'parameters.d_conv': 3, 'parameters.expand': 3, 'parameters.dropout': 0.16514928287652877, 'parameters.batch_size': 261, 'parameters.learning_rate': 0.0009642598360868645, 'parameters.weight_decay': 0.00023426581058204064}. Best is trial 0 with value: 0.3666548976144547.
[I 2026-04-12 09:49:59,356] Trial 5 finished with value: 0.3666548976144547 and parameters: {'parameters.history_length': 188, 'parameters.d_model': 412, 'parameters.n_layers': 12, 'parameters.d_state': 59, 'parameters.d_conv': 6, 'parameters.expand': 4, 'parameters.dropout': 0.11530645080977571, 'parameters.batch_size': 178, 'parameters.learning_rate': 0.0004302020837749319, 'parameters.weight_decay': 0.0004473636174621269}. Best is trial 0 with value: 0.3666548976144547.
[I 2026-04-12 09:50:12,985] Trial 6 finished with value: 0.3666548976144547 and parameters: {'parameters.history_length': 94, 'parameters.d_model': 185, 'parameters.n_layers': 11, 'parameters.d_state': 28, 'parameters.d_conv': 3, 'parameters.expand': 3, 'parameters.dropout': 0.12545899554294088, 'parameters.batch_size': 334, 'parameters.learning_rate': 0.00045099180988725826, 'parameters.weight_decay': 0.009413993046829943}. Best is trial 0 with value: 0.3666548976144547.
[I 2026-04-12 09:50:26,592] Trial 7 finished with value: 0.3666548976144547 and parameters: {'parameters.history_length': 156, 'parameters.d_model': 153, 'parameters.n_layers': 2, 'parameters.d_state': 54, 'parameters.d_conv': 6, 'parameters.expand': 4, 'parameters.dropout': 0.34601492939961226, 'parameters.batch_size': 147, 'parameters.learning_rate': 0.0007122242936216836, 'parameters.weight_decay': 0.0001705053926026929}. Best is trial 0 with value: 0.3666548976144547.
[I 2026-04-12 09:50:40,226] Trial 8 finished with value: 0.3666548976144547 and parameters: {'parameters.history_length': 170, 'parameters.d_model': 343, 'parameters.n_layers': 5, 'parameters.d_state': 11, 'parameters.d_conv': 4, 'parameters.expand': 2, 'parameters.dropout': 0.3235734158528432, 'parameters.batch_size': 291, 'parameters.learning_rate': 0.0016679963111991705, 'parameters.weight_decay': 0.0008798929749689024}. Best is trial 0 with value: 0.3666548976144547.
[I 2026-04-12 09:50:53,826] Trial 9 finished with value: 0.3666548976144547 and parameters: {'parameters.history_length': 51, 'parameters.d_model': 384, 'parameters.n_layers': 10, 'parameters.d_state': 39, 'parameters.d_conv': 7, 'parameters.expand': 3, 'parameters.dropout': 0.23193942064727502, 'parameters.batch_size': 237, 'parameters.learning_rate': 0.00041670354819997547, 'parameters.weight_decay': 0.00016435497475111326}. Best is trial 0 with value: 0.3666548976144547.
[I 2026-04-12 09:51:07,369] Trial 10 finished with value: 0.3666548976144547 and parameters: {'parameters.history_length': 92, 'parameters.d_model': 482, 'parameters.n_layers': 8, 'parameters.d_state': 45, 'parameters.d_conv': 2, 'parameters.expand': 2, 'parameters.dropout': 0.4686525262952426, 'parameters.batch_size': 378, 'parameters.learning_rate': 0.001836360481510326, 'parameters.weight_decay': 0.002997858219123058}. Best is trial 0 with value: 0.3666548976144547.
[I 2026-04-12 09:51:20,990] Trial 11 finished with value: 0.3666548976144547 and parameters: {'parameters.history_length': 33, 'parameters.d_model': 498, 'parameters.n_layers': 9, 'parameters.d_state': 11, 'parameters.d_conv': 2, 'parameters.expand': 2, 'parameters.dropout': 0.10111321706400943, 'parameters.batch_size': 383, 'parameters.learning_rate': 0.0006637238661878535, 'parameters.weight_decay': 0.0028085274169823596}. Best is trial 0 with value: 0.3666548976144547.
[I 2026-04-12 09:51:34,553] Trial 12 finished with value: 0.3666548976144547 and parameters: {'parameters.history_length': 80, 'parameters.d_model': 512, 'parameters.n_layers': 12, 'parameters.d_state': 23, 'parameters.d_conv': 4, 'parameters.expand': 2, 'parameters.dropout': 0.20978648779529702, 'parameters.batch_size': 318, 'parameters.learning_rate': 0.0007104244366695785, 'parameters.weight_decay': 0.0022347253770215246}. Best is trial 0 with value: 0.3666548976144547.
[I 2026-04-12 09:51:48,195] Trial 13 finished with value: 0.3666548976144547 and parameters: {'parameters.history_length': 63, 'parameters.d_model': 429, 'parameters.n_layers': 7, 'parameters.d_state': 45, 'parameters.d_conv': 3, 'parameters.expand': 2, 'parameters.dropout': 0.17033274700743942, 'parameters.batch_size': 212, 'parameters.learning_rate': 0.0013556056317617431, 'parameters.weight_decay': 0.006113923728375785}. Best is trial 0 with value: 0.3666548976144547.
[I 2026-04-12 09:52:01,811] Trial 14 finished with value: 0.3666548976144547 and parameters: {'parameters.history_length': 113, 'parameters.d_model': 285, 'parameters.n_layers': 10, 'parameters.d_state': 17, 'parameters.d_conv': 4, 'parameters.expand': 2, 'parameters.dropout': 0.10213642409357111, 'parameters.batch_size': 332, 'parameters.learning_rate': 0.0008017061848581429, 'parameters.weight_decay': 0.0003812826535859678}. Best is trial 0 with value: 0.3666548976144547.
[I 2026-04-12 09:52:15,346] Trial 15 finished with value: 0.3666548976144547 and parameters: {'parameters.history_length': 74, 'parameters.d_model': 447, 'parameters.n_layers': 7, 'parameters.d_state': 36, 'parameters.d_conv': 2, 'parameters.expand': 3, 'parameters.dropout': 0.2181733932083904, 'parameters.batch_size': 301, 'parameters.learning_rate': 0.0006030276586813173, 'parameters.weight_decay': 0.0014252739508200027}. Best is trial 0 with value: 0.3666548976144547.
[I 2026-04-12 09:52:28,919] Trial 16 finished with value: 0.3666548976144547 and parameters: {'parameters.history_length': 32, 'parameters.d_model': 348, 'parameters.n_layers': 10, 'parameters.d_state': 32, 'parameters.d_conv': 5, 'parameters.expand': 2, 'parameters.dropout': 0.13837166320930253, 'parameters.batch_size': 227, 'parameters.learning_rate': 0.0012670246011939144, 'parameters.weight_decay': 0.0004371993126708942}. Best is trial 0 with value: 0.3666548976144547.
