[I 2026-04-11 20:37:21,823] Trial 159 finished with value: 0.34265128860961136 and parameters: {'parameters.depth': 9, 'parameters.learning_rate': 0.013234511614244233, 'parameters.l2_leaf_reg': 1.2004814276526878, 'parameters.subsample': 0.890043999234599, 'parameters.random_strength': 0.1261311265274942, 'parameters.bagging_temperature': 0.002626957512906485}. Best is trial 0 with value: 0.34265128860961136.Best trial: 0. Best value: 0.342651:  80%|███████▉  | 159/200 [09:57<02:33,  3.74s/it]Best trial: 0. Best value: 0.342651:  80%|███████▉  | 159/200 [09:57<02:33,  3.74s/it]Best trial: 0. Best value: 0.342651:  80%|████████  | 160/200 [09:57<02:29,  3.75s/it]                                                                                      Best trial: 0. Best value: 0.342651:  80%|████████  | 160/200 [10:01<02:29,  3.75s/it]Best trial: 0. Best value: 0.342651:  80%|████████  | 160/200 [10:01<02:29,  3.75s/it]Best trial: 0. Best value: 0.342651:  80%|████████  | 161/200 [10:01<02:27,  3.77s/it]                                                                                      Best trial: 0. Best value: 0.342651:  80%|████████  | 161/200 [10:05<02:27,  3.77s/it]Best trial: 0. Best value: 0.342651:  80%|████████  | 161/200 [10:05<02:27,  3.77s/it]Best trial: 0. Best value: 0.342651:  81%|████████  | 162/200 [10:05<02:23,  3.78s/it]                                                                                      Best trial: 0. Best value: 0.342651:  81%|████████  | 162/200 [10:09<02:23,  3.78s/it]Best trial: 0. Best value: 0.342651:  81%|████████  | 162/200 [10:09<02:23,  3.78s/it]Best trial: 0. Best value: 0.342651:  82%|████████▏ | 163/200 [10:09<02:19,  3.76s/it]                                                                                      Best trial: 0. Best value: 0.342651:  82%|████████▏ | 163/200 [10:12<02:19,  3.76s/it]Best trial: 0. Best value: 0.342651:  82%|████████▏ | 163/200 [10:12<02:19,  3.76s/it]Best trial: 0. Best value: 0.342651:  82%|████████▏ | 164/200 [10:12<02:14,  3.73s/it]                                                                                      Best trial: 0. Best value: 0.342651:  82%|████████▏ | 164/200 [10:16<02:14,  3.73s/it]Best trial: 0. Best value: 0.342651:  82%|████████▏ | 164/200 [10:16<02:14,  3.73s/it]Best trial: 0. Best value: 0.342651:  82%|████████▎ | 165/200 [10:16<02:11,  3.75s/it]                                                                                      Best trial: 0. Best value: 0.342651:  82%|████████▎ | 165/200 [10:20<02:11,  3.75s/it]Best trial: 0. Best value: 0.342651:  82%|████████▎ | 165/200 [10:20<02:11,  3.75s/it]Best trial: 0. Best value: 0.342651:  83%|████████▎ | 166/200 [10:20<02:07,  3.75s/it]                                                                                      Best trial: 0. Best value: 0.342651:  83%|████████▎ | 166/200 [10:24<02:07,  3.75s/it]Best trial: 0. Best value: 0.342651:  83%|████████▎ | 166/200 [10:24<02:07,  3.75s/it]Best trial: 0. Best value: 0.342651:  84%|████████▎ | 167/200 [10:24<02:03,  3.74s/it]                                                                                      Best trial: 0. Best value: 0.342651:  84%|████████▎ | 167/200 [10:27<02:03,  3.74s/it]Best trial: 0. Best value: 0.342651:  84%|████████▎ | 167/200 [10:27<02:03,  3.74s/it]Best trial: 0. Best value: 0.342651:  84%|████████▍ | 168/200 [10:27<01:59,  3.74s/it]                                                                                      Best trial: 0. Best value: 0.342651:  84%|████████▍ | 168/200 [10:31<01:59,  3.74s/it]Best trial: 0. Best value: 0.342651:  84%|████████▍ | 168/200 [10:31<01:59,  3.74s/it]Best trial: 0. Best value: 0.342651:  84%|████████▍ | 169/200 [10:31<01:55,  3.74s/it]                                                                                      Best trial: 0. Best value: 0.342651:  84%|████████▍ | 169/200 [10:35<01:55,  3.74s/it]Best trial: 0. Best value: 0.342651:  84%|████████▍ | 169/200 [10:35<01:55,  3.74s/it]Best trial: 0. Best value: 0.342651:  85%|████████▌ | 170/200 [10:35<01:52,  3.74s/it]                                                                                      Best trial: 0. Best value: 0.342651:  85%|████████▌ | 170/200 [10:39<01:52,  3.74s/it]Best trial: 0. Best value: 0.342651:  85%|████████▌ | 170/200 [10:39<01:52,  3.74s/it]Best trial: 0. Best value: 0.342651:  86%|████████▌ | 171/200 [10:39<01:48,  3.75s/it]                                                                                      Best trial: 0. Best value: 0.342651:  86%|████████▌ | 171/200 [10:42<01:48,  3.75s/it]Best trial: 0. Best value: 0.342651:  86%|████████▌ | 171/200 [10:42<01:48,  3.75s/it]Best trial: 0. Best value: 0.342651:  86%|████████▌ | 172/200 [10:42<01:44,  3.75s/it]                                                                                      Best trial: 0. Best value: 0.342651:  86%|████████▌ | 172/200 [10:46<01:44,  3.75s/it]Best trial: 0. Best value: 0.342651:  86%|████████▌ | 172/200 [10:46<01:44,  3.75s/it]Best trial: 0. Best value: 0.342651:  86%|████████▋ | 173/200 [10:46<01:41,  3.76s/it]                                                                                      Best trial: 0. Best value: 0.342651:  86%|████████▋ | 173/200 [10:50<01:41,  3.76s/it]Best trial: 0. Best value: 0.342651:  86%|████████▋ | 173/200 [10:50<01:41,  3.76s/it]Best trial: 0. Best value: 0.342651:  87%|████████▋ | 174/200 [10:50<01:37,  3.77s/it]                                                                                      Best trial: 0. Best value: 0.342651:  87%|████████▋ | 174/200 [10:54<01:37,  3.77s/it]Best trial: 0. Best value: 0.342651:  87%|████████▋ | 174/200 [10:54<01:37,  3.77s/it]Best trial: 0. Best value: 0.342651:  88%|████████▊ | 175/200 [10:54<01:34,  3.76s/it]                                                                                      Best trial: 0. Best value: 0.342651:  88%|████████▊ | 175/200 [10:57<01:34,  3.76s/it]Best trial: 0. Best value: 0.342651:  88%|████████▊ | 175/200 [10:57<01:34,  3.76s/it]Best trial: 0. Best value: 0.342651:  88%|████████▊ | 176/200 [10:57<01:29,  3.74s/it]                                                                                      Best trial: 0. Best value: 0.342651:  88%|████████▊ | 176/200 [11:01<01:29,  3.74s/it]Best trial: 0. Best value: 0.342651:  88%|████████▊ | 176/200 [11:01<01:29,  3.74s/it]Best trial: 0. Best value: 0.342651:  88%|████████▊ | 177/200 [11:01<01:26,  3.74s/it]                                                                                      Best trial: 0. Best value: 0.342651:  88%|████████▊ | 177/200 [11:05<01:26,  3.74s/it]Best trial: 0. Best value: 0.342651:  88%|████████▊ | 177/200 [11:05<01:26,  3.74s/it]Best trial: 0. Best value: 0.342651:  89%|████████▉ | 178/200 [11:05<01:22,  3.75s/it]                                                                                      Best trial: 0. Best value: 0.342651:  89%|████████▉ | 178/200 [11:09<01:22,  3.75s/it]Best trial: 0. Best value: 0.342651:  89%|████████▉ | 178/200 [11:09<01:22,  3.75s/it]Best trial: 0. Best value: 0.342651:  90%|████████▉ | 179/200 [11:09<01:18,  3.75s/it]                                                                                      
[I 2026-04-11 20:37:25,656] Trial 160 finished with value: 0.34265128860961136 and parameters: {'parameters.depth': 4, 'parameters.learning_rate': 0.020612810144371815, 'parameters.l2_leaf_reg': 5.856205802693733, 'parameters.subsample': 0.7274507306249521, 'parameters.random_strength': 0.20488290914996346, 'parameters.bagging_temperature': 0.01716774655983156}. Best is trial 0 with value: 0.34265128860961136.
[I 2026-04-11 20:37:29,445] Trial 161 finished with value: 0.34265128860961136 and parameters: {'parameters.depth': 5, 'parameters.learning_rate': 0.009456690556146844, 'parameters.l2_leaf_reg': 2.1594430831163014, 'parameters.subsample': 0.8677500790971043, 'parameters.random_strength': 0.5794109279856874, 'parameters.bagging_temperature': 0.09759640052789072}. Best is trial 0 with value: 0.34265128860961136.
[I 2026-04-11 20:37:33,166] Trial 162 finished with value: 0.34265128860961136 and parameters: {'parameters.depth': 6, 'parameters.learning_rate': 0.008419692363471086, 'parameters.l2_leaf_reg': 2.516753416472786, 'parameters.subsample': 0.7404188370511636, 'parameters.random_strength': 0.7343152081393872, 'parameters.bagging_temperature': 0.1595894776859064}. Best is trial 0 with value: 0.34265128860961136.
[I 2026-04-11 20:37:36,826] Trial 163 finished with value: 0.34265128860961136 and parameters: {'parameters.depth': 5, 'parameters.learning_rate': 0.011710902832523438, 'parameters.l2_leaf_reg': 1.9642556777554614, 'parameters.subsample': 0.8770924225115123, 'parameters.random_strength': 0.3908062840813034, 'parameters.bagging_temperature': 0.08542704641331239}. Best is trial 0 with value: 0.34265128860961136.
[I 2026-04-11 20:37:40,614] Trial 164 finished with value: 0.34265128860961136 and parameters: {'parameters.depth': 12, 'parameters.learning_rate': 0.0066606803660061815, 'parameters.l2_leaf_reg': 2.396419925214899, 'parameters.subsample': 0.6489197627663681, 'parameters.random_strength': 0.8738572977087345, 'parameters.bagging_temperature': 0.12583255583809994}. Best is trial 0 with value: 0.34265128860961136.
[I 2026-04-11 20:37:44,378] Trial 165 finished with value: 0.34265128860961136 and parameters: {'parameters.depth': 4, 'parameters.learning_rate': 0.02155910961054784, 'parameters.l2_leaf_reg': 2.7445140164303403, 'parameters.subsample': 0.8477659607883099, 'parameters.random_strength': 0.6640339615335764, 'parameters.bagging_temperature': 0.07048015553843937}. Best is trial 0 with value: 0.34265128860961136.
[I 2026-04-11 20:37:48,086] Trial 166 finished with value: 0.34265128860961136 and parameters: {'parameters.depth': 10, 'parameters.learning_rate': 0.015486952891272119, 'parameters.l2_leaf_reg': 1.4087614810064117, 'parameters.subsample': 0.8907579536523584, 'parameters.random_strength': 0.15672775586079432, 'parameters.bagging_temperature': 0.0032619971210230336}. Best is trial 0 with value: 0.34265128860961136.
[I 2026-04-11 20:37:51,831] Trial 167 finished with value: 0.34265128860961136 and parameters: {'parameters.depth': 6, 'parameters.learning_rate': 0.008576020888925402, 'parameters.l2_leaf_reg': 2.612400060823909, 'parameters.subsample': 0.9287285737815224, 'parameters.random_strength': 0.5266387704480731, 'parameters.bagging_temperature': 0.028395427426687152}. Best is trial 0 with value: 0.34265128860961136.
[I 2026-04-11 20:37:55,564] Trial 168 finished with value: 0.34265128860961136 and parameters: {'parameters.depth': 4, 'parameters.learning_rate': 0.025414865749341795, 'parameters.l2_leaf_reg': 1.7048091485171226, 'parameters.subsample': 0.8309894933115266, 'parameters.random_strength': 0.4265498632012142, 'parameters.bagging_temperature': 0.04496581879040022}. Best is trial 0 with value: 0.34265128860961136.
[I 2026-04-11 20:37:59,304] Trial 169 finished with value: 0.34265128860961136 and parameters: {'parameters.depth': 7, 'parameters.learning_rate': 0.010100518592097483, 'parameters.l2_leaf_reg': 2.2774179344138075, 'parameters.subsample': 0.6697618875380278, 'parameters.random_strength': 0.10973357282378264, 'parameters.bagging_temperature': 0.012798450380097276}. Best is trial 0 with value: 0.34265128860961136.
[I 2026-04-11 20:38:03,068] Trial 170 finished with value: 0.34265128860961136 and parameters: {'parameters.depth': 5, 'parameters.learning_rate': 0.01907780265847108, 'parameters.l2_leaf_reg': 9.589788073837562, 'parameters.subsample': 0.9745716136114573, 'parameters.random_strength': 0.13412703982040272, 'parameters.bagging_temperature': 0.00487497970201088}. Best is trial 0 with value: 0.34265128860961136.
[I 2026-04-11 20:38:06,813] Trial 171 finished with value: 0.34265128860961136 and parameters: {'parameters.depth': 7, 'parameters.learning_rate': 0.00557278144744933, 'parameters.l2_leaf_reg': 7.378894008011967, 'parameters.subsample': 0.8123976096462038, 'parameters.random_strength': 0.15141296349050257, 'parameters.bagging_temperature': 0.007742106866999144}. Best is trial 0 with value: 0.34265128860961136.
[I 2026-04-11 20:38:10,605] Trial 172 finished with value: 0.34265128860961136 and parameters: {'parameters.depth': 7, 'parameters.learning_rate': 0.0036030027085263466, 'parameters.l2_leaf_reg': 3.398800908440371, 'parameters.subsample': 0.7773674942448009, 'parameters.random_strength': 0.13782145105571106, 'parameters.bagging_temperature': 0.008240255118682045}. Best is trial 0 with value: 0.34265128860961136.
[I 2026-04-11 20:38:14,385] Trial 173 finished with value: 0.34265128860961136 and parameters: {'parameters.depth': 8, 'parameters.learning_rate': 0.005341894440150105, 'parameters.l2_leaf_reg': 6.066536034980399, 'parameters.subsample': 0.7866078834082675, 'parameters.random_strength': 0.1435824549380492, 'parameters.bagging_temperature': 0.006327409984373821}. Best is trial 0 with value: 0.34265128860961136.
[I 2026-04-11 20:38:18,134] Trial 174 finished with value: 0.34265128860961136 and parameters: {'parameters.depth': 7, 'parameters.learning_rate': 0.0059876999922877355, 'parameters.l2_leaf_reg': 6.4562229433537, 'parameters.subsample': 0.8008758134768963, 'parameters.random_strength': 0.34847800563912723, 'parameters.bagging_temperature': 0.009712679187246229}. Best is trial 0 with value: 0.34265128860961136.
[I 2026-04-11 20:38:21,833] Trial 175 finished with value: 0.34265128860961136 and parameters: {'parameters.depth': 8, 'parameters.learning_rate': 0.004754920927659976, 'parameters.l2_leaf_reg': 1.6120874146252737, 'parameters.subsample': 0.8200143422200963, 'parameters.random_strength': 0.1306834345207349, 'parameters.bagging_temperature': 0.9616938700498486}. Best is trial 0 with value: 0.34265128860961136.
[I 2026-04-11 20:38:25,582] Trial 176 finished with value: 0.34265128860961136 and parameters: {'parameters.depth': 6, 'parameters.learning_rate': 0.023916339296345363, 'parameters.l2_leaf_reg': 8.597931330319632, 'parameters.subsample': 0.8557770412521343, 'parameters.random_strength': 0.11810853526491127, 'parameters.bagging_temperature': 0.2981460583720726}. Best is trial 0 with value: 0.34265128860961136.
[I 2026-04-11 20:38:29,331] Trial 177 finished with value: 0.34265128860961136 and parameters: {'parameters.depth': 7, 'parameters.learning_rate': 0.02654156442698385, 'parameters.l2_leaf_reg': 5.714594303270747, 'parameters.subsample': 0.6807421046268847, 'parameters.random_strength': 0.29956673231076186, 'parameters.bagging_temperature': 0.037212070956483226}. Best is trial 0 with value: 0.34265128860961136.
[I 2026-04-11 20:38:33,096] Trial 178 finished with value: 0.34265128860961136 and parameters: {'parameters.depth': 4, 'parameters.learning_rate': 0.006860186738137846, 'parameters.l2_leaf_reg': 5.4178067601797135, 'parameters.subsample': 0.9116611729666108, 'parameters.random_strength': 0.776333599143524, 'parameters.bagging_temperature': 0.10850165230181705}. Best is trial 0 with value: 0.34265128860961136.
