[I 2026-04-12 02:45:54,831] Trial 104 finished with value: 0.333257518512638 and parameters: {'parameters.history_length': 48, 'parameters.num_layers': 6, 'parameters.units': 249, 'parameters.dropout': 0.48300781851315844, 'parameters.batch_size': 203, 'parameters.learning_rate': 0.0004950996063091024, 'parameters.weight_decay': 0.0001874623105363931}. Best is trial 0 with value: 0.333257518512638.Best trial: 0. Best value: 0.333258:  52%|█████▏    | 104/200 [5:07:35<4:40:03, 175.04s/it]Best trial: 0. Best value: 0.333258:  52%|█████▏    | 104/200 [5:07:35<4:40:03, 175.04s/it]Best trial: 0. Best value: 0.333258:  52%|█████▎    | 105/200 [5:07:35<4:37:04, 175.00s/it]                                                                                           Best trial: 0. Best value: 0.333258:  52%|█████▎    | 105/200 [5:10:30<4:37:04, 175.00s/it]Best trial: 0. Best value: 0.333258:  52%|█████▎    | 105/200 [5:10:30<4:37:04, 175.00s/it]Best trial: 0. Best value: 0.333258:  53%|█████▎    | 106/200 [5:10:30<4:34:06, 174.96s/it]                                                                                           Best trial: 0. Best value: 0.333258:  53%|█████▎    | 106/200 [5:13:25<4:34:06, 174.96s/it]Best trial: 0. Best value: 0.333258:  53%|█████▎    | 106/200 [5:13:25<4:34:06, 174.96s/it]Best trial: 0. Best value: 0.333258:  54%|█████▎    | 107/200 [5:13:25<4:31:08, 174.93s/it]                                                                                           Best trial: 0. Best value: 0.333258:  54%|█████▎    | 107/200 [5:16:19<4:31:08, 174.93s/it]Best trial: 0. Best value: 0.333258:  54%|█████▎    | 107/200 [5:16:19<4:31:08, 174.93s/it]Best trial: 0. Best value: 0.333258:  54%|█████▍    | 108/200 [5:16:19<4:28:11, 174.90s/it]                                                                                           Best trial: 0. Best value: 0.333258:  54%|█████▍    | 108/200 [5:19:14<4:28:11, 174.90s/it]Best trial: 0. Best value: 0.333258:  54%|█████▍    | 108/200 [5:19:14<4:28:11, 174.90s/it]Best trial: 0. Best value: 0.333258:  55%|█████▍    | 109/200 [5:19:14<4:25:14, 174.88s/it]                                                                                           Best trial: 0. Best value: 0.333258:  55%|█████▍    | 109/200 [5:22:09<4:25:14, 174.88s/it]Best trial: 0. Best value: 0.333258:  55%|█████▍    | 109/200 [5:22:09<4:25:14, 174.88s/it]Best trial: 0. Best value: 0.333258:  55%|█████▌    | 110/200 [5:22:09<4:22:19, 174.88s/it]                                                                                           Best trial: 0. Best value: 0.333258:  55%|█████▌    | 110/200 [5:25:04<4:22:19, 174.88s/it]Best trial: 0. Best value: 0.333258:  55%|█████▌    | 110/200 [5:25:04<4:22:19, 174.88s/it]Best trial: 0. Best value: 0.333258:  56%|█████▌    | 111/200 [5:25:04<4:19:22, 174.86s/it]                                                                                           Best trial: 0. Best value: 0.333258:  56%|█████▌    | 111/200 [5:27:59<4:19:22, 174.86s/it]Best trial: 0. Best value: 0.333258:  56%|█████▌    | 111/200 [5:27:59<4:19:22, 174.86s/it]Best trial: 0. Best value: 0.333258:  56%|█████▌    | 112/200 [5:27:59<4:16:25, 174.83s/it]                                                                                           Best trial: 0. Best value: 0.333258:  56%|█████▌    | 112/200 [5:30:54<4:16:25, 174.83s/it]Best trial: 0. Best value: 0.333258:  56%|█████▌    | 112/200 [5:30:54<4:16:25, 174.83s/it]Best trial: 0. Best value: 0.333258:  56%|█████▋    | 113/200 [5:30:54<4:13:29, 174.83s/it]                                                                                           Best trial: 0. Best value: 0.333258:  56%|█████▋    | 113/200 [5:33:48<4:13:29, 174.83s/it]Best trial: 0. Best value: 0.333258:  56%|█████▋    | 113/200 [5:33:48<4:13:29, 174.83s/it]Best trial: 0. Best value: 0.333258:  57%|█████▋    | 114/200 [5:33:48<4:10:36, 174.84s/it]                                                                                           Best trial: 0. Best value: 0.333258:  57%|█████▋    | 114/200 [5:36:43<4:10:36, 174.84s/it]Best trial: 0. Best value: 0.333258:  57%|█████▋    | 114/200 [5:36:43<4:10:36, 174.84s/it]Best trial: 0. Best value: 0.333258:  57%|█████▊    | 115/200 [5:36:43<4:07:41, 174.84s/it]                                                                                           Best trial: 0. Best value: 0.333258:  57%|█████▊    | 115/200 [5:39:38<4:07:41, 174.84s/it]Best trial: 0. Best value: 0.333258:  57%|█████▊    | 115/200 [5:39:38<4:07:41, 174.84s/it]Best trial: 0. Best value: 0.333258:  58%|█████▊    | 116/200 [5:39:38<4:04:47, 174.85s/it]                                                                                           Best trial: 0. Best value: 0.333258:  58%|█████▊    | 116/200 [5:42:33<4:04:47, 174.85s/it]Best trial: 0. Best value: 0.333258:  58%|█████▊    | 116/200 [5:42:33<4:04:47, 174.85s/it]Best trial: 0. Best value: 0.333258:  58%|█████▊    | 117/200 [5:42:33<4:01:53, 174.86s/it]                                                                                           Best trial: 0. Best value: 0.333258:  58%|█████▊    | 117/200 [5:45:28<4:01:53, 174.86s/it]Best trial: 0. Best value: 0.333258:  58%|█████▊    | 117/200 [5:45:28<4:01:53, 174.86s/it]Best trial: 0. Best value: 0.333258:  59%|█████▉    | 118/200 [5:45:28<3:58:58, 174.85s/it]                                                                                           Best trial: 0. Best value: 0.333258:  59%|█████▉    | 118/200 [5:48:23<3:58:58, 174.85s/it]Best trial: 0. Best value: 0.333258:  59%|█████▉    | 118/200 [5:48:23<3:58:58, 174.85s/it]Best trial: 0. Best value: 0.333258:  60%|█████▉    | 119/200 [5:48:23<3:56:00, 174.82s/it]                                                                                           Best trial: 0. Best value: 0.333258:  60%|█████▉    | 119/200 [5:51:17<3:56:00, 174.82s/it]Best trial: 0. Best value: 0.333258:  60%|█████▉    | 119/200 [5:51:17<3:56:00, 174.82s/it]Best trial: 0. Best value: 0.333258:  60%|██████    | 120/200 [5:51:17<3:53:06, 174.83s/it]                                                                                           Best trial: 0. Best value: 0.333258:  60%|██████    | 120/200 [5:54:12<3:53:06, 174.83s/it]Best trial: 0. Best value: 0.333258:  60%|██████    | 120/200 [5:54:12<3:53:06, 174.83s/it]Best trial: 0. Best value: 0.333258:  60%|██████    | 121/200 [5:54:12<3:50:13, 174.85s/it]                                                                                           Best trial: 0. Best value: 0.333258:  60%|██████    | 121/200 [5:57:07<3:50:13, 174.85s/it]Best trial: 0. Best value: 0.333258:  60%|██████    | 121/200 [5:57:07<3:50:13, 174.85s/it]Best trial: 0. Best value: 0.333258:  61%|██████    | 122/200 [5:57:07<3:47:18, 174.86s/it]                                                                                           Best trial: 0. Best value: 0.333258:  61%|██████    | 122/200 [6:00:02<3:47:18, 174.86s/it]Best trial: 0. Best value: 0.333258:  61%|██████    | 122/200 [6:00:02<3:47:18, 174.86s/it]Best trial: 0. Best value: 0.333258:  62%|██████▏   | 123/200 [6:00:02<3:44:23, 174.85s/it]                                                                                           Best trial: 0. Best value: 0.333258:  62%|██████▏   | 123/200 [6:02:57<3:44:23, 174.85s/it]Best trial: 0. Best value: 0.333258:  62%|██████▏   | 123/200 [6:02:57<3:44:23, 174.85s/it]Best trial: 0. Best value: 0.333258:  62%|██████▏   | 124/200 [6:02:57<3:41:28, 174.84s/it]                                                                                           Best trial: 0. Best value: 0.333258:  62%|██████▏   | 124/200 [6:05:52<3:41:28, 174.84s/it]Best trial: 0. Best value: 0.333258:  62%|██████▏   | 124/200 [6:05:52<3:41:28, 174.84s/it]Best trial: 0. Best value: 0.333258:  62%|██████▎   | 125/200 [6:05:52<3:38:34, 174.86s/it]                                                                                           
[I 2026-04-12 02:48:49,718] Trial 105 finished with value: 0.333257518512638 and parameters: {'parameters.history_length': 126, 'parameters.num_layers': 8, 'parameters.units': 278, 'parameters.dropout': 0.4593529096424144, 'parameters.batch_size': 252, 'parameters.learning_rate': 0.0007072001788908685, 'parameters.weight_decay': 0.00010905950709164827}. Best is trial 0 with value: 0.333257518512638.
[I 2026-04-12 02:51:44,558] Trial 106 finished with value: 0.333257518512638 and parameters: {'parameters.history_length': 114, 'parameters.num_layers': 9, 'parameters.units': 325, 'parameters.dropout': 0.49132486159784294, 'parameters.batch_size': 169, 'parameters.learning_rate': 0.0011346861843394365, 'parameters.weight_decay': 0.00016097499018856497}. Best is trial 0 with value: 0.333257518512638.
[I 2026-04-12 02:54:39,413] Trial 107 finished with value: 0.333257518512638 and parameters: {'parameters.history_length': 90, 'parameters.num_layers': 7, 'parameters.units': 91, 'parameters.dropout': 0.2119896881285501, 'parameters.batch_size': 88, 'parameters.learning_rate': 0.0003492348157679986, 'parameters.weight_decay': 0.0012049482437941489}. Best is trial 0 with value: 0.333257518512638.
[I 2026-04-12 02:57:34,247] Trial 108 finished with value: 0.333257518512638 and parameters: {'parameters.history_length': 62, 'parameters.num_layers': 2, 'parameters.units': 293, 'parameters.dropout': 0.34650915400904697, 'parameters.batch_size': 351, 'parameters.learning_rate': 0.0006761279229088319, 'parameters.weight_decay': 0.00045191640687342256}. Best is trial 0 with value: 0.333257518512638.
[I 2026-04-12 03:00:29,123] Trial 109 finished with value: 0.333257518512638 and parameters: {'parameters.history_length': 102, 'parameters.num_layers': 10, 'parameters.units': 260, 'parameters.dropout': 0.36537140800402484, 'parameters.batch_size': 371, 'parameters.learning_rate': 0.0007658555902170015, 'parameters.weight_decay': 0.0001016127841266331}. Best is trial 0 with value: 0.333257518512638.
[I 2026-04-12 03:03:23,948] Trial 110 finished with value: 0.333257518512638 and parameters: {'parameters.history_length': 87, 'parameters.num_layers': 4, 'parameters.units': 64, 'parameters.dropout': 0.2747832054597797, 'parameters.batch_size': 80, 'parameters.learning_rate': 0.0003719098128798873, 'parameters.weight_decay': 0.009011248038116024}. Best is trial 0 with value: 0.333257518512638.
[I 2026-04-12 03:06:18,698] Trial 111 finished with value: 0.333257518512638 and parameters: {'parameters.history_length': 156, 'parameters.num_layers': 6, 'parameters.units': 191, 'parameters.dropout': 0.20653759200551025, 'parameters.batch_size': 238, 'parameters.learning_rate': 0.0017692025122394751, 'parameters.weight_decay': 0.00012283566799448816}. Best is trial 0 with value: 0.333257518512638.
[I 2026-04-12 03:09:13,512] Trial 112 finished with value: 0.333257518512638 and parameters: {'parameters.history_length': 149, 'parameters.num_layers': 7, 'parameters.units': 298, 'parameters.dropout': 0.22941915414446826, 'parameters.batch_size': 317, 'parameters.learning_rate': 0.001251316275023388, 'parameters.weight_decay': 0.00014531596029245745}. Best is trial 0 with value: 0.333257518512638.
[I 2026-04-12 03:12:08,378] Trial 113 finished with value: 0.333257518512638 and parameters: {'parameters.history_length': 132, 'parameters.num_layers': 9, 'parameters.units': 310, 'parameters.dropout': 0.28968262884215884, 'parameters.batch_size': 332, 'parameters.learning_rate': 0.0016642804008516413, 'parameters.weight_decay': 0.0010692653632246273}. Best is trial 0 with value: 0.333257518512638.
[I 2026-04-12 03:15:03,209] Trial 114 finished with value: 0.333257518512638 and parameters: {'parameters.history_length': 157, 'parameters.num_layers': 6, 'parameters.units': 170, 'parameters.dropout': 0.21982517027858717, 'parameters.batch_size': 287, 'parameters.learning_rate': 0.0014303017769409087, 'parameters.weight_decay': 0.00011328339019499051}. Best is trial 0 with value: 0.333257518512638.
[I 2026-04-12 03:17:58,107] Trial 115 finished with value: 0.333257518512638 and parameters: {'parameters.history_length': 142, 'parameters.num_layers': 8, 'parameters.units': 110, 'parameters.dropout': 0.2513460493445234, 'parameters.batch_size': 129, 'parameters.learning_rate': 0.0008652734640464711, 'parameters.weight_decay': 0.00013227719163270632}. Best is trial 0 with value: 0.333257518512638.
[I 2026-04-12 03:20:52,995] Trial 116 finished with value: 0.333257518512638 and parameters: {'parameters.history_length': 153, 'parameters.num_layers': 10, 'parameters.units': 233, 'parameters.dropout': 0.35841211051712557, 'parameters.batch_size': 157, 'parameters.learning_rate': 0.0003167544624123518, 'parameters.weight_decay': 0.0009005372283421135}. Best is trial 0 with value: 0.333257518512638.
[I 2026-04-12 03:23:47,827] Trial 117 finished with value: 0.333257518512638 and parameters: {'parameters.history_length': 77, 'parameters.num_layers': 4, 'parameters.units': 137, 'parameters.dropout': 0.3758875677508934, 'parameters.batch_size': 361, 'parameters.learning_rate': 0.0015710858011395636, 'parameters.weight_decay': 0.0001724498140566395}. Best is trial 0 with value: 0.333257518512638.
[I 2026-04-12 03:26:42,561] Trial 118 finished with value: 0.333257518512638 and parameters: {'parameters.history_length': 137, 'parameters.num_layers': 7, 'parameters.units': 128, 'parameters.dropout': 0.3878344026014484, 'parameters.batch_size': 193, 'parameters.learning_rate': 0.00041397544700870633, 'parameters.weight_decay': 0.0007695153128739063}. Best is trial 0 with value: 0.333257518512638.
[I 2026-04-12 03:29:37,421] Trial 119 finished with value: 0.333257518512638 and parameters: {'parameters.history_length': 58, 'parameters.num_layers': 5, 'parameters.units': 78, 'parameters.dropout': 0.4504116357152365, 'parameters.batch_size': 208, 'parameters.learning_rate': 0.001071872961722094, 'parameters.weight_decay': 0.0023758617101684813}. Best is trial 0 with value: 0.333257518512638.
[I 2026-04-12 03:32:32,310] Trial 120 finished with value: 0.333257518512638 and parameters: {'parameters.history_length': 54, 'parameters.num_layers': 3, 'parameters.units': 287, 'parameters.dropout': 0.41949503876485544, 'parameters.batch_size': 345, 'parameters.learning_rate': 0.0006044978424167564, 'parameters.weight_decay': 0.0014292389892474806}. Best is trial 0 with value: 0.333257518512638.
[I 2026-04-12 03:35:27,185] Trial 121 finished with value: 0.333257518512638 and parameters: {'parameters.history_length': 127, 'parameters.num_layers': 8, 'parameters.units': 351, 'parameters.dropout': 0.3986466041808294, 'parameters.batch_size': 116, 'parameters.learning_rate': 0.00026675294515109485, 'parameters.weight_decay': 0.00026403331872973997}. Best is trial 0 with value: 0.333257518512638.
[I 2026-04-12 03:38:22,009] Trial 122 finished with value: 0.333257518512638 and parameters: {'parameters.history_length': 140, 'parameters.num_layers': 7, 'parameters.units': 341, 'parameters.dropout': 0.4397999175496276, 'parameters.batch_size': 181, 'parameters.learning_rate': 0.001361560914108302, 'parameters.weight_decay': 0.0003778799143593952}. Best is trial 0 with value: 0.333257518512638.
[I 2026-04-12 03:41:16,843] Trial 123 finished with value: 0.333257518512638 and parameters: {'parameters.history_length': 134, 'parameters.num_layers': 9, 'parameters.units': 367, 'parameters.dropout': 0.432015893992904, 'parameters.batch_size': 69, 'parameters.learning_rate': 0.0011704271082314955, 'parameters.weight_decay': 0.0017046599928016192}. Best is trial 0 with value: 0.333257518512638.
[I 2026-04-12 03:44:11,731] Trial 124 finished with value: 0.333257518512638 and parameters: {'parameters.history_length': 39, 'parameters.num_layers': 8, 'parameters.units': 357, 'parameters.dropout': 0.40920950877335704, 'parameters.batch_size': 104, 'parameters.learning_rate': 0.0009230397917747075, 'parameters.weight_decay': 0.00010016296754643403}. Best is trial 0 with value: 0.333257518512638.
