[I 2026-04-12 05:49:31,059] Trial 167 finished with value: 0.333257518512638 and parameters: {'parameters.history_length': 53, 'parameters.num_layers': 7, 'parameters.units': 273, 'parameters.dropout': 0.40692740110254505, 'parameters.batch_size': 367, 'parameters.learning_rate': 0.00028901123875417825, 'parameters.weight_decay': 0.009919648226368302}. Best is trial 0 with value: 0.333257518512638.Best trial: 0. Best value: 0.333258:  84%|████████▎ | 167/200 [8:11:11<1:36:11, 174.88s/it]Best trial: 0. Best value: 0.333258:  84%|████████▎ | 167/200 [8:11:11<1:36:11, 174.88s/it]Best trial: 0. Best value: 0.333258:  84%|████████▍ | 168/200 [8:11:11<1:33:16, 174.88s/it]                                                                                           Best trial: 0. Best value: 0.333258:  84%|████████▍ | 168/200 [8:14:06<1:33:16, 174.88s/it]Best trial: 0. Best value: 0.333258:  84%|████████▍ | 168/200 [8:14:06<1:33:16, 174.88s/it]Best trial: 0. Best value: 0.333258:  84%|████████▍ | 169/200 [8:14:06<1:30:21, 174.88s/it]                                                                                           Best trial: 0. Best value: 0.333258:  84%|████████▍ | 169/200 [8:17:01<1:30:21, 174.88s/it]Best trial: 0. Best value: 0.333258:  84%|████████▍ | 169/200 [8:17:01<1:30:21, 174.88s/it]Best trial: 0. Best value: 0.333258:  85%|████████▌ | 170/200 [8:17:01<1:27:26, 174.87s/it]                                                                                           Best trial: 0. Best value: 0.333258:  85%|████████▌ | 170/200 [8:19:56<1:27:26, 174.87s/it]Best trial: 0. Best value: 0.333258:  85%|████████▌ | 170/200 [8:19:56<1:27:26, 174.87s/it]Best trial: 0. Best value: 0.333258:  86%|████████▌ | 171/200 [8:19:56<1:24:31, 174.87s/it]                                                                                           Best trial: 0. Best value: 0.333258:  86%|████████▌ | 171/200 [8:22:51<1:24:31, 174.87s/it]Best trial: 0. Best value: 0.333258:  86%|████████▌ | 171/200 [8:22:51<1:24:31, 174.87s/it]Best trial: 0. Best value: 0.333258:  86%|████████▌ | 172/200 [8:22:51<1:21:36, 174.86s/it]                                                                                           Best trial: 0. Best value: 0.333258:  86%|████████▌ | 172/200 [8:25:45<1:21:36, 174.86s/it]Best trial: 0. Best value: 0.333258:  86%|████████▌ | 172/200 [8:25:45<1:21:36, 174.86s/it]Best trial: 0. Best value: 0.333258:  86%|████████▋ | 173/200 [8:25:45<1:18:41, 174.87s/it]                                                                                           Best trial: 0. Best value: 0.333258:  86%|████████▋ | 173/200 [8:28:40<1:18:41, 174.87s/it]Best trial: 0. Best value: 0.333258:  86%|████████▋ | 173/200 [8:28:40<1:18:41, 174.87s/it]Best trial: 0. Best value: 0.333258:  87%|████████▋ | 174/200 [8:28:40<1:15:46, 174.87s/it]                                                                                           Best trial: 0. Best value: 0.333258:  87%|████████▋ | 174/200 [8:31:35<1:15:46, 174.87s/it]Best trial: 0. Best value: 0.333258:  87%|████████▋ | 174/200 [8:31:35<1:15:46, 174.87s/it]Best trial: 0. Best value: 0.333258:  88%|████████▊ | 175/200 [8:31:35<1:12:51, 174.87s/it]                                                                                           Best trial: 0. Best value: 0.333258:  88%|████████▊ | 175/200 [8:34:30<1:12:51, 174.87s/it]Best trial: 0. Best value: 0.333258:  88%|████████▊ | 175/200 [8:34:30<1:12:51, 174.87s/it]Best trial: 0. Best value: 0.333258:  88%|████████▊ | 176/200 [8:34:30<1:09:56, 174.86s/it]                                                                                           Best trial: 0. Best value: 0.333258:  88%|████████▊ | 176/200 [8:37:25<1:09:56, 174.86s/it]Best trial: 0. Best value: 0.333258:  88%|████████▊ | 176/200 [8:37:25<1:09:56, 174.86s/it]Best trial: 0. Best value: 0.333258:  88%|████████▊ | 177/200 [8:37:25<1:07:02, 174.88s/it]                                                                                           Best trial: 0. Best value: 0.333258:  88%|████████▊ | 177/200 [8:40:20<1:07:02, 174.88s/it]Best trial: 0. Best value: 0.333258:  88%|████████▊ | 177/200 [8:40:20<1:07:02, 174.88s/it]Best trial: 0. Best value: 0.333258:  89%|████████▉ | 178/200 [8:40:20<1:04:06, 174.86s/it]                                                                                           Best trial: 0. Best value: 0.333258:  89%|████████▉ | 178/200 [8:43:15<1:04:06, 174.86s/it]Best trial: 0. Best value: 0.333258:  89%|████████▉ | 178/200 [8:43:15<1:04:06, 174.86s/it]Best trial: 0. Best value: 0.333258:  90%|████████▉ | 179/200 [8:43:15<1:01:12, 174.89s/it]                                                                                           Best trial: 0. Best value: 0.333258:  90%|████████▉ | 179/200 [8:46:10<1:01:12, 174.89s/it]Best trial: 0. Best value: 0.333258:  90%|████████▉ | 179/200 [8:46:10<1:01:12, 174.89s/it]Best trial: 0. Best value: 0.333258:  90%|█████████ | 180/200 [8:46:10<58:17, 174.90s/it]                                                                                           Best trial: 0. Best value: 0.333258:  90%|█████████ | 180/200 [8:49:04<58:17, 174.90s/it]Best trial: 0. Best value: 0.333258:  90%|█████████ | 180/200 [8:49:04<58:17, 174.90s/it]Best trial: 0. Best value: 0.333258:  90%|█████████ | 181/200 [8:49:04<55:22, 174.89s/it]                                                                                         Best trial: 0. Best value: 0.333258:  90%|█████████ | 181/200 [8:51:59<55:22, 174.89s/it]Best trial: 0. Best value: 0.333258:  90%|█████████ | 181/200 [8:51:59<55:22, 174.89s/it]Best trial: 0. Best value: 0.333258:  91%|█████████ | 182/200 [8:51:59<52:27, 174.86s/it]                                                                                         Best trial: 0. Best value: 0.333258:  91%|█████████ | 182/200 [8:54:54<52:27, 174.86s/it]Best trial: 0. Best value: 0.333258:  91%|█████████ | 182/200 [8:54:54<52:27, 174.86s/it]Best trial: 0. Best value: 0.333258:  92%|█████████▏| 183/200 [8:54:54<49:32, 174.83s/it]                                                                                         Best trial: 0. Best value: 0.333258:  92%|█████████▏| 183/200 [8:57:49<49:32, 174.83s/it]Best trial: 0. Best value: 0.333258:  92%|█████████▏| 183/200 [8:57:49<49:32, 174.83s/it]Best trial: 0. Best value: 0.333258:  92%|█████████▏| 184/200 [8:57:49<46:37, 174.85s/it]                                                                                         Best trial: 0. Best value: 0.333258:  92%|█████████▏| 184/200 [9:00:44<46:37, 174.85s/it]Best trial: 0. Best value: 0.333258:  92%|█████████▏| 184/200 [9:00:44<46:37, 174.85s/it]Best trial: 0. Best value: 0.333258:  92%|█████████▎| 185/200 [9:00:44<43:42, 174.86s/it]                                                                                         Best trial: 0. Best value: 0.333258:  92%|█████████▎| 185/200 [9:03:39<43:42, 174.86s/it]Best trial: 0. Best value: 0.333258:  92%|█████████▎| 185/200 [9:03:39<43:42, 174.86s/it]Best trial: 0. Best value: 0.333258:  93%|█████████▎| 186/200 [9:03:39<40:47, 174.84s/it]                                                                                         Best trial: 0. Best value: 0.333258:  93%|█████████▎| 186/200 [9:06:33<40:47, 174.84s/it]Best trial: 0. Best value: 0.333258:  93%|█████████▎| 186/200 [9:06:33<40:47, 174.84s/it]Best trial: 0. Best value: 0.333258:  94%|█████████▎| 187/200 [9:06:33<37:52, 174.84s/it]                                                                                         Best trial: 0. Best value: 0.333258:  94%|█████████▎| 187/200 [9:09:28<37:52, 174.84s/it]Best trial: 0. Best value: 0.333258:  94%|█████████▎| 187/200 [9:09:28<37:52, 174.84s/it]Best trial: 0. Best value: 0.333258:  94%|█████████▍| 188/200 [9:09:28<34:58, 174.85s/it]                                                                                         
[I 2026-04-12 05:52:25,935] Trial 168 finished with value: 0.333257518512638 and parameters: {'parameters.history_length': 36, 'parameters.num_layers': 6, 'parameters.units': 384, 'parameters.dropout': 0.2483020784586228, 'parameters.batch_size': 213, 'parameters.learning_rate': 0.00021838572409616823, 'parameters.weight_decay': 0.005442579625682669}. Best is trial 0 with value: 0.333257518512638.
[I 2026-04-12 05:55:20,777] Trial 169 finished with value: 0.333257518512638 and parameters: {'parameters.history_length': 88, 'parameters.num_layers': 8, 'parameters.units': 200, 'parameters.dropout': 0.41425203826947565, 'parameters.batch_size': 227, 'parameters.learning_rate': 0.0002709117728304491, 'parameters.weight_decay': 0.00012448253324986327}. Best is trial 0 with value: 0.333257518512638.
[I 2026-04-12 05:58:15,650] Trial 170 finished with value: 0.333257518512638 and parameters: {'parameters.history_length': 47, 'parameters.num_layers': 9, 'parameters.units': 99, 'parameters.dropout': 0.23565798838094484, 'parameters.batch_size': 383, 'parameters.learning_rate': 0.0003045182226887011, 'parameters.weight_decay': 0.00029295901291614827}. Best is trial 0 with value: 0.333257518512638.
[I 2026-04-12 06:01:10,497] Trial 171 finished with value: 0.333257518512638 and parameters: {'parameters.history_length': 134, 'parameters.num_layers': 9, 'parameters.units': 281, 'parameters.dropout': 0.3231793131891936, 'parameters.batch_size': 125, 'parameters.learning_rate': 0.0014826170427500094, 'parameters.weight_decay': 0.0005766075200850932}. Best is trial 0 with value: 0.333257518512638.
[I 2026-04-12 06:04:05,373] Trial 172 finished with value: 0.333257518512638 and parameters: {'parameters.history_length': 139, 'parameters.num_layers': 10, 'parameters.units': 291, 'parameters.dropout': 0.29081976286513334, 'parameters.batch_size': 113, 'parameters.learning_rate': 0.0011253763088232525, 'parameters.weight_decay': 0.008322039209739899}. Best is trial 0 with value: 0.333257518512638.
[I 2026-04-12 06:07:00,240] Trial 173 finished with value: 0.333257518512638 and parameters: {'parameters.history_length': 136, 'parameters.num_layers': 9, 'parameters.units': 217, 'parameters.dropout': 0.2979599610218537, 'parameters.batch_size': 291, 'parameters.learning_rate': 0.0013019743687796503, 'parameters.weight_decay': 0.00048725768847868617}. Best is trial 0 with value: 0.333257518512638.
[I 2026-04-12 06:09:55,130] Trial 174 finished with value: 0.333257518512638 and parameters: {'parameters.history_length': 146, 'parameters.num_layers': 10, 'parameters.units': 269, 'parameters.dropout': 0.30455408851903737, 'parameters.batch_size': 198, 'parameters.learning_rate': 0.00034872094494955736, 'parameters.weight_decay': 0.0006816857235035378}. Best is trial 0 with value: 0.333257518512638.
[I 2026-04-12 06:12:49,965] Trial 175 finished with value: 0.333257518512638 and parameters: {'parameters.history_length': 67, 'parameters.num_layers': 2, 'parameters.units': 287, 'parameters.dropout': 0.3451228851061997, 'parameters.batch_size': 279, 'parameters.learning_rate': 0.0011819319613911607, 'parameters.weight_decay': 0.0009887905482686343}. Best is trial 0 with value: 0.333257518512638.
[I 2026-04-12 06:15:44,900] Trial 176 finished with value: 0.333257518512638 and parameters: {'parameters.history_length': 113, 'parameters.num_layers': 8, 'parameters.units': 260, 'parameters.dropout': 0.282811126068011, 'parameters.batch_size': 136, 'parameters.learning_rate': 0.0010427257659586973, 'parameters.weight_decay': 0.000258003935302002}. Best is trial 0 with value: 0.333257518512638.
[I 2026-04-12 06:18:39,703] Trial 177 finished with value: 0.333257518512638 and parameters: {'parameters.history_length': 143, 'parameters.num_layers': 3, 'parameters.units': 250, 'parameters.dropout': 0.2718231858784109, 'parameters.batch_size': 124, 'parameters.learning_rate': 0.00039488377654614234, 'parameters.weight_decay': 0.0013245524064783487}. Best is trial 0 with value: 0.333257518512638.
[I 2026-04-12 06:21:34,675] Trial 178 finished with value: 0.333257518512638 and parameters: {'parameters.history_length': 43, 'parameters.num_layers': 10, 'parameters.units': 296, 'parameters.dropout': 0.24185435574033626, 'parameters.batch_size': 162, 'parameters.learning_rate': 0.0005517974546613978, 'parameters.weight_decay': 0.0001691937726392307}. Best is trial 0 with value: 0.333257518512638.
[I 2026-04-12 06:24:29,578] Trial 179 finished with value: 0.333257518512638 and parameters: {'parameters.history_length': 128, 'parameters.num_layers': 4, 'parameters.units': 278, 'parameters.dropout': 0.39505970851503597, 'parameters.batch_size': 145, 'parameters.learning_rate': 0.0011008737008573607, 'parameters.weight_decay': 0.0010858617583417334}. Best is trial 0 with value: 0.333257518512638.
[I 2026-04-12 06:27:24,444] Trial 180 finished with value: 0.333257518512638 and parameters: {'parameters.history_length': 123, 'parameters.num_layers': 7, 'parameters.units': 242, 'parameters.dropout': 0.3341410870637417, 'parameters.batch_size': 71, 'parameters.learning_rate': 0.0005860770538083268, 'parameters.weight_decay': 0.0003257581432917845}. Best is trial 0 with value: 0.333257518512638.
[I 2026-04-12 06:30:19,237] Trial 181 finished with value: 0.333257518512638 and parameters: {'parameters.history_length': 86, 'parameters.num_layers': 5, 'parameters.units': 347, 'parameters.dropout': 0.20439070969254372, 'parameters.batch_size': 273, 'parameters.learning_rate': 0.000689612391823746, 'parameters.weight_decay': 0.00013227249025429794}. Best is trial 0 with value: 0.333257518512638.
[I 2026-04-12 06:33:14,002] Trial 182 finished with value: 0.333257518512638 and parameters: {'parameters.history_length': 75, 'parameters.num_layers': 5, 'parameters.units': 328, 'parameters.dropout': 0.2115248596070751, 'parameters.batch_size': 319, 'parameters.learning_rate': 0.000724271208696394, 'parameters.weight_decay': 0.00016175404403751112}. Best is trial 0 with value: 0.333257518512638.
[I 2026-04-12 06:36:08,883] Trial 183 finished with value: 0.333257518512638 and parameters: {'parameters.history_length': 92, 'parameters.num_layers': 4, 'parameters.units': 156, 'parameters.dropout': 0.21686248809850064, 'parameters.batch_size': 300, 'parameters.learning_rate': 0.0006566831473658526, 'parameters.weight_decay': 0.00010911099851095985}. Best is trial 0 with value: 0.333257518512638.
[I 2026-04-12 06:39:03,788] Trial 184 finished with value: 0.333257518512638 and parameters: {'parameters.history_length': 107, 'parameters.num_layers': 5, 'parameters.units': 303, 'parameters.dropout': 0.47163112785321903, 'parameters.batch_size': 295, 'parameters.learning_rate': 0.0007681817482215787, 'parameters.weight_decay': 0.00018732730661577052}. Best is trial 0 with value: 0.333257518512638.
[I 2026-04-12 06:41:58,572] Trial 185 finished with value: 0.333257518512638 and parameters: {'parameters.history_length': 153, 'parameters.num_layers': 4, 'parameters.units': 372, 'parameters.dropout': 0.45167111678363675, 'parameters.batch_size': 243, 'parameters.learning_rate': 0.0006227485456354149, 'parameters.weight_decay': 0.00014418151137304575}. Best is trial 0 with value: 0.333257518512638.
[I 2026-04-12 06:44:53,396] Trial 186 finished with value: 0.333257518512638 and parameters: {'parameters.history_length': 118, 'parameters.num_layers': 6, 'parameters.units': 341, 'parameters.dropout': 0.38725144310204684, 'parameters.batch_size': 286, 'parameters.learning_rate': 0.0007015699023692579, 'parameters.weight_decay': 0.0011936742958339218}. Best is trial 0 with value: 0.333257518512638.
[I 2026-04-12 06:47:48,285] Trial 187 finished with value: 0.333257518512638 and parameters: {'parameters.history_length': 82, 'parameters.num_layers': 8, 'parameters.units': 314, 'parameters.dropout': 0.22937644924751208, 'parameters.batch_size': 88, 'parameters.learning_rate': 0.0013954104161149148, 'parameters.weight_decay': 0.00024080966431395002}. Best is trial 0 with value: 0.333257518512638.
[I 2026-04-12 06:50:43,152] Trial 188 finished with value: 0.333257518512638 and parameters: {'parameters.history_length': 58, 'parameters.num_layers': 3, 'parameters.units': 362, 'parameters.dropout': 0.22071033768160483, 'parameters.batch_size': 349, 'parameters.learning_rate': 0.0008649570260513547, 'parameters.weight_decay': 0.0004157216934276161}. Best is trial 0 with value: 0.333257518512638.Best trial: 0. Best value: 0.333258:  94%|█████████▍| 188/200 [9:12:23<34:58, 174.85s/it]Best trial: 0. Best value: 0.333258:  94%|█████████▍| 188/200 [9:12:23<34:58, 174.85s/it]Best trial: 0. Best value: 0.333258:  94%|█████████▍| 189/200 [9:12:23<32:03, 174.86s/it]                                                                                         Best trial: 0. Best value: 0.333258:  94%|█████████▍| 189/200 [9:15:18<32:03, 174.86s/it]Best trial: 0. Best value: 0.333258:  94%|█████████▍| 189/200 [9:15:18<32:03, 174.86s/it]Best trial: 0. Best value: 0.333258:  95%|█████████▌| 190/200 [9:15:18<29:08, 174.85s/it]                                                                                         Best trial: 0. Best value: 0.333258:  95%|█████████▌| 190/200 [9:18:13<29:08, 174.85s/it]Best trial: 0. Best value: 0.333258:  95%|█████████▌| 190/200 [9:18:13<29:08, 174.85s/it]Best trial: 0. Best value: 0.333258:  96%|█████████▌| 191/200 [9:18:13<26:13, 174.84s/it]                                                                                         Best trial: 0. Best value: 0.333258:  96%|█████████▌| 191/200 [9:21:08<26:13, 174.84s/it]Best trial: 0. Best value: 0.333258:  96%|█████████▌| 191/200 [9:21:08<26:13, 174.84s/it]Best trial: 0. Best value: 0.333258:  96%|█████████▌| 192/200 [9:21:08<23:18, 174.83s/it]                                                                                         Best trial: 0. Best value: 0.333258:  96%|█████████▌| 192/200 [9:24:02<23:18, 174.83s/it]Best trial: 0. Best value: 0.333258:  96%|█████████▌| 192/200 [9:24:02<23:18, 174.83s/it]Best trial: 0. Best value: 0.333258:  96%|█████████▋| 193/200 [9:24:02<20:23, 174.82s/it]                                                                                         Best trial: 0. Best value: 0.333258:  96%|█████████▋| 193/200 [9:26:57<20:23, 174.82s/it]Best trial: 0. Best value: 0.333258:  96%|█████████▋| 193/200 [9:26:57<20:23, 174.82s/it]Best trial: 0. Best value: 0.333258:  97%|█████████▋| 194/200 [9:26:57<17:29, 174.84s/it]                                                                                         Best trial: 0. Best value: 0.333258:  97%|█████████▋| 194/200 [9:29:52<17:29, 174.84s/it]Best trial: 0. Best value: 0.333258:  97%|█████████▋| 194/200 [9:29:52<17:29, 174.84s/it]Best trial: 0. Best value: 0.333258:  98%|█████████▊| 195/200 [9:29:52<14:34, 174.85s/it]                                                                                         Best trial: 0. Best value: 0.333258:  98%|█████████▊| 195/200 [9:32:47<14:34, 174.85s/it]Best trial: 0. Best value: 0.333258:  98%|█████████▊| 195/200 [9:32:47<14:34, 174.85s/it]Best trial: 0. Best value: 0.333258:  98%|█████████▊| 196/200 [9:32:47<11:39, 174.87s/it]                                                                                         Best trial: 0. Best value: 0.333258:  98%|█████████▊| 196/200 [9:35:42<11:39, 174.87s/it]Best trial: 0. Best value: 0.333258:  98%|█████████▊| 196/200 [9:35:42<11:39, 174.87s/it]Best trial: 0. Best value: 0.333258:  98%|█████████▊| 197/200 [9:35:42<08:44, 174.88s/it]                                                                                         Best trial: 0. Best value: 0.333258:  98%|█████████▊| 197/200 [9:38:37<08:44, 174.88s/it]Best trial: 0. Best value: 0.333258:  98%|█████████▊| 197/200 [9:38:37<08:44, 174.88s/it]Best trial: 0. Best value: 0.333258:  99%|█████████▉| 198/200 [9:38:37<05:49, 174.86s/it]                                                                                         Best trial: 0. Best value: 0.333258:  99%|█████████▉| 198/200 [9:41:32<05:49, 174.86s/it]Best trial: 0. Best value: 0.333258:  99%|█████████▉| 198/200 [9:41:32<05:49, 174.86s/it]Best trial: 0. Best value: 0.333258: 100%|█████████▉| 199/200 [9:41:32<02:54, 174.84s/it]                                                                                         Best trial: 0. Best value: 0.333258: 100%|█████████▉| 199/200 [9:44:27<02:54, 174.84s/it]Best trial: 0. Best value: 0.333258: 100%|█████████▉| 199/200 [9:44:27<02:54, 174.84s/it]Best trial: 0. Best value: 0.333258: 100%|██████████| 200/200 [9:44:27<00:00, 174.86s/it]Best trial: 0. Best value: 0.333258: 100%|██████████| 200/200 [9:44:27<00:00, 175.34s/it]
[I 2026-04-12 07:25:41,354] A new study created in memory with name: gru_temporal_optimization

[I 2026-04-12 06:53:38,004] Trial 189 finished with value: 0.333257518512638 and parameters: {'parameters.history_length': 155, 'parameters.num_layers': 7, 'parameters.units': 142, 'parameters.dropout': 0.3153076168742643, 'parameters.batch_size': 329, 'parameters.learning_rate': 0.0007592162991473226, 'parameters.weight_decay': 0.009057128922536616}. Best is trial 0 with value: 0.333257518512638.
[I 2026-04-12 06:56:32,796] Trial 190 finished with value: 0.333257518512638 and parameters: {'parameters.history_length': 103, 'parameters.num_layers': 8, 'parameters.units': 166, 'parameters.dropout': 0.30382090628227504, 'parameters.batch_size': 307, 'parameters.learning_rate': 0.0006437541031602677, 'parameters.weight_decay': 0.0002132746137967067}. Best is trial 0 with value: 0.333257518512638.
