[I 2026-04-11 20:52:25,594] Trial 76 finished with value: 0.3258046106584057 and parameters: {'parameters.max_depth': 8, 'parameters.learning_rate': 0.026414736314911525, 'parameters.subsample': 0.9765379500006505, 'parameters.colsample_bytree': 0.7948477072961764, 'parameters.gamma': 0.0012680395874227124, 'parameters.reg_lambda': 1.986316964806783, 'parameters.min_child_weight': 8}. Best is trial 0 with value: 0.3258046106584057.
[I 2026-04-11 20:52:28,843] Trial 77 finished with value: 0.3258046106584057 and parameters: {'parameters.max_depth': 13, 'parameters.learning_rate': 0.003523459958048184, 'parameters.subsample': 0.8240000186376946, 'parameters.colsample_bytree': 0.8367313947687478, 'parameters.gamma': 0.34068231649779696, 'parameters.reg_lambda': 0.832815886708328, 'parameters.min_child_weight': 1}. Best is trial 0 with value: 0.3258046106584057.
[I 2026-04-11 20:52:32,064] Trial 78 finished with value: 0.3258046106584057 and parameters: {'parameters.max_depth': 17, 'parameters.learning_rate': 0.024012916920029496, 'parameters.subsample': 0.8887811316411331, 'parameters.colsample_bytree': 0.8481254698424607, 'parameters.gamma': 0.5735504938763224, 'parameters.reg_lambda': 4.036017294417975, 'parameters.min_child_weight': 9}. Best is trial 0 with value: 0.3258046106584057.
[I 2026-04-11 20:52:35,227] Trial 79 finished with value: 0.3258046106584057 and parameters: {'parameters.max_depth': 4, 'parameters.learning_rate': 0.002916094197139455, 'parameters.subsample': 0.7188610780680558, 'parameters.colsample_bytree': 0.6689346991765821, 'parameters.gamma': 0.04332511990485357, 'parameters.reg_lambda': 3.026477593273084, 'parameters.min_child_weight': 5}. Best is trial 0 with value: 0.3258046106584057.
[I 2026-04-11 20:52:38,340] Trial 80 finished with value: 0.3258046106584057 and parameters: {'parameters.max_depth': 7, 'parameters.learning_rate': 0.0022350865482566704, 'parameters.subsample': 0.7325646269347469, 'parameters.colsample_bytree': 0.6906132629514735, 'parameters.gamma': 0.9077585053390922, 'parameters.reg_lambda': 2.544249262830956, 'parameters.min_child_weight': 4}. Best is trial 0 with value: 0.3258046106584057.
[I 2026-04-11 20:52:41,443] Trial 81 finished with value: 0.3258046106584057 and parameters: {'parameters.max_depth': 6, 'parameters.learning_rate': 0.006058354475206198, 'parameters.subsample': 0.6174265442150094, 'parameters.colsample_bytree': 0.7076827709505357, 'parameters.gamma': 0.026085854895705234, 'parameters.reg_lambda': 1.0705511385061386, 'parameters.min_child_weight': 10}. Best is trial 0 with value: 0.3258046106584057.
[I 2026-04-11 20:52:44,541] Trial 82 finished with value: 0.3258046106584057 and parameters: {'parameters.max_depth': 9, 'parameters.learning_rate': 0.004366885356709641, 'parameters.subsample': 0.6784005760611137, 'parameters.colsample_bytree': 0.777862996224241, 'parameters.gamma': 0.033818274102896846, 'parameters.reg_lambda': 0.9059020388595839, 'parameters.min_child_weight': 10}. Best is trial 0 with value: 0.3258046106584057.
[I 2026-04-11 20:52:47,652] Trial 83 finished with value: 0.3258046106584057 and parameters: {'parameters.max_depth': 5, 'parameters.learning_rate': 0.0033058028996331237, 'parameters.subsample': 0.6295307262983307, 'parameters.colsample_bytree': 0.6459481263117375, 'parameters.gamma': 0.018806180477825944, 'parameters.reg_lambda': 0.7433278015178657, 'parameters.min_child_weight': 9}. Best is trial 0 with value: 0.3258046106584057.
[I 2026-04-11 20:52:50,825] Trial 84 finished with value: 0.3258046106584057 and parameters: {'parameters.max_depth': 19, 'parameters.learning_rate': 0.0037610383746265806, 'parameters.subsample': 0.6489915162281436, 'parameters.colsample_bytree': 0.6321938747378031, 'parameters.gamma': 1.442598944216974, 'parameters.reg_lambda': 0.9945117356954979, 'parameters.min_child_weight': 9}. Best is trial 0 with value: 0.3258046106584057.
[I 2026-04-11 20:52:53,996] Trial 85 finished with value: 0.3258046106584057 and parameters: {'parameters.max_depth': 6, 'parameters.learning_rate': 0.002666352492785197, 'parameters.subsample': 0.923358017756038, 'parameters.colsample_bytree': 0.7617845655009434, 'parameters.gamma': 0.022471391377753083, 'parameters.reg_lambda': 0.8212395315252898, 'parameters.min_child_weight': 10}. Best is trial 0 with value: 0.3258046106584057.
[I 2026-04-11 20:52:57,169] Trial 86 finished with value: 0.3258046106584057 and parameters: {'parameters.max_depth': 4, 'parameters.learning_rate': 0.019147408127831826, 'parameters.subsample': 0.6096529601606201, 'parameters.colsample_bytree': 0.7273933826863191, 'parameters.gamma': 0.0019464672656161837, 'parameters.reg_lambda': 1.229861254823365, 'parameters.min_child_weight': 2}. Best is trial 0 with value: 0.3258046106584057.
[I 2026-04-11 20:53:00,371] Trial 87 finished with value: 0.3258046106584057 and parameters: {'parameters.max_depth': 28, 'parameters.learning_rate': 0.003055529927296293, 'parameters.subsample': 0.6000367469663099, 'parameters.colsample_bytree': 0.6557318533644075, 'parameters.gamma': 0.012849606192247214, 'parameters.reg_lambda': 1.408805039210105, 'parameters.min_child_weight': 6}. Best is trial 0 with value: 0.3258046106584057.
[I 2026-04-11 20:53:03,494] Trial 88 finished with value: 0.3258046106584057 and parameters: {'parameters.max_depth': 5, 'parameters.learning_rate': 0.02199206216861488, 'parameters.subsample': 0.6974174503657193, 'parameters.colsample_bytree': 0.6140593275358567, 'parameters.gamma': 0.01851056378861083, 'parameters.reg_lambda': 1.581735395213852, 'parameters.min_child_weight': 7}. Best is trial 0 with value: 0.3258046106584057.
[I 2026-04-11 20:53:06,669] Trial 89 finished with value: 0.3258046106584057 and parameters: {'parameters.max_depth': 8, 'parameters.learning_rate': 0.0268564247630088, 'parameters.subsample': 0.8480822837310511, 'parameters.colsample_bytree': 0.804943458236137, 'parameters.gamma': 0.00750244500259281, 'parameters.reg_lambda': 0.5303445013186662, 'parameters.min_child_weight': 10}. Best is trial 0 with value: 0.3258046106584057.
[I 2026-04-11 20:53:09,799] Trial 90 finished with value: 0.3258046106584057 and parameters: {'parameters.max_depth': 26, 'parameters.learning_rate': 0.020489150650609286, 'parameters.subsample': 0.8728062017350711, 'parameters.colsample_bytree': 0.7502584806923651, 'parameters.gamma': 0.052123209381163806, 'parameters.reg_lambda': 1.1366974196350619, 'parameters.min_child_weight': 5}. Best is trial 0 with value: 0.3258046106584057.
[I 2026-04-11 20:53:12,984] Trial 91 finished with value: 0.3258046106584057 and parameters: {'parameters.max_depth': 15, 'parameters.learning_rate': 0.0051001334092639055, 'parameters.subsample': 0.7775591206830045, 'parameters.colsample_bytree': 0.6364698914342428, 'parameters.gamma': 0.0027389073298155937, 'parameters.reg_lambda': 0.6658928514517743, 'parameters.min_child_weight': 10}. Best is trial 0 with value: 0.3258046106584057.
[I 2026-04-11 20:53:16,117] Trial 92 finished with value: 0.3258046106584057 and parameters: {'parameters.max_depth': 13, 'parameters.learning_rate': 0.0054825723588358515, 'parameters.subsample': 0.7537346779085012, 'parameters.colsample_bytree': 0.8580677574351636, 'parameters.gamma': 0.4821852679629704, 'parameters.reg_lambda': 0.6194800350645343, 'parameters.min_child_weight': 10}. Best is trial 0 with value: 0.3258046106584057.
[I 2026-04-11 20:53:19,288] Trial 93 finished with value: 0.3258046106584057 and parameters: {'parameters.max_depth': 24, 'parameters.learning_rate': 0.004530107952889967, 'parameters.subsample': 0.7895626219198468, 'parameters.colsample_bytree': 0.8823222514383041, 'parameters.gamma': 0.690814961789362, 'parameters.reg_lambda': 0.6920566502436637, 'parameters.min_child_weight': 9}. Best is trial 0 with value: 0.3258046106584057.
[I 2026-04-11 20:53:22,419] Trial 94 finished with value: 0.3258046106584057 and parameters: {'parameters.max_depth': 17, 'parameters.learning_rate': 0.004115124770168072, 'parameters.subsample': 0.8182023466908797, 'parameters.colsample_bytree': 0.6915523300703686, 'parameters.gamma': 0.001148532399827796, 'parameters.reg_lambda': 0.9380333005726041, 'parameters.min_child_weight': 8}. Best is trial 0 with value: 0.3258046106584057.Best trial: 0. Best value: 0.325805:  47%|████▋     | 94/200 [05:00<05:34,  3.16s/it]Best trial: 0. Best value: 0.325805:  47%|████▋     | 94/200 [05:00<05:34,  3.16s/it]Best trial: 0. Best value: 0.325805:  48%|████▊     | 95/200 [05:00<05:30,  3.15s/it]                                                                                     Best trial: 0. Best value: 0.325805:  48%|████▊     | 95/200 [05:03<05:30,  3.15s/it]Best trial: 0. Best value: 0.325805:  48%|████▊     | 95/200 [05:03<05:30,  3.15s/it]Best trial: 0. Best value: 0.325805:  48%|████▊     | 96/200 [05:03<05:26,  3.14s/it]                                                                                     Best trial: 0. Best value: 0.325805:  48%|████▊     | 96/200 [05:06<05:26,  3.14s/it]Best trial: 0. Best value: 0.325805:  48%|████▊     | 96/200 [05:06<05:26,  3.14s/it]Best trial: 0. Best value: 0.325805:  48%|████▊     | 97/200 [05:06<05:23,  3.14s/it]                                                                                     Best trial: 0. Best value: 0.325805:  48%|████▊     | 97/200 [05:10<05:23,  3.14s/it]Best trial: 0. Best value: 0.325805:  48%|████▊     | 97/200 [05:10<05:23,  3.14s/it]Best trial: 0. Best value: 0.325805:  49%|████▉     | 98/200 [05:10<05:21,  3.16s/it]                                                                                     Best trial: 0. Best value: 0.325805:  49%|████▉     | 98/200 [05:13<05:21,  3.16s/it]Best trial: 0. Best value: 0.325805:  49%|████▉     | 98/200 [05:13<05:21,  3.16s/it]Best trial: 0. Best value: 0.325805:  50%|████▉     | 99/200 [05:13<05:20,  3.17s/it]                                                                                     Best trial: 0. Best value: 0.325805:  50%|████▉     | 99/200 [05:16<05:20,  3.17s/it]Best trial: 0. Best value: 0.325805:  50%|████▉     | 99/200 [05:16<05:20,  3.17s/it]Best trial: 0. Best value: 0.325805:  50%|█████     | 100/200 [05:16<05:21,  3.21s/it]                                                                                      Best trial: 0. Best value: 0.325805:  50%|█████     | 100/200 [05:19<05:21,  3.21s/it]Best trial: 0. Best value: 0.325805:  50%|█████     | 100/200 [05:19<05:21,  3.21s/it]Best trial: 0. Best value: 0.325805:  50%|█████     | 101/200 [05:19<05:16,  3.19s/it]                                                                                      Best trial: 0. Best value: 0.325805:  50%|█████     | 101/200 [05:22<05:16,  3.19s/it]Best trial: 0. Best value: 0.325805:  50%|█████     | 101/200 [05:22<05:16,  3.19s/it]Best trial: 0. Best value: 0.325805:  51%|█████     | 102/200 [05:22<05:11,  3.17s/it]                                                                                      Best trial: 0. Best value: 0.325805:  51%|█████     | 102/200 [05:26<05:11,  3.17s/it]Best trial: 0. Best value: 0.325805:  51%|█████     | 102/200 [05:26<05:11,  3.17s/it]Best trial: 0. Best value: 0.325805:  52%|█████▏    | 103/200 [05:26<05:07,  3.17s/it]                                                                                      Best trial: 0. Best value: 0.325805:  52%|█████▏    | 103/200 [05:29<05:07,  3.17s/it]Best trial: 0. Best value: 0.325805:  52%|█████▏    | 103/200 [05:29<05:07,  3.17s/it]Best trial: 0. Best value: 0.325805:  52%|█████▏    | 104/200 [05:29<05:05,  3.18s/it]                                                                                      Best trial: 0. Best value: 0.325805:  52%|█████▏    | 104/200 [05:32<05:05,  3.18s/it]Best trial: 0. Best value: 0.325805:  52%|█████▏    | 104/200 [05:32<05:05,  3.18s/it]Best trial: 0. Best value: 0.325805:  52%|█████▎    | 105/200 [05:32<05:03,  3.19s/it]                                                                                      Best trial: 0. Best value: 0.325805:  52%|█████▎    | 105/200 [05:35<05:03,  3.19s/it]Best trial: 0. Best value: 0.325805:  52%|█████▎    | 105/200 [05:35<05:03,  3.19s/it]Best trial: 0. Best value: 0.325805:  53%|█████▎    | 106/200 [05:35<04:59,  3.18s/it]                                                                                      Best trial: 0. Best value: 0.325805:  53%|█████▎    | 106/200 [05:38<04:59,  3.18s/it]Best trial: 0. Best value: 0.325805:  53%|█████▎    | 106/200 [05:38<04:59,  3.18s/it]Best trial: 0. Best value: 0.325805:  54%|█████▎    | 107/200 [05:38<04:56,  3.18s/it]                                                                                      Best trial: 0. Best value: 0.325805:  54%|█████▎    | 107/200 [05:42<04:56,  3.18s/it]Best trial: 0. Best value: 0.325805:  54%|█████▎    | 107/200 [05:42<04:56,  3.18s/it]Best trial: 0. Best value: 0.325805:  54%|█████▍    | 108/200 [05:42<04:52,  3.18s/it]                                                                                      Best trial: 0. Best value: 0.325805:  54%|█████▍    | 108/200 [05:45<04:52,  3.18s/it]Best trial: 0. Best value: 0.325805:  54%|█████▍    | 108/200 [05:45<04:52,  3.18s/it]Best trial: 0. Best value: 0.325805:  55%|█████▍    | 109/200 [05:45<04:48,  3.17s/it]                                                                                      Best trial: 0. Best value: 0.325805:  55%|█████▍    | 109/200 [05:48<04:48,  3.17s/it]Best trial: 0. Best value: 0.325805:  55%|█████▍    | 109/200 [05:48<04:48,  3.17s/it]Best trial: 0. Best value: 0.325805:  55%|█████▌    | 110/200 [05:48<04:46,  3.18s/it]                                                                                      Best trial: 0. Best value: 0.325805:  55%|█████▌    | 110/200 [05:51<04:46,  3.18s/it]Best trial: 0. Best value: 0.325805:  55%|█████▌    | 110/200 [05:51<04:46,  3.18s/it]Best trial: 0. Best value: 0.325805:  56%|█████▌    | 111/200 [05:51<04:43,  3.19s/it]                                                                                      Best trial: 0. Best value: 0.325805:  56%|█████▌    | 111/200 [05:54<04:43,  3.19s/it]Best trial: 0. Best value: 0.325805:  56%|█████▌    | 111/200 [05:54<04:43,  3.19s/it]Best trial: 0. Best value: 0.325805:  56%|█████▌    | 112/200 [05:54<04:37,  3.15s/it]                                                                                      Best trial: 0. Best value: 0.325805:  56%|█████▌    | 112/200 [05:57<04:37,  3.15s/it]Best trial: 0. Best value: 0.325805:  56%|█████▌    | 112/200 [05:57<04:37,  3.15s/it]Best trial: 0. Best value: 0.325805:  56%|█████▋    | 113/200 [05:57<04:34,  3.15s/it]                                                                                      
[I 2026-04-11 20:53:25,541] Trial 95 finished with value: 0.3258046106584057 and parameters: {'parameters.max_depth': 11, 'parameters.learning_rate': 0.003410969798982409, 'parameters.subsample': 0.8006547918553264, 'parameters.colsample_bytree': 0.7342659542498292, 'parameters.gamma': 0.31629149245275684, 'parameters.reg_lambda': 0.5896166031416745, 'parameters.min_child_weight': 10}. Best is trial 0 with value: 0.3258046106584057.
[I 2026-04-11 20:53:28,668] Trial 96 finished with value: 0.3258046106584057 and parameters: {'parameters.max_depth': 16, 'parameters.learning_rate': 0.029976024308976532, 'parameters.subsample': 0.8312677131466267, 'parameters.colsample_bytree': 0.6465267857584278, 'parameters.gamma': 1.214692784805981, 'parameters.reg_lambda': 0.7790469023577379, 'parameters.min_child_weight': 6}. Best is trial 0 with value: 0.3258046106584057.
[I 2026-04-11 20:53:31,870] Trial 97 finished with value: 0.3258046106584057 and parameters: {'parameters.max_depth': 28, 'parameters.learning_rate': 0.012532188412082734, 'parameters.subsample': 0.6839934593710326, 'parameters.colsample_bytree': 0.600174226843646, 'parameters.gamma': 0.02983098380853048, 'parameters.reg_lambda': 0.5041716403579316, 'parameters.min_child_weight': 9}. Best is trial 0 with value: 0.3258046106584057.
[I 2026-04-11 20:53:35,071] Trial 98 finished with value: 0.3258046106584057 and parameters: {'parameters.max_depth': 6, 'parameters.learning_rate': 0.010229066496035251, 'parameters.subsample': 0.7404049665443365, 'parameters.colsample_bytree': 0.6684042757245025, 'parameters.gamma': 0.6680716361065026, 'parameters.reg_lambda': 3.371159347125833, 'parameters.min_child_weight': 1}. Best is trial 0 with value: 0.3258046106584057.
[I 2026-04-11 20:53:38,377] Trial 99 finished with value: 0.3258046106584057 and parameters: {'parameters.max_depth': 10, 'parameters.learning_rate': 0.00241304153105398, 'parameters.subsample': 0.6644685276261401, 'parameters.colsample_bytree': 0.8195361145849905, 'parameters.gamma': 0.00561295858209132, 'parameters.reg_lambda': 0.7218399887876534, 'parameters.min_child_weight': 9}. Best is trial 0 with value: 0.3258046106584057.
[I 2026-04-11 20:53:41,527] Trial 100 finished with value: 0.3258046106584057 and parameters: {'parameters.max_depth': 7, 'parameters.learning_rate': 0.0038913388225574794, 'parameters.subsample': 0.6399511303933894, 'parameters.colsample_bytree': 0.6246972509715918, 'parameters.gamma': 0.2137032056411405, 'parameters.reg_lambda': 1.3102565297089765, 'parameters.min_child_weight': 2}. Best is trial 0 with value: 0.3258046106584057.
[I 2026-04-11 20:53:44,658] Trial 101 finished with value: 0.3258046106584057 and parameters: {'parameters.max_depth': 19, 'parameters.learning_rate': 0.011251748660057877, 'parameters.subsample': 0.9913410934735724, 'parameters.colsample_bytree': 0.7115201471286977, 'parameters.gamma': 0.001050058688092197, 'parameters.reg_lambda': 3.77292169552768, 'parameters.min_child_weight': 1}. Best is trial 0 with value: 0.3258046106584057.
[I 2026-04-11 20:53:47,826] Trial 102 finished with value: 0.3258046106584057 and parameters: {'parameters.max_depth': 21, 'parameters.learning_rate': 0.008390502412767203, 'parameters.subsample': 0.765041229181203, 'parameters.colsample_bytree': 0.9606557339937652, 'parameters.gamma': 0.002174408281411443, 'parameters.reg_lambda': 4.659715403942526, 'parameters.min_child_weight': 3}. Best is trial 0 with value: 0.3258046106584057.
[I 2026-04-11 20:53:51,026] Trial 103 finished with value: 0.3258046106584057 and parameters: {'parameters.max_depth': 14, 'parameters.learning_rate': 0.014214728058116627, 'parameters.subsample': 0.8630683824250737, 'parameters.colsample_bytree': 0.9586763411471552, 'parameters.gamma': 0.0015852984449910954, 'parameters.reg_lambda': 0.6354855718575168, 'parameters.min_child_weight': 1}. Best is trial 0 with value: 0.3258046106584057.
[I 2026-04-11 20:53:54,251] Trial 104 finished with value: 0.3258046106584057 and parameters: {'parameters.max_depth': 18, 'parameters.learning_rate': 0.01705108790539155, 'parameters.subsample': 0.9688590696729387, 'parameters.colsample_bytree': 0.9714810926639175, 'parameters.gamma': 0.00131638531179448, 'parameters.reg_lambda': 1.237749015772756, 'parameters.min_child_weight': 2}. Best is trial 0 with value: 0.3258046106584057.
[I 2026-04-11 20:53:57,407] Trial 105 finished with value: 0.3258046106584057 and parameters: {'parameters.max_depth': 20, 'parameters.learning_rate': 0.009129826910541254, 'parameters.subsample': 0.9068794474770842, 'parameters.colsample_bytree': 0.9331289126648378, 'parameters.gamma': 0.003883460809772805, 'parameters.reg_lambda': 1.7680004472271706, 'parameters.min_child_weight': 7}. Best is trial 0 with value: 0.3258046106584057.
[I 2026-04-11 20:54:00,598] Trial 106 finished with value: 0.3258046106584057 and parameters: {'parameters.max_depth': 18, 'parameters.learning_rate': 0.02523577999503831, 'parameters.subsample': 0.9394703318270404, 'parameters.colsample_bytree': 0.9853369550611045, 'parameters.gamma': 0.0028842029696382, 'parameters.reg_lambda': 2.836715460848589, 'parameters.min_child_weight': 4}. Best is trial 0 with value: 0.3258046106584057.
[I 2026-04-11 20:54:03,773] Trial 107 finished with value: 0.3258046106584057 and parameters: {'parameters.max_depth': 29, 'parameters.learning_rate': 0.007673574516024979, 'parameters.subsample': 0.6266706282633442, 'parameters.colsample_bytree': 0.6123751724739092, 'parameters.gamma': 0.0017689851720346667, 'parameters.reg_lambda': 0.8730870394199965, 'parameters.min_child_weight': 1}. Best is trial 0 with value: 0.3258046106584057.
[I 2026-04-11 20:54:06,924] Trial 108 finished with value: 0.3258046106584057 and parameters: {'parameters.max_depth': 8, 'parameters.learning_rate': 0.028021286673148023, 'parameters.subsample': 0.8954482214759172, 'parameters.colsample_bytree': 0.7700060884002721, 'parameters.gamma': 0.06675919794739983, 'parameters.reg_lambda': 1.6903198072720806, 'parameters.min_child_weight': 10}. Best is trial 0 with value: 0.3258046106584057.
[I 2026-04-11 20:54:10,126] Trial 109 finished with value: 0.3258046106584057 and parameters: {'parameters.max_depth': 15, 'parameters.learning_rate': 0.00635097775672319, 'parameters.subsample': 0.8520086980494507, 'parameters.colsample_bytree': 0.7951383813026813, 'parameters.gamma': 0.0024274444021652936, 'parameters.reg_lambda': 1.9146389755425035, 'parameters.min_child_weight': 5}. Best is trial 0 with value: 0.3258046106584057.
[I 2026-04-11 20:54:13,334] Trial 110 finished with value: 0.3258046106584057 and parameters: {'parameters.max_depth': 16, 'parameters.learning_rate': 0.005730273332268767, 'parameters.subsample': 0.8050561118116241, 'parameters.colsample_bytree': 0.6814800069007884, 'parameters.gamma': 0.039824968800089885, 'parameters.reg_lambda': 0.9297745321997187, 'parameters.min_child_weight': 6}. Best is trial 0 with value: 0.3258046106584057.
