[I 2026-04-11 21:03:53,697] Trial 91 finished with value: 0.34193117700588643 and parameters: {'parameters.max_depth': 13, 'parameters.learning_rate': 0.005809289328737465, 'parameters.subsample': 0.8433699860040055, 'parameters.colsample_bytree': 0.7276670414714425, 'parameters.reg_alpha': 0.9519747603820924, 'parameters.reg_lambda': 4.3678990691325925, 'parameters.min_child_samples': 27}. Best is trial 0 with value: 0.3419311770058864.
[I 2026-04-11 21:03:56,932] Trial 92 finished with value: 0.34193117700588643 and parameters: {'parameters.max_depth': 17, 'parameters.learning_rate': 0.004444966183129006, 'parameters.subsample': 0.8600350986764164, 'parameters.colsample_bytree': 0.709962893963289, 'parameters.reg_alpha': 1.3582960769021504, 'parameters.reg_lambda': 3.5541252173454825, 'parameters.min_child_samples': 13}. Best is trial 0 with value: 0.3419311770058864.
[I 2026-04-11 21:04:00,157] Trial 93 finished with value: 0.34193117700588643 and parameters: {'parameters.max_depth': 19, 'parameters.learning_rate': 0.0033010336728266604, 'parameters.subsample': 0.9142516601532643, 'parameters.colsample_bytree': 0.7488437023196742, 'parameters.reg_alpha': 1.5127339870636762, 'parameters.reg_lambda': 4.827662190194415, 'parameters.min_child_samples': 54}. Best is trial 0 with value: 0.3419311770058864.
[I 2026-04-11 21:04:03,339] Trial 94 finished with value: 0.34193117700588643 and parameters: {'parameters.max_depth': 4, 'parameters.learning_rate': 0.013748529435709433, 'parameters.subsample': 0.8280991979759785, 'parameters.colsample_bytree': 0.7381508607718714, 'parameters.reg_alpha': 1.9133140647698352, 'parameters.reg_lambda': 3.9370551861864196, 'parameters.min_child_samples': 19}. Best is trial 0 with value: 0.3419311770058864.Best trial: 0. Best value: 0.341931:  47%|████▋     | 94/200 [05:03<05:40,  3.21s/it]Best trial: 0. Best value: 0.341931:  47%|████▋     | 94/200 [05:03<05:40,  3.21s/it]Best trial: 0. Best value: 0.341931:  48%|████▊     | 95/200 [05:03<05:36,  3.20s/it]                                                                                     Best trial: 0. Best value: 0.341931:  48%|████▊     | 95/200 [05:06<05:36,  3.20s/it]Best trial: 0. Best value: 0.341931:  48%|████▊     | 95/200 [05:06<05:36,  3.20s/it]Best trial: 0. Best value: 0.341931:  48%|████▊     | 96/200 [05:06<05:32,  3.20s/it]                                                                                     Best trial: 0. Best value: 0.341931:  48%|████▊     | 96/200 [05:10<05:32,  3.20s/it]Best trial: 0. Best value: 0.341931:  48%|████▊     | 96/200 [05:10<05:32,  3.20s/it]Best trial: 0. Best value: 0.341931:  48%|████▊     | 97/200 [05:10<05:28,  3.19s/it]                                                                                     Best trial: 0. Best value: 0.341931:  48%|████▊     | 97/200 [05:13<05:28,  3.19s/it]Best trial: 0. Best value: 0.341931:  48%|████▊     | 97/200 [05:13<05:28,  3.19s/it]Best trial: 0. Best value: 0.341931:  49%|████▉     | 98/200 [05:13<05:26,  3.20s/it]                                                                                     Best trial: 0. Best value: 0.341931:  49%|████▉     | 98/200 [05:16<05:26,  3.20s/it]Best trial: 0. Best value: 0.341931:  49%|████▉     | 98/200 [05:16<05:26,  3.20s/it]Best trial: 0. Best value: 0.341931:  50%|████▉     | 99/200 [05:16<05:23,  3.20s/it]                                                                                     Best trial: 0. Best value: 0.341931:  50%|████▉     | 99/200 [05:19<05:23,  3.20s/it]Best trial: 0. Best value: 0.341931:  50%|████▉     | 99/200 [05:19<05:23,  3.20s/it]Best trial: 0. Best value: 0.341931:  50%|█████     | 100/200 [05:19<05:22,  3.22s/it]                                                                                      Best trial: 0. Best value: 0.341931:  50%|█████     | 100/200 [05:22<05:22,  3.22s/it]Best trial: 0. Best value: 0.341931:  50%|█████     | 100/200 [05:22<05:22,  3.22s/it]Best trial: 0. Best value: 0.341931:  50%|█████     | 101/200 [05:22<05:17,  3.21s/it]                                                                                      Best trial: 0. Best value: 0.341931:  50%|█████     | 101/200 [05:26<05:17,  3.21s/it]Best trial: 0. Best value: 0.341931:  50%|█████     | 101/200 [05:26<05:17,  3.21s/it]Best trial: 0. Best value: 0.341931:  51%|█████     | 102/200 [05:26<05:16,  3.22s/it]                                                                                      Best trial: 0. Best value: 0.341931:  51%|█████     | 102/200 [05:29<05:16,  3.22s/it]Best trial: 0. Best value: 0.341931:  51%|█████     | 102/200 [05:29<05:16,  3.22s/it]Best trial: 0. Best value: 0.341931:  52%|█████▏    | 103/200 [05:29<05:12,  3.22s/it]                                                                                      Best trial: 0. Best value: 0.341931:  52%|█████▏    | 103/200 [05:32<05:12,  3.22s/it]Best trial: 0. Best value: 0.341931:  52%|█████▏    | 103/200 [05:32<05:12,  3.22s/it]Best trial: 0. Best value: 0.341931:  52%|█████▏    | 104/200 [05:32<05:06,  3.20s/it]                                                                                      Best trial: 0. Best value: 0.341931:  52%|█████▏    | 104/200 [05:35<05:06,  3.20s/it]Best trial: 0. Best value: 0.341931:  52%|█████▏    | 104/200 [05:35<05:06,  3.20s/it]Best trial: 0. Best value: 0.341931:  52%|█████▎    | 105/200 [05:35<05:04,  3.21s/it]                                                                                      Best trial: 0. Best value: 0.341931:  52%|█████▎    | 105/200 [05:38<05:04,  3.21s/it]Best trial: 0. Best value: 0.341931:  52%|█████▎    | 105/200 [05:38<05:04,  3.21s/it]Best trial: 0. Best value: 0.341931:  53%|█████▎    | 106/200 [05:38<05:00,  3.19s/it]                                                                                      Best trial: 0. Best value: 0.341931:  53%|█████▎    | 106/200 [05:42<05:00,  3.19s/it]Best trial: 0. Best value: 0.341931:  53%|█████▎    | 106/200 [05:42<05:00,  3.19s/it]Best trial: 0. Best value: 0.341931:  54%|█████▎    | 107/200 [05:42<04:55,  3.18s/it]                                                                                      Best trial: 0. Best value: 0.341931:  54%|█████▎    | 107/200 [05:45<04:55,  3.18s/it]Best trial: 0. Best value: 0.341931:  54%|█████▎    | 107/200 [05:45<04:55,  3.18s/it]Best trial: 0. Best value: 0.341931:  54%|█████▍    | 108/200 [05:45<04:53,  3.19s/it]                                                                                      Best trial: 0. Best value: 0.341931:  54%|█████▍    | 108/200 [05:48<04:53,  3.19s/it]Best trial: 0. Best value: 0.341931:  54%|█████▍    | 108/200 [05:48<04:53,  3.19s/it]Best trial: 0. Best value: 0.341931:  55%|█████▍    | 109/200 [05:48<04:50,  3.19s/it]                                                                                      Best trial: 0. Best value: 0.341931:  55%|█████▍    | 109/200 [05:51<04:50,  3.19s/it]Best trial: 0. Best value: 0.341931:  55%|█████▍    | 109/200 [05:51<04:50,  3.19s/it]Best trial: 0. Best value: 0.341931:  55%|█████▌    | 110/200 [05:51<04:47,  3.20s/it]                                                                                      Best trial: 0. Best value: 0.341931:  55%|█████▌    | 110/200 [05:54<04:47,  3.20s/it]Best trial: 0. Best value: 0.341931:  55%|█████▌    | 110/200 [05:54<04:47,  3.20s/it]Best trial: 0. Best value: 0.341931:  56%|█████▌    | 111/200 [05:54<04:45,  3.21s/it]                                                                                      Best trial: 0. Best value: 0.341931:  56%|█████▌    | 111/200 [05:58<04:45,  3.21s/it]Best trial: 0. Best value: 0.341931:  56%|█████▌    | 111/200 [05:58<04:45,  3.21s/it]Best trial: 0. Best value: 0.341931:  56%|█████▌    | 112/200 [05:58<04:42,  3.21s/it]                                                                                      Best trial: 0. Best value: 0.341931:  56%|█████▌    | 112/200 [06:01<04:42,  3.21s/it]Best trial: 0. Best value: 0.341931:  56%|█████▌    | 112/200 [06:01<04:42,  3.21s/it]Best trial: 0. Best value: 0.341931:  56%|█████▋    | 113/200 [06:01<04:37,  3.19s/it]                                                                                      
[I 2026-04-11 21:04:06,531] Trial 95 finished with value: 0.3419311770058864 and parameters: {'parameters.max_depth': 16, 'parameters.learning_rate': 0.0036720932900567997, 'parameters.subsample': 0.8829355565971956, 'parameters.colsample_bytree': 0.6102198879358572, 'parameters.reg_alpha': 1.0661825252196275, 'parameters.reg_lambda': 1.5459121030728642, 'parameters.min_child_samples': 46}. Best is trial 0 with value: 0.3419311770058864.
[I 2026-04-11 21:04:09,706] Trial 96 finished with value: 0.3419311770058864 and parameters: {'parameters.max_depth': 13, 'parameters.learning_rate': 0.01927454113354271, 'parameters.subsample': 0.876340695544812, 'parameters.colsample_bytree': 0.8944450894904555, 'parameters.reg_alpha': 0.002940000230087226, 'parameters.reg_lambda': 3.156653492576391, 'parameters.min_child_samples': 36}. Best is trial 0 with value: 0.3419311770058864.
[I 2026-04-11 21:04:12,938] Trial 97 finished with value: 0.34193117700588643 and parameters: {'parameters.max_depth': 15, 'parameters.learning_rate': 0.005423655601832211, 'parameters.subsample': 0.8968515818865551, 'parameters.colsample_bytree': 0.6967449792298731, 'parameters.reg_alpha': 0.2293998253806838, 'parameters.reg_lambda': 1.0081147245958089, 'parameters.min_child_samples': 20}. Best is trial 0 with value: 0.3419311770058864.
[I 2026-04-11 21:04:16,139] Trial 98 finished with value: 0.34193117700588643 and parameters: {'parameters.max_depth': 11, 'parameters.learning_rate': 0.010810911752356892, 'parameters.subsample': 0.8478246281100053, 'parameters.colsample_bytree': 0.7564274841401964, 'parameters.reg_alpha': 0.0065678123655840154, 'parameters.reg_lambda': 0.9317316378706149, 'parameters.min_child_samples': 73}. Best is trial 0 with value: 0.3419311770058864.
[I 2026-04-11 21:04:19,412] Trial 99 finished with value: 0.3419311770058864 and parameters: {'parameters.max_depth': 12, 'parameters.learning_rate': 0.006686465007656229, 'parameters.subsample': 0.669790149777816, 'parameters.colsample_bytree': 0.7687628846755511, 'parameters.reg_alpha': 0.7666567800425832, 'parameters.reg_lambda': 2.040885281568478, 'parameters.min_child_samples': 61}. Best is trial 0 with value: 0.3419311770058864.
[I 2026-04-11 21:04:22,592] Trial 100 finished with value: 0.34193117700588643 and parameters: {'parameters.max_depth': 27, 'parameters.learning_rate': 0.004114872833761174, 'parameters.subsample': 0.7625367905865997, 'parameters.colsample_bytree': 0.7185067642356656, 'parameters.reg_alpha': 0.004104639603731259, 'parameters.reg_lambda': 1.78327436860928, 'parameters.min_child_samples': 38}. Best is trial 0 with value: 0.3419311770058864.
[I 2026-04-11 21:04:25,848] Trial 101 finished with value: 0.3419311770058864 and parameters: {'parameters.max_depth': 6, 'parameters.learning_rate': 0.006218305289003169, 'parameters.subsample': 0.9384856823442979, 'parameters.colsample_bytree': 0.7791864868335243, 'parameters.reg_alpha': 0.1793155270524569, 'parameters.reg_lambda': 2.343669202775099, 'parameters.min_child_samples': 30}. Best is trial 0 with value: 0.3419311770058864.
[I 2026-04-11 21:04:29,052] Trial 102 finished with value: 0.3419311770058864 and parameters: {'parameters.max_depth': 10, 'parameters.learning_rate': 0.008021560523449529, 'parameters.subsample': 0.9100407323380839, 'parameters.colsample_bytree': 0.8405747635965671, 'parameters.reg_alpha': 0.2786765421593239, 'parameters.reg_lambda': 2.6039653436773773, 'parameters.min_child_samples': 24}. Best is trial 0 with value: 0.3419311770058864.
[I 2026-04-11 21:04:32,202] Trial 103 finished with value: 0.3419311770058864 and parameters: {'parameters.max_depth': 14, 'parameters.learning_rate': 0.007440938997085878, 'parameters.subsample': 0.985275941029674, 'parameters.colsample_bytree': 0.7904780387479009, 'parameters.reg_alpha': 0.11568104522048972, 'parameters.reg_lambda': 1.8858954815471785, 'parameters.min_child_samples': 98}. Best is trial 0 with value: 0.3419311770058864.
[I 2026-04-11 21:04:35,434] Trial 104 finished with value: 0.3419311770058864 and parameters: {'parameters.max_depth': 7, 'parameters.learning_rate': 0.006634679243860619, 'parameters.subsample': 0.9526984881084324, 'parameters.colsample_bytree': 0.8221478173328889, 'parameters.reg_alpha': 0.0013067594100466384, 'parameters.reg_lambda': 0.5512143300351416, 'parameters.min_child_samples': 34}. Best is trial 0 with value: 0.3419311770058864.
[I 2026-04-11 21:04:38,597] Trial 105 finished with value: 0.3419311770058864 and parameters: {'parameters.max_depth': 9, 'parameters.learning_rate': 0.008566307509735345, 'parameters.subsample': 0.8644393119343842, 'parameters.colsample_bytree': 0.8107140116970029, 'parameters.reg_alpha': 0.14601527688021465, 'parameters.reg_lambda': 2.741333152622783, 'parameters.min_child_samples': 82}. Best is trial 0 with value: 0.3419311770058864.
[I 2026-04-11 21:04:41,745] Trial 106 finished with value: 0.34193117700588643 and parameters: {'parameters.max_depth': 14, 'parameters.learning_rate': 0.018393102436552556, 'parameters.subsample': 0.9641555717250089, 'parameters.colsample_bytree': 0.6121019603252552, 'parameters.reg_alpha': 0.008963038602412965, 'parameters.reg_lambda': 3.4126767552139694, 'parameters.min_child_samples': 41}. Best is trial 0 with value: 0.3419311770058864.
[I 2026-04-11 21:04:44,945] Trial 107 finished with value: 0.3419311770058864 and parameters: {'parameters.max_depth': 18, 'parameters.learning_rate': 0.009066074267375412, 'parameters.subsample': 0.7413848636984199, 'parameters.colsample_bytree': 0.8014865953017959, 'parameters.reg_alpha': 0.4549285385294238, 'parameters.reg_lambda': 0.6782464241892883, 'parameters.min_child_samples': 32}. Best is trial 0 with value: 0.3419311770058864.
[I 2026-04-11 21:04:48,152] Trial 108 finished with value: 0.3419311770058864 and parameters: {'parameters.max_depth': 21, 'parameters.learning_rate': 0.004734886306068485, 'parameters.subsample': 0.9836498508579046, 'parameters.colsample_bytree': 0.9839311099674889, 'parameters.reg_alpha': 0.09109412445935178, 'parameters.reg_lambda': 0.5021378414127272, 'parameters.min_child_samples': 57}. Best is trial 0 with value: 0.3419311770058864.
[I 2026-04-11 21:04:51,367] Trial 109 finished with value: 0.3419311770058864 and parameters: {'parameters.max_depth': 13, 'parameters.learning_rate': 0.00973701810780428, 'parameters.subsample': 0.661836212663529, 'parameters.colsample_bytree': 0.6412226142320673, 'parameters.reg_alpha': 0.02606462779536154, 'parameters.reg_lambda': 3.004499366491003, 'parameters.min_child_samples': 16}. Best is trial 0 with value: 0.3419311770058864.
[I 2026-04-11 21:04:54,599] Trial 110 finished with value: 0.3419311770058864 and parameters: {'parameters.max_depth': 16, 'parameters.learning_rate': 0.00723798224729364, 'parameters.subsample': 0.9252657715650571, 'parameters.colsample_bytree': 0.6312829297611035, 'parameters.reg_alpha': 1.1942891384236674, 'parameters.reg_lambda': 3.247848150818851, 'parameters.min_child_samples': 49}. Best is trial 0 with value: 0.3419311770058864.
[I 2026-04-11 21:04:57,814] Trial 111 finished with value: 0.34193117700588643 and parameters: {'parameters.max_depth': 30, 'parameters.learning_rate': 0.008470883471053101, 'parameters.subsample': 0.7763826776935827, 'parameters.colsample_bytree': 0.6607250007742497, 'parameters.reg_alpha': 0.08988213196405508, 'parameters.reg_lambda': 0.5346812296068243, 'parameters.min_child_samples': 12}. Best is trial 0 with value: 0.3419311770058864.
[I 2026-04-11 21:05:00,967] Trial 112 finished with value: 0.3419311770058864 and parameters: {'parameters.max_depth': 29, 'parameters.learning_rate': 0.012647526482571713, 'parameters.subsample': 0.7497694353915632, 'parameters.colsample_bytree': 0.6505359577281656, 'parameters.reg_alpha': 0.2018465124141784, 'parameters.reg_lambda': 0.5931934630078192, 'parameters.min_child_samples': 26}. Best is trial 0 with value: 0.3419311770058864.
