[I 2026-04-11 21:15:54,671] Trial 99 finished with value: 0.34265128860961136 and parameters: {'parameters.depth': 4, 'parameters.learning_rate': 0.004186247581782714, 'parameters.l2_leaf_reg': 1.1948436332564425, 'parameters.subsample': 0.8229172551357271, 'parameters.random_strength': 0.19260507178392933, 'parameters.bagging_temperature': 0.09877113708613659}. Best is trial 0 with value: 0.34265128860961136.Best trial: 0. Best value: 0.342651:  50%|████▉     | 99/200 [06:13<06:19,  3.76s/it]Best trial: 0. Best value: 0.342651:  50%|████▉     | 99/200 [06:13<06:19,  3.76s/it]Best trial: 0. Best value: 0.342651:  50%|█████     | 100/200 [06:13<06:15,  3.76s/it]                                                                                      Best trial: 0. Best value: 0.342651:  50%|█████     | 100/200 [06:16<06:15,  3.76s/it]Best trial: 0. Best value: 0.342651:  50%|█████     | 100/200 [06:16<06:15,  3.76s/it]Best trial: 0. Best value: 0.342651:  50%|█████     | 101/200 [06:16<06:12,  3.76s/it]                                                                                      Best trial: 0. Best value: 0.342651:  50%|█████     | 101/200 [06:20<06:12,  3.76s/it]Best trial: 0. Best value: 0.342651:  50%|█████     | 101/200 [06:20<06:12,  3.76s/it]Best trial: 0. Best value: 0.342651:  51%|█████     | 102/200 [06:20<06:07,  3.75s/it]                                                                                      Best trial: 0. Best value: 0.342651:  51%|█████     | 102/200 [06:24<06:07,  3.75s/it]Best trial: 0. Best value: 0.342651:  51%|█████     | 102/200 [06:24<06:07,  3.75s/it]Best trial: 0. Best value: 0.342651:  52%|█████▏    | 103/200 [06:24<06:03,  3.75s/it]                                                                                      Best trial: 0. Best value: 0.342651:  52%|█████▏    | 103/200 [06:28<06:03,  3.75s/it]Best trial: 0. Best value: 0.342651:  52%|█████▏    | 103/200 [06:28<06:03,  3.75s/it]Best trial: 0. Best value: 0.342651:  52%|█████▏    | 104/200 [06:28<06:00,  3.76s/it]                                                                                      Best trial: 0. Best value: 0.342651:  52%|█████▏    | 104/200 [06:31<06:00,  3.76s/it]Best trial: 0. Best value: 0.342651:  52%|█████▏    | 104/200 [06:31<06:00,  3.76s/it]Best trial: 0. Best value: 0.342651:  52%|█████▎    | 105/200 [06:31<05:57,  3.76s/it]                                                                                      Best trial: 0. Best value: 0.342651:  52%|█████▎    | 105/200 [06:35<05:57,  3.76s/it]Best trial: 0. Best value: 0.342651:  52%|█████▎    | 105/200 [06:35<05:57,  3.76s/it]Best trial: 0. Best value: 0.342651:  53%|█████▎    | 106/200 [06:35<05:51,  3.74s/it]                                                                                      Best trial: 0. Best value: 0.342651:  53%|█████▎    | 106/200 [06:39<05:51,  3.74s/it]Best trial: 0. Best value: 0.342651:  53%|█████▎    | 106/200 [06:39<05:51,  3.74s/it]Best trial: 0. Best value: 0.342651:  54%|█████▎    | 107/200 [06:39<05:46,  3.73s/it]                                                                                      Best trial: 0. Best value: 0.342651:  54%|█████▎    | 107/200 [06:42<05:46,  3.73s/it]Best trial: 0. Best value: 0.342651:  54%|█████▎    | 107/200 [06:42<05:46,  3.73s/it]Best trial: 0. Best value: 0.342651:  54%|█████▍    | 108/200 [06:42<05:44,  3.74s/it]                                                                                      Best trial: 0. Best value: 0.342651:  54%|█████▍    | 108/200 [06:46<05:44,  3.74s/it]Best trial: 0. Best value: 0.342651:  54%|█████▍    | 108/200 [06:46<05:44,  3.74s/it]Best trial: 0. Best value: 0.342651:  55%|█████▍    | 109/200 [06:46<05:40,  3.74s/it]                                                                                      Best trial: 0. Best value: 0.342651:  55%|█████▍    | 109/200 [06:50<05:40,  3.74s/it]Best trial: 0. Best value: 0.342651:  55%|█████▍    | 109/200 [06:50<05:40,  3.74s/it]Best trial: 0. Best value: 0.342651:  55%|█████▌    | 110/200 [06:50<05:36,  3.74s/it]                                                                                      Best trial: 0. Best value: 0.342651:  55%|█████▌    | 110/200 [06:54<05:36,  3.74s/it]Best trial: 0. Best value: 0.342651:  55%|█████▌    | 110/200 [06:54<05:36,  3.74s/it]Best trial: 0. Best value: 0.342651:  56%|█████▌    | 111/200 [06:54<05:33,  3.75s/it]                                                                                      Best trial: 0. Best value: 0.342651:  56%|█████▌    | 111/200 [06:58<05:33,  3.75s/it]Best trial: 0. Best value: 0.342651:  56%|█████▌    | 111/200 [06:58<05:33,  3.75s/it]Best trial: 0. Best value: 0.342651:  56%|█████▌    | 112/200 [06:58<05:30,  3.76s/it]                                                                                      Best trial: 0. Best value: 0.342651:  56%|█████▌    | 112/200 [07:01<05:30,  3.76s/it]Best trial: 0. Best value: 0.342651:  56%|█████▌    | 112/200 [07:01<05:30,  3.76s/it]Best trial: 0. Best value: 0.342651:  56%|█████▋    | 113/200 [07:01<05:25,  3.74s/it]                                                                                      Best trial: 0. Best value: 0.342651:  56%|█████▋    | 113/200 [07:05<05:25,  3.74s/it]Best trial: 0. Best value: 0.342651:  56%|█████▋    | 113/200 [07:05<05:25,  3.74s/it]Best trial: 0. Best value: 0.342651:  57%|█████▋    | 114/200 [07:05<05:21,  3.74s/it]                                                                                      Best trial: 0. Best value: 0.342651:  57%|█████▋    | 114/200 [07:09<05:21,  3.74s/it]Best trial: 0. Best value: 0.342651:  57%|█████▋    | 114/200 [07:09<05:21,  3.74s/it]Best trial: 0. Best value: 0.342651:  57%|█████▊    | 115/200 [07:09<05:17,  3.73s/it]                                                                                      Best trial: 0. Best value: 0.342651:  57%|█████▊    | 115/200 [07:12<05:17,  3.73s/it]Best trial: 0. Best value: 0.342651:  57%|█████▊    | 115/200 [07:12<05:17,  3.73s/it]Best trial: 0. Best value: 0.342651:  58%|█████▊    | 116/200 [07:12<05:14,  3.74s/it]                                                                                      Best trial: 0. Best value: 0.342651:  58%|█████▊    | 116/200 [07:16<05:14,  3.74s/it]Best trial: 0. Best value: 0.342651:  58%|█████▊    | 116/200 [07:16<05:14,  3.74s/it]Best trial: 0. Best value: 0.342651:  58%|█████▊    | 117/200 [07:16<05:11,  3.75s/it]                                                                                      Best trial: 0. Best value: 0.342651:  58%|█████▊    | 117/200 [07:20<05:11,  3.75s/it]Best trial: 0. Best value: 0.342651:  58%|█████▊    | 117/200 [07:20<05:11,  3.75s/it]Best trial: 0. Best value: 0.342651:  59%|█████▉    | 118/200 [07:20<05:05,  3.72s/it]                                                                                      Best trial: 0. Best value: 0.342651:  59%|█████▉    | 118/200 [07:24<05:05,  3.72s/it]Best trial: 0. Best value: 0.342651:  59%|█████▉    | 118/200 [07:24<05:05,  3.72s/it]Best trial: 0. Best value: 0.342651:  60%|█████▉    | 119/200 [07:24<05:02,  3.73s/it]                                                                                      
[I 2026-04-11 21:15:58,446] Trial 100 finished with value: 0.34265128860961136 and parameters: {'parameters.depth': 6, 'parameters.learning_rate': 0.0032957002097185085, 'parameters.l2_leaf_reg': 1.1103045345591454, 'parameters.subsample': 0.7369903210655416, 'parameters.random_strength': 0.1404341895660272, 'parameters.bagging_temperature': 0.027507190870014225}. Best is trial 0 with value: 0.34265128860961136.
[I 2026-04-11 21:16:02,171] Trial 101 finished with value: 0.34265128860961136 and parameters: {'parameters.depth': 11, 'parameters.learning_rate': 0.006975004094523534, 'parameters.l2_leaf_reg': 9.478903845819504, 'parameters.subsample': 0.7653746173674779, 'parameters.random_strength': 0.4127713642715736, 'parameters.bagging_temperature': 0.0016861037262969345}. Best is trial 0 with value: 0.34265128860961136.
[I 2026-04-11 21:16:05,916] Trial 102 finished with value: 0.34265128860961136 and parameters: {'parameters.depth': 12, 'parameters.learning_rate': 0.009199430119224734, 'parameters.l2_leaf_reg': 8.927347476069514, 'parameters.subsample': 0.7554638058172713, 'parameters.random_strength': 0.4381432335409452, 'parameters.bagging_temperature': 0.0013534523233550645}. Best is trial 0 with value: 0.34265128860961136.
[I 2026-04-11 21:16:09,687] Trial 103 finished with value: 0.34265128860961136 and parameters: {'parameters.depth': 12, 'parameters.learning_rate': 0.005403798369294989, 'parameters.l2_leaf_reg': 8.517270892878633, 'parameters.subsample': 0.6832577597940379, 'parameters.random_strength': 0.5210590169370551, 'parameters.bagging_temperature': 0.0012408391189810287}. Best is trial 0 with value: 0.34265128860961136.
[I 2026-04-11 21:16:13,452] Trial 104 finished with value: 0.34265128860961136 and parameters: {'parameters.depth': 11, 'parameters.learning_rate': 0.004589031565446306, 'parameters.l2_leaf_reg': 6.380179174855052, 'parameters.subsample': 0.7288502255621528, 'parameters.random_strength': 0.4998126174120651, 'parameters.bagging_temperature': 0.0010940723479766624}. Best is trial 0 with value: 0.34265128860961136.
[I 2026-04-11 21:16:17,149] Trial 105 finished with value: 0.34265128860961136 and parameters: {'parameters.depth': 8, 'parameters.learning_rate': 0.0128926306114164, 'parameters.l2_leaf_reg': 7.783147091974867, 'parameters.subsample': 0.8332189728542949, 'parameters.random_strength': 0.30880521126317445, 'parameters.bagging_temperature': 0.0030135696293233662}. Best is trial 0 with value: 0.34265128860961136.
[I 2026-04-11 21:16:20,858] Trial 106 finished with value: 0.34265128860961136 and parameters: {'parameters.depth': 11, 'parameters.learning_rate': 0.008333142616243367, 'parameters.l2_leaf_reg': 3.727464123293575, 'parameters.subsample': 0.9518279336950634, 'parameters.random_strength': 0.35566252429887774, 'parameters.bagging_temperature': 0.005734067296314847}. Best is trial 0 with value: 0.34265128860961136.
[I 2026-04-11 21:16:24,620] Trial 107 finished with value: 0.34265128860961136 and parameters: {'parameters.depth': 5, 'parameters.learning_rate': 0.012001835053519613, 'parameters.l2_leaf_reg': 1.2657663667956405, 'parameters.subsample': 0.7011421015660305, 'parameters.random_strength': 0.2103648385454741, 'parameters.bagging_temperature': 0.008849819579186851}. Best is trial 0 with value: 0.34265128860961136.
[I 2026-04-11 21:16:28,368] Trial 108 finished with value: 0.34265128860961136 and parameters: {'parameters.depth': 7, 'parameters.learning_rate': 0.002370813516927842, 'parameters.l2_leaf_reg': 8.21192277199216, 'parameters.subsample': 0.8571090293534743, 'parameters.random_strength': 0.1333770293657263, 'parameters.bagging_temperature': 0.012763549397586425}. Best is trial 0 with value: 0.34265128860961136.
[I 2026-04-11 21:16:32,114] Trial 109 finished with value: 0.34265128860961136 and parameters: {'parameters.depth': 12, 'parameters.learning_rate': 0.02816019206539255, 'parameters.l2_leaf_reg': 1.4749839619445642, 'parameters.subsample': 0.7798767701189617, 'parameters.random_strength': 0.11721505566502263, 'parameters.bagging_temperature': 0.1443041450168541}. Best is trial 0 with value: 0.34265128860961136.
[I 2026-04-11 21:16:35,868] Trial 110 finished with value: 0.34265128860961136 and parameters: {'parameters.depth': 8, 'parameters.learning_rate': 0.0062238485731143794, 'parameters.l2_leaf_reg': 1.5990812718797536, 'parameters.subsample': 0.9792830853145655, 'parameters.random_strength': 0.7593076937254745, 'parameters.bagging_temperature': 0.0361746496219056}. Best is trial 0 with value: 0.34265128860961136.
[I 2026-04-11 21:16:39,663] Trial 111 finished with value: 0.34265128860961136 and parameters: {'parameters.depth': 4, 'parameters.learning_rate': 0.010341256192927173, 'parameters.l2_leaf_reg': 7.160586921132543, 'parameters.subsample': 0.8733513793809796, 'parameters.random_strength': 0.10558237805236559, 'parameters.bagging_temperature': 0.17099972956662177}. Best is trial 0 with value: 0.34265128860961136.
[I 2026-04-11 21:16:43,354] Trial 112 finished with value: 0.34265128860961136 and parameters: {'parameters.depth': 4, 'parameters.learning_rate': 0.01590038825507974, 'parameters.l2_leaf_reg': 4.954151309518543, 'parameters.subsample': 0.849309264679205, 'parameters.random_strength': 0.10928091381485032, 'parameters.bagging_temperature': 0.050908716881962836}. Best is trial 0 with value: 0.34265128860961136.
[I 2026-04-11 21:16:47,085] Trial 113 finished with value: 0.34265128860961136 and parameters: {'parameters.depth': 4, 'parameters.learning_rate': 0.0029269784508325837, 'parameters.l2_leaf_reg': 3.920776175265124, 'parameters.subsample': 0.8848101140799003, 'parameters.random_strength': 0.11454557803861055, 'parameters.bagging_temperature': 0.0014856133051033209}. Best is trial 0 with value: 0.34265128860961136.
[I 2026-04-11 21:16:50,813] Trial 114 finished with value: 0.34265128860961136 and parameters: {'parameters.depth': 4, 'parameters.learning_rate': 0.0037149846146227673, 'parameters.l2_leaf_reg': 9.276358363644308, 'parameters.subsample': 0.7751106701403989, 'parameters.random_strength': 0.12851395889650183, 'parameters.bagging_temperature': 0.4489424847147476}. Best is trial 0 with value: 0.34265128860961136.
[I 2026-04-11 21:16:54,577] Trial 115 finished with value: 0.34265128860961136 and parameters: {'parameters.depth': 5, 'parameters.learning_rate': 0.007796797526523688, 'parameters.l2_leaf_reg': 2.5308997848251678, 'parameters.subsample': 0.6765906956396386, 'parameters.random_strength': 0.5760744921014419, 'parameters.bagging_temperature': 0.31342354754153184}. Best is trial 0 with value: 0.34265128860961136.
[I 2026-04-11 21:16:58,339] Trial 116 finished with value: 0.34265128860961136 and parameters: {'parameters.depth': 8, 'parameters.learning_rate': 0.01106847596046455, 'parameters.l2_leaf_reg': 1.3816403916014133, 'parameters.subsample': 0.7986515002029514, 'parameters.random_strength': 0.2793369380247325, 'parameters.bagging_temperature': 0.24292518784474318}. Best is trial 0 with value: 0.34265128860961136.
[I 2026-04-11 21:17:02,006] Trial 117 finished with value: 0.34265128860961136 and parameters: {'parameters.depth': 9, 'parameters.learning_rate': 0.02478452471905812, 'parameters.l2_leaf_reg': 1.0035342371683702, 'parameters.subsample': 0.6221929945095084, 'parameters.random_strength': 0.17603292868098477, 'parameters.bagging_temperature': 0.5887917228981497}. Best is trial 0 with value: 0.34265128860961136.
[I 2026-04-11 21:17:05,753] Trial 118 finished with value: 0.34265128860961136 and parameters: {'parameters.depth': 4, 'parameters.learning_rate': 0.0026980809490573213, 'parameters.l2_leaf_reg': 2.2367004094124288, 'parameters.subsample': 0.836069981596932, 'parameters.random_strength': 0.10199980088597975, 'parameters.bagging_temperature': 0.0021103062664657446}. Best is trial 0 with value: 0.34265128860961136.
