[I 2026-04-11 20:49:31,244] Trial 21 finished with value: 0.3258046106584057 and parameters: {'parameters.max_depth': 10, 'parameters.learning_rate': 0.0021804849800207255, 'parameters.subsample': 0.6777341048964896, 'parameters.colsample_bytree': 0.7960403686722798, 'parameters.gamma': 0.0021896202611249613, 'parameters.reg_lambda': 0.8858620944085605, 'parameters.min_child_weight': 8}. Best is trial 0 with value: 0.3258046106584057.
[I 2026-04-11 20:49:34,362] Trial 22 finished with value: 0.3258046106584057 and parameters: {'parameters.max_depth': 10, 'parameters.learning_rate': 0.006074165894294137, 'parameters.subsample': 0.7150538874038738, 'parameters.colsample_bytree': 0.8012733559791179, 'parameters.gamma': 0.031444669640127355, 'parameters.reg_lambda': 1.0439709488396844, 'parameters.min_child_weight': 7}. Best is trial 0 with value: 0.3258046106584057.
[I 2026-04-11 20:49:37,569] Trial 23 finished with value: 0.3258046106584057 and parameters: {'parameters.max_depth': 16, 'parameters.learning_rate': 0.002980044803751403, 'parameters.subsample': 0.6659970600743186, 'parameters.colsample_bytree': 0.7375909563146793, 'parameters.gamma': 0.011276618038892473, 'parameters.reg_lambda': 0.7308113822623474, 'parameters.min_child_weight': 7}. Best is trial 0 with value: 0.3258046106584057.
[I 2026-04-11 20:49:40,801] Trial 24 finished with value: 0.3258046106584057 and parameters: {'parameters.max_depth': 21, 'parameters.learning_rate': 0.00562016318413895, 'parameters.subsample': 0.7286548226078752, 'parameters.colsample_bytree': 0.6812396469943495, 'parameters.gamma': 0.2694793983445299, 'parameters.reg_lambda': 0.5525031463016664, 'parameters.min_child_weight': 4}. Best is trial 0 with value: 0.3258046106584057.
[I 2026-04-11 20:49:43,982] Trial 25 finished with value: 0.3258046106584057 and parameters: {'parameters.max_depth': 4, 'parameters.learning_rate': 0.00285321243041444, 'parameters.subsample': 0.7998610834363407, 'parameters.colsample_bytree': 0.7885971171745346, 'parameters.gamma': 1.5874305697696547, 'parameters.reg_lambda': 1.4815761714825029, 'parameters.min_child_weight': 5}. Best is trial 0 with value: 0.3258046106584057.
[I 2026-04-11 20:49:47,131] Trial 26 finished with value: 0.3258046106584057 and parameters: {'parameters.max_depth': 12, 'parameters.learning_rate': 0.0092489183299223, 'parameters.subsample': 0.8506398337331939, 'parameters.colsample_bytree': 0.824107278028654, 'parameters.gamma': 0.0027308097663257427, 'parameters.reg_lambda': 0.9722562666944459, 'parameters.min_child_weight': 8}. Best is trial 0 with value: 0.3258046106584057.
[I 2026-04-11 20:49:50,340] Trial 27 finished with value: 0.3258046106584057 and parameters: {'parameters.max_depth': 27, 'parameters.learning_rate': 0.01877109873005151, 'parameters.subsample': 0.9111810624806276, 'parameters.colsample_bytree': 0.8839593823792108, 'parameters.gamma': 0.18091495378124933, 'parameters.reg_lambda': 0.7174822830545589, 'parameters.min_child_weight': 7}. Best is trial 0 with value: 0.3258046106584057.
[I 2026-04-11 20:49:53,449] Trial 28 finished with value: 0.3258046106584057 and parameters: {'parameters.max_depth': 15, 'parameters.learning_rate': 0.013177844760116039, 'parameters.subsample': 0.7623256392639592, 'parameters.colsample_bytree': 0.7588809945125298, 'parameters.gamma': 0.05087052680069134, 'parameters.reg_lambda': 2.1940050742240804, 'parameters.min_child_weight': 2}. Best is trial 0 with value: 0.3258046106584057.
[I 2026-04-11 20:49:56,583] Trial 29 finished with value: 0.3258046106584057 and parameters: {'parameters.max_depth': 8, 'parameters.learning_rate': 0.004656783107059338, 'parameters.subsample': 0.708088411809647, 'parameters.colsample_bytree': 0.7335967269833219, 'parameters.gamma': 0.5766375674014472, 'parameters.reg_lambda': 0.8397281252336928, 'parameters.min_child_weight': 6}. Best is trial 0 with value: 0.3258046106584057.
[I 2026-04-11 20:49:59,716] Trial 30 finished with value: 0.3258046106584057 and parameters: {'parameters.max_depth': 6, 'parameters.learning_rate': 0.003701448516387517, 'parameters.subsample': 0.6532144562408608, 'parameters.colsample_bytree': 0.7681916199665908, 'parameters.gamma': 0.0073485311554879916, 'parameters.reg_lambda': 1.0868415541725676, 'parameters.min_child_weight': 5}. Best is trial 0 with value: 0.3258046106584057.
[I 2026-04-11 20:50:02,908] Trial 31 finished with value: 0.3258046106584057 and parameters: {'parameters.max_depth': 7, 'parameters.learning_rate': 0.0025119534731406113, 'parameters.subsample': 0.7389670332854781, 'parameters.colsample_bytree': 0.8266477078097273, 'parameters.gamma': 0.7338711666855633, 'parameters.reg_lambda': 0.7912349345016091, 'parameters.min_child_weight': 6}. Best is trial 0 with value: 0.3258046106584057.
[I 2026-04-11 20:50:06,097] Trial 32 finished with value: 0.3258046106584057 and parameters: {'parameters.max_depth': 18, 'parameters.learning_rate': 0.005173183450910691, 'parameters.subsample': 0.8052015428248186, 'parameters.colsample_bytree': 0.6401935752194167, 'parameters.gamma': 1.0748688227122591, 'parameters.reg_lambda': 0.7315656025039038, 'parameters.min_child_weight': 8}. Best is trial 0 with value: 0.3258046106584057.
[I 2026-04-11 20:50:09,284] Trial 33 finished with value: 0.3258046106584057 and parameters: {'parameters.max_depth': 11, 'parameters.learning_rate': 0.004094196544747234, 'parameters.subsample': 0.7029437375351548, 'parameters.colsample_bytree': 0.6771936809354243, 'parameters.gamma': 0.3880738115998807, 'parameters.reg_lambda': 0.6160995282901941, 'parameters.min_child_weight': 5}. Best is trial 0 with value: 0.3258046106584057.
[I 2026-04-11 20:50:12,600] Trial 34 finished with value: 0.3258046106584057 and parameters: {'parameters.max_depth': 4, 'parameters.learning_rate': 0.0031365983834246995, 'parameters.subsample': 0.7365177356278579, 'parameters.colsample_bytree': 0.851236516997781, 'parameters.gamma': 1.2669855732031337, 'parameters.reg_lambda': 1.506104202694575, 'parameters.min_child_weight': 7}. Best is trial 0 with value: 0.3258046106584057.
[I 2026-04-11 20:50:15,799] Trial 35 finished with value: 0.3258046106584057 and parameters: {'parameters.max_depth': 7, 'parameters.learning_rate': 0.0020208901270664828, 'parameters.subsample': 0.6925218510770706, 'parameters.colsample_bytree': 0.6247883973028684, 'parameters.gamma': 0.023046666820161925, 'parameters.reg_lambda': 0.6674481177837506, 'parameters.min_child_weight': 6}. Best is trial 0 with value: 0.3258046106584057.
[I 2026-04-11 20:50:18,963] Trial 36 finished with value: 0.3258046106584057 and parameters: {'parameters.max_depth': 9, 'parameters.learning_rate': 0.024491824197770264, 'parameters.subsample': 0.6399402559413809, 'parameters.colsample_bytree': 0.6750921426962833, 'parameters.gamma': 0.0010236176986973518, 'parameters.reg_lambda': 1.121568477477932, 'parameters.min_child_weight': 9}. Best is trial 0 with value: 0.3258046106584057.
[I 2026-04-11 20:50:22,147] Trial 37 finished with value: 0.3258046106584057 and parameters: {'parameters.max_depth': 23, 'parameters.learning_rate': 0.002541265356611136, 'parameters.subsample': 0.607822230659848, 'parameters.colsample_bytree': 0.7054112727972709, 'parameters.gamma': 0.17001412030738078, 'parameters.reg_lambda': 0.9372737871001073, 'parameters.min_child_weight': 4}. Best is trial 0 with value: 0.3258046106584057.Best trial: 0. Best value: 0.325805:  18%|█▊        | 37/200 [02:00<08:41,  3.20s/it]Best trial: 0. Best value: 0.325805:  18%|█▊        | 37/200 [02:00<08:41,  3.20s/it]Best trial: 0. Best value: 0.325805:  19%|█▉        | 38/200 [02:00<08:37,  3.19s/it]                                                                                     Best trial: 0. Best value: 0.325805:  19%|█▉        | 38/200 [02:03<08:37,  3.19s/it]Best trial: 0. Best value: 0.325805:  19%|█▉        | 38/200 [02:03<08:37,  3.19s/it]Best trial: 0. Best value: 0.325805:  20%|█▉        | 39/200 [02:03<08:36,  3.21s/it]                                                                                     Best trial: 0. Best value: 0.325805:  20%|█▉        | 39/200 [02:06<08:36,  3.21s/it]Best trial: 0. Best value: 0.325805:  20%|█▉        | 39/200 [02:06<08:36,  3.21s/it]Best trial: 0. Best value: 0.325805:  20%|██        | 40/200 [02:06<08:28,  3.18s/it]                                                                                     Best trial: 0. Best value: 0.325805:  20%|██        | 40/200 [02:09<08:28,  3.18s/it]Best trial: 0. Best value: 0.325805:  20%|██        | 40/200 [02:09<08:28,  3.18s/it]Best trial: 0. Best value: 0.325805:  20%|██        | 41/200 [02:09<08:23,  3.16s/it]                                                                                     Best trial: 0. Best value: 0.325805:  20%|██        | 41/200 [02:13<08:23,  3.16s/it]Best trial: 0. Best value: 0.325805:  20%|██        | 41/200 [02:13<08:23,  3.16s/it]Best trial: 0. Best value: 0.325805:  21%|██        | 42/200 [02:13<08:25,  3.20s/it]                                                                                     Best trial: 0. Best value: 0.325805:  21%|██        | 42/200 [02:16<08:25,  3.20s/it]Best trial: 0. Best value: 0.325805:  21%|██        | 42/200 [02:16<08:25,  3.20s/it]Best trial: 0. Best value: 0.325805:  22%|██▏       | 43/200 [02:16<08:21,  3.19s/it]                                                                                     Best trial: 0. Best value: 0.325805:  22%|██▏       | 43/200 [02:19<08:21,  3.19s/it]Best trial: 0. Best value: 0.325805:  22%|██▏       | 43/200 [02:19<08:21,  3.19s/it]Best trial: 0. Best value: 0.325805:  22%|██▏       | 44/200 [02:19<08:21,  3.21s/it]                                                                                     Best trial: 0. Best value: 0.325805:  22%|██▏       | 44/200 [02:22<08:21,  3.21s/it]Best trial: 0. Best value: 0.325805:  22%|██▏       | 44/200 [02:22<08:21,  3.21s/it]Best trial: 0. Best value: 0.325805:  22%|██▎       | 45/200 [02:22<08:12,  3.18s/it]                                                                                     Best trial: 0. Best value: 0.325805:  22%|██▎       | 45/200 [02:25<08:12,  3.18s/it]Best trial: 0. Best value: 0.325805:  22%|██▎       | 45/200 [02:25<08:12,  3.18s/it]Best trial: 0. Best value: 0.325805:  23%|██▎       | 46/200 [02:25<08:08,  3.17s/it]                                                                                     Best trial: 0. Best value: 0.325805:  23%|██▎       | 46/200 [02:29<08:08,  3.17s/it]Best trial: 0. Best value: 0.325805:  23%|██▎       | 46/200 [02:29<08:08,  3.17s/it]Best trial: 0. Best value: 0.325805:  24%|██▎       | 47/200 [02:29<08:05,  3.17s/it]                                                                                     Best trial: 0. Best value: 0.325805:  24%|██▎       | 47/200 [02:32<08:05,  3.17s/it]Best trial: 0. Best value: 0.325805:  24%|██▎       | 47/200 [02:32<08:05,  3.17s/it]Best trial: 0. Best value: 0.325805:  24%|██▍       | 48/200 [02:32<08:06,  3.20s/it]                                                                                     Best trial: 0. Best value: 0.325805:  24%|██▍       | 48/200 [02:35<08:06,  3.20s/it]Best trial: 0. Best value: 0.325805:  24%|██▍       | 48/200 [02:35<08:06,  3.20s/it]Best trial: 0. Best value: 0.325805:  24%|██▍       | 49/200 [02:35<08:01,  3.19s/it]                                                                                     Best trial: 0. Best value: 0.325805:  24%|██▍       | 49/200 [02:38<08:01,  3.19s/it]Best trial: 0. Best value: 0.325805:  24%|██▍       | 49/200 [02:38<08:01,  3.19s/it]Best trial: 0. Best value: 0.325805:  25%|██▌       | 50/200 [02:38<07:55,  3.17s/it]                                                                                     Best trial: 0. Best value: 0.325805:  25%|██▌       | 50/200 [02:41<07:55,  3.17s/it]Best trial: 0. Best value: 0.325805:  25%|██▌       | 50/200 [02:41<07:55,  3.17s/it]Best trial: 0. Best value: 0.325805:  26%|██▌       | 51/200 [02:41<07:53,  3.18s/it]                                                                                     Best trial: 0. Best value: 0.325805:  26%|██▌       | 51/200 [02:44<07:53,  3.18s/it]Best trial: 0. Best value: 0.325805:  26%|██▌       | 51/200 [02:44<07:53,  3.18s/it]Best trial: 0. Best value: 0.325805:  26%|██▌       | 52/200 [02:44<07:48,  3.17s/it]                                                                                     Best trial: 0. Best value: 0.325805:  26%|██▌       | 52/200 [02:48<07:48,  3.17s/it]Best trial: 0. Best value: 0.325805:  26%|██▌       | 52/200 [02:48<07:48,  3.17s/it]Best trial: 0. Best value: 0.325805:  26%|██▋       | 53/200 [02:48<07:43,  3.15s/it]                                                                                     Best trial: 0. Best value: 0.325805:  26%|██▋       | 53/200 [02:51<07:43,  3.15s/it]Best trial: 0. Best value: 0.325805:  26%|██▋       | 53/200 [02:51<07:43,  3.15s/it]Best trial: 0. Best value: 0.325805:  27%|██▋       | 54/200 [02:51<07:40,  3.16s/it]                                                                                     Best trial: 0. Best value: 0.325805:  27%|██▋       | 54/200 [02:54<07:40,  3.16s/it]Best trial: 0. Best value: 0.325805:  27%|██▋       | 54/200 [02:54<07:40,  3.16s/it]Best trial: 0. Best value: 0.325805:  28%|██▊       | 55/200 [02:54<07:38,  3.16s/it]                                                                                     Best trial: 0. Best value: 0.325805:  28%|██▊       | 55/200 [02:57<07:38,  3.16s/it]Best trial: 0. Best value: 0.325805:  28%|██▊       | 55/200 [02:57<07:38,  3.16s/it]Best trial: 0. Best value: 0.325805:  28%|██▊       | 56/200 [02:57<07:40,  3.20s/it]                                                                                     
[I 2026-04-11 20:50:25,389] Trial 38 finished with value: 0.3258046106584057 and parameters: {'parameters.max_depth': 12, 'parameters.learning_rate': 0.003655233785101598, 'parameters.subsample': 0.8231166492770446, 'parameters.colsample_bytree': 0.7736556969721344, 'parameters.gamma': 0.016152472526380808, 'parameters.reg_lambda': 1.3614378157196818, 'parameters.min_child_weight': 1}. Best is trial 0 with value: 0.3258046106584057.
[I 2026-04-11 20:50:28,505] Trial 39 finished with value: 0.3258046106584057 and parameters: {'parameters.max_depth': 5, 'parameters.learning_rate': 0.0066983166875783625, 'parameters.subsample': 0.9566880542822659, 'parameters.colsample_bytree': 0.9944307305248297, 'parameters.gamma': 0.03987132136032959, 'parameters.reg_lambda': 1.8526690806429134, 'parameters.min_child_weight': 3}. Best is trial 0 with value: 0.3258046106584057.
[I 2026-04-11 20:50:31,631] Trial 40 finished with value: 0.3258046106584057 and parameters: {'parameters.max_depth': 27, 'parameters.learning_rate': 0.004783814018624039, 'parameters.subsample': 0.786383538555363, 'parameters.colsample_bytree': 0.8484317335036422, 'parameters.gamma': 0.7287057365375259, 'parameters.reg_lambda': 3.627250697832633, 'parameters.min_child_weight': 9}. Best is trial 0 with value: 0.3258046106584057.
[I 2026-04-11 20:50:34,913] Trial 41 finished with value: 0.3258046106584057 and parameters: {'parameters.max_depth': 19, 'parameters.learning_rate': 0.0024034247823410478, 'parameters.subsample': 0.882644771216168, 'parameters.colsample_bytree': 0.6251360521792448, 'parameters.gamma': 0.001523225499817727, 'parameters.reg_lambda': 4.876870221848704, 'parameters.min_child_weight': 9}. Best is trial 0 with value: 0.3258046106584057.
[I 2026-04-11 20:50:38,086] Trial 42 finished with value: 0.3258046106584057 and parameters: {'parameters.max_depth': 14, 'parameters.learning_rate': 0.00402520987560957, 'parameters.subsample': 0.8343490274890605, 'parameters.colsample_bytree': 0.6016348186629341, 'parameters.gamma': 0.002331847936026716, 'parameters.reg_lambda': 4.149904576239853, 'parameters.min_child_weight': 10}. Best is trial 0 with value: 0.3258046106584057.
[I 2026-04-11 20:50:41,351] Trial 43 finished with value: 0.3258046106584057 and parameters: {'parameters.max_depth': 25, 'parameters.learning_rate': 0.013921799648751376, 'parameters.subsample': 0.8587213024064126, 'parameters.colsample_bytree': 0.6561045561874578, 'parameters.gamma': 0.0016107413929815362, 'parameters.reg_lambda': 2.8161110062701584, 'parameters.min_child_weight': 6}. Best is trial 0 with value: 0.3258046106584057.
[I 2026-04-11 20:50:44,454] Trial 44 finished with value: 0.3258046106584057 and parameters: {'parameters.max_depth': 6, 'parameters.learning_rate': 0.0031566103345332572, 'parameters.subsample': 0.8145200608800305, 'parameters.colsample_bytree': 0.6204321066169177, 'parameters.gamma': 0.003981202236567725, 'parameters.reg_lambda': 4.422852862586696, 'parameters.min_child_weight': 10}. Best is trial 0 with value: 0.3258046106584057.
[I 2026-04-11 20:50:47,612] Trial 45 finished with value: 0.3258046106584057 and parameters: {'parameters.max_depth': 25, 'parameters.learning_rate': 0.0026662473808144235, 'parameters.subsample': 0.8976694752604122, 'parameters.colsample_bytree': 0.7433341915499055, 'parameters.gamma': 0.008552636544926738, 'parameters.reg_lambda': 3.488276791468766, 'parameters.min_child_weight': 1}. Best is trial 0 with value: 0.3258046106584057.
[I 2026-04-11 20:50:50,777] Trial 46 finished with value: 0.3258046106584057 and parameters: {'parameters.max_depth': 29, 'parameters.learning_rate': 0.0034808609348504125, 'parameters.subsample': 0.9463525128238034, 'parameters.colsample_bytree': 0.8268844756601836, 'parameters.gamma': 0.0750828203023825, 'parameters.reg_lambda': 0.8018626392103078, 'parameters.min_child_weight': 3}. Best is trial 0 with value: 0.3258046106584057.
[I 2026-04-11 20:50:54,038] Trial 47 finished with value: 0.3258046106584057 and parameters: {'parameters.max_depth': 8, 'parameters.learning_rate': 0.002265744208553959, 'parameters.subsample': 0.7786724222001176, 'parameters.colsample_bytree': 0.9271691227500881, 'parameters.gamma': 0.0032105062780452263, 'parameters.reg_lambda': 0.5955929154050763, 'parameters.min_child_weight': 8}. Best is trial 0 with value: 0.3258046106584057.
[I 2026-04-11 20:50:57,208] Trial 48 finished with value: 0.3258046106584057 and parameters: {'parameters.max_depth': 17, 'parameters.learning_rate': 0.008880767711460753, 'parameters.subsample': 0.7485210324164245, 'parameters.colsample_bytree': 0.7213250741806165, 'parameters.gamma': 0.00610466807234734, 'parameters.reg_lambda': 2.821957100808957, 'parameters.min_child_weight': 5}. Best is trial 0 with value: 0.3258046106584057.
[I 2026-04-11 20:51:00,336] Trial 49 finished with value: 0.3258046106584057 and parameters: {'parameters.max_depth': 20, 'parameters.learning_rate': 0.025676914328366975, 'parameters.subsample': 0.8601743228201552, 'parameters.colsample_bytree': 0.7901270030570323, 'parameters.gamma': 0.4157431657157598, 'parameters.reg_lambda': 0.5245858456571829, 'parameters.min_child_weight': 2}. Best is trial 0 with value: 0.3258046106584057.
[I 2026-04-11 20:51:03,539] Trial 50 finished with value: 0.3258046106584057 and parameters: {'parameters.max_depth': 14, 'parameters.learning_rate': 0.015187627669717612, 'parameters.subsample': 0.7248637826206954, 'parameters.colsample_bytree': 0.8767478453587108, 'parameters.gamma': 0.016557547114999186, 'parameters.reg_lambda': 0.6538088485941433, 'parameters.min_child_weight': 4}. Best is trial 0 with value: 0.3258046106584057.
[I 2026-04-11 20:51:06,678] Trial 51 finished with value: 0.3258046106584057 and parameters: {'parameters.max_depth': 23, 'parameters.learning_rate': 0.021040347069392694, 'parameters.subsample': 0.6410622223390308, 'parameters.colsample_bytree': 0.8612438714731289, 'parameters.gamma': 0.028636553250042218, 'parameters.reg_lambda': 0.6904854869050788, 'parameters.min_child_weight': 5}. Best is trial 0 with value: 0.3258046106584057.
[I 2026-04-11 20:51:09,798] Trial 52 finished with value: 0.3258046106584057 and parameters: {'parameters.max_depth': 28, 'parameters.learning_rate': 0.006944911022884013, 'parameters.subsample': 0.6326064400710915, 'parameters.colsample_bytree': 0.892774171261267, 'parameters.gamma': 1.9476472529793816, 'parameters.reg_lambda': 0.5642785935825582, 'parameters.min_child_weight': 7}. Best is trial 0 with value: 0.3258046106584057.
[I 2026-04-11 20:51:12,961] Trial 53 finished with value: 0.3258046106584057 and parameters: {'parameters.max_depth': 22, 'parameters.learning_rate': 0.004723072448743136, 'parameters.subsample': 0.6209638215594536, 'parameters.colsample_bytree': 0.8152524830753132, 'parameters.gamma': 0.13792758192561397, 'parameters.reg_lambda': 0.8621847867327906, 'parameters.min_child_weight': 6}. Best is trial 0 with value: 0.3258046106584057.
[I 2026-04-11 20:51:16,145] Trial 54 finished with value: 0.3258046106584057 and parameters: {'parameters.max_depth': 24, 'parameters.learning_rate': 0.005441523626312617, 'parameters.subsample': 0.6679494459675247, 'parameters.colsample_bytree': 0.6623968305236282, 'parameters.gamma': 0.27326152947171034, 'parameters.reg_lambda': 0.7689262885822172, 'parameters.min_child_weight': 3}. Best is trial 0 with value: 0.3258046106584057.
[I 2026-04-11 20:51:19,422] Trial 55 finished with value: 0.3258046106584057 and parameters: {'parameters.max_depth': 26, 'parameters.learning_rate': 0.004190501544057464, 'parameters.subsample': 0.6881622282738448, 'parameters.colsample_bytree': 0.9395598398188184, 'parameters.gamma': 0.07128254861467943, 'parameters.reg_lambda': 1.022878043236604, 'parameters.min_child_weight': 4}. Best is trial 0 with value: 0.3258046106584057.
