[I 2026-04-11 21:19:38,547] Trial 159 finished with value: 0.34265128860961136 and parameters: {'parameters.depth': 9, 'parameters.learning_rate': 0.013234511614244233, 'parameters.l2_leaf_reg': 1.2004814276526878, 'parameters.subsample': 0.890043999234599, 'parameters.random_strength': 0.1261311265274942, 'parameters.bagging_temperature': 0.002626957512906485}. Best is trial 0 with value: 0.34265128860961136.Best trial: 0. Best value: 0.342651:  80%|███████▉  | 159/200 [09:56<02:33,  3.74s/it]Best trial: 0. Best value: 0.342651:  80%|███████▉  | 159/200 [09:56<02:33,  3.74s/it]Best trial: 0. Best value: 0.342651:  80%|████████  | 160/200 [09:56<02:29,  3.73s/it]                                                                                      Best trial: 0. Best value: 0.342651:  80%|████████  | 160/200 [10:00<02:29,  3.73s/it]Best trial: 0. Best value: 0.342651:  80%|████████  | 160/200 [10:00<02:29,  3.73s/it]Best trial: 0. Best value: 0.342651:  80%|████████  | 161/200 [10:00<02:25,  3.74s/it]                                                                                      Best trial: 0. Best value: 0.342651:  80%|████████  | 161/200 [10:04<02:25,  3.74s/it]Best trial: 0. Best value: 0.342651:  80%|████████  | 161/200 [10:04<02:25,  3.74s/it]Best trial: 0. Best value: 0.342651:  81%|████████  | 162/200 [10:04<02:22,  3.74s/it]                                                                                      Best trial: 0. Best value: 0.342651:  81%|████████  | 162/200 [10:08<02:22,  3.74s/it]Best trial: 0. Best value: 0.342651:  81%|████████  | 162/200 [10:08<02:22,  3.74s/it]Best trial: 0. Best value: 0.342651:  82%|████████▏ | 163/200 [10:08<02:17,  3.70s/it]                                                                                      Best trial: 0. Best value: 0.342651:  82%|████████▏ | 163/200 [10:11<02:17,  3.70s/it]Best trial: 0. Best value: 0.342651:  82%|████████▏ | 163/200 [10:11<02:17,  3.70s/it]Best trial: 0. Best value: 0.342651:  82%|████████▏ | 164/200 [10:11<02:13,  3.71s/it]                                                                                      Best trial: 0. Best value: 0.342651:  82%|████████▏ | 164/200 [10:15<02:13,  3.71s/it]Best trial: 0. Best value: 0.342651:  82%|████████▏ | 164/200 [10:15<02:13,  3.71s/it]Best trial: 0. Best value: 0.342651:  82%|████████▎ | 165/200 [10:15<02:09,  3.71s/it]                                                                                      Best trial: 0. Best value: 0.342651:  82%|████████▎ | 165/200 [10:19<02:09,  3.71s/it]Best trial: 0. Best value: 0.342651:  82%|████████▎ | 165/200 [10:19<02:09,  3.71s/it]Best trial: 0. Best value: 0.342651:  83%|████████▎ | 166/200 [10:19<02:06,  3.72s/it]                                                                                      Best trial: 0. Best value: 0.342651:  83%|████████▎ | 166/200 [10:22<02:06,  3.72s/it]Best trial: 0. Best value: 0.342651:  83%|████████▎ | 166/200 [10:22<02:06,  3.72s/it]Best trial: 0. Best value: 0.342651:  84%|████████▎ | 167/200 [10:22<02:02,  3.72s/it]                                                                                      Best trial: 0. Best value: 0.342651:  84%|████████▎ | 167/200 [10:26<02:02,  3.72s/it]Best trial: 0. Best value: 0.342651:  84%|████████▎ | 167/200 [10:26<02:02,  3.72s/it]Best trial: 0. Best value: 0.342651:  84%|████████▍ | 168/200 [10:26<01:58,  3.71s/it]                                                                                      Best trial: 0. Best value: 0.342651:  84%|████████▍ | 168/200 [10:30<01:58,  3.71s/it]Best trial: 0. Best value: 0.342651:  84%|████████▍ | 168/200 [10:30<01:58,  3.71s/it]Best trial: 0. Best value: 0.342651:  84%|████████▍ | 169/200 [10:30<01:54,  3.71s/it]                                                                                      Best trial: 0. Best value: 0.342651:  84%|████████▍ | 169/200 [10:34<01:54,  3.71s/it]Best trial: 0. Best value: 0.342651:  84%|████████▍ | 169/200 [10:34<01:54,  3.71s/it]Best trial: 0. Best value: 0.342651:  85%|████████▌ | 170/200 [10:34<01:51,  3.73s/it]                                                                                      Best trial: 0. Best value: 0.342651:  85%|████████▌ | 170/200 [10:37<01:51,  3.73s/it]Best trial: 0. Best value: 0.342651:  85%|████████▌ | 170/200 [10:37<01:51,  3.73s/it]Best trial: 0. Best value: 0.342651:  86%|████████▌ | 171/200 [10:37<01:48,  3.73s/it]                                                                                      Best trial: 0. Best value: 0.342651:  86%|████████▌ | 171/200 [10:41<01:48,  3.73s/it]Best trial: 0. Best value: 0.342651:  86%|████████▌ | 171/200 [10:41<01:48,  3.73s/it]Best trial: 0. Best value: 0.342651:  86%|████████▌ | 172/200 [10:41<01:44,  3.73s/it]                                                                                      Best trial: 0. Best value: 0.342651:  86%|████████▌ | 172/200 [10:45<01:44,  3.73s/it]Best trial: 0. Best value: 0.342651:  86%|████████▌ | 172/200 [10:45<01:44,  3.73s/it]Best trial: 0. Best value: 0.342651:  86%|████████▋ | 173/200 [10:45<01:40,  3.73s/it]                                                                                      Best trial: 0. Best value: 0.342651:  86%|████████▋ | 173/200 [10:48<01:40,  3.73s/it]Best trial: 0. Best value: 0.342651:  86%|████████▋ | 173/200 [10:48<01:40,  3.73s/it]Best trial: 0. Best value: 0.342651:  87%|████████▋ | 174/200 [10:48<01:36,  3.72s/it]                                                                                      Best trial: 0. Best value: 0.342651:  87%|████████▋ | 174/200 [10:52<01:36,  3.72s/it]Best trial: 0. Best value: 0.342651:  87%|████████▋ | 174/200 [10:52<01:36,  3.72s/it]Best trial: 0. Best value: 0.342651:  88%|████████▊ | 175/200 [10:52<01:33,  3.72s/it]                                                                                      Best trial: 0. Best value: 0.342651:  88%|████████▊ | 175/200 [10:56<01:33,  3.72s/it]Best trial: 0. Best value: 0.342651:  88%|████████▊ | 175/200 [10:56<01:33,  3.72s/it]Best trial: 0. Best value: 0.342651:  88%|████████▊ | 176/200 [10:56<01:29,  3.74s/it]                                                                                      Best trial: 0. Best value: 0.342651:  88%|████████▊ | 176/200 [11:00<01:29,  3.74s/it]Best trial: 0. Best value: 0.342651:  88%|████████▊ | 176/200 [11:00<01:29,  3.74s/it]Best trial: 0. Best value: 0.342651:  88%|████████▊ | 177/200 [11:00<01:25,  3.72s/it]                                                                                      Best trial: 0. Best value: 0.342651:  88%|████████▊ | 177/200 [11:03<01:25,  3.72s/it]Best trial: 0. Best value: 0.342651:  88%|████████▊ | 177/200 [11:03<01:25,  3.72s/it]Best trial: 0. Best value: 0.342651:  89%|████████▉ | 178/200 [11:03<01:22,  3.74s/it]                                                                                      Best trial: 0. Best value: 0.342651:  89%|████████▉ | 178/200 [11:07<01:22,  3.74s/it]Best trial: 0. Best value: 0.342651:  89%|████████▉ | 178/200 [11:07<01:22,  3.74s/it]Best trial: 0. Best value: 0.342651:  90%|████████▉ | 179/200 [11:07<01:18,  3.72s/it]                                                                                      
[I 2026-04-11 21:19:42,289] Trial 160 finished with value: 0.34265128860961136 and parameters: {'parameters.depth': 4, 'parameters.learning_rate': 0.020612810144371815, 'parameters.l2_leaf_reg': 5.856205802693733, 'parameters.subsample': 0.7274507306249521, 'parameters.random_strength': 0.20488290914996346, 'parameters.bagging_temperature': 0.01716774655983156}. Best is trial 0 with value: 0.34265128860961136.
[I 2026-04-11 21:19:46,031] Trial 161 finished with value: 0.34265128860961136 and parameters: {'parameters.depth': 5, 'parameters.learning_rate': 0.009456690556146844, 'parameters.l2_leaf_reg': 2.1594430831163014, 'parameters.subsample': 0.8677500790971043, 'parameters.random_strength': 0.5794109279856874, 'parameters.bagging_temperature': 0.09759640052789072}. Best is trial 0 with value: 0.34265128860961136.
[I 2026-04-11 21:19:49,655] Trial 162 finished with value: 0.34265128860961136 and parameters: {'parameters.depth': 6, 'parameters.learning_rate': 0.008419692363471086, 'parameters.l2_leaf_reg': 2.516753416472786, 'parameters.subsample': 0.7404188370511636, 'parameters.random_strength': 0.7343152081393872, 'parameters.bagging_temperature': 0.1595894776859064}. Best is trial 0 with value: 0.34265128860961136.
[I 2026-04-11 21:19:53,381] Trial 163 finished with value: 0.34265128860961136 and parameters: {'parameters.depth': 5, 'parameters.learning_rate': 0.011710902832523438, 'parameters.l2_leaf_reg': 1.9642556777554614, 'parameters.subsample': 0.8770924225115123, 'parameters.random_strength': 0.3908062840813034, 'parameters.bagging_temperature': 0.08542704641331239}. Best is trial 0 with value: 0.34265128860961136.
[I 2026-04-11 21:19:57,100] Trial 164 finished with value: 0.34265128860961136 and parameters: {'parameters.depth': 12, 'parameters.learning_rate': 0.0066606803660061815, 'parameters.l2_leaf_reg': 2.396419925214899, 'parameters.subsample': 0.6489197627663681, 'parameters.random_strength': 0.8738572977087345, 'parameters.bagging_temperature': 0.12583255583809994}. Best is trial 0 with value: 0.34265128860961136.
[I 2026-04-11 21:20:00,846] Trial 165 finished with value: 0.34265128860961136 and parameters: {'parameters.depth': 4, 'parameters.learning_rate': 0.02155910961054784, 'parameters.l2_leaf_reg': 2.7445140164303403, 'parameters.subsample': 0.8477659607883099, 'parameters.random_strength': 0.6640339615335764, 'parameters.bagging_temperature': 0.07048015553843937}. Best is trial 0 with value: 0.34265128860961136.
[I 2026-04-11 21:20:04,559] Trial 166 finished with value: 0.34265128860961136 and parameters: {'parameters.depth': 10, 'parameters.learning_rate': 0.015486952891272119, 'parameters.l2_leaf_reg': 1.4087614810064117, 'parameters.subsample': 0.8907579536523584, 'parameters.random_strength': 0.15672775586079432, 'parameters.bagging_temperature': 0.0032619971210230336}. Best is trial 0 with value: 0.34265128860961136.
[I 2026-04-11 21:20:08,248] Trial 167 finished with value: 0.34265128860961136 and parameters: {'parameters.depth': 6, 'parameters.learning_rate': 0.008576020888925402, 'parameters.l2_leaf_reg': 2.612400060823909, 'parameters.subsample': 0.9287285737815224, 'parameters.random_strength': 0.5266387704480731, 'parameters.bagging_temperature': 0.028395427426687152}. Best is trial 0 with value: 0.34265128860961136.
[I 2026-04-11 21:20:11,947] Trial 168 finished with value: 0.34265128860961136 and parameters: {'parameters.depth': 4, 'parameters.learning_rate': 0.025414865749341795, 'parameters.l2_leaf_reg': 1.7048091485171226, 'parameters.subsample': 0.8309894933115266, 'parameters.random_strength': 0.4265498632012142, 'parameters.bagging_temperature': 0.04496581879040022}. Best is trial 0 with value: 0.34265128860961136.
[I 2026-04-11 21:20:15,715] Trial 169 finished with value: 0.34265128860961136 and parameters: {'parameters.depth': 7, 'parameters.learning_rate': 0.010100518592097483, 'parameters.l2_leaf_reg': 2.2774179344138075, 'parameters.subsample': 0.6697618875380278, 'parameters.random_strength': 0.10973357282378264, 'parameters.bagging_temperature': 0.012798450380097276}. Best is trial 0 with value: 0.34265128860961136.
[I 2026-04-11 21:20:19,450] Trial 170 finished with value: 0.34265128860961136 and parameters: {'parameters.depth': 5, 'parameters.learning_rate': 0.01907780265847108, 'parameters.l2_leaf_reg': 9.589788073837562, 'parameters.subsample': 0.9745716136114573, 'parameters.random_strength': 0.13412703982040272, 'parameters.bagging_temperature': 0.00487497970201088}. Best is trial 0 with value: 0.34265128860961136.
[I 2026-04-11 21:20:23,171] Trial 171 finished with value: 0.34265128860961136 and parameters: {'parameters.depth': 7, 'parameters.learning_rate': 0.00557278144744933, 'parameters.l2_leaf_reg': 7.378894008011967, 'parameters.subsample': 0.8123976096462038, 'parameters.random_strength': 0.15141296349050257, 'parameters.bagging_temperature': 0.007742106866999144}. Best is trial 0 with value: 0.34265128860961136.
[I 2026-04-11 21:20:26,903] Trial 172 finished with value: 0.34265128860961136 and parameters: {'parameters.depth': 7, 'parameters.learning_rate': 0.0036030027085263466, 'parameters.l2_leaf_reg': 3.398800908440371, 'parameters.subsample': 0.7773674942448009, 'parameters.random_strength': 0.13782145105571106, 'parameters.bagging_temperature': 0.008240255118682045}. Best is trial 0 with value: 0.34265128860961136.
[I 2026-04-11 21:20:30,591] Trial 173 finished with value: 0.34265128860961136 and parameters: {'parameters.depth': 8, 'parameters.learning_rate': 0.005341894440150105, 'parameters.l2_leaf_reg': 6.066536034980399, 'parameters.subsample': 0.7866078834082675, 'parameters.random_strength': 0.1435824549380492, 'parameters.bagging_temperature': 0.006327409984373821}. Best is trial 0 with value: 0.34265128860961136.
[I 2026-04-11 21:20:34,324] Trial 174 finished with value: 0.34265128860961136 and parameters: {'parameters.depth': 7, 'parameters.learning_rate': 0.0059876999922877355, 'parameters.l2_leaf_reg': 6.4562229433537, 'parameters.subsample': 0.8008758134768963, 'parameters.random_strength': 0.34847800563912723, 'parameters.bagging_temperature': 0.009712679187246229}. Best is trial 0 with value: 0.34265128860961136.
[I 2026-04-11 21:20:38,092] Trial 175 finished with value: 0.34265128860961136 and parameters: {'parameters.depth': 8, 'parameters.learning_rate': 0.004754920927659976, 'parameters.l2_leaf_reg': 1.6120874146252737, 'parameters.subsample': 0.8200143422200963, 'parameters.random_strength': 0.1306834345207349, 'parameters.bagging_temperature': 0.9616938700498486}. Best is trial 0 with value: 0.34265128860961136.
[I 2026-04-11 21:20:41,786] Trial 176 finished with value: 0.34265128860961136 and parameters: {'parameters.depth': 6, 'parameters.learning_rate': 0.023916339296345363, 'parameters.l2_leaf_reg': 8.597931330319632, 'parameters.subsample': 0.8557770412521343, 'parameters.random_strength': 0.11810853526491127, 'parameters.bagging_temperature': 0.2981460583720726}. Best is trial 0 with value: 0.34265128860961136.
[I 2026-04-11 21:20:45,551] Trial 177 finished with value: 0.34265128860961136 and parameters: {'parameters.depth': 7, 'parameters.learning_rate': 0.02654156442698385, 'parameters.l2_leaf_reg': 5.714594303270747, 'parameters.subsample': 0.6807421046268847, 'parameters.random_strength': 0.29956673231076186, 'parameters.bagging_temperature': 0.037212070956483226}. Best is trial 0 with value: 0.34265128860961136.
[I 2026-04-11 21:20:49,240] Trial 178 finished with value: 0.34265128860961136 and parameters: {'parameters.depth': 4, 'parameters.learning_rate': 0.006860186738137846, 'parameters.l2_leaf_reg': 5.4178067601797135, 'parameters.subsample': 0.9116611729666108, 'parameters.random_strength': 0.776333599143524, 'parameters.bagging_temperature': 0.10850165230181705}. Best is trial 0 with value: 0.34265128860961136.
