[I 2026-04-11 20:18:47,980] Trial 38 finished with value: 0.3419311770058864 and parameters: {'parameters.max_depth': 9, 'parameters.learning_rate': 0.002909029231269015, 'parameters.subsample': 0.8910775670309911, 'parameters.colsample_bytree': 0.6651373827807509, 'parameters.reg_alpha': 0.028861120387730445, 'parameters.reg_lambda': 1.4994816660367596, 'parameters.min_child_samples': 61}. Best is trial 0 with value: 0.3419311770058864.
[I 2026-04-11 20:18:51,213] Trial 39 finished with value: 0.3419311770058864 and parameters: {'parameters.max_depth': 25, 'parameters.learning_rate': 0.004336801841452928, 'parameters.subsample': 0.679684776862626, 'parameters.colsample_bytree': 0.9995512262512625, 'parameters.reg_alpha': 0.05266055323637931, 'parameters.reg_lambda': 3.4762316276582363, 'parameters.min_child_samples': 27}. Best is trial 0 with value: 0.3419311770058864.
[I 2026-04-11 20:18:54,391] Trial 40 finished with value: 0.34193117700588643 and parameters: {'parameters.max_depth': 29, 'parameters.learning_rate': 0.0032801280057759854, 'parameters.subsample': 0.8611217256961917, 'parameters.colsample_bytree': 0.6331265259888247, 'parameters.reg_alpha': 0.5133423285189558, 'parameters.reg_lambda': 0.6707520443916223, 'parameters.min_child_samples': 80}. Best is trial 0 with value: 0.3419311770058864.
[I 2026-04-11 20:18:57,589] Trial 41 finished with value: 0.3419311770058864 and parameters: {'parameters.max_depth': 4, 'parameters.learning_rate': 0.0034085553721574647, 'parameters.subsample': 0.6112429295552304, 'parameters.colsample_bytree': 0.7094615643566441, 'parameters.reg_alpha': 0.017066313026618478, 'parameters.reg_lambda': 0.7784328924453952, 'parameters.min_child_samples': 88}. Best is trial 0 with value: 0.3419311770058864.
[I 2026-04-11 20:19:00,878] Trial 42 finished with value: 0.34193117700588643 and parameters: {'parameters.max_depth': 6, 'parameters.learning_rate': 0.002773440869132077, 'parameters.subsample': 0.6212411042009084, 'parameters.colsample_bytree': 0.8045174903435944, 'parameters.reg_alpha': 0.007072217743496567, 'parameters.reg_lambda': 0.9163979301328847, 'parameters.min_child_samples': 85}. Best is trial 0 with value: 0.3419311770058864.
[I 2026-04-11 20:19:04,066] Trial 43 finished with value: 0.3419311770058864 and parameters: {'parameters.max_depth': 8, 'parameters.learning_rate': 0.00757524608150243, 'parameters.subsample': 0.6562976264774781, 'parameters.colsample_bytree': 0.7733792152392504, 'parameters.reg_alpha': 0.017469472155271098, 'parameters.reg_lambda': 0.575071727016589, 'parameters.min_child_samples': 17}. Best is trial 0 with value: 0.3419311770058864.
[I 2026-04-11 20:19:07,203] Trial 44 finished with value: 0.3419311770058864 and parameters: {'parameters.max_depth': 6, 'parameters.learning_rate': 0.004737625840112993, 'parameters.subsample': 0.8311968875094735, 'parameters.colsample_bytree': 0.7327815154174238, 'parameters.reg_alpha': 0.0010702049569456388, 'parameters.reg_lambda': 1.1752976554161116, 'parameters.min_child_samples': 68}. Best is trial 0 with value: 0.3419311770058864.
[I 2026-04-11 20:19:10,377] Trial 45 finished with value: 0.3419311770058864 and parameters: {'parameters.max_depth': 14, 'parameters.learning_rate': 0.00603094176106894, 'parameters.subsample': 0.6000113621616012, 'parameters.colsample_bytree': 0.7184921992939305, 'parameters.reg_alpha': 0.08584582261882753, 'parameters.reg_lambda': 2.6874684333038057, 'parameters.min_child_samples': 11}. Best is trial 0 with value: 0.3419311770058864.
[I 2026-04-11 20:19:13,541] Trial 46 finished with value: 0.34193117700588643 and parameters: {'parameters.max_depth': 16, 'parameters.learning_rate': 0.003985060316277972, 'parameters.subsample': 0.6678308148555732, 'parameters.colsample_bytree': 0.8579826630859109, 'parameters.reg_alpha': 0.03879700678337266, 'parameters.reg_lambda': 1.3346743856500236, 'parameters.min_child_samples': 95}. Best is trial 0 with value: 0.3419311770058864.
[I 2026-04-11 20:19:16,703] Trial 47 finished with value: 0.3419311770058864 and parameters: {'parameters.max_depth': 22, 'parameters.learning_rate': 0.01409891813824982, 'parameters.subsample': 0.8872601366234528, 'parameters.colsample_bytree': 0.8194507453110068, 'parameters.reg_alpha': 0.007585621201715528, 'parameters.reg_lambda': 1.7857548446864913, 'parameters.min_child_samples': 44}. Best is trial 0 with value: 0.3419311770058864.
[I 2026-04-11 20:19:19,883] Trial 48 finished with value: 0.34193117700588643 and parameters: {'parameters.max_depth': 12, 'parameters.learning_rate': 0.005762036995216835, 'parameters.subsample': 0.6377437463306235, 'parameters.colsample_bytree': 0.6897268109229052, 'parameters.reg_alpha': 0.0034028279263862374, 'parameters.reg_lambda': 1.1234991293635541, 'parameters.min_child_samples': 100}. Best is trial 0 with value: 0.3419311770058864.
[I 2026-04-11 20:19:23,047] Trial 49 finished with value: 0.34193117700588643 and parameters: {'parameters.max_depth': 9, 'parameters.learning_rate': 0.017521440553889413, 'parameters.subsample': 0.9651975732115494, 'parameters.colsample_bytree': 0.6004445865401059, 'parameters.reg_alpha': 0.021152416987912682, 'parameters.reg_lambda': 3.9100098369463328, 'parameters.min_child_samples': 35}. Best is trial 0 with value: 0.3419311770058864.
[I 2026-04-11 20:19:26,199] Trial 50 finished with value: 0.34193117700588643 and parameters: {'parameters.max_depth': 5, 'parameters.learning_rate': 0.006933235045833062, 'parameters.subsample': 0.7686260194720687, 'parameters.colsample_bytree': 0.6167096249250703, 'parameters.reg_alpha': 0.0017731329339223728, 'parameters.reg_lambda': 0.6349054424460835, 'parameters.min_child_samples': 40}. Best is trial 0 with value: 0.3419311770058864.
[I 2026-04-11 20:19:29,377] Trial 51 finished with value: 0.34193117700588643 and parameters: {'parameters.max_depth': 13, 'parameters.learning_rate': 0.003981710528812095, 'parameters.subsample': 0.7922591522446314, 'parameters.colsample_bytree': 0.646644937040782, 'parameters.reg_alpha': 1.3435976643254837, 'parameters.reg_lambda': 0.5214477112679938, 'parameters.min_child_samples': 98}. Best is trial 0 with value: 0.3419311770058864.
[I 2026-04-11 20:19:32,590] Trial 52 finished with value: 0.3419311770058864 and parameters: {'parameters.max_depth': 18, 'parameters.learning_rate': 0.003713275315138225, 'parameters.subsample': 0.8210537426730168, 'parameters.colsample_bytree': 0.6368696919445598, 'parameters.reg_alpha': 0.07055111130655489, 'parameters.reg_lambda': 0.8318501556428165, 'parameters.min_child_samples': 82}. Best is trial 0 with value: 0.3419311770058864.
[I 2026-04-11 20:19:35,776] Trial 53 finished with value: 0.3419311770058864 and parameters: {'parameters.max_depth': 15, 'parameters.learning_rate': 0.0031079254083295886, 'parameters.subsample': 0.8695624201371718, 'parameters.colsample_bytree': 0.6162719666440126, 'parameters.reg_alpha': 0.5594535473836947, 'parameters.reg_lambda': 0.5843254841689135, 'parameters.min_child_samples': 90}. Best is trial 0 with value: 0.3419311770058864.
[I 2026-04-11 20:19:39,006] Trial 54 finished with value: 0.34193117700588643 and parameters: {'parameters.max_depth': 8, 'parameters.learning_rate': 0.005138026044105811, 'parameters.subsample': 0.913849159234706, 'parameters.colsample_bytree': 0.6625745742941365, 'parameters.reg_alpha': 0.13163541872904694, 'parameters.reg_lambda': 0.7365624806554898, 'parameters.min_child_samples': 95}. Best is trial 0 with value: 0.3419311770058864.
[I 2026-04-11 20:19:42,180] Trial 55 finished with value: 0.3419311770058864 and parameters: {'parameters.max_depth': 13, 'parameters.learning_rate': 0.009396772022837757, 'parameters.subsample': 0.8381321571961622, 'parameters.colsample_bytree': 0.7499936756871635, 'parameters.reg_alpha': 0.2124151992891354, 'parameters.reg_lambda': 0.676313028511662, 'parameters.min_child_samples': 31}. Best is trial 0 with value: 0.3419311770058864.
[I 2026-04-11 20:19:45,317] Trial 56 finished with value: 0.34193117700588643 and parameters: {'parameters.max_depth': 11, 'parameters.learning_rate': 0.002635396361330371, 'parameters.subsample': 0.7017806903587662, 'parameters.colsample_bytree': 0.7927347976182173, 'parameters.reg_alpha': 0.6410989033221179, 'parameters.reg_lambda': 0.9816914365390984, 'parameters.min_child_samples': 76}. Best is trial 0 with value: 0.3419311770058864.Best trial: 0. Best value: 0.341931:  28%|██▊       | 56/200 [03:01<07:39,  3.19s/it]Best trial: 0. Best value: 0.341931:  28%|██▊       | 56/200 [03:01<07:39,  3.19s/it]Best trial: 0. Best value: 0.341931:  28%|██▊       | 57/200 [03:01<07:33,  3.17s/it]                                                                                     Best trial: 0. Best value: 0.341931:  28%|██▊       | 57/200 [03:04<07:33,  3.17s/it]Best trial: 0. Best value: 0.341931:  28%|██▊       | 57/200 [03:04<07:33,  3.17s/it]Best trial: 0. Best value: 0.341931:  29%|██▉       | 58/200 [03:04<07:27,  3.15s/it]                                                                                     Best trial: 0. Best value: 0.341931:  29%|██▉       | 58/200 [03:07<07:27,  3.15s/it]Best trial: 0. Best value: 0.341931:  29%|██▉       | 58/200 [03:07<07:27,  3.15s/it]Best trial: 0. Best value: 0.341931:  30%|██▉       | 59/200 [03:07<07:24,  3.16s/it]                                                                                     Best trial: 0. Best value: 0.341931:  30%|██▉       | 59/200 [03:11<07:24,  3.16s/it]Best trial: 0. Best value: 0.341931:  30%|██▉       | 59/200 [03:11<07:24,  3.16s/it]Best trial: 0. Best value: 0.341931:  30%|███       | 60/200 [03:11<07:23,  3.17s/it]                                                                                     Best trial: 0. Best value: 0.341931:  30%|███       | 60/200 [03:14<07:23,  3.17s/it]Best trial: 0. Best value: 0.341931:  30%|███       | 60/200 [03:14<07:23,  3.17s/it]Best trial: 0. Best value: 0.341931:  30%|███       | 61/200 [03:14<07:22,  3.18s/it]                                                                                     Best trial: 0. Best value: 0.341931:  30%|███       | 61/200 [03:17<07:22,  3.18s/it]Best trial: 0. Best value: 0.341931:  30%|███       | 61/200 [03:17<07:22,  3.18s/it]Best trial: 0. Best value: 0.341931:  31%|███       | 62/200 [03:17<07:19,  3.19s/it]                                                                                     Best trial: 0. Best value: 0.341931:  31%|███       | 62/200 [03:20<07:19,  3.19s/it]Best trial: 0. Best value: 0.341931:  31%|███       | 62/200 [03:20<07:19,  3.19s/it]Best trial: 0. Best value: 0.341931:  32%|███▏      | 63/200 [03:20<07:17,  3.20s/it]                                                                                     Best trial: 0. Best value: 0.341931:  32%|███▏      | 63/200 [03:23<07:17,  3.20s/it]Best trial: 0. Best value: 0.341931:  32%|███▏      | 63/200 [03:23<07:17,  3.20s/it]Best trial: 0. Best value: 0.341931:  32%|███▏      | 64/200 [03:23<07:14,  3.20s/it]                                                                                     Best trial: 0. Best value: 0.341931:  32%|███▏      | 64/200 [03:27<07:14,  3.20s/it]Best trial: 0. Best value: 0.341931:  32%|███▏      | 64/200 [03:27<07:14,  3.20s/it]Best trial: 0. Best value: 0.341931:  32%|███▎      | 65/200 [03:27<07:10,  3.19s/it]                                                                                     Best trial: 0. Best value: 0.341931:  32%|███▎      | 65/200 [03:30<07:10,  3.19s/it]Best trial: 0. Best value: 0.341931:  32%|███▎      | 65/200 [03:30<07:10,  3.19s/it]Best trial: 0. Best value: 0.341931:  33%|███▎      | 66/200 [03:30<07:08,  3.20s/it]                                                                                     Best trial: 0. Best value: 0.341931:  33%|███▎      | 66/200 [03:33<07:08,  3.20s/it]Best trial: 0. Best value: 0.341931:  33%|███▎      | 66/200 [03:33<07:08,  3.20s/it]Best trial: 0. Best value: 0.341931:  34%|███▎      | 67/200 [03:33<07:05,  3.20s/it]                                                                                     Best trial: 0. Best value: 0.341931:  34%|███▎      | 67/200 [03:36<07:05,  3.20s/it]Best trial: 0. Best value: 0.341931:  34%|███▎      | 67/200 [03:36<07:05,  3.20s/it]Best trial: 0. Best value: 0.341931:  34%|███▍      | 68/200 [03:36<07:02,  3.20s/it]                                                                                     Best trial: 0. Best value: 0.341931:  34%|███▍      | 68/200 [03:39<07:02,  3.20s/it]Best trial: 0. Best value: 0.341931:  34%|███▍      | 68/200 [03:39<07:02,  3.20s/it]Best trial: 0. Best value: 0.341931:  34%|███▍      | 69/200 [03:39<06:58,  3.19s/it]                                                                                     Best trial: 0. Best value: 0.341931:  34%|███▍      | 69/200 [03:43<06:58,  3.19s/it]Best trial: 0. Best value: 0.341931:  34%|███▍      | 69/200 [03:43<06:58,  3.19s/it]Best trial: 0. Best value: 0.341931:  35%|███▌      | 70/200 [03:43<06:54,  3.19s/it]                                                                                     Best trial: 0. Best value: 0.341931:  35%|███▌      | 70/200 [03:46<06:54,  3.19s/it]Best trial: 0. Best value: 0.341931:  35%|███▌      | 70/200 [03:46<06:54,  3.19s/it]Best trial: 0. Best value: 0.341931:  36%|███▌      | 71/200 [03:46<06:50,  3.18s/it]                                                                                     Best trial: 0. Best value: 0.341931:  36%|███▌      | 71/200 [03:49<06:50,  3.18s/it]Best trial: 0. Best value: 0.341931:  36%|███▌      | 71/200 [03:49<06:50,  3.18s/it]Best trial: 0. Best value: 0.341931:  36%|███▌      | 72/200 [03:49<06:48,  3.19s/it]                                                                                     Best trial: 0. Best value: 0.341931:  36%|███▌      | 72/200 [03:52<06:48,  3.19s/it]Best trial: 0. Best value: 0.341931:  36%|███▌      | 72/200 [03:52<06:48,  3.19s/it]Best trial: 0. Best value: 0.341931:  36%|███▋      | 73/200 [03:52<06:44,  3.18s/it]                                                                                     Best trial: 0. Best value: 0.341931:  36%|███▋      | 73/200 [03:55<06:44,  3.18s/it]Best trial: 0. Best value: 0.341931:  36%|███▋      | 73/200 [03:55<06:44,  3.18s/it]Best trial: 0. Best value: 0.341931:  37%|███▋      | 74/200 [03:55<06:41,  3.19s/it]                                                                                     Best trial: 0. Best value: 0.341931:  37%|███▋      | 74/200 [03:59<06:41,  3.19s/it]Best trial: 0. Best value: 0.341931:  37%|███▋      | 74/200 [03:59<06:41,  3.19s/it]Best trial: 0. Best value: 0.341931:  38%|███▊      | 75/200 [03:59<06:42,  3.22s/it]                                                                                     
[I 2026-04-11 20:19:48,405] Trial 57 finished with value: 0.34193117700588643 and parameters: {'parameters.max_depth': 17, 'parameters.learning_rate': 0.002358203590541538, 'parameters.subsample': 0.7502765970032835, 'parameters.colsample_bytree': 0.8824261249548845, 'parameters.reg_alpha': 1.592102331128989, 'parameters.reg_lambda': 0.8729472428416781, 'parameters.min_child_samples': 87}. Best is trial 0 with value: 0.3419311770058864.
[I 2026-04-11 20:19:51,576] Trial 58 finished with value: 0.3419311770058864 and parameters: {'parameters.max_depth': 30, 'parameters.learning_rate': 0.004332644125259198, 'parameters.subsample': 0.8084145593583649, 'parameters.colsample_bytree': 0.6796695972339512, 'parameters.reg_alpha': 0.7985125681824444, 'parameters.reg_lambda': 0.7575630510727057, 'parameters.min_child_samples': 22}. Best is trial 0 with value: 0.3419311770058864.
[I 2026-04-11 20:19:54,769] Trial 59 finished with value: 0.3419311770058864 and parameters: {'parameters.max_depth': 10, 'parameters.learning_rate': 0.011846596335636088, 'parameters.subsample': 0.8535298014690975, 'parameters.colsample_bytree': 0.7720537549031874, 'parameters.reg_alpha': 0.34852588984879956, 'parameters.reg_lambda': 2.589461142556187, 'parameters.min_child_samples': 48}. Best is trial 0 with value: 0.3419311770058864.
[I 2026-04-11 20:19:57,982] Trial 60 finished with value: 0.3419311770058864 and parameters: {'parameters.max_depth': 24, 'parameters.learning_rate': 0.0037328510364399957, 'parameters.subsample': 0.9347512063772119, 'parameters.colsample_bytree': 0.6999899066766868, 'parameters.reg_alpha': 0.984642805459317, 'parameters.reg_lambda': 2.170159377660045, 'parameters.min_child_samples': 25}. Best is trial 0 with value: 0.3419311770058864.
[I 2026-04-11 20:20:01,185] Trial 61 finished with value: 0.3419311770058864 and parameters: {'parameters.max_depth': 26, 'parameters.learning_rate': 0.009092088325040422, 'parameters.subsample': 0.9948551371592457, 'parameters.colsample_bytree': 0.9479101439543514, 'parameters.reg_alpha': 0.0014838381431180197, 'parameters.reg_lambda': 1.2249646598025694, 'parameters.min_child_samples': 18}. Best is trial 0 with value: 0.3419311770058864.
[I 2026-04-11 20:20:04,402] Trial 62 finished with value: 0.3419311770058864 and parameters: {'parameters.max_depth': 19, 'parameters.learning_rate': 0.01066258133951568, 'parameters.subsample': 0.7264476085944442, 'parameters.colsample_bytree': 0.9843283162308563, 'parameters.reg_alpha': 0.0010657125923899684, 'parameters.reg_lambda': 4.902659576965548, 'parameters.min_child_samples': 10}. Best is trial 0 with value: 0.3419311770058864.
[I 2026-04-11 20:20:07,603] Trial 63 finished with value: 0.34193117700588643 and parameters: {'parameters.max_depth': 15, 'parameters.learning_rate': 0.008118628411006528, 'parameters.subsample': 0.7618597426001251, 'parameters.colsample_bytree': 0.961654327827398, 'parameters.reg_alpha': 0.0030287095374856676, 'parameters.reg_lambda': 1.3541850864652951, 'parameters.min_child_samples': 14}. Best is trial 0 with value: 0.3419311770058864.
[I 2026-04-11 20:20:10,782] Trial 64 finished with value: 0.34193117700588643 and parameters: {'parameters.max_depth': 7, 'parameters.learning_rate': 0.006573670241420594, 'parameters.subsample': 0.6242660694943393, 'parameters.colsample_bytree': 0.6164987945275789, 'parameters.reg_alpha': 0.004806268619054429, 'parameters.reg_lambda': 0.9362388035172813, 'parameters.min_child_samples': 19}. Best is trial 0 with value: 0.3419311770058864.
[I 2026-04-11 20:20:14,005] Trial 65 finished with value: 0.34193117700588643 and parameters: {'parameters.max_depth': 29, 'parameters.learning_rate': 0.015182160776518606, 'parameters.subsample': 0.7813315063414201, 'parameters.colsample_bytree': 0.8933043644506293, 'parameters.reg_alpha': 0.0016315319655874662, 'parameters.reg_lambda': 0.5049352066059919, 'parameters.min_child_samples': 57}. Best is trial 0 with value: 0.3419311770058864.
[I 2026-04-11 20:20:17,212] Trial 66 finished with value: 0.3419311770058864 and parameters: {'parameters.max_depth': 12, 'parameters.learning_rate': 0.004834854186346913, 'parameters.subsample': 0.9752756740273026, 'parameters.colsample_bytree': 0.6482938404933724, 'parameters.reg_alpha': 0.005979652557308036, 'parameters.reg_lambda': 0.6160964223763438, 'parameters.min_child_samples': 14}. Best is trial 0 with value: 0.3419311770058864.
[I 2026-04-11 20:20:20,396] Trial 67 finished with value: 0.3419311770058864 and parameters: {'parameters.max_depth': 22, 'parameters.learning_rate': 0.019804175344628156, 'parameters.subsample': 0.9343691951260548, 'parameters.colsample_bytree': 0.7362913822017957, 'parameters.reg_alpha': 0.03372844839827212, 'parameters.reg_lambda': 0.8269453181480984, 'parameters.min_child_samples': 31}. Best is trial 0 with value: 0.3419311770058864.
[I 2026-04-11 20:20:23,580] Trial 68 finished with value: 0.3419311770058864 and parameters: {'parameters.max_depth': 28, 'parameters.learning_rate': 0.01141621728672743, 'parameters.subsample': 0.8993852349720893, 'parameters.colsample_bytree': 0.9237416955851464, 'parameters.reg_alpha': 0.01058399911418713, 'parameters.reg_lambda': 1.0919073338493388, 'parameters.min_child_samples': 66}. Best is trial 0 with value: 0.3419311770058864.
[I 2026-04-11 20:20:26,762] Trial 69 finished with value: 0.3419311770058864 and parameters: {'parameters.max_depth': 5, 'parameters.learning_rate': 0.003359762686714793, 'parameters.subsample': 0.6452343435778497, 'parameters.colsample_bytree': 0.825418853744196, 'parameters.reg_alpha': 0.0035826985072153895, 'parameters.reg_lambda': 1.6491063250546214, 'parameters.min_child_samples': 74}. Best is trial 0 with value: 0.3419311770058864.
[I 2026-04-11 20:20:29,924] Trial 70 finished with value: 0.3419311770058864 and parameters: {'parameters.max_depth': 20, 'parameters.learning_rate': 0.00963432690210503, 'parameters.subsample': 0.6132598337670974, 'parameters.colsample_bytree': 0.7612663708075694, 'parameters.reg_alpha': 0.054172128852178134, 'parameters.reg_lambda': 0.6826829718234795, 'parameters.min_child_samples': 27}. Best is trial 0 with value: 0.3419311770058864.
[I 2026-04-11 20:20:33,146] Trial 71 finished with value: 0.3419311770058864 and parameters: {'parameters.max_depth': 29, 'parameters.learning_rate': 0.007868639835498426, 'parameters.subsample': 0.8648781010227092, 'parameters.colsample_bytree': 0.6066250380194605, 'parameters.reg_alpha': 0.1415029327066615, 'parameters.reg_lambda': 3.2560133492051335, 'parameters.min_child_samples': 14}. Best is trial 0 with value: 0.3419311770058864.
