[I 2026-04-11 20:08:12,913] Trial 38 finished with value: 0.3258046106584057 and parameters: {'parameters.max_depth': 12, 'parameters.learning_rate': 0.003655233785101598, 'parameters.subsample': 0.8231166492770446, 'parameters.colsample_bytree': 0.7736556969721344, 'parameters.gamma': 0.016152472526380808, 'parameters.reg_lambda': 1.3614378157196818, 'parameters.min_child_weight': 1}. Best is trial 0 with value: 0.3258046106584057.
[I 2026-04-11 20:08:16,060] Trial 39 finished with value: 0.3258046106584057 and parameters: {'parameters.max_depth': 5, 'parameters.learning_rate': 0.0066983166875783625, 'parameters.subsample': 0.9566880542822659, 'parameters.colsample_bytree': 0.9944307305248297, 'parameters.gamma': 0.03987132136032959, 'parameters.reg_lambda': 1.8526690806429134, 'parameters.min_child_weight': 3}. Best is trial 0 with value: 0.3258046106584057.
[I 2026-04-11 20:08:19,285] Trial 40 finished with value: 0.3258046106584057 and parameters: {'parameters.max_depth': 27, 'parameters.learning_rate': 0.004783814018624039, 'parameters.subsample': 0.786383538555363, 'parameters.colsample_bytree': 0.8484317335036422, 'parameters.gamma': 0.7287057365375259, 'parameters.reg_lambda': 3.627250697832633, 'parameters.min_child_weight': 9}. Best is trial 0 with value: 0.3258046106584057.
[I 2026-04-11 20:08:22,519] Trial 41 finished with value: 0.3258046106584057 and parameters: {'parameters.max_depth': 19, 'parameters.learning_rate': 0.0024034247823410478, 'parameters.subsample': 0.882644771216168, 'parameters.colsample_bytree': 0.6251360521792448, 'parameters.gamma': 0.001523225499817727, 'parameters.reg_lambda': 4.876870221848704, 'parameters.min_child_weight': 9}. Best is trial 0 with value: 0.3258046106584057.
[I 2026-04-11 20:08:25,659] Trial 42 finished with value: 0.3258046106584057 and parameters: {'parameters.max_depth': 14, 'parameters.learning_rate': 0.00402520987560957, 'parameters.subsample': 0.8343490274890605, 'parameters.colsample_bytree': 0.6016348186629341, 'parameters.gamma': 0.002331847936026716, 'parameters.reg_lambda': 4.149904576239853, 'parameters.min_child_weight': 10}. Best is trial 0 with value: 0.3258046106584057.
[I 2026-04-11 20:08:28,784] Trial 43 finished with value: 0.3258046106584057 and parameters: {'parameters.max_depth': 25, 'parameters.learning_rate': 0.013921799648751376, 'parameters.subsample': 0.8587213024064126, 'parameters.colsample_bytree': 0.6561045561874578, 'parameters.gamma': 0.0016107413929815362, 'parameters.reg_lambda': 2.8161110062701584, 'parameters.min_child_weight': 6}. Best is trial 0 with value: 0.3258046106584057.
[I 2026-04-11 20:08:31,949] Trial 44 finished with value: 0.3258046106584057 and parameters: {'parameters.max_depth': 6, 'parameters.learning_rate': 0.0031566103345332572, 'parameters.subsample': 0.8145200608800305, 'parameters.colsample_bytree': 0.6204321066169177, 'parameters.gamma': 0.003981202236567725, 'parameters.reg_lambda': 4.422852862586696, 'parameters.min_child_weight': 10}. Best is trial 0 with value: 0.3258046106584057.
[I 2026-04-11 20:08:35,058] Trial 45 finished with value: 0.3258046106584057 and parameters: {'parameters.max_depth': 25, 'parameters.learning_rate': 0.0026662473808144235, 'parameters.subsample': 0.8976694752604122, 'parameters.colsample_bytree': 0.7433341915499055, 'parameters.gamma': 0.008552636544926738, 'parameters.reg_lambda': 3.488276791468766, 'parameters.min_child_weight': 1}. Best is trial 0 with value: 0.3258046106584057.
[I 2026-04-11 20:08:38,347] Trial 46 finished with value: 0.3258046106584057 and parameters: {'parameters.max_depth': 29, 'parameters.learning_rate': 0.0034808609348504125, 'parameters.subsample': 0.9463525128238034, 'parameters.colsample_bytree': 0.8268844756601836, 'parameters.gamma': 0.0750828203023825, 'parameters.reg_lambda': 0.8018626392103078, 'parameters.min_child_weight': 3}. Best is trial 0 with value: 0.3258046106584057.
[I 2026-04-11 20:08:41,559] Trial 47 finished with value: 0.3258046106584057 and parameters: {'parameters.max_depth': 8, 'parameters.learning_rate': 0.002265744208553959, 'parameters.subsample': 0.7786724222001176, 'parameters.colsample_bytree': 0.9271691227500881, 'parameters.gamma': 0.0032105062780452263, 'parameters.reg_lambda': 0.5955929154050763, 'parameters.min_child_weight': 8}. Best is trial 0 with value: 0.3258046106584057.
[I 2026-04-11 20:08:44,665] Trial 48 finished with value: 0.3258046106584057 and parameters: {'parameters.max_depth': 17, 'parameters.learning_rate': 0.008880767711460753, 'parameters.subsample': 0.7485210324164245, 'parameters.colsample_bytree': 0.7213250741806165, 'parameters.gamma': 0.00610466807234734, 'parameters.reg_lambda': 2.821957100808957, 'parameters.min_child_weight': 5}. Best is trial 0 with value: 0.3258046106584057.
[I 2026-04-11 20:08:47,697] Trial 49 finished with value: 0.3258046106584057 and parameters: {'parameters.max_depth': 20, 'parameters.learning_rate': 0.025676914328366975, 'parameters.subsample': 0.8601743228201552, 'parameters.colsample_bytree': 0.7901270030570323, 'parameters.gamma': 0.4157431657157598, 'parameters.reg_lambda': 0.5245858456571829, 'parameters.min_child_weight': 2}. Best is trial 0 with value: 0.3258046106584057.
[I 2026-04-11 20:08:50,791] Trial 50 finished with value: 0.3258046106584057 and parameters: {'parameters.max_depth': 14, 'parameters.learning_rate': 0.015187627669717612, 'parameters.subsample': 0.7248637826206954, 'parameters.colsample_bytree': 0.8767478453587108, 'parameters.gamma': 0.016557547114999186, 'parameters.reg_lambda': 0.6538088485941433, 'parameters.min_child_weight': 4}. Best is trial 0 with value: 0.3258046106584057.
[I 2026-04-11 20:08:53,914] Trial 51 finished with value: 0.3258046106584057 and parameters: {'parameters.max_depth': 23, 'parameters.learning_rate': 0.021040347069392694, 'parameters.subsample': 0.6410622223390308, 'parameters.colsample_bytree': 0.8612438714731289, 'parameters.gamma': 0.028636553250042218, 'parameters.reg_lambda': 0.6904854869050788, 'parameters.min_child_weight': 5}. Best is trial 0 with value: 0.3258046106584057.
[I 2026-04-11 20:08:57,077] Trial 52 finished with value: 0.3258046106584057 and parameters: {'parameters.max_depth': 28, 'parameters.learning_rate': 0.006944911022884013, 'parameters.subsample': 0.6326064400710915, 'parameters.colsample_bytree': 0.892774171261267, 'parameters.gamma': 1.9476472529793816, 'parameters.reg_lambda': 0.5642785935825582, 'parameters.min_child_weight': 7}. Best is trial 0 with value: 0.3258046106584057.
[I 2026-04-11 20:09:00,205] Trial 53 finished with value: 0.3258046106584057 and parameters: {'parameters.max_depth': 22, 'parameters.learning_rate': 0.004723072448743136, 'parameters.subsample': 0.6209638215594536, 'parameters.colsample_bytree': 0.8152524830753132, 'parameters.gamma': 0.13792758192561397, 'parameters.reg_lambda': 0.8621847867327906, 'parameters.min_child_weight': 6}. Best is trial 0 with value: 0.3258046106584057.
[I 2026-04-11 20:09:03,363] Trial 54 finished with value: 0.3258046106584057 and parameters: {'parameters.max_depth': 24, 'parameters.learning_rate': 0.005441523626312617, 'parameters.subsample': 0.6679494459675247, 'parameters.colsample_bytree': 0.6623968305236282, 'parameters.gamma': 0.27326152947171034, 'parameters.reg_lambda': 0.7689262885822172, 'parameters.min_child_weight': 3}. Best is trial 0 with value: 0.3258046106584057.
[I 2026-04-11 20:09:06,550] Trial 55 finished with value: 0.3258046106584057 and parameters: {'parameters.max_depth': 26, 'parameters.learning_rate': 0.004190501544057464, 'parameters.subsample': 0.6881622282738448, 'parameters.colsample_bytree': 0.9395598398188184, 'parameters.gamma': 0.07128254861467943, 'parameters.reg_lambda': 1.022878043236604, 'parameters.min_child_weight': 4}. Best is trial 0 with value: 0.3258046106584057.
[I 2026-04-11 20:09:09,618] Trial 56 finished with value: 0.3258046106584057 and parameters: {'parameters.max_depth': 30, 'parameters.learning_rate': 0.0027916883135277962, 'parameters.subsample': 0.8975194961868573, 'parameters.colsample_bytree': 0.639884423534458, 'parameters.gamma': 0.001502747380947493, 'parameters.reg_lambda': 2.1571593699806946, 'parameters.min_child_weight': 2}. Best is trial 0 with value: 0.3258046106584057.Best trial: 0. Best value: 0.325805:  28%|██▊       | 56/200 [02:59<07:34,  3.15s/it]Best trial: 0. Best value: 0.325805:  28%|██▊       | 56/200 [02:59<07:34,  3.15s/it]Best trial: 0. Best value: 0.325805:  28%|██▊       | 57/200 [02:59<07:27,  3.13s/it]                                                                                     Best trial: 0. Best value: 0.325805:  28%|██▊       | 57/200 [03:02<07:27,  3.13s/it]Best trial: 0. Best value: 0.325805:  28%|██▊       | 57/200 [03:02<07:27,  3.13s/it]Best trial: 0. Best value: 0.325805:  29%|██▉       | 58/200 [03:02<07:22,  3.11s/it]                                                                                     Best trial: 0. Best value: 0.325805:  29%|██▉       | 58/200 [03:05<07:22,  3.11s/it]Best trial: 0. Best value: 0.325805:  29%|██▉       | 58/200 [03:05<07:22,  3.11s/it]Best trial: 0. Best value: 0.325805:  30%|██▉       | 59/200 [03:05<07:17,  3.10s/it]                                                                                     Best trial: 0. Best value: 0.325805:  30%|██▉       | 59/200 [03:08<07:17,  3.10s/it]Best trial: 0. Best value: 0.325805:  30%|██▉       | 59/200 [03:08<07:17,  3.10s/it]Best trial: 0. Best value: 0.325805:  30%|███       | 60/200 [03:08<07:13,  3.10s/it]                                                                                     Best trial: 0. Best value: 0.325805:  30%|███       | 60/200 [03:11<07:13,  3.10s/it]Best trial: 0. Best value: 0.325805:  30%|███       | 60/200 [03:11<07:13,  3.10s/it]Best trial: 0. Best value: 0.325805:  30%|███       | 61/200 [03:11<07:13,  3.12s/it]                                                                                     Best trial: 0. Best value: 0.325805:  30%|███       | 61/200 [03:14<07:13,  3.12s/it]Best trial: 0. Best value: 0.325805:  30%|███       | 61/200 [03:14<07:13,  3.12s/it]Best trial: 0. Best value: 0.325805:  31%|███       | 62/200 [03:14<07:09,  3.11s/it]                                                                                     Best trial: 0. Best value: 0.325805:  31%|███       | 62/200 [03:17<07:09,  3.11s/it]Best trial: 0. Best value: 0.325805:  31%|███       | 62/200 [03:17<07:09,  3.11s/it]Best trial: 0. Best value: 0.325805:  32%|███▏      | 63/200 [03:17<07:09,  3.13s/it]                                                                                     Best trial: 0. Best value: 0.325805:  32%|███▏      | 63/200 [03:21<07:09,  3.13s/it]Best trial: 0. Best value: 0.325805:  32%|███▏      | 63/200 [03:21<07:09,  3.13s/it]Best trial: 0. Best value: 0.325805:  32%|███▏      | 64/200 [03:21<07:07,  3.14s/it]                                                                                     Best trial: 0. Best value: 0.325805:  32%|███▏      | 64/200 [03:24<07:07,  3.14s/it]Best trial: 0. Best value: 0.325805:  32%|███▏      | 64/200 [03:24<07:07,  3.14s/it]Best trial: 0. Best value: 0.325805:  32%|███▎      | 65/200 [03:24<07:02,  3.13s/it]                                                                                     Best trial: 0. Best value: 0.325805:  32%|███▎      | 65/200 [03:27<07:02,  3.13s/it]Best trial: 0. Best value: 0.325805:  32%|███▎      | 65/200 [03:27<07:02,  3.13s/it]Best trial: 0. Best value: 0.325805:  33%|███▎      | 66/200 [03:27<06:54,  3.09s/it]                                                                                     Best trial: 0. Best value: 0.325805:  33%|███▎      | 66/200 [03:30<06:54,  3.09s/it]Best trial: 0. Best value: 0.325805:  33%|███▎      | 66/200 [03:30<06:54,  3.09s/it]Best trial: 0. Best value: 0.325805:  34%|███▎      | 67/200 [03:30<06:48,  3.07s/it]                                                                                     Best trial: 0. Best value: 0.325805:  34%|███▎      | 67/200 [03:33<06:48,  3.07s/it]Best trial: 0. Best value: 0.325805:  34%|███▎      | 67/200 [03:33<06:48,  3.07s/it]Best trial: 0. Best value: 0.325805:  34%|███▍      | 68/200 [03:33<06:46,  3.08s/it]                                                                                     Best trial: 0. Best value: 0.325805:  34%|███▍      | 68/200 [03:36<06:46,  3.08s/it]Best trial: 0. Best value: 0.325805:  34%|███▍      | 68/200 [03:36<06:46,  3.08s/it]Best trial: 0. Best value: 0.325805:  34%|███▍      | 69/200 [03:36<06:46,  3.10s/it]                                                                                     Best trial: 0. Best value: 0.325805:  34%|███▍      | 69/200 [03:39<06:46,  3.10s/it]Best trial: 0. Best value: 0.325805:  34%|███▍      | 69/200 [03:39<06:46,  3.10s/it]Best trial: 0. Best value: 0.325805:  35%|███▌      | 70/200 [03:39<06:44,  3.11s/it]                                                                                     Best trial: 0. Best value: 0.325805:  35%|███▌      | 70/200 [03:42<06:44,  3.11s/it]Best trial: 0. Best value: 0.325805:  35%|███▌      | 70/200 [03:42<06:44,  3.11s/it]Best trial: 0. Best value: 0.325805:  36%|███▌      | 71/200 [03:42<06:47,  3.16s/it]                                                                                     Best trial: 0. Best value: 0.325805:  36%|███▌      | 71/200 [03:46<06:47,  3.16s/it]Best trial: 0. Best value: 0.325805:  36%|███▌      | 71/200 [03:46<06:47,  3.16s/it]Best trial: 0. Best value: 0.325805:  36%|███▌      | 72/200 [03:46<06:46,  3.17s/it]                                                                                     Best trial: 0. Best value: 0.325805:  36%|███▌      | 72/200 [03:49<06:46,  3.17s/it]Best trial: 0. Best value: 0.325805:  36%|███▌      | 72/200 [03:49<06:46,  3.17s/it]Best trial: 0. Best value: 0.325805:  36%|███▋      | 73/200 [03:49<06:39,  3.15s/it]                                                                                     Best trial: 0. Best value: 0.325805:  36%|███▋      | 73/200 [03:52<06:39,  3.15s/it]Best trial: 0. Best value: 0.325805:  36%|███▋      | 73/200 [03:52<06:39,  3.15s/it]Best trial: 0. Best value: 0.325805:  37%|███▋      | 74/200 [03:52<06:39,  3.17s/it]                                                                                     Best trial: 0. Best value: 0.325805:  37%|███▋      | 74/200 [03:55<06:39,  3.17s/it]Best trial: 0. Best value: 0.325805:  37%|███▋      | 74/200 [03:55<06:39,  3.17s/it]Best trial: 0. Best value: 0.325805:  38%|███▊      | 75/200 [03:55<06:35,  3.16s/it]                                                                                     
[I 2026-04-11 20:09:12,700] Trial 57 finished with value: 0.3258046106584057 and parameters: {'parameters.max_depth': 16, 'parameters.learning_rate': 0.0032712479341730576, 'parameters.subsample': 0.8370341929323168, 'parameters.colsample_bytree': 0.6897142817792405, 'parameters.gamma': 0.036737921073321, 'parameters.reg_lambda': 0.6349412723946133, 'parameters.min_child_weight': 7}. Best is trial 0 with value: 0.3258046106584057.
[I 2026-04-11 20:09:15,772] Trial 58 finished with value: 0.3258046106584057 and parameters: {'parameters.max_depth': 12, 'parameters.learning_rate': 0.011916502530477827, 'parameters.subsample': 0.8718668087987219, 'parameters.colsample_bytree': 0.8411244630009498, 'parameters.gamma': 0.014056814358312918, 'parameters.reg_lambda': 4.333207966842311, 'parameters.min_child_weight': 3}. Best is trial 0 with value: 0.3258046106584057.
[I 2026-04-11 20:09:18,868] Trial 59 finished with value: 0.3258046106584057 and parameters: {'parameters.max_depth': 29, 'parameters.learning_rate': 0.009851477682499481, 'parameters.subsample': 0.676244040193894, 'parameters.colsample_bytree': 0.7470695122524601, 'parameters.gamma': 0.027163376734625776, 'parameters.reg_lambda': 1.1733687915442979, 'parameters.min_child_weight': 1}. Best is trial 0 with value: 0.3258046106584057.
[I 2026-04-11 20:09:22,042] Trial 60 finished with value: 0.3258046106584057 and parameters: {'parameters.max_depth': 9, 'parameters.learning_rate': 0.008180615677153244, 'parameters.subsample': 0.9347512063772119, 'parameters.colsample_bytree': 0.8032500512930485, 'parameters.gamma': 0.09959185075025562, 'parameters.reg_lambda': 0.889491113408513, 'parameters.min_child_weight': 8}. Best is trial 0 with value: 0.3258046106584057.
[I 2026-04-11 20:09:25,134] Trial 61 finished with value: 0.3258046106584057 and parameters: {'parameters.max_depth': 5, 'parameters.learning_rate': 0.028774097296994178, 'parameters.subsample': 0.6917696205441946, 'parameters.colsample_bytree': 0.7867322348419368, 'parameters.gamma': 0.01055144400879309, 'parameters.reg_lambda': 1.6868378468966096, 'parameters.min_child_weight': 6}. Best is trial 0 with value: 0.3258046106584057.
[I 2026-04-11 20:09:28,315] Trial 62 finished with value: 0.3258046106584057 and parameters: {'parameters.max_depth': 5, 'parameters.learning_rate': 0.022432602944287193, 'parameters.subsample': 0.6512810617420611, 'parameters.colsample_bytree': 0.7176931407529393, 'parameters.gamma': 0.02197683010876257, 'parameters.reg_lambda': 3.232133714412294, 'parameters.min_child_weight': 5}. Best is trial 0 with value: 0.3258046106584057.
[I 2026-04-11 20:09:31,477] Trial 63 finished with value: 0.3258046106584057 and parameters: {'parameters.max_depth': 6, 'parameters.learning_rate': 0.017840735691824094, 'parameters.subsample': 0.7158932006138842, 'parameters.colsample_bytree': 0.8322754989830544, 'parameters.gamma': 0.05320440612510748, 'parameters.reg_lambda': 3.7076208844320306, 'parameters.min_child_weight': 6}. Best is trial 0 with value: 0.3258046106584057.
[I 2026-04-11 20:09:34,586] Trial 64 finished with value: 0.3258046106584057 and parameters: {'parameters.max_depth': 7, 'parameters.learning_rate': 0.019570120441466644, 'parameters.subsample': 0.7927076290763451, 'parameters.colsample_bytree': 0.8662450091727596, 'parameters.gamma': 0.006428826686128698, 'parameters.reg_lambda': 2.4956789929569085, 'parameters.min_child_weight': 7}. Best is trial 0 with value: 0.3258046106584057.
[I 2026-04-11 20:09:37,588] Trial 65 finished with value: 0.3258046106584057 and parameters: {'parameters.max_depth': 9, 'parameters.learning_rate': 0.00602715656403574, 'parameters.subsample': 0.767771089329374, 'parameters.colsample_bytree': 0.8098659262134353, 'parameters.gamma': 0.0034953668178010744, 'parameters.reg_lambda': 1.3094229848938088, 'parameters.min_child_weight': 5}. Best is trial 0 with value: 0.3258046106584057.
[I 2026-04-11 20:09:40,619] Trial 66 finished with value: 0.3258046106584057 and parameters: {'parameters.max_depth': 4, 'parameters.learning_rate': 0.024095851224614308, 'parameters.subsample': 0.748191207411281, 'parameters.colsample_bytree': 0.9005436251576917, 'parameters.gamma': 0.00491678089089634, 'parameters.reg_lambda': 0.9739773850811246, 'parameters.min_child_weight': 6}. Best is trial 0 with value: 0.3258046106584057.
[I 2026-04-11 20:09:43,719] Trial 67 finished with value: 0.3258046106584057 and parameters: {'parameters.max_depth': 18, 'parameters.learning_rate': 0.003880378863520766, 'parameters.subsample': 0.8103003014023391, 'parameters.colsample_bytree': 0.7810044825112713, 'parameters.gamma': 0.009356691878886245, 'parameters.reg_lambda': 4.775284308767392, 'parameters.min_child_weight': 9}. Best is trial 0 with value: 0.3258046106584057.
[I 2026-04-11 20:09:46,872] Trial 68 finished with value: 0.3258046106584057 and parameters: {'parameters.max_depth': 10, 'parameters.learning_rate': 0.004946011233220089, 'parameters.subsample': 0.6597025891004393, 'parameters.colsample_bytree': 0.7553634907193344, 'parameters.gamma': 0.0020038218692056617, 'parameters.reg_lambda': 0.7611909234258072, 'parameters.min_child_weight': 4}. Best is trial 0 with value: 0.3258046106584057.
[I 2026-04-11 20:09:50,004] Trial 69 finished with value: 0.3258046106584057 and parameters: {'parameters.max_depth': 21, 'parameters.learning_rate': 0.01559632038006242, 'parameters.subsample': 0.7044957476189492, 'parameters.colsample_bytree': 0.6119379549288421, 'parameters.gamma': 0.013761092237081532, 'parameters.reg_lambda': 0.6994722058507056, 'parameters.min_child_weight': 7}. Best is trial 0 with value: 0.3258046106584057.
[I 2026-04-11 20:09:53,271] Trial 70 finished with value: 0.3258046106584057 and parameters: {'parameters.max_depth': 15, 'parameters.learning_rate': 0.0044048104759712575, 'parameters.subsample': 0.8442546890918611, 'parameters.colsample_bytree': 0.7673420652728423, 'parameters.gamma': 1.0013856731237263, 'parameters.reg_lambda': 0.5730217197946393, 'parameters.min_child_weight': 8}. Best is trial 0 with value: 0.3258046106584057.
[I 2026-04-11 20:09:56,484] Trial 71 finished with value: 0.3258046106584057 and parameters: {'parameters.max_depth': 7, 'parameters.learning_rate': 0.026964199996897115, 'parameters.subsample': 0.8828263463618733, 'parameters.colsample_bytree': 0.9514340513869832, 'parameters.gamma': 1.414497819938344, 'parameters.reg_lambda': 1.6121241089500415, 'parameters.min_child_weight': 10}. Best is trial 0 with value: 0.3258046106584057.
[I 2026-04-11 20:09:59,562] Trial 72 finished with value: 0.3258046106584057 and parameters: {'parameters.max_depth': 11, 'parameters.learning_rate': 0.029255348644022877, 'parameters.subsample': 0.9090451852142831, 'parameters.colsample_bytree': 0.9146850014352631, 'parameters.gamma': 0.8340550500092072, 'parameters.reg_lambda': 1.7779731825394034, 'parameters.min_child_weight': 10}. Best is trial 0 with value: 0.3258046106584057.
