[I 2026-04-11 20:28:38,150] Trial 19 finished with value: 0.34265128860961136 and parameters: {'parameters.depth': 5, 'parameters.learning_rate': 0.02691395062260337, 'parameters.l2_leaf_reg': 3.352103274871935, 'parameters.subsample': 0.6947769036015055, 'parameters.random_strength': 0.24614449441940217, 'parameters.bagging_temperature': 0.003188336058002491}. Best is trial 0 with value: 0.34265128860961136.Best trial: 0. Best value: 0.342651:  10%|▉         | 19/200 [01:14<11:16,  3.74s/it]Best trial: 0. Best value: 0.342651:  10%|▉         | 19/200 [01:14<11:16,  3.74s/it]Best trial: 0. Best value: 0.342651:  10%|█         | 20/200 [01:14<11:11,  3.73s/it]                                                                                     Best trial: 0. Best value: 0.342651:  10%|█         | 20/200 [01:17<11:11,  3.73s/it]Best trial: 0. Best value: 0.342651:  10%|█         | 20/200 [01:17<11:11,  3.73s/it]Best trial: 0. Best value: 0.342651:  10%|█         | 21/200 [01:17<11:05,  3.72s/it]                                                                                     Best trial: 0. Best value: 0.342651:  10%|█         | 21/200 [01:21<11:05,  3.72s/it]Best trial: 0. Best value: 0.342651:  10%|█         | 21/200 [01:21<11:05,  3.72s/it]Best trial: 0. Best value: 0.342651:  11%|█         | 22/200 [01:21<11:02,  3.72s/it]                                                                                     Best trial: 0. Best value: 0.342651:  11%|█         | 22/200 [01:25<11:02,  3.72s/it]Best trial: 0. Best value: 0.342651:  11%|█         | 22/200 [01:25<11:02,  3.72s/it]Best trial: 0. Best value: 0.342651:  12%|█▏        | 23/200 [01:25<10:59,  3.72s/it]                                                                                     Best trial: 0. Best value: 0.342651:  12%|█▏        | 23/200 [01:29<10:59,  3.72s/it]Best trial: 0. Best value: 0.342651:  12%|█▏        | 23/200 [01:29<10:59,  3.72s/it]Best trial: 0. Best value: 0.342651:  12%|█▏        | 24/200 [01:29<10:56,  3.73s/it]                                                                                     Best trial: 0. Best value: 0.342651:  12%|█▏        | 24/200 [01:32<10:56,  3.73s/it]Best trial: 0. Best value: 0.342651:  12%|█▏        | 24/200 [01:32<10:56,  3.73s/it]Best trial: 0. Best value: 0.342651:  12%|█▎        | 25/200 [01:32<10:55,  3.74s/it]                                                                                     Best trial: 0. Best value: 0.342651:  12%|█▎        | 25/200 [01:36<10:55,  3.74s/it]Best trial: 0. Best value: 0.342651:  12%|█▎        | 25/200 [01:36<10:55,  3.74s/it]Best trial: 0. Best value: 0.342651:  13%|█▎        | 26/200 [01:36<10:54,  3.76s/it]                                                                                     Best trial: 0. Best value: 0.342651:  13%|█▎        | 26/200 [01:40<10:54,  3.76s/it]Best trial: 0. Best value: 0.342651:  13%|█▎        | 26/200 [01:40<10:54,  3.76s/it]Best trial: 0. Best value: 0.342651:  14%|█▎        | 27/200 [01:40<10:49,  3.76s/it]                                                                                     Best trial: 0. Best value: 0.342651:  14%|█▎        | 27/200 [01:44<10:49,  3.76s/it]Best trial: 0. Best value: 0.342651:  14%|█▎        | 27/200 [01:44<10:49,  3.76s/it]Best trial: 0. Best value: 0.342651:  14%|█▍        | 28/200 [01:44<10:44,  3.75s/it]                                                                                     Best trial: 0. Best value: 0.342651:  14%|█▍        | 28/200 [01:48<10:44,  3.75s/it]Best trial: 0. Best value: 0.342651:  14%|█▍        | 28/200 [01:48<10:44,  3.75s/it]Best trial: 0. Best value: 0.342651:  14%|█▍        | 29/200 [01:48<10:42,  3.76s/it]                                                                                     Best trial: 0. Best value: 0.342651:  14%|█▍        | 29/200 [01:51<10:42,  3.76s/it]Best trial: 0. Best value: 0.342651:  14%|█▍        | 29/200 [01:51<10:42,  3.76s/it]Best trial: 0. Best value: 0.342651:  15%|█▌        | 30/200 [01:51<10:36,  3.74s/it]                                                                                     Best trial: 0. Best value: 0.342651:  15%|█▌        | 30/200 [01:55<10:36,  3.74s/it]Best trial: 0. Best value: 0.342651:  15%|█▌        | 30/200 [01:55<10:36,  3.74s/it]Best trial: 0. Best value: 0.342651:  16%|█▌        | 31/200 [01:55<10:29,  3.73s/it]                                                                                     Best trial: 0. Best value: 0.342651:  16%|█▌        | 31/200 [01:59<10:29,  3.73s/it]Best trial: 0. Best value: 0.342651:  16%|█▌        | 31/200 [01:59<10:29,  3.73s/it]Best trial: 0. Best value: 0.342651:  16%|█▌        | 32/200 [01:59<10:26,  3.73s/it]                                                                                     Best trial: 0. Best value: 0.342651:  16%|█▌        | 32/200 [02:02<10:26,  3.73s/it]Best trial: 0. Best value: 0.342651:  16%|█▌        | 32/200 [02:02<10:26,  3.73s/it]Best trial: 0. Best value: 0.342651:  16%|█▋        | 33/200 [02:02<10:25,  3.74s/it]                                                                                     Best trial: 0. Best value: 0.342651:  16%|█▋        | 33/200 [02:06<10:25,  3.74s/it]Best trial: 0. Best value: 0.342651:  16%|█▋        | 33/200 [02:06<10:25,  3.74s/it]Best trial: 0. Best value: 0.342651:  17%|█▋        | 34/200 [02:06<10:21,  3.74s/it]                                                                                     Best trial: 0. Best value: 0.342651:  17%|█▋        | 34/200 [02:10<10:21,  3.74s/it]Best trial: 0. Best value: 0.342651:  17%|█▋        | 34/200 [02:10<10:21,  3.74s/it]Best trial: 0. Best value: 0.342651:  18%|█▊        | 35/200 [02:10<10:18,  3.75s/it]                                                                                     Best trial: 0. Best value: 0.342651:  18%|█▊        | 35/200 [02:14<10:18,  3.75s/it]Best trial: 0. Best value: 0.342651:  18%|█▊        | 35/200 [02:14<10:18,  3.75s/it]Best trial: 0. Best value: 0.342651:  18%|█▊        | 36/200 [02:14<10:11,  3.73s/it]                                                                                     Best trial: 0. Best value: 0.342651:  18%|█▊        | 36/200 [02:17<10:11,  3.73s/it]Best trial: 0. Best value: 0.342651:  18%|█▊        | 36/200 [02:17<10:11,  3.73s/it]Best trial: 0. Best value: 0.342651:  18%|█▊        | 37/200 [02:17<10:05,  3.71s/it]                                                                                     Best trial: 0. Best value: 0.342651:  18%|█▊        | 37/200 [02:21<10:05,  3.71s/it]Best trial: 0. Best value: 0.342651:  18%|█▊        | 37/200 [02:21<10:05,  3.71s/it]Best trial: 0. Best value: 0.342651:  19%|█▉        | 38/200 [02:21<10:01,  3.71s/it]                                                                                     Best trial: 0. Best value: 0.342651:  19%|█▉        | 38/200 [02:25<10:01,  3.71s/it]Best trial: 0. Best value: 0.342651:  19%|█▉        | 38/200 [02:25<10:01,  3.71s/it]Best trial: 0. Best value: 0.342651:  20%|█▉        | 39/200 [02:25<09:56,  3.71s/it]                                                                                     
[I 2026-04-11 20:28:41,841] Trial 20 finished with value: 0.34265128860961136 and parameters: {'parameters.depth': 7, 'parameters.learning_rate': 0.01858558175355504, 'parameters.l2_leaf_reg': 7.481492132008956, 'parameters.subsample': 0.8331668003765056, 'parameters.random_strength': 0.17268004759126687, 'parameters.bagging_temperature': 0.7406255152089561}. Best is trial 0 with value: 0.34265128860961136.
[I 2026-04-11 20:28:45,567] Trial 21 finished with value: 0.34265128860961136 and parameters: {'parameters.depth': 12, 'parameters.learning_rate': 0.0020713520453759524, 'parameters.l2_leaf_reg': 2.125644276153822, 'parameters.subsample': 0.6153578765265498, 'parameters.random_strength': 0.21868521336234129, 'parameters.bagging_temperature': 0.05450736239932122}. Best is trial 0 with value: 0.34265128860961136.
[I 2026-04-11 20:28:49,294] Trial 22 finished with value: 0.34265128860961136 and parameters: {'parameters.depth': 11, 'parameters.learning_rate': 0.0049206271632147875, 'parameters.l2_leaf_reg': 5.407517822026425, 'parameters.subsample': 0.7589245742464519, 'parameters.random_strength': 0.13125143787487908, 'parameters.bagging_temperature': 0.38017924203546927}. Best is trial 0 with value: 0.34265128860961136.
[I 2026-04-11 20:28:53,038] Trial 23 finished with value: 0.34265128860961136 and parameters: {'parameters.depth': 10, 'parameters.learning_rate': 0.007394419208777398, 'parameters.l2_leaf_reg': 2.5078101068477974, 'parameters.subsample': 0.6013063243711256, 'parameters.random_strength': 0.17717893343291366, 'parameters.bagging_temperature': 0.025381733087190356}. Best is trial 0 with value: 0.34265128860961136.
[I 2026-04-11 20:28:56,818] Trial 24 finished with value: 0.34265128860961136 and parameters: {'parameters.depth': 11, 'parameters.learning_rate': 0.021138507055913646, 'parameters.l2_leaf_reg': 3.77313743852381, 'parameters.subsample': 0.6659612972310386, 'parameters.random_strength': 0.12406605461804056, 'parameters.bagging_temperature': 0.05912940625471467}. Best is trial 0 with value: 0.34265128860961136.
[I 2026-04-11 20:29:00,620] Trial 25 finished with value: 0.34265128860961136 and parameters: {'parameters.depth': 8, 'parameters.learning_rate': 0.013632386943043777, 'parameters.l2_leaf_reg': 1.40365817595636, 'parameters.subsample': 0.8100459488047913, 'parameters.random_strength': 0.24726342137088386, 'parameters.bagging_temperature': 0.17011101162395129}. Best is trial 0 with value: 0.34265128860961136.
[I 2026-04-11 20:29:04,364] Trial 26 finished with value: 0.34265128860961136 and parameters: {'parameters.depth': 9, 'parameters.learning_rate': 0.004245574526547949, 'parameters.l2_leaf_reg': 4.879472086775944, 'parameters.subsample': 0.9209987176746832, 'parameters.random_strength': 0.1697006737705859, 'parameters.bagging_temperature': 0.00224114500414668}. Best is trial 0 with value: 0.34265128860961136.
[I 2026-04-11 20:29:08,098] Trial 27 finished with value: 0.34265128860961136 and parameters: {'parameters.depth': 10, 'parameters.learning_rate': 0.010546692339364002, 'parameters.l2_leaf_reg': 1.894855857266803, 'parameters.subsample': 0.7334436967018846, 'parameters.random_strength': 0.11946603705444343, 'parameters.bagging_temperature': 0.005889724968260644}. Best is trial 0 with value: 0.34265128860961136.
[I 2026-04-11 20:29:11,874] Trial 28 finished with value: 0.34265128860961136 and parameters: {'parameters.depth': 11, 'parameters.learning_rate': 0.00835936897644757, 'parameters.l2_leaf_reg': 3.0391506122172434, 'parameters.subsample': 0.8748009520230682, 'parameters.random_strength': 0.36549215511215566, 'parameters.bagging_temperature': 0.015870677543007417}. Best is trial 0 with value: 0.34265128860961136.
[I 2026-04-11 20:29:15,578] Trial 29 finished with value: 0.34265128860961136 and parameters: {'parameters.depth': 7, 'parameters.learning_rate': 0.02979514766356025, 'parameters.l2_leaf_reg': 4.199464902627378, 'parameters.subsample': 0.6353158931696515, 'parameters.random_strength': 0.19762434053115205, 'parameters.bagging_temperature': 0.011308775876634675}. Best is trial 0 with value: 0.34265128860961136.
[I 2026-04-11 20:29:19,271] Trial 30 finished with value: 0.34265128860961136 and parameters: {'parameters.depth': 5, 'parameters.learning_rate': 0.02164950784011079, 'parameters.l2_leaf_reg': 7.122555520505145, 'parameters.subsample': 0.7792364857369306, 'parameters.random_strength': 0.22718704613658486, 'parameters.bagging_temperature': 0.17916977691439218}. Best is trial 0 with value: 0.34265128860961136.
[I 2026-04-11 20:29:23,015] Trial 31 finished with value: 0.34265128860961136 and parameters: {'parameters.depth': 7, 'parameters.learning_rate': 0.00446189933780395, 'parameters.l2_leaf_reg': 3.835738807994248, 'parameters.subsample': 0.6442457568274759, 'parameters.random_strength': 0.1472405337917578, 'parameters.bagging_temperature': 0.001721497633399371}. Best is trial 0 with value: 0.34265128860961136.
[I 2026-04-11 20:29:26,789] Trial 32 finished with value: 0.34265128860961136 and parameters: {'parameters.depth': 8, 'parameters.learning_rate': 0.0034869253419949897, 'parameters.l2_leaf_reg': 5.549013056755325, 'parameters.subsample': 0.6959680166204286, 'parameters.random_strength': 0.18464767473379187, 'parameters.bagging_temperature': 0.005003283856071466}. Best is trial 0 with value: 0.34265128860961136.
[I 2026-04-11 20:29:30,524] Trial 33 finished with value: 0.34265128860961136 and parameters: {'parameters.depth': 6, 'parameters.learning_rate': 0.0025288054957399333, 'parameters.l2_leaf_reg': 1.002196594318715, 'parameters.subsample': 0.6738768268086256, 'parameters.random_strength': 0.2627600797802026, 'parameters.bagging_temperature': 0.0011584938553987744}. Best is trial 0 with value: 0.34265128860961136.
[I 2026-04-11 20:29:34,282] Trial 34 finished with value: 0.34265128860961136 and parameters: {'parameters.depth': 9, 'parameters.learning_rate': 0.005770230988301295, 'parameters.l2_leaf_reg': 4.546807394299496, 'parameters.subsample': 0.6252552940505811, 'parameters.random_strength': 0.3381711770872595, 'parameters.bagging_temperature': 0.013591791352766126}. Best is trial 0 with value: 0.34265128860961136.
[I 2026-04-11 20:29:37,960] Trial 35 finished with value: 0.34265128860961136 and parameters: {'parameters.depth': 7, 'parameters.learning_rate': 0.0027923727904606366, 'parameters.l2_leaf_reg': 1.6717893863297209, 'parameters.subsample': 0.8295095877941341, 'parameters.random_strength': 0.4824674369514353, 'parameters.bagging_temperature': 0.023260871915735434}. Best is trial 0 with value: 0.34265128860961136.
[I 2026-04-11 20:29:41,646] Trial 36 finished with value: 0.34265128860961136 and parameters: {'parameters.depth': 8, 'parameters.learning_rate': 0.003918390988052442, 'parameters.l2_leaf_reg': 3.4096152840406235, 'parameters.subsample': 0.7692207261092161, 'parameters.random_strength': 0.11341661559945004, 'parameters.bagging_temperature': 0.008978278053987846}. Best is trial 0 with value: 0.34265128860961136.
[I 2026-04-11 20:29:45,352] Trial 37 finished with value: 0.34265128860961136 and parameters: {'parameters.depth': 6, 'parameters.learning_rate': 0.015425382774578418, 'parameters.l2_leaf_reg': 4.117091858330408, 'parameters.subsample': 0.6451309874994912, 'parameters.random_strength': 0.16060042529528892, 'parameters.bagging_temperature': 0.05275721649742435}. Best is trial 0 with value: 0.34265128860961136.
[I 2026-04-11 20:29:49,043] Trial 38 finished with value: 0.34265128860961136 and parameters: {'parameters.depth': 4, 'parameters.learning_rate': 0.007252025849778226, 'parameters.l2_leaf_reg': 5.054618116858205, 'parameters.subsample': 0.7290963807250609, 'parameters.random_strength': 0.1891822646365079, 'parameters.bagging_temperature': 0.03540623233314484}. Best is trial 0 with value: 0.34265128860961136.
