[I 2026-04-12 10:04:41,865] Trial 70 finished with value: 0.3666548976144547 and parameters: {'parameters.history_length': 146, 'parameters.d_model': 171, 'parameters.n_layers': 5, 'parameters.d_state': 12, 'parameters.d_conv': 8, 'parameters.expand': 4, 'parameters.dropout': 0.15350790857335295, 'parameters.batch_size': 376, 'parameters.learning_rate': 0.0019515346934416745, 'parameters.weight_decay': 0.0005214703478222243}. Best is trial 0 with value: 0.3666548976144547.
[I 2026-04-12 10:04:55,447] Trial 71 finished with value: 0.3666548976144547 and parameters: {'parameters.history_length': 135, 'parameters.d_model': 150, 'parameters.n_layers': 2, 'parameters.d_state': 42, 'parameters.d_conv': 6, 'parameters.expand': 4, 'parameters.dropout': 0.3923786020481708, 'parameters.batch_size': 144, 'parameters.learning_rate': 0.0007770212674606685, 'parameters.weight_decay': 0.00019088035803238186}. Best is trial 0 with value: 0.3666548976144547.Best trial: 0. Best value: 0.366655:  36%|███▌      | 71/200 [16:19<29:11, 13.58s/it]Best trial: 0. Best value: 0.366655:  36%|███▌      | 71/200 [16:19<29:11, 13.58s/it]Best trial: 0. Best value: 0.366655:  36%|███▌      | 72/200 [16:19<28:58, 13.58s/it]                                                                                     Best trial: 0. Best value: 0.366655:  36%|███▌      | 72/200 [16:32<28:58, 13.58s/it]Best trial: 0. Best value: 0.366655:  36%|███▌      | 72/200 [16:32<28:58, 13.58s/it]Best trial: 0. Best value: 0.366655:  36%|███▋      | 73/200 [16:32<28:42, 13.56s/it]                                                                                     Best trial: 0. Best value: 0.366655:  36%|███▋      | 73/200 [16:46<28:42, 13.56s/it]Best trial: 0. Best value: 0.366655:  36%|███▋      | 73/200 [16:46<28:42, 13.56s/it]Best trial: 0. Best value: 0.366655:  37%|███▋      | 74/200 [16:46<28:31, 13.58s/it]                                                                                     Best trial: 0. Best value: 0.366655:  37%|███▋      | 74/200 [17:00<28:31, 13.58s/it]Best trial: 0. Best value: 0.366655:  37%|███▋      | 74/200 [17:00<28:31, 13.58s/it]Best trial: 0. Best value: 0.366655:  38%|███▊      | 75/200 [17:00<28:16, 13.57s/it]                                                                                     Best trial: 0. Best value: 0.366655:  38%|███▊      | 75/200 [17:13<28:16, 13.57s/it]Best trial: 0. Best value: 0.366655:  38%|███▊      | 75/200 [17:13<28:16, 13.57s/it]Best trial: 0. Best value: 0.366655:  38%|███▊      | 76/200 [17:13<28:02, 13.57s/it]                                                                                     Best trial: 0. Best value: 0.366655:  38%|███▊      | 76/200 [17:27<28:02, 13.57s/it]Best trial: 0. Best value: 0.366655:  38%|███▊      | 76/200 [17:27<28:02, 13.57s/it]Best trial: 0. Best value: 0.366655:  38%|███▊      | 77/200 [17:27<27:49, 13.57s/it]                                                                                     Best trial: 0. Best value: 0.366655:  38%|███▊      | 77/200 [17:40<27:49, 13.57s/it]Best trial: 0. Best value: 0.366655:  38%|███▊      | 77/200 [17:40<27:49, 13.57s/it]Best trial: 0. Best value: 0.366655:  39%|███▉      | 78/200 [17:40<27:36, 13.57s/it]                                                                                     Best trial: 0. Best value: 0.366655:  39%|███▉      | 78/200 [17:54<27:36, 13.57s/it]Best trial: 0. Best value: 0.366655:  39%|███▉      | 78/200 [17:54<27:36, 13.57s/it]Best trial: 0. Best value: 0.366655:  40%|███▉      | 79/200 [17:54<27:24, 13.59s/it]                                                                                     Best trial: 0. Best value: 0.366655:  40%|███▉      | 79/200 [18:08<27:24, 13.59s/it]Best trial: 0. Best value: 0.366655:  40%|███▉      | 79/200 [18:08<27:24, 13.59s/it]Best trial: 0. Best value: 0.366655:  40%|████      | 80/200 [18:08<27:09, 13.58s/it]                                                                                     Best trial: 0. Best value: 0.366655:  40%|████      | 80/200 [18:21<27:09, 13.58s/it]Best trial: 0. Best value: 0.366655:  40%|████      | 80/200 [18:21<27:09, 13.58s/it]Best trial: 0. Best value: 0.366655:  40%|████      | 81/200 [18:21<26:56, 13.58s/it]                                                                                     Best trial: 0. Best value: 0.366655:  40%|████      | 81/200 [18:35<26:56, 13.58s/it]Best trial: 0. Best value: 0.366655:  40%|████      | 81/200 [18:35<26:56, 13.58s/it]Best trial: 0. Best value: 0.366655:  41%|████      | 82/200 [18:35<26:43, 13.59s/it]                                                                                     Best trial: 0. Best value: 0.366655:  41%|████      | 82/200 [18:48<26:43, 13.59s/it]Best trial: 0. Best value: 0.366655:  41%|████      | 82/200 [18:48<26:43, 13.59s/it]Best trial: 0. Best value: 0.366655:  42%|████▏     | 83/200 [18:48<26:30, 13.59s/it]                                                                                     Best trial: 0. Best value: 0.366655:  42%|████▏     | 83/200 [19:02<26:30, 13.59s/it]Best trial: 0. Best value: 0.366655:  42%|████▏     | 83/200 [19:02<26:30, 13.59s/it]Best trial: 0. Best value: 0.366655:  42%|████▏     | 84/200 [19:02<26:16, 13.59s/it]                                                                                     Best trial: 0. Best value: 0.366655:  42%|████▏     | 84/200 [19:16<26:16, 13.59s/it]Best trial: 0. Best value: 0.366655:  42%|████▏     | 84/200 [19:16<26:16, 13.59s/it]Best trial: 0. Best value: 0.366655:  42%|████▎     | 85/200 [19:16<26:02, 13.59s/it]                                                                                     Best trial: 0. Best value: 0.366655:  42%|████▎     | 85/200 [19:29<26:02, 13.59s/it]Best trial: 0. Best value: 0.366655:  42%|████▎     | 85/200 [19:29<26:02, 13.59s/it]Best trial: 0. Best value: 0.366655:  43%|████▎     | 86/200 [19:29<25:50, 13.60s/it]                                                                                     Best trial: 0. Best value: 0.366655:  43%|████▎     | 86/200 [19:43<25:50, 13.60s/it]Best trial: 0. Best value: 0.366655:  43%|████▎     | 86/200 [19:43<25:50, 13.60s/it]Best trial: 0. Best value: 0.366655:  44%|████▎     | 87/200 [19:43<25:35, 13.59s/it]                                                                                     Best trial: 0. Best value: 0.366655:  44%|████▎     | 87/200 [19:56<25:35, 13.59s/it]Best trial: 0. Best value: 0.366655:  44%|████▎     | 87/200 [19:56<25:35, 13.59s/it]Best trial: 0. Best value: 0.366655:  44%|████▍     | 88/200 [19:56<25:24, 13.61s/it]                                                                                     Best trial: 0. Best value: 0.366655:  44%|████▍     | 88/200 [20:10<25:24, 13.61s/it]Best trial: 0. Best value: 0.366655:  44%|████▍     | 88/200 [20:10<25:24, 13.61s/it]Best trial: 0. Best value: 0.366655:  44%|████▍     | 89/200 [20:10<25:11, 13.61s/it]                                                                                     
[I 2026-04-12 10:05:08,973] Trial 72 finished with value: 0.3666548976144547 and parameters: {'parameters.history_length': 127, 'parameters.d_model': 111, 'parameters.n_layers': 2, 'parameters.d_state': 53, 'parameters.d_conv': 7, 'parameters.expand': 4, 'parameters.dropout': 0.3794212323009106, 'parameters.batch_size': 169, 'parameters.learning_rate': 0.000841481737631025, 'parameters.weight_decay': 0.00011787006987731053}. Best is trial 0 with value: 0.3666548976144547.
[I 2026-04-12 10:05:22,604] Trial 73 finished with value: 0.3666548976144547 and parameters: {'parameters.history_length': 185, 'parameters.d_model': 145, 'parameters.n_layers': 2, 'parameters.d_state': 59, 'parameters.d_conv': 3, 'parameters.expand': 4, 'parameters.dropout': 0.31290496693455033, 'parameters.batch_size': 136, 'parameters.learning_rate': 0.000676569040741162, 'parameters.weight_decay': 0.0011414167891238636}. Best is trial 0 with value: 0.3666548976144547.
[I 2026-04-12 10:05:36,158] Trial 74 finished with value: 0.3666548976144547 and parameters: {'parameters.history_length': 112, 'parameters.d_model': 115, 'parameters.n_layers': 3, 'parameters.d_state': 62, 'parameters.d_conv': 2, 'parameters.expand': 4, 'parameters.dropout': 0.2892736475563706, 'parameters.batch_size': 202, 'parameters.learning_rate': 0.0008947443234633519, 'parameters.weight_decay': 0.0002367763750713415}. Best is trial 0 with value: 0.3666548976144547.
[I 2026-04-12 10:05:49,717] Trial 75 finished with value: 0.3666548976144547 and parameters: {'parameters.history_length': 143, 'parameters.d_model': 512, 'parameters.n_layers': 2, 'parameters.d_state': 64, 'parameters.d_conv': 6, 'parameters.expand': 2, 'parameters.dropout': 0.1919391091229353, 'parameters.batch_size': 155, 'parameters.learning_rate': 0.0009994539690638658, 'parameters.weight_decay': 0.00013473377345054577}. Best is trial 0 with value: 0.3666548976144547.
[I 2026-04-12 10:06:03,299] Trial 76 finished with value: 0.3666548976144547 and parameters: {'parameters.history_length': 44, 'parameters.d_model': 473, 'parameters.n_layers': 6, 'parameters.d_state': 54, 'parameters.d_conv': 3, 'parameters.expand': 4, 'parameters.dropout': 0.23973517569403793, 'parameters.batch_size': 196, 'parameters.learning_rate': 0.0010634311555598357, 'parameters.weight_decay': 0.000343502662871699}. Best is trial 0 with value: 0.3666548976144547.
[I 2026-04-12 10:06:16,875] Trial 77 finished with value: 0.3666548976144547 and parameters: {'parameters.history_length': 158, 'parameters.d_model': 194, 'parameters.n_layers': 4, 'parameters.d_state': 57, 'parameters.d_conv': 6, 'parameters.expand': 4, 'parameters.dropout': 0.10544702436216453, 'parameters.batch_size': 171, 'parameters.learning_rate': 0.0007622141015874122, 'parameters.weight_decay': 0.00029078491495453356}. Best is trial 0 with value: 0.3666548976144547.
[I 2026-04-12 10:06:30,500] Trial 78 finished with value: 0.3666548976144547 and parameters: {'parameters.history_length': 166, 'parameters.d_model': 393, 'parameters.n_layers': 9, 'parameters.d_state': 49, 'parameters.d_conv': 7, 'parameters.expand': 3, 'parameters.dropout': 0.3445914226576281, 'parameters.batch_size': 150, 'parameters.learning_rate': 0.0006274924376187476, 'parameters.weight_decay': 0.00016344197419093903}. Best is trial 0 with value: 0.3666548976144547.
[I 2026-04-12 10:06:44,057] Trial 79 finished with value: 0.3666548976144547 and parameters: {'parameters.history_length': 177, 'parameters.d_model': 94, 'parameters.n_layers': 3, 'parameters.d_state': 46, 'parameters.d_conv': 3, 'parameters.expand': 2, 'parameters.dropout': 0.1390408535410324, 'parameters.batch_size': 248, 'parameters.learning_rate': 0.001342642765807095, 'parameters.weight_decay': 0.0002031288093838938}. Best is trial 0 with value: 0.3666548976144547.
[I 2026-04-12 10:06:57,644] Trial 80 finished with value: 0.3666548976144547 and parameters: {'parameters.history_length': 115, 'parameters.d_model': 140, 'parameters.n_layers': 11, 'parameters.d_state': 61, 'parameters.d_conv': 2, 'parameters.expand': 4, 'parameters.dropout': 0.16210531971284162, 'parameters.batch_size': 272, 'parameters.learning_rate': 0.0008203058168299967, 'parameters.weight_decay': 0.0027631566847875666}. Best is trial 0 with value: 0.3666548976144547.
[I 2026-04-12 10:07:11,261] Trial 81 finished with value: 0.3666548976144547 and parameters: {'parameters.history_length': 171, 'parameters.d_model': 423, 'parameters.n_layers': 8, 'parameters.d_state': 10, 'parameters.d_conv': 4, 'parameters.expand': 2, 'parameters.dropout': 0.2732265096234441, 'parameters.batch_size': 261, 'parameters.learning_rate': 0.0018258497177423237, 'parameters.weight_decay': 0.000887969085078531}. Best is trial 0 with value: 0.3666548976144547.
[I 2026-04-12 10:07:24,854] Trial 82 finished with value: 0.3666548976144547 and parameters: {'parameters.history_length': 186, 'parameters.d_model': 348, 'parameters.n_layers': 6, 'parameters.d_state': 8, 'parameters.d_conv': 5, 'parameters.expand': 2, 'parameters.dropout': 0.3409125197141467, 'parameters.batch_size': 294, 'parameters.learning_rate': 0.0009451905463151119, 'parameters.weight_decay': 0.0008994100577216489}. Best is trial 0 with value: 0.3666548976144547.
[I 2026-04-12 10:07:38,445] Trial 83 finished with value: 0.3666548976144547 and parameters: {'parameters.history_length': 162, 'parameters.d_model': 492, 'parameters.n_layers': 3, 'parameters.d_state': 23, 'parameters.d_conv': 4, 'parameters.expand': 2, 'parameters.dropout': 0.43420331112551647, 'parameters.batch_size': 279, 'parameters.learning_rate': 0.0011298529677322513, 'parameters.weight_decay': 0.0014782178855418692}. Best is trial 0 with value: 0.3666548976144547.
[I 2026-04-12 10:07:52,032] Trial 84 finished with value: 0.3666548976144547 and parameters: {'parameters.history_length': 153, 'parameters.d_model': 299, 'parameters.n_layers': 5, 'parameters.d_state': 30, 'parameters.d_conv': 3, 'parameters.expand': 2, 'parameters.dropout': 0.3267225298386163, 'parameters.batch_size': 128, 'parameters.learning_rate': 0.0015257967668448787, 'parameters.weight_decay': 0.0019765106864631584}. Best is trial 0 with value: 0.3666548976144547.
[I 2026-04-12 10:08:05,644] Trial 85 finished with value: 0.3666548976144547 and parameters: {'parameters.history_length': 149, 'parameters.d_model': 340, 'parameters.n_layers': 7, 'parameters.d_state': 13, 'parameters.d_conv': 4, 'parameters.expand': 2, 'parameters.dropout': 0.12573910787448092, 'parameters.batch_size': 328, 'parameters.learning_rate': 0.0016378670006296212, 'parameters.weight_decay': 0.0013168201863368626}. Best is trial 0 with value: 0.3666548976144547.
[I 2026-04-12 10:08:19,226] Trial 86 finished with value: 0.3666548976144547 and parameters: {'parameters.history_length': 126, 'parameters.d_model': 257, 'parameters.n_layers': 2, 'parameters.d_state': 20, 'parameters.d_conv': 5, 'parameters.expand': 2, 'parameters.dropout': 0.3607390572158867, 'parameters.batch_size': 348, 'parameters.learning_rate': 0.0007006405171859915, 'parameters.weight_decay': 0.0005919521174699048}. Best is trial 0 with value: 0.3666548976144547.
[I 2026-04-12 10:08:32,873] Trial 87 finished with value: 0.3666548976144547 and parameters: {'parameters.history_length': 179, 'parameters.d_model': 456, 'parameters.n_layers': 12, 'parameters.d_state': 40, 'parameters.d_conv': 3, 'parameters.expand': 4, 'parameters.dropout': 0.11319027779288128, 'parameters.batch_size': 287, 'parameters.learning_rate': 0.001656295021279032, 'parameters.weight_decay': 0.0003956447833845278}. Best is trial 0 with value: 0.3666548976144547.
[I 2026-04-12 10:08:46,497] Trial 88 finished with value: 0.3666548976144547 and parameters: {'parameters.history_length': 138, 'parameters.d_model': 179, 'parameters.n_layers': 11, 'parameters.d_state': 16, 'parameters.d_conv': 8, 'parameters.expand': 2, 'parameters.dropout': 0.2206724770101333, 'parameters.batch_size': 230, 'parameters.learning_rate': 0.00121063226013152, 'parameters.weight_decay': 0.00742021968975773}. Best is trial 0 with value: 0.3666548976144547.
[I 2026-04-12 10:08:59,976] Trial 89 finished with value: 0.3666548976144547 and parameters: {'parameters.history_length': 38, 'parameters.d_model': 165, 'parameters.n_layers': 5, 'parameters.d_state': 59, 'parameters.d_conv': 3, 'parameters.expand': 4, 'parameters.dropout': 0.16812830781544316, 'parameters.batch_size': 218, 'parameters.learning_rate': 0.0009642051319495039, 'parameters.weight_decay': 0.00012452718337406583}. Best is trial 0 with value: 0.3666548976144547.Best trial: 0. Best value: 0.366655:  44%|████▍     | 89/200 [20:23<25:11, 13.61s/it]Best trial: 0. Best value: 0.366655:  44%|████▍     | 89/200 [20:23<25:11, 13.61s/it]Best trial: 0. Best value: 0.366655:  45%|████▌     | 90/200 [20:23<24:53, 13.57s/it]                                                                                     Best trial: 0. Best value: 0.366655:  45%|████▌     | 90/200 [20:37<24:53, 13.57s/it]Best trial: 0. Best value: 0.366655:  45%|████▌     | 90/200 [20:37<24:53, 13.57s/it]Best trial: 0. Best value: 0.366655:  46%|████▌     | 91/200 [20:37<24:41, 13.59s/it]                                                                                     Best trial: 0. Best value: 0.366655:  46%|████▌     | 91/200 [20:51<24:41, 13.59s/it]Best trial: 0. Best value: 0.366655:  46%|████▌     | 91/200 [20:51<24:41, 13.59s/it]Best trial: 0. Best value: 0.366655:  46%|████▌     | 92/200 [20:51<24:23, 13.55s/it]                                                                                     Best trial: 0. Best value: 0.366655:  46%|████▌     | 92/200 [21:04<24:23, 13.55s/it]Best trial: 0. Best value: 0.366655:  46%|████▌     | 92/200 [21:04<24:23, 13.55s/it]Best trial: 0. Best value: 0.366655:  46%|████▋     | 93/200 [21:04<24:07, 13.53s/it]                                                                                     Best trial: 0. Best value: 0.366655:  46%|████▋     | 93/200 [21:17<24:07, 13.53s/it]Best trial: 0. Best value: 0.366655:  46%|████▋     | 93/200 [21:17<24:07, 13.53s/it]Best trial: 0. Best value: 0.366655:  47%|████▋     | 94/200 [21:17<23:50, 13.50s/it]                                                                                     Best trial: 0. Best value: 0.366655:  47%|████▋     | 94/200 [21:31<23:50, 13.50s/it]Best trial: 0. Best value: 0.366655:  47%|████▋     | 94/200 [21:31<23:50, 13.50s/it]Best trial: 0. Best value: 0.366655:  48%|████▊     | 95/200 [21:31<23:37, 13.50s/it]                                                                                     Best trial: 0. Best value: 0.366655:  48%|████▊     | 95/200 [21:44<23:37, 13.50s/it]Best trial: 0. Best value: 0.366655:  48%|████▊     | 95/200 [21:44<23:37, 13.50s/it]Best trial: 0. Best value: 0.366655:  48%|████▊     | 96/200 [21:44<23:23, 13.49s/it]                                                                                     Best trial: 0. Best value: 0.366655:  48%|████▊     | 96/200 [21:58<23:23, 13.49s/it]Best trial: 0. Best value: 0.366655:  48%|████▊     | 96/200 [21:58<23:23, 13.49s/it]Best trial: 0. Best value: 0.366655:  48%|████▊     | 97/200 [21:58<23:11, 13.51s/it]                                                                                     Best trial: 0. Best value: 0.366655:  48%|████▊     | 97/200 [22:12<23:11, 13.51s/it]Best trial: 0. Best value: 0.366655:  48%|████▊     | 97/200 [22:12<23:11, 13.51s/it]Best trial: 0. Best value: 0.366655:  49%|████▉     | 98/200 [22:12<22:58, 13.52s/it]                                                                                     Best trial: 0. Best value: 0.366655:  49%|████▉     | 98/200 [22:25<22:58, 13.52s/it]Best trial: 0. Best value: 0.366655:  49%|████▉     | 98/200 [22:25<22:58, 13.52s/it]Best trial: 0. Best value: 0.366655:  50%|████▉     | 99/200 [22:25<22:44, 13.51s/it]                                                                                     Best trial: 0. Best value: 0.366655:  50%|████▉     | 99/200 [22:38<22:44, 13.51s/it]Best trial: 0. Best value: 0.366655:  50%|████▉     | 99/200 [22:38<22:44, 13.51s/it]Best trial: 0. Best value: 0.366655:  50%|█████     | 100/200 [22:38<22:30, 13.50s/it]                                                                                      Best trial: 0. Best value: 0.366655:  50%|█████     | 100/200 [22:52<22:30, 13.50s/it]Best trial: 0. Best value: 0.366655:  50%|█████     | 100/200 [22:52<22:30, 13.50s/it]Best trial: 0. Best value: 0.366655:  50%|█████     | 101/200 [22:52<22:19, 13.53s/it]                                                                                      Best trial: 0. Best value: 0.366655:  50%|█████     | 101/200 [23:06<22:19, 13.53s/it]Best trial: 0. Best value: 0.366655:  50%|█████     | 101/200 [23:06<22:19, 13.53s/it]Best trial: 0. Best value: 0.366655:  51%|█████     | 102/200 [23:06<22:10, 13.58s/it]                                                                                      Best trial: 0. Best value: 0.366655:  51%|█████     | 102/200 [23:19<22:10, 13.58s/it]Best trial: 0. Best value: 0.366655:  51%|█████     | 102/200 [23:19<22:10, 13.58s/it]Best trial: 0. Best value: 0.366655:  52%|█████▏    | 103/200 [23:19<21:58, 13.59s/it]                                                                                      Best trial: 0. Best value: 0.366655:  52%|█████▏    | 103/200 [23:33<21:58, 13.59s/it]Best trial: 0. Best value: 0.366655:  52%|█████▏    | 103/200 [23:33<21:58, 13.59s/it]Best trial: 0. Best value: 0.366655:  52%|█████▏    | 104/200 [23:33<21:47, 13.62s/it]                                                                                      Best trial: 0. Best value: 0.366655:  52%|█████▏    | 104/200 [23:47<21:47, 13.62s/it]Best trial: 0. Best value: 0.366655:  52%|█████▏    | 104/200 [23:47<21:47, 13.62s/it]Best trial: 0. Best value: 0.366655:  52%|█████▎    | 105/200 [23:47<21:33, 13.61s/it]                                                                                      Best trial: 0. Best value: 0.366655:  52%|█████▎    | 105/200 [24:00<21:33, 13.61s/it]Best trial: 0. Best value: 0.366655:  52%|█████▎    | 105/200 [24:00<21:33, 13.61s/it]Best trial: 0. Best value: 0.366655:  53%|█████▎    | 106/200 [24:00<21:18, 13.60s/it]                                                                                      Best trial: 0. Best value: 0.366655:  53%|█████▎    | 106/200 [24:14<21:18, 13.60s/it]Best trial: 0. Best value: 0.366655:  53%|█████▎    | 106/200 [24:14<21:18, 13.60s/it]Best trial: 0. Best value: 0.366655:  54%|█████▎    | 107/200 [24:14<21:03, 13.59s/it]                                                                                      
