[I 2026-04-11 20:10:02,790] Trial 73 finished with value: 0.3258046106584057 and parameters: {'parameters.max_depth': 8, 'parameters.learning_rate': 0.022379325227641706, 'parameters.subsample': 0.8582128932358949, 'parameters.colsample_bytree': 0.9989295206905333, 'parameters.gamma': 1.1350488650119415, 'parameters.reg_lambda': 2.0183281467215632, 'parameters.min_child_weight': 10}. Best is trial 0 with value: 0.3258046106584057.
[I 2026-04-11 20:10:05,939] Trial 74 finished with value: 0.3258046106584057 and parameters: {'parameters.max_depth': 11, 'parameters.learning_rate': 0.007402511257951853, 'parameters.subsample': 0.6028001988569271, 'parameters.colsample_bytree': 0.9834339456219563, 'parameters.gamma': 0.5470276910588762, 'parameters.reg_lambda': 2.3019781600443223, 'parameters.min_child_weight': 6}. Best is trial 0 with value: 0.3258046106584057.
[I 2026-04-11 20:10:09,096] Trial 75 finished with value: 0.3258046106584057 and parameters: {'parameters.max_depth': 26, 'parameters.learning_rate': 0.002016143017333629, 'parameters.subsample': 0.6200405434535586, 'parameters.colsample_bytree': 0.8182203879109925, 'parameters.gamma': 1.6909863209264662, 'parameters.reg_lambda': 1.4550396951020783, 'parameters.min_child_weight': 9}. Best is trial 0 with value: 0.3258046106584057.Best trial: 0. Best value: 0.325805:  38%|███▊      | 75/200 [03:58<06:35,  3.16s/it]Best trial: 0. Best value: 0.325805:  38%|███▊      | 75/200 [03:58<06:35,  3.16s/it]Best trial: 0. Best value: 0.325805:  38%|███▊      | 76/200 [03:58<06:32,  3.16s/it]                                                                                     Best trial: 0. Best value: 0.325805:  38%|███▊      | 76/200 [04:01<06:32,  3.16s/it]Best trial: 0. Best value: 0.325805:  38%|███▊      | 76/200 [04:01<06:32,  3.16s/it]Best trial: 0. Best value: 0.325805:  38%|███▊      | 77/200 [04:01<06:30,  3.17s/it]                                                                                     Best trial: 0. Best value: 0.325805:  38%|███▊      | 77/200 [04:05<06:30,  3.17s/it]Best trial: 0. Best value: 0.325805:  38%|███▊      | 77/200 [04:05<06:30,  3.17s/it]Best trial: 0. Best value: 0.325805:  39%|███▉      | 78/200 [04:05<06:28,  3.18s/it]                                                                                     Best trial: 0. Best value: 0.325805:  39%|███▉      | 78/200 [04:08<06:28,  3.18s/it]Best trial: 0. Best value: 0.325805:  39%|███▉      | 78/200 [04:08<06:28,  3.18s/it]Best trial: 0. Best value: 0.325805:  40%|███▉      | 79/200 [04:08<06:22,  3.16s/it]                                                                                     Best trial: 0. Best value: 0.325805:  40%|███▉      | 79/200 [04:11<06:22,  3.16s/it]Best trial: 0. Best value: 0.325805:  40%|███▉      | 79/200 [04:11<06:22,  3.16s/it]Best trial: 0. Best value: 0.325805:  40%|████      | 80/200 [04:11<06:18,  3.15s/it]                                                                                     Best trial: 0. Best value: 0.325805:  40%|████      | 80/200 [04:14<06:18,  3.15s/it]Best trial: 0. Best value: 0.325805:  40%|████      | 80/200 [04:14<06:18,  3.15s/it]Best trial: 0. Best value: 0.325805:  40%|████      | 81/200 [04:14<06:11,  3.13s/it]                                                                                     Best trial: 0. Best value: 0.325805:  40%|████      | 81/200 [04:17<06:11,  3.13s/it]Best trial: 0. Best value: 0.325805:  40%|████      | 81/200 [04:17<06:11,  3.13s/it]Best trial: 0. Best value: 0.325805:  41%|████      | 82/200 [04:17<06:08,  3.12s/it]                                                                                     Best trial: 0. Best value: 0.325805:  41%|████      | 82/200 [04:20<06:08,  3.12s/it]Best trial: 0. Best value: 0.325805:  41%|████      | 82/200 [04:20<06:08,  3.12s/it]Best trial: 0. Best value: 0.325805:  42%|████▏     | 83/200 [04:20<06:06,  3.13s/it]                                                                                     Best trial: 0. Best value: 0.325805:  42%|████▏     | 83/200 [04:23<06:06,  3.13s/it]Best trial: 0. Best value: 0.325805:  42%|████▏     | 83/200 [04:23<06:06,  3.13s/it]Best trial: 0. Best value: 0.325805:  42%|████▏     | 84/200 [04:23<06:06,  3.16s/it]                                                                                     Best trial: 0. Best value: 0.325805:  42%|████▏     | 84/200 [04:26<06:06,  3.16s/it]Best trial: 0. Best value: 0.325805:  42%|████▏     | 84/200 [04:26<06:06,  3.16s/it]Best trial: 0. Best value: 0.325805:  42%|████▎     | 85/200 [04:26<06:02,  3.15s/it]                                                                                     Best trial: 0. Best value: 0.325805:  42%|████▎     | 85/200 [04:30<06:02,  3.15s/it]Best trial: 0. Best value: 0.325805:  42%|████▎     | 85/200 [04:30<06:02,  3.15s/it]Best trial: 0. Best value: 0.325805:  43%|████▎     | 86/200 [04:30<05:58,  3.15s/it]                                                                                     Best trial: 0. Best value: 0.325805:  43%|████▎     | 86/200 [04:33<05:58,  3.15s/it]Best trial: 0. Best value: 0.325805:  43%|████▎     | 86/200 [04:33<05:58,  3.15s/it]Best trial: 0. Best value: 0.325805:  44%|████▎     | 87/200 [04:33<05:55,  3.14s/it]                                                                                     Best trial: 0. Best value: 0.325805:  44%|████▎     | 87/200 [04:36<05:55,  3.14s/it]Best trial: 0. Best value: 0.325805:  44%|████▎     | 87/200 [04:36<05:55,  3.14s/it]Best trial: 0. Best value: 0.325805:  44%|████▍     | 88/200 [04:36<05:50,  3.13s/it]                                                                                     Best trial: 0. Best value: 0.325805:  44%|████▍     | 88/200 [04:39<05:50,  3.13s/it]Best trial: 0. Best value: 0.325805:  44%|████▍     | 88/200 [04:39<05:50,  3.13s/it]Best trial: 0. Best value: 0.325805:  44%|████▍     | 89/200 [04:39<05:50,  3.16s/it]                                                                                     Best trial: 0. Best value: 0.325805:  44%|████▍     | 89/200 [04:42<05:50,  3.16s/it]Best trial: 0. Best value: 0.325805:  44%|████▍     | 89/200 [04:42<05:50,  3.16s/it]Best trial: 0. Best value: 0.325805:  45%|████▌     | 90/200 [04:42<05:47,  3.16s/it]                                                                                     Best trial: 0. Best value: 0.325805:  45%|████▌     | 90/200 [04:45<05:47,  3.16s/it]Best trial: 0. Best value: 0.325805:  45%|████▌     | 90/200 [04:45<05:47,  3.16s/it]Best trial: 0. Best value: 0.325805:  46%|████▌     | 91/200 [04:45<05:44,  3.16s/it]                                                                                     Best trial: 0. Best value: 0.325805:  46%|████▌     | 91/200 [04:49<05:44,  3.16s/it]Best trial: 0. Best value: 0.325805:  46%|████▌     | 91/200 [04:49<05:44,  3.16s/it]Best trial: 0. Best value: 0.325805:  46%|████▌     | 92/200 [04:49<05:43,  3.18s/it]                                                                                     Best trial: 0. Best value: 0.325805:  46%|████▌     | 92/200 [04:52<05:43,  3.18s/it]Best trial: 0. Best value: 0.325805:  46%|████▌     | 92/200 [04:52<05:43,  3.18s/it]Best trial: 0. Best value: 0.325805:  46%|████▋     | 93/200 [04:52<05:38,  3.16s/it]                                                                                     Best trial: 0. Best value: 0.325805:  46%|████▋     | 93/200 [04:55<05:38,  3.16s/it]Best trial: 0. Best value: 0.325805:  46%|████▋     | 93/200 [04:55<05:38,  3.16s/it]Best trial: 0. Best value: 0.325805:  47%|████▋     | 94/200 [04:55<05:33,  3.15s/it]                                                                                     
[I 2026-04-11 20:10:12,297] Trial 76 finished with value: 0.3258046106584057 and parameters: {'parameters.max_depth': 8, 'parameters.learning_rate': 0.026414736314911525, 'parameters.subsample': 0.9765379500006505, 'parameters.colsample_bytree': 0.7948477072961764, 'parameters.gamma': 0.0012680395874227124, 'parameters.reg_lambda': 1.986316964806783, 'parameters.min_child_weight': 8}. Best is trial 0 with value: 0.3258046106584057.
[I 2026-04-11 20:10:15,495] Trial 77 finished with value: 0.3258046106584057 and parameters: {'parameters.max_depth': 13, 'parameters.learning_rate': 0.003523459958048184, 'parameters.subsample': 0.8240000186376946, 'parameters.colsample_bytree': 0.8367313947687478, 'parameters.gamma': 0.34068231649779696, 'parameters.reg_lambda': 0.832815886708328, 'parameters.min_child_weight': 1}. Best is trial 0 with value: 0.3258046106584057.
[I 2026-04-11 20:10:18,618] Trial 78 finished with value: 0.3258046106584057 and parameters: {'parameters.max_depth': 17, 'parameters.learning_rate': 0.024012916920029496, 'parameters.subsample': 0.8887811316411331, 'parameters.colsample_bytree': 0.8481254698424607, 'parameters.gamma': 0.5735504938763224, 'parameters.reg_lambda': 4.036017294417975, 'parameters.min_child_weight': 9}. Best is trial 0 with value: 0.3258046106584057.
[I 2026-04-11 20:10:21,743] Trial 79 finished with value: 0.3258046106584057 and parameters: {'parameters.max_depth': 4, 'parameters.learning_rate': 0.002916094197139455, 'parameters.subsample': 0.7188610780680558, 'parameters.colsample_bytree': 0.6689346991765821, 'parameters.gamma': 0.04332511990485357, 'parameters.reg_lambda': 3.026477593273084, 'parameters.min_child_weight': 5}. Best is trial 0 with value: 0.3258046106584057.
[I 2026-04-11 20:10:24,806] Trial 80 finished with value: 0.3258046106584057 and parameters: {'parameters.max_depth': 7, 'parameters.learning_rate': 0.0022350865482566704, 'parameters.subsample': 0.7325646269347469, 'parameters.colsample_bytree': 0.6906132629514735, 'parameters.gamma': 0.9077585053390922, 'parameters.reg_lambda': 2.544249262830956, 'parameters.min_child_weight': 4}. Best is trial 0 with value: 0.3258046106584057.
[I 2026-04-11 20:10:27,925] Trial 81 finished with value: 0.3258046106584057 and parameters: {'parameters.max_depth': 6, 'parameters.learning_rate': 0.006058354475206198, 'parameters.subsample': 0.6174265442150094, 'parameters.colsample_bytree': 0.7076827709505357, 'parameters.gamma': 0.026085854895705234, 'parameters.reg_lambda': 1.0705511385061386, 'parameters.min_child_weight': 10}. Best is trial 0 with value: 0.3258046106584057.
[I 2026-04-11 20:10:31,074] Trial 82 finished with value: 0.3258046106584057 and parameters: {'parameters.max_depth': 9, 'parameters.learning_rate': 0.004366885356709641, 'parameters.subsample': 0.6784005760611137, 'parameters.colsample_bytree': 0.777862996224241, 'parameters.gamma': 0.033818274102896846, 'parameters.reg_lambda': 0.9059020388595839, 'parameters.min_child_weight': 10}. Best is trial 0 with value: 0.3258046106584057.
[I 2026-04-11 20:10:34,287] Trial 83 finished with value: 0.3258046106584057 and parameters: {'parameters.max_depth': 5, 'parameters.learning_rate': 0.0033058028996331237, 'parameters.subsample': 0.6295307262983307, 'parameters.colsample_bytree': 0.6459481263117375, 'parameters.gamma': 0.018806180477825944, 'parameters.reg_lambda': 0.7433278015178657, 'parameters.min_child_weight': 9}. Best is trial 0 with value: 0.3258046106584057.
[I 2026-04-11 20:10:37,434] Trial 84 finished with value: 0.3258046106584057 and parameters: {'parameters.max_depth': 19, 'parameters.learning_rate': 0.0037610383746265806, 'parameters.subsample': 0.6489915162281436, 'parameters.colsample_bytree': 0.6321938747378031, 'parameters.gamma': 1.442598944216974, 'parameters.reg_lambda': 0.9945117356954979, 'parameters.min_child_weight': 9}. Best is trial 0 with value: 0.3258046106584057.
[I 2026-04-11 20:10:40,571] Trial 85 finished with value: 0.3258046106584057 and parameters: {'parameters.max_depth': 6, 'parameters.learning_rate': 0.002666352492785197, 'parameters.subsample': 0.923358017756038, 'parameters.colsample_bytree': 0.7617845655009434, 'parameters.gamma': 0.022471391377753083, 'parameters.reg_lambda': 0.8212395315252898, 'parameters.min_child_weight': 10}. Best is trial 0 with value: 0.3258046106584057.
[I 2026-04-11 20:10:43,705] Trial 86 finished with value: 0.3258046106584057 and parameters: {'parameters.max_depth': 4, 'parameters.learning_rate': 0.019147408127831826, 'parameters.subsample': 0.6096529601606201, 'parameters.colsample_bytree': 0.7273933826863191, 'parameters.gamma': 0.0019464672656161837, 'parameters.reg_lambda': 1.229861254823365, 'parameters.min_child_weight': 2}. Best is trial 0 with value: 0.3258046106584057.
[I 2026-04-11 20:10:46,811] Trial 87 finished with value: 0.3258046106584057 and parameters: {'parameters.max_depth': 28, 'parameters.learning_rate': 0.003055529927296293, 'parameters.subsample': 0.6000367469663099, 'parameters.colsample_bytree': 0.6557318533644075, 'parameters.gamma': 0.012849606192247214, 'parameters.reg_lambda': 1.408805039210105, 'parameters.min_child_weight': 6}. Best is trial 0 with value: 0.3258046106584057.
[I 2026-04-11 20:10:50,033] Trial 88 finished with value: 0.3258046106584057 and parameters: {'parameters.max_depth': 5, 'parameters.learning_rate': 0.02199206216861488, 'parameters.subsample': 0.6974174503657193, 'parameters.colsample_bytree': 0.6140593275358567, 'parameters.gamma': 0.01851056378861083, 'parameters.reg_lambda': 1.581735395213852, 'parameters.min_child_weight': 7}. Best is trial 0 with value: 0.3258046106584057.
[I 2026-04-11 20:10:53,183] Trial 89 finished with value: 0.3258046106584057 and parameters: {'parameters.max_depth': 8, 'parameters.learning_rate': 0.0268564247630088, 'parameters.subsample': 0.8480822837310511, 'parameters.colsample_bytree': 0.804943458236137, 'parameters.gamma': 0.00750244500259281, 'parameters.reg_lambda': 0.5303445013186662, 'parameters.min_child_weight': 10}. Best is trial 0 with value: 0.3258046106584057.
[I 2026-04-11 20:10:56,354] Trial 90 finished with value: 0.3258046106584057 and parameters: {'parameters.max_depth': 26, 'parameters.learning_rate': 0.020489150650609286, 'parameters.subsample': 0.8728062017350711, 'parameters.colsample_bytree': 0.7502584806923651, 'parameters.gamma': 0.052123209381163806, 'parameters.reg_lambda': 1.1366974196350619, 'parameters.min_child_weight': 5}. Best is trial 0 with value: 0.3258046106584057.
[I 2026-04-11 20:10:59,576] Trial 91 finished with value: 0.3258046106584057 and parameters: {'parameters.max_depth': 15, 'parameters.learning_rate': 0.0051001334092639055, 'parameters.subsample': 0.7775591206830045, 'parameters.colsample_bytree': 0.6364698914342428, 'parameters.gamma': 0.0027389073298155937, 'parameters.reg_lambda': 0.6658928514517743, 'parameters.min_child_weight': 10}. Best is trial 0 with value: 0.3258046106584057.
[I 2026-04-11 20:11:02,694] Trial 92 finished with value: 0.3258046106584057 and parameters: {'parameters.max_depth': 13, 'parameters.learning_rate': 0.0054825723588358515, 'parameters.subsample': 0.7537346779085012, 'parameters.colsample_bytree': 0.8580677574351636, 'parameters.gamma': 0.4821852679629704, 'parameters.reg_lambda': 0.6194800350645343, 'parameters.min_child_weight': 10}. Best is trial 0 with value: 0.3258046106584057.
[I 2026-04-11 20:11:05,803] Trial 93 finished with value: 0.3258046106584057 and parameters: {'parameters.max_depth': 24, 'parameters.learning_rate': 0.004530107952889967, 'parameters.subsample': 0.7895626219198468, 'parameters.colsample_bytree': 0.8823222514383041, 'parameters.gamma': 0.690814961789362, 'parameters.reg_lambda': 0.6920566502436637, 'parameters.min_child_weight': 9}. Best is trial 0 with value: 0.3258046106584057.
