[I 2026-04-12 07:37:10,654] Trial 83 finished with value: 0.3787205289294688 and parameters: {'parameters.history_length': 33, 'parameters.units': 137, 'parameters.num_layers': 3, 'parameters.dropout': 0.24333546052636332, 'parameters.batch_size': 187, 'parameters.learning_rate': 0.00029733112060714603, 'parameters.weight_decay': 0.006186954913426708}. Best is trial 0 with value: 0.3787205289294688.Best trial: 0. Best value: 0.378721:  42%|████▏     | 83/200 [11:29<15:59,  8.20s/it]Best trial: 0. Best value: 0.378721:  42%|████▏     | 83/200 [11:29<15:59,  8.20s/it]Best trial: 0. Best value: 0.378721:  42%|████▏     | 84/200 [11:29<15:52,  8.21s/it]                                                                                     Best trial: 0. Best value: 0.378721:  42%|████▏     | 84/200 [11:37<15:52,  8.21s/it]Best trial: 0. Best value: 0.378721:  42%|████▏     | 84/200 [11:37<15:52,  8.21s/it]Best trial: 0. Best value: 0.378721:  42%|████▎     | 85/200 [11:37<15:43,  8.20s/it]                                                                                     Best trial: 0. Best value: 0.378721:  42%|████▎     | 85/200 [11:45<15:43,  8.20s/it]Best trial: 0. Best value: 0.378721:  42%|████▎     | 85/200 [11:45<15:43,  8.20s/it]Best trial: 0. Best value: 0.378721:  43%|████▎     | 86/200 [11:45<15:34,  8.19s/it]                                                                                     Best trial: 0. Best value: 0.378721:  43%|████▎     | 86/200 [11:53<15:34,  8.19s/it]Best trial: 0. Best value: 0.378721:  43%|████▎     | 86/200 [11:53<15:34,  8.19s/it]Best trial: 0. Best value: 0.378721:  44%|████▎     | 87/200 [11:53<15:28,  8.21s/it]                                                                                     Best trial: 0. Best value: 0.378721:  44%|████▎     | 87/200 [12:02<15:28,  8.21s/it]Best trial: 0. Best value: 0.378721:  44%|████▎     | 87/200 [12:02<15:28,  8.21s/it]Best trial: 0. Best value: 0.378721:  44%|████▍     | 88/200 [12:02<15:18,  8.20s/it]                                                                                     Best trial: 0. Best value: 0.378721:  44%|████▍     | 88/200 [12:10<15:18,  8.20s/it]Best trial: 0. Best value: 0.378721:  44%|████▍     | 88/200 [12:10<15:18,  8.20s/it]Best trial: 0. Best value: 0.378721:  44%|████▍     | 89/200 [12:10<15:10,  8.21s/it]                                                                                     Best trial: 0. Best value: 0.378721:  44%|████▍     | 89/200 [12:18<15:10,  8.21s/it]Best trial: 0. Best value: 0.378721:  44%|████▍     | 89/200 [12:18<15:10,  8.21s/it]Best trial: 0. Best value: 0.378721:  45%|████▌     | 90/200 [12:18<15:00,  8.19s/it]                                                                                     Best trial: 0. Best value: 0.378721:  45%|████▌     | 90/200 [12:26<15:00,  8.19s/it]Best trial: 0. Best value: 0.378721:  45%|████▌     | 90/200 [12:26<15:00,  8.19s/it]Best trial: 0. Best value: 0.378721:  46%|████▌     | 91/200 [12:26<14:52,  8.19s/it]                                                                                     Best trial: 0. Best value: 0.378721:  46%|████▌     | 91/200 [12:34<14:52,  8.19s/it]Best trial: 0. Best value: 0.378721:  46%|████▌     | 91/200 [12:34<14:52,  8.19s/it]Best trial: 0. Best value: 0.378721:  46%|████▌     | 92/200 [12:34<14:46,  8.21s/it]                                                                                     Best trial: 0. Best value: 0.378721:  46%|████▌     | 92/200 [12:43<14:46,  8.21s/it]Best trial: 0. Best value: 0.378721:  46%|████▌     | 92/200 [12:43<14:46,  8.21s/it]Best trial: 0. Best value: 0.378721:  46%|████▋     | 93/200 [12:43<14:37,  8.20s/it]                                                                                     Best trial: 0. Best value: 0.378721:  46%|████▋     | 93/200 [12:51<14:37,  8.20s/it]Best trial: 0. Best value: 0.378721:  46%|████▋     | 93/200 [12:51<14:37,  8.20s/it]Best trial: 0. Best value: 0.378721:  47%|████▋     | 94/200 [12:51<14:29,  8.20s/it]                                                                                     Best trial: 0. Best value: 0.378721:  47%|████▋     | 94/200 [12:59<14:29,  8.20s/it]Best trial: 0. Best value: 0.378721:  47%|████▋     | 94/200 [12:59<14:29,  8.20s/it]Best trial: 0. Best value: 0.378721:  48%|████▊     | 95/200 [12:59<14:18,  8.18s/it]                                                                                     Best trial: 0. Best value: 0.378721:  48%|████▊     | 95/200 [13:07<14:18,  8.18s/it]Best trial: 0. Best value: 0.378721:  48%|████▊     | 95/200 [13:07<14:18,  8.18s/it]Best trial: 0. Best value: 0.378721:  48%|████▊     | 96/200 [13:07<14:09,  8.16s/it]                                                                                     Best trial: 0. Best value: 0.378721:  48%|████▊     | 96/200 [13:15<14:09,  8.16s/it]Best trial: 0. Best value: 0.378721:  48%|████▊     | 96/200 [13:15<14:09,  8.16s/it]Best trial: 0. Best value: 0.378721:  48%|████▊     | 97/200 [13:15<14:02,  8.18s/it]                                                                                     Best trial: 0. Best value: 0.378721:  48%|████▊     | 97/200 [13:23<14:02,  8.18s/it]Best trial: 0. Best value: 0.378721:  48%|████▊     | 97/200 [13:23<14:02,  8.18s/it]Best trial: 0. Best value: 0.378721:  49%|████▉     | 98/200 [13:23<13:54,  8.18s/it]                                                                                     Best trial: 0. Best value: 0.378721:  49%|████▉     | 98/200 [13:32<13:54,  8.18s/it]Best trial: 0. Best value: 0.378721:  49%|████▉     | 98/200 [13:32<13:54,  8.18s/it]Best trial: 0. Best value: 0.378721:  50%|████▉     | 99/200 [13:32<13:48,  8.20s/it]                                                                                     Best trial: 0. Best value: 0.378721:  50%|████▉     | 99/200 [13:40<13:48,  8.20s/it]Best trial: 0. Best value: 0.378721:  50%|████▉     | 99/200 [13:40<13:48,  8.20s/it]Best trial: 0. Best value: 0.378721:  50%|█████     | 100/200 [13:40<13:41,  8.21s/it]                                                                                      Best trial: 0. Best value: 0.378721:  50%|█████     | 100/200 [13:48<13:41,  8.21s/it]Best trial: 0. Best value: 0.378721:  50%|█████     | 100/200 [13:48<13:41,  8.21s/it]Best trial: 0. Best value: 0.378721:  50%|█████     | 101/200 [13:48<13:32,  8.20s/it]                                                                                      Best trial: 0. Best value: 0.378721:  50%|█████     | 101/200 [13:56<13:32,  8.20s/it]Best trial: 0. Best value: 0.378721:  50%|█████     | 101/200 [13:56<13:32,  8.20s/it]Best trial: 0. Best value: 0.378721:  51%|█████     | 102/200 [13:56<13:23,  8.20s/it]                                                                                      Best trial: 0. Best value: 0.378721:  51%|█████     | 102/200 [14:05<13:23,  8.20s/it]Best trial: 0. Best value: 0.378721:  51%|█████     | 102/200 [14:05<13:23,  8.20s/it]Best trial: 0. Best value: 0.378721:  52%|█████▏    | 103/200 [14:05<13:16,  8.22s/it]                                                                                      Best trial: 0. Best value: 0.378721:  52%|█████▏    | 103/200 [14:13<13:16,  8.22s/it]Best trial: 0. Best value: 0.378721:  52%|█████▏    | 103/200 [14:13<13:16,  8.22s/it]Best trial: 0. Best value: 0.378721:  52%|█████▏    | 104/200 [14:13<13:08,  8.22s/it]                                                                                      
[I 2026-04-12 07:37:18,831] Trial 84 finished with value: 0.3787205289294688 and parameters: {'parameters.history_length': 40, 'parameters.units': 232, 'parameters.num_layers': 2, 'parameters.dropout': 0.23069528227379424, 'parameters.batch_size': 363, 'parameters.learning_rate': 0.000397804694278199, 'parameters.weight_decay': 0.0027089432895541243}. Best is trial 0 with value: 0.3787205289294688.
[I 2026-04-12 07:37:27,006] Trial 85 finished with value: 0.3787205289294688 and parameters: {'parameters.history_length': 138, 'parameters.units': 102, 'parameters.num_layers': 8, 'parameters.dropout': 0.3402048724360588, 'parameters.batch_size': 72, 'parameters.learning_rate': 0.00032849581261011536, 'parameters.weight_decay': 0.00762111995351278}. Best is trial 0 with value: 0.3787205289294688.
[I 2026-04-12 07:37:35,263] Trial 86 finished with value: 0.3787205289294688 and parameters: {'parameters.history_length': 46, 'parameters.units': 171, 'parameters.num_layers': 6, 'parameters.dropout': 0.3130744648212471, 'parameters.batch_size': 184, 'parameters.learning_rate': 0.000491944501929346, 'parameters.weight_decay': 0.0018442491032478422}. Best is trial 0 with value: 0.3787205289294688.
[I 2026-04-12 07:37:43,443] Trial 87 finished with value: 0.3787205289294688 and parameters: {'parameters.history_length': 76, 'parameters.units': 153, 'parameters.num_layers': 3, 'parameters.dropout': 0.2521639592348706, 'parameters.batch_size': 230, 'parameters.learning_rate': 0.0005635220156840417, 'parameters.weight_decay': 0.0034486017893348864}. Best is trial 0 with value: 0.3787205289294688.
[I 2026-04-12 07:37:51,654] Trial 88 finished with value: 0.3787205289294688 and parameters: {'parameters.history_length': 43, 'parameters.units': 125, 'parameters.num_layers': 9, 'parameters.dropout': 0.2136026220123473, 'parameters.batch_size': 124, 'parameters.learning_rate': 0.0006326941580855408, 'parameters.weight_decay': 0.0014886941841331328}. Best is trial 0 with value: 0.3787205289294688.
[I 2026-04-12 07:37:59,805] Trial 89 finished with value: 0.3787205289294688 and parameters: {'parameters.history_length': 127, 'parameters.units': 194, 'parameters.num_layers': 2, 'parameters.dropout': 0.3725690927678846, 'parameters.batch_size': 275, 'parameters.learning_rate': 0.00021213780052746638, 'parameters.weight_decay': 0.0012752693166524166}. Best is trial 0 with value: 0.3787205289294688.
[I 2026-04-12 07:38:07,996] Trial 90 finished with value: 0.3787205289294688 and parameters: {'parameters.history_length': 50, 'parameters.units': 73, 'parameters.num_layers': 7, 'parameters.dropout': 0.3312511290338297, 'parameters.batch_size': 142, 'parameters.learning_rate': 0.0004546789678540244, 'parameters.weight_decay': 0.009627355286676721}. Best is trial 0 with value: 0.3787205289294688.
[I 2026-04-12 07:38:16,242] Trial 91 finished with value: 0.3787205289294688 and parameters: {'parameters.history_length': 81, 'parameters.units': 156, 'parameters.num_layers': 6, 'parameters.dropout': 0.23465416901176814, 'parameters.batch_size': 322, 'parameters.learning_rate': 0.0002663571405807096, 'parameters.weight_decay': 0.006837869152401956}. Best is trial 0 with value: 0.3787205289294688.
[I 2026-04-12 07:38:24,439] Trial 92 finished with value: 0.3787205289294688 and parameters: {'parameters.history_length': 66, 'parameters.units': 183, 'parameters.num_layers': 5, 'parameters.dropout': 0.4101030542786258, 'parameters.batch_size': 64, 'parameters.learning_rate': 0.0002477920140258136, 'parameters.weight_decay': 0.009996283737683735}. Best is trial 0 with value: 0.3787205289294688.
[I 2026-04-12 07:38:32,628] Trial 93 finished with value: 0.3787205289294688 and parameters: {'parameters.history_length': 61, 'parameters.units': 160, 'parameters.num_layers': 8, 'parameters.dropout': 0.4264731919637342, 'parameters.batch_size': 334, 'parameters.learning_rate': 0.0002768226600974654, 'parameters.weight_decay': 0.0010255118809298328}. Best is trial 0 with value: 0.3787205289294688.
[I 2026-04-12 07:38:40,763] Trial 94 finished with value: 0.3787205289294688 and parameters: {'parameters.history_length': 57, 'parameters.units': 139, 'parameters.num_layers': 5, 'parameters.dropout': 0.28339979197600434, 'parameters.batch_size': 172, 'parameters.learning_rate': 0.00037521332022904185, 'parameters.weight_decay': 0.008204611127091468}. Best is trial 0 with value: 0.3787205289294688.
[I 2026-04-12 07:38:48,892] Trial 95 finished with value: 0.3787205289294688 and parameters: {'parameters.history_length': 37, 'parameters.units': 146, 'parameters.num_layers': 6, 'parameters.dropout': 0.3185972084400319, 'parameters.batch_size': 260, 'parameters.learning_rate': 0.00023584664125666973, 'parameters.weight_decay': 0.005698737850383502}. Best is trial 0 with value: 0.3787205289294688.
[I 2026-04-12 07:38:57,092] Trial 96 finished with value: 0.3787205289294688 and parameters: {'parameters.history_length': 55, 'parameters.units': 371, 'parameters.num_layers': 7, 'parameters.dropout': 0.2438613319009761, 'parameters.batch_size': 297, 'parameters.learning_rate': 0.000311618760943095, 'parameters.weight_decay': 0.004614563533376169}. Best is trial 0 with value: 0.3787205289294688.
[I 2026-04-12 07:39:05,275] Trial 97 finished with value: 0.3787205289294688 and parameters: {'parameters.history_length': 78, 'parameters.units': 132, 'parameters.num_layers': 4, 'parameters.dropout': 0.20017050980276796, 'parameters.batch_size': 214, 'parameters.learning_rate': 0.00020166865614317254, 'parameters.weight_decay': 0.0002930569268384636}. Best is trial 0 with value: 0.3787205289294688.
[I 2026-04-12 07:39:13,539] Trial 98 finished with value: 0.3787205289294688 and parameters: {'parameters.history_length': 72, 'parameters.units': 346, 'parameters.num_layers': 7, 'parameters.dropout': 0.26340531881115753, 'parameters.batch_size': 188, 'parameters.learning_rate': 0.001348463738850334, 'parameters.weight_decay': 0.006191567210052274}. Best is trial 0 with value: 0.3787205289294688.
[I 2026-04-12 07:39:21,766] Trial 99 finished with value: 0.3787205289294688 and parameters: {'parameters.history_length': 130, 'parameters.units': 172, 'parameters.num_layers': 3, 'parameters.dropout': 0.38312049936697434, 'parameters.batch_size': 306, 'parameters.learning_rate': 0.000288735995515061, 'parameters.weight_decay': 0.007729888609960744}. Best is trial 0 with value: 0.3787205289294688.
[I 2026-04-12 07:39:29,951] Trial 100 finished with value: 0.3787205289294688 and parameters: {'parameters.history_length': 121, 'parameters.units': 113, 'parameters.num_layers': 6, 'parameters.dropout': 0.22368957830575853, 'parameters.batch_size': 290, 'parameters.learning_rate': 0.0005241026118835906, 'parameters.weight_decay': 0.0002144385705081844}. Best is trial 0 with value: 0.3787205289294688.
[I 2026-04-12 07:39:38,154] Trial 101 finished with value: 0.3787205289294688 and parameters: {'parameters.history_length': 88, 'parameters.units': 280, 'parameters.num_layers': 10, 'parameters.dropout': 0.3001167935176712, 'parameters.batch_size': 74, 'parameters.learning_rate': 0.0015091686782110723, 'parameters.weight_decay': 0.00014535822827707834}. Best is trial 0 with value: 0.3787205289294688.
[I 2026-04-12 07:39:46,401] Trial 102 finished with value: 0.3787205289294688 and parameters: {'parameters.history_length': 98, 'parameters.units': 251, 'parameters.num_layers': 10, 'parameters.dropout': 0.47642688448697856, 'parameters.batch_size': 96, 'parameters.learning_rate': 0.0018638861615770102, 'parameters.weight_decay': 0.00012522538105256295}. Best is trial 0 with value: 0.3787205289294688.
[I 2026-04-12 07:39:54,615] Trial 103 finished with value: 0.3787205289294688 and parameters: {'parameters.history_length': 47, 'parameters.units': 292, 'parameters.num_layers': 9, 'parameters.dropout': 0.4752155596958022, 'parameters.batch_size': 108, 'parameters.learning_rate': 0.00025419422874300643, 'parameters.weight_decay': 0.0005518931896858211}. Best is trial 0 with value: 0.3787205289294688.
